-----------------------------------------------------

Central server round 1 started
Model sent from central server with 0msec communication time, with loss :2.30, accuracy : 12.24%
Accuracy per label : ['0:0.00%', '1:57.18%', '2:0.00%', '3:0.00%', '4:0.00%', '5:0.00%', '6:59.19%', '7:0.78%', '8:0.00%', '9:0.00%']
The model is from round 0 from central server, staleness is 0

Cluster round 1 completed, aggregated models from all the clients, time past : 21200msec, loss : 2.33, accuracy 27.38%
Accuracy per label : ['0:58.98%', '1:0.70%', '2:57.66%', '3:2.77%', '4:0.92%', '5:0.56%', '6:48.85%', '7:99.61%', '8:2.36%', '9:0.00%']

Before aggregation, loss : 2.30, accuracy : 12.24%
Before aggregation, accuracy per label : ['0:0.00%', '1:57.18%', '2:0.00%', '3:0.00%', '4:0.00%', '5:0.00%', '6:59.19%', '7:0.78%', '8:0.00%', '9:0.00%']
Aggregation to central server completed at central server round 1, loss : 2.01, accuracy : 54.12%
Accuracy per label after aggregation : ['0:93.06%', '1:69.78%', '2:72.67%', '3:13.27%', '4:0.00%', '5:60.87%', '6:84.76%', '7:56.61%', '8:64.68%', '9:25.47%']

-----------------------------------------------------

Central server round 2 started
Model sent from central server with 0msec communication time, with loss :2.01, accuracy : 54.12%
Accuracy per label : ['0:93.06%', '1:69.78%', '2:72.67%', '3:13.27%', '4:0.00%', '5:60.87%', '6:84.76%', '7:56.61%', '8:64.68%', '9:25.47%']
The model is from round 1 from central server, staleness is 0

Cluster round 1 completed, aggregated models from all the clients, time past : 21200msec, loss : 1.15, accuracy 66.59%
Accuracy per label : ['0:85.82%', '1:78.15%', '2:68.02%', '3:84.55%', '4:80.04%', '5:39.80%', '6:85.39%', '7:99.71%', '8:37.89%', '9:2.18%']

Before aggregation, loss : 2.01, accuracy : 54.12%
Before aggregation, accuracy per label : ['0:93.06%', '1:69.78%', '2:72.67%', '3:13.27%', '4:0.00%', '5:60.87%', '6:84.76%', '7:56.61%', '8:64.68%', '9:25.47%']
Aggregation to central server completed at central server round 2, loss : 0.65, accuracy : 83.09%
Accuracy per label after aggregation : ['0:96.33%', '1:94.27%', '2:84.30%', '3:83.17%', '4:82.69%', '5:64.24%', '6:88.62%', '7:87.16%', '8:73.92%', '9:72.84%']

-----------------------------------------------------

Central server round 3 started
Model sent from central server with 0msec communication time, with loss :0.65, accuracy : 83.09%
Accuracy per label : ['0:96.33%', '1:94.27%', '2:84.30%', '3:83.17%', '4:82.69%', '5:64.24%', '6:88.62%', '7:87.16%', '8:73.92%', '9:72.84%']
The model is from round 2 from central server, staleness is 0

Cluster round 1 completed, aggregated models from all the clients, time past : 21200msec, loss : 0.92, accuracy 71.78%
Accuracy per label : ['0:90.41%', '1:87.49%', '2:67.73%', '3:88.22%', '4:81.36%', '5:50.11%', '6:89.35%', '7:99.81%', '8:47.64%', '9:11.60%']

Before aggregation, loss : 0.65, accuracy : 83.09%
Before aggregation, accuracy per label : ['0:96.33%', '1:94.27%', '2:84.30%', '3:83.17%', '4:82.69%', '5:64.24%', '6:88.62%', '7:87.16%', '8:73.92%', '9:72.84%']
Aggregation to central server completed at central server round 3, loss : 0.40, accuracy : 87.68%
Accuracy per label after aggregation : ['0:97.04%', '1:94.89%', '2:88.37%', '3:87.72%', '4:85.03%', '5:78.14%', '6:91.13%', '7:85.99%', '8:82.96%', '9:83.75%']

-----------------------------------------------------

Central server round 4 started
Model sent from central server with 0msec communication time, with loss :0.40, accuracy : 87.68%
Accuracy per label : ['0:97.04%', '1:94.89%', '2:88.37%', '3:87.72%', '4:85.03%', '5:78.14%', '6:91.13%', '7:85.99%', '8:82.96%', '9:83.75%']
The model is from round 3 from central server, staleness is 0

Cluster round 1 completed, aggregated models from all the clients, time past : 21200msec, loss : 0.77, accuracy 76.00%
Accuracy per label : ['0:91.94%', '1:88.90%', '2:67.44%', '3:89.70%', '4:81.16%', '5:61.32%', '6:90.08%', '7:99.71%', '8:59.86%', '9:27.06%']

Before aggregation, loss : 0.40, accuracy : 87.68%
Before aggregation, accuracy per label : ['0:97.04%', '1:94.89%', '2:88.37%', '3:87.72%', '4:85.03%', '5:78.14%', '6:91.13%', '7:85.99%', '8:82.96%', '9:83.75%']
Aggregation to central server completed at central server round 4, loss : 0.34, accuracy : 89.40%
Accuracy per label after aggregation : ['0:97.86%', '1:95.59%', '2:89.53%', '3:89.31%', '4:85.34%', '5:81.84%', '6:92.28%', '7:87.45%', '8:87.27%', '9:86.12%']

-----------------------------------------------------

Central server round 5 started
Model sent from central server with 0msec communication time, with loss :0.34, accuracy : 89.40%
Accuracy per label : ['0:97.86%', '1:95.59%', '2:89.53%', '3:89.31%', '4:85.34%', '5:81.84%', '6:92.28%', '7:87.45%', '8:87.27%', '9:86.12%']
The model is from round 4 from central server, staleness is 0

Cluster round 1 completed, aggregated models from all the clients, time past : 21200msec, loss : 0.69, accuracy 78.48%
Accuracy per label : ['0:93.27%', '1:87.75%', '2:66.96%', '3:89.41%', '4:81.87%', '5:69.39%', '6:90.81%', '7:99.81%', '8:68.38%', '9:35.58%']

Before aggregation, loss : 0.34, accuracy : 89.40%
Before aggregation, accuracy per label : ['0:97.86%', '1:95.59%', '2:89.53%', '3:89.31%', '4:85.34%', '5:81.84%', '6:92.28%', '7:87.45%', '8:87.27%', '9:86.12%']
Aggregation to central server completed at central server round 5, loss : 0.31, accuracy : 90.54%
Accuracy per label after aggregation : ['0:97.86%', '1:95.86%', '2:90.50%', '3:90.50%', '4:86.05%', '5:84.53%', '6:93.53%', '7:88.33%', '8:88.91%', '9:88.21%']

-----------------------------------------------------

Central server round 6 started
Model sent from central server with 0msec communication time, with loss :0.31, accuracy : 90.54%
Accuracy per label : ['0:97.86%', '1:95.86%', '2:90.50%', '3:90.50%', '4:86.05%', '5:84.53%', '6:93.53%', '7:88.33%', '8:88.91%', '9:88.21%']
The model is from round 5 from central server, staleness is 0

Cluster round 1 completed, aggregated models from all the clients, time past : 21200msec, loss : 0.63, accuracy 80.51%
Accuracy per label : ['0:93.88%', '1:88.55%', '2:68.80%', '3:89.41%', '4:83.40%', '5:73.65%', '6:92.48%', '7:99.71%', '8:71.77%', '9:42.32%']

Before aggregation, loss : 0.31, accuracy : 90.54%
Before aggregation, accuracy per label : ['0:97.86%', '1:95.86%', '2:90.50%', '3:90.50%', '4:86.05%', '5:84.53%', '6:93.53%', '7:88.33%', '8:88.91%', '9:88.21%']
Aggregation to central server completed at central server round 6, loss : 0.28, accuracy : 91.40%
Accuracy per label after aggregation : ['0:97.96%', '1:96.39%', '2:90.99%', '3:91.09%', '4:87.58%', '5:86.43%', '6:94.26%', '7:88.33%', '8:90.86%', '9:89.20%']

-----------------------------------------------------

Central server round 7 started
Model sent from central server with 0msec communication time, with loss :0.28, accuracy : 91.40%
Accuracy per label : ['0:97.96%', '1:96.39%', '2:90.99%', '3:91.09%', '4:87.58%', '5:86.43%', '6:94.26%', '7:88.33%', '8:90.86%', '9:89.20%']
The model is from round 6 from central server, staleness is 0

Cluster round 1 completed, aggregated models from all the clients, time past : 21200msec, loss : 0.60, accuracy 81.73%
Accuracy per label : ['0:94.08%', '1:89.16%', '2:69.86%', '3:88.81%', '4:84.01%', '5:76.01%', '6:92.90%', '7:99.81%', '8:75.67%', '9:46.09%']

Before aggregation, loss : 0.28, accuracy : 91.40%
Before aggregation, accuracy per label : ['0:97.96%', '1:96.39%', '2:90.99%', '3:91.09%', '4:87.58%', '5:86.43%', '6:94.26%', '7:88.33%', '8:90.86%', '9:89.20%']
Aggregation to central server completed at central server round 7, loss : 0.26, accuracy : 92.01%
Accuracy per label after aggregation : ['0:98.16%', '1:96.83%', '2:91.38%', '3:91.58%', '4:88.80%', '5:87.00%', '6:94.99%', '7:88.62%', '8:91.89%', '9:89.99%']

-----------------------------------------------------

Central server round 8 started
Model sent from central server with 0msec communication time, with loss :0.26, accuracy : 92.01%
Accuracy per label : ['0:98.16%', '1:96.83%', '2:91.38%', '3:91.58%', '4:88.80%', '5:87.00%', '6:94.99%', '7:88.62%', '8:91.89%', '9:89.99%']
The model is from round 7 from central server, staleness is 0

Cluster round 1 completed, aggregated models from all the clients, time past : 21200msec, loss : 0.58, accuracy 82.97%
Accuracy per label : ['0:95.10%', '1:90.75%', '2:70.54%', '3:88.22%', '4:86.05%', '5:78.59%', '6:93.53%', '7:99.81%', '8:77.72%', '9:48.66%']

Before aggregation, loss : 0.26, accuracy : 92.01%
Before aggregation, accuracy per label : ['0:98.16%', '1:96.83%', '2:91.38%', '3:91.58%', '4:88.80%', '5:87.00%', '6:94.99%', '7:88.62%', '8:91.89%', '9:89.99%']
Aggregation to central server completed at central server round 8, loss : 0.25, accuracy : 92.50%
Accuracy per label after aggregation : ['0:98.37%', '1:97.09%', '2:92.25%', '3:91.98%', '4:89.51%', '5:87.44%', '6:95.30%', '7:89.01%', '8:92.61%', '9:90.58%']

-----------------------------------------------------

Central server round 9 started
Model sent from central server with 0msec communication time, with loss :0.25, accuracy : 92.50%
Accuracy per label : ['0:98.37%', '1:97.09%', '2:92.25%', '3:91.98%', '4:89.51%', '5:87.44%', '6:95.30%', '7:89.01%', '8:92.61%', '9:90.58%']
The model is from round 8 from central server, staleness is 0

Cluster round 1 completed, aggregated models from all the clients, time past : 21200msec, loss : 0.56, accuracy 83.55%
Accuracy per label : ['0:95.82%', '1:91.37%', '2:70.74%', '3:87.92%', '4:86.86%', '5:80.49%', '6:93.63%', '7:99.81%', '8:78.34%', '9:49.95%']

Before aggregation, loss : 0.25, accuracy : 92.50%
Before aggregation, accuracy per label : ['0:98.37%', '1:97.09%', '2:92.25%', '3:91.98%', '4:89.51%', '5:87.44%', '6:95.30%', '7:89.01%', '8:92.61%', '9:90.58%']
Aggregation to central server completed at central server round 9, loss : 0.23, accuracy : 92.88%
Accuracy per label after aggregation : ['0:98.47%', '1:97.18%', '2:92.73%', '3:92.38%', '4:89.92%', '5:88.90%', '6:95.41%', '7:89.40%', '8:92.61%', '9:91.08%']

-----------------------------------------------------

Central server round 10 started
Model sent from central server with 0msec communication time, with loss :0.23, accuracy : 92.88%
Accuracy per label : ['0:98.47%', '1:97.18%', '2:92.73%', '3:92.38%', '4:89.92%', '5:88.90%', '6:95.41%', '7:89.40%', '8:92.61%', '9:91.08%']
The model is from round 9 from central server, staleness is 0

Cluster round 1 completed, aggregated models from all the clients, time past : 21200msec, loss : 0.54, accuracy 84.38%
Accuracy per label : ['0:96.22%', '1:91.72%', '2:72.38%', '3:88.22%', '4:88.19%', '5:82.40%', '6:94.15%', '7:99.71%', '8:78.95%', '9:51.44%']

Before aggregation, loss : 0.23, accuracy : 92.88%
Before aggregation, accuracy per label : ['0:98.47%', '1:97.18%', '2:92.73%', '3:92.38%', '4:89.92%', '5:88.90%', '6:95.41%', '7:89.40%', '8:92.61%', '9:91.08%']
Aggregation to central server completed at central server round 10, loss : 0.22, accuracy : 93.28%
Accuracy per label after aggregation : ['0:98.47%', '1:97.44%', '2:93.02%', '3:92.77%', '4:90.73%', '5:89.35%', '6:95.93%', '7:89.59%', '8:93.33%', '9:91.48%']

-----------------------------------------------------

Central server round 11 started
Model sent from central server with 0msec communication time, with loss :0.22, accuracy : 93.28%
Accuracy per label : ['0:98.47%', '1:97.44%', '2:93.02%', '3:92.77%', '4:90.73%', '5:89.35%', '6:95.93%', '7:89.59%', '8:93.33%', '9:91.48%']
The model is from round 10 from central server, staleness is 0

Cluster round 1 completed, aggregated models from all the clients, time past : 21200msec, loss : 0.53, accuracy 84.72%
Accuracy per label : ['0:96.33%', '1:92.25%', '2:71.90%', '3:88.42%', '4:88.70%', '5:84.75%', '6:94.15%', '7:99.71%', '8:79.16%', '9:51.64%']

Before aggregation, loss : 0.22, accuracy : 93.28%
Before aggregation, accuracy per label : ['0:98.47%', '1:97.44%', '2:93.02%', '3:92.77%', '4:90.73%', '5:89.35%', '6:95.93%', '7:89.59%', '8:93.33%', '9:91.48%']
Aggregation to central server completed at central server round 11, loss : 0.20, accuracy : 93.75%
Accuracy per label after aggregation : ['0:98.47%', '1:97.62%', '2:93.70%', '3:92.97%', '4:91.45%', '5:91.26%', '6:96.14%', '7:89.88%', '8:93.43%', '9:92.07%']

-----------------------------------------------------

Central server round 12 started
Model sent from central server with 0msec communication time, with loss :0.20, accuracy : 93.75%
Accuracy per label : ['0:98.47%', '1:97.62%', '2:93.70%', '3:92.97%', '4:91.45%', '5:91.26%', '6:96.14%', '7:89.88%', '8:93.43%', '9:92.07%']
The model is from round 11 from central server, staleness is 0

Cluster round 1 completed, aggregated models from all the clients, time past : 21200msec, loss : 0.51, accuracy 85.29%
Accuracy per label : ['0:96.63%', '1:93.13%', '2:72.00%', '3:88.51%', '4:88.59%', '5:85.76%', '6:94.47%', '7:99.71%', '8:80.18%', '9:53.72%']

Before aggregation, loss : 0.20, accuracy : 93.75%
Before aggregation, accuracy per label : ['0:98.47%', '1:97.62%', '2:93.70%', '3:92.97%', '4:91.45%', '5:91.26%', '6:96.14%', '7:89.88%', '8:93.43%', '9:92.07%']
Aggregation to central server completed at central server round 12, loss : 0.19, accuracy : 94.05%
Accuracy per label after aggregation : ['0:98.47%', '1:97.71%', '2:93.99%', '3:93.47%', '4:92.57%', '5:91.48%', '6:96.24%', '7:90.18%', '8:93.33%', '9:92.57%']

-----------------------------------------------------

Central server round 13 started
Model sent from central server with 0msec communication time, with loss :0.19, accuracy : 94.05%
Accuracy per label : ['0:98.47%', '1:97.71%', '2:93.99%', '3:93.47%', '4:92.57%', '5:91.48%', '6:96.24%', '7:90.18%', '8:93.33%', '9:92.57%']
The model is from round 12 from central server, staleness is 0

Cluster round 1 completed, aggregated models from all the clients, time past : 21200msec, loss : 0.50, accuracy 85.86%
Accuracy per label : ['0:96.73%', '1:94.36%', '2:72.19%', '3:88.71%', '4:89.00%', '5:87.00%', '6:94.36%', '7:99.71%', '8:80.60%', '9:55.70%']

Before aggregation, loss : 0.19, accuracy : 94.05%
Before aggregation, accuracy per label : ['0:98.47%', '1:97.71%', '2:93.99%', '3:93.47%', '4:92.57%', '5:91.48%', '6:96.24%', '7:90.18%', '8:93.33%', '9:92.57%']
Aggregation to central server completed at central server round 13, loss : 0.18, accuracy : 94.35%
Accuracy per label after aggregation : ['0:98.67%', '1:97.71%', '2:94.38%', '3:93.66%', '4:93.28%', '5:92.26%', '6:96.35%', '7:90.37%', '8:93.84%', '9:92.57%']

-----------------------------------------------------

Central server round 14 started
Model sent from central server with 0msec communication time, with loss :0.18, accuracy : 94.35%
Accuracy per label : ['0:98.67%', '1:97.71%', '2:94.38%', '3:93.66%', '4:93.28%', '5:92.26%', '6:96.35%', '7:90.37%', '8:93.84%', '9:92.57%']
The model is from round 13 from central server, staleness is 0

Cluster round 1 completed, aggregated models from all the clients, time past : 21200msec, loss : 0.49, accuracy 86.25%
Accuracy per label : ['0:96.73%', '1:94.80%', '2:72.67%', '3:88.71%', '4:89.41%', '5:87.44%', '6:94.26%', '7:99.71%', '8:80.80%', '9:57.68%']

Before aggregation, loss : 0.18, accuracy : 94.35%
Before aggregation, accuracy per label : ['0:98.67%', '1:97.71%', '2:94.38%', '3:93.66%', '4:93.28%', '5:92.26%', '6:96.35%', '7:90.37%', '8:93.84%', '9:92.57%']
Aggregation to central server completed at central server round 14, loss : 0.18, accuracy : 94.67%
Accuracy per label after aggregation : ['0:98.88%', '1:97.89%', '2:94.86%', '3:94.16%', '4:93.58%', '5:92.83%', '6:96.56%', '7:90.66%', '8:93.94%', '9:92.96%']

-----------------------------------------------------

Central server round 15 started
Model sent from central server with 0msec communication time, with loss :0.18, accuracy : 94.67%
Accuracy per label : ['0:98.88%', '1:97.89%', '2:94.86%', '3:94.16%', '4:93.58%', '5:92.83%', '6:96.56%', '7:90.66%', '8:93.94%', '9:92.96%']
The model is from round 14 from central server, staleness is 0

Cluster round 1 completed, aggregated models from all the clients, time past : 21200msec, loss : 0.47, accuracy 86.94%
Accuracy per label : ['0:96.84%', '1:95.51%', '2:73.35%', '3:89.01%', '4:89.82%', '5:88.57%', '6:94.47%', '7:99.71%', '8:82.55%', '9:59.37%']

Before aggregation, loss : 0.18, accuracy : 94.67%
Before aggregation, accuracy per label : ['0:98.88%', '1:97.89%', '2:94.86%', '3:94.16%', '4:93.58%', '5:92.83%', '6:96.56%', '7:90.66%', '8:93.94%', '9:92.96%']
Aggregation to central server completed at central server round 15, loss : 0.17, accuracy : 94.94%
Accuracy per label after aggregation : ['0:98.98%', '1:98.06%', '2:95.16%', '3:94.36%', '4:94.40%', '5:93.27%', '6:96.76%', '7:90.66%', '8:94.25%', '9:93.16%']

-----------------------------------------------------

Central server round 16 started
Model sent from central server with 0msec communication time, with loss :0.17, accuracy : 94.94%
Accuracy per label : ['0:98.98%', '1:98.06%', '2:95.16%', '3:94.36%', '4:94.40%', '5:93.27%', '6:96.76%', '7:90.66%', '8:94.25%', '9:93.16%']
The model is from round 15 from central server, staleness is 0

Cluster round 1 completed, aggregated models from all the clients, time past : 21200msec, loss : 0.46, accuracy 87.22%
Accuracy per label : ['0:96.94%', '1:95.51%', '2:73.45%', '3:89.11%', '4:89.92%', '5:89.35%', '6:94.57%', '7:99.71%', '8:82.85%', '9:60.65%']

Before aggregation, loss : 0.17, accuracy : 94.94%
Before aggregation, accuracy per label : ['0:98.98%', '1:98.06%', '2:95.16%', '3:94.36%', '4:94.40%', '5:93.27%', '6:96.76%', '7:90.66%', '8:94.25%', '9:93.16%']
Aggregation to central server completed at central server round 16, loss : 0.16, accuracy : 95.10%
Accuracy per label after aggregation : ['0:98.98%', '1:98.06%', '2:95.45%', '3:94.65%', '4:94.50%', '5:93.61%', '6:96.76%', '7:90.76%', '8:94.56%', '9:93.36%']

-----------------------------------------------------

Central server round 17 started
Model sent from central server with 0msec communication time, with loss :0.16, accuracy : 95.10%
Accuracy per label : ['0:98.98%', '1:98.06%', '2:95.45%', '3:94.65%', '4:94.50%', '5:93.61%', '6:96.76%', '7:90.76%', '8:94.56%', '9:93.36%']
The model is from round 16 from central server, staleness is 0

Cluster round 1 completed, aggregated models from all the clients, time past : 21200msec, loss : 0.45, accuracy 87.55%
Accuracy per label : ['0:97.04%', '1:95.51%', '2:73.35%', '3:89.11%', '4:90.33%', '5:90.25%', '6:94.36%', '7:99.81%', '8:83.57%', '9:62.14%']

Before aggregation, loss : 0.16, accuracy : 95.10%
Before aggregation, accuracy per label : ['0:98.98%', '1:98.06%', '2:95.45%', '3:94.65%', '4:94.50%', '5:93.61%', '6:96.76%', '7:90.76%', '8:94.56%', '9:93.36%']
Aggregation to central server completed at central server round 17, loss : 0.16, accuracy : 95.29%
Accuracy per label after aggregation : ['0:99.08%', '1:98.06%', '2:95.83%', '3:95.25%', '4:94.50%', '5:94.06%', '6:96.87%', '7:90.86%', '8:94.56%', '9:93.56%']

-----------------------------------------------------

Central server round 18 started
Model sent from central server with 0msec communication time, with loss :0.16, accuracy : 95.29%
Accuracy per label : ['0:99.08%', '1:98.06%', '2:95.83%', '3:95.25%', '4:94.50%', '5:94.06%', '6:96.87%', '7:90.86%', '8:94.56%', '9:93.56%']
The model is from round 17 from central server, staleness is 0

Cluster round 1 completed, aggregated models from all the clients, time past : 21200msec, loss : 0.44, accuracy 87.80%
Accuracy per label : ['0:97.24%', '1:95.86%', '2:73.16%', '3:89.31%', '4:90.53%', '5:90.81%', '6:94.36%', '7:99.81%', '8:83.88%', '9:63.03%']

Before aggregation, loss : 0.16, accuracy : 95.29%
Before aggregation, accuracy per label : ['0:99.08%', '1:98.06%', '2:95.83%', '3:95.25%', '4:94.50%', '5:94.06%', '6:96.87%', '7:90.86%', '8:94.56%', '9:93.56%']
Aggregation to central server completed at central server round 18, loss : 0.15, accuracy : 95.47%
Accuracy per label after aggregation : ['0:99.08%', '1:98.24%', '2:96.03%', '3:95.54%', '4:94.60%', '5:94.17%', '6:97.08%', '7:91.05%', '8:94.66%', '9:93.95%']

-----------------------------------------------------

Central server round 19 started
Model sent from central server with 0msec communication time, with loss :0.15, accuracy : 95.47%
Accuracy per label : ['0:99.08%', '1:98.24%', '2:96.03%', '3:95.54%', '4:94.60%', '5:94.17%', '6:97.08%', '7:91.05%', '8:94.66%', '9:93.95%']
The model is from round 18 from central server, staleness is 0

Cluster round 1 completed, aggregated models from all the clients, time past : 21200msec, loss : 0.43, accuracy 88.11%
Accuracy per label : ['0:97.24%', '1:95.95%', '2:73.64%', '3:90.30%', '4:90.63%', '5:91.03%', '6:94.26%', '7:99.81%', '8:84.29%', '9:63.92%']

Before aggregation, loss : 0.15, accuracy : 95.47%
Before aggregation, accuracy per label : ['0:99.08%', '1:98.24%', '2:96.03%', '3:95.54%', '4:94.60%', '5:94.17%', '6:97.08%', '7:91.05%', '8:94.66%', '9:93.95%']
Aggregation to central server completed at central server round 19, loss : 0.15, accuracy : 95.55%
Accuracy per label after aggregation : ['0:99.08%', '1:98.24%', '2:96.22%', '3:95.45%', '4:94.70%', '5:94.51%', '6:97.08%', '7:91.15%', '8:94.66%', '9:94.15%']

-----------------------------------------------------

Central server round 20 started
Model sent from central server with 0msec communication time, with loss :0.15, accuracy : 95.55%
Accuracy per label : ['0:99.08%', '1:98.24%', '2:96.22%', '3:95.45%', '4:94.70%', '5:94.51%', '6:97.08%', '7:91.15%', '8:94.66%', '9:94.15%']
The model is from round 19 from central server, staleness is 0

Cluster round 1 completed, aggregated models from all the clients, time past : 21200msec, loss : 0.43, accuracy 88.36%
Accuracy per label : ['0:97.24%', '1:96.12%', '2:73.84%', '3:90.20%', '4:91.14%', '5:91.59%', '6:94.36%', '7:99.81%', '8:84.70%', '9:64.62%']

Before aggregation, loss : 0.15, accuracy : 95.55%
Before aggregation, accuracy per label : ['0:99.08%', '1:98.24%', '2:96.22%', '3:95.45%', '4:94.70%', '5:94.51%', '6:97.08%', '7:91.15%', '8:94.66%', '9:94.15%']
Aggregation to central server completed at central server round 20, loss : 0.14, accuracy : 95.64%
Accuracy per label after aggregation : ['0:99.08%', '1:98.24%', '2:96.32%', '3:95.54%', '4:94.91%', '5:94.62%', '6:97.08%', '7:91.44%', '8:94.76%', '9:94.15%']

-----------------------------------------------------

Central server round 21 started
Model sent from central server with 0msec communication time, with loss :0.14, accuracy : 95.64%
Accuracy per label : ['0:99.08%', '1:98.24%', '2:96.32%', '3:95.54%', '4:94.91%', '5:94.62%', '6:97.08%', '7:91.44%', '8:94.76%', '9:94.15%']
The model is from round 20 from central server, staleness is 0

Cluster round 1 completed, aggregated models from all the clients, time past : 21200msec, loss : 0.42, accuracy 88.61%
Accuracy per label : ['0:97.35%', '1:96.12%', '2:74.61%', '3:90.50%', '4:91.14%', '5:91.93%', '6:94.68%', '7:99.81%', '8:84.91%', '9:65.11%']

Before aggregation, loss : 0.14, accuracy : 95.64%
Before aggregation, accuracy per label : ['0:99.08%', '1:98.24%', '2:96.32%', '3:95.54%', '4:94.91%', '5:94.62%', '6:97.08%', '7:91.44%', '8:94.76%', '9:94.15%']
Aggregation to central server completed at central server round 21, loss : 0.14, accuracy : 95.78%
Accuracy per label after aggregation : ['0:99.08%', '1:98.41%', '2:96.41%', '3:95.54%', '4:94.91%', '5:94.84%', '6:97.18%', '7:91.63%', '8:95.07%', '9:94.45%']

-----------------------------------------------------

Central server round 22 started
Model sent from central server with 0msec communication time, with loss :0.14, accuracy : 95.78%
Accuracy per label : ['0:99.08%', '1:98.41%', '2:96.41%', '3:95.54%', '4:94.91%', '5:94.84%', '6:97.18%', '7:91.63%', '8:95.07%', '9:94.45%']
The model is from round 21 from central server, staleness is 0

Cluster round 1 completed, aggregated models from all the clients, time past : 21200msec, loss : 0.42, accuracy 88.67%
Accuracy per label : ['0:97.14%', '1:96.04%', '2:74.61%', '3:90.59%', '4:91.55%', '5:92.26%', '6:94.36%', '7:99.81%', '8:84.80%', '9:65.61%']

Before aggregation, loss : 0.14, accuracy : 95.78%
Before aggregation, accuracy per label : ['0:99.08%', '1:98.41%', '2:96.41%', '3:95.54%', '4:94.91%', '5:94.84%', '6:97.18%', '7:91.63%', '8:95.07%', '9:94.45%']
Aggregation to central server completed at central server round 22, loss : 0.14, accuracy : 95.82%
Accuracy per label after aggregation : ['0:99.08%', '1:98.50%', '2:96.61%', '3:95.54%', '4:94.91%', '5:94.84%', '6:97.29%', '7:91.63%', '8:95.17%', '9:94.35%']

-----------------------------------------------------

Central server round 23 started
Model sent from central server with 0msec communication time, with loss :0.14, accuracy : 95.82%
Accuracy per label : ['0:99.08%', '1:98.50%', '2:96.61%', '3:95.54%', '4:94.91%', '5:94.84%', '6:97.29%', '7:91.63%', '8:95.17%', '9:94.35%']
The model is from round 22 from central server, staleness is 0

Cluster round 1 completed, aggregated models from all the clients, time past : 21200msec, loss : 0.42, accuracy 88.85%
Accuracy per label : ['0:97.04%', '1:96.12%', '2:74.52%', '3:91.19%', '4:91.55%', '5:92.38%', '6:94.57%', '7:99.81%', '8:85.42%', '9:66.01%']

Before aggregation, loss : 0.14, accuracy : 95.82%
Before aggregation, accuracy per label : ['0:99.08%', '1:98.50%', '2:96.61%', '3:95.54%', '4:94.91%', '5:94.84%', '6:97.29%', '7:91.63%', '8:95.17%', '9:94.35%']
Aggregation to central server completed at central server round 23, loss : 0.14, accuracy : 95.87%
Accuracy per label after aggregation : ['0:99.08%', '1:98.50%', '2:96.61%', '3:95.45%', '4:95.11%', '5:94.96%', '6:97.29%', '7:91.83%', '8:95.17%', '9:94.45%']

-----------------------------------------------------

Central server round 24 started
Model sent from central server with 0msec communication time, with loss :0.14, accuracy : 95.87%
Accuracy per label : ['0:99.08%', '1:98.50%', '2:96.61%', '3:95.45%', '4:95.11%', '5:94.96%', '6:97.29%', '7:91.83%', '8:95.17%', '9:94.45%']
The model is from round 23 from central server, staleness is 0

Cluster round 1 completed, aggregated models from all the clients, time past : 21200msec, loss : 0.42, accuracy 88.97%
Accuracy per label : ['0:97.04%', '1:96.12%', '2:74.71%', '3:91.49%', '4:91.55%', '5:92.60%', '6:94.47%', '7:99.81%', '8:86.04%', '9:66.01%']

Before aggregation, loss : 0.14, accuracy : 95.87%
Before aggregation, accuracy per label : ['0:99.08%', '1:98.50%', '2:96.61%', '3:95.45%', '4:95.11%', '5:94.96%', '6:97.29%', '7:91.83%', '8:95.17%', '9:94.45%']
Aggregation to central server completed at central server round 24, loss : 0.13, accuracy : 95.95%
Accuracy per label after aggregation : ['0:99.08%', '1:98.50%', '2:96.80%', '3:95.45%', '4:95.32%', '5:94.96%', '6:97.29%', '7:92.12%', '8:95.17%', '9:94.55%']

-----------------------------------------------------

Central server round 25 started
Model sent from central server with 0msec communication time, with loss :0.13, accuracy : 95.95%
Accuracy per label : ['0:99.08%', '1:98.50%', '2:96.80%', '3:95.45%', '4:95.32%', '5:94.96%', '6:97.29%', '7:92.12%', '8:95.17%', '9:94.55%']
The model is from round 24 from central server, staleness is 0

Cluster round 1 completed, aggregated models from all the clients, time past : 21200msec, loss : 0.41, accuracy 89.11%
Accuracy per label : ['0:97.14%', '1:96.39%', '2:74.52%', '3:92.18%', '4:91.75%', '5:92.60%', '6:94.47%', '7:99.81%', '8:86.24%', '9:66.11%']

Before aggregation, loss : 0.13, accuracy : 95.95%
Before aggregation, accuracy per label : ['0:99.08%', '1:98.50%', '2:96.80%', '3:95.45%', '4:95.32%', '5:94.96%', '6:97.29%', '7:92.12%', '8:95.17%', '9:94.55%']
Aggregation to central server completed at central server round 25, loss : 0.13, accuracy : 96.02%
Accuracy per label after aggregation : ['0:98.98%', '1:98.68%', '2:96.80%', '3:95.45%', '4:95.42%', '5:95.07%', '6:97.29%', '7:92.32%', '8:95.28%', '9:94.65%']

-----------------------------------------------------

Central server round 26 started
Model sent from central server with 0msec communication time, with loss :0.13, accuracy : 96.02%
Accuracy per label : ['0:98.98%', '1:98.68%', '2:96.80%', '3:95.45%', '4:95.42%', '5:95.07%', '6:97.29%', '7:92.32%', '8:95.28%', '9:94.65%']
The model is from round 25 from central server, staleness is 0

Cluster round 1 completed, aggregated models from all the clients, time past : 21200msec, loss : 0.41, accuracy 89.14%
Accuracy per label : ['0:96.94%', '1:96.56%', '2:74.32%', '3:92.08%', '4:91.96%', '5:92.71%', '6:94.57%', '7:99.81%', '8:86.45%', '9:66.11%']

Before aggregation, loss : 0.13, accuracy : 96.02%
Before aggregation, accuracy per label : ['0:98.98%', '1:98.68%', '2:96.80%', '3:95.45%', '4:95.42%', '5:95.07%', '6:97.29%', '7:92.32%', '8:95.28%', '9:94.65%']
Aggregation to central server completed at central server round 26, loss : 0.13, accuracy : 96.12%
Accuracy per label after aggregation : ['0:98.98%', '1:98.68%', '2:96.90%', '3:95.64%', '4:95.62%', '5:95.52%', '6:97.08%', '7:92.51%', '8:95.28%', '9:94.75%']

-----------------------------------------------------

Central server round 27 started
Model sent from central server with 0msec communication time, with loss :0.13, accuracy : 96.12%
Accuracy per label : ['0:98.98%', '1:98.68%', '2:96.90%', '3:95.64%', '4:95.62%', '5:95.52%', '6:97.08%', '7:92.51%', '8:95.28%', '9:94.75%']
The model is from round 26 from central server, staleness is 0

Cluster round 1 completed, aggregated models from all the clients, time past : 21200msec, loss : 0.41, accuracy 89.22%
Accuracy per label : ['0:96.94%', '1:96.74%', '2:74.32%', '3:92.18%', '4:92.06%', '5:93.05%', '6:94.57%', '7:99.81%', '8:86.45%', '9:66.20%']

Before aggregation, loss : 0.13, accuracy : 96.12%
Before aggregation, accuracy per label : ['0:98.98%', '1:98.68%', '2:96.90%', '3:95.64%', '4:95.62%', '5:95.52%', '6:97.08%', '7:92.51%', '8:95.28%', '9:94.75%']
Aggregation to central server completed at central server round 27, loss : 0.13, accuracy : 96.15%
Accuracy per label after aggregation : ['0:98.98%', '1:98.68%', '2:96.90%', '3:95.64%', '4:95.62%', '5:95.74%', '6:96.87%', '7:92.70%', '8:95.28%', '9:94.85%']

-----------------------------------------------------

Central server round 28 started
Model sent from central server with 0msec communication time, with loss :0.13, accuracy : 96.15%
Accuracy per label : ['0:98.98%', '1:98.68%', '2:96.90%', '3:95.64%', '4:95.62%', '5:95.74%', '6:96.87%', '7:92.70%', '8:95.28%', '9:94.85%']
The model is from round 27 from central server, staleness is 0

Cluster round 1 completed, aggregated models from all the clients, time past : 21200msec, loss : 0.41, accuracy 89.36%
Accuracy per label : ['0:97.04%', '1:96.83%', '2:74.32%', '3:92.38%', '4:92.16%', '5:93.16%', '6:94.57%', '7:99.81%', '8:87.06%', '9:66.40%']

Before aggregation, loss : 0.13, accuracy : 96.15%
Before aggregation, accuracy per label : ['0:98.98%', '1:98.68%', '2:96.90%', '3:95.64%', '4:95.62%', '5:95.74%', '6:96.87%', '7:92.70%', '8:95.28%', '9:94.85%']
Aggregation to central server completed at central server round 28, loss : 0.13, accuracy : 96.21%
Accuracy per label after aggregation : ['0:98.98%', '1:98.77%', '2:97.09%', '3:95.74%', '4:95.62%', '5:95.63%', '6:96.87%', '7:93.09%', '8:95.28%', '9:94.75%']

-----------------------------------------------------

Central server round 29 started
Model sent from central server with 0msec communication time, with loss :0.13, accuracy : 96.21%
Accuracy per label : ['0:98.98%', '1:98.77%', '2:97.09%', '3:95.74%', '4:95.62%', '5:95.63%', '6:96.87%', '7:93.09%', '8:95.28%', '9:94.75%']
The model is from round 28 from central server, staleness is 0

Cluster round 1 completed, aggregated models from all the clients, time past : 21200msec, loss : 0.40, accuracy 89.53%
Accuracy per label : ['0:97.04%', '1:96.74%', '2:74.42%', '3:92.38%', '4:92.46%', '5:93.27%', '6:94.68%', '7:99.90%', '8:87.68%', '9:66.90%']

Before aggregation, loss : 0.13, accuracy : 96.21%
Before aggregation, accuracy per label : ['0:98.98%', '1:98.77%', '2:97.09%', '3:95.74%', '4:95.62%', '5:95.63%', '6:96.87%', '7:93.09%', '8:95.28%', '9:94.75%']
Aggregation to central server completed at central server round 29, loss : 0.13, accuracy : 96.28%
Accuracy per label after aggregation : ['0:98.98%', '1:98.77%', '2:97.29%', '3:95.74%', '4:95.72%', '5:95.85%', '6:96.87%', '7:93.19%', '8:95.38%', '9:94.75%']

-----------------------------------------------------

Central server round 30 started
Model sent from central server with 0msec communication time, with loss :0.13, accuracy : 96.28%
Accuracy per label : ['0:98.98%', '1:98.77%', '2:97.29%', '3:95.74%', '4:95.72%', '5:95.85%', '6:96.87%', '7:93.19%', '8:95.38%', '9:94.75%']
The model is from round 29 from central server, staleness is 0

Cluster round 1 completed, aggregated models from all the clients, time past : 21200msec, loss : 0.40, accuracy 89.55%
Accuracy per label : ['0:97.04%', '1:96.74%', '2:74.32%', '3:92.38%', '4:92.57%', '5:93.39%', '6:94.68%', '7:99.90%', '8:87.89%', '9:66.80%']

Before aggregation, loss : 0.13, accuracy : 96.28%
Before aggregation, accuracy per label : ['0:98.98%', '1:98.77%', '2:97.29%', '3:95.74%', '4:95.72%', '5:95.85%', '6:96.87%', '7:93.19%', '8:95.38%', '9:94.75%']
Aggregation to central server completed at central server round 30, loss : 0.12, accuracy : 96.31%
Accuracy per label after aggregation : ['0:98.98%', '1:98.85%', '2:97.19%', '3:95.74%', '4:95.93%', '5:95.96%', '6:96.87%', '7:93.19%', '8:95.38%', '9:94.75%']

-----------------------------------------------------

Central server round 31 started
Model sent from central server with 0msec communication time, with loss :0.12, accuracy : 96.31%
Accuracy per label : ['0:98.98%', '1:98.85%', '2:97.19%', '3:95.74%', '4:95.93%', '5:95.96%', '6:96.87%', '7:93.19%', '8:95.38%', '9:94.75%']
The model is from round 30 from central server, staleness is 0

Cluster round 1 completed, aggregated models from all the clients, time past : 21200msec, loss : 0.40, accuracy 89.66%
Accuracy per label : ['0:97.04%', '1:96.65%', '2:74.81%', '3:92.38%', '4:92.57%', '5:93.50%', '6:94.68%', '7:99.90%', '8:88.09%', '9:67.20%']

Before aggregation, loss : 0.12, accuracy : 96.31%
Before aggregation, accuracy per label : ['0:98.98%', '1:98.85%', '2:97.19%', '3:95.74%', '4:95.93%', '5:95.96%', '6:96.87%', '7:93.19%', '8:95.38%', '9:94.75%']
Aggregation to central server completed at central server round 31, loss : 0.12, accuracy : 96.32%
Accuracy per label after aggregation : ['0:98.98%', '1:98.85%', '2:97.19%', '3:95.74%', '4:96.03%', '5:95.74%', '6:96.87%', '7:93.19%', '8:95.48%', '9:94.85%']

-----------------------------------------------------

Central server round 32 started
Model sent from central server with 0msec communication time, with loss :0.12, accuracy : 96.32%
Accuracy per label : ['0:98.98%', '1:98.85%', '2:97.19%', '3:95.74%', '4:96.03%', '5:95.74%', '6:96.87%', '7:93.19%', '8:95.48%', '9:94.85%']
The model is from round 31 from central server, staleness is 0

Cluster round 1 completed, aggregated models from all the clients, time past : 21200msec, loss : 0.40, accuracy 89.78%
Accuracy per label : ['0:97.04%', '1:96.83%', '2:75.00%', '3:92.48%', '4:92.67%', '5:93.50%', '6:94.78%', '7:99.90%', '8:88.50%', '9:67.29%']

Before aggregation, loss : 0.12, accuracy : 96.32%
Before aggregation, accuracy per label : ['0:98.98%', '1:98.85%', '2:97.19%', '3:95.74%', '4:96.03%', '5:95.74%', '6:96.87%', '7:93.19%', '8:95.48%', '9:94.85%']
Aggregation to central server completed at central server round 32, loss : 0.12, accuracy : 96.35%
Accuracy per label after aggregation : ['0:98.98%', '1:98.94%', '2:97.19%', '3:95.84%', '4:96.23%', '5:95.63%', '6:96.97%', '7:93.19%', '8:95.38%', '9:94.85%']

-----------------------------------------------------

Central server round 33 started
Model sent from central server with 0msec communication time, with loss :0.12, accuracy : 96.35%
Accuracy per label : ['0:98.98%', '1:98.94%', '2:97.19%', '3:95.84%', '4:96.23%', '5:95.63%', '6:96.97%', '7:93.19%', '8:95.38%', '9:94.85%']
The model is from round 32 from central server, staleness is 0

Cluster round 1 completed, aggregated models from all the clients, time past : 21200msec, loss : 0.39, accuracy 89.87%
Accuracy per label : ['0:97.14%', '1:96.74%', '2:74.81%', '3:92.57%', '4:93.18%', '5:93.50%', '6:94.89%', '7:99.90%', '8:88.71%', '9:67.49%']

Before aggregation, loss : 0.12, accuracy : 96.35%
Before aggregation, accuracy per label : ['0:98.98%', '1:98.94%', '2:97.19%', '3:95.84%', '4:96.23%', '5:95.63%', '6:96.97%', '7:93.19%', '8:95.38%', '9:94.85%']
Aggregation to central server completed at central server round 33, loss : 0.12, accuracy : 96.37%
Accuracy per label after aggregation : ['0:98.98%', '1:98.94%', '2:97.19%', '3:95.84%', '4:96.23%', '5:95.63%', '6:96.97%', '7:93.29%', '8:95.48%', '9:94.85%']

-----------------------------------------------------

Central server round 34 started
Model sent from central server with 0msec communication time, with loss :0.12, accuracy : 96.37%
Accuracy per label : ['0:98.98%', '1:98.94%', '2:97.19%', '3:95.84%', '4:96.23%', '5:95.63%', '6:96.97%', '7:93.29%', '8:95.48%', '9:94.85%']
The model is from round 33 from central server, staleness is 0

Cluster round 1 completed, aggregated models from all the clients, time past : 21200msec, loss : 0.39, accuracy 90.01%
Accuracy per label : ['0:97.14%', '1:96.83%', '2:75.19%', '3:92.77%', '4:93.48%', '5:93.61%', '6:94.89%', '7:99.90%', '8:88.91%', '9:67.59%']

Before aggregation, loss : 0.12, accuracy : 96.37%
Before aggregation, accuracy per label : ['0:98.98%', '1:98.94%', '2:97.19%', '3:95.84%', '4:96.23%', '5:95.63%', '6:96.97%', '7:93.29%', '8:95.48%', '9:94.85%']
Aggregation to central server completed at central server round 34, loss : 0.12, accuracy : 96.42%
Accuracy per label after aggregation : ['0:98.98%', '1:98.94%', '2:97.29%', '3:95.94%', '4:96.23%', '5:95.63%', '6:96.97%', '7:93.39%', '8:95.69%', '9:94.85%']

-----------------------------------------------------

Central server round 35 started
Model sent from central server with 0msec communication time, with loss :0.12, accuracy : 96.42%
Accuracy per label : ['0:98.98%', '1:98.94%', '2:97.29%', '3:95.94%', '4:96.23%', '5:95.63%', '6:96.97%', '7:93.39%', '8:95.69%', '9:94.85%']
The model is from round 34 from central server, staleness is 0

Cluster round 1 completed, aggregated models from all the clients, time past : 21200msec, loss : 0.39, accuracy 90.12%
Accuracy per label : ['0:97.14%', '1:96.83%', '2:75.39%', '3:92.87%', '4:93.48%', '5:93.72%', '6:94.89%', '7:99.90%', '8:89.01%', '9:68.19%']

Before aggregation, loss : 0.12, accuracy : 96.42%
Before aggregation, accuracy per label : ['0:98.98%', '1:98.94%', '2:97.29%', '3:95.94%', '4:96.23%', '5:95.63%', '6:96.97%', '7:93.39%', '8:95.69%', '9:94.85%']
Aggregation to central server completed at central server round 35, loss : 0.12, accuracy : 96.48%
Accuracy per label after aggregation : ['0:98.98%', '1:98.94%', '2:97.29%', '3:96.04%', '4:96.33%', '5:95.85%', '6:97.08%', '7:93.48%', '8:95.69%', '9:94.85%']

-----------------------------------------------------

Central server round 36 started
Model sent from central server with 0msec communication time, with loss :0.12, accuracy : 96.48%
Accuracy per label : ['0:98.98%', '1:98.94%', '2:97.29%', '3:96.04%', '4:96.33%', '5:95.85%', '6:97.08%', '7:93.48%', '8:95.69%', '9:94.85%']
The model is from round 35 from central server, staleness is 0

Cluster round 1 completed, aggregated models from all the clients, time past : 21200msec, loss : 0.39, accuracy 90.20%
Accuracy per label : ['0:97.14%', '1:96.83%', '2:75.48%', '3:92.97%', '4:93.48%', '5:93.95%', '6:94.89%', '7:99.90%', '8:89.22%', '9:68.38%']

Before aggregation, loss : 0.12, accuracy : 96.48%
Before aggregation, accuracy per label : ['0:98.98%', '1:98.94%', '2:97.29%', '3:96.04%', '4:96.33%', '5:95.85%', '6:97.08%', '7:93.48%', '8:95.69%', '9:94.85%']
Aggregation to central server completed at central server round 36, loss : 0.12, accuracy : 96.48%
Accuracy per label after aggregation : ['0:98.98%', '1:98.94%', '2:97.38%', '3:96.04%', '4:96.33%', '5:95.85%', '6:96.97%', '7:93.48%', '8:95.79%', '9:94.75%']

-----------------------------------------------------

Central server round 37 started
Model sent from central server with 0msec communication time, with loss :0.12, accuracy : 96.48%
Accuracy per label : ['0:98.98%', '1:98.94%', '2:97.38%', '3:96.04%', '4:96.33%', '5:95.85%', '6:96.97%', '7:93.48%', '8:95.79%', '9:94.75%']
The model is from round 36 from central server, staleness is 0

Cluster round 1 completed, aggregated models from all the clients, time past : 21200msec, loss : 0.38, accuracy 90.26%
Accuracy per label : ['0:97.14%', '1:96.83%', '2:75.68%', '3:93.07%', '4:93.79%', '5:93.95%', '6:94.89%', '7:99.90%', '8:89.32%', '9:68.29%']

Before aggregation, loss : 0.12, accuracy : 96.48%
Before aggregation, accuracy per label : ['0:98.98%', '1:98.94%', '2:97.38%', '3:96.04%', '4:96.33%', '5:95.85%', '6:96.97%', '7:93.48%', '8:95.79%', '9:94.75%']
Aggregation to central server completed at central server round 37, loss : 0.12, accuracy : 96.50%
Accuracy per label after aggregation : ['0:98.98%', '1:98.94%', '2:97.29%', '3:96.14%', '4:96.33%', '5:95.74%', '6:97.08%', '7:93.58%', '8:95.89%', '9:94.75%']

-----------------------------------------------------

Central server round 38 started
Model sent from central server with 0msec communication time, with loss :0.12, accuracy : 96.50%
Accuracy per label : ['0:98.98%', '1:98.94%', '2:97.29%', '3:96.14%', '4:96.33%', '5:95.74%', '6:97.08%', '7:93.58%', '8:95.89%', '9:94.75%']
The model is from round 37 from central server, staleness is 0

Cluster round 1 completed, aggregated models from all the clients, time past : 21200msec, loss : 0.38, accuracy 90.37%
Accuracy per label : ['0:97.14%', '1:96.74%', '2:75.87%', '3:93.17%', '4:93.89%', '5:94.06%', '6:94.78%', '7:99.90%', '8:89.63%', '9:68.78%']

Before aggregation, loss : 0.12, accuracy : 96.50%
Before aggregation, accuracy per label : ['0:98.98%', '1:98.94%', '2:97.29%', '3:96.14%', '4:96.33%', '5:95.74%', '6:97.08%', '7:93.58%', '8:95.89%', '9:94.75%']
Aggregation to central server completed at central server round 38, loss : 0.12, accuracy : 96.53%
Accuracy per label after aggregation : ['0:98.98%', '1:98.94%', '2:97.19%', '3:96.14%', '4:96.44%', '5:95.85%', '6:97.18%', '7:93.58%', '8:95.89%', '9:94.85%']

-----------------------------------------------------

Central server round 39 started
Model sent from central server with 0msec communication time, with loss :0.12, accuracy : 96.53%
Accuracy per label : ['0:98.98%', '1:98.94%', '2:97.19%', '3:96.14%', '4:96.44%', '5:95.85%', '6:97.18%', '7:93.58%', '8:95.89%', '9:94.85%']
The model is from round 38 from central server, staleness is 0

Cluster round 1 completed, aggregated models from all the clients, time past : 21200msec, loss : 0.38, accuracy 90.39%
Accuracy per label : ['0:97.14%', '1:96.74%', '2:75.97%', '3:93.17%', '4:93.89%', '5:93.95%', '6:94.78%', '7:99.90%', '8:89.84%', '9:68.78%']

Before aggregation, loss : 0.12, accuracy : 96.53%
Before aggregation, accuracy per label : ['0:98.98%', '1:98.94%', '2:97.19%', '3:96.14%', '4:96.44%', '5:95.85%', '6:97.18%', '7:93.58%', '8:95.89%', '9:94.85%']
Aggregation to central server completed at central server round 39, loss : 0.12, accuracy : 96.61%
Accuracy per label after aggregation : ['0:98.98%', '1:98.94%', '2:97.29%', '3:96.24%', '4:96.64%', '5:95.85%', '6:97.39%', '7:93.68%', '8:96.00%', '9:94.85%']

-----------------------------------------------------

Central server round 40 started
Model sent from central server with 0msec communication time, with loss :0.12, accuracy : 96.61%
Accuracy per label : ['0:98.98%', '1:98.94%', '2:97.29%', '3:96.24%', '4:96.64%', '5:95.85%', '6:97.39%', '7:93.68%', '8:96.00%', '9:94.85%']
The model is from round 39 from central server, staleness is 0

Cluster round 1 completed, aggregated models from all the clients, time past : 21200msec, loss : 0.38, accuracy 90.48%
Accuracy per label : ['0:97.14%', '1:96.74%', '2:76.26%', '3:93.27%', '4:93.79%', '5:94.06%', '6:94.78%', '7:99.90%', '8:90.25%', '9:68.88%']

Before aggregation, loss : 0.12, accuracy : 96.61%
Before aggregation, accuracy per label : ['0:98.98%', '1:98.94%', '2:97.29%', '3:96.24%', '4:96.64%', '5:95.85%', '6:97.39%', '7:93.68%', '8:96.00%', '9:94.85%']
Aggregation to central server completed at central server round 40, loss : 0.12, accuracy : 96.65%
Accuracy per label after aggregation : ['0:99.18%', '1:98.94%', '2:97.38%', '3:96.24%', '4:96.74%', '5:95.85%', '6:97.39%', '7:93.68%', '8:96.00%', '9:94.85%']

-----------------------------------------------------

Central server round 41 started
Model sent from central server with 0msec communication time, with loss :0.12, accuracy : 96.65%
Accuracy per label : ['0:99.18%', '1:98.94%', '2:97.38%', '3:96.24%', '4:96.74%', '5:95.85%', '6:97.39%', '7:93.68%', '8:96.00%', '9:94.85%']
The model is from round 40 from central server, staleness is 0

Cluster round 1 completed, aggregated models from all the clients, time past : 21200msec, loss : 0.38, accuracy 90.51%
Accuracy per label : ['0:97.14%', '1:96.92%', '2:76.16%', '3:93.17%', '4:93.79%', '5:94.17%', '6:94.78%', '7:99.90%', '8:90.45%', '9:68.88%']

Before aggregation, loss : 0.12, accuracy : 96.65%
Before aggregation, accuracy per label : ['0:99.18%', '1:98.94%', '2:97.38%', '3:96.24%', '4:96.74%', '5:95.85%', '6:97.39%', '7:93.68%', '8:96.00%', '9:94.85%']
Aggregation to central server completed at central server round 41, loss : 0.12, accuracy : 96.64%
Accuracy per label after aggregation : ['0:99.18%', '1:98.85%', '2:97.38%', '3:96.24%', '4:96.74%', '5:95.85%', '6:97.39%', '7:93.68%', '8:96.00%', '9:94.85%']

-----------------------------------------------------

Central server round 42 started
Model sent from central server with 0msec communication time, with loss :0.12, accuracy : 96.64%
Accuracy per label : ['0:99.18%', '1:98.85%', '2:97.38%', '3:96.24%', '4:96.74%', '5:95.85%', '6:97.39%', '7:93.68%', '8:96.00%', '9:94.85%']
The model is from round 41 from central server, staleness is 0

Cluster round 1 completed, aggregated models from all the clients, time past : 21200msec, loss : 0.38, accuracy 90.60%
Accuracy per label : ['0:97.14%', '1:96.83%', '2:76.26%', '3:93.07%', '4:93.99%', '5:94.28%', '6:94.89%', '7:99.90%', '8:90.66%', '9:69.28%']

Before aggregation, loss : 0.12, accuracy : 96.64%
Before aggregation, accuracy per label : ['0:99.18%', '1:98.85%', '2:97.38%', '3:96.24%', '4:96.74%', '5:95.85%', '6:97.39%', '7:93.68%', '8:96.00%', '9:94.85%']
Aggregation to central server completed at central server round 42, loss : 0.12, accuracy : 96.66%
Accuracy per label after aggregation : ['0:99.18%', '1:98.85%', '2:97.48%', '3:96.24%', '4:96.74%', '5:95.85%', '6:97.39%', '7:93.87%', '8:96.00%', '9:94.75%']

-----------------------------------------------------

Central server round 43 started
Model sent from central server with 0msec communication time, with loss :0.12, accuracy : 96.66%
Accuracy per label : ['0:99.18%', '1:98.85%', '2:97.48%', '3:96.24%', '4:96.74%', '5:95.85%', '6:97.39%', '7:93.87%', '8:96.00%', '9:94.75%']
The model is from round 42 from central server, staleness is 0

Cluster round 1 completed, aggregated models from all the clients, time past : 21200msec, loss : 0.38, accuracy 90.61%
Accuracy per label : ['0:97.14%', '1:96.92%', '2:76.26%', '3:93.07%', '4:94.09%', '5:94.28%', '6:94.78%', '7:99.90%', '8:90.76%', '9:69.18%']

Before aggregation, loss : 0.12, accuracy : 96.66%
Before aggregation, accuracy per label : ['0:99.18%', '1:98.85%', '2:97.48%', '3:96.24%', '4:96.74%', '5:95.85%', '6:97.39%', '7:93.87%', '8:96.00%', '9:94.75%']
Aggregation to central server completed at central server round 43, loss : 0.12, accuracy : 96.68%
Accuracy per label after aggregation : ['0:99.18%', '1:98.94%', '2:97.48%', '3:96.24%', '4:96.74%', '5:95.85%', '6:97.39%', '7:93.87%', '8:96.10%', '9:94.75%']

-----------------------------------------------------

Central server round 44 started
Model sent from central server with 0msec communication time, with loss :0.12, accuracy : 96.68%
Accuracy per label : ['0:99.18%', '1:98.94%', '2:97.48%', '3:96.24%', '4:96.74%', '5:95.85%', '6:97.39%', '7:93.87%', '8:96.10%', '9:94.75%']
The model is from round 43 from central server, staleness is 0

Cluster round 1 completed, aggregated models from all the clients, time past : 21200msec, loss : 0.38, accuracy 90.67%
Accuracy per label : ['0:97.24%', '1:96.92%', '2:76.36%', '3:92.97%', '4:93.99%', '5:94.39%', '6:94.68%', '7:99.90%', '8:90.97%', '9:69.57%']

Before aggregation, loss : 0.12, accuracy : 96.68%
Before aggregation, accuracy per label : ['0:99.18%', '1:98.94%', '2:97.48%', '3:96.24%', '4:96.74%', '5:95.85%', '6:97.39%', '7:93.87%', '8:96.10%', '9:94.75%']
Aggregation to central server completed at central server round 44, loss : 0.12, accuracy : 96.69%
Accuracy per label after aggregation : ['0:99.18%', '1:98.94%', '2:97.48%', '3:96.24%', '4:96.74%', '5:95.85%', '6:97.39%', '7:93.97%', '8:96.10%', '9:94.75%']

-----------------------------------------------------

Central server round 45 started
Model sent from central server with 0msec communication time, with loss :0.12, accuracy : 96.69%
Accuracy per label : ['0:99.18%', '1:98.94%', '2:97.48%', '3:96.24%', '4:96.74%', '5:95.85%', '6:97.39%', '7:93.97%', '8:96.10%', '9:94.75%']
The model is from round 44 from central server, staleness is 0

Cluster round 1 completed, aggregated models from all the clients, time past : 21200msec, loss : 0.38, accuracy 90.68%
Accuracy per label : ['0:97.35%', '1:96.92%', '2:76.36%', '3:92.97%', '4:93.99%', '5:94.39%', '6:94.68%', '7:99.90%', '8:91.17%', '9:69.38%']

Before aggregation, loss : 0.12, accuracy : 96.69%
Before aggregation, accuracy per label : ['0:99.18%', '1:98.94%', '2:97.48%', '3:96.24%', '4:96.74%', '5:95.85%', '6:97.39%', '7:93.97%', '8:96.10%', '9:94.75%']
Aggregation to central server completed at central server round 45, loss : 0.12, accuracy : 96.69%
Accuracy per label after aggregation : ['0:99.18%', '1:98.94%', '2:97.58%', '3:96.24%', '4:96.74%', '5:95.85%', '6:97.39%', '7:93.87%', '8:96.10%', '9:94.75%']

-----------------------------------------------------

Central server round 46 started
Model sent from central server with 0msec communication time, with loss :0.12, accuracy : 96.69%
Accuracy per label : ['0:99.18%', '1:98.94%', '2:97.58%', '3:96.24%', '4:96.74%', '5:95.85%', '6:97.39%', '7:93.87%', '8:96.10%', '9:94.75%']
The model is from round 45 from central server, staleness is 0

Cluster round 1 completed, aggregated models from all the clients, time past : 21200msec, loss : 0.38, accuracy 90.74%
Accuracy per label : ['0:97.35%', '1:96.92%', '2:76.36%', '3:92.87%', '4:93.99%', '5:94.73%', '6:94.68%', '7:99.90%', '8:91.27%', '9:69.67%']

Before aggregation, loss : 0.12, accuracy : 96.69%
Before aggregation, accuracy per label : ['0:99.18%', '1:98.94%', '2:97.58%', '3:96.24%', '4:96.74%', '5:95.85%', '6:97.39%', '7:93.87%', '8:96.10%', '9:94.75%']
Aggregation to central server completed at central server round 46, loss : 0.12, accuracy : 96.71%
Accuracy per label after aggregation : ['0:99.18%', '1:98.94%', '2:97.58%', '3:96.34%', '4:96.74%', '5:95.85%', '6:97.39%', '7:93.87%', '8:96.20%', '9:94.75%']

-----------------------------------------------------

Central server round 47 started
Model sent from central server with 0msec communication time, with loss :0.12, accuracy : 96.71%
Accuracy per label : ['0:99.18%', '1:98.94%', '2:97.58%', '3:96.34%', '4:96.74%', '5:95.85%', '6:97.39%', '7:93.87%', '8:96.20%', '9:94.75%']
The model is from round 46 from central server, staleness is 0

Cluster round 1 completed, aggregated models from all the clients, time past : 21200msec, loss : 0.38, accuracy 90.81%
Accuracy per label : ['0:97.35%', '1:96.92%', '2:76.45%', '3:92.97%', '4:94.09%', '5:94.73%', '6:94.68%', '7:99.90%', '8:91.27%', '9:70.07%']

Before aggregation, loss : 0.12, accuracy : 96.71%
Before aggregation, accuracy per label : ['0:99.18%', '1:98.94%', '2:97.58%', '3:96.34%', '4:96.74%', '5:95.85%', '6:97.39%', '7:93.87%', '8:96.20%', '9:94.75%']
Aggregation to central server completed at central server round 47, loss : 0.12, accuracy : 96.71%
Accuracy per label after aggregation : ['0:99.18%', '1:98.94%', '2:97.48%', '3:96.44%', '4:96.84%', '5:95.85%', '6:97.29%', '7:93.87%', '8:96.20%', '9:94.75%']

-----------------------------------------------------

Central server round 48 started
Model sent from central server with 0msec communication time, with loss :0.12, accuracy : 96.71%
Accuracy per label : ['0:99.18%', '1:98.94%', '2:97.48%', '3:96.44%', '4:96.84%', '5:95.85%', '6:97.29%', '7:93.87%', '8:96.20%', '9:94.75%']
The model is from round 47 from central server, staleness is 0

Cluster round 1 completed, aggregated models from all the clients, time past : 21200msec, loss : 0.38, accuracy 90.85%
Accuracy per label : ['0:97.35%', '1:96.92%', '2:76.45%', '3:92.97%', '4:94.09%', '5:94.73%', '6:94.68%', '7:99.90%', '8:91.27%', '9:70.47%']

Before aggregation, loss : 0.12, accuracy : 96.71%
Before aggregation, accuracy per label : ['0:99.18%', '1:98.94%', '2:97.48%', '3:96.44%', '4:96.84%', '5:95.85%', '6:97.29%', '7:93.87%', '8:96.20%', '9:94.75%']
Aggregation to central server completed at central server round 48, loss : 0.12, accuracy : 96.75%
Accuracy per label after aggregation : ['0:99.18%', '1:98.94%', '2:97.48%', '3:96.63%', '4:96.84%', '5:95.96%', '6:97.29%', '7:93.97%', '8:96.20%', '9:94.75%']

-----------------------------------------------------

Central server round 49 started
Model sent from central server with 0msec communication time, with loss :0.12, accuracy : 96.75%
Accuracy per label : ['0:99.18%', '1:98.94%', '2:97.48%', '3:96.63%', '4:96.84%', '5:95.96%', '6:97.29%', '7:93.97%', '8:96.20%', '9:94.75%']
The model is from round 48 from central server, staleness is 0

Cluster round 1 completed, aggregated models from all the clients, time past : 21200msec, loss : 0.38, accuracy 90.91%
Accuracy per label : ['0:97.35%', '1:96.92%', '2:76.65%', '3:93.07%', '4:94.20%', '5:94.73%', '6:94.78%', '7:99.90%', '8:91.27%', '9:70.56%']

Before aggregation, loss : 0.12, accuracy : 96.75%
Before aggregation, accuracy per label : ['0:99.18%', '1:98.94%', '2:97.48%', '3:96.63%', '4:96.84%', '5:95.96%', '6:97.29%', '7:93.97%', '8:96.20%', '9:94.75%']
Aggregation to central server completed at central server round 49, loss : 0.12, accuracy : 96.76%
Accuracy per label after aggregation : ['0:99.18%', '1:98.94%', '2:97.58%', '3:96.63%', '4:96.84%', '5:95.96%', '6:97.29%', '7:93.97%', '8:96.20%', '9:94.75%']

-----------------------------------------------------

Central server round 50 started
Model sent from central server with 0msec communication time, with loss :0.12, accuracy : 96.76%
Accuracy per label : ['0:99.18%', '1:98.94%', '2:97.58%', '3:96.63%', '4:96.84%', '5:95.96%', '6:97.29%', '7:93.97%', '8:96.20%', '9:94.75%']
The model is from round 49 from central server, staleness is 0

Cluster round 1 completed, aggregated models from all the clients, time past : 21200msec, loss : 0.38, accuracy 90.99%
Accuracy per label : ['0:97.35%', '1:96.92%', '2:76.94%', '3:93.17%', '4:94.20%', '5:94.84%', '6:94.68%', '7:99.90%', '8:91.38%', '9:70.86%']

Before aggregation, loss : 0.12, accuracy : 96.76%
Before aggregation, accuracy per label : ['0:99.18%', '1:98.94%', '2:97.58%', '3:96.63%', '4:96.84%', '5:95.96%', '6:97.29%', '7:93.97%', '8:96.20%', '9:94.75%']
Aggregation to central server completed at central server round 50, loss : 0.12, accuracy : 96.78%
Accuracy per label after aggregation : ['0:99.18%', '1:99.03%', '2:97.58%', '3:96.63%', '4:96.84%', '5:95.96%', '6:97.29%', '7:93.97%', '8:96.30%', '9:94.75%']

-----------------------------------------------------

Central server round 51 started
Model sent from central server with 0msec communication time, with loss :0.12, accuracy : 96.78%
Accuracy per label : ['0:99.18%', '1:99.03%', '2:97.58%', '3:96.63%', '4:96.84%', '5:95.96%', '6:97.29%', '7:93.97%', '8:96.30%', '9:94.75%']
The model is from round 50 from central server, staleness is 0

Cluster round 1 completed, aggregated models from all the clients, time past : 21200msec, loss : 0.37, accuracy 91.06%
Accuracy per label : ['0:97.35%', '1:96.92%', '2:77.03%', '3:93.17%', '4:94.30%', '5:94.73%', '6:94.68%', '7:99.90%', '8:91.68%', '9:71.16%']

Before aggregation, loss : 0.12, accuracy : 96.78%
Before aggregation, accuracy per label : ['0:99.18%', '1:99.03%', '2:97.58%', '3:96.63%', '4:96.84%', '5:95.96%', '6:97.29%', '7:93.97%', '8:96.30%', '9:94.75%']
Aggregation to central server completed at central server round 51, loss : 0.12, accuracy : 96.78%
Accuracy per label after aggregation : ['0:99.18%', '1:99.03%', '2:97.58%', '3:96.63%', '4:96.84%', '5:95.96%', '6:97.29%', '7:93.87%', '8:96.41%', '9:94.75%']

-----------------------------------------------------

Central server round 52 started
Model sent from central server with 0msec communication time, with loss :0.12, accuracy : 96.78%
Accuracy per label : ['0:99.18%', '1:99.03%', '2:97.58%', '3:96.63%', '4:96.84%', '5:95.96%', '6:97.29%', '7:93.87%', '8:96.41%', '9:94.75%']
The model is from round 51 from central server, staleness is 0

Cluster round 1 completed, aggregated models from all the clients, time past : 21200msec, loss : 0.37, accuracy 91.12%
Accuracy per label : ['0:97.35%', '1:96.92%', '2:77.42%', '3:92.97%', '4:94.40%', '5:94.73%', '6:94.68%', '7:99.90%', '8:91.79%', '9:71.36%']

Before aggregation, loss : 0.12, accuracy : 96.78%
Before aggregation, accuracy per label : ['0:99.18%', '1:99.03%', '2:97.58%', '3:96.63%', '4:96.84%', '5:95.96%', '6:97.29%', '7:93.87%', '8:96.41%', '9:94.75%']
Aggregation to central server completed at central server round 52, loss : 0.12, accuracy : 96.80%
Accuracy per label after aggregation : ['0:99.18%', '1:99.03%', '2:97.67%', '3:96.73%', '4:96.74%', '5:95.96%', '6:97.29%', '7:94.07%', '8:96.30%', '9:94.75%']

-----------------------------------------------------

Central server round 53 started
Model sent from central server with 0msec communication time, with loss :0.12, accuracy : 96.80%
Accuracy per label : ['0:99.18%', '1:99.03%', '2:97.67%', '3:96.73%', '4:96.74%', '5:95.96%', '6:97.29%', '7:94.07%', '8:96.30%', '9:94.75%']
The model is from round 52 from central server, staleness is 0

Cluster round 1 completed, aggregated models from all the clients, time past : 21200msec, loss : 0.37, accuracy 91.16%
Accuracy per label : ['0:97.35%', '1:97.00%', '2:77.52%', '3:92.97%', '4:94.40%', '5:94.84%', '6:94.68%', '7:99.90%', '8:91.68%', '9:71.56%']

Before aggregation, loss : 0.12, accuracy : 96.80%
Before aggregation, accuracy per label : ['0:99.18%', '1:99.03%', '2:97.67%', '3:96.73%', '4:96.74%', '5:95.96%', '6:97.29%', '7:94.07%', '8:96.30%', '9:94.75%']
Aggregation to central server completed at central server round 53, loss : 0.12, accuracy : 96.79%
Accuracy per label after aggregation : ['0:99.18%', '1:99.03%', '2:97.67%', '3:96.63%', '4:96.74%', '5:95.96%', '6:97.29%', '7:93.97%', '8:96.41%', '9:94.75%']

-----------------------------------------------------

Central server round 54 started
Model sent from central server with 0msec communication time, with loss :0.12, accuracy : 96.79%
Accuracy per label : ['0:99.18%', '1:99.03%', '2:97.67%', '3:96.63%', '4:96.74%', '5:95.96%', '6:97.29%', '7:93.97%', '8:96.41%', '9:94.75%']
The model is from round 53 from central server, staleness is 0

Cluster round 1 completed, aggregated models from all the clients, time past : 21200msec, loss : 0.37, accuracy 91.22%
Accuracy per label : ['0:97.45%', '1:97.00%', '2:77.52%', '3:93.07%', '4:94.40%', '5:94.84%', '6:94.68%', '7:99.90%', '8:91.79%', '9:71.85%']

Before aggregation, loss : 0.12, accuracy : 96.79%
Before aggregation, accuracy per label : ['0:99.18%', '1:99.03%', '2:97.67%', '3:96.63%', '4:96.74%', '5:95.96%', '6:97.29%', '7:93.97%', '8:96.41%', '9:94.75%']
Aggregation to central server completed at central server round 54, loss : 0.12, accuracy : 96.82%
Accuracy per label after aggregation : ['0:99.18%', '1:99.03%', '2:97.67%', '3:96.73%', '4:96.84%', '5:96.08%', '6:97.29%', '7:93.97%', '8:96.41%', '9:94.75%']

-----------------------------------------------------

Central server round 55 started
Model sent from central server with 0msec communication time, with loss :0.12, accuracy : 96.82%
Accuracy per label : ['0:99.18%', '1:99.03%', '2:97.67%', '3:96.73%', '4:96.84%', '5:96.08%', '6:97.29%', '7:93.97%', '8:96.41%', '9:94.75%']
The model is from round 54 from central server, staleness is 0

Cluster round 1 completed, aggregated models from all the clients, time past : 21200msec, loss : 0.37, accuracy 91.29%
Accuracy per label : ['0:97.55%', '1:97.00%', '2:77.62%', '3:93.17%', '4:94.40%', '5:94.84%', '6:94.68%', '7:99.90%', '8:91.79%', '9:72.25%']

Before aggregation, loss : 0.12, accuracy : 96.82%
Before aggregation, accuracy per label : ['0:99.18%', '1:99.03%', '2:97.67%', '3:96.73%', '4:96.84%', '5:96.08%', '6:97.29%', '7:93.97%', '8:96.41%', '9:94.75%']
Aggregation to central server completed at central server round 55, loss : 0.12, accuracy : 96.82%
Accuracy per label after aggregation : ['0:99.18%', '1:99.03%', '2:97.67%', '3:96.73%', '4:96.84%', '5:96.08%', '6:97.29%', '7:93.97%', '8:96.41%', '9:94.75%']

-----------------------------------------------------

Central server round 56 started
Model sent from central server with 0msec communication time, with loss :0.12, accuracy : 96.82%
Accuracy per label : ['0:99.18%', '1:99.03%', '2:97.67%', '3:96.73%', '4:96.84%', '5:96.08%', '6:97.29%', '7:93.97%', '8:96.41%', '9:94.75%']
The model is from round 55 from central server, staleness is 0

Cluster round 1 completed, aggregated models from all the clients, time past : 21200msec, loss : 0.37, accuracy 91.32%
Accuracy per label : ['0:97.55%', '1:97.00%', '2:77.52%', '3:93.17%', '4:94.50%', '5:94.84%', '6:94.68%', '7:99.90%', '8:91.79%', '9:72.55%']

Before aggregation, loss : 0.12, accuracy : 96.82%
Before aggregation, accuracy per label : ['0:99.18%', '1:99.03%', '2:97.67%', '3:96.73%', '4:96.84%', '5:96.08%', '6:97.29%', '7:93.97%', '8:96.41%', '9:94.75%']
Aggregation to central server completed at central server round 56, loss : 0.12, accuracy : 96.81%
Accuracy per label after aggregation : ['0:99.18%', '1:99.03%', '2:97.67%', '3:96.73%', '4:96.84%', '5:96.08%', '6:97.18%', '7:93.97%', '8:96.41%', '9:94.75%']

-----------------------------------------------------

Central server round 57 started
Model sent from central server with 0msec communication time, with loss :0.12, accuracy : 96.81%
Accuracy per label : ['0:99.18%', '1:99.03%', '2:97.67%', '3:96.73%', '4:96.84%', '5:96.08%', '6:97.18%', '7:93.97%', '8:96.41%', '9:94.75%']
The model is from round 56 from central server, staleness is 0

Cluster round 1 completed, aggregated models from all the clients, time past : 21200msec, loss : 0.37, accuracy 91.35%
Accuracy per label : ['0:97.55%', '1:97.00%', '2:77.71%', '3:93.07%', '4:94.50%', '5:94.96%', '6:94.78%', '7:99.90%', '8:91.79%', '9:72.55%']

Before aggregation, loss : 0.12, accuracy : 96.81%
Before aggregation, accuracy per label : ['0:99.18%', '1:99.03%', '2:97.67%', '3:96.73%', '4:96.84%', '5:96.08%', '6:97.18%', '7:93.97%', '8:96.41%', '9:94.75%']
Aggregation to central server completed at central server round 57, loss : 0.12, accuracy : 96.82%
Accuracy per label after aggregation : ['0:99.18%', '1:99.03%', '2:97.67%', '3:96.73%', '4:96.84%', '5:96.08%', '6:97.29%', '7:93.97%', '8:96.41%', '9:94.75%']

-----------------------------------------------------

Central server round 58 started
Model sent from central server with 0msec communication time, with loss :0.12, accuracy : 96.82%
Accuracy per label : ['0:99.18%', '1:99.03%', '2:97.67%', '3:96.73%', '4:96.84%', '5:96.08%', '6:97.29%', '7:93.97%', '8:96.41%', '9:94.75%']
The model is from round 57 from central server, staleness is 0

Cluster round 1 completed, aggregated models from all the clients, time past : 21200msec, loss : 0.37, accuracy 91.36%
Accuracy per label : ['0:97.55%', '1:97.09%', '2:77.71%', '3:93.07%', '4:94.50%', '5:95.07%', '6:94.78%', '7:99.90%', '8:91.79%', '9:72.45%']

Before aggregation, loss : 0.12, accuracy : 96.82%
Before aggregation, accuracy per label : ['0:99.18%', '1:99.03%', '2:97.67%', '3:96.73%', '4:96.84%', '5:96.08%', '6:97.29%', '7:93.97%', '8:96.41%', '9:94.75%']
Aggregation to central server completed at central server round 58, loss : 0.12, accuracy : 96.82%
Accuracy per label after aggregation : ['0:99.18%', '1:99.03%', '2:97.67%', '3:96.73%', '4:96.84%', '5:96.08%', '6:97.29%', '7:93.97%', '8:96.41%', '9:94.75%']

-----------------------------------------------------

Central server round 59 started
Model sent from central server with 0msec communication time, with loss :0.12, accuracy : 96.82%
Accuracy per label : ['0:99.18%', '1:99.03%', '2:97.67%', '3:96.73%', '4:96.84%', '5:96.08%', '6:97.29%', '7:93.97%', '8:96.41%', '9:94.75%']
The model is from round 58 from central server, staleness is 0

Cluster round 1 completed, aggregated models from all the clients, time past : 21200msec, loss : 0.37, accuracy 91.40%
Accuracy per label : ['0:97.55%', '1:97.09%', '2:77.91%', '3:93.07%', '4:94.50%', '5:95.07%', '6:94.78%', '7:99.90%', '8:91.99%', '9:72.45%']

Before aggregation, loss : 0.12, accuracy : 96.82%
Before aggregation, accuracy per label : ['0:99.18%', '1:99.03%', '2:97.67%', '3:96.73%', '4:96.84%', '5:96.08%', '6:97.29%', '7:93.97%', '8:96.41%', '9:94.75%']
Aggregation to central server completed at central server round 59, loss : 0.12, accuracy : 96.83%
Accuracy per label after aggregation : ['0:99.18%', '1:99.03%', '2:97.67%', '3:96.73%', '4:96.95%', '5:96.08%', '6:97.29%', '7:93.97%', '8:96.41%', '9:94.75%']

-----------------------------------------------------

Central server round 60 started
Model sent from central server with 0msec communication time, with loss :0.12, accuracy : 96.83%
Accuracy per label : ['0:99.18%', '1:99.03%', '2:97.67%', '3:96.73%', '4:96.95%', '5:96.08%', '6:97.29%', '7:93.97%', '8:96.41%', '9:94.75%']
The model is from round 59 from central server, staleness is 0

Cluster round 1 completed, aggregated models from all the clients, time past : 21200msec, loss : 0.37, accuracy 91.40%
Accuracy per label : ['0:97.55%', '1:97.09%', '2:77.81%', '3:93.07%', '4:94.60%', '5:95.07%', '6:94.78%', '7:99.90%', '8:91.99%', '9:72.45%']

Before aggregation, loss : 0.12, accuracy : 96.83%
Before aggregation, accuracy per label : ['0:99.18%', '1:99.03%', '2:97.67%', '3:96.73%', '4:96.95%', '5:96.08%', '6:97.29%', '7:93.97%', '8:96.41%', '9:94.75%']
Aggregation to central server completed at central server round 60, loss : 0.12, accuracy : 96.83%
Accuracy per label after aggregation : ['0:99.18%', '1:99.03%', '2:97.67%', '3:96.73%', '4:96.95%', '5:96.08%', '6:97.29%', '7:93.97%', '8:96.41%', '9:94.75%']

-----------------------------------------------------

Central server round 61 started
Model sent from central server with 0msec communication time, with loss :0.12, accuracy : 96.83%
Accuracy per label : ['0:99.18%', '1:99.03%', '2:97.67%', '3:96.73%', '4:96.95%', '5:96.08%', '6:97.29%', '7:93.97%', '8:96.41%', '9:94.75%']
The model is from round 60 from central server, staleness is 0

Cluster round 1 completed, aggregated models from all the clients, time past : 21200msec, loss : 0.37, accuracy 91.50%
Accuracy per label : ['0:97.55%', '1:97.09%', '2:78.00%', '3:93.07%', '4:94.70%', '5:95.18%', '6:94.78%', '7:99.90%', '8:92.09%', '9:72.94%']

Before aggregation, loss : 0.12, accuracy : 96.83%
Before aggregation, accuracy per label : ['0:99.18%', '1:99.03%', '2:97.67%', '3:96.73%', '4:96.95%', '5:96.08%', '6:97.29%', '7:93.97%', '8:96.41%', '9:94.75%']
Aggregation to central server completed at central server round 61, loss : 0.12, accuracy : 96.84%
Accuracy per label after aggregation : ['0:99.18%', '1:99.03%', '2:97.67%', '3:96.73%', '4:96.95%', '5:96.08%', '6:97.39%', '7:93.97%', '8:96.41%', '9:94.75%']

