-----------------------------------------------------

Central server round 1 started
Model sent from central server with 0msec communication time, with loss :2.30, accuracy : 12.24%
Accuracy per label : ['0:0.00%', '1:57.18%', '2:0.00%', '3:0.00%', '4:0.00%', '5:0.00%', '6:59.19%', '7:0.78%', '8:0.00%', '9:0.00%']
The model is from round 0 from central server, staleness is 0

Cluster round 1 completed, aggregated models from all the clients, time past : 20300msec, loss : 3.27, accuracy 13.40%
Accuracy per label : ['0:25.61%', '1:0.00%', '2:7.27%', '3:0.00%', '4:0.00%', '5:0.56%', '6:0.00%', '7:0.00%', '8:0.00%', '9:100.00%']

Before aggregation, loss : 2.30, accuracy : 12.24%
Before aggregation, accuracy per label : ['0:0.00%', '1:57.18%', '2:0.00%', '3:0.00%', '4:0.00%', '5:0.00%', '6:59.19%', '7:0.78%', '8:0.00%', '9:0.00%']
Aggregation to central server completed at central server round 1, loss : 2.01, accuracy : 54.12%
Accuracy per label after aggregation : ['0:93.06%', '1:69.78%', '2:72.67%', '3:13.27%', '4:0.00%', '5:60.87%', '6:84.76%', '7:56.61%', '8:64.68%', '9:25.47%']

-----------------------------------------------------

Central server round 2 started
Model sent from central server with 0msec communication time, with loss :2.01, accuracy : 54.12%
Accuracy per label : ['0:93.06%', '1:69.78%', '2:72.67%', '3:13.27%', '4:0.00%', '5:60.87%', '6:84.76%', '7:56.61%', '8:64.68%', '9:25.47%']
The model is from round 1 from central server, staleness is 0

Cluster round 1 completed, aggregated models from all the clients, time past : 20300msec, loss : 1.59, accuracy 53.43%
Accuracy per label : ['0:80.41%', '1:79.82%', '2:69.19%', '3:48.71%', '4:19.45%', '5:21.64%', '6:75.68%', '7:1.36%', '8:31.93%', '9:100.00%']

Before aggregation, loss : 2.01, accuracy : 54.12%
Before aggregation, accuracy per label : ['0:93.06%', '1:69.78%', '2:72.67%', '3:13.27%', '4:0.00%', '5:60.87%', '6:84.76%', '7:56.61%', '8:64.68%', '9:25.47%']
Aggregation to central server completed at central server round 2, loss : 0.65, accuracy : 83.09%
Accuracy per label after aggregation : ['0:96.33%', '1:94.27%', '2:84.30%', '3:83.17%', '4:82.69%', '5:64.24%', '6:88.62%', '7:87.16%', '8:73.92%', '9:72.84%']

-----------------------------------------------------

Central server round 3 started
Model sent from central server with 0msec communication time, with loss :0.65, accuracy : 83.09%
Accuracy per label : ['0:96.33%', '1:94.27%', '2:84.30%', '3:83.17%', '4:82.69%', '5:64.24%', '6:88.62%', '7:87.16%', '8:73.92%', '9:72.84%']
The model is from round 2 from central server, staleness is 0

Cluster round 1 completed, aggregated models from all the clients, time past : 20300msec, loss : 1.18, accuracy 67.55%
Accuracy per label : ['0:86.94%', '1:89.16%', '2:79.26%', '3:61.09%', '4:34.11%', '5:48.88%', '6:81.32%', '7:27.92%', '8:62.63%', '9:100.00%']

Before aggregation, loss : 0.65, accuracy : 83.09%
Before aggregation, accuracy per label : ['0:96.33%', '1:94.27%', '2:84.30%', '3:83.17%', '4:82.69%', '5:64.24%', '6:88.62%', '7:87.16%', '8:73.92%', '9:72.84%']
Aggregation to central server completed at central server round 3, loss : 0.40, accuracy : 87.68%
Accuracy per label after aggregation : ['0:97.04%', '1:94.89%', '2:88.37%', '3:87.72%', '4:85.03%', '5:78.14%', '6:91.13%', '7:85.99%', '8:82.96%', '9:83.75%']

-----------------------------------------------------

Central server round 4 started
Model sent from central server with 0msec communication time, with loss :0.40, accuracy : 87.68%
Accuracy per label : ['0:97.04%', '1:94.89%', '2:88.37%', '3:87.72%', '4:85.03%', '5:78.14%', '6:91.13%', '7:85.99%', '8:82.96%', '9:83.75%']
The model is from round 3 from central server, staleness is 0

Cluster round 1 completed, aggregated models from all the clients, time past : 20300msec, loss : 1.07, accuracy 71.74%
Accuracy per label : ['0:89.29%', '1:91.45%', '2:81.59%', '3:66.63%', '4:39.00%', '5:52.24%', '6:84.86%', '7:38.23%', '8:70.23%', '9:99.80%']

Before aggregation, loss : 0.40, accuracy : 87.68%
Before aggregation, accuracy per label : ['0:97.04%', '1:94.89%', '2:88.37%', '3:87.72%', '4:85.03%', '5:78.14%', '6:91.13%', '7:85.99%', '8:82.96%', '9:83.75%']
Aggregation to central server completed at central server round 4, loss : 0.34, accuracy : 89.40%
Accuracy per label after aggregation : ['0:97.86%', '1:95.59%', '2:89.53%', '3:89.31%', '4:85.34%', '5:81.84%', '6:92.28%', '7:87.45%', '8:87.27%', '9:86.12%']

-----------------------------------------------------

Central server round 5 started
Model sent from central server with 0msec communication time, with loss :0.34, accuracy : 89.40%
Accuracy per label : ['0:97.86%', '1:95.59%', '2:89.53%', '3:89.31%', '4:85.34%', '5:81.84%', '6:92.28%', '7:87.45%', '8:87.27%', '9:86.12%']
The model is from round 4 from central server, staleness is 0

Cluster round 1 completed, aggregated models from all the clients, time past : 20300msec, loss : 1.01, accuracy 73.80%
Accuracy per label : ['0:90.71%', '1:91.54%', '2:85.08%', '3:68.91%', '4:40.63%', '5:54.82%', '6:88.00%', '7:42.41%', '8:72.18%', '9:99.90%']

Before aggregation, loss : 0.34, accuracy : 89.40%
Before aggregation, accuracy per label : ['0:97.86%', '1:95.59%', '2:89.53%', '3:89.31%', '4:85.34%', '5:81.84%', '6:92.28%', '7:87.45%', '8:87.27%', '9:86.12%']
Aggregation to central server completed at central server round 5, loss : 0.31, accuracy : 90.54%
Accuracy per label after aggregation : ['0:97.86%', '1:95.86%', '2:90.50%', '3:90.50%', '4:86.05%', '5:84.53%', '6:93.53%', '7:88.33%', '8:88.91%', '9:88.21%']

-----------------------------------------------------

Central server round 6 started
Model sent from central server with 0msec communication time, with loss :0.31, accuracy : 90.54%
Accuracy per label : ['0:97.86%', '1:95.86%', '2:90.50%', '3:90.50%', '4:86.05%', '5:84.53%', '6:93.53%', '7:88.33%', '8:88.91%', '9:88.21%']
The model is from round 5 from central server, staleness is 0

Cluster round 1 completed, aggregated models from all the clients, time past : 20300msec, loss : 0.95, accuracy 75.27%
Accuracy per label : ['0:91.94%', '1:92.07%', '2:85.56%', '3:70.89%', '4:42.16%', '5:58.18%', '6:89.98%', '7:44.84%', '8:73.72%', '9:99.90%']

Before aggregation, loss : 0.31, accuracy : 90.54%
Before aggregation, accuracy per label : ['0:97.86%', '1:95.86%', '2:90.50%', '3:90.50%', '4:86.05%', '5:84.53%', '6:93.53%', '7:88.33%', '8:88.91%', '9:88.21%']
Aggregation to central server completed at central server round 6, loss : 0.28, accuracy : 91.40%
Accuracy per label after aggregation : ['0:97.96%', '1:96.39%', '2:90.99%', '3:91.09%', '4:87.58%', '5:86.43%', '6:94.26%', '7:88.33%', '8:90.86%', '9:89.20%']

-----------------------------------------------------

Central server round 7 started
Model sent from central server with 0msec communication time, with loss :0.28, accuracy : 91.40%
Accuracy per label : ['0:97.96%', '1:96.39%', '2:90.99%', '3:91.09%', '4:87.58%', '5:86.43%', '6:94.26%', '7:88.33%', '8:90.86%', '9:89.20%']
The model is from round 6 from central server, staleness is 0

Cluster round 1 completed, aggregated models from all the clients, time past : 20300msec, loss : 0.89, accuracy 76.60%
Accuracy per label : ['0:92.45%', '1:92.86%', '2:86.43%', '3:73.17%', '4:43.69%', '5:61.88%', '6:90.71%', '7:46.30%', '8:75.46%', '9:99.90%']

Before aggregation, loss : 0.28, accuracy : 91.40%
Before aggregation, accuracy per label : ['0:97.96%', '1:96.39%', '2:90.99%', '3:91.09%', '4:87.58%', '5:86.43%', '6:94.26%', '7:88.33%', '8:90.86%', '9:89.20%']
Aggregation to central server completed at central server round 7, loss : 0.26, accuracy : 92.01%
Accuracy per label after aggregation : ['0:98.16%', '1:96.83%', '2:91.38%', '3:91.58%', '4:88.80%', '5:87.00%', '6:94.99%', '7:88.62%', '8:91.89%', '9:89.99%']

-----------------------------------------------------

Central server round 8 started
Model sent from central server with 0msec communication time, with loss :0.26, accuracy : 92.01%
Accuracy per label : ['0:98.16%', '1:96.83%', '2:91.38%', '3:91.58%', '4:88.80%', '5:87.00%', '6:94.99%', '7:88.62%', '8:91.89%', '9:89.99%']
The model is from round 7 from central server, staleness is 0

Cluster round 1 completed, aggregated models from all the clients, time past : 20300msec, loss : 0.85, accuracy 77.59%
Accuracy per label : ['0:93.37%', '1:93.39%', '2:85.95%', '3:75.64%', '4:44.81%', '5:66.48%', '6:91.44%', '7:46.60%', '8:75.67%', '9:99.90%']

Before aggregation, loss : 0.26, accuracy : 92.01%
Before aggregation, accuracy per label : ['0:98.16%', '1:96.83%', '2:91.38%', '3:91.58%', '4:88.80%', '5:87.00%', '6:94.99%', '7:88.62%', '8:91.89%', '9:89.99%']
Aggregation to central server completed at central server round 8, loss : 0.25, accuracy : 92.50%
Accuracy per label after aggregation : ['0:98.37%', '1:97.09%', '2:92.25%', '3:91.98%', '4:89.51%', '5:87.44%', '6:95.30%', '7:89.01%', '8:92.61%', '9:90.58%']

-----------------------------------------------------

Central server round 9 started
Model sent from central server with 0msec communication time, with loss :0.25, accuracy : 92.50%
Accuracy per label : ['0:98.37%', '1:97.09%', '2:92.25%', '3:91.98%', '4:89.51%', '5:87.44%', '6:95.30%', '7:89.01%', '8:92.61%', '9:90.58%']
The model is from round 8 from central server, staleness is 0

Cluster round 1 completed, aggregated models from all the clients, time past : 20300msec, loss : 0.81, accuracy 78.35%
Accuracy per label : ['0:93.78%', '1:94.01%', '2:85.85%', '3:77.52%', '4:45.72%', '5:69.51%', '6:91.44%', '7:47.57%', '8:75.77%', '9:99.90%']

Before aggregation, loss : 0.25, accuracy : 92.50%
Before aggregation, accuracy per label : ['0:98.37%', '1:97.09%', '2:92.25%', '3:91.98%', '4:89.51%', '5:87.44%', '6:95.30%', '7:89.01%', '8:92.61%', '9:90.58%']
Aggregation to central server completed at central server round 9, loss : 0.23, accuracy : 92.88%
Accuracy per label after aggregation : ['0:98.47%', '1:97.18%', '2:92.73%', '3:92.38%', '4:89.92%', '5:88.90%', '6:95.41%', '7:89.40%', '8:92.61%', '9:91.08%']

-----------------------------------------------------

Central server round 10 started
Model sent from central server with 0msec communication time, with loss :0.23, accuracy : 92.88%
Accuracy per label : ['0:98.47%', '1:97.18%', '2:92.73%', '3:92.38%', '4:89.92%', '5:88.90%', '6:95.41%', '7:89.40%', '8:92.61%', '9:91.08%']
The model is from round 9 from central server, staleness is 0

Cluster round 1 completed, aggregated models from all the clients, time past : 20300msec, loss : 0.78, accuracy 78.86%
Accuracy per label : ['0:93.37%', '1:94.36%', '2:86.34%', '3:78.71%', '4:45.62%', '5:72.42%', '6:91.54%', '7:48.25%', '8:75.87%', '9:99.90%']

Before aggregation, loss : 0.23, accuracy : 92.88%
Before aggregation, accuracy per label : ['0:98.47%', '1:97.18%', '2:92.73%', '3:92.38%', '4:89.92%', '5:88.90%', '6:95.41%', '7:89.40%', '8:92.61%', '9:91.08%']
Aggregation to central server completed at central server round 10, loss : 0.22, accuracy : 93.28%
Accuracy per label after aggregation : ['0:98.47%', '1:97.44%', '2:93.02%', '3:92.77%', '4:90.73%', '5:89.35%', '6:95.93%', '7:89.59%', '8:93.33%', '9:91.48%']

-----------------------------------------------------

Central server round 11 started
Model sent from central server with 0msec communication time, with loss :0.22, accuracy : 93.28%
Accuracy per label : ['0:98.47%', '1:97.44%', '2:93.02%', '3:92.77%', '4:90.73%', '5:89.35%', '6:95.93%', '7:89.59%', '8:93.33%', '9:91.48%']
The model is from round 10 from central server, staleness is 0

Cluster round 1 completed, aggregated models from all the clients, time past : 20300msec, loss : 0.76, accuracy 79.23%
Accuracy per label : ['0:94.08%', '1:94.63%', '2:85.85%', '3:79.41%', '4:45.93%', '5:74.22%', '6:91.34%', '7:49.12%', '8:75.77%', '9:99.90%']

Before aggregation, loss : 0.22, accuracy : 93.28%
Before aggregation, accuracy per label : ['0:98.47%', '1:97.44%', '2:93.02%', '3:92.77%', '4:90.73%', '5:89.35%', '6:95.93%', '7:89.59%', '8:93.33%', '9:91.48%']
Aggregation to central server completed at central server round 11, loss : 0.20, accuracy : 93.75%
Accuracy per label after aggregation : ['0:98.47%', '1:97.62%', '2:93.70%', '3:92.97%', '4:91.45%', '5:91.26%', '6:96.14%', '7:89.88%', '8:93.43%', '9:92.07%']

-----------------------------------------------------

Central server round 12 started
Model sent from central server with 0msec communication time, with loss :0.20, accuracy : 93.75%
Accuracy per label : ['0:98.47%', '1:97.62%', '2:93.70%', '3:92.97%', '4:91.45%', '5:91.26%', '6:96.14%', '7:89.88%', '8:93.43%', '9:92.07%']
The model is from round 11 from central server, staleness is 0

Cluster round 1 completed, aggregated models from all the clients, time past : 20300msec, loss : 0.73, accuracy 80.01%
Accuracy per label : ['0:94.29%', '1:94.98%', '2:86.05%', '3:80.50%', '4:46.13%', '5:76.46%', '6:91.96%', '7:51.07%', '8:76.90%', '9:99.90%']

Before aggregation, loss : 0.20, accuracy : 93.75%
Before aggregation, accuracy per label : ['0:98.47%', '1:97.62%', '2:93.70%', '3:92.97%', '4:91.45%', '5:91.26%', '6:96.14%', '7:89.88%', '8:93.43%', '9:92.07%']
Aggregation to central server completed at central server round 12, loss : 0.19, accuracy : 94.05%
Accuracy per label after aggregation : ['0:98.47%', '1:97.71%', '2:93.99%', '3:93.47%', '4:92.57%', '5:91.48%', '6:96.24%', '7:90.18%', '8:93.33%', '9:92.57%']

-----------------------------------------------------

Central server round 13 started
Model sent from central server with 0msec communication time, with loss :0.19, accuracy : 94.05%
Accuracy per label : ['0:98.47%', '1:97.71%', '2:93.99%', '3:93.47%', '4:92.57%', '5:91.48%', '6:96.24%', '7:90.18%', '8:93.33%', '9:92.57%']
The model is from round 12 from central server, staleness is 0

Cluster round 1 completed, aggregated models from all the clients, time past : 20300msec, loss : 0.71, accuracy 80.73%
Accuracy per label : ['0:94.49%', '1:94.54%', '2:87.50%', '3:81.58%', '4:47.45%', '5:77.80%', '6:93.01%', '7:52.43%', '8:76.90%', '9:99.90%']

Before aggregation, loss : 0.19, accuracy : 94.05%
Before aggregation, accuracy per label : ['0:98.47%', '1:97.71%', '2:93.99%', '3:93.47%', '4:92.57%', '5:91.48%', '6:96.24%', '7:90.18%', '8:93.33%', '9:92.57%']
Aggregation to central server completed at central server round 13, loss : 0.18, accuracy : 94.35%
Accuracy per label after aggregation : ['0:98.67%', '1:97.71%', '2:94.38%', '3:93.66%', '4:93.28%', '5:92.26%', '6:96.35%', '7:90.37%', '8:93.84%', '9:92.57%']

-----------------------------------------------------

Central server round 14 started
Model sent from central server with 0msec communication time, with loss :0.18, accuracy : 94.35%
Accuracy per label : ['0:98.67%', '1:97.71%', '2:94.38%', '3:93.66%', '4:93.28%', '5:92.26%', '6:96.35%', '7:90.37%', '8:93.84%', '9:92.57%']
The model is from round 13 from central server, staleness is 0

Cluster round 1 completed, aggregated models from all the clients, time past : 20300msec, loss : 0.69, accuracy 81.14%
Accuracy per label : ['0:94.39%', '1:94.98%', '2:87.40%', '3:82.57%', '4:46.64%', '5:79.71%', '6:92.48%', '7:53.79%', '8:77.93%', '9:99.90%']

Before aggregation, loss : 0.18, accuracy : 94.35%
Before aggregation, accuracy per label : ['0:98.67%', '1:97.71%', '2:94.38%', '3:93.66%', '4:93.28%', '5:92.26%', '6:96.35%', '7:90.37%', '8:93.84%', '9:92.57%']
Aggregation to central server completed at central server round 14, loss : 0.18, accuracy : 94.67%
Accuracy per label after aggregation : ['0:98.88%', '1:97.89%', '2:94.86%', '3:94.16%', '4:93.58%', '5:92.83%', '6:96.56%', '7:90.66%', '8:93.94%', '9:92.96%']

-----------------------------------------------------

Central server round 15 started
Model sent from central server with 0msec communication time, with loss :0.18, accuracy : 94.67%
Accuracy per label : ['0:98.88%', '1:97.89%', '2:94.86%', '3:94.16%', '4:93.58%', '5:92.83%', '6:96.56%', '7:90.66%', '8:93.94%', '9:92.96%']
The model is from round 14 from central server, staleness is 0

Cluster round 1 completed, aggregated models from all the clients, time past : 20300msec, loss : 0.67, accuracy 81.60%
Accuracy per label : ['0:94.49%', '1:94.98%', '2:87.98%', '3:82.77%', '4:46.84%', '5:81.39%', '6:92.80%', '7:55.06%', '8:78.23%', '9:100.00%']

Before aggregation, loss : 0.18, accuracy : 94.67%
Before aggregation, accuracy per label : ['0:98.88%', '1:97.89%', '2:94.86%', '3:94.16%', '4:93.58%', '5:92.83%', '6:96.56%', '7:90.66%', '8:93.94%', '9:92.96%']
Aggregation to central server completed at central server round 15, loss : 0.17, accuracy : 94.94%
Accuracy per label after aggregation : ['0:98.98%', '1:98.06%', '2:95.16%', '3:94.36%', '4:94.40%', '5:93.27%', '6:96.76%', '7:90.66%', '8:94.25%', '9:93.16%']

-----------------------------------------------------

Central server round 16 started
Model sent from central server with 0msec communication time, with loss :0.17, accuracy : 94.94%
Accuracy per label : ['0:98.98%', '1:98.06%', '2:95.16%', '3:94.36%', '4:94.40%', '5:93.27%', '6:96.76%', '7:90.66%', '8:94.25%', '9:93.16%']
The model is from round 15 from central server, staleness is 0

Cluster round 1 completed, aggregated models from all the clients, time past : 20300msec, loss : 0.66, accuracy 82.00%
Accuracy per label : ['0:94.49%', '1:95.07%', '2:87.89%', '3:83.47%', '4:47.15%', '5:82.17%', '6:93.22%', '7:56.61%', '8:78.54%', '9:100.00%']

Before aggregation, loss : 0.17, accuracy : 94.94%
Before aggregation, accuracy per label : ['0:98.98%', '1:98.06%', '2:95.16%', '3:94.36%', '4:94.40%', '5:93.27%', '6:96.76%', '7:90.66%', '8:94.25%', '9:93.16%']
Aggregation to central server completed at central server round 16, loss : 0.16, accuracy : 95.10%
Accuracy per label after aggregation : ['0:98.98%', '1:98.06%', '2:95.45%', '3:94.65%', '4:94.50%', '5:93.61%', '6:96.76%', '7:90.76%', '8:94.56%', '9:93.36%']

-----------------------------------------------------

Central server round 17 started
Model sent from central server with 0msec communication time, with loss :0.16, accuracy : 95.10%
Accuracy per label : ['0:98.98%', '1:98.06%', '2:95.45%', '3:94.65%', '4:94.50%', '5:93.61%', '6:96.76%', '7:90.76%', '8:94.56%', '9:93.36%']
The model is from round 16 from central server, staleness is 0

Cluster round 1 completed, aggregated models from all the clients, time past : 20300msec, loss : 0.64, accuracy 82.33%
Accuracy per label : ['0:94.39%', '1:95.24%', '2:87.89%', '3:84.65%', '4:47.35%', '5:82.29%', '6:93.53%', '7:57.49%', '8:79.06%', '9:100.00%']

Before aggregation, loss : 0.16, accuracy : 95.10%
Before aggregation, accuracy per label : ['0:98.98%', '1:98.06%', '2:95.45%', '3:94.65%', '4:94.50%', '5:93.61%', '6:96.76%', '7:90.76%', '8:94.56%', '9:93.36%']
Aggregation to central server completed at central server round 17, loss : 0.16, accuracy : 95.29%
Accuracy per label after aggregation : ['0:99.08%', '1:98.06%', '2:95.83%', '3:95.25%', '4:94.50%', '5:94.06%', '6:96.87%', '7:90.86%', '8:94.56%', '9:93.56%']

-----------------------------------------------------

Central server round 18 started
Model sent from central server with 0msec communication time, with loss :0.16, accuracy : 95.29%
Accuracy per label : ['0:99.08%', '1:98.06%', '2:95.83%', '3:95.25%', '4:94.50%', '5:94.06%', '6:96.87%', '7:90.86%', '8:94.56%', '9:93.56%']
The model is from round 17 from central server, staleness is 0

Cluster round 1 completed, aggregated models from all the clients, time past : 20300msec, loss : 0.62, accuracy 82.83%
Accuracy per label : ['0:94.18%', '1:95.42%', '2:87.98%', '3:85.54%', '4:48.47%', '5:82.06%', '6:94.36%', '7:59.44%', '8:79.36%', '9:100.00%']

Before aggregation, loss : 0.16, accuracy : 95.29%
Before aggregation, accuracy per label : ['0:99.08%', '1:98.06%', '2:95.83%', '3:95.25%', '4:94.50%', '5:94.06%', '6:96.87%', '7:90.86%', '8:94.56%', '9:93.56%']
Aggregation to central server completed at central server round 18, loss : 0.15, accuracy : 95.47%
Accuracy per label after aggregation : ['0:99.08%', '1:98.24%', '2:96.03%', '3:95.54%', '4:94.60%', '5:94.17%', '6:97.08%', '7:91.05%', '8:94.66%', '9:93.95%']

-----------------------------------------------------

Central server round 19 started
Model sent from central server with 0msec communication time, with loss :0.15, accuracy : 95.47%
Accuracy per label : ['0:99.08%', '1:98.24%', '2:96.03%', '3:95.54%', '4:94.60%', '5:94.17%', '6:97.08%', '7:91.05%', '8:94.66%', '9:93.95%']
The model is from round 18 from central server, staleness is 0

Cluster round 1 completed, aggregated models from all the clients, time past : 20300msec, loss : 0.61, accuracy 83.14%
Accuracy per label : ['0:94.18%', '1:95.77%', '2:87.98%', '3:86.44%', '4:48.57%', '5:82.17%', '6:94.57%', '7:60.51%', '8:79.67%', '9:100.00%']

Before aggregation, loss : 0.15, accuracy : 95.47%
Before aggregation, accuracy per label : ['0:99.08%', '1:98.24%', '2:96.03%', '3:95.54%', '4:94.60%', '5:94.17%', '6:97.08%', '7:91.05%', '8:94.66%', '9:93.95%']
Aggregation to central server completed at central server round 19, loss : 0.15, accuracy : 95.55%
Accuracy per label after aggregation : ['0:99.08%', '1:98.24%', '2:96.22%', '3:95.45%', '4:94.70%', '5:94.51%', '6:97.08%', '7:91.15%', '8:94.66%', '9:94.15%']

-----------------------------------------------------

Central server round 20 started
Model sent from central server with 0msec communication time, with loss :0.15, accuracy : 95.55%
Accuracy per label : ['0:99.08%', '1:98.24%', '2:96.22%', '3:95.45%', '4:94.70%', '5:94.51%', '6:97.08%', '7:91.15%', '8:94.66%', '9:94.15%']
The model is from round 19 from central server, staleness is 0

Cluster round 1 completed, aggregated models from all the clients, time past : 20300msec, loss : 0.61, accuracy 83.42%
Accuracy per label : ['0:94.08%', '1:95.86%', '2:88.37%', '3:86.53%', '4:49.19%', '5:82.62%', '6:94.89%', '7:61.58%', '8:79.57%', '9:100.00%']

Before aggregation, loss : 0.15, accuracy : 95.55%
Before aggregation, accuracy per label : ['0:99.08%', '1:98.24%', '2:96.22%', '3:95.45%', '4:94.70%', '5:94.51%', '6:97.08%', '7:91.15%', '8:94.66%', '9:94.15%']
Aggregation to central server completed at central server round 20, loss : 0.14, accuracy : 95.64%
Accuracy per label after aggregation : ['0:99.08%', '1:98.24%', '2:96.32%', '3:95.54%', '4:94.91%', '5:94.62%', '6:97.08%', '7:91.44%', '8:94.76%', '9:94.15%']

-----------------------------------------------------

Central server round 21 started
Model sent from central server with 0msec communication time, with loss :0.14, accuracy : 95.64%
Accuracy per label : ['0:99.08%', '1:98.24%', '2:96.32%', '3:95.54%', '4:94.91%', '5:94.62%', '6:97.08%', '7:91.44%', '8:94.76%', '9:94.15%']
The model is from round 20 from central server, staleness is 0

Cluster round 1 completed, aggregated models from all the clients, time past : 20300msec, loss : 0.60, accuracy 83.79%
Accuracy per label : ['0:94.29%', '1:96.21%', '2:88.37%', '3:86.83%', '4:50.31%', '5:82.96%', '6:94.99%', '7:62.65%', '8:79.77%', '9:100.00%']

Before aggregation, loss : 0.14, accuracy : 95.64%
Before aggregation, accuracy per label : ['0:99.08%', '1:98.24%', '2:96.32%', '3:95.54%', '4:94.91%', '5:94.62%', '6:97.08%', '7:91.44%', '8:94.76%', '9:94.15%']
Aggregation to central server completed at central server round 21, loss : 0.14, accuracy : 95.78%
Accuracy per label after aggregation : ['0:99.08%', '1:98.41%', '2:96.41%', '3:95.54%', '4:94.91%', '5:94.84%', '6:97.18%', '7:91.63%', '8:95.07%', '9:94.45%']

-----------------------------------------------------

Central server round 22 started
Model sent from central server with 0msec communication time, with loss :0.14, accuracy : 95.78%
Accuracy per label : ['0:99.08%', '1:98.41%', '2:96.41%', '3:95.54%', '4:94.91%', '5:94.84%', '6:97.18%', '7:91.63%', '8:95.07%', '9:94.45%']
The model is from round 21 from central server, staleness is 0

Cluster round 1 completed, aggregated models from all the clients, time past : 20300msec, loss : 0.59, accuracy 83.87%
Accuracy per label : ['0:94.29%', '1:96.30%', '2:88.28%', '3:87.13%', '4:50.20%', '5:83.18%', '6:94.89%', '7:62.55%', '8:80.39%', '9:100.00%']

Before aggregation, loss : 0.14, accuracy : 95.78%
Before aggregation, accuracy per label : ['0:99.08%', '1:98.41%', '2:96.41%', '3:95.54%', '4:94.91%', '5:94.84%', '6:97.18%', '7:91.63%', '8:95.07%', '9:94.45%']
Aggregation to central server completed at central server round 22, loss : 0.14, accuracy : 95.82%
Accuracy per label after aggregation : ['0:99.08%', '1:98.50%', '2:96.61%', '3:95.54%', '4:94.91%', '5:94.84%', '6:97.29%', '7:91.63%', '8:95.17%', '9:94.35%']

-----------------------------------------------------

Central server round 23 started
Model sent from central server with 0msec communication time, with loss :0.14, accuracy : 95.82%
Accuracy per label : ['0:99.08%', '1:98.50%', '2:96.61%', '3:95.54%', '4:94.91%', '5:94.84%', '6:97.29%', '7:91.63%', '8:95.17%', '9:94.35%']
The model is from round 22 from central server, staleness is 0

Cluster round 1 completed, aggregated models from all the clients, time past : 20300msec, loss : 0.58, accuracy 84.33%
Accuracy per label : ['0:94.29%', '1:96.39%', '2:88.47%', '3:87.33%', '4:50.71%', '5:83.86%', '6:94.89%', '7:64.40%', '8:81.52%', '9:100.00%']

Before aggregation, loss : 0.14, accuracy : 95.82%
Before aggregation, accuracy per label : ['0:99.08%', '1:98.50%', '2:96.61%', '3:95.54%', '4:94.91%', '5:94.84%', '6:97.29%', '7:91.63%', '8:95.17%', '9:94.35%']
Aggregation to central server completed at central server round 23, loss : 0.14, accuracy : 95.87%
Accuracy per label after aggregation : ['0:99.08%', '1:98.50%', '2:96.61%', '3:95.45%', '4:95.11%', '5:94.96%', '6:97.29%', '7:91.83%', '8:95.17%', '9:94.45%']

-----------------------------------------------------

Central server round 24 started
Model sent from central server with 0msec communication time, with loss :0.14, accuracy : 95.87%
Accuracy per label : ['0:99.08%', '1:98.50%', '2:96.61%', '3:95.45%', '4:95.11%', '5:94.96%', '6:97.29%', '7:91.83%', '8:95.17%', '9:94.45%']
The model is from round 23 from central server, staleness is 0

Cluster round 1 completed, aggregated models from all the clients, time past : 20300msec, loss : 0.57, accuracy 84.60%
Accuracy per label : ['0:94.39%', '1:96.48%', '2:88.76%', '3:87.52%', '4:51.43%', '5:83.86%', '6:94.89%', '7:64.88%', '8:82.34%', '9:100.00%']

Before aggregation, loss : 0.14, accuracy : 95.87%
Before aggregation, accuracy per label : ['0:99.08%', '1:98.50%', '2:96.61%', '3:95.45%', '4:95.11%', '5:94.96%', '6:97.29%', '7:91.83%', '8:95.17%', '9:94.45%']
Aggregation to central server completed at central server round 24, loss : 0.13, accuracy : 95.95%
Accuracy per label after aggregation : ['0:99.08%', '1:98.50%', '2:96.80%', '3:95.45%', '4:95.32%', '5:94.96%', '6:97.29%', '7:92.12%', '8:95.17%', '9:94.55%']

-----------------------------------------------------

Central server round 25 started
Model sent from central server with 0msec communication time, with loss :0.13, accuracy : 95.95%
Accuracy per label : ['0:99.08%', '1:98.50%', '2:96.80%', '3:95.45%', '4:95.32%', '5:94.96%', '6:97.29%', '7:92.12%', '8:95.17%', '9:94.55%']
The model is from round 24 from central server, staleness is 0

Cluster round 1 completed, aggregated models from all the clients, time past : 20300msec, loss : 0.56, accuracy 84.89%
Accuracy per label : ['0:94.29%', '1:96.56%', '2:89.15%', '3:87.92%', '4:51.73%', '5:84.08%', '6:95.09%', '7:65.95%', '8:82.65%', '9:100.00%']

Before aggregation, loss : 0.13, accuracy : 95.95%
Before aggregation, accuracy per label : ['0:99.08%', '1:98.50%', '2:96.80%', '3:95.45%', '4:95.32%', '5:94.96%', '6:97.29%', '7:92.12%', '8:95.17%', '9:94.55%']
Aggregation to central server completed at central server round 25, loss : 0.13, accuracy : 96.02%
Accuracy per label after aggregation : ['0:98.98%', '1:98.68%', '2:96.80%', '3:95.45%', '4:95.42%', '5:95.07%', '6:97.29%', '7:92.32%', '8:95.28%', '9:94.65%']

-----------------------------------------------------

Central server round 26 started
Model sent from central server with 0msec communication time, with loss :0.13, accuracy : 96.02%
Accuracy per label : ['0:98.98%', '1:98.68%', '2:96.80%', '3:95.45%', '4:95.42%', '5:95.07%', '6:97.29%', '7:92.32%', '8:95.28%', '9:94.65%']
The model is from round 25 from central server, staleness is 0

Cluster round 1 completed, aggregated models from all the clients, time past : 20300msec, loss : 0.55, accuracy 85.22%
Accuracy per label : ['0:94.29%', '1:96.65%', '2:89.44%', '3:88.51%', '4:52.44%', '5:84.30%', '6:94.99%', '7:66.83%', '8:83.26%', '9:100.00%']

Before aggregation, loss : 0.13, accuracy : 96.02%
Before aggregation, accuracy per label : ['0:98.98%', '1:98.68%', '2:96.80%', '3:95.45%', '4:95.42%', '5:95.07%', '6:97.29%', '7:92.32%', '8:95.28%', '9:94.65%']
Aggregation to central server completed at central server round 26, loss : 0.13, accuracy : 96.12%
Accuracy per label after aggregation : ['0:98.98%', '1:98.68%', '2:96.90%', '3:95.64%', '4:95.62%', '5:95.52%', '6:97.08%', '7:92.51%', '8:95.28%', '9:94.75%']

-----------------------------------------------------

Central server round 27 started
Model sent from central server with 0msec communication time, with loss :0.13, accuracy : 96.12%
Accuracy per label : ['0:98.98%', '1:98.68%', '2:96.90%', '3:95.64%', '4:95.62%', '5:95.52%', '6:97.08%', '7:92.51%', '8:95.28%', '9:94.75%']
The model is from round 26 from central server, staleness is 0

Cluster round 1 completed, aggregated models from all the clients, time past : 20300msec, loss : 0.54, accuracy 85.58%
Accuracy per label : ['0:94.49%', '1:96.83%', '2:89.73%', '3:88.61%', '4:52.75%', '5:84.64%', '6:94.99%', '7:68.48%', '8:83.78%', '9:100.00%']

Before aggregation, loss : 0.13, accuracy : 96.12%
Before aggregation, accuracy per label : ['0:98.98%', '1:98.68%', '2:96.90%', '3:95.64%', '4:95.62%', '5:95.52%', '6:97.08%', '7:92.51%', '8:95.28%', '9:94.75%']
Aggregation to central server completed at central server round 27, loss : 0.13, accuracy : 96.15%
Accuracy per label after aggregation : ['0:98.98%', '1:98.68%', '2:96.90%', '3:95.64%', '4:95.62%', '5:95.74%', '6:96.87%', '7:92.70%', '8:95.28%', '9:94.85%']

-----------------------------------------------------

Central server round 28 started
Model sent from central server with 0msec communication time, with loss :0.13, accuracy : 96.15%
Accuracy per label : ['0:98.98%', '1:98.68%', '2:96.90%', '3:95.64%', '4:95.62%', '5:95.74%', '6:96.87%', '7:92.70%', '8:95.28%', '9:94.85%']
The model is from round 27 from central server, staleness is 0

Cluster round 1 completed, aggregated models from all the clients, time past : 20300msec, loss : 0.53, accuracy 85.86%
Accuracy per label : ['0:94.39%', '1:97.18%', '2:89.92%', '3:88.81%', '4:53.46%', '5:84.75%', '6:95.09%', '7:69.36%', '8:84.09%', '9:100.00%']

Before aggregation, loss : 0.13, accuracy : 96.15%
Before aggregation, accuracy per label : ['0:98.98%', '1:98.68%', '2:96.90%', '3:95.64%', '4:95.62%', '5:95.74%', '6:96.87%', '7:92.70%', '8:95.28%', '9:94.85%']
Aggregation to central server completed at central server round 28, loss : 0.13, accuracy : 96.21%
Accuracy per label after aggregation : ['0:98.98%', '1:98.77%', '2:97.09%', '3:95.74%', '4:95.62%', '5:95.63%', '6:96.87%', '7:93.09%', '8:95.28%', '9:94.75%']

-----------------------------------------------------

Central server round 29 started
Model sent from central server with 0msec communication time, with loss :0.13, accuracy : 96.21%
Accuracy per label : ['0:98.98%', '1:98.77%', '2:97.09%', '3:95.74%', '4:95.62%', '5:95.63%', '6:96.87%', '7:93.09%', '8:95.28%', '9:94.75%']
The model is from round 28 from central server, staleness is 0

Cluster round 1 completed, aggregated models from all the clients, time past : 20300msec, loss : 0.52, accuracy 86.00%
Accuracy per label : ['0:94.39%', '1:97.27%', '2:89.92%', '3:88.91%', '4:53.77%', '5:85.31%', '6:95.30%', '7:69.65%', '8:83.98%', '9:100.00%']

Before aggregation, loss : 0.13, accuracy : 96.21%
Before aggregation, accuracy per label : ['0:98.98%', '1:98.77%', '2:97.09%', '3:95.74%', '4:95.62%', '5:95.63%', '6:96.87%', '7:93.09%', '8:95.28%', '9:94.75%']
Aggregation to central server completed at central server round 29, loss : 0.13, accuracy : 96.28%
Accuracy per label after aggregation : ['0:98.98%', '1:98.77%', '2:97.29%', '3:95.74%', '4:95.72%', '5:95.85%', '6:96.87%', '7:93.19%', '8:95.38%', '9:94.75%']

-----------------------------------------------------

Central server round 30 started
Model sent from central server with 0msec communication time, with loss :0.13, accuracy : 96.28%
Accuracy per label : ['0:98.98%', '1:98.77%', '2:97.29%', '3:95.74%', '4:95.72%', '5:95.85%', '6:96.87%', '7:93.19%', '8:95.38%', '9:94.75%']
The model is from round 29 from central server, staleness is 0

Cluster round 1 completed, aggregated models from all the clients, time past : 20300msec, loss : 0.51, accuracy 86.21%
Accuracy per label : ['0:94.29%', '1:97.27%', '2:89.92%', '3:89.21%', '4:55.30%', '5:84.87%', '6:95.30%', '7:69.94%', '8:84.50%', '9:100.00%']

Before aggregation, loss : 0.13, accuracy : 96.28%
Before aggregation, accuracy per label : ['0:98.98%', '1:98.77%', '2:97.29%', '3:95.74%', '4:95.72%', '5:95.85%', '6:96.87%', '7:93.19%', '8:95.38%', '9:94.75%']
Aggregation to central server completed at central server round 30, loss : 0.12, accuracy : 96.31%
Accuracy per label after aggregation : ['0:98.98%', '1:98.85%', '2:97.19%', '3:95.74%', '4:95.93%', '5:95.96%', '6:96.87%', '7:93.19%', '8:95.38%', '9:94.75%']

-----------------------------------------------------

Central server round 31 started
Model sent from central server with 0msec communication time, with loss :0.12, accuracy : 96.31%
Accuracy per label : ['0:98.98%', '1:98.85%', '2:97.19%', '3:95.74%', '4:95.93%', '5:95.96%', '6:96.87%', '7:93.19%', '8:95.38%', '9:94.75%']
The model is from round 30 from central server, staleness is 0

Cluster round 1 completed, aggregated models from all the clients, time past : 20300msec, loss : 0.51, accuracy 86.37%
Accuracy per label : ['0:94.29%', '1:97.18%', '2:90.21%', '3:89.11%', '4:55.60%', '5:84.98%', '6:95.30%', '7:70.62%', '8:84.91%', '9:100.00%']

Before aggregation, loss : 0.12, accuracy : 96.31%
Before aggregation, accuracy per label : ['0:98.98%', '1:98.85%', '2:97.19%', '3:95.74%', '4:95.93%', '5:95.96%', '6:96.87%', '7:93.19%', '8:95.38%', '9:94.75%']
Aggregation to central server completed at central server round 31, loss : 0.12, accuracy : 96.32%
Accuracy per label after aggregation : ['0:98.98%', '1:98.85%', '2:97.19%', '3:95.74%', '4:96.03%', '5:95.74%', '6:96.87%', '7:93.19%', '8:95.48%', '9:94.85%']

-----------------------------------------------------

Central server round 32 started
Model sent from central server with 0msec communication time, with loss :0.12, accuracy : 96.32%
Accuracy per label : ['0:98.98%', '1:98.85%', '2:97.19%', '3:95.74%', '4:96.03%', '5:95.74%', '6:96.87%', '7:93.19%', '8:95.48%', '9:94.85%']
The model is from round 31 from central server, staleness is 0

Cluster round 1 completed, aggregated models from all the clients, time past : 20300msec, loss : 0.50, accuracy 86.52%
Accuracy per label : ['0:94.29%', '1:97.44%', '2:90.41%', '3:88.91%', '4:56.21%', '5:84.87%', '6:95.30%', '7:71.01%', '8:85.22%', '9:100.00%']

Before aggregation, loss : 0.12, accuracy : 96.32%
Before aggregation, accuracy per label : ['0:98.98%', '1:98.85%', '2:97.19%', '3:95.74%', '4:96.03%', '5:95.74%', '6:96.87%', '7:93.19%', '8:95.48%', '9:94.85%']
Aggregation to central server completed at central server round 32, loss : 0.12, accuracy : 96.35%
Accuracy per label after aggregation : ['0:98.98%', '1:98.94%', '2:97.19%', '3:95.84%', '4:96.23%', '5:95.63%', '6:96.97%', '7:93.19%', '8:95.38%', '9:94.85%']

-----------------------------------------------------

Central server round 33 started
Model sent from central server with 0msec communication time, with loss :0.12, accuracy : 96.35%
Accuracy per label : ['0:98.98%', '1:98.94%', '2:97.19%', '3:95.84%', '4:96.23%', '5:95.63%', '6:96.97%', '7:93.19%', '8:95.38%', '9:94.85%']
The model is from round 32 from central server, staleness is 0

Cluster round 1 completed, aggregated models from all the clients, time past : 20300msec, loss : 0.50, accuracy 86.64%
Accuracy per label : ['0:94.39%', '1:97.36%', '2:90.50%', '3:89.01%', '4:56.52%', '5:85.09%', '6:95.30%', '7:71.40%', '8:85.32%', '9:100.00%']

Before aggregation, loss : 0.12, accuracy : 96.35%
Before aggregation, accuracy per label : ['0:98.98%', '1:98.94%', '2:97.19%', '3:95.84%', '4:96.23%', '5:95.63%', '6:96.97%', '7:93.19%', '8:95.38%', '9:94.85%']
Aggregation to central server completed at central server round 33, loss : 0.12, accuracy : 96.37%
Accuracy per label after aggregation : ['0:98.98%', '1:98.94%', '2:97.19%', '3:95.84%', '4:96.23%', '5:95.63%', '6:96.97%', '7:93.29%', '8:95.48%', '9:94.85%']

-----------------------------------------------------

Central server round 34 started
Model sent from central server with 0msec communication time, with loss :0.12, accuracy : 96.37%
Accuracy per label : ['0:98.98%', '1:98.94%', '2:97.19%', '3:95.84%', '4:96.23%', '5:95.63%', '6:96.97%', '7:93.29%', '8:95.48%', '9:94.85%']
The model is from round 33 from central server, staleness is 0

Cluster round 1 completed, aggregated models from all the clients, time past : 20300msec, loss : 0.50, accuracy 86.81%
Accuracy per label : ['0:94.39%', '1:97.44%', '2:90.60%', '3:89.01%', '4:56.92%', '5:85.20%', '6:95.30%', '7:71.98%', '8:85.73%', '9:100.00%']

Before aggregation, loss : 0.12, accuracy : 96.37%
Before aggregation, accuracy per label : ['0:98.98%', '1:98.94%', '2:97.19%', '3:95.84%', '4:96.23%', '5:95.63%', '6:96.97%', '7:93.29%', '8:95.48%', '9:94.85%']
Aggregation to central server completed at central server round 34, loss : 0.12, accuracy : 96.42%
Accuracy per label after aggregation : ['0:98.98%', '1:98.94%', '2:97.29%', '3:95.94%', '4:96.23%', '5:95.63%', '6:96.97%', '7:93.39%', '8:95.69%', '9:94.85%']

-----------------------------------------------------

Central server round 35 started
Model sent from central server with 0msec communication time, with loss :0.12, accuracy : 96.42%
Accuracy per label : ['0:98.98%', '1:98.94%', '2:97.29%', '3:95.94%', '4:96.23%', '5:95.63%', '6:96.97%', '7:93.39%', '8:95.69%', '9:94.85%']
The model is from round 34 from central server, staleness is 0

Cluster round 1 completed, aggregated models from all the clients, time past : 20300msec, loss : 0.49, accuracy 86.95%
Accuracy per label : ['0:94.39%', '1:97.18%', '2:90.79%', '3:89.01%', '4:57.64%', '5:85.43%', '6:95.30%', '7:72.28%', '8:86.04%', '9:100.00%']

Before aggregation, loss : 0.12, accuracy : 96.42%
Before aggregation, accuracy per label : ['0:98.98%', '1:98.94%', '2:97.29%', '3:95.94%', '4:96.23%', '5:95.63%', '6:96.97%', '7:93.39%', '8:95.69%', '9:94.85%']
Aggregation to central server completed at central server round 35, loss : 0.12, accuracy : 96.48%
Accuracy per label after aggregation : ['0:98.98%', '1:98.94%', '2:97.29%', '3:96.04%', '4:96.33%', '5:95.85%', '6:97.08%', '7:93.48%', '8:95.69%', '9:94.85%']

-----------------------------------------------------

Central server round 36 started
Model sent from central server with 0msec communication time, with loss :0.12, accuracy : 96.48%
Accuracy per label : ['0:98.98%', '1:98.94%', '2:97.29%', '3:96.04%', '4:96.33%', '5:95.85%', '6:97.08%', '7:93.48%', '8:95.69%', '9:94.85%']
The model is from round 35 from central server, staleness is 0

Cluster round 1 completed, aggregated models from all the clients, time past : 20300msec, loss : 0.49, accuracy 87.12%
Accuracy per label : ['0:94.49%', '1:97.36%', '2:90.70%', '3:89.21%', '4:58.15%', '5:85.87%', '6:95.41%', '7:72.47%', '8:86.14%', '9:100.00%']

Before aggregation, loss : 0.12, accuracy : 96.48%
Before aggregation, accuracy per label : ['0:98.98%', '1:98.94%', '2:97.29%', '3:96.04%', '4:96.33%', '5:95.85%', '6:97.08%', '7:93.48%', '8:95.69%', '9:94.85%']
Aggregation to central server completed at central server round 36, loss : 0.12, accuracy : 96.48%
Accuracy per label after aggregation : ['0:98.98%', '1:98.94%', '2:97.38%', '3:96.04%', '4:96.33%', '5:95.85%', '6:96.97%', '7:93.48%', '8:95.79%', '9:94.75%']

-----------------------------------------------------

Central server round 37 started
Model sent from central server with 0msec communication time, with loss :0.12, accuracy : 96.48%
Accuracy per label : ['0:98.98%', '1:98.94%', '2:97.38%', '3:96.04%', '4:96.33%', '5:95.85%', '6:96.97%', '7:93.48%', '8:95.79%', '9:94.75%']
The model is from round 36 from central server, staleness is 0

Cluster round 1 completed, aggregated models from all the clients, time past : 20300msec, loss : 0.49, accuracy 87.23%
Accuracy per label : ['0:94.39%', '1:97.36%', '2:90.99%', '3:89.50%', '4:58.04%', '5:86.10%', '6:95.30%', '7:72.76%', '8:86.45%', '9:100.00%']

Before aggregation, loss : 0.12, accuracy : 96.48%
Before aggregation, accuracy per label : ['0:98.98%', '1:98.94%', '2:97.38%', '3:96.04%', '4:96.33%', '5:95.85%', '6:96.97%', '7:93.48%', '8:95.79%', '9:94.75%']
Aggregation to central server completed at central server round 37, loss : 0.12, accuracy : 96.50%
Accuracy per label after aggregation : ['0:98.98%', '1:98.94%', '2:97.29%', '3:96.14%', '4:96.33%', '5:95.74%', '6:97.08%', '7:93.58%', '8:95.89%', '9:94.75%']

-----------------------------------------------------

Central server round 38 started
Model sent from central server with 0msec communication time, with loss :0.12, accuracy : 96.50%
Accuracy per label : ['0:98.98%', '1:98.94%', '2:97.29%', '3:96.14%', '4:96.33%', '5:95.74%', '6:97.08%', '7:93.58%', '8:95.89%', '9:94.75%']
The model is from round 37 from central server, staleness is 0

Cluster round 1 completed, aggregated models from all the clients, time past : 20300msec, loss : 0.48, accuracy 87.44%
Accuracy per label : ['0:94.39%', '1:97.44%', '2:90.99%', '3:89.70%', '4:59.27%', '5:85.87%', '6:95.62%', '7:73.05%', '8:86.65%', '9:100.00%']

Before aggregation, loss : 0.12, accuracy : 96.50%
Before aggregation, accuracy per label : ['0:98.98%', '1:98.94%', '2:97.29%', '3:96.14%', '4:96.33%', '5:95.74%', '6:97.08%', '7:93.58%', '8:95.89%', '9:94.75%']
Aggregation to central server completed at central server round 38, loss : 0.12, accuracy : 96.53%
Accuracy per label after aggregation : ['0:98.98%', '1:98.94%', '2:97.19%', '3:96.14%', '4:96.44%', '5:95.85%', '6:97.18%', '7:93.58%', '8:95.89%', '9:94.85%']

-----------------------------------------------------

Central server round 39 started
Model sent from central server with 0msec communication time, with loss :0.12, accuracy : 96.53%
Accuracy per label : ['0:98.98%', '1:98.94%', '2:97.19%', '3:96.14%', '4:96.44%', '5:95.85%', '6:97.18%', '7:93.58%', '8:95.89%', '9:94.85%']
The model is from round 38 from central server, staleness is 0

Cluster round 1 completed, aggregated models from all the clients, time past : 20300msec, loss : 0.48, accuracy 87.51%
Accuracy per label : ['0:94.39%', '1:97.36%', '2:91.18%', '3:89.70%', '4:59.67%', '5:85.87%', '6:95.41%', '7:73.25%', '8:86.86%', '9:100.00%']

Before aggregation, loss : 0.12, accuracy : 96.53%
Before aggregation, accuracy per label : ['0:98.98%', '1:98.94%', '2:97.19%', '3:96.14%', '4:96.44%', '5:95.85%', '6:97.18%', '7:93.58%', '8:95.89%', '9:94.85%']
Aggregation to central server completed at central server round 39, loss : 0.12, accuracy : 96.61%
Accuracy per label after aggregation : ['0:98.98%', '1:98.94%', '2:97.29%', '3:96.24%', '4:96.64%', '5:95.85%', '6:97.39%', '7:93.68%', '8:96.00%', '9:94.85%']

-----------------------------------------------------

Central server round 40 started
Model sent from central server with 0msec communication time, with loss :0.12, accuracy : 96.61%
Accuracy per label : ['0:98.98%', '1:98.94%', '2:97.29%', '3:96.24%', '4:96.64%', '5:95.85%', '6:97.39%', '7:93.68%', '8:96.00%', '9:94.85%']
The model is from round 39 from central server, staleness is 0

Cluster round 1 completed, aggregated models from all the clients, time past : 20300msec, loss : 0.48, accuracy 87.53%
Accuracy per label : ['0:94.29%', '1:97.44%', '2:91.28%', '3:89.70%', '4:59.67%', '5:85.87%', '6:95.41%', '7:73.15%', '8:87.06%', '9:100.00%']

Before aggregation, loss : 0.12, accuracy : 96.61%
Before aggregation, accuracy per label : ['0:98.98%', '1:98.94%', '2:97.29%', '3:96.24%', '4:96.64%', '5:95.85%', '6:97.39%', '7:93.68%', '8:96.00%', '9:94.85%']
Aggregation to central server completed at central server round 40, loss : 0.12, accuracy : 96.65%
Accuracy per label after aggregation : ['0:99.18%', '1:98.94%', '2:97.38%', '3:96.24%', '4:96.74%', '5:95.85%', '6:97.39%', '7:93.68%', '8:96.00%', '9:94.85%']

-----------------------------------------------------

Central server round 41 started
Model sent from central server with 0msec communication time, with loss :0.12, accuracy : 96.65%
Accuracy per label : ['0:99.18%', '1:98.94%', '2:97.38%', '3:96.24%', '4:96.74%', '5:95.85%', '6:97.39%', '7:93.68%', '8:96.00%', '9:94.85%']
The model is from round 40 from central server, staleness is 0

Cluster round 1 completed, aggregated models from all the clients, time past : 20300msec, loss : 0.48, accuracy 87.55%
Accuracy per label : ['0:94.29%', '1:97.36%', '2:91.38%', '3:89.80%', '4:59.57%', '5:86.10%', '6:95.41%', '7:73.15%', '8:87.06%', '9:100.00%']

Before aggregation, loss : 0.12, accuracy : 96.65%
Before aggregation, accuracy per label : ['0:99.18%', '1:98.94%', '2:97.38%', '3:96.24%', '4:96.74%', '5:95.85%', '6:97.39%', '7:93.68%', '8:96.00%', '9:94.85%']
Aggregation to central server completed at central server round 41, loss : 0.12, accuracy : 96.64%
Accuracy per label after aggregation : ['0:99.18%', '1:98.85%', '2:97.38%', '3:96.24%', '4:96.74%', '5:95.85%', '6:97.39%', '7:93.68%', '8:96.00%', '9:94.85%']

-----------------------------------------------------

Central server round 42 started
Model sent from central server with 0msec communication time, with loss :0.12, accuracy : 96.64%
Accuracy per label : ['0:99.18%', '1:98.85%', '2:97.38%', '3:96.24%', '4:96.74%', '5:95.85%', '6:97.39%', '7:93.68%', '8:96.00%', '9:94.85%']
The model is from round 41 from central server, staleness is 0

Cluster round 1 completed, aggregated models from all the clients, time past : 20300msec, loss : 0.48, accuracy 87.62%
Accuracy per label : ['0:94.29%', '1:97.36%', '2:91.57%', '3:89.90%', '4:59.88%', '5:85.87%', '6:95.62%', '7:73.25%', '8:87.06%', '9:100.00%']

Before aggregation, loss : 0.12, accuracy : 96.64%
Before aggregation, accuracy per label : ['0:99.18%', '1:98.85%', '2:97.38%', '3:96.24%', '4:96.74%', '5:95.85%', '6:97.39%', '7:93.68%', '8:96.00%', '9:94.85%']
Aggregation to central server completed at central server round 42, loss : 0.12, accuracy : 96.66%
Accuracy per label after aggregation : ['0:99.18%', '1:98.85%', '2:97.48%', '3:96.24%', '4:96.74%', '5:95.85%', '6:97.39%', '7:93.87%', '8:96.00%', '9:94.75%']

-----------------------------------------------------

Central server round 43 started
Model sent from central server with 0msec communication time, with loss :0.12, accuracy : 96.66%
Accuracy per label : ['0:99.18%', '1:98.85%', '2:97.48%', '3:96.24%', '4:96.74%', '5:95.85%', '6:97.39%', '7:93.87%', '8:96.00%', '9:94.75%']
The model is from round 42 from central server, staleness is 0

Cluster round 1 completed, aggregated models from all the clients, time past : 20300msec, loss : 0.48, accuracy 87.62%
Accuracy per label : ['0:94.18%', '1:97.44%', '2:91.57%', '3:89.90%', '4:59.88%', '5:85.76%', '6:95.72%', '7:73.15%', '8:87.17%', '9:100.00%']

Before aggregation, loss : 0.12, accuracy : 96.66%
Before aggregation, accuracy per label : ['0:99.18%', '1:98.85%', '2:97.48%', '3:96.24%', '4:96.74%', '5:95.85%', '6:97.39%', '7:93.87%', '8:96.00%', '9:94.75%']
Aggregation to central server completed at central server round 43, loss : 0.12, accuracy : 96.68%
Accuracy per label after aggregation : ['0:99.18%', '1:98.94%', '2:97.48%', '3:96.24%', '4:96.74%', '5:95.85%', '6:97.39%', '7:93.87%', '8:96.10%', '9:94.75%']

-----------------------------------------------------

Central server round 44 started
Model sent from central server with 0msec communication time, with loss :0.12, accuracy : 96.68%
Accuracy per label : ['0:99.18%', '1:98.94%', '2:97.48%', '3:96.24%', '4:96.74%', '5:95.85%', '6:97.39%', '7:93.87%', '8:96.10%', '9:94.75%']
The model is from round 43 from central server, staleness is 0

Cluster round 1 completed, aggregated models from all the clients, time past : 20300msec, loss : 0.49, accuracy 87.63%
Accuracy per label : ['0:94.08%', '1:97.27%', '2:91.96%', '3:90.00%', '4:59.88%', '5:85.43%', '6:95.72%', '7:73.05%', '8:87.47%', '9:100.00%']

Before aggregation, loss : 0.12, accuracy : 96.68%
Before aggregation, accuracy per label : ['0:99.18%', '1:98.94%', '2:97.48%', '3:96.24%', '4:96.74%', '5:95.85%', '6:97.39%', '7:93.87%', '8:96.10%', '9:94.75%']
Aggregation to central server completed at central server round 44, loss : 0.12, accuracy : 96.69%
Accuracy per label after aggregation : ['0:99.18%', '1:98.94%', '2:97.48%', '3:96.24%', '4:96.74%', '5:95.85%', '6:97.39%', '7:93.97%', '8:96.10%', '9:94.75%']

-----------------------------------------------------

Central server round 45 started
Model sent from central server with 0msec communication time, with loss :0.12, accuracy : 96.69%
Accuracy per label : ['0:99.18%', '1:98.94%', '2:97.48%', '3:96.24%', '4:96.74%', '5:95.85%', '6:97.39%', '7:93.97%', '8:96.10%', '9:94.75%']
The model is from round 44 from central server, staleness is 0

Cluster round 1 completed, aggregated models from all the clients, time past : 20300msec, loss : 0.49, accuracy 87.62%
Accuracy per label : ['0:94.08%', '1:97.44%', '2:91.96%', '3:89.90%', '4:59.88%', '5:85.31%', '6:95.72%', '7:72.96%', '8:87.47%', '9:100.00%']

Before aggregation, loss : 0.12, accuracy : 96.69%
Before aggregation, accuracy per label : ['0:99.18%', '1:98.94%', '2:97.48%', '3:96.24%', '4:96.74%', '5:95.85%', '6:97.39%', '7:93.97%', '8:96.10%', '9:94.75%']
Aggregation to central server completed at central server round 45, loss : 0.12, accuracy : 96.69%
Accuracy per label after aggregation : ['0:99.18%', '1:98.94%', '2:97.58%', '3:96.24%', '4:96.74%', '5:95.85%', '6:97.39%', '7:93.87%', '8:96.10%', '9:94.75%']

-----------------------------------------------------

Central server round 46 started
Model sent from central server with 0msec communication time, with loss :0.12, accuracy : 96.69%
Accuracy per label : ['0:99.18%', '1:98.94%', '2:97.58%', '3:96.24%', '4:96.74%', '5:95.85%', '6:97.39%', '7:93.87%', '8:96.10%', '9:94.75%']
The model is from round 45 from central server, staleness is 0

Cluster round 1 completed, aggregated models from all the clients, time past : 20300msec, loss : 0.49, accuracy 87.64%
Accuracy per label : ['0:93.98%', '1:97.71%', '2:92.05%', '3:90.00%', '4:59.88%', '5:85.09%', '6:95.72%', '7:72.96%', '8:87.47%', '9:100.00%']

Before aggregation, loss : 0.12, accuracy : 96.69%
Before aggregation, accuracy per label : ['0:99.18%', '1:98.94%', '2:97.58%', '3:96.24%', '4:96.74%', '5:95.85%', '6:97.39%', '7:93.87%', '8:96.10%', '9:94.75%']
Aggregation to central server completed at central server round 46, loss : 0.12, accuracy : 96.71%
Accuracy per label after aggregation : ['0:99.18%', '1:98.94%', '2:97.58%', '3:96.34%', '4:96.74%', '5:95.85%', '6:97.39%', '7:93.87%', '8:96.20%', '9:94.75%']

-----------------------------------------------------

Central server round 47 started
Model sent from central server with 0msec communication time, with loss :0.12, accuracy : 96.71%
Accuracy per label : ['0:99.18%', '1:98.94%', '2:97.58%', '3:96.34%', '4:96.74%', '5:95.85%', '6:97.39%', '7:93.87%', '8:96.20%', '9:94.75%']
The model is from round 46 from central server, staleness is 0

Cluster round 1 completed, aggregated models from all the clients, time past : 20300msec, loss : 0.49, accuracy 87.67%
Accuracy per label : ['0:93.98%', '1:97.53%', '2:92.15%', '3:89.90%', '4:60.29%', '5:85.20%', '6:95.72%', '7:72.96%', '8:87.47%', '9:100.00%']

Before aggregation, loss : 0.12, accuracy : 96.71%
Before aggregation, accuracy per label : ['0:99.18%', '1:98.94%', '2:97.58%', '3:96.34%', '4:96.74%', '5:95.85%', '6:97.39%', '7:93.87%', '8:96.20%', '9:94.75%']
Aggregation to central server completed at central server round 47, loss : 0.12, accuracy : 96.71%
Accuracy per label after aggregation : ['0:99.18%', '1:98.94%', '2:97.48%', '3:96.44%', '4:96.84%', '5:95.85%', '6:97.29%', '7:93.87%', '8:96.20%', '9:94.75%']

-----------------------------------------------------

Central server round 48 started
Model sent from central server with 0msec communication time, with loss :0.12, accuracy : 96.71%
Accuracy per label : ['0:99.18%', '1:98.94%', '2:97.48%', '3:96.44%', '4:96.84%', '5:95.85%', '6:97.29%', '7:93.87%', '8:96.20%', '9:94.75%']
The model is from round 47 from central server, staleness is 0

Cluster round 1 completed, aggregated models from all the clients, time past : 20300msec, loss : 0.49, accuracy 87.68%
Accuracy per label : ['0:93.98%', '1:97.44%', '2:92.15%', '3:89.90%', '4:60.39%', '5:85.09%', '6:95.72%', '7:72.96%', '8:87.68%', '9:100.00%']

Before aggregation, loss : 0.12, accuracy : 96.71%
Before aggregation, accuracy per label : ['0:99.18%', '1:98.94%', '2:97.48%', '3:96.44%', '4:96.84%', '5:95.85%', '6:97.29%', '7:93.87%', '8:96.20%', '9:94.75%']
Aggregation to central server completed at central server round 48, loss : 0.12, accuracy : 96.75%
Accuracy per label after aggregation : ['0:99.18%', '1:98.94%', '2:97.48%', '3:96.63%', '4:96.84%', '5:95.96%', '6:97.29%', '7:93.97%', '8:96.20%', '9:94.75%']

-----------------------------------------------------

Central server round 49 started
Model sent from central server with 0msec communication time, with loss :0.12, accuracy : 96.75%
Accuracy per label : ['0:99.18%', '1:98.94%', '2:97.48%', '3:96.63%', '4:96.84%', '5:95.96%', '6:97.29%', '7:93.97%', '8:96.20%', '9:94.75%']
The model is from round 48 from central server, staleness is 0

Cluster round 1 completed, aggregated models from all the clients, time past : 20300msec, loss : 0.49, accuracy 87.73%
Accuracy per label : ['0:93.88%', '1:97.53%', '2:92.44%', '3:89.90%', '4:60.59%', '5:85.20%', '6:95.82%', '7:72.76%', '8:87.68%', '9:100.00%']

Before aggregation, loss : 0.12, accuracy : 96.75%
Before aggregation, accuracy per label : ['0:99.18%', '1:98.94%', '2:97.48%', '3:96.63%', '4:96.84%', '5:95.96%', '6:97.29%', '7:93.97%', '8:96.20%', '9:94.75%']
Aggregation to central server completed at central server round 49, loss : 0.12, accuracy : 96.76%
Accuracy per label after aggregation : ['0:99.18%', '1:98.94%', '2:97.58%', '3:96.63%', '4:96.84%', '5:95.96%', '6:97.29%', '7:93.97%', '8:96.20%', '9:94.75%']

-----------------------------------------------------

Central server round 50 started
Model sent from central server with 0msec communication time, with loss :0.12, accuracy : 96.76%
Accuracy per label : ['0:99.18%', '1:98.94%', '2:97.58%', '3:96.63%', '4:96.84%', '5:95.96%', '6:97.29%', '7:93.97%', '8:96.20%', '9:94.75%']
The model is from round 49 from central server, staleness is 0

Cluster round 1 completed, aggregated models from all the clients, time past : 20300msec, loss : 0.49, accuracy 87.81%
Accuracy per label : ['0:93.88%', '1:97.53%', '2:92.54%', '3:90.00%', '4:60.59%', '5:85.31%', '6:96.14%', '7:72.67%', '8:87.99%', '9:100.00%']

Before aggregation, loss : 0.12, accuracy : 96.76%
Before aggregation, accuracy per label : ['0:99.18%', '1:98.94%', '2:97.58%', '3:96.63%', '4:96.84%', '5:95.96%', '6:97.29%', '7:93.97%', '8:96.20%', '9:94.75%']
Aggregation to central server completed at central server round 50, loss : 0.12, accuracy : 96.78%
Accuracy per label after aggregation : ['0:99.18%', '1:99.03%', '2:97.58%', '3:96.63%', '4:96.84%', '5:95.96%', '6:97.29%', '7:93.97%', '8:96.30%', '9:94.75%']

-----------------------------------------------------

Central server round 51 started
Model sent from central server with 0msec communication time, with loss :0.12, accuracy : 96.78%
Accuracy per label : ['0:99.18%', '1:99.03%', '2:97.58%', '3:96.63%', '4:96.84%', '5:95.96%', '6:97.29%', '7:93.97%', '8:96.30%', '9:94.75%']
The model is from round 50 from central server, staleness is 0

Cluster round 1 completed, aggregated models from all the clients, time past : 20300msec, loss : 0.50, accuracy 87.83%
Accuracy per label : ['0:93.88%', '1:97.53%', '2:92.54%', '3:90.00%', '4:60.79%', '5:85.43%', '6:96.24%', '7:72.47%', '8:87.99%', '9:100.00%']

Before aggregation, loss : 0.12, accuracy : 96.78%
Before aggregation, accuracy per label : ['0:99.18%', '1:99.03%', '2:97.58%', '3:96.63%', '4:96.84%', '5:95.96%', '6:97.29%', '7:93.97%', '8:96.30%', '9:94.75%']
Aggregation to central server completed at central server round 51, loss : 0.12, accuracy : 96.78%
Accuracy per label after aggregation : ['0:99.18%', '1:99.03%', '2:97.58%', '3:96.63%', '4:96.84%', '5:95.96%', '6:97.29%', '7:93.87%', '8:96.41%', '9:94.75%']

-----------------------------------------------------

Central server round 52 started
Model sent from central server with 0msec communication time, with loss :0.12, accuracy : 96.78%
Accuracy per label : ['0:99.18%', '1:99.03%', '2:97.58%', '3:96.63%', '4:96.84%', '5:95.96%', '6:97.29%', '7:93.87%', '8:96.41%', '9:94.75%']
The model is from round 51 from central server, staleness is 0

Cluster round 1 completed, aggregated models from all the clients, time past : 20300msec, loss : 0.50, accuracy 87.75%
Accuracy per label : ['0:93.78%', '1:97.53%', '2:92.83%', '3:89.90%', '4:60.39%', '5:85.31%', '6:96.24%', '7:71.98%', '8:88.09%', '9:100.00%']

Before aggregation, loss : 0.12, accuracy : 96.78%
Before aggregation, accuracy per label : ['0:99.18%', '1:99.03%', '2:97.58%', '3:96.63%', '4:96.84%', '5:95.96%', '6:97.29%', '7:93.87%', '8:96.41%', '9:94.75%']
Aggregation to central server completed at central server round 52, loss : 0.12, accuracy : 96.80%
Accuracy per label after aggregation : ['0:99.18%', '1:99.03%', '2:97.67%', '3:96.73%', '4:96.74%', '5:95.96%', '6:97.29%', '7:94.07%', '8:96.30%', '9:94.75%']

-----------------------------------------------------

Central server round 53 started
Model sent from central server with 0msec communication time, with loss :0.12, accuracy : 96.80%
Accuracy per label : ['0:99.18%', '1:99.03%', '2:97.67%', '3:96.73%', '4:96.74%', '5:95.96%', '6:97.29%', '7:94.07%', '8:96.30%', '9:94.75%']
The model is from round 52 from central server, staleness is 0

Cluster round 1 completed, aggregated models from all the clients, time past : 20300msec, loss : 0.50, accuracy 87.85%
Accuracy per label : ['0:93.98%', '1:97.53%', '2:93.02%', '3:90.00%', '4:60.69%', '5:85.43%', '6:96.24%', '7:72.08%', '8:88.09%', '9:100.00%']

Before aggregation, loss : 0.12, accuracy : 96.80%
Before aggregation, accuracy per label : ['0:99.18%', '1:99.03%', '2:97.67%', '3:96.73%', '4:96.74%', '5:95.96%', '6:97.29%', '7:94.07%', '8:96.30%', '9:94.75%']
Aggregation to central server completed at central server round 53, loss : 0.12, accuracy : 96.79%
Accuracy per label after aggregation : ['0:99.18%', '1:99.03%', '2:97.67%', '3:96.63%', '4:96.74%', '5:95.96%', '6:97.29%', '7:93.97%', '8:96.41%', '9:94.75%']

-----------------------------------------------------

Central server round 54 started
Model sent from central server with 0msec communication time, with loss :0.12, accuracy : 96.79%
Accuracy per label : ['0:99.18%', '1:99.03%', '2:97.67%', '3:96.63%', '4:96.74%', '5:95.96%', '6:97.29%', '7:93.97%', '8:96.41%', '9:94.75%']
The model is from round 53 from central server, staleness is 0

Cluster round 1 completed, aggregated models from all the clients, time past : 20300msec, loss : 0.50, accuracy 87.90%
Accuracy per label : ['0:93.98%', '1:97.53%', '2:93.12%', '3:89.90%', '4:60.79%', '5:85.65%', '6:96.24%', '7:72.28%', '8:88.09%', '9:100.00%']

Before aggregation, loss : 0.12, accuracy : 96.79%
Before aggregation, accuracy per label : ['0:99.18%', '1:99.03%', '2:97.67%', '3:96.63%', '4:96.74%', '5:95.96%', '6:97.29%', '7:93.97%', '8:96.41%', '9:94.75%']
Aggregation to central server completed at central server round 54, loss : 0.12, accuracy : 96.82%
Accuracy per label after aggregation : ['0:99.18%', '1:99.03%', '2:97.67%', '3:96.73%', '4:96.84%', '5:96.08%', '6:97.29%', '7:93.97%', '8:96.41%', '9:94.75%']

-----------------------------------------------------

Central server round 55 started
Model sent from central server with 0msec communication time, with loss :0.12, accuracy : 96.82%
Accuracy per label : ['0:99.18%', '1:99.03%', '2:97.67%', '3:96.73%', '4:96.84%', '5:96.08%', '6:97.29%', '7:93.97%', '8:96.41%', '9:94.75%']
The model is from round 54 from central server, staleness is 0

Cluster round 1 completed, aggregated models from all the clients, time past : 20300msec, loss : 0.50, accuracy 87.97%
Accuracy per label : ['0:93.88%', '1:97.53%', '2:93.41%', '3:90.00%', '4:61.00%', '5:85.76%', '6:96.35%', '7:72.28%', '8:88.09%', '9:100.00%']

Before aggregation, loss : 0.12, accuracy : 96.82%
Before aggregation, accuracy per label : ['0:99.18%', '1:99.03%', '2:97.67%', '3:96.73%', '4:96.84%', '5:96.08%', '6:97.29%', '7:93.97%', '8:96.41%', '9:94.75%']
Aggregation to central server completed at central server round 55, loss : 0.12, accuracy : 96.82%
Accuracy per label after aggregation : ['0:99.18%', '1:99.03%', '2:97.67%', '3:96.73%', '4:96.84%', '5:96.08%', '6:97.29%', '7:93.97%', '8:96.41%', '9:94.75%']

-----------------------------------------------------

Central server round 56 started
Model sent from central server with 0msec communication time, with loss :0.12, accuracy : 96.82%
Accuracy per label : ['0:99.18%', '1:99.03%', '2:97.67%', '3:96.73%', '4:96.84%', '5:96.08%', '6:97.29%', '7:93.97%', '8:96.41%', '9:94.75%']
The model is from round 55 from central server, staleness is 0

Cluster round 1 completed, aggregated models from all the clients, time past : 20300msec, loss : 0.50, accuracy 88.03%
Accuracy per label : ['0:93.78%', '1:97.53%', '2:93.60%', '3:89.90%', '4:61.41%', '5:85.87%', '6:96.35%', '7:72.37%', '8:88.09%', '9:100.00%']

Before aggregation, loss : 0.12, accuracy : 96.82%
Before aggregation, accuracy per label : ['0:99.18%', '1:99.03%', '2:97.67%', '3:96.73%', '4:96.84%', '5:96.08%', '6:97.29%', '7:93.97%', '8:96.41%', '9:94.75%']
Aggregation to central server completed at central server round 56, loss : 0.12, accuracy : 96.81%
Accuracy per label after aggregation : ['0:99.18%', '1:99.03%', '2:97.67%', '3:96.73%', '4:96.84%', '5:96.08%', '6:97.18%', '7:93.97%', '8:96.41%', '9:94.75%']

-----------------------------------------------------

Central server round 57 started
Model sent from central server with 0msec communication time, with loss :0.12, accuracy : 96.81%
Accuracy per label : ['0:99.18%', '1:99.03%', '2:97.67%', '3:96.73%', '4:96.84%', '5:96.08%', '6:97.18%', '7:93.97%', '8:96.41%', '9:94.75%']
The model is from round 56 from central server, staleness is 0

Cluster round 1 completed, aggregated models from all the clients, time past : 20300msec, loss : 0.50, accuracy 88.09%
Accuracy per label : ['0:93.67%', '1:97.62%', '2:93.60%', '3:90.00%', '4:61.61%', '5:85.87%', '6:96.45%', '7:72.57%', '8:88.09%', '9:100.00%']

Before aggregation, loss : 0.12, accuracy : 96.81%
Before aggregation, accuracy per label : ['0:99.18%', '1:99.03%', '2:97.67%', '3:96.73%', '4:96.84%', '5:96.08%', '6:97.18%', '7:93.97%', '8:96.41%', '9:94.75%']
Aggregation to central server completed at central server round 57, loss : 0.12, accuracy : 96.82%
Accuracy per label after aggregation : ['0:99.18%', '1:99.03%', '2:97.67%', '3:96.73%', '4:96.84%', '5:96.08%', '6:97.29%', '7:93.97%', '8:96.41%', '9:94.75%']

-----------------------------------------------------

Central server round 58 started
Model sent from central server with 0msec communication time, with loss :0.12, accuracy : 96.82%
Accuracy per label : ['0:99.18%', '1:99.03%', '2:97.67%', '3:96.73%', '4:96.84%', '5:96.08%', '6:97.29%', '7:93.97%', '8:96.41%', '9:94.75%']
The model is from round 57 from central server, staleness is 0

Cluster round 1 completed, aggregated models from all the clients, time past : 20300msec, loss : 0.50, accuracy 88.12%
Accuracy per label : ['0:93.67%', '1:97.62%', '2:93.60%', '3:90.00%', '4:61.71%', '5:85.87%', '6:96.45%', '7:72.57%', '8:88.30%', '9:100.00%']

Before aggregation, loss : 0.12, accuracy : 96.82%
Before aggregation, accuracy per label : ['0:99.18%', '1:99.03%', '2:97.67%', '3:96.73%', '4:96.84%', '5:96.08%', '6:97.29%', '7:93.97%', '8:96.41%', '9:94.75%']
Aggregation to central server completed at central server round 58, loss : 0.12, accuracy : 96.82%
Accuracy per label after aggregation : ['0:99.18%', '1:99.03%', '2:97.67%', '3:96.73%', '4:96.84%', '5:96.08%', '6:97.29%', '7:93.97%', '8:96.41%', '9:94.75%']

-----------------------------------------------------

Central server round 59 started
Model sent from central server with 0msec communication time, with loss :0.12, accuracy : 96.82%
Accuracy per label : ['0:99.18%', '1:99.03%', '2:97.67%', '3:96.73%', '4:96.84%', '5:96.08%', '6:97.29%', '7:93.97%', '8:96.41%', '9:94.75%']
The model is from round 58 from central server, staleness is 0

Cluster round 1 completed, aggregated models from all the clients, time past : 20300msec, loss : 0.50, accuracy 88.17%
Accuracy per label : ['0:93.78%', '1:97.62%', '2:93.60%', '3:90.10%', '4:61.81%', '5:85.87%', '6:96.45%', '7:72.57%', '8:88.50%', '9:100.00%']

Before aggregation, loss : 0.12, accuracy : 96.82%
Before aggregation, accuracy per label : ['0:99.18%', '1:99.03%', '2:97.67%', '3:96.73%', '4:96.84%', '5:96.08%', '6:97.29%', '7:93.97%', '8:96.41%', '9:94.75%']
Aggregation to central server completed at central server round 59, loss : 0.12, accuracy : 96.83%
Accuracy per label after aggregation : ['0:99.18%', '1:99.03%', '2:97.67%', '3:96.73%', '4:96.95%', '5:96.08%', '6:97.29%', '7:93.97%', '8:96.41%', '9:94.75%']

-----------------------------------------------------

Central server round 60 started
Model sent from central server with 0msec communication time, with loss :0.12, accuracy : 96.83%
Accuracy per label : ['0:99.18%', '1:99.03%', '2:97.67%', '3:96.73%', '4:96.95%', '5:96.08%', '6:97.29%', '7:93.97%', '8:96.41%', '9:94.75%']
The model is from round 59 from central server, staleness is 0

Cluster round 1 completed, aggregated models from all the clients, time past : 20300msec, loss : 0.51, accuracy 88.13%
Accuracy per label : ['0:93.67%', '1:97.62%', '2:93.60%', '3:90.10%', '4:61.51%', '5:85.76%', '6:96.45%', '7:72.67%', '8:88.50%', '9:100.00%']

Before aggregation, loss : 0.12, accuracy : 96.83%
Before aggregation, accuracy per label : ['0:99.18%', '1:99.03%', '2:97.67%', '3:96.73%', '4:96.95%', '5:96.08%', '6:97.29%', '7:93.97%', '8:96.41%', '9:94.75%']
Aggregation to central server completed at central server round 60, loss : 0.12, accuracy : 96.83%
Accuracy per label after aggregation : ['0:99.18%', '1:99.03%', '2:97.67%', '3:96.73%', '4:96.95%', '5:96.08%', '6:97.29%', '7:93.97%', '8:96.41%', '9:94.75%']

-----------------------------------------------------

Central server round 61 started
Model sent from central server with 0msec communication time, with loss :0.12, accuracy : 96.83%
Accuracy per label : ['0:99.18%', '1:99.03%', '2:97.67%', '3:96.73%', '4:96.95%', '5:96.08%', '6:97.29%', '7:93.97%', '8:96.41%', '9:94.75%']
The model is from round 60 from central server, staleness is 0

Cluster round 1 completed, aggregated models from all the clients, time past : 20300msec, loss : 0.51, accuracy 88.20%
Accuracy per label : ['0:93.67%', '1:97.62%', '2:93.51%', '3:90.10%', '4:61.81%', '5:86.10%', '6:96.45%', '7:72.76%', '8:88.60%', '9:100.00%']

Before aggregation, loss : 0.12, accuracy : 96.83%
Before aggregation, accuracy per label : ['0:99.18%', '1:99.03%', '2:97.67%', '3:96.73%', '4:96.95%', '5:96.08%', '6:97.29%', '7:93.97%', '8:96.41%', '9:94.75%']
Aggregation to central server completed at central server round 61, loss : 0.12, accuracy : 96.84%
Accuracy per label after aggregation : ['0:99.18%', '1:99.03%', '2:97.67%', '3:96.73%', '4:96.95%', '5:96.08%', '6:97.39%', '7:93.97%', '8:96.41%', '9:94.75%']

-----------------------------------------------------

Central server round 62 started
Model sent from central server with 0msec communication time, with loss :0.12, accuracy : 96.84%
Accuracy per label : ['0:99.18%', '1:99.03%', '2:97.67%', '3:96.73%', '4:96.95%', '5:96.08%', '6:97.39%', '7:93.97%', '8:96.41%', '9:94.75%']
The model is from round 61 from central server, staleness is 0

