Cluster 0 with 1 clients
Cluster communication time : 0
Cluster computation time : 5200
Cluster training time : 5200
Cluster clients : [0]
Label percentage: ['0 : 0.55%', '1 : 0.92%', '2 : 0.92%', '3 : 0.55%', '4 : 0.55%', '5 : 94.32%', '6 : 0.55%', '7 : 0.37%', '8 : 0.73%', '9 : 0.55%']%
Divergence : jsd 0.6245, tvd 0.8529

Cluster 1 with 1 clients
Cluster communication time : 0
Cluster computation time : 3500
Cluster training time : 3500
Cluster clients : [10]
Label percentage: ['0 : 94.78%', '1 : 1.01%', '2 : 0.67%', '3 : 0.67%', '4 : 0.34%', '5 : 0.34%', '6 : 0.67%', '7 : 0.17%', '8 : 1.01%', '9 : 0.34%']%
Divergence : jsd 0.6224, tvd 0.8491

Cluster 2 with 1 clients
Cluster communication time : 0
Cluster computation time : 5400
Cluster training time : 5400
Cluster clients : [20]
Label percentage: ['0 : 0.85%', '1 : 0.68%', '2 : 0.85%', '3 : 0.17%', '4 : 94.71%', '5 : 0.51%', '6 : 0.34%', '7 : 0.68%', '8 : 0.68%', '9 : 0.51%']%
Divergence : jsd 0.6217, tvd 0.8497

Cluster 3 with 1 clients
Cluster communication time : 0
Cluster computation time : 3700
Cluster training time : 3700
Cluster clients : [30]
Label percentage: ['0 : 1.19%', '1 : 95.53%', '2 : 0.45%', '3 : 0.15%', '4 : 0.45%', '5 : 0.30%', '6 : 0.45%', '7 : 0.75%', '8 : 0.30%', '9 : 0.45%']%
Divergence : jsd 0.6159, tvd 0.8429

Cluster 4 with 1 clients
Cluster communication time : 0
Cluster computation time : 5400
Cluster training time : 5400
Cluster clients : [40]
Label percentage: ['0 : 0.00%', '1 : 0.50%', '2 : 0.50%', '3 : 1.34%', '4 : 0.84%', '5 : 0.50%', '6 : 0.50%', '7 : 0.84%', '8 : 0.17%', '9 : 94.81%']%
Divergence : jsd 0.6265, tvd 0.8489

Cluster 5 with 1 clients
Cluster communication time : 0
Cluster computation time : 3500
Cluster training time : 3500
Cluster clients : [50]
Label percentage: ['0 : 0.34%', '1 : 0.84%', '2 : 94.81%', '3 : 0.67%', '4 : 0.84%', '5 : 0.50%', '6 : 0.67%', '7 : 0.17%', '8 : 0.34%', '9 : 0.84%']%
Divergence : jsd 0.6210, tvd 0.8488

Cluster 6 with 1 clients
Cluster communication time : 0
Cluster computation time : 5600
Cluster training time : 5600
Cluster clients : [60]
Label percentage: ['0 : 0.49%', '1 : 0.49%', '2 : 0.49%', '3 : 95.11%', '4 : 0.49%', '5 : 0.16%', '6 : 0.65%', '7 : 0.65%', '8 : 0.33%', '9 : 1.14%']%
Divergence : jsd 0.6224, tvd 0.8489

Cluster 7 with 1 clients
Cluster communication time : 0
Cluster computation time : 3500
Cluster training time : 3500
Cluster clients : [70]
Label percentage: ['0 : 0.84%', '1 : 0.51%', '2 : 0.34%', '3 : 0.34%', '4 : 1.01%', '5 : 0.51%', '6 : 94.94%', '7 : 0.51%', '8 : 0.34%', '9 : 0.67%']%
Divergence : jsd 0.6243, tvd 0.8508

Cluster 8 with 1 clients
Cluster communication time : 0
Cluster computation time : 5600
Cluster training time : 5600
Cluster clients : [80]
Label percentage: ['0 : 0.48%', '1 : 0.48%', '2 : 0.80%', '3 : 0.64%', '4 : 0.64%', '5 : 0.16%', '6 : 0.64%', '7 : 95.21%', '8 : 0.16%', '9 : 0.80%']%
Divergence : jsd 0.6209, tvd 0.8477

Cluster 9 with 1 clients
Cluster communication time : 0
Cluster computation time : 3500
Cluster training time : 3500
Cluster clients : [90]
Label percentage: ['0 : 0.34%', '1 : 0.51%', '2 : 0.51%', '3 : 0.51%', '4 : 0.34%', '5 : 0.51%', '6 : 0.51%', '7 : 0.85%', '8 : 94.88%', '9 : 1.02%']%
Divergence : jsd 0.6244, tvd 0.8513

