Unique id : 0, dataset size : 546
Communication time : 100, Computation time per batch : 100, Training time : 2000
['0:0.92%', '1:1.10%', '2:0.92%', '3:0.55%', '4:0.37%', '5:94.32%', '6:0.37%', '7:0.92%', '8:0.37%', '9:0.18%']
Divergence : jsd 0.6276, tvd 0.8529
labels from the first batch :[5, 5, 5, 5, 5, 5, 5, 5, 5, 5, 5, 5, 5, 5, 5, 5, 5, 5, 5, 5, 5, 5, 5, 5, 5, 5, 5, 5, 5, 5, 5, 5]

Unique id : 1, dataset size : 546
Communication time : 100, Computation time per batch : 100, Training time : 2000
['0:0.18%', '1:0.73%', '2:0.73%', '3:0.55%', '4:0.73%', '5:94.32%', '6:0.55%', '7:1.10%', '8:0.55%', '9:0.55%']
Divergence : jsd 0.6257, tvd 0.8529
labels from the first batch :[5, 5, 5, 5, 6, 5, 5, 5, 5, 5, 5, 5, 5, 5, 5, 5, 5, 5, 5, 5, 5, 5, 5, 5, 5, 5, 5, 5, 5, 5, 5, 5]

Unique id : 2, dataset size : 546
Communication time : 100, Computation time per batch : 100, Training time : 2000
['0:0.92%', '1:0.73%', '2:1.10%', '3:0.55%', '4:0.18%', '5:94.32%', '6:0.37%', '7:0.18%', '8:0.73%', '9:0.92%']
Divergence : jsd 0.6285, tvd 0.8529
labels from the first batch :[0, 5, 5, 5, 5, 1, 5, 5, 3, 5, 5, 5, 5, 5, 5, 5, 5, 5, 5, 5, 2, 5, 3, 5, 5, 5, 5, 5, 5, 5, 5, 5]

Unique id : 3, dataset size : 546
Communication time : 100, Computation time per batch : 100, Training time : 2000
['0:0.37%', '1:0.18%', '2:0.55%', '3:1.10%', '4:0.55%', '5:94.32%', '6:0.73%', '7:0.55%', '8:0.73%', '9:0.92%']
Divergence : jsd 0.6270, tvd 0.8529
labels from the first batch :[5, 5, 5, 5, 5, 5, 5, 5, 5, 5, 5, 5, 5, 5, 5, 5, 5, 5, 5, 5, 5, 5, 5, 5, 5, 5, 5, 5, 5, 8, 5, 5]

Unique id : 4, dataset size : 546
Communication time : 100, Computation time per batch : 100, Training time : 2000
['0:1.28%', '1:0.73%', '2:0.37%', '3:0.92%', '4:0.55%', '5:94.32%', '6:0.73%', '7:0.55%', '8:0.55%', '9:0.00%']
Divergence : jsd 0.6302, tvd 0.8529
labels from the first batch :[5, 5, 5, 5, 5, 5, 5, 5, 5, 5, 5, 5, 5, 0, 5, 5, 5, 5, 5, 5, 5, 5, 5, 5, 5, 5, 5, 5, 6, 5, 5, 5]

Unique id : 5, dataset size : 546
Communication time : 100, Computation time per batch : 100, Training time : 2000
['0:0.18%', '1:0.37%', '2:0.73%', '3:0.92%', '4:0.55%', '5:94.32%', '6:0.73%', '7:0.18%', '8:0.92%', '9:1.10%']
Divergence : jsd 0.6288, tvd 0.8529
labels from the first batch :[5, 5, 5, 5, 4, 5, 5, 5, 5, 5, 5, 5, 5, 5, 5, 5, 5, 5, 5, 5, 5, 5, 5, 9, 5, 5, 5, 5, 5, 5, 5, 5]

Unique id : 6, dataset size : 546
Communication time : 100, Computation time per batch : 100, Training time : 2000
['0:0.55%', '1:0.92%', '2:0.73%', '3:0.37%', '4:0.92%', '5:94.32%', '6:0.73%', '7:0.55%', '8:0.55%', '9:0.37%']
Divergence : jsd 0.6249, tvd 0.8529
labels from the first batch :[5, 5, 5, 5, 5, 5, 2, 5, 5, 5, 5, 5, 5, 5, 5, 5, 5, 5, 5, 5, 5, 5, 5, 5, 5, 5, 5, 5, 5, 4, 5, 6]

Unique id : 7, dataset size : 546
Communication time : 100, Computation time per batch : 100, Training time : 2000
['0:0.37%', '1:1.65%', '2:0.37%', '3:0.18%', '4:0.73%', '5:94.32%', '6:0.73%', '7:0.37%', '8:0.92%', '9:0.37%']
Divergence : jsd 0.6301, tvd 0.8529
labels from the first batch :[5, 5, 5, 5, 5, 5, 5, 5, 5, 5, 5, 5, 5, 5, 5, 5, 1, 5, 5, 5, 5, 5, 5, 5, 5, 5, 5, 5, 5, 5, 5, 5]

Unique id : 8, dataset size : 545
Communication time : 100, Computation time per batch : 100, Training time : 2000
['0:0.37%', '1:0.18%', '2:0.37%', '3:0.73%', '4:0.55%', '5:94.50%', '6:0.18%', '7:1.65%', '8:0.37%', '9:1.10%']
Divergence : jsd 0.6357, tvd 0.8546
labels from the first batch :[5, 5, 5, 5, 5, 5, 5, 5, 5, 5, 5, 5, 5, 5, 5, 5, 5, 5, 5, 5, 5, 5, 5, 5, 5, 5, 5, 5, 5, 5, 5, 5]

Unique id : 9, dataset size : 544
Communication time : 100, Computation time per batch : 100, Training time : 1900
['0:0.92%', '1:0.37%', '2:0.37%', '3:0.55%', '4:0.92%', '5:94.49%', '6:0.92%', '7:0.37%', '8:0.37%', '9:0.74%']
Divergence : jsd 0.6297, tvd 0.8545
labels from the first batch :[5, 0, 5, 5, 5, 5, 5, 5, 5, 5, 5, 5, 5, 5, 5, 5, 5, 5, 5, 5, 5, 5, 5, 5, 5, 5, 5, 5, 5, 5, 5, 5]

Unique id : 10, dataset size : 594
Communication time : 100, Computation time per batch : 100, Training time : 2100
['0:94.78%', '1:0.17%', '2:0.34%', '3:1.01%', '4:0.17%', '5:0.84%', '6:0.51%', '7:0.51%', '8:0.67%', '9:1.01%']
Divergence : jsd 0.6241, tvd 0.8491
labels from the first batch :[0, 0, 0, 0, 0, 9, 0, 0, 0, 0, 0, 0, 0, 0, 0, 0, 0, 0, 0, 7, 0, 0, 0, 0, 0, 0, 9, 0, 0, 0, 0, 0]

Unique id : 11, dataset size : 594
Communication time : 100, Computation time per batch : 100, Training time : 2100
['0:94.78%', '1:1.18%', '2:0.00%', '3:0.67%', '4:0.84%', '5:0.67%', '6:0.34%', '7:1.01%', '8:0.34%', '9:0.17%']
Divergence : jsd 0.6268, tvd 0.8491
labels from the first batch :[0, 0, 0, 0, 0, 0, 0, 0, 0, 0, 0, 0, 0, 0, 7, 0, 0, 0, 0, 7, 0, 0, 0, 0, 0, 0, 0, 0, 0, 0, 0, 0]

Unique id : 12, dataset size : 594
Communication time : 100, Computation time per batch : 100, Training time : 2100
['0:94.78%', '1:1.18%', '2:0.67%', '3:0.67%', '4:0.17%', '5:0.51%', '6:0.17%', '7:0.84%', '8:0.34%', '9:0.67%']
Divergence : jsd 0.6228, tvd 0.8491
labels from the first batch :[0, 0, 0, 0, 0, 0, 0, 0, 0, 0, 0, 0, 0, 0, 0, 0, 0, 0, 0, 0, 0, 0, 0, 0, 0, 0, 0, 0, 0, 0, 0, 0]

Unique id : 13, dataset size : 593
Communication time : 100, Computation time per batch : 100, Training time : 2100
['0:94.94%', '1:0.34%', '2:0.67%', '3:0.51%', '4:0.67%', '5:0.51%', '6:0.84%', '7:0.84%', '8:0.17%', '9:0.51%']
Divergence : jsd 0.6242, tvd 0.8507
labels from the first batch :[0, 0, 0, 0, 0, 0, 0, 0, 0, 0, 0, 0, 0, 0, 0, 0, 0, 0, 0, 0, 0, 4, 0, 0, 0, 0, 0, 0, 0, 0, 0, 0]

Unique id : 14, dataset size : 593
Communication time : 100, Computation time per batch : 100, Training time : 2100
['0:94.94%', '1:1.18%', '2:0.34%', '3:0.67%', '4:0.84%', '5:0.51%', '6:0.51%', '7:0.17%', '8:0.34%', '9:0.51%']
Divergence : jsd 0.6254, tvd 0.8507
labels from the first batch :[0, 0, 0, 0, 0, 0, 0, 0, 0, 0, 3, 0, 0, 0, 0, 0, 0, 0, 0, 0, 0, 1, 0, 0, 0, 0, 0, 0, 0, 0, 0, 0]

Unique id : 15, dataset size : 593
Communication time : 100, Computation time per batch : 100, Training time : 2100
['0:94.94%', '1:0.34%', '2:0.00%', '3:0.84%', '4:0.34%', '5:0.51%', '6:0.84%', '7:0.84%', '8:0.67%', '9:0.67%']
Divergence : jsd 0.6275, tvd 0.8507
labels from the first batch :[0, 0, 0, 0, 0, 0, 0, 0, 0, 0, 0, 0, 0, 0, 0, 0, 0, 0, 0, 0, 0, 0, 0, 0, 0, 0, 0, 0, 0, 0, 0, 0]

Unique id : 16, dataset size : 592
Communication time : 100, Computation time per batch : 100, Training time : 2100
['0:94.93%', '1:0.34%', '2:1.01%', '3:0.68%', '4:0.51%', '5:0.34%', '6:0.68%', '7:0.84%', '8:0.51%', '9:0.17%']
Divergence : jsd 0.6248, tvd 0.8506
labels from the first batch :[0, 0, 0, 0, 0, 3, 0, 0, 0, 0, 0, 0, 0, 0, 0, 0, 0, 0, 0, 0, 0, 0, 0, 8, 0, 0, 0, 0, 0, 0, 0, 4]

Unique id : 17, dataset size : 592
Communication time : 100, Computation time per batch : 100, Training time : 2100
['0:94.93%', '1:0.84%', '2:0.51%', '3:0.34%', '4:0.68%', '5:0.34%', '6:0.17%', '7:0.34%', '8:1.18%', '9:0.68%']
Divergence : jsd 0.6258, tvd 0.8506
labels from the first batch :[0, 0, 0, 0, 0, 7, 0, 0, 0, 0, 0, 0, 0, 0, 0, 0, 0, 0, 0, 0, 0, 0, 0, 0, 0, 0, 0, 0, 0, 0, 0, 0]

Unique id : 18, dataset size : 592
Communication time : 100, Computation time per batch : 100, Training time : 2100
['0:94.93%', '1:0.51%', '2:1.18%', '3:0.17%', '4:0.84%', '5:0.00%', '6:0.68%', '7:0.34%', '8:0.84%', '9:0.51%']
Divergence : jsd 0.6295, tvd 0.8506
labels from the first batch :[0, 0, 0, 0, 0, 0, 0, 2, 0, 0, 0, 0, 0, 0, 0, 0, 0, 0, 0, 0, 4, 0, 0, 0, 0, 0, 0, 0, 0, 0, 0, 0]

Unique id : 19, dataset size : 592
Communication time : 100, Computation time per batch : 100, Training time : 2100
['0:94.93%', '1:0.34%', '2:0.84%', '3:0.17%', '4:0.51%', '5:1.01%', '6:0.84%', '7:0.17%', '8:0.51%', '9:0.68%']
Divergence : jsd 0.6269, tvd 0.8506
labels from the first batch :[0, 0, 0, 0, 0, 0, 0, 0, 0, 0, 0, 0, 0, 0, 0, 0, 4, 0, 0, 6, 0, 0, 0, 0, 0, 0, 0, 0, 0, 0, 0, 0]

Unique id : 20, dataset size : 586
Communication time : 100, Computation time per batch : 100, Training time : 2100
['0:0.34%', '1:0.51%', '2:0.68%', '3:0.51%', '4:94.71%', '5:0.68%', '6:0.68%', '7:0.34%', '8:1.02%', '9:0.51%']
Divergence : jsd 0.6213, tvd 0.8497
labels from the first batch :[4, 4, 4, 4, 6, 4, 4, 4, 4, 4, 4, 4, 4, 4, 4, 4, 4, 4, 4, 4, 4, 4, 6, 4, 4, 4, 4, 4, 8, 4, 4, 4]

Unique id : 21, dataset size : 586
Communication time : 100, Computation time per batch : 100, Training time : 2100
['0:0.34%', '1:0.51%', '2:0.17%', '3:1.19%', '4:94.71%', '5:1.19%', '6:0.51%', '7:0.51%', '8:0.17%', '9:0.68%']
Divergence : jsd 0.6260, tvd 0.8497
labels from the first batch :[4, 4, 4, 4, 4, 4, 4, 4, 4, 4, 4, 4, 4, 4, 4, 4, 1, 4, 4, 4, 4, 4, 4, 4, 4, 4, 4, 9, 4, 4, 4, 4]

Unique id : 22, dataset size : 586
Communication time : 100, Computation time per batch : 100, Training time : 2100
['0:0.34%', '1:0.68%', '2:1.02%', '3:1.02%', '4:94.71%', '5:0.51%', '6:0.17%', '7:0.51%', '8:0.51%', '9:0.51%']
Divergence : jsd 0.6226, tvd 0.8497
labels from the first batch :[4, 4, 4, 4, 4, 4, 4, 4, 4, 4, 4, 4, 4, 7, 3, 4, 4, 4, 3, 4, 4, 4, 4, 5, 4, 4, 4, 4, 4, 4, 4, 4]

Unique id : 23, dataset size : 585
Communication time : 100, Computation time per batch : 100, Training time : 2100
['0:1.03%', '1:0.51%', '2:0.34%', '3:0.17%', '4:94.87%', '5:0.51%', '6:0.85%', '7:1.20%', '8:0.17%', '9:0.34%']
Divergence : jsd 0.6288, tvd 0.8514
labels from the first batch :[4, 4, 4, 4, 4, 4, 4, 4, 4, 4, 4, 1, 4, 4, 4, 4, 4, 4, 7, 4, 4, 4, 4, 4, 4, 4, 4, 4, 4, 4, 4, 4]

Unique id : 24, dataset size : 585
Communication time : 100, Computation time per batch : 100, Training time : 2100
['0:0.51%', '1:1.20%', '2:0.34%', '3:0.68%', '4:94.87%', '5:0.00%', '6:0.51%', '7:0.68%', '8:0.51%', '9:0.68%']
Divergence : jsd 0.6277, tvd 0.8514
labels from the first batch :[4, 4, 4, 4, 4, 4, 4, 4, 4, 4, 4, 4, 4, 4, 4, 4, 4, 4, 4, 9, 4, 4, 4, 4, 4, 4, 4, 4, 4, 4, 4, 1]

Unique id : 25, dataset size : 585
Communication time : 100, Computation time per batch : 100, Training time : 2100
['0:0.34%', '1:0.85%', '2:0.85%', '3:0.51%', '4:94.87%', '5:0.17%', '6:0.68%', '7:0.51%', '8:0.85%', '9:0.34%']
Divergence : jsd 0.6253, tvd 0.8514
labels from the first batch :[3, 4, 4, 4, 4, 4, 4, 4, 4, 4, 4, 4, 4, 1, 4, 4, 4, 4, 4, 4, 4, 4, 4, 4, 4, 2, 4, 4, 4, 2, 4, 4]

Unique id : 26, dataset size : 585
Communication time : 100, Computation time per batch : 100, Training time : 2100
['0:0.51%', '1:0.68%', '2:0.51%', '3:0.34%', '4:94.87%', '5:1.03%', '6:0.17%', '7:0.17%', '8:0.51%', '9:1.20%']
Divergence : jsd 0.6286, tvd 0.8514
labels from the first batch :[4, 4, 4, 4, 4, 4, 9, 4, 4, 4, 4, 4, 4, 4, 4, 4, 3, 4, 4, 4, 4, 4, 9, 4, 4, 4, 4, 4, 1, 4, 4, 4]

Unique id : 27, dataset size : 585
Communication time : 100, Computation time per batch : 100, Training time : 2100
['0:0.34%', '1:0.34%', '2:0.85%', '3:0.51%', '4:94.87%', '5:0.34%', '6:0.51%', '7:1.20%', '8:0.85%', '9:0.17%']
Divergence : jsd 0.6272, tvd 0.8514
labels from the first batch :[4, 4, 4, 4, 4, 4, 4, 7, 4, 4, 4, 4, 4, 4, 4, 4, 4, 4, 4, 4, 4, 4, 4, 4, 4, 4, 4, 4, 4, 4, 4, 4]

Unique id : 28, dataset size : 585
Communication time : 100, Computation time per batch : 100, Training time : 2100
['0:0.34%', '1:0.85%', '2:0.51%', '3:0.34%', '4:94.87%', '5:0.68%', '6:0.68%', '7:0.68%', '8:0.51%', '9:0.51%']
Divergence : jsd 0.6236, tvd 0.8514
labels from the first batch :[4, 4, 4, 4, 4, 4, 4, 4, 4, 4, 4, 4, 4, 4, 4, 4, 4, 4, 1, 4, 4, 4, 4, 4, 4, 4, 4, 4, 4, 4, 4, 4]

Unique id : 29, dataset size : 584
Communication time : 100, Computation time per batch : 100, Training time : 2100
['0:1.54%', '1:0.34%', '2:0.34%', '3:0.51%', '4:94.86%', '5:0.17%', '6:0.86%', '7:0.17%', '8:0.51%', '9:0.68%']
Divergence : jsd 0.6299, tvd 0.8513
labels from the first batch :[4, 3, 4, 4, 4, 4, 4, 4, 4, 4, 4, 4, 4, 4, 4, 4, 4, 4, 4, 9, 4, 4, 4, 4, 1, 4, 4, 4, 4, 4, 4, 4]

Unique id : 30, dataset size : 671
Communication time : 100, Computation time per batch : 100, Training time : 2300
['0:0.00%', '1:95.53%', '2:0.45%', '3:0.60%', '4:0.75%', '5:0.60%', '6:0.15%', '7:0.75%', '8:0.75%', '9:0.45%']
Divergence : jsd 0.6174, tvd 0.8429
labels from the first batch :[1, 7, 1, 1, 1, 1, 1, 1, 1, 1, 1, 4, 1, 1, 1, 1, 1, 1, 1, 1, 1, 1, 1, 1, 1, 1, 4, 3, 1, 1, 1, 1]

Unique id : 31, dataset size : 671
Communication time : 100, Computation time per batch : 100, Training time : 2300
['0:0.15%', '1:95.53%', '2:1.04%', '3:0.45%', '4:0.30%', '5:0.60%', '6:0.60%', '7:0.30%', '8:0.60%', '9:0.45%']
Divergence : jsd 0.6152, tvd 0.8429
labels from the first batch :[1, 1, 1, 1, 1, 1, 1, 1, 1, 1, 1, 1, 1, 1, 1, 1, 1, 1, 1, 1, 2, 1, 1, 1, 1, 1, 1, 1, 1, 1, 1, 1]

Unique id : 32, dataset size : 671
Communication time : 100, Computation time per batch : 100, Training time : 2300
['0:0.75%', '1:95.53%', '2:0.45%', '3:0.75%', '4:0.60%', '5:0.89%', '6:0.00%', '7:0.15%', '8:0.30%', '9:0.60%']
Divergence : jsd 0.6185, tvd 0.8429
labels from the first batch :[1, 1, 1, 1, 1, 1, 1, 9, 1, 1, 1, 1, 1, 1, 1, 1, 1, 1, 1, 1, 1, 1, 1, 1, 1, 1, 1, 1, 1, 1, 1, 1]

Unique id : 33, dataset size : 671
Communication time : 100, Computation time per batch : 100, Training time : 2300
['0:1.04%', '1:95.53%', '2:0.30%', '3:0.75%', '4:0.30%', '5:0.30%', '6:0.45%', '7:0.75%', '8:0.15%', '9:0.45%']
Divergence : jsd 0.6156, tvd 0.8429
labels from the first batch :[1, 9, 1, 1, 1, 3, 1, 1, 1, 1, 1, 1, 1, 1, 1, 1, 1, 1, 1, 1, 1, 1, 1, 1, 1, 1, 1, 1, 1, 1, 1, 1]

Unique id : 34, dataset size : 670
Communication time : 100, Computation time per batch : 100, Training time : 2300
['0:0.30%', '1:95.52%', '2:0.45%', '3:0.15%', '4:0.30%', '5:0.60%', '6:1.04%', '7:0.90%', '8:0.60%', '9:0.15%']
Divergence : jsd 0.6169, tvd 0.8429
labels from the first batch :[1, 1, 1, 7, 1, 1, 1, 7, 1, 1, 1, 1, 1, 1, 1, 1, 1, 1, 1, 1, 1, 1, 7, 4, 1, 1, 1, 1, 1, 1, 1, 1]

Unique id : 35, dataset size : 670
Communication time : 100, Computation time per batch : 100, Training time : 2300
['0:0.75%', '1:95.52%', '2:0.45%', '3:0.60%', '4:0.45%', '5:0.15%', '6:0.30%', '7:0.60%', '8:0.60%', '9:0.60%']
Divergence : jsd 0.6132, tvd 0.8429
labels from the first batch :[1, 1, 1, 1, 1, 1, 1, 1, 8, 1, 1, 1, 1, 1, 1, 1, 1, 1, 1, 1, 1, 1, 1, 1, 1, 1, 7, 1, 1, 1, 1, 1]

Unique id : 36, dataset size : 670
Communication time : 100, Computation time per batch : 100, Training time : 2300
['0:0.30%', '1:95.52%', '2:0.60%', '3:0.30%', '4:0.45%', '5:0.45%', '6:0.60%', '7:0.45%', '8:0.45%', '9:0.90%']
Divergence : jsd 0.6131, tvd 0.8429
labels from the first batch :[1, 1, 1, 1, 1, 1, 1, 7, 1, 1, 1, 1, 1, 1, 1, 1, 1, 1, 1, 1, 1, 1, 1, 1, 1, 1, 1, 1, 1, 1, 1, 1]

Unique id : 37, dataset size : 669
Communication time : 100, Computation time per batch : 100, Training time : 2300
['0:0.75%', '1:95.67%', '2:0.60%', '3:0.15%', '4:0.60%', '5:0.45%', '6:0.60%', '7:0.45%', '8:0.15%', '9:0.60%']
Divergence : jsd 0.6174, tvd 0.8443
labels from the first batch :[1, 1, 1, 1, 1, 1, 1, 1, 1, 1, 1, 1, 1, 1, 1, 1, 1, 1, 1, 1, 1, 1, 1, 1, 1, 1, 1, 1, 1, 1, 1, 1]

Unique id : 38, dataset size : 669
Communication time : 100, Computation time per batch : 100, Training time : 2300
['0:0.45%', '1:95.67%', '2:0.45%', '3:0.45%', '4:0.60%', '5:0.30%', '6:0.30%', '7:0.45%', '8:0.90%', '9:0.45%']
Divergence : jsd 0.6160, tvd 0.8443
labels from the first batch :[1, 1, 1, 1, 1, 1, 1, 1, 1, 1, 1, 1, 1, 1, 1, 1, 1, 1, 1, 1, 1, 1, 1, 1, 1, 1, 1, 1, 1, 1, 1, 1]

Unique id : 39, dataset size : 669
Communication time : 100, Computation time per batch : 100, Training time : 2300
['0:0.45%', '1:95.67%', '2:0.15%', '3:0.90%', '4:0.60%', '5:0.15%', '6:0.90%', '7:0.45%', '8:0.45%', '9:0.30%']
Divergence : jsd 0.6186, tvd 0.8443
labels from the first batch :[1, 1, 1, 1, 1, 1, 1, 1, 1, 1, 1, 1, 1, 1, 1, 1, 1, 1, 1, 1, 1, 1, 1, 1, 1, 1, 1, 1, 1, 1, 1, 1]

Unique id : 40, dataset size : 597
Communication time : 100, Computation time per batch : 100, Training time : 2100
['0:0.34%', '1:0.84%', '2:0.84%', '3:0.17%', '4:0.84%', '5:0.00%', '6:0.67%', '7:1.01%', '8:0.50%', '9:94.81%']
Divergence : jsd 0.6253, tvd 0.8489
labels from the first batch :[9, 9, 9, 9, 9, 9, 9, 9, 9, 9, 9, 9, 9, 9, 9, 9, 9, 9, 9, 9, 2, 9, 3, 9, 9, 9, 9, 9, 9, 9, 9, 9]

Unique id : 41, dataset size : 596
Communication time : 100, Computation time per batch : 100, Training time : 2100
['0:0.67%', '1:0.67%', '2:0.34%', '3:0.34%', '4:1.01%', '5:0.17%', '6:0.67%', '7:0.84%', '8:0.50%', '9:94.80%']
Divergence : jsd 0.6212, tvd 0.8488
labels from the first batch :[9, 9, 9, 9, 9, 9, 9, 9, 9, 9, 9, 9, 9, 9, 9, 9, 9, 9, 9, 9, 9, 9, 9, 9, 9, 9, 9, 9, 9, 9, 9, 9]

Unique id : 42, dataset size : 595
Communication time : 100, Computation time per batch : 100, Training time : 2100
['0:1.01%', '1:0.17%', '2:0.67%', '3:0.84%', '4:0.00%', '5:0.34%', '6:0.67%', '7:1.01%', '8:0.34%', '9:94.96%']
Divergence : jsd 0.6295, tvd 0.8504
labels from the first batch :[9, 9, 9, 9, 9, 9, 9, 9, 9, 9, 9, 9, 9, 9, 9, 9, 9, 9, 9, 9, 0, 9, 9, 9, 9, 9, 9, 9, 9, 9, 9, 9]

Unique id : 43, dataset size : 595
Communication time : 100, Computation time per batch : 100, Training time : 2100
['0:0.50%', '1:1.18%', '2:0.34%', '3:0.34%', '4:0.50%', '5:0.34%', '6:0.67%', '7:0.34%', '8:0.84%', '9:94.96%']
Divergence : jsd 0.6243, tvd 0.8504
labels from the first batch :[9, 9, 9, 9, 7, 9, 9, 9, 9, 9, 9, 9, 9, 9, 9, 9, 9, 9, 9, 9, 9, 9, 9, 9, 1, 9, 9, 9, 9, 9, 9, 9]

Unique id : 44, dataset size : 595
Communication time : 100, Computation time per batch : 100, Training time : 2100
['0:0.50%', '1:0.84%', '2:0.50%', '3:0.17%', '4:1.18%', '5:0.67%', '6:0.34%', '7:0.00%', '8:0.84%', '9:94.96%']
Divergence : jsd 0.6296, tvd 0.8504
labels from the first batch :[5, 9, 9, 9, 5, 9, 9, 9, 9, 9, 9, 9, 9, 9, 9, 9, 9, 9, 9, 9, 9, 9, 9, 9, 9, 9, 9, 4, 9, 9, 9, 9]

Unique id : 45, dataset size : 595
Communication time : 100, Computation time per batch : 100, Training time : 2100
['0:0.34%', '1:0.17%', '2:1.01%', '3:0.67%', '4:0.67%', '5:0.34%', '6:0.50%', '7:0.50%', '8:0.84%', '9:94.96%']
Divergence : jsd 0.6249, tvd 0.8504
labels from the first batch :[9, 9, 9, 9, 9, 9, 9, 9, 9, 9, 9, 9, 9, 9, 9, 9, 9, 9, 9, 9, 9, 9, 9, 9, 9, 9, 9, 9, 9, 8, 9, 9]

Unique id : 46, dataset size : 595
Communication time : 100, Computation time per batch : 100, Training time : 2100
['0:0.67%', '1:0.17%', '2:0.34%', '3:0.84%', '4:0.34%', '5:0.84%', '6:0.84%', '7:0.67%', '8:0.34%', '9:94.96%']
Divergence : jsd 0.6253, tvd 0.8504
labels from the first batch :[9, 9, 9, 9, 9, 9, 9, 9, 9, 9, 9, 9, 9, 9, 9, 9, 9, 9, 9, 9, 9, 9, 9, 9, 9, 9, 9, 9, 9, 9, 9, 9]

Unique id : 47, dataset size : 595
Communication time : 100, Computation time per batch : 100, Training time : 2100
['0:0.50%', '1:1.01%', '2:0.50%', '3:0.84%', '4:0.17%', '5:0.67%', '6:0.17%', '7:0.50%', '8:0.67%', '9:94.96%']
Divergence : jsd 0.6249, tvd 0.8504
labels from the first batch :[9, 9, 9, 9, 9, 9, 9, 9, 9, 9, 9, 9, 9, 9, 9, 9, 9, 9, 9, 9, 9, 9, 9, 9, 9, 9, 9, 9, 9, 9, 9, 9]

Unique id : 48, dataset size : 595
Communication time : 100, Computation time per batch : 100, Training time : 2100
['0:0.34%', '1:0.67%', '2:0.67%', '3:0.34%', '4:0.67%', '5:0.67%', '6:0.50%', '7:0.67%', '8:0.50%', '9:94.96%']
Divergence : jsd 0.6222, tvd 0.8504
labels from the first batch :[9, 9, 9, 9, 9, 9, 9, 9, 9, 9, 9, 9, 9, 9, 9, 9, 9, 9, 9, 9, 9, 9, 9, 9, 9, 9, 9, 9, 9, 9, 9, 9]

Unique id : 49, dataset size : 595
Communication time : 100, Computation time per batch : 100, Training time : 2100
['0:0.67%', '1:0.67%', '2:0.34%', '3:1.18%', '4:0.17%', '5:1.01%', '6:0.50%', '7:0.34%', '8:0.17%', '9:94.96%']
Divergence : jsd 0.6274, tvd 0.8504
labels from the first batch :[9, 9, 9, 9, 9, 9, 9, 9, 9, 9, 9, 0, 9, 9, 9, 9, 9, 9, 9, 9, 9, 9, 9, 9, 9, 9, 9, 9, 9, 3, 9, 9]

Unique id : 50, dataset size : 597
Communication time : 100, Computation time per batch : 100, Training time : 2100
['0:0.84%', '1:0.34%', '2:94.81%', '3:0.34%', '4:0.50%', '5:0.17%', '6:0.67%', '7:0.84%', '8:0.67%', '9:0.84%']
Divergence : jsd 0.6211, tvd 0.8488
labels from the first batch :[2, 2, 2, 0, 2, 2, 2, 2, 2, 2, 2, 2, 9, 2, 2, 2, 2, 2, 2, 2, 2, 2, 2, 2, 2, 2, 2, 2, 2, 2, 2, 2]

Unique id : 51, dataset size : 596
Communication time : 100, Computation time per batch : 100, Training time : 2100
['0:0.67%', '1:0.34%', '2:94.97%', '3:0.67%', '4:0.50%', '5:1.01%', '6:0.34%', '7:1.01%', '8:0.50%', '9:0.00%']
Divergence : jsd 0.6281, tvd 0.8504
labels from the first batch :[2, 2, 2, 2, 2, 2, 2, 2, 2, 2, 2, 2, 2, 2, 2, 2, 2, 2, 2, 2, 2, 2, 2, 2, 2, 2, 2, 2, 2, 2, 2, 2]

Unique id : 52, dataset size : 596
Communication time : 100, Computation time per batch : 100, Training time : 2100
['0:0.34%', '1:1.17%', '2:94.97%', '3:0.67%', '4:0.84%', '5:0.17%', '6:0.17%', '7:0.34%', '8:0.67%', '9:0.67%']
Divergence : jsd 0.6260, tvd 0.8504
labels from the first batch :[2, 6, 2, 2, 2, 2, 2, 2, 2, 2, 2, 2, 2, 2, 2, 2, 2, 2, 2, 2, 2, 2, 2, 2, 2, 2, 2, 2, 2, 2, 2, 2]

Unique id : 53, dataset size : 596
Communication time : 100, Computation time per batch : 100, Training time : 2100
['0:0.34%', '1:0.67%', '2:94.97%', '3:1.01%', '4:0.50%', '5:0.67%', '6:0.50%', '7:0.17%', '8:0.50%', '9:0.67%']
Divergence : jsd 0.6240, tvd 0.8504
labels from the first batch :[2, 2, 2, 2, 2, 2, 2, 2, 2, 2, 2, 2, 2, 2, 2, 2, 2, 2, 2, 2, 2, 2, 2, 2, 2, 2, 2, 2, 2, 2, 2, 2]

Unique id : 54, dataset size : 596
Communication time : 100, Computation time per batch : 100, Training time : 2100
['0:0.34%', '1:0.50%', '2:94.97%', '3:0.34%', '4:0.50%', '5:0.50%', '6:0.67%', '7:0.84%', '8:0.84%', '9:0.50%']
Divergence : jsd 0.6227, tvd 0.8504
labels from the first batch :[2, 2, 9, 2, 2, 2, 2, 2, 2, 2, 2, 2, 2, 2, 2, 2, 2, 2, 2, 2, 2, 2, 2, 2, 2, 2, 2, 2, 2, 2, 1, 2]

Unique id : 55, dataset size : 596
Communication time : 100, Computation time per batch : 100, Training time : 2100
['0:0.34%', '1:1.01%', '2:94.97%', '3:0.84%', '4:0.34%', '5:0.67%', '6:0.50%', '7:0.50%', '8:0.67%', '9:0.17%']
Divergence : jsd 0.6243, tvd 0.8504
labels from the first batch :[2, 2, 2, 2, 1, 2, 2, 2, 2, 2, 2, 4, 2, 2, 2, 2, 2, 2, 2, 2, 2, 2, 2, 2, 2, 2, 2, 2, 2, 2, 2, 2]

Unique id : 56, dataset size : 596
Communication time : 100, Computation time per batch : 100, Training time : 2100
['0:1.01%', '1:0.34%', '2:94.97%', '3:0.17%', '4:0.50%', '5:0.34%', '6:1.17%', '7:0.50%', '8:0.67%', '9:0.34%']
Divergence : jsd 0.6264, tvd 0.8504
labels from the first batch :[2, 2, 2, 2, 2, 2, 2, 2, 2, 2, 2, 2, 2, 2, 2, 2, 2, 2, 2, 2, 2, 8, 2, 2, 2, 2, 2, 2, 2, 2, 2, 2]

Unique id : 57, dataset size : 596
Communication time : 100, Computation time per batch : 100, Training time : 2100
['0:0.17%', '1:0.34%', '2:94.97%', '3:0.67%', '4:0.84%', '5:0.50%', '6:0.34%', '7:0.50%', '8:0.34%', '9:1.34%']
Divergence : jsd 0.6267, tvd 0.8504
labels from the first batch :[2, 2, 2, 2, 2, 2, 2, 2, 2, 5, 2, 2, 2, 2, 2, 2, 2, 2, 2, 2, 2, 2, 2, 2, 2, 4, 2, 2, 2, 2, 2, 2]

Unique id : 58, dataset size : 596
Communication time : 100, Computation time per batch : 100, Training time : 2100
['0:0.50%', '1:1.01%', '2:94.97%', '3:0.34%', '4:0.34%', '5:0.34%', '6:0.84%', '7:0.50%', '8:0.34%', '9:0.84%']
Divergence : jsd 0.6238, tvd 0.8504
labels from the first batch :[2, 2, 2, 2, 2, 2, 2, 2, 2, 2, 9, 2, 2, 2, 2, 2, 2, 2, 2, 2, 2, 2, 2, 2, 2, 2, 2, 2, 2, 2, 2, 2]

Unique id : 59, dataset size : 596
Communication time : 100, Computation time per batch : 100, Training time : 2100
['0:1.01%', '1:0.67%', '2:94.97%', '3:0.67%', '4:0.67%', '5:0.67%', '6:0.34%', '7:0.67%', '8:0.17%', '9:0.17%']
Divergence : jsd 0.6252, tvd 0.8504
labels from the first batch :[2, 2, 2, 2, 2, 2, 2, 2, 2, 2, 2, 2, 2, 2, 2, 2, 2, 2, 2, 2, 2, 2, 2, 2, 2, 2, 2, 2, 2, 2, 2, 2]

Unique id : 60, dataset size : 613
Communication time : 100, Computation time per batch : 100, Training time : 2200
['0:0.33%', '1:0.33%', '2:0.16%', '3:95.11%', '4:0.65%', '5:0.00%', '6:0.82%', '7:0.33%', '8:1.14%', '9:1.14%']
Divergence : jsd 0.6291, tvd 0.8489
labels from the first batch :[3, 3, 3, 9, 3, 3, 3, 3, 3, 3, 3, 3, 3, 3, 3, 3, 3, 3, 3, 3, 3, 3, 3, 3, 3, 3, 3, 3, 4, 3, 3, 3]

Unique id : 61, dataset size : 613
Communication time : 100, Computation time per batch : 100, Training time : 2200
['0:0.82%', '1:0.82%', '2:0.33%', '3:95.11%', '4:0.33%', '5:0.16%', '6:0.82%', '7:0.82%', '8:0.49%', '9:0.33%']
Divergence : jsd 0.6225, tvd 0.8489
labels from the first batch :[3, 3, 3, 3, 3, 3, 3, 3, 3, 3, 3, 3, 3, 3, 3, 3, 3, 0, 3, 3, 3, 3, 3, 3, 3, 3, 3, 3, 3, 3, 3, 3]

Unique id : 62, dataset size : 613
Communication time : 100, Computation time per batch : 100, Training time : 2200
['0:0.82%', '1:0.65%', '2:0.65%', '3:95.11%', '4:0.49%', '5:0.49%', '6:0.00%', '7:0.82%', '8:0.16%', '9:0.82%']
Divergence : jsd 0.6253, tvd 0.8489
labels from the first batch :[3, 3, 0, 3, 3, 3, 3, 3, 3, 3, 3, 3, 3, 3, 3, 3, 3, 3, 3, 3, 3, 3, 3, 3, 3, 3, 3, 3, 3, 3, 3, 3]

Unique id : 63, dataset size : 613
Communication time : 100, Computation time per batch : 100, Training time : 2200
['0:0.16%', '1:0.00%', '2:0.65%', '3:95.11%', '4:1.31%', '5:1.14%', '6:0.16%', '7:0.65%', '8:0.49%', '9:0.33%']
Divergence : jsd 0.6311, tvd 0.8489
labels from the first batch :[3, 3, 3, 3, 3, 3, 3, 3, 3, 3, 3, 8, 3, 3, 3, 3, 4, 3, 3, 3, 3, 3, 3, 3, 3, 3, 3, 3, 3, 3, 3, 3]

Unique id : 64, dataset size : 612
Communication time : 100, Computation time per batch : 100, Training time : 2200
['0:0.98%', '1:0.33%', '2:0.98%', '3:95.10%', '4:0.33%', '5:0.65%', '6:0.33%', '7:0.49%', '8:0.33%', '9:0.49%']
Divergence : jsd 0.6226, tvd 0.8488
labels from the first batch :[3, 3, 3, 3, 3, 3, 3, 3, 3, 3, 3, 3, 3, 3, 3, 3, 3, 3, 3, 3, 3, 3, 3, 3, 3, 3, 3, 3, 3, 3, 5, 3]

Unique id : 65, dataset size : 612
Communication time : 100, Computation time per batch : 100, Training time : 2200
['0:0.65%', '1:0.98%', '2:0.49%', '3:95.10%', '4:0.65%', '5:0.16%', '6:0.49%', '7:0.98%', '8:0.16%', '9:0.33%']
Divergence : jsd 0.6232, tvd 0.8488
labels from the first batch :[3, 3, 3, 3, 3, 3, 3, 3, 3, 3, 3, 3, 3, 3, 1, 3, 3, 9, 3, 3, 3, 3, 3, 3, 3, 3, 3, 3, 3, 6, 3, 3]

Unique id : 66, dataset size : 612
Communication time : 100, Computation time per batch : 100, Training time : 2200
['0:0.16%', '1:1.14%', '2:0.65%', '3:95.10%', '4:0.49%', '5:0.49%', '6:0.33%', '7:0.33%', '8:1.14%', '9:0.16%']
Divergence : jsd 0.6253, tvd 0.8488
labels from the first batch :[3, 3, 3, 3, 8, 3, 3, 3, 3, 3, 3, 3, 3, 3, 3, 3, 3, 3, 3, 3, 3, 3, 3, 3, 3, 3, 3, 3, 3, 8, 2, 3]

Unique id : 67, dataset size : 612
Communication time : 100, Computation time per batch : 100, Training time : 2200
['0:0.49%', '1:0.65%', '2:0.33%', '3:95.10%', '4:0.16%', '5:0.65%', '6:1.31%', '7:0.33%', '8:0.49%', '9:0.49%']
Divergence : jsd 0.6237, tvd 0.8488
labels from the first batch :[3, 3, 3, 3, 3, 3, 3, 3, 3, 3, 3, 3, 3, 3, 3, 3, 3, 3, 3, 3, 3, 3, 3, 3, 3, 3, 3, 3, 6, 3, 3, 3]

Unique id : 68, dataset size : 611
Communication time : 100, Computation time per batch : 100, Training time : 2200
['0:0.65%', '1:0.65%', '2:0.49%', '3:95.25%', '4:0.33%', '5:0.33%', '6:0.33%', '7:0.65%', '8:0.33%', '9:0.98%']
Divergence : jsd 0.6244, tvd 0.8504
labels from the first batch :[3, 3, 3, 3, 3, 8, 3, 3, 3, 3, 3, 3, 3, 3, 9, 3, 3, 3, 3, 3, 3, 3, 3, 3, 3, 3, 3, 3, 3, 3, 3, 3]

Unique id : 69, dataset size : 611
Communication time : 100, Computation time per batch : 100, Training time : 2200
['0:0.33%', '1:0.49%', '2:0.65%', '3:95.25%', '4:0.49%', '5:0.82%', '6:0.82%', '7:0.33%', '8:0.49%', '9:0.33%']
Divergence : jsd 0.6244, tvd 0.8504
labels from the first batch :[3, 3, 3, 3, 3, 3, 9, 3, 3, 3, 3, 3, 3, 3, 3, 3, 3, 3, 3, 3, 3, 3, 3, 3, 3, 3, 3, 3, 3, 3, 3, 7]

Unique id : 70, dataset size : 593
Communication time : 100, Computation time per batch : 100, Training time : 2100
['0:0.34%', '1:0.51%', '2:0.84%', '3:0.51%', '4:0.51%', '5:0.34%', '6:94.94%', '7:0.84%', '8:0.34%', '9:0.84%']
Divergence : jsd 0.6238, tvd 0.8508
labels from the first batch :[6, 6, 6, 6, 6, 6, 6, 6, 3, 6, 6, 6, 6, 6, 6, 6, 6, 6, 6, 6, 6, 4, 6, 6, 6, 6, 6, 6, 6, 6, 6, 6]

Unique id : 71, dataset size : 593
Communication time : 100, Computation time per batch : 100, Training time : 2100
['0:0.67%', '1:1.18%', '2:0.34%', '3:0.67%', '4:0.34%', '5:0.34%', '6:94.94%', '7:0.34%', '8:0.67%', '9:0.51%']
Divergence : jsd 0.6244, tvd 0.8508
labels from the first batch :[6, 6, 6, 6, 6, 6, 6, 6, 6, 6, 6, 6, 6, 6, 6, 6, 6, 6, 6, 6, 6, 6, 6, 6, 6, 6, 6, 6, 6, 6, 1, 6]

Unique id : 72, dataset size : 592
Communication time : 100, Computation time per batch : 100, Training time : 2100
['0:0.34%', '1:0.00%', '2:0.51%', '3:0.51%', '4:1.01%', '5:0.68%', '6:94.93%', '7:1.01%', '8:0.68%', '9:0.34%']
Divergence : jsd 0.6287, tvd 0.8507
labels from the first batch :[6, 6, 6, 6, 6, 6, 6, 6, 6, 6, 6, 6, 6, 6, 8, 6, 6, 6, 6, 6, 6, 6, 6, 6, 6, 6, 6, 6, 6, 6, 6, 4]

Unique id : 73, dataset size : 592
Communication time : 100, Computation time per batch : 100, Training time : 2100
['0:1.01%', '1:0.51%', '2:0.68%', '3:0.34%', '4:0.51%', '5:0.68%', '6:94.93%', '7:0.51%', '8:0.68%', '9:0.17%']
Divergence : jsd 0.6246, tvd 0.8507
labels from the first batch :[6, 6, 6, 6, 6, 6, 6, 6, 6, 6, 6, 6, 6, 6, 6, 6, 6, 6, 6, 6, 6, 6, 6, 6, 6, 6, 6, 6, 6, 6, 6, 6]

Unique id : 74, dataset size : 592
Communication time : 100, Computation time per batch : 100, Training time : 2100
['0:1.01%', '1:0.84%', '2:1.01%', '3:0.51%', '4:0.51%', '5:0.51%', '6:94.93%', '7:0.51%', '8:0.00%', '9:0.17%']
Divergence : jsd 0.6289, tvd 0.8507
labels from the first batch :[6, 6, 6, 6, 6, 6, 6, 6, 6, 1, 6, 6, 6, 6, 6, 6, 6, 6, 6, 6, 6, 6, 6, 6, 6, 6, 5, 6, 6, 6, 6, 6]

Unique id : 75, dataset size : 592
Communication time : 100, Computation time per batch : 100, Training time : 2100
['0:0.51%', '1:0.34%', '2:0.68%', '3:0.84%', '4:0.68%', '5:0.17%', '6:94.93%', '7:1.01%', '8:0.17%', '9:0.68%']
Divergence : jsd 0.6258, tvd 0.8507
labels from the first batch :[6, 6, 6, 6, 6, 6, 6, 6, 6, 6, 6, 6, 6, 6, 6, 6, 6, 6, 6, 6, 6, 6, 6, 6, 6, 6, 6, 6, 6, 6, 6, 6]

Unique id : 76, dataset size : 592
Communication time : 100, Computation time per batch : 100, Training time : 2100
['0:0.68%', '1:0.68%', '2:0.34%', '3:0.34%', '4:0.68%', '5:0.34%', '6:94.93%', '7:0.00%', '8:1.01%', '9:1.01%']
Divergence : jsd 0.6287, tvd 0.8507
labels from the first batch :[6, 6, 6, 6, 6, 6, 6, 6, 6, 6, 6, 6, 6, 6, 6, 6, 6, 6, 6, 6, 6, 6, 6, 6, 6, 6, 6, 6, 6, 6, 6, 6]

Unique id : 77, dataset size : 592
Communication time : 100, Computation time per batch : 100, Training time : 2100
['0:0.34%', '1:0.84%', '2:0.34%', '3:1.18%', '4:0.34%', '5:0.51%', '6:94.93%', '7:0.68%', '8:0.17%', '9:0.68%']
Divergence : jsd 0.6256, tvd 0.8507
labels from the first batch :[6, 6, 6, 6, 6, 6, 6, 6, 6, 6, 3, 6, 6, 6, 6, 6, 6, 6, 6, 6, 6, 6, 6, 6, 6, 6, 0, 6, 6, 6, 6, 6]

Unique id : 78, dataset size : 592
Communication time : 100, Computation time per batch : 100, Training time : 2100
['0:0.34%', '1:0.84%', '2:0.34%', '3:0.17%', '4:0.84%', '5:0.84%', '6:94.93%', '7:0.51%', '8:1.01%', '9:0.17%']
Divergence : jsd 0.6272, tvd 0.8507
labels from the first batch :[6, 6, 6, 6, 6, 6, 6, 6, 6, 6, 6, 6, 6, 6, 6, 6, 6, 6, 6, 6, 6, 6, 6, 6, 6, 6, 6, 6, 6, 6, 6, 6]

Unique id : 79, dataset size : 591
Communication time : 100, Computation time per batch : 100, Training time : 2100
['0:0.34%', '1:0.51%', '2:0.51%', '3:0.68%', '4:0.00%', '5:0.68%', '6:95.09%', '7:0.51%', '8:0.68%', '9:1.02%']
Divergence : jsd 0.6303, tvd 0.8523
labels from the first batch :[6, 6, 6, 6, 6, 6, 6, 6, 6, 6, 6, 6, 6, 6, 6, 6, 6, 6, 6, 6, 6, 6, 6, 6, 6, 6, 6, 6, 6, 6, 3, 6]

Unique id : 80, dataset size : 626
Communication time : 100, Computation time per batch : 100, Training time : 2200
['0:0.64%', '1:0.64%', '2:0.16%', '3:0.64%', '4:0.80%', '5:0.16%', '6:0.80%', '7:95.21%', '8:0.48%', '9:0.48%']
Divergence : jsd 0.6208, tvd 0.8477
labels from the first batch :[7, 7, 7, 7, 7, 3, 7, 7, 7, 7, 7, 7, 7, 7, 7, 7, 7, 7, 7, 7, 7, 7, 6, 7, 7, 4, 7, 7, 7, 7, 7, 7]

Unique id : 81, dataset size : 625
Communication time : 100, Computation time per batch : 100, Training time : 2200
['0:0.48%', '1:0.80%', '2:0.32%', '3:0.80%', '4:0.80%', '5:0.48%', '6:0.48%', '7:95.20%', '8:0.16%', '9:0.48%']
Divergence : jsd 0.6199, tvd 0.8476
labels from the first batch :[7, 7, 7, 7, 5, 7, 7, 7, 7, 7, 7, 7, 7, 7, 7, 7, 5, 7, 7, 7, 7, 7, 7, 7, 7, 7, 7, 7, 7, 7, 7, 7]

Unique id : 82, dataset size : 625
Communication time : 100, Computation time per batch : 100, Training time : 2200
['0:0.32%', '1:0.64%', '2:0.64%', '3:0.80%', '4:0.16%', '5:0.32%', '6:1.12%', '7:95.20%', '8:0.64%', '9:0.16%']
Divergence : jsd 0.6225, tvd 0.8476
labels from the first batch :[7, 7, 7, 7, 7, 7, 7, 7, 7, 7, 7, 7, 7, 7, 7, 7, 7, 7, 7, 7, 7, 7, 7, 7, 7, 7, 7, 7, 7, 7, 7, 7]

Unique id : 83, dataset size : 625
Communication time : 100, Computation time per batch : 100, Training time : 2200
['0:0.32%', '1:0.80%', '2:0.96%', '3:0.48%', '4:0.48%', '5:0.64%', '6:0.64%', '7:95.20%', '8:0.32%', '9:0.16%']
Divergence : jsd 0.6207, tvd 0.8476
labels from the first batch :[7, 7, 7, 7, 7, 7, 7, 7, 7, 7, 7, 7, 7, 7, 7, 7, 7, 7, 7, 0, 7, 7, 7, 7, 7, 7, 7, 5, 7, 7, 7, 7]

Unique id : 84, dataset size : 625
Communication time : 100, Computation time per batch : 100, Training time : 2200
['0:0.32%', '1:0.32%', '2:0.64%', '3:0.32%', '4:0.80%', '5:1.12%', '6:0.32%', '7:95.20%', '8:0.64%', '9:0.32%']
Divergence : jsd 0.6219, tvd 0.8476
labels from the first batch :[7, 7, 7, 7, 7, 3, 7, 7, 7, 7, 7, 7, 7, 7, 7, 7, 7, 7, 0, 7, 8, 7, 7, 7, 7, 7, 7, 7, 7, 4, 7, 7]

Unique id : 85, dataset size : 625
Communication time : 100, Computation time per batch : 100, Training time : 2200
['0:0.96%', '1:0.32%', '2:0.32%', '3:0.64%', '4:0.16%', '5:0.32%', '6:0.00%', '7:95.20%', '8:0.64%', '9:1.44%']
Divergence : jsd 0.6280, tvd 0.8476
labels from the first batch :[7, 7, 7, 7, 7, 7, 7, 7, 7, 7, 7, 7, 7, 7, 7, 7, 7, 7, 7, 7, 7, 7, 7, 7, 7, 7, 7, 7, 7, 7, 7, 7]

Unique id : 86, dataset size : 625
Communication time : 100, Computation time per batch : 100, Training time : 2200
['0:0.32%', '1:0.64%', '2:0.80%', '3:0.48%', '4:0.32%', '5:0.48%', '6:0.64%', '7:95.20%', '8:0.32%', '9:0.80%']
Divergence : jsd 0.6192, tvd 0.8476
labels from the first batch :[7, 7, 7, 7, 7, 7, 7, 7, 7, 7, 7, 7, 7, 7, 2, 7, 7, 7, 7, 7, 7, 7, 7, 7, 7, 7, 7, 7, 7, 7, 7, 7]

Unique id : 87, dataset size : 624
Communication time : 100, Computation time per batch : 100, Training time : 2200
['0:0.96%', '1:0.48%', '2:0.00%', '3:0.48%', '4:0.32%', '5:0.32%', '6:0.64%', '7:95.35%', '8:0.96%', '9:0.48%']
Divergence : jsd 0.6270, tvd 0.8491
labels from the first batch :[7, 7, 8, 7, 7, 7, 7, 7, 7, 7, 7, 7, 7, 7, 7, 7, 7, 7, 7, 7, 7, 7, 7, 1, 7, 7, 7, 7, 7, 7, 7, 7]

Unique id : 88, dataset size : 624
Communication time : 100, Computation time per batch : 100, Training time : 2200
['0:0.32%', '1:0.32%', '2:0.48%', '3:0.64%', '4:0.64%', '5:0.80%', '6:0.48%', '7:95.35%', '8:0.48%', '9:0.48%']
Divergence : jsd 0.6222, tvd 0.8491
labels from the first batch :[7, 7, 7, 7, 7, 7, 7, 7, 7, 7, 7, 7, 7, 7, 0, 7, 7, 7, 7, 7, 7, 7, 7, 7, 7, 7, 7, 7, 7, 7, 7, 7]

Unique id : 89, dataset size : 624
Communication time : 100, Computation time per batch : 100, Training time : 2200
['0:0.64%', '1:0.96%', '2:0.96%', '3:0.16%', '4:0.64%', '5:0.16%', '6:0.16%', '7:95.35%', '8:0.48%', '9:0.48%']
Divergence : jsd 0.6258, tvd 0.8491
labels from the first batch :[7, 7, 7, 7, 7, 7, 7, 7, 7, 7, 7, 7, 7, 7, 7, 7, 7, 7, 7, 7, 7, 7, 7, 7, 1, 7, 7, 7, 7, 7, 7, 7]

Unique id : 90, dataset size : 586
Communication time : 100, Computation time per batch : 100, Training time : 2100
['0:0.51%', '1:1.02%', '2:0.85%', '3:0.17%', '4:0.68%', '5:0.68%', '6:0.51%', '7:0.34%', '8:94.88%', '9:0.34%']
Divergence : jsd 0.6258, tvd 0.8513
labels from the first batch :[8, 8, 8, 8, 8, 4, 8, 8, 8, 8, 8, 8, 8, 8, 8, 2, 8, 8, 8, 8, 8, 8, 8, 8, 8, 8, 8, 8, 8, 8, 8, 8]

Unique id : 91, dataset size : 586
Communication time : 100, Computation time per batch : 100, Training time : 2100
['0:0.34%', '1:0.34%', '2:0.68%', '3:0.85%', '4:0.51%', '5:0.51%', '6:0.17%', '7:1.19%', '8:94.88%', '9:0.51%']
Divergence : jsd 0.6265, tvd 0.8513
labels from the first batch :[8, 8, 8, 8, 3, 8, 8, 2, 8, 8, 8, 8, 8, 8, 8, 8, 8, 8, 8, 8, 8, 8, 8, 8, 8, 8, 8, 8, 8, 8, 8, 8]

Unique id : 92, dataset size : 586
Communication time : 100, Computation time per batch : 100, Training time : 2100
['0:0.51%', '1:0.51%', '2:0.34%', '3:0.68%', '4:0.85%', '5:0.34%', '6:0.85%', '7:0.85%', '8:94.88%', '9:0.17%']
Divergence : jsd 0.6255, tvd 0.8513
labels from the first batch :[8, 6, 8, 8, 8, 8, 8, 8, 8, 8, 8, 8, 8, 8, 8, 8, 4, 8, 8, 8, 8, 8, 8, 8, 8, 8, 8, 8, 8, 8, 8, 8]

Unique id : 93, dataset size : 586
Communication time : 100, Computation time per batch : 100, Training time : 2100
['0:0.51%', '1:1.02%', '2:0.51%', '3:1.37%', '4:0.68%', '5:0.51%', '6:0.17%', '7:0.17%', '8:94.88%', '9:0.17%']
Divergence : jsd 0.6296, tvd 0.8513
labels from the first batch :[8, 8, 8, 8, 8, 8, 8, 8, 8, 8, 8, 8, 8, 8, 8, 8, 8, 5, 8, 8, 8, 5, 1, 8, 8, 8, 8, 8, 8, 8, 9, 8]

Unique id : 94, dataset size : 586
Communication time : 100, Computation time per batch : 100, Training time : 2100
['0:0.51%', '1:0.85%', '2:0.51%', '3:0.17%', '4:0.34%', '5:0.85%', '6:0.51%', '7:0.51%', '8:94.88%', '9:0.85%']
Divergence : jsd 0.6253, tvd 0.8513
labels from the first batch :[8, 8, 8, 8, 8, 8, 8, 8, 8, 8, 8, 8, 8, 8, 8, 8, 8, 8, 8, 8, 8, 8, 8, 8, 8, 8, 8, 8, 8, 8, 8, 8]

Unique id : 95, dataset size : 586
Communication time : 100, Computation time per batch : 100, Training time : 2100
['0:0.17%', '1:0.68%', '2:0.34%', '3:0.51%', '4:0.51%', '5:0.51%', '6:0.85%', '7:0.51%', '8:94.88%', '9:1.02%']
Divergence : jsd 0.6254, tvd 0.8513
labels from the first batch :[8, 9, 8, 9, 8, 8, 8, 8, 8, 8, 8, 8, 8, 8, 8, 8, 8, 8, 8, 8, 8, 8, 8, 8, 4, 8, 8, 8, 8, 8, 8, 8]

Unique id : 96, dataset size : 586
Communication time : 100, Computation time per batch : 100, Training time : 2100
['0:0.51%', '1:0.85%', '2:1.02%', '3:0.17%', '4:0.17%', '5:0.34%', '6:1.02%', '7:0.51%', '8:94.88%', '9:0.51%']
Divergence : jsd 0.6274, tvd 0.8513
labels from the first batch :[8, 8, 8, 8, 8, 8, 8, 8, 8, 0, 8, 8, 8, 8, 8, 8, 8, 8, 8, 6, 8, 8, 8, 8, 2, 8, 8, 8, 6, 8, 8, 8]

Unique id : 97, dataset size : 586
Communication time : 100, Computation time per batch : 100, Training time : 2100
['0:0.68%', '1:0.51%', '2:0.51%', '3:0.00%', '4:0.68%', '5:0.85%', '6:0.51%', '7:0.34%', '8:94.88%', '9:1.02%']
Divergence : jsd 0.6287, tvd 0.8513
labels from the first batch :[8, 8, 8, 7, 8, 8, 8, 8, 8, 8, 8, 8, 8, 8, 8, 8, 8, 8, 8, 8, 8, 8, 8, 8, 8, 8, 8, 8, 8, 8, 8, 8]

Unique id : 98, dataset size : 584
Communication time : 100, Computation time per batch : 100, Training time : 2100
['0:1.03%', '1:0.34%', '2:0.34%', '3:1.03%', '4:0.68%', '5:0.00%', '6:0.68%', '7:0.68%', '8:95.03%', '9:0.17%']
Divergence : jsd 0.6334, tvd 0.8528
labels from the first batch :[8, 8, 8, 8, 8, 8, 8, 8, 8, 8, 8, 8, 8, 8, 8, 8, 8, 8, 8, 8, 8, 8, 8, 8, 8, 8, 8, 8, 8, 8, 8, 8]

Unique id : 99, dataset size : 584
Communication time : 100, Computation time per batch : 100, Training time : 2100
['0:0.86%', '1:0.17%', '2:0.51%', '3:0.86%', '4:0.34%', '5:0.51%', '6:0.17%', '7:0.68%', '8:95.03%', '9:0.86%']
Divergence : jsd 0.6300, tvd 0.8528
labels from the first batch :[8, 8, 8, 8, 8, 8, 8, 8, 8, 8, 8, 8, 8, 8, 9, 8, 8, 8, 8, 0, 8, 8, 8, 8, 6, 8, 8, 8, 8, 8, 8, 8]

