-----------------------------------------------------

Central server round 5 started
Model sent from central server with 100msec communication time, with loss :2.31, accuracy : 11.16%
Accuracy per label : ['0:0.00%', '1:0.00%', '2:0.00%', '3:0.00%', '4:0.00%', '5:0.00%', '6:0.00%', '7:0.00%', '8:33.16%', '9:78.59%']
The model is from round 0 from central server, staleness is 4

Cluster round 1 completed, aggregated models from all the clients, time past : 800msec, loss : 2.23, accuracy 34.43%
Accuracy per label : ['0:64.39%', '1:0.00%', '2:15.70%', '3:21.78%', '4:14.05%', '5:0.00%', '6:72.13%', '7:42.12%', '8:98.15%', '9:21.01%']

Cluster round 2 completed, aggregated models from all the clients, time past : 1500msec, loss : 0.60, accuracy 82.85%
Accuracy per label : ['0:94.29%', '1:97.09%', '2:84.40%', '3:80.10%', '4:83.40%', '5:70.85%', '6:91.44%', '7:81.13%', '8:72.79%', '9:70.27%']

Cluster round 3 completed, aggregated models from all the clients, time past : 2200msec, loss : 0.37, accuracy 88.93%
Accuracy per label : ['0:97.65%', '1:98.06%', '2:88.76%', '3:90.79%', '4:88.49%', '5:78.81%', '6:88.41%', '7:88.04%', '8:83.68%', '9:84.34%']

Before aggregation, loss : 0.57, accuracy : 88.32%
Before aggregation, accuracy per label : ['0:97.14%', '1:96.39%', '2:86.82%', '3:84.36%', '4:83.10%', '5:80.04%', '6:93.53%', '7:85.80%', '8:87.58%', '9:86.92%']
Aggregation to central server completed at central server round 250, loss : 0.52, accuracy: 88.58%, staleness : 4
Accuracy per label after aggregation : ['0:97.24%', '1:96.65%', '2:87.60%', '3:85.74%', '4:83.60%', '5:80.61%', '6:92.69%', '7:86.09%', '8:87.27%', '9:86.72%']

-----------------------------------------------------

Central server round 10 started
Model sent from central server with 100msec communication time, with loss :0.52, accuracy : 88.58%
Accuracy per label : ['0:97.24%', '1:96.65%', '2:87.60%', '3:85.74%', '4:83.60%', '5:80.61%', '6:92.69%', '7:86.09%', '8:87.27%', '9:86.72%']
The model is from round 5 from central server, staleness is 4

Cluster round 1 completed, aggregated models from all the clients, time past : 800msec, loss : 0.31, accuracy 90.89%
Accuracy per label : ['0:98.06%', '1:97.97%', '2:90.02%', '3:91.29%', '4:90.12%', '5:86.77%', '6:92.90%', '7:92.41%', '8:83.16%', '9:84.84%']

Cluster round 2 completed, aggregated models from all the clients, time past : 1500msec, loss : 0.26, accuracy 92.24%
Accuracy per label : ['0:98.67%', '1:98.06%', '2:93.31%', '3:94.65%', '4:90.22%', '5:86.77%', '6:93.84%', '7:89.98%', '8:85.63%', '9:89.89%']

Cluster round 3 completed, aggregated models from all the clients, time past : 2200msec, loss : 0.21, accuracy 93.59%
Accuracy per label : ['0:97.86%', '1:97.80%', '2:91.57%', '3:95.25%', '4:92.26%', '5:91.93%', '6:94.47%', '7:92.22%', '8:89.84%', '9:92.07%']

Before aggregation, loss : 0.34, accuracy : 91.26%
Before aggregation, accuracy per label : ['0:98.06%', '1:97.27%', '2:90.41%', '3:89.60%', '4:89.41%', '5:85.43%', '6:94.26%', '7:88.62%', '8:89.73%', '9:88.70%']
Aggregation to central server completed at central server round 250, loss : 0.32, accuracy: 91.74%, staleness : 4
Accuracy per label after aggregation : ['0:98.06%', '1:97.53%', '2:90.79%', '3:90.59%', '4:90.22%', '5:86.66%', '6:94.15%', '7:88.91%', '8:89.94%', '9:89.49%']

-----------------------------------------------------

Central server round 15 started
Model sent from central server with 100msec communication time, with loss :0.32, accuracy : 91.74%
Accuracy per label : ['0:98.06%', '1:97.53%', '2:90.79%', '3:90.59%', '4:90.22%', '5:86.66%', '6:94.15%', '7:88.91%', '8:89.94%', '9:89.49%']
The model is from round 10 from central server, staleness is 4

Cluster round 1 completed, aggregated models from all the clients, time past : 800msec, loss : 0.24, accuracy 92.93%
Accuracy per label : ['0:98.06%', '1:97.44%', '2:89.73%', '3:95.05%', '4:93.08%', '5:87.67%', '6:94.68%', '7:91.44%', '8:91.58%', '9:89.69%']

Cluster round 2 completed, aggregated models from all the clients, time past : 1500msec, loss : 0.20, accuracy 94.03%
Accuracy per label : ['0:98.16%', '1:97.80%', '2:91.38%', '3:94.55%', '4:94.09%', '5:91.14%', '6:95.93%', '7:92.02%', '8:93.02%', '9:91.67%']

Cluster round 3 completed, aggregated models from all the clients, time past : 2200msec, loss : 0.18, accuracy 94.55%
Accuracy per label : ['0:98.67%', '1:97.80%', '2:93.51%', '3:96.63%', '4:91.55%', '5:92.15%', '6:94.57%', '7:91.73%', '8:94.25%', '9:94.05%']

Before aggregation, loss : 0.25, accuracy : 93.23%
Before aggregation, accuracy per label : ['0:98.47%', '1:98.06%', '2:92.34%', '3:92.57%', '4:91.85%', '5:89.69%', '6:94.78%', '7:91.15%', '8:91.07%', '9:91.48%']
Aggregation to central server completed at central server round 250, loss : 0.23, accuracy: 93.46%, staleness : 4
Accuracy per label after aggregation : ['0:98.27%', '1:98.06%', '2:92.34%', '3:93.27%', '4:91.96%', '5:90.02%', '6:94.89%', '7:91.15%', '8:91.99%', '9:91.87%']

-----------------------------------------------------

Central server round 20 started
Model sent from central server with 100msec communication time, with loss :0.23, accuracy : 93.46%
Accuracy per label : ['0:98.27%', '1:98.06%', '2:92.34%', '3:93.27%', '4:91.96%', '5:90.02%', '6:94.89%', '7:91.15%', '8:91.99%', '9:91.87%']
The model is from round 15 from central server, staleness is 4

Cluster round 1 completed, aggregated models from all the clients, time past : 800msec, loss : 0.19, accuracy 94.17%
Accuracy per label : ['0:98.57%', '1:98.77%', '2:92.73%', '3:96.04%', '4:93.99%', '5:91.03%', '6:95.20%', '7:92.51%', '8:89.73%', '9:92.27%']

Cluster round 2 completed, aggregated models from all the clients, time past : 1500msec, loss : 0.17, accuracy 95.05%
Accuracy per label : ['0:98.67%', '1:98.77%', '2:93.99%', '3:95.25%', '4:95.42%', '5:94.28%', '6:95.93%', '7:92.32%', '8:92.71%', '9:92.77%']

Cluster round 3 completed, aggregated models from all the clients, time past : 2200msec, loss : 0.15, accuracy 95.56%
Accuracy per label : ['0:98.16%', '1:98.33%', '2:93.99%', '3:95.25%', '4:94.91%', '5:96.08%', '6:95.93%', '7:94.94%', '8:93.94%', '9:93.86%']

Before aggregation, loss : 0.19, accuracy : 94.37%
Before aggregation, accuracy per label : ['0:98.37%', '1:98.15%', '2:93.12%', '3:94.26%', '4:93.58%', '5:92.26%', '6:95.62%', '7:92.32%', '8:92.92%', '9:92.57%']
Aggregation to central server completed at central server round 250, loss : 0.19, accuracy: 94.59%, staleness : 4
Accuracy per label after aggregation : ['0:98.47%', '1:98.15%', '2:93.41%', '3:94.65%', '4:93.79%', '5:93.05%', '6:95.72%', '7:92.51%', '8:93.02%', '9:92.67%']

-----------------------------------------------------

Central server round 25 started
Model sent from central server with 100msec communication time, with loss :0.19, accuracy : 94.59%
Accuracy per label : ['0:98.47%', '1:98.15%', '2:93.41%', '3:94.65%', '4:93.79%', '5:93.05%', '6:95.72%', '7:92.51%', '8:93.02%', '9:92.67%']
The model is from round 20 from central server, staleness is 4

Cluster round 1 completed, aggregated models from all the clients, time past : 800msec, loss : 0.16, accuracy 95.11%
Accuracy per label : ['0:98.37%', '1:97.53%', '2:93.60%', '3:94.16%', '4:95.62%', '5:94.06%', '6:96.14%', '7:93.58%', '8:94.97%', '9:92.86%']

Cluster round 2 completed, aggregated models from all the clients, time past : 1500msec, loss : 0.15, accuracy 95.55%
Accuracy per label : ['0:97.96%', '1:98.85%', '2:93.70%', '3:96.63%', '4:95.72%', '5:95.52%', '6:96.87%', '7:95.62%', '8:91.79%', '9:92.47%']

Cluster round 3 completed, aggregated models from all the clients, time past : 2200msec, loss : 0.13, accuracy 96.22%
Accuracy per label : ['0:98.37%', '1:98.85%', '2:96.41%', '3:95.64%', '4:96.23%', '5:95.63%', '6:97.39%', '7:94.75%', '8:94.66%', '9:93.95%']

Before aggregation, loss : 0.16, accuracy : 95.25%
Before aggregation, accuracy per label : ['0:98.67%', '1:98.33%', '2:94.48%', '3:95.35%', '4:94.50%', '5:94.73%', '6:96.14%', '7:93.39%', '8:93.22%', '9:93.36%']
Aggregation to central server completed at central server round 250, loss : 0.16, accuracy: 95.37%, staleness : 4
Accuracy per label after aggregation : ['0:98.67%', '1:98.33%', '2:94.48%', '3:95.45%', '4:94.91%', '5:94.96%', '6:96.24%', '7:93.39%', '8:93.63%', '9:93.36%']

-----------------------------------------------------

Central server round 30 started
Model sent from central server with 100msec communication time, with loss :0.16, accuracy : 95.37%
Accuracy per label : ['0:98.67%', '1:98.33%', '2:94.48%', '3:95.45%', '4:94.91%', '5:94.96%', '6:96.24%', '7:93.39%', '8:93.63%', '9:93.36%']
The model is from round 25 from central server, staleness is 4

Cluster round 1 completed, aggregated models from all the clients, time past : 800msec, loss : 0.14, accuracy 95.83%
Accuracy per label : ['0:98.78%', '1:97.89%', '2:94.86%', '3:96.93%', '4:95.32%', '5:95.29%', '6:95.93%', '7:95.04%', '8:93.33%', '9:94.65%']

Cluster round 2 completed, aggregated models from all the clients, time past : 1500msec, loss : 0.13, accuracy 96.21%
Accuracy per label : ['0:98.47%', '1:98.50%', '2:95.83%', '3:96.83%', '4:97.05%', '5:93.83%', '6:97.39%', '7:95.23%', '8:94.97%', '9:93.56%']

Cluster round 3 completed, aggregated models from all the clients, time past : 2200msec, loss : 0.12, accuracy 96.51%
Accuracy per label : ['0:98.47%', '1:98.15%', '2:96.22%', '3:96.53%', '4:97.76%', '5:95.40%', '6:97.49%', '7:96.01%', '8:95.89%', '9:92.96%']

Before aggregation, loss : 0.14, accuracy : 95.88%
Before aggregation, accuracy per label : ['0:98.67%', '1:98.24%', '2:94.86%', '3:95.84%', '4:95.11%', '5:95.29%', '6:97.29%', '7:94.55%', '8:94.46%', '9:94.25%']
Aggregation to central server completed at central server round 250, loss : 0.14, accuracy: 95.93%, staleness : 4
Accuracy per label after aggregation : ['0:98.78%', '1:98.15%', '2:95.16%', '3:96.04%', '4:95.21%', '5:95.40%', '6:97.18%', '7:94.55%', '8:94.46%', '9:94.15%']

-----------------------------------------------------

Central server round 35 started
Model sent from central server with 100msec communication time, with loss :0.14, accuracy : 95.93%
Accuracy per label : ['0:98.78%', '1:98.15%', '2:95.16%', '3:96.04%', '4:95.21%', '5:95.40%', '6:97.18%', '7:94.55%', '8:94.46%', '9:94.15%']
The model is from round 30 from central server, staleness is 4

Cluster round 1 completed, aggregated models from all the clients, time past : 800msec, loss : 0.13, accuracy 96.05%
Accuracy per label : ['0:98.67%', '1:98.06%', '2:95.45%', '3:97.03%', '4:96.54%', '5:95.63%', '6:97.70%', '7:94.46%', '8:94.46%', '9:92.37%']

Cluster round 2 completed, aggregated models from all the clients, time past : 1500msec, loss : 0.12, accuracy 96.43%
Accuracy per label : ['0:98.27%', '1:98.50%', '2:95.54%', '3:97.13%', '4:96.84%', '5:95.40%', '6:97.29%', '7:93.68%', '8:95.79%', '9:95.64%']

Cluster round 3 completed, aggregated models from all the clients, time past : 2200msec, loss : 0.11, accuracy 96.78%
Accuracy per label : ['0:98.27%', '1:98.41%', '2:96.51%', '3:96.53%', '4:97.25%', '5:95.74%', '6:97.70%', '7:95.72%', '8:96.30%', '9:95.14%']

Before aggregation, loss : 0.12, accuracy : 96.28%
Before aggregation, accuracy per label : ['0:98.88%', '1:98.15%', '2:95.83%', '3:96.34%', '4:95.82%', '5:95.96%', '6:97.39%', '7:95.14%', '8:94.35%', '9:94.75%']
Aggregation to central server completed at central server round 250, loss : 0.12, accuracy: 96.34%, staleness : 4
Accuracy per label after aggregation : ['0:98.88%', '1:98.15%', '2:95.93%', '3:96.34%', '4:96.03%', '5:95.74%', '6:97.49%', '7:95.14%', '8:94.66%', '9:94.85%']

-----------------------------------------------------

Central server round 40 started
Model sent from central server with 100msec communication time, with loss :0.12, accuracy : 96.34%
Accuracy per label : ['0:98.88%', '1:98.15%', '2:95.93%', '3:96.34%', '4:96.03%', '5:95.74%', '6:97.49%', '7:95.14%', '8:94.66%', '9:94.85%']
The model is from round 35 from central server, staleness is 4

Cluster round 1 completed, aggregated models from all the clients, time past : 800msec, loss : 0.11, accuracy 96.60%
Accuracy per label : ['0:98.88%', '1:98.50%', '2:96.22%', '3:96.93%', '4:96.54%', '5:96.30%', '6:97.29%', '7:95.82%', '8:94.56%', '9:94.75%']

Cluster round 2 completed, aggregated models from all the clients, time past : 1500msec, loss : 0.11, accuracy 96.80%
Accuracy per label : ['0:98.16%', '1:98.15%', '2:96.22%', '3:97.13%', '4:97.25%', '5:96.52%', '6:97.60%', '7:95.43%', '8:95.79%', '9:95.64%']

Cluster round 3 completed, aggregated models from all the clients, time past : 2200msec, loss : 0.10, accuracy 97.07%
Accuracy per label : ['0:98.67%', '1:98.59%', '2:97.38%', '3:96.93%', '4:96.95%', '5:96.30%', '6:97.70%', '7:96.50%', '8:96.61%', '9:94.85%']

Before aggregation, loss : 0.11, accuracy : 96.69%
Before aggregation, accuracy per label : ['0:98.98%', '1:98.24%', '2:96.80%', '3:96.73%', '4:96.54%', '5:95.96%', '6:97.81%', '7:95.53%', '8:94.97%', '9:95.14%']
Aggregation to central server completed at central server round 250, loss : 0.11, accuracy: 96.79%, staleness : 4
Accuracy per label after aggregation : ['0:98.98%', '1:98.24%', '2:97.00%', '3:96.73%', '4:96.54%', '5:96.08%', '6:97.81%', '7:95.72%', '8:95.48%', '9:95.14%']

-----------------------------------------------------

Central server round 45 started
Model sent from central server with 100msec communication time, with loss :0.11, accuracy : 96.79%
Accuracy per label : ['0:98.98%', '1:98.24%', '2:97.00%', '3:96.73%', '4:96.54%', '5:96.08%', '6:97.81%', '7:95.72%', '8:95.48%', '9:95.14%']
The model is from round 40 from central server, staleness is 4

Cluster round 1 completed, aggregated models from all the clients, time past : 800msec, loss : 0.10, accuracy 96.96%
Accuracy per label : ['0:98.27%', '1:98.77%', '2:96.61%', '3:97.43%', '4:97.66%', '5:96.08%', '6:97.60%', '7:95.53%', '8:96.30%', '9:95.14%']

Cluster round 2 completed, aggregated models from all the clients, time past : 1500msec, loss : 0.10, accuracy 97.11%
Accuracy per label : ['0:98.57%', '1:98.94%', '2:97.29%', '3:97.03%', '4:97.45%', '5:96.19%', '6:97.91%', '7:96.40%', '8:95.07%', '9:95.94%']

Cluster round 3 completed, aggregated models from all the clients, time past : 2200msec, loss : 0.09, accuracy 97.24%
Accuracy per label : ['0:98.78%', '1:98.94%', '2:96.71%', '3:97.23%', '4:98.17%', '5:96.52%', '6:97.81%', '7:96.50%', '8:96.51%', '9:95.04%']

Before aggregation, loss : 0.10, accuracy : 96.99%
Before aggregation, accuracy per label : ['0:98.88%', '1:98.24%', '2:97.48%', '3:96.93%', '4:97.05%', '5:96.30%', '6:97.81%', '7:95.82%', '8:95.79%', '9:95.44%']
Aggregation to central server completed at central server round 250, loss : 0.10, accuracy: 97.08%, staleness : 4
Accuracy per label after aggregation : ['0:98.88%', '1:98.50%', '2:97.38%', '3:96.83%', '4:97.56%', '5:96.19%', '6:97.81%', '7:96.01%', '8:96.00%', '9:95.44%']

-----------------------------------------------------

Central server round 50 started
Model sent from central server with 100msec communication time, with loss :0.10, accuracy : 97.08%
Accuracy per label : ['0:98.88%', '1:98.50%', '2:97.38%', '3:96.83%', '4:97.56%', '5:96.19%', '6:97.81%', '7:96.01%', '8:96.00%', '9:95.44%']
The model is from round 45 from central server, staleness is 4

Cluster round 1 completed, aggregated models from all the clients, time past : 800msec, loss : 0.10, accuracy 97.20%
Accuracy per label : ['0:99.18%', '1:98.50%', '2:97.29%', '3:97.62%', '4:97.56%', '5:96.08%', '6:97.49%', '7:96.89%', '8:96.41%', '9:94.75%']

Cluster round 2 completed, aggregated models from all the clients, time past : 1500msec, loss : 0.10, accuracy 97.11%
Accuracy per label : ['0:98.98%', '1:98.68%', '2:97.77%', '3:98.32%', '4:96.95%', '5:95.63%', '6:97.18%', '7:96.21%', '8:96.30%', '9:94.75%']

Cluster round 3 completed, aggregated models from all the clients, time past : 2200msec, loss : 0.09, accuracy 97.37%
Accuracy per label : ['0:98.78%', '1:99.03%', '2:97.77%', '3:97.72%', '4:97.56%', '5:96.41%', '6:97.91%', '7:96.69%', '8:95.69%', '9:95.84%']

Before aggregation, loss : 0.09, accuracy : 97.15%
Before aggregation, accuracy per label : ['0:98.88%', '1:98.41%', '2:97.38%', '3:97.13%', '4:97.45%', '5:96.19%', '6:97.91%', '7:96.11%', '8:96.20%', '9:95.64%']
Aggregation to central server completed at central server round 250, loss : 0.09, accuracy: 97.23%, staleness : 4
Accuracy per label after aggregation : ['0:98.88%', '1:98.50%', '2:97.58%', '3:97.43%', '4:97.35%', '5:96.30%', '6:97.91%', '7:96.11%', '8:96.30%', '9:95.74%']

-----------------------------------------------------

Central server round 55 started
Model sent from central server with 100msec communication time, with loss :0.09, accuracy : 97.23%
Accuracy per label : ['0:98.88%', '1:98.50%', '2:97.58%', '3:97.43%', '4:97.35%', '5:96.30%', '6:97.91%', '7:96.11%', '8:96.30%', '9:95.74%']
The model is from round 50 from central server, staleness is 4

Cluster round 1 completed, aggregated models from all the clients, time past : 800msec, loss : 0.09, accuracy 97.33%
Accuracy per label : ['0:99.08%', '1:98.15%', '2:97.48%', '3:97.23%', '4:97.45%', '5:97.31%', '6:97.81%', '7:96.21%', '8:97.02%', '9:95.54%']

Cluster round 2 completed, aggregated models from all the clients, time past : 1500msec, loss : 0.09, accuracy 97.41%
Accuracy per label : ['0:99.18%', '1:98.68%', '2:97.19%', '3:97.82%', '4:97.45%', '5:96.30%', '6:97.81%', '7:96.79%', '8:97.02%', '9:95.64%']

Cluster round 3 completed, aggregated models from all the clients, time past : 2200msec, loss : 0.09, accuracy 97.44%
Accuracy per label : ['0:98.98%', '1:98.33%', '2:97.38%', '3:96.83%', '4:97.76%', '5:96.97%', '6:98.02%', '7:96.21%', '8:98.25%', '9:95.64%']

Before aggregation, loss : 0.09, accuracy : 97.41%
Before aggregation, accuracy per label : ['0:98.88%', '1:98.68%', '2:97.58%', '3:97.43%', '4:97.66%', '5:96.86%', '6:98.23%', '7:96.11%', '8:96.51%', '9:96.04%']
Aggregation to central server completed at central server round 250, loss : 0.09, accuracy: 97.37%, staleness : 4
Accuracy per label after aggregation : ['0:98.88%', '1:98.59%', '2:97.48%', '3:97.43%', '4:97.56%', '5:96.64%', '6:98.23%', '7:96.11%', '8:96.61%', '9:96.04%']

-----------------------------------------------------

Central server round 60 started
Model sent from central server with 100msec communication time, with loss :0.09, accuracy : 97.37%
Accuracy per label : ['0:98.88%', '1:98.59%', '2:97.48%', '3:97.43%', '4:97.56%', '5:96.64%', '6:98.23%', '7:96.11%', '8:96.61%', '9:96.04%']
The model is from round 55 from central server, staleness is 4

Cluster round 1 completed, aggregated models from all the clients, time past : 800msec, loss : 0.08, accuracy 97.46%
Accuracy per label : ['0:99.18%', '1:98.77%', '2:97.67%', '3:97.33%', '4:97.56%', '5:96.97%', '6:97.81%', '7:96.79%', '8:96.41%', '9:95.94%']

Cluster round 2 completed, aggregated models from all the clients, time past : 1500msec, loss : 0.09, accuracy 97.53%
Accuracy per label : ['0:99.08%', '1:98.68%', '2:97.67%', '3:98.71%', '4:97.35%', '5:95.96%', '6:97.70%', '7:96.40%', '8:96.71%', '9:96.73%']

Cluster round 3 completed, aggregated models from all the clients, time past : 2200msec, loss : 0.08, accuracy 97.60%
Accuracy per label : ['0:98.98%', '1:98.94%', '2:97.09%', '3:98.61%', '4:97.35%', '5:96.75%', '6:98.02%', '7:96.60%', '8:96.51%', '9:96.93%']

Before aggregation, loss : 0.08, accuracy : 97.52%
Before aggregation, accuracy per label : ['0:98.88%', '1:98.77%', '2:97.87%', '3:97.43%', '4:97.76%', '5:97.20%', '6:98.23%', '7:96.21%', '8:96.71%', '9:96.04%']
Aggregation to central server completed at central server round 250, loss : 0.08, accuracy: 97.52%, staleness : 4
Accuracy per label after aggregation : ['0:98.88%', '1:98.85%', '2:97.97%', '3:97.52%', '4:97.66%', '5:96.97%', '6:98.02%', '7:96.30%', '8:96.71%', '9:96.13%']

-----------------------------------------------------

Central server round 65 started
Model sent from central server with 100msec communication time, with loss :0.08, accuracy : 97.52%
Accuracy per label : ['0:98.88%', '1:98.85%', '2:97.97%', '3:97.52%', '4:97.66%', '5:96.97%', '6:98.02%', '7:96.30%', '8:96.71%', '9:96.13%']
The model is from round 60 from central server, staleness is 4

Cluster round 1 completed, aggregated models from all the clients, time past : 800msec, loss : 0.08, accuracy 97.64%
Accuracy per label : ['0:99.08%', '1:98.77%', '2:97.58%', '3:97.92%', '4:98.07%', '5:97.09%', '6:97.91%', '7:97.08%', '8:97.02%', '9:95.74%']

Cluster round 2 completed, aggregated models from all the clients, time past : 1500msec, loss : 0.08, accuracy 97.64%
Accuracy per label : ['0:98.57%', '1:98.41%', '2:98.06%', '3:97.82%', '4:97.76%', '5:97.31%', '6:98.02%', '7:96.30%', '8:97.64%', '9:96.43%']

Cluster round 3 completed, aggregated models from all the clients, time past : 2200msec, loss : 0.07, accuracy 97.75%
Accuracy per label : ['0:99.08%', '1:98.85%', '2:97.48%', '3:97.72%', '4:98.07%', '5:97.31%', '6:98.23%', '7:97.18%', '8:97.02%', '9:96.43%']

Before aggregation, loss : 0.08, accuracy : 97.55%
Before aggregation, accuracy per label : ['0:98.98%', '1:98.85%', '2:97.58%', '3:97.52%', '4:97.76%', '5:97.31%', '6:98.02%', '7:96.30%', '8:96.82%', '9:96.23%']
Aggregation to central server completed at central server round 250, loss : 0.08, accuracy: 97.61%, staleness : 4
Accuracy per label after aggregation : ['0:99.08%', '1:98.85%', '2:97.58%', '3:97.62%', '4:97.86%', '5:97.31%', '6:98.02%', '7:96.50%', '8:96.92%', '9:96.23%']

-----------------------------------------------------

Central server round 70 started
Model sent from central server with 100msec communication time, with loss :0.08, accuracy : 97.61%
Accuracy per label : ['0:99.08%', '1:98.85%', '2:97.58%', '3:97.62%', '4:97.86%', '5:97.31%', '6:98.02%', '7:96.50%', '8:96.92%', '9:96.23%']
The model is from round 65 from central server, staleness is 4

Cluster round 1 completed, aggregated models from all the clients, time past : 800msec, loss : 0.08, accuracy 97.65%
Accuracy per label : ['0:99.08%', '1:98.68%', '2:96.71%', '3:97.72%', '4:97.86%', '5:96.75%', '6:98.12%', '7:96.89%', '8:98.15%', '9:96.43%']

Cluster round 2 completed, aggregated models from all the clients, time past : 1500msec, loss : 0.08, accuracy 97.80%
Accuracy per label : ['0:99.08%', '1:98.94%', '2:97.48%', '3:98.81%', '4:97.66%', '5:97.42%', '6:98.02%', '7:97.37%', '8:97.02%', '9:96.04%']

Cluster round 3 completed, aggregated models from all the clients, time past : 2200msec, loss : 0.07, accuracy 97.85%
Accuracy per label : ['0:98.78%', '1:98.77%', '2:98.26%', '3:98.22%', '4:97.76%', '5:97.09%', '6:98.23%', '7:96.98%', '8:97.95%', '9:96.33%']

Before aggregation, loss : 0.07, accuracy : 97.68%
Before aggregation, accuracy per label : ['0:99.08%', '1:98.85%', '2:97.87%', '3:97.62%', '4:97.86%', '5:97.53%', '6:98.23%', '7:96.50%', '8:96.92%', '9:96.23%']
Aggregation to central server completed at central server round 250, loss : 0.07, accuracy: 97.73%, staleness : 4
Accuracy per label after aggregation : ['0:99.08%', '1:98.85%', '2:97.97%', '3:97.62%', '4:97.86%', '5:97.53%', '6:98.23%', '7:96.60%', '8:97.23%', '9:96.23%']

-----------------------------------------------------

Central server round 75 started
Model sent from central server with 100msec communication time, with loss :0.07, accuracy : 97.73%
Accuracy per label : ['0:99.08%', '1:98.85%', '2:97.97%', '3:97.62%', '4:97.86%', '5:97.53%', '6:98.23%', '7:96.60%', '8:97.23%', '9:96.23%']
The model is from round 70 from central server, staleness is 4

Cluster round 1 completed, aggregated models from all the clients, time past : 800msec, loss : 0.07, accuracy 97.75%
Accuracy per label : ['0:98.67%', '1:99.21%', '2:97.97%', '3:97.33%', '4:98.37%', '5:97.65%', '6:98.12%', '7:97.57%', '8:96.92%', '9:95.54%']

Cluster round 2 completed, aggregated models from all the clients, time past : 1500msec, loss : 0.07, accuracy 97.83%
Accuracy per label : ['0:98.98%', '1:99.12%', '2:97.97%', '3:98.12%', '4:98.57%', '5:97.31%', '6:98.33%', '7:97.57%', '8:96.92%', '9:95.24%']

Cluster round 3 completed, aggregated models from all the clients, time past : 2200msec, loss : 0.07, accuracy 97.76%
Accuracy per label : ['0:98.78%', '1:98.94%', '2:97.19%', '3:97.82%', '4:98.07%', '5:97.65%', '6:98.23%', '7:96.98%', '8:97.13%', '9:96.73%']

Before aggregation, loss : 0.07, accuracy : 97.80%
Before aggregation, accuracy per label : ['0:99.18%', '1:98.85%', '2:97.97%', '3:97.62%', '4:97.86%', '5:97.65%', '6:98.23%', '7:96.69%', '8:97.43%', '9:96.43%']
Aggregation to central server completed at central server round 250, loss : 0.07, accuracy: 97.78%, staleness : 4
Accuracy per label after aggregation : ['0:99.18%', '1:98.85%', '2:97.87%', '3:97.52%', '4:97.86%', '5:97.53%', '6:98.23%', '7:96.69%', '8:97.43%', '9:96.53%']

-----------------------------------------------------

Central server round 80 started
Model sent from central server with 100msec communication time, with loss :0.07, accuracy : 97.78%
Accuracy per label : ['0:99.18%', '1:98.85%', '2:97.87%', '3:97.52%', '4:97.86%', '5:97.53%', '6:98.23%', '7:96.69%', '8:97.43%', '9:96.53%']
The model is from round 75 from central server, staleness is 4

Cluster round 1 completed, aggregated models from all the clients, time past : 800msec, loss : 0.07, accuracy 97.85%
Accuracy per label : ['0:99.18%', '1:98.85%', '2:97.87%', '3:98.42%', '4:98.17%', '5:97.20%', '6:98.23%', '7:96.98%', '8:97.13%', '9:96.33%']

Cluster round 2 completed, aggregated models from all the clients, time past : 1500msec, loss : 0.07, accuracy 97.85%
Accuracy per label : ['0:98.88%', '1:99.03%', '2:98.06%', '3:98.51%', '4:97.05%', '5:97.76%', '6:98.23%', '7:97.08%', '8:96.71%', '9:97.03%']

Cluster round 3 completed, aggregated models from all the clients, time past : 2200msec, loss : 0.07, accuracy 97.90%
Accuracy per label : ['0:98.67%', '1:99.03%', '2:98.16%', '3:98.22%', '4:98.37%', '5:97.31%', '6:98.23%', '7:97.28%', '8:96.82%', '9:96.73%']

Before aggregation, loss : 0.07, accuracy : 97.81%
Before aggregation, accuracy per label : ['0:99.18%', '1:98.94%', '2:97.87%', '3:97.52%', '4:97.86%', '5:97.65%', '6:98.23%', '7:96.79%', '8:97.33%', '9:96.63%']
Aggregation to central server completed at central server round 250, loss : 0.07, accuracy: 97.85%, staleness : 4
Accuracy per label after aggregation : ['0:99.18%', '1:98.94%', '2:97.97%', '3:97.72%', '4:97.86%', '5:97.53%', '6:98.23%', '7:96.89%', '8:97.33%', '9:96.73%']

-----------------------------------------------------

Central server round 85 started
Model sent from central server with 100msec communication time, with loss :0.07, accuracy : 97.85%
Accuracy per label : ['0:99.18%', '1:98.94%', '2:97.97%', '3:97.72%', '4:97.86%', '5:97.53%', '6:98.23%', '7:96.89%', '8:97.33%', '9:96.73%']
The model is from round 80 from central server, staleness is 4

Cluster round 1 completed, aggregated models from all the clients, time past : 800msec, loss : 0.07, accuracy 97.93%
Accuracy per label : ['0:99.08%', '1:98.94%', '2:97.48%', '3:98.81%', '4:98.17%', '5:97.31%', '6:98.12%', '7:97.47%', '8:97.54%', '9:96.23%']

Cluster round 2 completed, aggregated models from all the clients, time past : 1500msec, loss : 0.07, accuracy 97.90%
Accuracy per label : ['0:98.98%', '1:99.30%', '2:97.67%', '3:98.22%', '4:98.17%', '5:97.76%', '6:98.23%', '7:97.47%', '8:96.20%', '9:96.83%']

Cluster round 3 completed, aggregated models from all the clients, time past : 2200msec, loss : 0.07, accuracy 97.94%
Accuracy per label : ['0:99.08%', '1:98.94%', '2:97.67%', '3:98.32%', '4:98.17%', '5:97.31%', '6:98.23%', '7:97.18%', '8:97.95%', '9:96.43%']

Before aggregation, loss : 0.06, accuracy : 97.88%
Before aggregation, accuracy per label : ['0:99.18%', '1:98.94%', '2:97.77%', '3:97.82%', '4:97.96%', '5:97.65%', '6:98.33%', '7:97.18%', '8:97.23%', '9:96.63%']
Aggregation to central server completed at central server round 250, loss : 0.06, accuracy: 97.91%, staleness : 4
Accuracy per label after aggregation : ['0:99.18%', '1:98.94%', '2:97.87%', '3:98.02%', '4:97.96%', '5:97.53%', '6:98.33%', '7:97.08%', '8:97.43%', '9:96.63%']

-----------------------------------------------------

Central server round 90 started
Model sent from central server with 100msec communication time, with loss :0.06, accuracy : 97.91%
Accuracy per label : ['0:99.18%', '1:98.94%', '2:97.87%', '3:98.02%', '4:97.96%', '5:97.53%', '6:98.33%', '7:97.08%', '8:97.43%', '9:96.63%']
The model is from round 85 from central server, staleness is 4

Cluster round 1 completed, aggregated models from all the clients, time past : 800msec, loss : 0.07, accuracy 97.96%
Accuracy per label : ['0:98.98%', '1:98.94%', '2:97.87%', '3:98.71%', '4:97.76%', '5:97.42%', '6:98.23%', '7:96.60%', '8:98.15%', '9:96.83%']

Cluster round 2 completed, aggregated models from all the clients, time past : 1500msec, loss : 0.07, accuracy 98.02%
Accuracy per label : ['0:99.18%', '1:99.03%', '2:97.87%', '3:98.32%', '4:98.57%', '5:97.53%', '6:98.12%', '7:97.37%', '8:97.43%', '9:96.63%']

Cluster round 3 completed, aggregated models from all the clients, time past : 2200msec, loss : 0.07, accuracy 97.98%
Accuracy per label : ['0:98.88%', '1:98.94%', '2:98.06%', '3:97.72%', '4:97.76%', '5:97.87%', '6:98.23%', '7:96.98%', '8:98.36%', '9:96.93%']

Before aggregation, loss : 0.06, accuracy : 97.95%
Before aggregation, accuracy per label : ['0:99.29%', '1:98.85%', '2:97.97%', '3:97.92%', '4:98.27%', '5:97.65%', '6:98.33%', '7:97.18%', '8:97.43%', '9:96.53%']
Aggregation to central server completed at central server round 250, loss : 0.06, accuracy: 97.98%, staleness : 4
Accuracy per label after aggregation : ['0:99.29%', '1:98.94%', '2:98.16%', '3:97.92%', '4:98.27%', '5:97.53%', '6:98.33%', '7:97.18%', '8:97.54%', '9:96.53%']

-----------------------------------------------------

Central server round 95 started
Model sent from central server with 100msec communication time, with loss :0.06, accuracy : 97.98%
Accuracy per label : ['0:99.29%', '1:98.94%', '2:98.16%', '3:97.92%', '4:98.27%', '5:97.53%', '6:98.33%', '7:97.18%', '8:97.54%', '9:96.53%']
The model is from round 90 from central server, staleness is 4

Cluster round 1 completed, aggregated models from all the clients, time past : 800msec, loss : 0.06, accuracy 98.07%
Accuracy per label : ['0:99.18%', '1:99.12%', '2:98.26%', '3:98.42%', '4:98.27%', '5:97.65%', '6:98.23%', '7:97.37%', '8:97.33%', '9:96.73%']

Cluster round 2 completed, aggregated models from all the clients, time past : 1500msec, loss : 0.06, accuracy 98.03%
Accuracy per label : ['0:98.88%', '1:98.94%', '2:97.67%', '3:98.22%', '4:98.37%', '5:97.65%', '6:98.23%', '7:97.67%', '8:98.25%', '9:96.33%']

Cluster round 3 completed, aggregated models from all the clients, time past : 2200msec, loss : 0.07, accuracy 98.05%
Accuracy per label : ['0:98.88%', '1:98.94%', '2:98.16%', '3:98.71%', '4:98.27%', '5:97.42%', '6:98.02%', '7:97.18%', '8:98.15%', '9:96.63%']

Before aggregation, loss : 0.06, accuracy : 98.00%
Before aggregation, accuracy per label : ['0:99.29%', '1:99.03%', '2:98.16%', '3:98.12%', '4:98.17%', '5:97.65%', '6:98.33%', '7:97.18%', '8:97.43%', '9:96.53%']
Aggregation to central server completed at central server round 250, loss : 0.06, accuracy: 98.01%, staleness : 4
Accuracy per label after aggregation : ['0:99.29%', '1:98.94%', '2:98.06%', '3:98.22%', '4:98.27%', '5:97.65%', '6:98.33%', '7:97.18%', '8:97.43%', '9:96.63%']

-----------------------------------------------------

Central server round 100 started
Model sent from central server with 100msec communication time, with loss :0.06, accuracy : 98.01%
Accuracy per label : ['0:99.29%', '1:98.94%', '2:98.06%', '3:98.22%', '4:98.27%', '5:97.65%', '6:98.33%', '7:97.18%', '8:97.43%', '9:96.63%']
The model is from round 95 from central server, staleness is 4

Cluster round 1 completed, aggregated models from all the clients, time past : 800msec, loss : 0.06, accuracy 98.06%
Accuracy per label : ['0:99.08%', '1:98.68%', '2:98.06%', '3:97.92%', '4:98.68%', '5:98.09%', '6:98.12%', '7:97.86%', '8:97.84%', '9:96.23%']

Cluster round 2 completed, aggregated models from all the clients, time past : 1500msec, loss : 0.06, accuracy 98.06%
Accuracy per label : ['0:99.18%', '1:98.85%', '2:98.26%', '3:98.71%', '4:98.27%', '5:97.65%', '6:98.12%', '7:96.98%', '8:97.74%', '9:96.73%']

Cluster round 3 completed, aggregated models from all the clients, time past : 2200msec, loss : 0.06, accuracy 98.07%
Accuracy per label : ['0:99.18%', '1:99.03%', '2:98.06%', '3:98.71%', '4:98.17%', '5:97.09%', '6:98.12%', '7:96.98%', '8:97.84%', '9:97.32%']

Before aggregation, loss : 0.06, accuracy : 98.07%
Before aggregation, accuracy per label : ['0:99.39%', '1:99.21%', '2:98.26%', '3:98.02%', '4:98.27%', '5:97.53%', '6:98.43%', '7:97.37%', '8:97.43%', '9:96.63%']
Aggregation to central server completed at central server round 250, loss : 0.06, accuracy: 98.09%, staleness : 4
Accuracy per label after aggregation : ['0:99.39%', '1:99.12%', '2:98.16%', '3:98.22%', '4:98.37%', '5:97.65%', '6:98.33%', '7:97.28%', '8:97.54%', '9:96.73%']

-----------------------------------------------------

Central server round 105 started
Model sent from central server with 100msec communication time, with loss :0.06, accuracy : 98.09%
Accuracy per label : ['0:99.39%', '1:99.12%', '2:98.16%', '3:98.22%', '4:98.37%', '5:97.65%', '6:98.33%', '7:97.28%', '8:97.54%', '9:96.73%']
The model is from round 100 from central server, staleness is 4

Cluster round 1 completed, aggregated models from all the clients, time past : 800msec, loss : 0.06, accuracy 98.11%
Accuracy per label : ['0:98.98%', '1:99.30%', '2:98.06%', '3:98.71%', '4:98.27%', '5:97.76%', '6:98.43%', '7:97.37%', '8:97.64%', '9:96.43%']

Cluster round 2 completed, aggregated models from all the clients, time past : 1500msec, loss : 0.06, accuracy 98.02%
Accuracy per label : ['0:98.98%', '1:99.21%', '2:97.77%', '3:98.02%', '4:98.57%', '5:97.87%', '6:98.12%', '7:97.08%', '8:98.25%', '9:96.23%']

Cluster round 3 completed, aggregated models from all the clients, time past : 2200msec, loss : 0.06, accuracy 98.05%
Accuracy per label : ['0:99.39%', '1:99.21%', '2:97.48%', '3:98.61%', '4:98.27%', '5:97.09%', '6:98.02%', '7:97.67%', '8:97.64%', '9:96.93%']

Before aggregation, loss : 0.06, accuracy : 98.08%
Before aggregation, accuracy per label : ['0:99.39%', '1:99.12%', '2:98.35%', '3:98.12%', '4:98.37%', '5:97.65%', '6:98.33%', '7:97.37%', '8:97.43%', '9:96.53%']
Aggregation to central server completed at central server round 250, loss : 0.06, accuracy: 98.10%, staleness : 4
Accuracy per label after aggregation : ['0:99.39%', '1:99.21%', '2:98.26%', '3:98.22%', '4:98.37%', '5:97.65%', '6:98.33%', '7:97.28%', '8:97.54%', '9:96.63%']

-----------------------------------------------------

Central server round 110 started
Model sent from central server with 100msec communication time, with loss :0.06, accuracy : 98.10%
Accuracy per label : ['0:99.39%', '1:99.21%', '2:98.26%', '3:98.22%', '4:98.37%', '5:97.65%', '6:98.33%', '7:97.28%', '8:97.54%', '9:96.63%']
The model is from round 105 from central server, staleness is 4

Cluster round 1 completed, aggregated models from all the clients, time past : 800msec, loss : 0.06, accuracy 98.14%
Accuracy per label : ['0:99.08%', '1:99.38%', '2:97.67%', '3:98.51%', '4:98.47%', '5:97.65%', '6:98.23%', '7:97.86%', '8:97.84%', '9:96.53%']

Cluster round 2 completed, aggregated models from all the clients, time past : 1500msec, loss : 0.06, accuracy 98.14%
Accuracy per label : ['0:99.18%', '1:98.85%', '2:98.35%', '3:98.61%', '4:98.27%', '5:97.65%', '6:98.02%', '7:97.18%', '8:97.84%', '9:97.32%']

Cluster round 3 completed, aggregated models from all the clients, time past : 2200msec, loss : 0.06, accuracy 98.11%
Accuracy per label : ['0:99.39%', '1:99.21%', '2:98.26%', '3:98.61%', '4:98.57%', '5:97.09%', '6:98.23%', '7:97.76%', '8:97.23%', '9:96.53%']

Before aggregation, loss : 0.06, accuracy : 98.13%
Before aggregation, accuracy per label : ['0:99.39%', '1:99.12%', '2:98.55%', '3:98.12%', '4:98.47%', '5:97.65%', '6:98.33%', '7:97.37%', '8:97.64%', '9:96.53%']
Aggregation to central server completed at central server round 250, loss : 0.06, accuracy: 98.13%, staleness : 4
Accuracy per label after aggregation : ['0:99.39%', '1:99.12%', '2:98.45%', '3:98.22%', '4:98.37%', '5:97.65%', '6:98.43%', '7:97.37%', '8:97.54%', '9:96.63%']

-----------------------------------------------------

Central server round 115 started
Model sent from central server with 100msec communication time, with loss :0.06, accuracy : 98.13%
Accuracy per label : ['0:99.39%', '1:99.12%', '2:98.45%', '3:98.22%', '4:98.37%', '5:97.65%', '6:98.43%', '7:97.37%', '8:97.54%', '9:96.63%']
The model is from round 110 from central server, staleness is 4

Cluster round 1 completed, aggregated models from all the clients, time past : 800msec, loss : 0.06, accuracy 98.12%
Accuracy per label : ['0:99.08%', '1:99.03%', '2:98.26%', '3:98.71%', '4:98.17%', '5:97.76%', '6:98.23%', '7:97.37%', '8:97.54%', '9:96.93%']

Cluster round 2 completed, aggregated models from all the clients, time past : 1500msec, loss : 0.06, accuracy 98.09%
Accuracy per label : ['0:98.98%', '1:98.77%', '2:97.48%', '3:99.11%', '4:98.27%', '5:97.42%', '6:98.12%', '7:97.96%', '8:98.15%', '9:96.53%']

Cluster round 3 completed, aggregated models from all the clients, time past : 2200msec, loss : 0.06, accuracy 98.13%
Accuracy per label : ['0:98.98%', '1:99.30%', '2:98.26%', '3:98.81%', '4:98.37%', '5:97.20%', '6:98.12%', '7:98.05%', '8:97.64%', '9:96.33%']

Before aggregation, loss : 0.06, accuracy : 98.19%
Before aggregation, accuracy per label : ['0:99.39%', '1:99.12%', '2:98.45%', '3:98.22%', '4:98.57%', '5:97.65%', '6:98.33%', '7:97.67%', '8:97.64%', '9:96.73%']
Aggregation to central server completed at central server round 250, loss : 0.06, accuracy: 98.19%, staleness : 4
Accuracy per label after aggregation : ['0:99.39%', '1:99.21%', '2:98.45%', '3:98.32%', '4:98.57%', '5:97.65%', '6:98.23%', '7:97.67%', '8:97.54%', '9:96.73%']

-----------------------------------------------------

Central server round 120 started
Model sent from central server with 100msec communication time, with loss :0.06, accuracy : 98.19%
Accuracy per label : ['0:99.39%', '1:99.21%', '2:98.45%', '3:98.32%', '4:98.57%', '5:97.65%', '6:98.23%', '7:97.67%', '8:97.54%', '9:96.73%']
The model is from round 115 from central server, staleness is 4

Cluster round 1 completed, aggregated models from all the clients, time past : 800msec, loss : 0.06, accuracy 98.13%
Accuracy per label : ['0:99.18%', '1:99.38%', '2:98.26%', '3:98.71%', '4:98.47%', '5:97.53%', '6:98.12%', '7:97.08%', '8:97.74%', '9:96.63%']

Cluster round 2 completed, aggregated models from all the clients, time past : 1500msec, loss : 0.06, accuracy 98.22%
Accuracy per label : ['0:99.08%', '1:99.12%', '2:98.26%', '3:98.61%', '4:98.27%', '5:97.87%', '6:98.33%', '7:97.57%', '8:97.84%', '9:97.13%']

Cluster round 3 completed, aggregated models from all the clients, time past : 2200msec, loss : 0.06, accuracy 98.19%
Accuracy per label : ['0:99.18%', '1:99.12%', '2:98.06%', '3:98.71%', '4:98.27%', '5:97.65%', '6:98.12%', '7:97.57%', '8:97.95%', '9:97.13%']

Before aggregation, loss : 0.05, accuracy : 98.20%
Before aggregation, accuracy per label : ['0:99.39%', '1:99.12%', '2:98.64%', '3:98.12%', '4:98.57%', '5:97.65%', '6:98.43%', '7:97.67%', '8:97.54%', '9:96.73%']
Aggregation to central server completed at central server round 250, loss : 0.05, accuracy: 98.18%, staleness : 4
Accuracy per label after aggregation : ['0:99.39%', '1:99.12%', '2:98.45%', '3:98.12%', '4:98.57%', '5:97.65%', '6:98.23%', '7:97.57%', '8:97.74%', '9:96.83%']

-----------------------------------------------------

Central server round 125 started
Model sent from central server with 100msec communication time, with loss :0.05, accuracy : 98.18%
Accuracy per label : ['0:99.39%', '1:99.12%', '2:98.45%', '3:98.12%', '4:98.57%', '5:97.65%', '6:98.23%', '7:97.57%', '8:97.74%', '9:96.83%']
The model is from round 120 from central server, staleness is 4

Cluster round 1 completed, aggregated models from all the clients, time past : 800msec, loss : 0.06, accuracy 98.15%
Accuracy per label : ['0:99.08%', '1:99.30%', '2:98.45%', '3:98.61%', '4:98.57%', '5:97.65%', '6:98.12%', '7:97.76%', '8:97.43%', '9:96.33%']

Cluster round 2 completed, aggregated models from all the clients, time past : 1500msec, loss : 0.06, accuracy 98.13%
Accuracy per label : ['0:98.98%', '1:98.94%', '2:97.97%', '3:98.91%', '4:98.27%', '5:97.09%', '6:98.12%', '7:97.96%', '8:98.15%', '9:96.73%']

Cluster round 3 completed, aggregated models from all the clients, time past : 2200msec, loss : 0.06, accuracy 98.17%
Accuracy per label : ['0:98.88%', '1:99.21%', '2:98.35%', '3:98.91%', '4:98.37%', '5:97.65%', '6:98.12%', '7:97.76%', '8:97.95%', '9:96.33%']

Before aggregation, loss : 0.05, accuracy : 98.27%
Before aggregation, accuracy per label : ['0:99.39%', '1:99.12%', '2:98.64%', '3:98.22%', '4:98.68%', '5:97.65%', '6:98.43%', '7:97.67%', '8:97.84%', '9:96.93%']
Aggregation to central server completed at central server round 250, loss : 0.05, accuracy: 98.26%, staleness : 4
Accuracy per label after aggregation : ['0:99.39%', '1:99.12%', '2:98.55%', '3:98.22%', '4:98.68%', '5:97.76%', '6:98.33%', '7:97.67%', '8:97.84%', '9:96.93%']

-----------------------------------------------------

Central server round 130 started
Model sent from central server with 100msec communication time, with loss :0.05, accuracy : 98.26%
Accuracy per label : ['0:99.39%', '1:99.12%', '2:98.55%', '3:98.22%', '4:98.68%', '5:97.76%', '6:98.33%', '7:97.67%', '8:97.84%', '9:96.93%']
The model is from round 125 from central server, staleness is 4

Cluster round 1 completed, aggregated models from all the clients, time past : 800msec, loss : 0.06, accuracy 98.28%
Accuracy per label : ['0:98.98%', '1:99.47%', '2:97.58%', '3:98.22%', '4:98.68%', '5:98.21%', '6:98.12%', '7:98.05%', '8:97.84%', '9:97.52%']

Cluster round 2 completed, aggregated models from all the clients, time past : 1500msec, loss : 0.06, accuracy 98.19%
Accuracy per label : ['0:99.08%', '1:99.21%', '2:98.35%', '3:98.81%', '4:98.37%', '5:97.53%', '6:98.12%', '7:97.67%', '8:97.84%', '9:96.73%']

Cluster round 3 completed, aggregated models from all the clients, time past : 2200msec, loss : 0.06, accuracy 98.18%
Accuracy per label : ['0:99.08%', '1:99.12%', '2:98.16%', '3:98.81%', '4:98.68%', '5:97.53%', '6:98.12%', '7:97.67%', '8:97.64%', '9:96.83%']

Before aggregation, loss : 0.05, accuracy : 98.28%
Before aggregation, accuracy per label : ['0:99.39%', '1:99.12%', '2:98.45%', '3:98.22%', '4:98.68%', '5:97.76%', '6:98.43%', '7:97.86%', '8:97.95%', '9:96.83%']
Aggregation to central server completed at central server round 250, loss : 0.05, accuracy: 98.27%, staleness : 4
Accuracy per label after aggregation : ['0:99.39%', '1:99.12%', '2:98.45%', '3:98.22%', '4:98.68%', '5:97.87%', '6:98.33%', '7:97.86%', '8:97.84%', '9:96.83%']

-----------------------------------------------------

Central server round 135 started
Model sent from central server with 100msec communication time, with loss :0.05, accuracy : 98.27%
Accuracy per label : ['0:99.39%', '1:99.12%', '2:98.45%', '3:98.22%', '4:98.68%', '5:97.87%', '6:98.33%', '7:97.86%', '8:97.84%', '9:96.83%']
The model is from round 130 from central server, staleness is 4

Cluster round 1 completed, aggregated models from all the clients, time past : 800msec, loss : 0.06, accuracy 98.18%
Accuracy per label : ['0:99.08%', '1:99.12%', '2:98.35%', '3:98.91%', '4:98.68%', '5:97.65%', '6:98.12%', '7:97.37%', '8:98.25%', '9:96.13%']

Cluster round 2 completed, aggregated models from all the clients, time past : 1500msec, loss : 0.06, accuracy 98.20%
Accuracy per label : ['0:98.98%', '1:98.85%', '2:98.45%', '3:98.91%', '4:98.27%', '5:97.87%', '6:98.23%', '7:97.28%', '8:98.15%', '9:96.93%']

Cluster round 3 completed, aggregated models from all the clients, time past : 2200msec, loss : 0.06, accuracy 98.23%
Accuracy per label : ['0:99.08%', '1:99.47%', '2:98.45%', '3:98.81%', '4:98.47%', '5:97.98%', '6:98.12%', '7:96.98%', '8:97.74%', '9:97.03%']

Before aggregation, loss : 0.05, accuracy : 98.28%
Before aggregation, accuracy per label : ['0:99.39%', '1:99.12%', '2:98.45%', '3:98.22%', '4:98.68%', '5:97.76%', '6:98.43%', '7:97.96%', '8:97.84%', '9:96.83%']
Aggregation to central server completed at central server round 250, loss : 0.05, accuracy: 98.29%, staleness : 4
Accuracy per label after aggregation : ['0:99.39%', '1:99.12%', '2:98.55%', '3:98.12%', '4:98.68%', '5:97.87%', '6:98.33%', '7:97.96%', '8:97.95%', '9:96.83%']

-----------------------------------------------------

Central server round 140 started
Model sent from central server with 100msec communication time, with loss :0.05, accuracy : 98.29%
Accuracy per label : ['0:99.39%', '1:99.12%', '2:98.55%', '3:98.12%', '4:98.68%', '5:97.87%', '6:98.33%', '7:97.96%', '8:97.95%', '9:96.83%']
The model is from round 135 from central server, staleness is 4

Cluster round 1 completed, aggregated models from all the clients, time past : 800msec, loss : 0.05, accuracy 98.25%
Accuracy per label : ['0:99.08%', '1:99.21%', '2:98.26%', '3:98.71%', '4:98.57%', '5:97.76%', '6:98.23%', '7:97.28%', '8:98.25%', '9:97.03%']

Cluster round 2 completed, aggregated models from all the clients, time past : 1500msec, loss : 0.05, accuracy 98.25%
Accuracy per label : ['0:99.08%', '1:99.03%', '2:98.35%', '3:98.61%', '4:98.37%', '5:97.98%', '6:98.23%', '7:97.47%', '8:98.36%', '9:96.93%']

Cluster round 3 completed, aggregated models from all the clients, time past : 2200msec, loss : 0.05, accuracy 98.23%
Accuracy per label : ['0:98.98%', '1:99.12%', '2:97.97%', '3:98.81%', '4:98.68%', '5:97.65%', '6:98.02%', '7:98.35%', '8:97.84%', '9:96.73%']

Before aggregation, loss : 0.05, accuracy : 98.33%
Before aggregation, accuracy per label : ['0:99.39%', '1:99.12%', '2:98.45%', '3:98.42%', '4:98.68%', '5:97.87%', '6:98.43%', '7:97.96%', '8:98.05%', '9:96.83%']
Aggregation to central server completed at central server round 250, loss : 0.05, accuracy: 98.33%, staleness : 4
Accuracy per label after aggregation : ['0:99.39%', '1:99.12%', '2:98.45%', '3:98.42%', '4:98.68%', '5:97.87%', '6:98.43%', '7:97.96%', '8:98.05%', '9:96.83%']

-----------------------------------------------------

Central server round 145 started
Model sent from central server with 100msec communication time, with loss :0.05, accuracy : 98.33%
Accuracy per label : ['0:99.39%', '1:99.12%', '2:98.45%', '3:98.42%', '4:98.68%', '5:97.87%', '6:98.43%', '7:97.96%', '8:98.05%', '9:96.83%']
The model is from round 140 from central server, staleness is 4

Cluster round 1 completed, aggregated models from all the clients, time past : 800msec, loss : 0.05, accuracy 98.35%
Accuracy per label : ['0:98.98%', '1:99.47%', '2:98.06%', '3:98.81%', '4:98.57%', '5:97.87%', '6:98.23%', '7:98.25%', '8:98.05%', '9:97.03%']

Cluster round 2 completed, aggregated models from all the clients, time past : 1500msec, loss : 0.05, accuracy 98.37%
Accuracy per label : ['0:98.98%', '1:99.47%', '2:98.26%', '3:98.91%', '4:98.68%', '5:98.21%', '6:98.23%', '7:97.86%', '8:97.95%', '9:97.03%']

Cluster round 3 completed, aggregated models from all the clients, time past : 2200msec, loss : 0.06, accuracy 98.22%
Accuracy per label : ['0:98.98%', '1:99.21%', '2:98.06%', '3:99.01%', '4:98.78%', '5:97.42%', '6:98.12%', '7:97.76%', '8:97.43%', '9:97.22%']

Before aggregation, loss : 0.05, accuracy : 98.35%
Before aggregation, accuracy per label : ['0:99.39%', '1:99.12%', '2:98.55%', '3:98.42%', '4:98.68%', '5:97.87%', '6:98.43%', '7:97.96%', '8:98.15%', '9:96.83%']
Aggregation to central server completed at central server round 250, loss : 0.05, accuracy: 98.38%, staleness : 4
Accuracy per label after aggregation : ['0:99.39%', '1:99.12%', '2:98.64%', '3:98.51%', '4:98.57%', '5:97.87%', '6:98.43%', '7:97.96%', '8:98.15%', '9:97.03%']

-----------------------------------------------------

Central server round 150 started
Model sent from central server with 100msec communication time, with loss :0.05, accuracy : 98.38%
Accuracy per label : ['0:99.39%', '1:99.12%', '2:98.64%', '3:98.51%', '4:98.57%', '5:97.87%', '6:98.43%', '7:97.96%', '8:98.15%', '9:97.03%']
The model is from round 145 from central server, staleness is 4

Cluster round 1 completed, aggregated models from all the clients, time past : 800msec, loss : 0.05, accuracy 98.31%
Accuracy per label : ['0:98.98%', '1:98.94%', '2:98.35%', '3:98.61%', '4:98.57%', '5:98.21%', '6:98.23%', '7:97.67%', '8:98.15%', '9:97.32%']

Cluster round 2 completed, aggregated models from all the clients, time past : 1500msec, loss : 0.05, accuracy 98.24%
Accuracy per label : ['0:98.98%', '1:99.38%', '2:97.97%', '3:98.42%', '4:98.37%', '5:98.32%', '6:98.12%', '7:98.54%', '8:97.74%', '9:96.43%']

Cluster round 3 completed, aggregated models from all the clients, time past : 2200msec, loss : 0.05, accuracy 98.31%
Accuracy per label : ['0:98.98%', '1:99.12%', '2:98.74%', '3:98.71%', '4:98.78%', '5:98.21%', '6:98.23%', '7:97.67%', '8:97.74%', '9:96.83%']

Before aggregation, loss : 0.05, accuracy : 98.34%
Before aggregation, accuracy per label : ['0:99.39%', '1:99.12%', '2:98.45%', '3:98.42%', '4:98.57%', '5:97.87%', '6:98.43%', '7:97.96%', '8:98.05%', '9:97.03%']
Aggregation to central server completed at central server round 250, loss : 0.05, accuracy: 98.37%, staleness : 4
Accuracy per label after aggregation : ['0:99.39%', '1:99.12%', '2:98.55%', '3:98.61%', '4:98.47%', '5:97.87%', '6:98.33%', '7:98.05%', '8:98.15%', '9:97.03%']

-----------------------------------------------------

Central server round 155 started
Model sent from central server with 100msec communication time, with loss :0.05, accuracy : 98.37%
Accuracy per label : ['0:99.39%', '1:99.12%', '2:98.55%', '3:98.61%', '4:98.47%', '5:97.87%', '6:98.33%', '7:98.05%', '8:98.15%', '9:97.03%']
The model is from round 150 from central server, staleness is 4

Cluster round 1 completed, aggregated models from all the clients, time past : 800msec, loss : 0.05, accuracy 98.40%
Accuracy per label : ['0:98.98%', '1:99.47%', '2:98.45%', '3:98.81%', '4:98.68%', '5:97.98%', '6:98.23%', '7:98.35%', '8:98.36%', '9:96.53%']

Cluster round 2 completed, aggregated models from all the clients, time past : 1500msec, loss : 0.05, accuracy 98.29%
Accuracy per label : ['0:99.08%', '1:99.38%', '2:98.35%', '3:98.91%', '4:98.47%', '5:97.87%', '6:97.91%', '7:97.57%', '8:98.15%', '9:97.03%']

Cluster round 3 completed, aggregated models from all the clients, time past : 2200msec, loss : 0.05, accuracy 98.25%
Accuracy per label : ['0:98.98%', '1:99.03%', '2:97.97%', '3:99.01%', '4:98.68%', '5:97.87%', '6:98.12%', '7:97.96%', '8:97.74%', '9:97.03%']

Before aggregation, loss : 0.05, accuracy : 98.41%
Before aggregation, accuracy per label : ['0:99.39%', '1:99.12%', '2:98.64%', '3:98.42%', '4:98.68%', '5:97.87%', '6:98.43%', '7:98.05%', '8:98.15%', '9:97.22%']
Aggregation to central server completed at central server round 250, loss : 0.05, accuracy: 98.38%, staleness : 4
Accuracy per label after aggregation : ['0:99.39%', '1:99.12%', '2:98.64%', '3:98.61%', '4:98.57%', '5:97.87%', '6:98.33%', '7:98.05%', '8:98.15%', '9:96.93%']

-----------------------------------------------------

Central server round 160 started
Model sent from central server with 100msec communication time, with loss :0.05, accuracy : 98.38%
Accuracy per label : ['0:99.39%', '1:99.12%', '2:98.64%', '3:98.61%', '4:98.57%', '5:97.87%', '6:98.33%', '7:98.05%', '8:98.15%', '9:96.93%']
The model is from round 155 from central server, staleness is 4

Cluster round 1 completed, aggregated models from all the clients, time past : 800msec, loss : 0.05, accuracy 98.27%
Accuracy per label : ['0:99.08%', '1:99.38%', '2:98.45%', '3:99.01%', '4:98.78%', '5:97.76%', '6:98.02%', '7:98.25%', '8:96.92%', '9:96.83%']

Cluster round 2 completed, aggregated models from all the clients, time past : 1500msec, loss : 0.05, accuracy 98.36%
Accuracy per label : ['0:98.98%', '1:99.03%', '2:97.97%', '3:98.42%', '4:98.47%', '5:98.43%', '6:98.33%', '7:98.15%', '8:98.56%', '9:97.22%']

Cluster round 3 completed, aggregated models from all the clients, time past : 2200msec, loss : 0.05, accuracy 98.33%
Accuracy per label : ['0:99.18%', '1:99.30%', '2:98.45%', '3:98.71%', '4:98.57%', '5:98.09%', '6:98.23%', '7:98.05%', '8:97.33%', '9:97.22%']

Before aggregation, loss : 0.05, accuracy : 98.38%
Before aggregation, accuracy per label : ['0:99.39%', '1:99.12%', '2:98.64%', '3:98.42%', '4:98.57%', '5:97.87%', '6:98.43%', '7:98.05%', '8:98.15%', '9:97.03%']
Aggregation to central server completed at central server round 250, loss : 0.05, accuracy: 98.37%, staleness : 4
Accuracy per label after aggregation : ['0:99.39%', '1:99.21%', '2:98.64%', '3:98.51%', '4:98.47%', '5:97.87%', '6:98.43%', '7:98.05%', '8:98.05%', '9:96.93%']

-----------------------------------------------------

Central server round 165 started
Model sent from central server with 100msec communication time, with loss :0.05, accuracy : 98.37%
Accuracy per label : ['0:99.39%', '1:99.21%', '2:98.64%', '3:98.51%', '4:98.47%', '5:97.87%', '6:98.43%', '7:98.05%', '8:98.05%', '9:96.93%']
The model is from round 160 from central server, staleness is 4

Cluster round 1 completed, aggregated models from all the clients, time past : 800msec, loss : 0.05, accuracy 98.35%
Accuracy per label : ['0:99.08%', '1:99.38%', '2:98.74%', '3:98.91%', '4:98.68%', '5:97.87%', '6:98.02%', '7:98.15%', '8:97.13%', '9:97.32%']

Cluster round 2 completed, aggregated models from all the clients, time past : 1500msec, loss : 0.05, accuracy 98.29%
Accuracy per label : ['0:99.08%', '1:99.38%', '2:98.84%', '3:98.91%', '4:98.47%', '5:97.76%', '6:97.81%', '7:97.67%', '8:97.64%', '9:97.13%']

Cluster round 3 completed, aggregated models from all the clients, time past : 2200msec, loss : 0.05, accuracy 98.34%
Accuracy per label : ['0:99.29%', '1:99.38%', '2:98.35%', '3:98.91%', '4:98.78%', '5:98.21%', '6:98.23%', '7:98.15%', '8:97.23%', '9:96.73%']

Before aggregation, loss : 0.05, accuracy : 98.40%
Before aggregation, accuracy per label : ['0:99.39%', '1:99.30%', '2:98.64%', '3:98.42%', '4:98.68%', '5:97.87%', '6:98.33%', '7:98.05%', '8:98.05%', '9:97.13%']
Aggregation to central server completed at central server round 250, loss : 0.05, accuracy: 98.39%, staleness : 4
Accuracy per label after aggregation : ['0:99.39%', '1:99.38%', '2:98.64%', '3:98.61%', '4:98.47%', '5:97.87%', '6:98.33%', '7:98.05%', '8:98.05%', '9:96.93%']

-----------------------------------------------------

Central server round 170 started
Model sent from central server with 100msec communication time, with loss :0.05, accuracy : 98.39%
Accuracy per label : ['0:99.39%', '1:99.38%', '2:98.64%', '3:98.61%', '4:98.47%', '5:97.87%', '6:98.33%', '7:98.05%', '8:98.05%', '9:96.93%']
The model is from round 165 from central server, staleness is 4

Cluster round 1 completed, aggregated models from all the clients, time past : 800msec, loss : 0.05, accuracy 98.41%
Accuracy per label : ['0:98.98%', '1:99.38%', '2:98.64%', '3:98.42%', '4:98.17%', '5:98.32%', '6:98.23%', '7:97.67%', '8:98.05%', '9:98.12%']

Cluster round 2 completed, aggregated models from all the clients, time past : 1500msec, loss : 0.05, accuracy 98.37%
Accuracy per label : ['0:98.98%', '1:99.38%', '2:98.16%', '3:98.51%', '4:98.47%', '5:98.09%', '6:98.23%', '7:98.05%', '8:97.84%', '9:97.82%']

Cluster round 3 completed, aggregated models from all the clients, time past : 2200msec, loss : 0.05, accuracy 98.37%
Accuracy per label : ['0:98.98%', '1:99.30%', '2:98.45%', '3:99.11%', '4:98.68%', '5:97.76%', '6:98.33%', '7:98.25%', '8:97.74%', '9:96.93%']

Before aggregation, loss : 0.05, accuracy : 98.38%
Before aggregation, accuracy per label : ['0:99.39%', '1:99.30%', '2:98.55%', '3:98.51%', '4:98.47%', '5:97.87%', '6:98.33%', '7:98.05%', '8:98.05%', '9:97.13%']
Aggregation to central server completed at central server round 250, loss : 0.05, accuracy: 98.42%, staleness : 4
Accuracy per label after aggregation : ['0:99.39%', '1:99.38%', '2:98.64%', '3:98.71%', '4:98.47%', '5:97.87%', '6:98.33%', '7:98.05%', '8:98.15%', '9:97.03%']

-----------------------------------------------------

Central server round 175 started
Model sent from central server with 100msec communication time, with loss :0.05, accuracy : 98.42%
Accuracy per label : ['0:99.39%', '1:99.38%', '2:98.64%', '3:98.71%', '4:98.47%', '5:97.87%', '6:98.33%', '7:98.05%', '8:98.15%', '9:97.03%']
The model is from round 170 from central server, staleness is 4

Cluster round 1 completed, aggregated models from all the clients, time past : 800msec, loss : 0.05, accuracy 98.39%
Accuracy per label : ['0:98.98%', '1:99.38%', '2:98.74%', '3:98.71%', '4:98.57%', '5:97.98%', '6:98.12%', '7:97.76%', '8:98.25%', '9:97.22%']

Cluster round 2 completed, aggregated models from all the clients, time past : 1500msec, loss : 0.05, accuracy 98.35%
Accuracy per label : ['0:98.98%', '1:99.38%', '2:98.06%', '3:98.91%', '4:98.57%', '5:97.87%', '6:98.23%', '7:98.25%', '8:98.25%', '9:96.83%']

Cluster round 3 completed, aggregated models from all the clients, time past : 2200msec, loss : 0.05, accuracy 98.34%
Accuracy per label : ['0:99.18%', '1:99.30%', '2:98.84%', '3:98.91%', '4:98.37%', '5:97.76%', '6:98.23%', '7:97.57%', '8:98.25%', '9:96.83%']

Before aggregation, loss : 0.05, accuracy : 98.45%
Before aggregation, accuracy per label : ['0:99.39%', '1:99.47%', '2:98.55%', '3:98.51%', '4:98.78%', '5:97.87%', '6:98.33%', '7:98.05%', '8:98.25%', '9:97.13%']
Aggregation to central server completed at central server round 250, loss : 0.05, accuracy: 98.44%, staleness : 4
Accuracy per label after aggregation : ['0:99.39%', '1:99.38%', '2:98.64%', '3:98.71%', '4:98.68%', '5:97.87%', '6:98.23%', '7:98.05%', '8:98.25%', '9:97.03%']

-----------------------------------------------------

Central server round 180 started
Model sent from central server with 100msec communication time, with loss :0.05, accuracy : 98.44%
Accuracy per label : ['0:99.39%', '1:99.38%', '2:98.64%', '3:98.71%', '4:98.68%', '5:97.87%', '6:98.23%', '7:98.05%', '8:98.25%', '9:97.03%']
The model is from round 175 from central server, staleness is 4

Cluster round 1 completed, aggregated models from all the clients, time past : 800msec, loss : 0.05, accuracy 98.35%
Accuracy per label : ['0:99.08%', '1:99.38%', '2:98.35%', '3:99.31%', '4:98.68%', '5:97.65%', '6:98.02%', '7:98.05%', '8:97.64%', '9:97.13%']

Cluster round 2 completed, aggregated models from all the clients, time past : 1500msec, loss : 0.05, accuracy 98.38%
Accuracy per label : ['0:99.08%', '1:99.03%', '2:98.45%', '3:99.11%', '4:98.37%', '5:97.98%', '6:97.91%', '7:97.76%', '8:98.15%', '9:97.82%']

Cluster round 3 completed, aggregated models from all the clients, time past : 2200msec, loss : 0.05, accuracy 98.36%
Accuracy per label : ['0:98.98%', '1:99.21%', '2:98.45%', '3:99.11%', '4:98.68%', '5:98.09%', '6:98.02%', '7:97.76%', '8:97.84%', '9:97.32%']

Before aggregation, loss : 0.05, accuracy : 98.44%
Before aggregation, accuracy per label : ['0:99.39%', '1:99.47%', '2:98.55%', '3:98.61%', '4:98.78%', '5:97.87%', '6:98.23%', '7:98.05%', '8:98.15%', '9:97.13%']
Aggregation to central server completed at central server round 250, loss : 0.05, accuracy: 98.44%, staleness : 4
Accuracy per label after aggregation : ['0:99.39%', '1:99.47%', '2:98.55%', '3:98.71%', '4:98.78%', '5:97.87%', '6:98.23%', '7:98.05%', '8:97.95%', '9:97.22%']

-----------------------------------------------------

Central server round 185 started
Model sent from central server with 100msec communication time, with loss :0.05, accuracy : 98.44%
Accuracy per label : ['0:99.39%', '1:99.47%', '2:98.55%', '3:98.71%', '4:98.78%', '5:97.87%', '6:98.23%', '7:98.05%', '8:97.95%', '9:97.22%']
The model is from round 180 from central server, staleness is 4

Cluster round 1 completed, aggregated models from all the clients, time past : 800msec, loss : 0.05, accuracy 98.47%
Accuracy per label : ['0:98.98%', '1:99.56%', '2:98.55%', '3:98.71%', '4:98.68%', '5:98.09%', '6:98.23%', '7:98.35%', '8:98.36%', '9:97.03%']

Cluster round 2 completed, aggregated models from all the clients, time past : 1500msec, loss : 0.05, accuracy 98.39%
Accuracy per label : ['0:99.08%', '1:99.38%', '2:98.16%', '3:98.91%', '4:98.27%', '5:98.32%', '6:98.23%', '7:97.67%', '8:98.15%', '9:97.62%']

Cluster round 3 completed, aggregated models from all the clients, time past : 2200msec, loss : 0.05, accuracy 98.33%
Accuracy per label : ['0:99.08%', '1:99.38%', '2:98.16%', '3:99.31%', '4:98.57%', '5:98.09%', '6:98.23%', '7:97.86%', '8:97.64%', '9:96.83%']

Before aggregation, loss : 0.05, accuracy : 98.45%
Before aggregation, accuracy per label : ['0:99.39%', '1:99.47%', '2:98.55%', '3:98.61%', '4:98.68%', '5:97.87%', '6:98.23%', '7:98.15%', '8:98.15%', '9:97.22%']
Aggregation to central server completed at central server round 250, loss : 0.05, accuracy: 98.46%, staleness : 4
Accuracy per label after aggregation : ['0:99.39%', '1:99.47%', '2:98.55%', '3:98.71%', '4:98.68%', '5:97.87%', '6:98.23%', '7:98.15%', '8:98.15%', '9:97.22%']

-----------------------------------------------------

Central server round 190 started
Model sent from central server with 100msec communication time, with loss :0.05, accuracy : 98.46%
Accuracy per label : ['0:99.39%', '1:99.47%', '2:98.55%', '3:98.71%', '4:98.68%', '5:97.87%', '6:98.23%', '7:98.15%', '8:98.15%', '9:97.22%']
The model is from round 185 from central server, staleness is 4

Cluster round 1 completed, aggregated models from all the clients, time past : 800msec, loss : 0.05, accuracy 98.44%
Accuracy per label : ['0:98.98%', '1:99.65%', '2:98.45%', '3:99.01%', '4:98.78%', '5:98.09%', '6:98.23%', '7:98.54%', '8:96.92%', '9:97.52%']

Cluster round 2 completed, aggregated models from all the clients, time past : 1500msec, loss : 0.05, accuracy 98.46%
Accuracy per label : ['0:99.08%', '1:99.38%', '2:98.45%', '3:99.21%', '4:98.68%', '5:97.98%', '6:98.02%', '7:97.96%', '8:98.25%', '9:97.42%']

Cluster round 3 completed, aggregated models from all the clients, time past : 2200msec, loss : 0.05, accuracy 98.42%
Accuracy per label : ['0:99.08%', '1:99.47%', '2:98.64%', '3:98.81%', '4:98.68%', '5:98.32%', '6:98.12%', '7:97.76%', '8:98.05%', '9:97.13%']

Before aggregation, loss : 0.05, accuracy : 98.46%
Before aggregation, accuracy per label : ['0:99.39%', '1:99.47%', '2:98.35%', '3:98.91%', '4:98.78%', '5:97.87%', '6:98.12%', '7:98.25%', '8:98.15%', '9:97.13%']
Aggregation to central server completed at central server round 250, loss : 0.05, accuracy: 98.46%, staleness : 4
Accuracy per label after aggregation : ['0:99.39%', '1:99.47%', '2:98.55%', '3:98.91%', '4:98.78%', '5:97.87%', '6:98.12%', '7:98.25%', '8:98.05%', '9:97.03%']

-----------------------------------------------------

Central server round 195 started
Model sent from central server with 100msec communication time, with loss :0.05, accuracy : 98.46%
Accuracy per label : ['0:99.39%', '1:99.47%', '2:98.55%', '3:98.91%', '4:98.78%', '5:97.87%', '6:98.12%', '7:98.25%', '8:98.05%', '9:97.03%']
The model is from round 190 from central server, staleness is 4

Cluster round 1 completed, aggregated models from all the clients, time past : 800msec, loss : 0.05, accuracy 98.36%
Accuracy per label : ['0:98.98%', '1:99.03%', '2:98.45%', '3:99.31%', '4:98.57%', '5:98.32%', '6:98.12%', '7:98.15%', '8:97.54%', '9:97.03%']

Cluster round 2 completed, aggregated models from all the clients, time past : 1500msec, loss : 0.05, accuracy 98.45%
Accuracy per label : ['0:98.98%', '1:99.74%', '2:98.35%', '3:99.01%', '4:98.78%', '5:97.98%', '6:98.02%', '7:98.35%', '8:97.54%', '9:97.52%']

Cluster round 3 completed, aggregated models from all the clients, time past : 2200msec, loss : 0.05, accuracy 98.46%
Accuracy per label : ['0:99.08%', '1:99.65%', '2:98.45%', '3:99.01%', '4:98.57%', '5:98.09%', '6:98.23%', '7:98.35%', '8:97.95%', '9:97.03%']

Before aggregation, loss : 0.05, accuracy : 98.46%
Before aggregation, accuracy per label : ['0:99.39%', '1:99.47%', '2:98.45%', '3:98.91%', '4:98.78%', '5:97.87%', '6:98.12%', '7:98.15%', '8:98.25%', '9:97.03%']
Aggregation to central server completed at central server round 250, loss : 0.05, accuracy: 98.50%, staleness : 4
Accuracy per label after aggregation : ['0:99.39%', '1:99.47%', '2:98.55%', '3:98.91%', '4:98.78%', '5:97.87%', '6:98.12%', '7:98.35%', '8:98.25%', '9:97.13%']

-----------------------------------------------------

Central server round 200 started
Model sent from central server with 100msec communication time, with loss :0.05, accuracy : 98.50%
Accuracy per label : ['0:99.39%', '1:99.47%', '2:98.55%', '3:98.91%', '4:98.78%', '5:97.87%', '6:98.12%', '7:98.35%', '8:98.25%', '9:97.13%']
The model is from round 195 from central server, staleness is 4

Cluster round 1 completed, aggregated models from all the clients, time past : 800msec, loss : 0.05, accuracy 98.43%
Accuracy per label : ['0:99.08%', '1:99.82%', '2:98.26%', '3:99.11%', '4:98.88%', '5:97.87%', '6:98.02%', '7:98.25%', '8:97.64%', '9:97.13%']

Cluster round 2 completed, aggregated models from all the clients, time past : 1500msec, loss : 0.05, accuracy 98.41%
Accuracy per label : ['0:99.08%', '1:99.65%', '2:98.16%', '3:99.11%', '4:98.68%', '5:98.09%', '6:98.23%', '7:98.05%', '8:97.54%', '9:97.32%']

Cluster round 3 completed, aggregated models from all the clients, time past : 2200msec, loss : 0.05, accuracy 98.37%
Accuracy per label : ['0:99.08%', '1:99.56%', '2:98.45%', '3:99.01%', '4:98.37%', '5:97.76%', '6:98.12%', '7:98.25%', '8:97.74%', '9:97.13%']

Before aggregation, loss : 0.04, accuracy : 98.47%
Before aggregation, accuracy per label : ['0:99.39%', '1:99.47%', '2:98.45%', '3:98.91%', '4:98.78%', '5:97.87%', '6:98.12%', '7:98.35%', '8:98.25%', '9:96.93%']
Aggregation to central server completed at central server round 250, loss : 0.05, accuracy: 98.48%, staleness : 4
Accuracy per label after aggregation : ['0:99.39%', '1:99.47%', '2:98.45%', '3:98.91%', '4:98.78%', '5:97.87%', '6:98.12%', '7:98.35%', '8:98.25%', '9:97.03%']

-----------------------------------------------------

Central server round 205 started
Model sent from central server with 100msec communication time, with loss :0.05, accuracy : 98.48%
Accuracy per label : ['0:99.39%', '1:99.47%', '2:98.45%', '3:98.91%', '4:98.78%', '5:97.87%', '6:98.12%', '7:98.35%', '8:98.25%', '9:97.03%']
The model is from round 200 from central server, staleness is 4

Cluster round 1 completed, aggregated models from all the clients, time past : 800msec, loss : 0.05, accuracy 98.41%
Accuracy per label : ['0:98.98%', '1:99.47%', '2:98.55%', '3:99.31%', '4:98.57%', '5:97.98%', '6:98.02%', '7:98.25%', '8:97.54%', '9:97.22%']

Cluster round 2 completed, aggregated models from all the clients, time past : 1500msec, loss : 0.05, accuracy 98.44%
Accuracy per label : ['0:99.08%', '1:99.38%', '2:98.45%', '3:98.91%', '4:98.57%', '5:98.65%', '6:98.43%', '7:97.86%', '8:97.74%', '9:97.22%']

Cluster round 3 completed, aggregated models from all the clients, time past : 2200msec, loss : 0.05, accuracy 98.53%
Accuracy per label : ['0:99.08%', '1:99.56%', '2:98.45%', '3:98.91%', '4:98.98%', '5:98.32%', '6:98.33%', '7:98.25%', '8:97.95%', '9:97.32%']

Before aggregation, loss : 0.04, accuracy : 98.49%
Before aggregation, accuracy per label : ['0:99.39%', '1:99.47%', '2:98.45%', '3:98.91%', '4:98.78%', '5:97.87%', '6:98.23%', '7:98.35%', '8:98.25%', '9:97.03%']
Aggregation to central server completed at central server round 250, loss : 0.04, accuracy: 98.51%, staleness : 4
Accuracy per label after aggregation : ['0:99.39%', '1:99.56%', '2:98.45%', '3:98.91%', '4:98.78%', '5:97.87%', '6:98.23%', '7:98.35%', '8:98.25%', '9:97.13%']

-----------------------------------------------------

Central server round 210 started
Model sent from central server with 100msec communication time, with loss :0.04, accuracy : 98.51%
Accuracy per label : ['0:99.39%', '1:99.56%', '2:98.45%', '3:98.91%', '4:98.78%', '5:97.87%', '6:98.23%', '7:98.35%', '8:98.25%', '9:97.13%']
The model is from round 205 from central server, staleness is 4

Cluster round 1 completed, aggregated models from all the clients, time past : 800msec, loss : 0.05, accuracy 98.49%
Accuracy per label : ['0:99.08%', '1:99.56%', '2:98.16%', '3:99.01%', '4:98.57%', '5:98.09%', '6:98.12%', '7:97.86%', '8:98.56%', '9:97.72%']

Cluster round 2 completed, aggregated models from all the clients, time past : 1500msec, loss : 0.05, accuracy 98.40%
Accuracy per label : ['0:99.08%', '1:99.12%', '2:98.74%', '3:99.41%', '4:98.37%', '5:97.65%', '6:97.81%', '7:97.67%', '8:98.36%', '9:97.62%']

Cluster round 3 completed, aggregated models from all the clients, time past : 2200msec, loss : 0.05, accuracy 98.46%
Accuracy per label : ['0:99.08%', '1:99.56%', '2:98.84%', '3:98.91%', '4:98.78%', '5:98.21%', '6:97.81%', '7:97.76%', '8:98.05%', '9:97.42%']

Before aggregation, loss : 0.04, accuracy : 98.54%
Before aggregation, accuracy per label : ['0:99.39%', '1:99.56%', '2:98.45%', '3:99.01%', '4:98.78%', '5:98.09%', '6:98.23%', '7:98.35%', '8:98.25%', '9:97.13%']
Aggregation to central server completed at central server round 250, loss : 0.04, accuracy: 98.56%, staleness : 4
Accuracy per label after aggregation : ['0:99.39%', '1:99.56%', '2:98.74%', '3:98.91%', '4:98.78%', '5:98.21%', '6:98.23%', '7:98.15%', '8:98.25%', '9:97.22%']

-----------------------------------------------------

Central server round 215 started
Model sent from central server with 100msec communication time, with loss :0.04, accuracy : 98.56%
Accuracy per label : ['0:99.39%', '1:99.56%', '2:98.74%', '3:98.91%', '4:98.78%', '5:98.21%', '6:98.23%', '7:98.15%', '8:98.25%', '9:97.22%']
The model is from round 210 from central server, staleness is 4

Cluster round 1 completed, aggregated models from all the clients, time past : 800msec, loss : 0.05, accuracy 98.42%
Accuracy per label : ['0:98.98%', '1:99.56%', '2:97.97%', '3:99.21%', '4:98.57%', '5:97.76%', '6:98.12%', '7:98.44%', '8:97.74%', '9:97.62%']

Cluster round 2 completed, aggregated models from all the clients, time past : 1500msec, loss : 0.05, accuracy 98.51%
Accuracy per label : ['0:99.08%', '1:99.56%', '2:98.84%', '3:99.11%', '4:98.57%', '5:98.09%', '6:98.02%', '7:97.96%', '8:98.05%', '9:97.62%']

Cluster round 3 completed, aggregated models from all the clients, time past : 2200msec, loss : 0.05, accuracy 98.44%
Accuracy per label : ['0:99.08%', '1:99.65%', '2:98.35%', '3:99.31%', '4:98.68%', '5:97.98%', '6:98.12%', '7:98.05%', '8:97.84%', '9:97.13%']

Before aggregation, loss : 0.04, accuracy : 98.56%
Before aggregation, accuracy per label : ['0:99.39%', '1:99.65%', '2:98.74%', '3:98.91%', '4:98.78%', '5:98.21%', '6:98.23%', '7:98.25%', '8:98.25%', '9:97.03%']
Aggregation to central server completed at central server round 250, loss : 0.04, accuracy: 98.54%, staleness : 4
Accuracy per label after aggregation : ['0:99.39%', '1:99.56%', '2:98.64%', '3:99.01%', '4:98.78%', '5:98.09%', '6:98.23%', '7:98.25%', '8:98.25%', '9:97.03%']

-----------------------------------------------------

Central server round 220 started
Model sent from central server with 100msec communication time, with loss :0.04, accuracy : 98.54%
Accuracy per label : ['0:99.39%', '1:99.56%', '2:98.64%', '3:99.01%', '4:98.78%', '5:98.09%', '6:98.23%', '7:98.25%', '8:98.25%', '9:97.03%']
The model is from round 215 from central server, staleness is 4

Cluster round 1 completed, aggregated models from all the clients, time past : 800msec, loss : 0.05, accuracy 98.59%
Accuracy per label : ['0:99.08%', '1:99.47%', '2:98.74%', '3:99.11%', '4:98.57%', '5:97.98%', '6:98.33%', '7:98.25%', '8:98.56%', '9:97.62%']

Cluster round 2 completed, aggregated models from all the clients, time past : 1500msec, loss : 0.05, accuracy 98.49%
Accuracy per label : ['0:99.08%', '1:99.56%', '2:98.35%', '3:99.11%', '4:98.68%', '5:98.32%', '6:98.23%', '7:98.15%', '8:97.84%', '9:97.42%']

Cluster round 3 completed, aggregated models from all the clients, time past : 2200msec, loss : 0.05, accuracy 98.49%
Accuracy per label : ['0:99.08%', '1:99.56%', '2:98.45%', '3:99.01%', '4:98.88%', '5:97.87%', '6:98.02%', '7:98.05%', '8:98.25%', '9:97.52%']

Before aggregation, loss : 0.04, accuracy : 98.57%
Before aggregation, accuracy per label : ['0:99.39%', '1:99.65%', '2:98.84%', '3:98.91%', '4:98.88%', '5:98.21%', '6:98.23%', '7:98.15%', '8:98.25%', '9:97.03%']
Aggregation to central server completed at central server round 250, loss : 0.04, accuracy: 98.55%, staleness : 4
Accuracy per label after aggregation : ['0:99.39%', '1:99.65%', '2:98.74%', '3:98.91%', '4:98.78%', '5:98.21%', '6:98.23%', '7:98.15%', '8:98.25%', '9:97.03%']

-----------------------------------------------------

Central server round 225 started
Model sent from central server with 100msec communication time, with loss :0.04, accuracy : 98.55%
Accuracy per label : ['0:99.39%', '1:99.65%', '2:98.74%', '3:98.91%', '4:98.78%', '5:98.21%', '6:98.23%', '7:98.15%', '8:98.25%', '9:97.03%']
The model is from round 220 from central server, staleness is 4

Cluster round 1 completed, aggregated models from all the clients, time past : 800msec, loss : 0.05, accuracy 98.45%
Accuracy per label : ['0:99.08%', '1:99.47%', '2:98.55%', '3:99.31%', '4:98.37%', '5:98.21%', '6:98.33%', '7:97.28%', '8:98.15%', '9:97.62%']

Cluster round 2 completed, aggregated models from all the clients, time past : 1500msec, loss : 0.05, accuracy 98.50%
Accuracy per label : ['0:99.08%', '1:99.65%', '2:98.74%', '3:98.71%', '4:98.47%', '5:98.09%', '6:98.23%', '7:98.44%', '8:98.15%', '9:97.22%']

Cluster round 3 completed, aggregated models from all the clients, time past : 2200msec, loss : 0.05, accuracy 98.46%
Accuracy per label : ['0:99.08%', '1:99.56%', '2:98.64%', '3:99.11%', '4:98.78%', '5:97.65%', '6:98.02%', '7:97.76%', '8:98.25%', '9:97.52%']

Before aggregation, loss : 0.04, accuracy : 98.60%
Before aggregation, accuracy per label : ['0:99.39%', '1:99.65%', '2:98.84%', '3:98.91%', '4:98.98%', '5:98.21%', '6:98.23%', '7:98.15%', '8:98.25%', '9:97.22%']
Aggregation to central server completed at central server round 250, loss : 0.04, accuracy: 98.59%, staleness : 4
Accuracy per label after aggregation : ['0:99.39%', '1:99.65%', '2:98.74%', '3:99.01%', '4:98.78%', '5:98.21%', '6:98.23%', '7:98.15%', '8:98.25%', '9:97.32%']

-----------------------------------------------------

Central server round 230 started
Model sent from central server with 100msec communication time, with loss :0.04, accuracy : 98.59%
Accuracy per label : ['0:99.39%', '1:99.65%', '2:98.74%', '3:99.01%', '4:98.78%', '5:98.21%', '6:98.23%', '7:98.15%', '8:98.25%', '9:97.32%']
The model is from round 225 from central server, staleness is 4

Cluster round 1 completed, aggregated models from all the clients, time past : 800msec, loss : 0.05, accuracy 98.49%
Accuracy per label : ['0:99.08%', '1:99.47%', '2:99.13%', '3:99.31%', '4:98.37%', '5:98.21%', '6:98.12%', '7:97.86%', '8:97.74%', '9:97.42%']

Cluster round 2 completed, aggregated models from all the clients, time past : 1500msec, loss : 0.05, accuracy 98.54%
Accuracy per label : ['0:99.18%', '1:99.56%', '2:98.74%', '3:98.91%', '4:98.88%', '5:98.21%', '6:98.12%', '7:97.96%', '8:98.25%', '9:97.42%']

Cluster round 3 completed, aggregated models from all the clients, time past : 2200msec, loss : 0.05, accuracy 98.54%
Accuracy per label : ['0:99.18%', '1:99.56%', '2:98.64%', '3:98.81%', '4:98.78%', '5:98.21%', '6:98.12%', '7:98.44%', '8:98.05%', '9:97.42%']

Before aggregation, loss : 0.04, accuracy : 98.60%
Before aggregation, accuracy per label : ['0:99.39%', '1:99.65%', '2:98.84%', '3:99.01%', '4:98.88%', '5:98.21%', '6:98.23%', '7:98.15%', '8:98.25%', '9:97.22%']
Aggregation to central server completed at central server round 250, loss : 0.04, accuracy: 98.58%, staleness : 4
Accuracy per label after aggregation : ['0:99.39%', '1:99.65%', '2:98.74%', '3:98.91%', '4:98.78%', '5:98.32%', '6:98.23%', '7:98.15%', '8:98.25%', '9:97.22%']

-----------------------------------------------------

Central server round 235 started
Model sent from central server with 100msec communication time, with loss :0.04, accuracy : 98.58%
Accuracy per label : ['0:99.39%', '1:99.65%', '2:98.74%', '3:98.91%', '4:98.78%', '5:98.32%', '6:98.23%', '7:98.15%', '8:98.25%', '9:97.22%']
The model is from round 230 from central server, staleness is 4

Cluster round 1 completed, aggregated models from all the clients, time past : 800msec, loss : 0.05, accuracy 98.50%
Accuracy per label : ['0:99.18%', '1:99.65%', '2:98.74%', '3:99.21%', '4:98.98%', '5:97.98%', '6:98.12%', '7:98.15%', '8:97.84%', '9:96.93%']

Cluster round 2 completed, aggregated models from all the clients, time past : 1500msec, loss : 0.05, accuracy 98.60%
Accuracy per label : ['0:99.08%', '1:99.56%', '2:98.84%', '3:98.81%', '4:98.78%', '5:98.54%', '6:98.23%', '7:98.54%', '8:98.05%', '9:97.42%']

Cluster round 3 completed, aggregated models from all the clients, time past : 2200msec, loss : 0.05, accuracy 98.53%
Accuracy per label : ['0:99.08%', '1:99.56%', '2:98.45%', '3:99.11%', '4:98.57%', '5:98.21%', '6:98.33%', '7:97.86%', '8:98.46%', '9:97.52%']

Before aggregation, loss : 0.04, accuracy : 98.62%
Before aggregation, accuracy per label : ['0:99.39%', '1:99.65%', '2:98.84%', '3:99.01%', '4:98.98%', '5:98.21%', '6:98.23%', '7:98.25%', '8:98.25%', '9:97.22%']
Aggregation to central server completed at central server round 250, loss : 0.04, accuracy: 98.61%, staleness : 4
Accuracy per label after aggregation : ['0:99.39%', '1:99.65%', '2:98.74%', '3:99.11%', '4:98.78%', '5:98.32%', '6:98.33%', '7:98.25%', '8:98.25%', '9:97.13%']

-----------------------------------------------------

Central server round 240 started
Model sent from central server with 100msec communication time, with loss :0.04, accuracy : 98.61%
Accuracy per label : ['0:99.39%', '1:99.65%', '2:98.74%', '3:99.11%', '4:98.78%', '5:98.32%', '6:98.33%', '7:98.25%', '8:98.25%', '9:97.13%']
The model is from round 235 from central server, staleness is 4

Cluster round 1 completed, aggregated models from all the clients, time past : 800msec, loss : 0.05, accuracy 98.49%
Accuracy per label : ['0:99.08%', '1:99.47%', '2:98.35%', '3:99.21%', '4:98.68%', '5:98.09%', '6:98.12%', '7:98.25%', '8:97.64%', '9:97.82%']

Cluster round 2 completed, aggregated models from all the clients, time past : 1500msec, loss : 0.05, accuracy 98.54%
Accuracy per label : ['0:99.08%', '1:99.56%', '2:98.74%', '3:99.11%', '4:98.68%', '5:98.09%', '6:98.12%', '7:98.35%', '8:98.05%', '9:97.42%']

Cluster round 3 completed, aggregated models from all the clients, time past : 2200msec, loss : 0.05, accuracy 98.56%
Accuracy per label : ['0:99.08%', '1:99.56%', '2:98.74%', '3:98.91%', '4:98.68%', '5:98.43%', '6:98.23%', '7:98.25%', '8:98.15%', '9:97.42%']

Before aggregation, loss : 0.04, accuracy : 98.62%
Before aggregation, accuracy per label : ['0:99.39%', '1:99.65%', '2:98.84%', '3:99.11%', '4:98.88%', '5:98.09%', '6:98.23%', '7:98.25%', '8:98.15%', '9:97.42%']
Aggregation to central server completed at central server round 250, loss : 0.04, accuracy: 98.64%, staleness : 4
Accuracy per label after aggregation : ['0:99.39%', '1:99.65%', '2:98.74%', '3:99.11%', '4:98.78%', '5:98.32%', '6:98.33%', '7:98.25%', '8:98.25%', '9:97.42%']

-----------------------------------------------------

Central server round 245 started
Model sent from central server with 100msec communication time, with loss :0.04, accuracy : 98.64%
Accuracy per label : ['0:99.39%', '1:99.65%', '2:98.74%', '3:99.11%', '4:98.78%', '5:98.32%', '6:98.33%', '7:98.25%', '8:98.25%', '9:97.42%']
The model is from round 240 from central server, staleness is 4

Cluster round 1 completed, aggregated models from all the clients, time past : 800msec, loss : 0.05, accuracy 98.58%
Accuracy per label : ['0:99.18%', '1:99.82%', '2:98.64%', '3:98.91%', '4:98.88%', '5:98.09%', '6:98.23%', '7:98.25%', '8:98.05%', '9:97.52%']

Cluster round 2 completed, aggregated models from all the clients, time past : 1500msec, loss : 0.05, accuracy 98.49%
Accuracy per label : ['0:99.08%', '1:99.56%', '2:98.93%', '3:99.50%', '4:98.68%', '5:98.21%', '6:98.23%', '7:97.67%', '8:97.54%', '9:97.32%']

Cluster round 3 completed, aggregated models from all the clients, time past : 2200msec, loss : 0.05, accuracy 98.59%
Accuracy per label : ['0:99.18%', '1:99.56%', '2:98.74%', '3:98.71%', '4:98.78%', '5:98.32%', '6:98.54%', '7:98.15%', '8:98.25%', '9:97.52%']

Before aggregation, loss : 0.04, accuracy : 98.63%
Before aggregation, accuracy per label : ['0:99.39%', '1:99.65%', '2:98.84%', '3:99.11%', '4:98.88%', '5:98.21%', '6:98.23%', '7:98.25%', '8:98.15%', '9:97.42%']
Aggregation to central server completed at central server round 250, loss : 0.04, accuracy: 98.67%, staleness : 4
Accuracy per label after aggregation : ['0:99.39%', '1:99.65%', '2:98.74%', '3:99.11%', '4:98.88%', '5:98.43%', '6:98.33%', '7:98.25%', '8:98.25%', '9:97.52%']

-----------------------------------------------------

Central server round 250 started
Model sent from central server with 100msec communication time, with loss :0.04, accuracy : 98.67%
Accuracy per label : ['0:99.39%', '1:99.65%', '2:98.74%', '3:99.11%', '4:98.88%', '5:98.43%', '6:98.33%', '7:98.25%', '8:98.25%', '9:97.52%']
The model is from round 245 from central server, staleness is 4

Cluster round 1 completed, aggregated models from all the clients, time past : 800msec, loss : 0.05, accuracy 98.55%
Accuracy per label : ['0:99.18%', '1:99.47%', '2:98.55%', '3:99.11%', '4:98.78%', '5:98.21%', '6:98.23%', '7:98.25%', '8:98.15%', '9:97.42%']

Cluster round 2 completed, aggregated models from all the clients, time past : 1500msec, loss : 0.05, accuracy 98.60%
Accuracy per label : ['0:99.08%', '1:99.65%', '2:99.03%', '3:98.81%', '4:99.08%', '5:98.21%', '6:98.33%', '7:98.05%', '8:98.36%', '9:97.22%']

Cluster round 3 completed, aggregated models from all the clients, time past : 2200msec, loss : 0.05, accuracy 98.56%
Accuracy per label : ['0:99.18%', '1:99.74%', '2:98.74%', '3:98.81%', '4:98.98%', '5:98.09%', '6:98.12%', '7:98.35%', '8:98.15%', '9:97.22%']

Before aggregation, loss : 0.04, accuracy : 98.66%
Before aggregation, accuracy per label : ['0:99.39%', '1:99.74%', '2:98.84%', '3:99.11%', '4:98.88%', '5:98.21%', '6:98.33%', '7:98.25%', '8:98.15%', '9:97.52%']
Aggregation to central server completed at central server round 250, loss : 0.04, accuracy: 98.67%, staleness : 4
Accuracy per label after aggregation : ['0:99.39%', '1:99.65%', '2:98.74%', '3:99.11%', '4:98.88%', '5:98.32%', '6:98.33%', '7:98.25%', '8:98.25%', '9:97.62%']

