Unique id : 0, dataset size : 529
Communication time : 100, Computation time per batch : 100, Training time : 1900
['0:0.00%', '1:19.47%', '2:0.00%', '3:0.00%', '4:21.55%', '5:21.55%', '6:17.96%', '7:0.00%', '8:19.47%', '9:0.00%']
Divergence : jsd 0.3119, tvd 0.5000
labels from the first batch :[1, 4, 4, 4, 5, 5, 8, 8, 4, 4, 8, 5, 1, 4, 8, 5, 5, 6, 6, 5, 4, 8, 5, 5, 1, 8, 4, 8, 1, 6, 8, 6]

Unique id : 1, dataset size : 534
Communication time : 100, Computation time per batch : 100, Training time : 1900
['0:0.00%', '1:19.29%', '2:0.00%', '3:0.00%', '4:21.35%', '5:21.35%', '6:0.00%', '7:0.00%', '8:19.29%', '9:18.73%']
Divergence : jsd 0.3117, tvd 0.5000
labels from the first batch :[9, 9, 8, 4, 5, 5, 1, 1, 8, 5, 4, 9, 9, 1, 9, 4, 8, 4, 5, 9, 4, 1, 1, 8, 8, 8, 4, 8, 8, 4, 4, 8]

Unique id : 2, dataset size : 498
Communication time : 100, Computation time per batch : 100, Training time : 1800
['0:18.07%', '1:0.00%', '2:0.00%', '3:19.48%', '4:0.00%', '5:22.89%', '6:19.08%', '7:0.00%', '8:20.48%', '9:0.00%']
Divergence : jsd 0.3121, tvd 0.5000
labels from the first batch :[6, 8, 3, 5, 8, 5, 3, 8, 0, 6, 3, 3, 0, 8, 0, 8, 3, 0, 5, 3, 3, 0, 8, 6, 0, 6, 8, 3, 0, 3, 6, 3]

Unique id : 3, dataset size : 487
Communication time : 100, Computation time per batch : 100, Training time : 1800
['0:18.48%', '1:0.00%', '2:18.07%', '3:0.00%', '4:23.41%', '5:0.00%', '6:19.51%', '7:0.00%', '8:0.00%', '9:20.53%']
Divergence : jsd 0.3123, tvd 0.5000
labels from the first batch :[9, 4, 2, 0, 0, 4, 6, 0, 0, 2, 0, 0, 4, 2, 4, 2, 0, 6, 0, 2, 2, 6, 6, 0, 0, 9, 9, 4, 9, 2, 6, 2]

Unique id : 4, dataset size : 506
Communication time : 100, Computation time per batch : 100, Training time : 1800
['0:0.00%', '1:0.00%', '2:17.39%', '3:0.00%', '4:22.53%', '5:0.00%', '6:18.77%', '7:21.54%', '8:0.00%', '9:19.76%']
Divergence : jsd 0.3123, tvd 0.5000
labels from the first batch :[9, 7, 6, 7, 4, 7, 2, 4, 4, 2, 2, 4, 4, 9, 7, 7, 4, 7, 9, 6, 2, 6, 9, 4, 2, 7, 4, 2, 6, 9, 9, 2]

Unique id : 5, dataset size : 498
Communication time : 100, Computation time per batch : 100, Training time : 1800
['0:18.07%', '1:0.00%', '2:0.00%', '3:19.48%', '4:22.89%', '5:0.00%', '6:19.08%', '7:0.00%', '8:20.48%', '9:0.00%']
Divergence : jsd 0.3121, tvd 0.5000
labels from the first batch :[8, 8, 8, 0, 8, 8, 8, 6, 4, 8, 8, 8, 3, 0, 8, 6, 3, 3, 3, 4, 3, 3, 4, 6, 0, 3, 6, 6, 6, 3, 0, 4]

Unique id : 6, dataset size : 522
Communication time : 100, Computation time per batch : 100, Training time : 1900
['0:0.00%', '1:19.54%', '2:0.00%', '3:18.58%', '4:0.00%', '5:21.84%', '6:0.00%', '7:20.88%', '8:0.00%', '9:19.16%']
Divergence : jsd 0.3117, tvd 0.5000
labels from the first batch :[5, 3, 7, 7, 9, 7, 5, 1, 5, 9, 9, 1, 9, 3, 5, 7, 9, 7, 5, 7, 9, 7, 5, 5, 9, 9, 3, 9, 5, 5, 1, 7]

Unique id : 7, dataset size : 508
Communication time : 100, Computation time per batch : 100, Training time : 1800
['0:0.00%', '1:0.00%', '2:17.32%', '3:19.09%', '4:22.44%', '5:22.44%', '6:18.70%', '7:0.00%', '8:0.00%', '9:0.00%']
Divergence : jsd 0.3126, tvd 0.5000
labels from the first batch :[5, 5, 4, 2, 6, 3, 6, 4, 6, 5, 2, 6, 2, 4, 5, 4, 5, 5, 2, 3, 5, 3, 5, 3, 4, 2, 6, 5, 5, 3, 3, 6]

Unique id : 8, dataset size : 520
Communication time : 100, Computation time per batch : 100, Training time : 1900
['0:0.00%', '1:0.00%', '2:16.92%', '3:0.00%', '4:21.92%', '5:21.92%', '6:18.27%', '7:20.96%', '8:0.00%', '9:0.00%']
Divergence : jsd 0.3126, tvd 0.5000
labels from the first batch :[2, 5, 4, 7, 4, 5, 7, 6, 4, 6, 2, 6, 4, 6, 7, 5, 5, 7, 7, 5, 6, 2, 6, 5, 5, 2, 6, 7, 6, 7, 7, 4]

Unique id : 9, dataset size : 503
Communication time : 100, Computation time per batch : 100, Training time : 1800
['0:17.89%', '1:20.28%', '2:0.00%', '3:0.00%', '4:0.00%', '5:0.00%', '6:0.00%', '7:21.67%', '8:20.28%', '9:19.88%']
Divergence : jsd 0.3117, tvd 0.5000
labels from the first batch :[9, 7, 7, 8, 9, 0, 0, 9, 8, 8, 1, 0, 0, 8, 8, 0, 1, 7, 0, 0, 7, 9, 9, 0, 1, 7, 0, 1, 8, 1, 7, 1]

Unique id : 10, dataset size : 491
Communication time : 100, Computation time per batch : 100, Training time : 1800
['0:18.33%', '1:20.77%', '2:17.92%', '3:0.00%', '4:0.00%', '5:0.00%', '6:0.00%', '7:22.20%', '8:20.77%', '9:0.00%']
Divergence : jsd 0.3121, tvd 0.5000
labels from the first batch :[1, 8, 1, 2, 1, 8, 1, 0, 7, 1, 8, 8, 2, 8, 7, 1, 1, 7, 1, 2, 7, 8, 7, 8, 0, 2, 2, 1, 8, 8, 7, 8]

Unique id : 11, dataset size : 491
Communication time : 100, Computation time per batch : 100, Training time : 1800
['0:0.00%', '1:0.00%', '2:17.92%', '3:19.76%', '4:0.00%', '5:0.00%', '6:19.35%', '7:22.20%', '8:20.77%', '9:0.00%']
Divergence : jsd 0.3119, tvd 0.5000
labels from the first batch :[8, 2, 2, 2, 2, 2, 3, 6, 7, 8, 7, 7, 7, 7, 3, 7, 3, 7, 3, 2, 2, 7, 6, 7, 2, 8, 7, 2, 3, 8, 3, 7]

Unique id : 12, dataset size : 501
Communication time : 100, Computation time per batch : 100, Training time : 1800
['0:17.96%', '1:20.36%', '2:0.00%', '3:0.00%', '4:22.75%', '5:0.00%', '6:18.96%', '7:0.00%', '8:0.00%', '9:19.96%']
Divergence : jsd 0.3120, tvd 0.5000
labels from the first batch :[0, 1, 0, 4, 0, 1, 6, 4, 0, 4, 4, 6, 4, 9, 4, 6, 4, 4, 4, 9, 6, 0, 1, 1, 1, 1, 1, 6, 4, 0, 6, 1]

Unique id : 13, dataset size : 529
Communication time : 100, Computation time per batch : 100, Training time : 1900
['0:17.01%', '1:19.28%', '2:0.00%', '3:0.00%', '4:21.55%', '5:21.55%', '6:0.00%', '7:20.60%', '8:0.00%', '9:0.00%']
Divergence : jsd 0.3122, tvd 0.5000
labels from the first batch :[1, 4, 4, 5, 0, 4, 7, 1, 5, 0, 7, 7, 4, 4, 7, 7, 4, 4, 7, 1, 4, 7, 0, 5, 1, 0, 1, 7, 1, 7, 0, 5]

Unique id : 14, dataset size : 498
Communication time : 100, Computation time per batch : 100, Training time : 1800
['0:18.07%', '1:20.48%', '2:0.00%', '3:19.48%', '4:0.00%', '5:0.00%', '6:0.00%', '7:21.89%', '8:0.00%', '9:20.08%']
Divergence : jsd 0.3117, tvd 0.5000
labels from the first batch :[0, 9, 9, 7, 3, 0, 1, 9, 1, 0, 1, 0, 7, 9, 3, 7, 7, 0, 9, 1, 3, 9, 1, 9, 9, 7, 3, 9, 0, 3, 9, 9]

Unique id : 15, dataset size : 517
Communication time : 100, Computation time per batch : 100, Training time : 1900
['0:17.41%', '1:19.73%', '2:0.00%', '3:0.00%', '4:0.00%', '5:22.05%', '6:0.00%', '7:21.08%', '8:19.73%', '9:0.00%']
Divergence : jsd 0.3120, tvd 0.5000
labels from the first batch :[8, 5, 0, 1, 0, 8, 8, 8, 8, 5, 0, 1, 8, 0, 1, 5, 8, 5, 1, 7, 1, 0, 1, 5, 1, 5, 5, 7, 8, 1, 5, 7]

Unique id : 16, dataset size : 524
Communication time : 100, Computation time per batch : 100, Training time : 1900
['0:0.00%', '1:19.47%', '2:0.00%', '3:18.51%', '4:21.76%', '5:0.00%', '6:0.00%', '7:20.80%', '8:19.47%', '9:0.00%']
Divergence : jsd 0.3117, tvd 0.5000
labels from the first batch :[8, 8, 4, 3, 4, 8, 3, 3, 7, 7, 8, 1, 7, 4, 4, 4, 1, 4, 3, 7, 1, 8, 7, 8, 1, 8, 8, 3, 1, 4, 3, 4]

Unique id : 17, dataset size : 491
Communication time : 100, Computation time per batch : 100, Training time : 1800
['0:18.33%', '1:20.77%', '2:17.92%', '3:19.76%', '4:0.00%', '5:23.22%', '6:0.00%', '7:0.00%', '8:0.00%', '9:0.00%']
Divergence : jsd 0.3123, tvd 0.5000
labels from the first batch :[1, 3, 3, 1, 0, 3, 5, 2, 0, 3, 1, 2, 5, 0, 5, 2, 3, 0, 1, 5, 3, 3, 1, 2, 2, 3, 1, 2, 3, 5, 5, 3]

Unique id : 18, dataset size : 515
Communication time : 100, Computation time per batch : 100, Training time : 1900
['0:17.48%', '1:0.00%', '2:0.00%', '3:0.00%', '4:0.00%', '5:22.14%', '6:0.00%', '7:21.17%', '8:19.81%', '9:19.42%']
Divergence : jsd 0.3121, tvd 0.5000
labels from the first batch :[8, 7, 5, 5, 9, 8, 5, 5, 8, 7, 8, 9, 0, 7, 8, 5, 8, 7, 7, 9, 5, 8, 5, 0, 7, 7, 8, 5, 7, 9, 9, 7]

Unique id : 19, dataset size : 494
Communication time : 100, Computation time per batch : 100, Training time : 1800
['0:0.00%', '1:0.00%', '2:17.81%', '3:0.00%', '4:0.00%', '5:0.00%', '6:19.23%', '7:22.06%', '8:20.65%', '9:20.24%']
Divergence : jsd 0.3119, tvd 0.5000
labels from the first batch :[6, 9, 7, 8, 7, 2, 6, 2, 2, 6, 2, 8, 9, 2, 7, 9, 8, 7, 6, 2, 6, 7, 2, 2, 8, 9, 8, 7, 8, 7, 6, 7]

Unique id : 20, dataset size : 482
Communication time : 100, Computation time per batch : 100, Training time : 1800
['0:18.67%', '1:0.00%', '2:18.26%', '3:0.00%', '4:0.00%', '5:0.00%', '6:19.71%', '7:22.61%', '8:0.00%', '9:20.75%']
Divergence : jsd 0.3120, tvd 0.5000
labels from the first batch :[0, 0, 7, 9, 2, 7, 0, 0, 7, 0, 0, 9, 0, 2, 9, 7, 7, 6, 2, 6, 9, 7, 7, 7, 6, 6, 7, 6, 7, 2, 9, 0]

Unique id : 21, dataset size : 497
Communication time : 100, Computation time per batch : 100, Training time : 1800
['0:18.11%', '1:20.52%', '2:0.00%', '3:19.32%', '4:0.00%', '5:0.00%', '6:0.00%', '7:21.93%', '8:0.00%', '9:20.12%']
Divergence : jsd 0.3118, tvd 0.5000
labels from the first batch :[1, 0, 3, 1, 7, 9, 7, 1, 1, 0, 7, 1, 3, 9, 3, 3, 7, 7, 7, 7, 3, 9, 7, 3, 7, 9, 0, 1, 0, 1, 1, 1]

Unique id : 22, dataset size : 506
Communication time : 100, Computation time per batch : 100, Training time : 1800
['0:0.00%', '1:0.00%', '2:17.39%', '3:0.00%', '4:0.00%', '5:22.53%', '6:18.77%', '7:21.54%', '8:0.00%', '9:19.76%']
Divergence : jsd 0.3123, tvd 0.5000
labels from the first batch :[2, 7, 9, 7, 2, 7, 6, 2, 6, 2, 6, 2, 7, 7, 9, 9, 6, 2, 5, 7, 7, 9, 7, 6, 2, 7, 5, 2, 2, 9, 2, 5]

Unique id : 23, dataset size : 503
Communication time : 100, Computation time per batch : 100, Training time : 1800
['0:17.89%', '1:20.28%', '2:0.00%', '3:0.00%', '4:22.66%', '5:0.00%', '6:18.89%', '7:0.00%', '8:20.28%', '9:0.00%']
Divergence : jsd 0.3120, tvd 0.5000
labels from the first batch :[0, 4, 4, 4, 0, 8, 6, 4, 8, 6, 8, 4, 8, 8, 4, 1, 8, 0, 6, 4, 0, 8, 6, 4, 1, 8, 1, 1, 1, 8, 1, 4]

Unique id : 24, dataset size : 499
Communication time : 100, Computation time per batch : 100, Training time : 1800
['0:0.00%', '1:0.00%', '2:17.64%', '3:0.00%', '4:22.85%', '5:0.00%', '6:19.04%', '7:0.00%', '8:20.44%', '9:20.04%']
Divergence : jsd 0.3122, tvd 0.5000
labels from the first batch :[8, 9, 4, 2, 6, 6, 9, 8, 8, 9, 9, 8, 2, 2, 9, 9, 9, 8, 6, 4, 8, 4, 2, 4, 2, 6, 2, 6, 6, 6, 8, 8]

Unique id : 25, dataset size : 502
Communication time : 100, Computation time per batch : 100, Training time : 1800
['0:17.93%', '1:0.00%', '2:0.00%', '3:19.12%', '4:0.00%', '5:22.71%', '6:0.00%', '7:0.00%', '8:20.32%', '9:19.92%']
Divergence : jsd 0.3120, tvd 0.5000
labels from the first batch :[3, 5, 5, 0, 9, 8, 5, 5, 3, 8, 9, 0, 9, 8, 3, 3, 8, 5, 9, 5, 8, 9, 0, 9, 9, 0, 5, 0, 0, 9, 0, 8]

Unique id : 26, dataset size : 510
Communication time : 100, Computation time per batch : 100, Training time : 1800
['0:17.65%', '1:20.00%', '2:0.00%', '3:0.00%', '4:22.35%', '5:0.00%', '6:18.63%', '7:21.37%', '8:0.00%', '9:0.00%']
Divergence : jsd 0.3122, tvd 0.5000
labels from the first batch :[0, 7, 1, 1, 4, 4, 0, 0, 1, 1, 7, 1, 4, 6, 7, 7, 0, 6, 1, 6, 6, 4, 1, 4, 7, 4, 7, 6, 4, 6, 7, 0]

Unique id : 27, dataset size : 509
Communication time : 100, Computation time per batch : 100, Training time : 1800
['0:0.00%', '1:20.04%', '2:17.29%', '3:18.86%', '4:0.00%', '5:22.40%', '6:0.00%', '7:21.41%', '8:0.00%', '9:0.00%']
Divergence : jsd 0.3123, tvd 0.5000
labels from the first batch :[2, 7, 3, 2, 7, 5, 5, 3, 2, 2, 2, 5, 7, 2, 5, 7, 5, 5, 5, 5, 1, 7, 5, 1, 2, 7, 5, 1, 5, 7, 3, 3]

Unique id : 28, dataset size : 481
Communication time : 100, Computation time per batch : 100, Training time : 1800
['0:0.00%', '1:0.00%', '2:18.30%', '3:19.96%', '4:0.00%', '5:0.00%', '6:19.75%', '7:0.00%', '8:21.21%', '9:20.79%']
Divergence : jsd 0.3116, tvd 0.5000
labels from the first batch :[9, 6, 6, 8, 2, 6, 3, 6, 3, 9, 2, 9, 8, 6, 8, 6, 6, 6, 2, 3, 9, 3, 2, 3, 2, 6, 9, 8, 2, 9, 6, 6]

Unique id : 29, dataset size : 493
Communication time : 100, Computation time per batch : 100, Training time : 1800
['0:18.05%', '1:0.00%', '2:17.85%', '3:0.00%', '4:0.00%', '5:23.12%', '6:0.00%', '7:0.00%', '8:20.69%', '9:20.28%']
Divergence : jsd 0.3124, tvd 0.5000
labels from the first batch :[2, 0, 5, 5, 5, 2, 5, 8, 0, 0, 8, 8, 9, 5, 9, 5, 5, 8, 8, 8, 5, 0, 5, 9, 5, 5, 0, 2, 9, 2, 0, 5]

Unique id : 30, dataset size : 509
Communication time : 100, Computation time per batch : 100, Training time : 1800
['0:0.00%', '1:20.04%', '2:17.29%', '3:18.86%', '4:0.00%', '5:22.40%', '6:0.00%', '7:21.41%', '8:0.00%', '9:0.00%']
Divergence : jsd 0.3123, tvd 0.5000
labels from the first batch :[3, 5, 1, 7, 1, 1, 3, 3, 5, 3, 3, 5, 2, 1, 7, 7, 1, 2, 1, 5, 7, 7, 7, 1, 5, 1, 5, 2, 3, 7, 3, 7]

Unique id : 31, dataset size : 501
Communication time : 100, Computation time per batch : 100, Training time : 1800
['0:0.00%', '1:20.36%', '2:17.56%', '3:0.00%', '4:0.00%', '5:22.75%', '6:18.96%', '7:0.00%', '8:20.36%', '9:0.00%']
Divergence : jsd 0.3122, tvd 0.5000
labels from the first batch :[6, 8, 1, 2, 5, 6, 2, 8, 5, 1, 5, 2, 2, 8, 6, 6, 6, 6, 1, 5, 1, 1, 8, 6, 6, 1, 5, 2, 5, 5, 1, 5]

Unique id : 32, dataset size : 510
Communication time : 100, Computation time per batch : 100, Training time : 1800
['0:17.45%', '1:20.00%', '2:0.00%', '3:18.82%', '4:22.35%', '5:0.00%', '6:0.00%', '7:21.37%', '8:0.00%', '9:0.00%']
Divergence : jsd 0.3122, tvd 0.5000
labels from the first batch :[1, 0, 4, 3, 7, 7, 3, 7, 4, 1, 3, 3, 3, 4, 4, 7, 0, 7, 3, 7, 7, 7, 7, 7, 0, 4, 3, 0, 3, 0, 0, 4]

Unique id : 33, dataset size : 488
Communication time : 100, Computation time per batch : 100, Training time : 1800
['0:18.24%', '1:20.90%', '2:0.00%', '3:0.00%', '4:0.00%', '5:0.00%', '6:19.47%', '7:0.00%', '8:20.90%', '9:20.49%']
Divergence : jsd 0.3116, tvd 0.5000
labels from the first batch :[1, 8, 8, 1, 0, 6, 1, 8, 0, 1, 0, 9, 9, 6, 1, 9, 8, 1, 6, 6, 1, 8, 1, 9, 1, 8, 8, 1, 0, 1, 0, 6]

Unique id : 34, dataset size : 502
Communication time : 100, Computation time per batch : 100, Training time : 1800
['0:17.73%', '1:20.32%', '2:0.00%', '3:0.00%', '4:0.00%', '5:0.00%', '6:0.00%', '7:21.71%', '8:20.32%', '9:19.92%']
Divergence : jsd 0.3118, tvd 0.5000
labels from the first batch :[0, 1, 1, 8, 7, 0, 0, 1, 0, 8, 8, 0, 8, 1, 0, 0, 7, 1, 7, 9, 9, 0, 7, 7, 9, 8, 9, 7, 1, 0, 0, 0]

Unique id : 35, dataset size : 524
Communication time : 100, Computation time per batch : 100, Training time : 1900
['0:0.00%', '1:0.00%', '2:0.00%', '3:0.00%', '4:21.76%', '5:21.76%', '6:17.94%', '7:0.00%', '8:19.47%', '9:19.08%']
Divergence : jsd 0.3120, tvd 0.5000
labels from the first batch :[5, 8, 4, 6, 6, 9, 6, 5, 5, 9, 8, 8, 9, 8, 5, 9, 8, 8, 4, 5, 5, 8, 6, 5, 5, 6, 5, 8, 6, 6, 4, 6]

Unique id : 36, dataset size : 487
Communication time : 100, Computation time per batch : 100, Training time : 1800
['0:18.28%', '1:0.00%', '2:18.07%', '3:0.00%', '4:0.00%', '5:23.41%', '6:19.30%', '7:0.00%', '8:20.94%', '9:0.00%']
Divergence : jsd 0.3124, tvd 0.5000
labels from the first batch :[5, 2, 0, 6, 8, 5, 8, 6, 8, 8, 0, 8, 2, 2, 5, 0, 2, 5, 8, 5, 5, 0, 0, 0, 0, 2, 0, 5, 6, 2, 5, 2]

Unique id : 37, dataset size : 501
Communication time : 100, Computation time per batch : 100, Training time : 1800
['0:17.76%', '1:0.00%', '2:17.56%', '3:19.16%', '4:22.75%', '5:22.75%', '6:0.00%', '7:0.00%', '8:0.00%', '9:0.00%']
Divergence : jsd 0.3129, tvd 0.5000
labels from the first batch :[2, 5, 2, 3, 4, 0, 3, 0, 2, 3, 0, 4, 2, 0, 4, 2, 4, 3, 2, 0, 3, 2, 4, 2, 2, 0, 5, 3, 2, 2, 2, 2]

Unique id : 38, dataset size : 502
Communication time : 100, Computation time per batch : 100, Training time : 1800
['0:17.73%', '1:0.00%', '2:17.53%', '3:0.00%', '4:22.71%', '5:0.00%', '6:0.00%', '7:21.71%', '8:20.32%', '9:0.00%']
Divergence : jsd 0.3126, tvd 0.5000
labels from the first batch :[4, 2, 0, 2, 2, 4, 2, 4, 2, 4, 8, 8, 8, 7, 7, 7, 0, 4, 4, 7, 2, 4, 7, 4, 4, 7, 4, 2, 4, 4, 4, 0]

Unique id : 39, dataset size : 480
Communication time : 100, Computation time per batch : 100, Training time : 1700
['0:0.00%', '1:21.25%', '2:18.33%', '3:20.00%', '4:0.00%', '5:0.00%', '6:19.58%', '7:0.00%', '8:0.00%', '9:20.83%']
Divergence : jsd 0.3116, tvd 0.5000
labels from the first batch :[2, 1, 2, 3, 2, 2, 3, 6, 6, 3, 9, 3, 6, 2, 9, 9, 2, 2, 1, 9, 3, 6, 3, 9, 3, 3, 1, 9, 1, 9, 3, 3]

Unique id : 40, dataset size : 510
Communication time : 100, Computation time per batch : 100, Training time : 1800
['0:17.45%', '1:20.00%', '2:0.00%', '3:18.82%', '4:0.00%', '5:22.35%', '6:0.00%', '7:21.37%', '8:0.00%', '9:0.00%']
Divergence : jsd 0.3122, tvd 0.5000
labels from the first batch :[7, 5, 5, 0, 3, 5, 0, 3, 5, 7, 3, 1, 3, 7, 7, 0, 5, 7, 0, 3, 3, 1, 0, 3, 3, 1, 7, 1, 1, 0, 7, 1]

Unique id : 41, dataset size : 508
Communication time : 100, Computation time per batch : 100, Training time : 1800
['0:17.52%', '1:20.08%', '2:0.00%', '3:0.00%', '4:22.44%', '5:0.00%', '6:18.50%', '7:21.46%', '8:0.00%', '9:0.00%']
Divergence : jsd 0.3123, tvd 0.5000
labels from the first batch :[7, 4, 4, 0, 1, 7, 6, 0, 4, 6, 0, 4, 7, 4, 7, 4, 4, 6, 7, 7, 6, 0, 4, 4, 7, 1, 0, 6, 4, 7, 7, 1]

Unique id : 42, dataset size : 487
Communication time : 100, Computation time per batch : 100, Training time : 1800
['0:18.28%', '1:0.00%', '2:18.07%', '3:19.71%', '4:0.00%', '5:23.41%', '6:0.00%', '7:0.00%', '8:0.00%', '9:20.53%']
Divergence : jsd 0.3124, tvd 0.5000
labels from the first batch :[9, 0, 0, 2, 9, 0, 9, 3, 5, 0, 0, 5, 9, 0, 2, 3, 0, 2, 2, 0, 5, 2, 5, 3, 5, 5, 2, 2, 0, 5, 5, 2]

Unique id : 43, dataset size : 485
Communication time : 100, Computation time per batch : 100, Training time : 1800
['0:18.35%', '1:0.00%', '2:18.14%', '3:0.00%', '4:23.51%', '5:0.00%', '6:19.38%', '7:0.00%', '8:0.00%', '9:20.62%']
Divergence : jsd 0.3124, tvd 0.5000
labels from the first batch :[0, 2, 9, 6, 2, 0, 9, 6, 6, 4, 2, 2, 6, 6, 6, 9, 0, 0, 9, 4, 6, 6, 9, 2, 2, 6, 0, 9, 6, 6, 2, 9]

Unique id : 44, dataset size : 510
Communication time : 100, Computation time per batch : 100, Training time : 1800
['0:0.00%', '1:0.00%', '2:17.25%', '3:0.00%', '4:22.35%', '5:22.35%', '6:18.43%', '7:0.00%', '8:0.00%', '9:19.61%']
Divergence : jsd 0.3126, tvd 0.5000
labels from the first batch :[5, 4, 6, 5, 4, 4, 6, 4, 4, 4, 2, 5, 4, 6, 9, 6, 5, 4, 2, 5, 4, 5, 2, 9, 5, 6, 4, 5, 9, 9, 6, 9]

Unique id : 45, dataset size : 514
Communication time : 100, Computation time per batch : 100, Training time : 1900
['0:0.00%', '1:19.84%', '2:17.12%', '3:18.68%', '4:22.18%', '5:22.18%', '6:0.00%', '7:0.00%', '8:0.00%', '9:0.00%']
Divergence : jsd 0.3125, tvd 0.5000
labels from the first batch :[2, 5, 1, 2, 1, 1, 3, 5, 5, 2, 5, 5, 1, 2, 1, 5, 5, 5, 5, 1, 1, 4, 2, 1, 2, 4, 5, 4, 2, 3, 3, 2]

Unique id : 46, dataset size : 513
Communication time : 100, Computation time per batch : 100, Training time : 1900
['0:17.35%', '1:0.00%', '2:0.00%', '3:18.71%', '4:22.22%', '5:22.22%', '6:0.00%', '7:0.00%', '8:0.00%', '9:19.49%']
Divergence : jsd 0.3124, tvd 0.5000
labels from the first batch :[4, 3, 0, 4, 4, 4, 3, 5, 5, 5, 4, 3, 4, 0, 4, 5, 5, 9, 0, 5, 3, 9, 3, 5, 3, 3, 4, 5, 9, 5, 4, 9]

Unique id : 47, dataset size : 521
Communication time : 100, Computation time per batch : 100, Training time : 1900
['0:0.00%', '1:0.00%', '2:16.89%', '3:18.43%', '4:21.88%', '5:21.88%', '6:0.00%', '7:20.92%', '8:0.00%', '9:0.00%']
Divergence : jsd 0.3125, tvd 0.5000
labels from the first batch :[7, 2, 2, 3, 3, 5, 2, 3, 3, 3, 7, 5, 7, 7, 5, 3, 3, 5, 3, 7, 5, 7, 3, 5, 3, 5, 5, 2, 2, 4, 7, 4]

Unique id : 48, dataset size : 481
Communication time : 100, Computation time per batch : 100, Training time : 1800
['0:18.50%', '1:21.21%', '2:0.00%', '3:19.96%', '4:0.00%', '5:0.00%', '6:19.54%', '7:0.00%', '8:0.00%', '9:20.79%']
Divergence : jsd 0.3116, tvd 0.5000
labels from the first batch :[3, 6, 1, 3, 9, 9, 3, 9, 3, 9, 3, 3, 9, 6, 0, 0, 6, 9, 6, 1, 6, 6, 3, 0, 6, 3, 9, 6, 3, 3, 9, 3]

Unique id : 49, dataset size : 506
Communication time : 100, Computation time per batch : 100, Training time : 1800
['0:0.00%', '1:0.00%', '2:0.00%', '3:18.97%', '4:0.00%', '5:22.53%', '6:18.58%', '7:0.00%', '8:20.16%', '9:19.76%']
Divergence : jsd 0.3118, tvd 0.5000
labels from the first batch :[8, 6, 5, 6, 9, 5, 9, 6, 8, 6, 5, 9, 5, 8, 9, 8, 3, 5, 5, 8, 9, 9, 6, 8, 3, 5, 9, 9, 3, 3, 3, 5]

Unique id : 50, dataset size : 496
Communication time : 100, Computation time per batch : 100, Training time : 1800
['0:17.94%', '1:0.00%', '2:17.74%', '3:19.35%', '4:22.98%', '5:0.00%', '6:0.00%', '7:21.98%', '8:0.00%', '9:0.00%']
Divergence : jsd 0.3126, tvd 0.5000
labels from the first batch :[7, 4, 3, 2, 2, 4, 2, 7, 7, 0, 4, 2, 0, 7, 7, 3, 4, 7, 0, 4, 4, 7, 7, 7, 4, 3, 0, 3, 4, 3, 2, 3]

Unique id : 51, dataset size : 508
Communication time : 100, Computation time per batch : 100, Training time : 1800
['0:17.52%', '1:0.00%', '2:0.00%', '3:18.90%', '4:0.00%', '5:22.44%', '6:0.00%', '7:21.46%', '8:0.00%', '9:19.69%']
Divergence : jsd 0.3122, tvd 0.5000
labels from the first batch :[9, 5, 5, 7, 0, 0, 7, 7, 9, 9, 9, 9, 5, 3, 9, 7, 0, 5, 0, 3, 7, 9, 3, 9, 3, 0, 0, 0, 0, 3, 7, 7]

Unique id : 52, dataset size : 514
Communication time : 100, Computation time per batch : 100, Training time : 1900
['0:0.00%', '1:19.84%', '2:0.00%', '3:18.68%', '4:0.00%', '5:22.18%', '6:0.00%', '7:0.00%', '8:19.84%', '9:19.46%']
Divergence : jsd 0.3117, tvd 0.5000
labels from the first batch :[5, 5, 8, 9, 5, 5, 9, 5, 1, 5, 9, 5, 1, 5, 3, 1, 9, 3, 8, 3, 5, 9, 9, 9, 1, 9, 8, 8, 5, 8, 9, 5]

Unique id : 53, dataset size : 518
Communication time : 100, Computation time per batch : 100, Training time : 1900
['0:0.00%', '1:0.00%', '2:0.00%', '3:0.00%', '4:0.00%', '5:21.81%', '6:18.15%', '7:21.04%', '8:19.69%', '9:19.31%']
Divergence : jsd 0.3118, tvd 0.5000
labels from the first batch :[7, 9, 7, 7, 5, 5, 6, 9, 9, 8, 9, 7, 6, 6, 5, 9, 5, 6, 6, 7, 9, 6, 5, 8, 5, 7, 8, 7, 9, 8, 9, 5]

Unique id : 54, dataset size : 507
Communication time : 100, Computation time per batch : 100, Training time : 1800
['0:0.00%', '1:0.00%', '2:17.36%', '3:0.00%', '4:22.49%', '5:0.00%', '6:18.54%', '7:21.50%', '8:20.12%', '9:0.00%']
Divergence : jsd 0.3123, tvd 0.5000
labels from the first batch :[6, 8, 8, 4, 8, 7, 7, 8, 6, 8, 6, 8, 8, 7, 8, 7, 6, 8, 7, 2, 6, 6, 2, 8, 2, 6, 7, 7, 7, 6, 8, 2]

Unique id : 55, dataset size : 489
Communication time : 100, Computation time per batch : 100, Training time : 1800
['0:0.00%', '1:0.00%', '2:18.00%', '3:19.63%', '4:0.00%', '5:0.00%', '6:19.22%', '7:22.29%', '8:20.86%', '9:0.00%']
Divergence : jsd 0.3119, tvd 0.5000
labels from the first batch :[7, 6, 8, 7, 6, 2, 6, 8, 8, 2, 8, 2, 7, 7, 6, 6, 6, 6, 7, 3, 3, 7, 7, 3, 7, 8, 6, 2, 8, 8, 6, 7]

Unique id : 56, dataset size : 507
Communication time : 100, Computation time per batch : 100, Training time : 1800
['0:0.00%', '1:20.12%', '2:0.00%', '3:0.00%', '4:0.00%', '5:0.00%', '6:18.54%', '7:21.50%', '8:20.12%', '9:19.72%']
Divergence : jsd 0.3115, tvd 0.5000
labels from the first batch :[9, 8, 6, 8, 6, 9, 8, 9, 8, 1, 8, 9, 1, 6, 9, 8, 9, 9, 6, 7, 7, 9, 7, 7, 6, 1, 6, 7, 7, 8, 6, 8]

Unique id : 57, dataset size : 493
Communication time : 100, Computation time per batch : 100, Training time : 1800
['0:18.05%', '1:0.00%', '2:0.00%', '3:19.47%', '4:23.12%', '5:0.00%', '6:19.07%', '7:0.00%', '8:0.00%', '9:20.28%']
Divergence : jsd 0.3121, tvd 0.5000
labels from the first batch :[6, 6, 6, 0, 6, 0, 0, 9, 3, 6, 0, 3, 6, 9, 9, 6, 6, 0, 0, 9, 0, 9, 0, 3, 4, 3, 0, 3, 6, 4, 0, 4]

Unique id : 58, dataset size : 514
Communication time : 100, Computation time per batch : 100, Training time : 1900
['0:17.32%', '1:0.00%', '2:0.00%', '3:0.00%', '4:22.18%', '5:0.00%', '6:0.00%', '7:21.21%', '8:19.84%', '9:19.46%']
Divergence : jsd 0.3121, tvd 0.5000
labels from the first batch :[9, 8, 7, 4, 7, 9, 7, 8, 7, 7, 4, 9, 4, 8, 8, 9, 4, 9, 7, 4, 7, 4, 7, 8, 8, 0, 9, 8, 7, 8, 4, 0]

Unique id : 59, dataset size : 467
Communication time : 100, Computation time per batch : 100, Training time : 1700
['0:19.06%', '1:0.00%', '2:18.84%', '3:20.56%', '4:0.00%', '5:0.00%', '6:20.13%', '7:0.00%', '8:0.00%', '9:21.41%']
Divergence : jsd 0.3116, tvd 0.5000
labels from the first batch :[6, 6, 9, 6, 2, 3, 2, 3, 2, 9, 3, 2, 9, 6, 2, 6, 0, 3, 2, 6, 0, 3, 2, 3, 0, 6, 9, 9, 0, 0, 2, 9]

Unique id : 60, dataset size : 493
Communication time : 100, Computation time per batch : 100, Training time : 1800
['0:0.00%', '1:20.69%', '2:17.85%', '3:0.00%', '4:0.00%', '5:0.00%', '6:19.07%', '7:22.11%', '8:0.00%', '9:20.28%']
Divergence : jsd 0.3119, tvd 0.5000
labels from the first batch :[9, 1, 9, 6, 1, 7, 1, 2, 1, 9, 9, 6, 9, 6, 7, 7, 9, 7, 9, 9, 9, 6, 7, 9, 9, 1, 6, 1, 9, 2, 7, 9]

Unique id : 61, dataset size : 498
Communication time : 100, Computation time per batch : 100, Training time : 1800
['0:17.87%', '1:0.00%', '2:17.67%', '3:0.00%', '4:22.89%', '5:22.69%', '6:18.88%', '7:0.00%', '8:0.00%', '9:0.00%']
Divergence : jsd 0.3129, tvd 0.5000
labels from the first batch :[6, 6, 5, 0, 6, 0, 2, 0, 6, 0, 4, 6, 6, 2, 5, 4, 4, 0, 5, 2, 6, 2, 4, 0, 6, 0, 4, 2, 6, 0, 5, 4]

Unique id : 62, dataset size : 469
Communication time : 100, Computation time per batch : 100, Training time : 1700
['0:18.98%', '1:0.00%', '2:18.76%', '3:20.47%', '4:0.00%', '5:0.00%', '6:20.04%', '7:0.00%', '8:21.75%', '9:0.00%']
Divergence : jsd 0.3116, tvd 0.5000
labels from the first batch :[0, 0, 3, 0, 2, 6, 8, 3, 3, 3, 3, 3, 2, 3, 2, 6, 2, 2, 3, 8, 8, 8, 8, 2, 8, 6, 2, 0, 2, 6, 0, 6]

Unique id : 63, dataset size : 513
Communication time : 100, Computation time per batch : 100, Training time : 1900
['0:0.00%', '1:19.88%', '2:0.00%', '3:18.71%', '4:0.00%', '5:22.03%', '6:18.32%', '7:21.05%', '8:0.00%', '9:0.00%']
Divergence : jsd 0.3119, tvd 0.5000
labels from the first batch :[5, 1, 3, 3, 1, 1, 1, 3, 7, 7, 3, 5, 3, 5, 7, 5, 5, 6, 6, 1, 6, 3, 3, 5, 1, 7, 6, 6, 1, 7, 6, 3]

Unique id : 64, dataset size : 493
Communication time : 100, Computation time per batch : 100, Training time : 1800
['0:0.00%', '1:0.00%', '2:17.85%', '3:19.47%', '4:0.00%', '5:22.92%', '6:19.07%', '7:0.00%', '8:20.69%', '9:0.00%']
Divergence : jsd 0.3121, tvd 0.5000
labels from the first batch :[3, 8, 5, 3, 5, 6, 3, 2, 5, 8, 3, 8, 3, 6, 5, 8, 8, 8, 6, 3, 3, 5, 6, 5, 5, 3, 8, 5, 3, 8, 3, 6]

Unique id : 65, dataset size : 494
Communication time : 100, Computation time per batch : 100, Training time : 1800
['0:0.00%', '1:20.65%', '2:0.00%', '3:19.43%', '4:0.00%', '5:0.00%', '6:19.03%', '7:0.00%', '8:20.65%', '9:20.24%']
Divergence : jsd 0.3114, tvd 0.5000
labels from the first batch :[8, 6, 3, 3, 1, 6, 9, 9, 3, 8, 3, 3, 6, 8, 8, 6, 6, 8, 3, 6, 9, 3, 8, 1, 6, 6, 3, 9, 3, 1, 9, 1]

Unique id : 66, dataset size : 495
Communication time : 100, Computation time per batch : 100, Training time : 1800
['0:17.98%', '1:20.61%', '2:0.00%', '3:0.00%', '4:0.00%', '5:0.00%', '6:18.99%', '7:21.82%', '8:20.61%', '9:0.00%']
Divergence : jsd 0.3118, tvd 0.5000
labels from the first batch :[7, 7, 0, 6, 1, 6, 8, 6, 0, 1, 0, 1, 7, 6, 1, 8, 1, 0, 8, 7, 8, 7, 8, 7, 1, 6, 0, 6, 0, 8, 0, 6]

Unique id : 67, dataset size : 477
Communication time : 100, Computation time per batch : 100, Training time : 1700
['0:18.66%', '1:21.38%', '2:18.45%', '3:20.13%', '4:0.00%', '5:0.00%', '6:0.00%', '7:0.00%', '8:21.38%', '9:0.00%']
Divergence : jsd 0.3118, tvd 0.5000
labels from the first batch :[8, 0, 0, 0, 8, 0, 1, 3, 2, 1, 0, 0, 3, 0, 3, 3, 2, 0, 1, 0, 1, 0, 1, 8, 3, 3, 3, 0, 3, 0, 1, 2]

Unique id : 68, dataset size : 488
Communication time : 100, Computation time per batch : 100, Training time : 1800
['0:18.24%', '1:0.00%', '2:18.03%', '3:19.67%', '4:23.16%', '5:0.00%', '6:0.00%', '7:0.00%', '8:20.90%', '9:0.00%']
Divergence : jsd 0.3123, tvd 0.5000
labels from the first batch :[8, 4, 0, 4, 3, 2, 4, 8, 3, 0, 4, 0, 0, 8, 8, 0, 4, 2, 8, 0, 4, 4, 4, 0, 3, 3, 0, 2, 3, 3, 8, 4]

Unique id : 69, dataset size : 500
Communication time : 100, Computation time per batch : 100, Training time : 1800
['0:17.80%', '1:0.00%', '2:17.60%', '3:0.00%', '4:22.60%', '5:0.00%', '6:0.00%', '7:21.60%', '8:20.40%', '9:0.00%']
Divergence : jsd 0.3125, tvd 0.5000
labels from the first batch :[4, 7, 7, 8, 8, 8, 2, 7, 0, 7, 7, 2, 7, 4, 7, 4, 8, 4, 8, 0, 4, 7, 0, 2, 7, 2, 8, 8, 0, 7, 0, 7]

Unique id : 70, dataset size : 500
Communication time : 100, Computation time per batch : 100, Training time : 1800
['0:0.00%', '1:20.40%', '2:17.60%', '3:0.00%', '4:0.00%', '5:0.00%', '6:0.00%', '7:21.60%', '8:20.40%', '9:20.00%']
Divergence : jsd 0.3118, tvd 0.5000
labels from the first batch :[8, 1, 2, 2, 8, 9, 1, 1, 8, 8, 9, 2, 7, 9, 8, 8, 7, 1, 1, 7, 9, 1, 9, 2, 8, 2, 8, 1, 9, 1, 7, 2]

Unique id : 71, dataset size : 498
Communication time : 100, Computation time per batch : 100, Training time : 1800
['0:17.87%', '1:0.00%', '2:0.00%', '3:0.00%', '4:0.00%', '5:22.69%', '6:18.88%', '7:0.00%', '8:20.48%', '9:20.08%']
Divergence : jsd 0.3121, tvd 0.5000
labels from the first batch :[5, 6, 9, 9, 6, 5, 9, 0, 6, 8, 9, 5, 0, 0, 5, 8, 0, 9, 8, 5, 0, 9, 9, 5, 9, 8, 5, 9, 6, 8, 9, 6]

Unique id : 72, dataset size : 498
Communication time : 100, Computation time per batch : 100, Training time : 1800
['0:17.87%', '1:20.48%', '2:0.00%', '3:0.00%', '4:22.69%', '5:0.00%', '6:18.88%', '7:0.00%', '8:0.00%', '9:20.08%']
Divergence : jsd 0.3121, tvd 0.5000
labels from the first batch :[1, 6, 1, 1, 4, 9, 1, 4, 9, 4, 1, 0, 4, 9, 6, 6, 1, 1, 4, 9, 0, 4, 4, 1, 0, 0, 9, 1, 0, 9, 1, 0]

Unique id : 73, dataset size : 491
Communication time : 100, Computation time per batch : 100, Training time : 1800
['0:0.00%', '1:0.00%', '2:17.92%', '3:19.55%', '4:23.01%', '5:0.00%', '6:19.14%', '7:0.00%', '8:0.00%', '9:20.37%']
Divergence : jsd 0.3121, tvd 0.5000
labels from the first batch :[6, 9, 2, 2, 6, 2, 6, 9, 4, 4, 6, 3, 2, 9, 4, 2, 6, 3, 3, 2, 3, 6, 3, 9, 9, 3, 4, 9, 6, 9, 3, 4]

Unique id : 74, dataset size : 499
Communication time : 100, Computation time per batch : 100, Training time : 1800
['0:0.00%', '1:0.00%', '2:17.64%', '3:19.24%', '4:22.65%', '5:0.00%', '6:0.00%', '7:0.00%', '8:20.44%', '9:20.04%']
Divergence : jsd 0.3121, tvd 0.5000
labels from the first batch :[4, 9, 4, 3, 8, 8, 2, 4, 3, 8, 3, 3, 4, 3, 3, 9, 4, 4, 3, 2, 4, 8, 3, 9, 4, 9, 3, 9, 9, 2, 4, 2]

Unique id : 75, dataset size : 519
Communication time : 100, Computation time per batch : 100, Training time : 1900
['0:0.00%', '1:19.65%', '2:0.00%', '3:0.00%', '4:0.00%', '5:21.77%', '6:18.11%', '7:20.81%', '8:19.65%', '9:0.00%']
Divergence : jsd 0.3117, tvd 0.5000
labels from the first batch :[5, 6, 8, 8, 7, 7, 5, 1, 7, 7, 8, 8, 6, 8, 5, 5, 5, 7, 1, 5, 6, 1, 1, 8, 6, 5, 6, 8, 5, 6, 5, 8]

Unique id : 76, dataset size : 511
Communication time : 100, Computation time per batch : 100, Training time : 1800
['0:17.42%', '1:0.00%', '2:0.00%', '3:18.79%', '4:22.11%', '5:22.11%', '6:0.00%', '7:0.00%', '8:0.00%', '9:19.57%']
Divergence : jsd 0.3123, tvd 0.5000
labels from the first batch :[0, 3, 5, 9, 0, 4, 3, 0, 4, 0, 0, 9, 9, 3, 5, 3, 9, 9, 3, 9, 4, 4, 0, 5, 9, 3, 5, 9, 0, 5, 4, 5]

Unique id : 77, dataset size : 505
Communication time : 100, Computation time per batch : 100, Training time : 1800
['0:17.62%', '1:20.20%', '2:17.43%', '3:0.00%', '4:22.38%', '5:22.38%', '6:0.00%', '7:0.00%', '8:0.00%', '9:0.00%']
Divergence : jsd 0.3127, tvd 0.5000
labels from the first batch :[0, 5, 5, 2, 1, 5, 4, 0, 2, 0, 5, 2, 4, 0, 1, 5, 0, 2, 2, 0, 0, 2, 5, 0, 4, 2, 0, 2, 5, 5, 2, 0]

Unique id : 78, dataset size : 507
Communication time : 100, Computation time per batch : 100, Training time : 1800
['0:0.00%', '1:0.00%', '2:17.36%', '3:18.93%', '4:22.29%', '5:0.00%', '6:0.00%', '7:21.30%', '8:20.12%', '9:0.00%']
Divergence : jsd 0.3122, tvd 0.5000
labels from the first batch :[2, 4, 2, 4, 8, 2, 2, 4, 7, 8, 3, 7, 3, 3, 8, 4, 2, 3, 3, 8, 3, 3, 7, 8, 7, 8, 3, 8, 3, 3, 8, 4]

Unique id : 79, dataset size : 512
Communication time : 100, Computation time per batch : 100, Training time : 1800
['0:0.00%', '1:19.92%', '2:16.99%', '3:0.00%', '4:22.07%', '5:0.00%', '6:0.00%', '7:21.09%', '8:19.92%', '9:0.00%']
Divergence : jsd 0.3122, tvd 0.5000
labels from the first batch :[4, 8, 4, 7, 4, 8, 7, 7, 7, 4, 2, 8, 4, 4, 7, 8, 1, 7, 4, 7, 2, 8, 7, 2, 1, 2, 1, 8, 2, 7, 7, 1]

Unique id : 80, dataset size : 491
Communication time : 100, Computation time per batch : 100, Training time : 1800
['0:0.00%', '1:20.77%', '2:17.72%', '3:0.00%', '4:0.00%', '5:0.00%', '6:19.14%', '7:22.00%', '8:0.00%', '9:20.37%']
Divergence : jsd 0.3119, tvd 0.5000
labels from the first batch :[7, 9, 2, 6, 9, 1, 1, 6, 7, 7, 1, 6, 7, 9, 9, 6, 2, 9, 9, 9, 7, 7, 6, 1, 2, 2, 6, 7, 1, 7, 6, 7]

Unique id : 81, dataset size : 480
Communication time : 100, Computation time per batch : 100, Training time : 1700
['0:18.54%', '1:0.00%', '2:18.12%', '3:20.00%', '4:0.00%', '5:0.00%', '6:0.00%', '7:22.50%', '8:0.00%', '9:20.83%']
Divergence : jsd 0.3120, tvd 0.5000
labels from the first batch :[2, 9, 9, 9, 3, 2, 7, 9, 3, 7, 9, 2, 7, 3, 7, 9, 3, 7, 2, 2, 2, 9, 7, 3, 0, 9, 7, 2, 2, 3, 3, 3]

Unique id : 82, dataset size : 468
Communication time : 100, Computation time per batch : 100, Training time : 1700
['0:19.02%', '1:21.79%', '2:18.59%', '3:20.51%', '4:0.00%', '5:0.00%', '6:20.09%', '7:0.00%', '8:0.00%', '9:0.00%']
Divergence : jsd 0.3117, tvd 0.5000
labels from the first batch :[0, 2, 1, 6, 3, 1, 3, 6, 6, 2, 0, 1, 6, 2, 1, 3, 0, 6, 2, 2, 1, 0, 3, 0, 0, 6, 1, 3, 2, 3, 2, 0]

Unique id : 83, dataset size : 485
Communication time : 100, Computation time per batch : 100, Training time : 1800
['0:18.35%', '1:0.00%', '2:17.94%', '3:0.00%', '4:23.30%', '5:0.00%', '6:19.38%', '7:0.00%', '8:21.03%', '9:0.00%']
Divergence : jsd 0.3124, tvd 0.5000
labels from the first batch :[8, 6, 6, 0, 0, 0, 4, 8, 8, 0, 4, 4, 0, 4, 0, 4, 6, 8, 4, 6, 4, 6, 0, 4, 2, 2, 4, 6, 6, 8, 8, 6]

Unique id : 84, dataset size : 479
Communication time : 100, Computation time per batch : 100, Training time : 1700
['0:18.58%', '1:0.00%', '2:18.16%', '3:20.04%', '4:0.00%', '5:23.59%', '6:19.62%', '7:0.00%', '8:0.00%', '9:0.00%']
Divergence : jsd 0.3123, tvd 0.5000
labels from the first batch :[0, 3, 3, 0, 2, 3, 3, 6, 6, 2, 0, 0, 2, 5, 0, 5, 2, 3, 6, 0, 3, 0, 2, 6, 5, 5, 2, 3, 2, 0, 3, 5]

Unique id : 85, dataset size : 479
Communication time : 100, Computation time per batch : 100, Training time : 1700
['0:0.00%', '1:21.29%', '2:18.16%', '3:20.04%', '4:0.00%', '5:0.00%', '6:19.62%', '7:0.00%', '8:0.00%', '9:20.88%']
Divergence : jsd 0.3116, tvd 0.5000
labels from the first batch :[1, 9, 2, 1, 6, 1, 6, 2, 9, 3, 3, 2, 3, 6, 2, 6, 3, 6, 2, 1, 9, 2, 3, 6, 3, 2, 3, 9, 9, 6, 1, 2]

Unique id : 86, dataset size : 498
Communication time : 100, Computation time per batch : 100, Training time : 1800
['0:0.00%', '1:0.00%', '2:17.47%', '3:19.28%', '4:22.69%', '5:0.00%', '6:0.00%', '7:0.00%', '8:20.48%', '9:20.08%']
Divergence : jsd 0.3121, tvd 0.5000
labels from the first batch :[4, 2, 2, 4, 8, 2, 9, 3, 8, 4, 9, 4, 8, 4, 3, 4, 8, 3, 9, 9, 3, 4, 9, 8, 3, 9, 9, 2, 3, 2, 3, 3]

Unique id : 87, dataset size : 476
Communication time : 100, Computation time per batch : 100, Training time : 1700
['0:18.70%', '1:21.43%', '2:18.28%', '3:20.17%', '4:0.00%', '5:0.00%', '6:0.00%', '7:0.00%', '8:21.43%', '9:0.00%']
Divergence : jsd 0.3118, tvd 0.5000
labels from the first batch :[2, 8, 3, 2, 8, 2, 3, 0, 0, 0, 2, 1, 8, 1, 3, 1, 3, 3, 0, 8, 3, 2, 2, 8, 1, 1, 3, 0, 3, 1, 2, 8]

Unique id : 88, dataset size : 480
Communication time : 100, Computation time per batch : 100, Training time : 1700
['0:18.54%', '1:21.25%', '2:18.12%', '3:0.00%', '4:0.00%', '5:0.00%', '6:19.58%', '7:22.50%', '8:0.00%', '9:0.00%']
Divergence : jsd 0.3121, tvd 0.5000
labels from the first batch :[2, 7, 6, 0, 2, 1, 2, 6, 1, 1, 6, 2, 6, 0, 2, 2, 7, 1, 1, 1, 2, 7, 6, 6, 1, 6, 2, 1, 1, 6, 6, 0]

Unique id : 89, dataset size : 506
Communication time : 100, Computation time per batch : 100, Training time : 1800
['0:0.00%', '1:0.00%', '2:17.19%', '3:18.97%', '4:0.00%', '5:22.33%', '6:0.00%', '7:21.34%', '8:20.16%', '9:0.00%']
Divergence : jsd 0.3123, tvd 0.5000
labels from the first batch :[7, 8, 7, 5, 5, 7, 3, 8, 2, 3, 7, 5, 3, 5, 5, 2, 7, 5, 2, 8, 2, 8, 5, 7, 3, 8, 8, 2, 3, 2, 3, 3]

Unique id : 90, dataset size : 485
Communication time : 100, Computation time per batch : 100, Training time : 1800
['0:18.35%', '1:0.00%', '2:17.94%', '3:19.79%', '4:23.30%', '5:0.00%', '6:0.00%', '7:0.00%', '8:0.00%', '9:20.62%']
Divergence : jsd 0.3123, tvd 0.5000
labels from the first batch :[2, 0, 3, 0, 4, 9, 4, 4, 9, 3, 2, 2, 4, 0, 2, 9, 9, 0, 0, 4, 2, 9, 2, 4, 2, 2, 9, 2, 0, 3, 0, 4]

Unique id : 91, dataset size : 524
Communication time : 100, Computation time per batch : 100, Training time : 1900
['0:0.00%', '1:19.47%', '2:0.00%', '3:18.32%', '4:21.56%', '5:21.56%', '6:0.00%', '7:0.00%', '8:0.00%', '9:19.08%']
Divergence : jsd 0.3118, tvd 0.5000
labels from the first batch :[5, 4, 5, 5, 3, 9, 3, 1, 5, 5, 9, 4, 9, 4, 5, 5, 4, 1, 3, 9, 5, 9, 5, 1, 3, 1, 1, 5, 1, 9, 1, 3]

Unique id : 92, dataset size : 494
Communication time : 100, Computation time per batch : 100, Training time : 1800
['0:0.00%', '1:20.65%', '2:0.00%', '3:19.43%', '4:0.00%', '5:0.00%', '6:19.03%', '7:0.00%', '8:20.65%', '9:20.24%']
Divergence : jsd 0.3114, tvd 0.5000
labels from the first batch :[6, 3, 6, 3, 1, 3, 6, 3, 6, 8, 8, 9, 6, 3, 6, 3, 8, 3, 9, 9, 3, 9, 6, 9, 9, 8, 8, 3, 8, 8, 8, 6]

Unique id : 93, dataset size : 493
Communication time : 100, Computation time per batch : 100, Training time : 1800
['0:0.00%', '1:20.69%', '2:17.65%', '3:0.00%', '4:0.00%', '5:0.00%', '6:19.07%', '7:21.91%', '8:20.69%', '9:0.00%']
Divergence : jsd 0.3120, tvd 0.5000
labels from the first batch :[8, 7, 6, 8, 8, 1, 2, 1, 2, 6, 8, 8, 6, 8, 8, 1, 8, 6, 1, 8, 7, 1, 7, 1, 6, 6, 8, 6, 1, 1, 7, 2]

Unique id : 94, dataset size : 504
Communication time : 100, Computation time per batch : 100, Training time : 1800
['0:17.66%', '1:20.24%', '2:17.26%', '3:0.00%', '4:22.42%', '5:22.42%', '6:0.00%', '7:0.00%', '8:0.00%', '9:0.00%']
Divergence : jsd 0.3128, tvd 0.5000
labels from the first batch :[1, 4, 1, 4, 0, 4, 0, 1, 4, 5, 4, 0, 2, 0, 0, 1, 5, 4, 1, 4, 5, 4, 5, 0, 2, 1, 1, 1, 2, 0, 4, 0]

Unique id : 95, dataset size : 509
Communication time : 100, Computation time per batch : 100, Training time : 1800
['0:0.00%', '1:0.00%', '2:17.09%', '3:18.86%', '4:22.20%', '5:22.20%', '6:0.00%', '7:0.00%', '8:0.00%', '9:19.65%']
Divergence : jsd 0.3125, tvd 0.5000
labels from the first batch :[5, 4, 2, 3, 4, 9, 3, 4, 5, 5, 9, 5, 9, 4, 3, 3, 5, 2, 3, 2, 2, 2, 3, 5, 2, 3, 9, 4, 3, 4, 9, 9]

Unique id : 96, dataset size : 494
Communication time : 100, Computation time per batch : 100, Training time : 1800
['0:18.02%', '1:20.65%', '2:0.00%', '3:19.43%', '4:22.87%', '5:0.00%', '6:19.03%', '7:0.00%', '8:0.00%', '9:0.00%']
Divergence : jsd 0.3121, tvd 0.5000
labels from the first batch :[1, 0, 3, 1, 3, 0, 0, 3, 6, 3, 1, 0, 6, 4, 3, 4, 1, 3, 4, 3, 3, 0, 6, 1, 3, 0, 1, 1, 0, 0, 0, 6]

Unique id : 97, dataset size : 504
Communication time : 100, Computation time per batch : 100, Training time : 1800
['0:17.66%', '1:0.00%', '2:0.00%', '3:0.00%', '4:0.00%', '5:22.42%', '6:18.65%', '7:21.43%', '8:0.00%', '9:19.84%']
Divergence : jsd 0.3122, tvd 0.5000
labels from the first batch :[0, 7, 7, 9, 9, 7, 7, 9, 9, 7, 7, 9, 7, 6, 7, 6, 0, 0, 5, 7, 9, 6, 0, 6, 7, 5, 7, 5, 6, 5, 9, 6]

Unique id : 98, dataset size : 514
Communication time : 100, Computation time per batch : 100, Training time : 1900
['0:17.32%', '1:19.84%', '2:0.00%', '3:0.00%', '4:0.00%', '5:21.98%', '6:0.00%', '7:21.01%', '8:19.84%', '9:0.00%']
Divergence : jsd 0.3120, tvd 0.5000
labels from the first batch :[1, 1, 7, 8, 7, 8, 0, 1, 8, 7, 5, 8, 0, 0, 5, 5, 7, 8, 5, 1, 7, 5, 0, 1, 1, 8, 7, 5, 8, 7, 0, 5]

Unique id : 99, dataset size : 487
Communication time : 100, Computation time per batch : 100, Training time : 1800
['0:18.28%', '1:20.94%', '2:17.86%', '3:19.71%', '4:0.00%', '5:23.20%', '6:0.00%', '7:0.00%', '8:0.00%', '9:0.00%']
Divergence : jsd 0.3124, tvd 0.5000
labels from the first batch :[0, 3, 2, 3, 2, 5, 5, 5, 5, 2, 5, 2, 0, 5, 1, 3, 1, 3, 0, 2, 5, 1, 0, 5, 2, 1, 5, 3, 1, 0, 2, 3]

