-----------------------------------------------------

Central server round 1 started
Model sent from central server with 500msec communication time, with loss :2.31, accuracy : 9.71%
Accuracy per label : ['0:0.00%', '1:0.00%', '2:0.00%', '3:0.40%', '4:2.10%', '5:94.60%', '6:0.00%', '7:0.00%', '8:0.00%', '9:0.00%']
The model is from round 0 from central server, staleness is 0

Cluster round 1 completed, aggregated models from all the clients, time past : 79200msec, loss : 2.30, accuracy 11.50%
Accuracy per label : ['0:0.00%', '1:0.00%', '2:0.00%', '3:0.00%', '4:0.10%', '5:0.20%', '6:99.20%', '7:0.00%', '8:8.60%', '9:6.90%']

Cluster round 2 completed, aggregated models from all the clients, time past : 157900msec, loss : 2.28, accuracy 15.87%
Accuracy per label : ['0:0.00%', '1:0.20%', '2:0.00%', '3:0.00%', '4:0.00%', '5:0.50%', '6:74.10%', '7:2.10%', '8:81.20%', '9:0.60%']

Cluster round 3 completed, aggregated models from all the clients, time past : 236600msec, loss : 2.27, accuracy 16.88%
Accuracy per label : ['0:0.00%', '1:0.90%', '2:0.00%', '3:0.00%', '4:0.00%', '5:2.10%', '6:73.30%', '7:11.00%', '8:80.60%', '9:0.90%']

Cluster round 4 completed, aggregated models from all the clients, time past : 315300msec, loss : 2.25, accuracy 17.82%
Accuracy per label : ['0:0.00%', '1:2.50%', '2:0.00%', '3:0.00%', '4:0.00%', '5:3.00%', '6:73.40%', '7:16.70%', '8:80.20%', '9:2.40%']

Cluster round 5 completed, aggregated models from all the clients, time past : 394000msec, loss : 2.23, accuracy 19.09%
Accuracy per label : ['0:0.00%', '1:2.50%', '2:0.00%', '3:0.00%', '4:0.00%', '5:5.40%', '6:76.50%', '7:21.70%', '8:79.20%', '9:5.60%']

Cluster round 6 completed, aggregated models from all the clients, time past : 472700msec, loss : 2.22, accuracy 20.03%
Accuracy per label : ['0:0.00%', '1:4.30%', '2:0.00%', '3:0.00%', '4:0.00%', '5:8.70%', '6:76.60%', '7:22.60%', '8:79.70%', '9:8.40%']

Cluster round 7 completed, aggregated models from all the clients, time past : 551400msec, loss : 2.19, accuracy 20.61%
Accuracy per label : ['0:0.00%', '1:5.40%', '2:0.00%', '3:0.00%', '4:0.00%', '5:11.40%', '6:76.30%', '7:23.30%', '8:79.20%', '9:10.50%']

Cluster round 8 completed, aggregated models from all the clients, time past : 630100msec, loss : 2.17, accuracy 21.42%
Accuracy per label : ['0:0.00%', '1:7.30%', '2:0.00%', '3:0.00%', '4:0.20%', '5:15.10%', '6:76.90%', '7:22.50%', '8:79.20%', '9:13.00%']

Cluster round 9 completed, aggregated models from all the clients, time past : 708800msec, loss : 2.15, accuracy 22.15%
Accuracy per label : ['0:0.40%', '1:8.90%', '2:0.00%', '3:0.00%', '4:0.20%', '5:17.60%', '6:76.10%', '7:24.60%', '8:79.30%', '9:14.40%']

Cluster round 10 completed, aggregated models from all the clients, time past : 787500msec, loss : 2.12, accuracy 23.00%
Accuracy per label : ['0:2.50%', '1:11.30%', '2:0.00%', '3:0.00%', '4:0.20%', '5:20.40%', '6:75.40%', '7:26.10%', '8:77.40%', '9:16.70%']

Cluster round 11 completed, aggregated models from all the clients, time past : 866200msec, loss : 2.10, accuracy 23.82%
Accuracy per label : ['0:4.50%', '1:13.00%', '2:0.00%', '3:0.00%', '4:0.30%', '5:22.70%', '6:74.50%', '7:27.50%', '8:76.00%', '9:19.70%']

Cluster round 12 completed, aggregated models from all the clients, time past : 944900msec, loss : 2.08, accuracy 24.44%
Accuracy per label : ['0:5.30%', '1:14.70%', '2:0.00%', '3:0.00%', '4:0.30%', '5:25.40%', '6:73.60%', '7:28.00%', '8:74.30%', '9:22.80%']

Cluster round 13 completed, aggregated models from all the clients, time past : 1023600msec, loss : 2.06, accuracy 25.06%
Accuracy per label : ['0:7.10%', '1:16.00%', '2:0.00%', '3:0.00%', '4:0.30%', '5:28.30%', '6:72.50%', '7:29.00%', '8:73.20%', '9:24.20%']

Cluster round 14 completed, aggregated models from all the clients, time past : 1102300msec, loss : 2.04, accuracy 25.72%
Accuracy per label : ['0:9.30%', '1:17.10%', '2:0.00%', '3:0.00%', '4:0.40%', '5:30.10%', '6:72.20%', '7:30.20%', '8:71.30%', '9:26.60%']

Cluster round 15 completed, aggregated models from all the clients, time past : 1181000msec, loss : 2.03, accuracy 26.27%
Accuracy per label : ['0:11.90%', '1:18.70%', '2:0.00%', '3:0.00%', '4:0.80%', '5:31.60%', '6:71.20%', '7:30.90%', '8:69.80%', '9:27.80%']

Cluster round 16 completed, aggregated models from all the clients, time past : 1259700msec, loss : 2.02, accuracy 27.03%
Accuracy per label : ['0:14.60%', '1:20.70%', '2:0.00%', '3:0.00%', '4:1.20%', '5:33.60%', '6:69.90%', '7:31.40%', '8:69.80%', '9:29.10%']

Cluster round 17 completed, aggregated models from all the clients, time past : 1338400msec, loss : 2.01, accuracy 27.50%
Accuracy per label : ['0:16.70%', '1:21.40%', '2:0.00%', '3:0.10%', '4:2.00%', '5:35.30%', '6:68.30%', '7:31.60%', '8:68.60%', '9:31.00%']

Cluster round 18 completed, aggregated models from all the clients, time past : 1417100msec, loss : 2.00, accuracy 27.94%
Accuracy per label : ['0:19.30%', '1:22.00%', '2:0.00%', '3:0.10%', '4:1.90%', '5:36.00%', '6:67.90%', '7:32.10%', '8:68.30%', '9:31.80%']

Cluster round 19 completed, aggregated models from all the clients, time past : 1495800msec, loss : 1.99, accuracy 28.27%
Accuracy per label : ['0:20.00%', '1:22.80%', '2:0.00%', '3:0.10%', '4:2.90%', '5:36.50%', '6:67.80%', '7:32.40%', '8:68.50%', '9:31.70%']

Cluster round 20 completed, aggregated models from all the clients, time past : 1574500msec, loss : 1.98, accuracy 28.91%
Accuracy per label : ['0:22.50%', '1:23.90%', '2:0.00%', '3:0.10%', '4:5.40%', '5:38.10%', '6:65.90%', '7:33.20%', '8:66.60%', '9:33.40%']

Cluster round 21 completed, aggregated models from all the clients, time past : 1653200msec, loss : 1.97, accuracy 29.21%
Accuracy per label : ['0:23.50%', '1:24.10%', '2:0.10%', '3:0.20%', '4:5.90%', '5:38.90%', '6:65.10%', '7:33.70%', '8:66.40%', '9:34.20%']

Cluster round 22 completed, aggregated models from all the clients, time past : 1731900msec, loss : 1.96, accuracy 29.88%
Accuracy per label : ['0:25.70%', '1:26.00%', '2:0.40%', '3:0.20%', '4:8.70%', '5:40.30%', '6:64.30%', '7:33.70%', '8:65.40%', '9:34.10%']

Cluster round 23 completed, aggregated models from all the clients, time past : 1810600msec, loss : 1.95, accuracy 30.33%
Accuracy per label : ['0:27.10%', '1:26.30%', '2:0.60%', '3:0.40%', '4:11.80%', '5:41.10%', '6:61.70%', '7:34.30%', '8:65.70%', '9:34.30%']

Cluster round 24 completed, aggregated models from all the clients, time past : 1889300msec, loss : 1.94, accuracy 30.49%
Accuracy per label : ['0:26.90%', '1:26.70%', '2:0.90%', '3:0.40%', '4:12.40%', '5:41.80%', '6:60.80%', '7:34.80%', '8:65.90%', '9:34.30%']

Cluster round 25 completed, aggregated models from all the clients, time past : 1968000msec, loss : 1.93, accuracy 31.00%
Accuracy per label : ['0:29.30%', '1:27.40%', '2:0.70%', '3:0.50%', '4:14.10%', '5:43.40%', '6:60.10%', '7:35.40%', '8:64.50%', '9:34.60%']

Cluster round 26 completed, aggregated models from all the clients, time past : 2046700msec, loss : 1.93, accuracy 31.38%
Accuracy per label : ['0:29.40%', '1:28.30%', '2:0.90%', '3:0.50%', '4:17.90%', '5:43.90%', '6:56.50%', '7:36.00%', '8:65.30%', '9:35.10%']

Cluster round 27 completed, aggregated models from all the clients, time past : 2125400msec, loss : 1.92, accuracy 31.52%
Accuracy per label : ['0:30.50%', '1:29.10%', '2:0.80%', '3:0.70%', '4:19.50%', '5:44.10%', '6:55.40%', '7:36.50%', '8:63.70%', '9:34.90%']

Cluster round 28 completed, aggregated models from all the clients, time past : 2204100msec, loss : 1.91, accuracy 31.75%
Accuracy per label : ['0:30.90%', '1:29.90%', '2:0.90%', '3:0.90%', '4:22.50%', '5:44.50%', '6:53.30%', '7:36.80%', '8:63.20%', '9:34.60%']

Cluster round 29 completed, aggregated models from all the clients, time past : 2282800msec, loss : 1.91, accuracy 32.06%
Accuracy per label : ['0:31.50%', '1:30.60%', '2:1.10%', '3:1.30%', '4:25.60%', '5:44.90%', '6:50.30%', '7:37.10%', '8:63.20%', '9:35.00%']

Cluster round 30 completed, aggregated models from all the clients, time past : 2361500msec, loss : 1.90, accuracy 32.07%
Accuracy per label : ['0:32.30%', '1:30.70%', '2:0.80%', '3:1.60%', '4:27.10%', '5:44.70%', '6:48.40%', '7:37.30%', '8:63.30%', '9:34.50%']

Cluster round 31 completed, aggregated models from all the clients, time past : 2440200msec, loss : 1.89, accuracy 32.30%
Accuracy per label : ['0:34.00%', '1:31.00%', '2:1.10%', '3:2.00%', '4:28.90%', '5:44.30%', '6:46.40%', '7:37.70%', '8:62.90%', '9:34.70%']

Cluster round 32 completed, aggregated models from all the clients, time past : 2518900msec, loss : 1.89, accuracy 32.37%
Accuracy per label : ['0:34.30%', '1:31.90%', '2:1.30%', '3:2.30%', '4:30.40%', '5:44.60%', '6:44.40%', '7:37.90%', '8:62.50%', '9:34.10%']

Cluster round 33 completed, aggregated models from all the clients, time past : 2597600msec, loss : 1.88, accuracy 32.62%
Accuracy per label : ['0:35.30%', '1:32.70%', '2:1.40%', '3:2.80%', '4:31.50%', '5:45.20%', '6:43.70%', '7:37.90%', '8:61.70%', '9:34.00%']

Cluster round 34 completed, aggregated models from all the clients, time past : 2676300msec, loss : 1.88, accuracy 32.95%
Accuracy per label : ['0:36.80%', '1:33.30%', '2:1.50%', '3:3.10%', '4:33.50%', '5:44.30%', '6:43.10%', '7:38.00%', '8:61.60%', '9:34.30%']

Cluster round 35 completed, aggregated models from all the clients, time past : 2755000msec, loss : 1.87, accuracy 33.07%
Accuracy per label : ['0:37.60%', '1:33.40%', '2:1.70%', '3:3.40%', '4:34.70%', '5:44.80%', '6:41.40%', '7:38.30%', '8:60.70%', '9:34.70%']

Cluster round 36 completed, aggregated models from all the clients, time past : 2833700msec, loss : 1.87, accuracy 33.38%
Accuracy per label : ['0:39.70%', '1:34.50%', '2:2.00%', '3:3.60%', '4:36.10%', '5:44.40%', '6:40.90%', '7:38.40%', '8:59.50%', '9:34.70%']

Cluster round 37 completed, aggregated models from all the clients, time past : 2912400msec, loss : 1.86, accuracy 33.60%
Accuracy per label : ['0:40.30%', '1:34.20%', '2:2.00%', '3:4.30%', '4:37.40%', '5:44.50%', '6:40.10%', '7:38.80%', '8:59.50%', '9:34.90%']

Cluster round 38 completed, aggregated models from all the clients, time past : 2991100msec, loss : 1.86, accuracy 33.82%
Accuracy per label : ['0:41.00%', '1:35.00%', '2:2.20%', '3:4.20%', '4:37.70%', '5:45.00%', '6:39.90%', '7:39.60%', '8:58.90%', '9:34.70%']

Cluster round 39 completed, aggregated models from all the clients, time past : 3069800msec, loss : 1.85, accuracy 33.94%
Accuracy per label : ['0:42.10%', '1:35.10%', '2:2.60%', '3:4.60%', '4:38.10%', '5:44.80%', '6:39.40%', '7:39.20%', '8:58.80%', '9:34.70%']

Cluster round 40 completed, aggregated models from all the clients, time past : 3148500msec, loss : 1.85, accuracy 34.06%
Accuracy per label : ['0:42.80%', '1:35.40%', '2:2.90%', '3:4.50%', '4:38.80%', '5:44.60%', '6:39.30%', '7:39.60%', '8:57.90%', '9:34.80%']

Cluster round 41 completed, aggregated models from all the clients, time past : 3227200msec, loss : 1.84, accuracy 34.14%
Accuracy per label : ['0:43.00%', '1:35.60%', '2:3.20%', '3:5.00%', '4:39.10%', '5:44.00%', '6:38.70%', '7:40.20%', '8:58.00%', '9:34.60%']

Cluster round 42 completed, aggregated models from all the clients, time past : 3305900msec, loss : 1.84, accuracy 34.39%
Accuracy per label : ['0:43.60%', '1:35.60%', '2:3.90%', '3:5.00%', '4:39.30%', '5:44.20%', '6:39.50%', '7:40.30%', '8:57.70%', '9:34.80%']

Cluster round 43 completed, aggregated models from all the clients, time past : 3384600msec, loss : 1.84, accuracy 34.34%
Accuracy per label : ['0:44.00%', '1:35.70%', '2:4.20%', '3:5.30%', '4:39.40%', '5:44.00%', '6:38.70%', '7:40.70%', '8:56.90%', '9:34.50%']

Cluster round 44 completed, aggregated models from all the clients, time past : 3463300msec, loss : 1.83, accuracy 34.49%
Accuracy per label : ['0:43.90%', '1:35.70%', '2:4.40%', '3:5.40%', '4:40.50%', '5:43.70%', '6:38.30%', '7:41.20%', '8:57.00%', '9:34.80%']

Cluster round 45 completed, aggregated models from all the clients, time past : 3542000msec, loss : 1.83, accuracy 34.58%
Accuracy per label : ['0:44.10%', '1:35.90%', '2:4.60%', '3:5.60%', '4:40.30%', '5:43.60%', '6:38.30%', '7:41.70%', '8:56.70%', '9:35.00%']

Cluster round 46 completed, aggregated models from all the clients, time past : 3620700msec, loss : 1.82, accuracy 34.80%
Accuracy per label : ['0:45.00%', '1:36.20%', '2:4.40%', '3:5.60%', '4:41.30%', '5:43.70%', '6:39.00%', '7:41.80%', '8:56.40%', '9:34.60%']

Cluster round 47 completed, aggregated models from all the clients, time past : 3699400msec, loss : 1.82, accuracy 34.88%
Accuracy per label : ['0:45.30%', '1:36.40%', '2:4.70%', '3:5.70%', '4:41.90%', '5:43.10%', '6:38.70%', '7:41.00%', '8:57.10%', '9:34.90%']

Cluster round 48 completed, aggregated models from all the clients, time past : 3778100msec, loss : 1.82, accuracy 35.13%
Accuracy per label : ['0:46.20%', '1:36.40%', '2:5.30%', '3:5.90%', '4:41.60%', '5:43.50%', '6:39.50%', '7:41.10%', '8:56.80%', '9:35.00%']

Cluster round 49 completed, aggregated models from all the clients, time past : 3856800msec, loss : 1.81, accuracy 35.37%
Accuracy per label : ['0:46.50%', '1:37.40%', '2:5.60%', '3:6.30%', '4:43.20%', '5:42.20%', '6:40.20%', '7:40.60%', '8:56.60%', '9:35.10%']

Cluster round 50 completed, aggregated models from all the clients, time past : 3935500msec, loss : 1.81, accuracy 35.51%
Accuracy per label : ['0:46.60%', '1:37.70%', '2:6.20%', '3:6.30%', '4:42.60%', '5:42.90%', '6:40.50%', '7:40.60%', '8:56.70%', '9:35.00%']

Cluster round 51 completed, aggregated models from all the clients, time past : 4014200msec, loss : 1.80, accuracy 35.71%
Accuracy per label : ['0:46.40%', '1:37.50%', '2:6.50%', '3:7.50%', '4:42.70%', '5:42.50%', '6:40.70%', '7:40.40%', '8:56.90%', '9:36.00%']

Cluster round 52 completed, aggregated models from all the clients, time past : 4092900msec, loss : 1.80, accuracy 35.89%
Accuracy per label : ['0:45.90%', '1:37.70%', '2:7.20%', '3:7.20%', '4:41.40%', '5:42.90%', '6:42.40%', '7:40.90%', '8:57.90%', '9:35.40%']

Cluster round 53 completed, aggregated models from all the clients, time past : 4171600msec, loss : 1.80, accuracy 36.09%
Accuracy per label : ['0:46.00%', '1:38.10%', '2:7.70%', '3:7.90%', '4:41.80%', '5:41.90%', '6:42.70%', '7:41.10%', '8:58.20%', '9:35.50%']

Cluster round 54 completed, aggregated models from all the clients, time past : 4250300msec, loss : 1.79, accuracy 36.19%
Accuracy per label : ['0:45.80%', '1:38.20%', '2:7.70%', '3:8.20%', '4:41.80%', '5:42.30%', '6:43.30%', '7:40.30%', '8:58.70%', '9:35.60%']

Cluster round 55 completed, aggregated models from all the clients, time past : 4329000msec, loss : 1.79, accuracy 36.30%
Accuracy per label : ['0:46.10%', '1:37.70%', '2:9.00%', '3:8.50%', '4:41.60%', '5:41.40%', '6:44.10%', '7:40.50%', '8:58.60%', '9:35.50%']

Cluster round 56 completed, aggregated models from all the clients, time past : 4407700msec, loss : 1.78, accuracy 36.43%
Accuracy per label : ['0:46.70%', '1:38.00%', '2:9.40%', '3:8.00%', '4:41.40%', '5:41.20%', '6:44.70%', '7:39.80%', '8:58.30%', '9:36.80%']

Cluster round 57 completed, aggregated models from all the clients, time past : 4486400msec, loss : 1.78, accuracy 36.52%
Accuracy per label : ['0:45.60%', '1:37.80%', '2:10.10%', '3:8.80%', '4:41.60%', '5:40.70%', '6:45.20%', '7:39.90%', '8:59.10%', '9:36.40%']

Cluster round 58 completed, aggregated models from all the clients, time past : 4565100msec, loss : 1.78, accuracy 36.89%
Accuracy per label : ['0:45.70%', '1:38.10%', '2:11.00%', '3:9.30%', '4:40.30%', '5:40.50%', '6:46.30%', '7:39.90%', '8:60.40%', '9:37.40%']

Cluster round 59 completed, aggregated models from all the clients, time past : 4643800msec, loss : 1.78, accuracy 36.98%
Accuracy per label : ['0:45.00%', '1:37.90%', '2:10.60%', '3:9.90%', '4:42.30%', '5:40.00%', '6:45.90%', '7:39.70%', '8:61.00%', '9:37.50%']

Cluster round 60 completed, aggregated models from all the clients, time past : 4722500msec, loss : 1.77, accuracy 37.27%
Accuracy per label : ['0:44.60%', '1:37.40%', '2:12.80%', '3:9.90%', '4:39.90%', '5:39.60%', '6:47.70%', '7:41.20%', '8:61.20%', '9:38.40%']

Cluster round 61 completed, aggregated models from all the clients, time past : 4801200msec, loss : 1.77, accuracy 37.24%
Accuracy per label : ['0:44.70%', '1:37.20%', '2:12.30%', '3:10.90%', '4:41.80%', '5:38.60%', '6:46.00%', '7:40.40%', '8:61.80%', '9:38.70%']

Cluster round 62 completed, aggregated models from all the clients, time past : 4879900msec, loss : 1.76, accuracy 37.55%
Accuracy per label : ['0:43.50%', '1:37.40%', '2:13.40%', '3:10.40%', '4:39.40%', '5:39.10%', '6:48.60%', '7:42.00%', '8:62.80%', '9:38.90%']

Cluster round 63 completed, aggregated models from all the clients, time past : 4958600msec, loss : 1.76, accuracy 37.53%
Accuracy per label : ['0:44.30%', '1:37.40%', '2:12.90%', '3:11.50%', '4:41.90%', '5:38.00%', '6:46.00%', '7:40.80%', '8:63.40%', '9:39.10%']

Cluster round 64 completed, aggregated models from all the clients, time past : 5037300msec, loss : 1.76, accuracy 38.00%
Accuracy per label : ['0:43.70%', '1:36.10%', '2:15.20%', '3:11.70%', '4:39.30%', '5:38.70%', '6:49.10%', '7:41.80%', '8:63.00%', '9:41.40%']

Cluster round 65 completed, aggregated models from all the clients, time past : 5116000msec, loss : 1.76, accuracy 38.02%
Accuracy per label : ['0:44.30%', '1:37.40%', '2:14.50%', '3:12.50%', '4:42.60%', '5:37.60%', '6:46.00%', '7:41.80%', '8:63.60%', '9:39.90%']

Cluster round 66 completed, aggregated models from all the clients, time past : 5194700msec, loss : 1.75, accuracy 38.35%
Accuracy per label : ['0:45.10%', '1:37.40%', '2:15.50%', '3:12.20%', '4:38.40%', '5:38.50%', '6:50.50%', '7:42.20%', '8:62.90%', '9:40.80%']

Cluster round 67 completed, aggregated models from all the clients, time past : 5273400msec, loss : 1.75, accuracy 38.44%
Accuracy per label : ['0:45.20%', '1:36.30%', '2:16.90%', '3:13.30%', '4:39.80%', '5:37.10%', '6:47.20%', '7:42.80%', '8:63.80%', '9:42.00%']

Cluster round 68 completed, aggregated models from all the clients, time past : 5352100msec, loss : 1.74, accuracy 38.64%
Accuracy per label : ['0:48.90%', '1:37.90%', '2:16.60%', '3:12.20%', '4:38.30%', '5:38.70%', '6:49.90%', '7:42.20%', '8:60.60%', '9:41.10%']

Cluster round 69 completed, aggregated models from all the clients, time past : 5430800msec, loss : 1.73, accuracy 39.02%
Accuracy per label : ['0:48.70%', '1:37.50%', '2:18.20%', '3:14.90%', '4:38.00%', '5:37.10%', '6:48.40%', '7:42.60%', '8:61.20%', '9:43.60%']

Cluster round 70 completed, aggregated models from all the clients, time past : 5509500msec, loss : 1.73, accuracy 39.02%
Accuracy per label : ['0:50.80%', '1:38.00%', '2:16.50%', '3:14.20%', '4:37.00%', '5:38.70%', '6:50.60%', '7:43.40%', '8:57.80%', '9:43.20%']

Cluster round 71 completed, aggregated models from all the clients, time past : 5588200msec, loss : 1.72, accuracy 39.44%
Accuracy per label : ['0:50.20%', '1:37.80%', '2:19.70%', '3:16.20%', '4:36.20%', '5:36.70%', '6:49.30%', '7:44.60%', '8:58.90%', '9:44.80%']

Cluster round 72 completed, aggregated models from all the clients, time past : 5666900msec, loss : 1.72, accuracy 39.30%
Accuracy per label : ['0:50.70%', '1:38.20%', '2:18.20%', '3:15.00%', '4:34.90%', '5:38.50%', '6:51.00%', '7:43.50%', '8:58.90%', '9:44.10%']

Cluster round 73 completed, aggregated models from all the clients, time past : 5745600msec, loss : 1.71, accuracy 39.63%
Accuracy per label : ['0:49.80%', '1:37.30%', '2:21.10%', '3:17.40%', '4:31.90%', '5:36.60%', '6:50.50%', '7:46.20%', '8:59.70%', '9:45.80%']

Cluster round 74 completed, aggregated models from all the clients, time past : 5824300msec, loss : 1.71, accuracy 39.44%
Accuracy per label : ['0:45.50%', '1:38.00%', '2:19.70%', '3:16.20%', '4:35.00%', '5:37.20%', '6:49.60%', '7:43.70%', '8:64.00%', '9:45.50%']

Cluster round 75 completed, aggregated models from all the clients, time past : 5903000msec, loss : 1.71, accuracy 39.85%
Accuracy per label : ['0:51.40%', '1:37.60%', '2:22.20%', '3:18.10%', '4:29.80%', '5:36.60%', '6:50.00%', '7:46.90%', '8:57.80%', '9:48.10%']

Cluster round 76 completed, aggregated models from all the clients, time past : 5981700msec, loss : 1.70, accuracy 39.98%
Accuracy per label : ['0:48.10%', '1:40.50%', '2:21.30%', '3:17.20%', '4:31.50%', '5:36.00%', '6:50.70%', '7:46.60%', '8:60.30%', '9:47.60%']

Cluster round 77 completed, aggregated models from all the clients, time past : 6060400msec, loss : 1.71, accuracy 39.85%
Accuracy per label : ['0:47.40%', '1:36.60%', '2:24.10%', '3:18.60%', '4:26.10%', '5:35.20%', '6:50.70%', '7:47.80%', '8:63.60%', '9:48.40%']

Cluster round 78 completed, aggregated models from all the clients, time past : 6139100msec, loss : 1.70, accuracy 40.24%
Accuracy per label : ['0:48.40%', '1:38.40%', '2:22.50%', '3:20.90%', '4:30.40%', '5:35.60%', '6:47.80%', '7:47.50%', '8:60.20%', '9:50.70%']

Cluster round 79 completed, aggregated models from all the clients, time past : 6217800msec, loss : 1.71, accuracy 40.12%
Accuracy per label : ['0:49.20%', '1:37.00%', '2:25.40%', '3:20.90%', '4:21.30%', '5:33.70%', '6:52.30%', '7:48.00%', '8:61.30%', '9:52.10%']

Cluster round 80 completed, aggregated models from all the clients, time past : 6296500msec, loss : 1.70, accuracy 40.32%
Accuracy per label : ['0:46.20%', '1:41.30%', '2:22.60%', '3:22.00%', '4:31.00%', '5:35.50%', '6:39.50%', '7:47.00%', '8:62.60%', '9:55.50%']

Cluster round 81 completed, aggregated models from all the clients, time past : 6375200msec, loss : 1.71, accuracy 40.25%
Accuracy per label : ['0:36.60%', '1:39.80%', '2:25.40%', '3:22.30%', '4:27.30%', '5:35.40%', '6:44.30%', '7:47.50%', '8:70.70%', '9:53.20%']

Cluster round 82 completed, aggregated models from all the clients, time past : 6453900msec, loss : 1.70, accuracy 40.77%
Accuracy per label : ['0:46.90%', '1:42.50%', '2:25.60%', '3:19.70%', '4:28.70%', '5:36.30%', '6:42.30%', '7:46.80%', '8:64.30%', '9:54.60%']

Cluster round 83 completed, aggregated models from all the clients, time past : 6532600msec, loss : 1.71, accuracy 40.45%
Accuracy per label : ['0:44.80%', '1:38.80%', '2:23.60%', '3:17.00%', '4:28.10%', '5:40.50%', '6:45.20%', '7:46.00%', '8:72.60%', '9:47.90%']

Cluster round 84 completed, aggregated models from all the clients, time past : 6611300msec, loss : 1.73, accuracy 40.10%
Accuracy per label : ['0:41.40%', '1:41.80%', '2:19.70%', '3:20.80%', '4:22.90%', '5:40.60%', '6:37.50%', '7:48.70%', '8:70.10%', '9:57.50%']

Cluster round 85 completed, aggregated models from all the clients, time past : 6690000msec, loss : 1.70, accuracy 40.69%
Accuracy per label : ['0:44.40%', '1:43.80%', '2:22.60%', '3:22.40%', '4:25.60%', '5:39.70%', '6:43.00%', '7:46.80%', '8:70.30%', '9:48.30%']

Cluster round 86 completed, aggregated models from all the clients, time past : 6768700msec, loss : 1.74, accuracy 39.33%
Accuracy per label : ['0:33.90%', '1:36.80%', '2:19.50%', '3:20.50%', '4:27.40%', '5:35.00%', '6:40.00%', '7:50.60%', '8:79.70%', '9:49.90%']

Cluster round 87 completed, aggregated models from all the clients, time past : 6847400msec, loss : 1.69, accuracy 40.31%
Accuracy per label : ['0:52.40%', '1:39.10%', '2:22.30%', '3:14.10%', '4:19.40%', '5:45.90%', '6:48.00%', '7:50.00%', '8:56.40%', '9:55.50%']

Cluster round 88 completed, aggregated models from all the clients, time past : 6926100msec, loss : 1.89, accuracy 35.21%
Accuracy per label : ['0:9.80%', '1:25.60%', '2:15.70%', '3:24.30%', '4:32.80%', '5:31.80%', '6:36.50%', '7:45.10%', '8:88.00%', '9:42.50%']

Cluster round 89 completed, aggregated models from all the clients, time past : 7004800msec, loss : 1.70, accuracy 40.72%
Accuracy per label : ['0:57.40%', '1:40.00%', '2:24.80%', '3:14.80%', '4:15.90%', '5:41.60%', '6:60.40%', '7:41.70%', '8:61.90%', '9:48.70%']

Cluster round 90 completed, aggregated models from all the clients, time past : 7083500msec, loss : 1.73, accuracy 39.82%
Accuracy per label : ['0:46.10%', '1:43.90%', '2:20.60%', '3:5.70%', '4:20.60%', '5:40.70%', '6:42.30%', '7:65.10%', '8:70.30%', '9:42.90%']

Cluster round 91 completed, aggregated models from all the clients, time past : 7162200msec, loss : 1.76, accuracy 39.54%
Accuracy per label : ['0:49.20%', '1:30.20%', '2:18.00%', '3:17.10%', '4:1.90%', '5:39.60%', '6:62.90%', '7:57.20%', '8:66.00%', '9:53.30%']

Cluster round 92 completed, aggregated models from all the clients, time past : 7240900msec, loss : 1.76, accuracy 38.15%
Accuracy per label : ['0:65.70%', '1:49.90%', '2:17.30%', '3:30.70%', '4:6.10%', '5:35.40%', '6:53.00%', '7:56.00%', '8:11.20%', '9:56.20%']

Cluster round 93 completed, aggregated models from all the clients, time past : 7319600msec, loss : 1.81, accuracy 37.17%
Accuracy per label : ['0:24.70%', '1:32.00%', '2:33.00%', '3:22.20%', '4:2.20%', '5:34.30%', '6:33.40%', '7:62.60%', '8:82.60%', '9:44.70%']

Cluster round 94 completed, aggregated models from all the clients, time past : 7398300msec, loss : 1.77, accuracy 39.58%
Accuracy per label : ['0:66.20%', '1:49.70%', '2:16.40%', '3:21.60%', '4:0.40%', '5:37.40%', '6:72.10%', '7:45.80%', '8:44.50%', '9:41.70%']

Cluster round 95 completed, aggregated models from all the clients, time past : 7477000msec, loss : 1.74, accuracy 39.67%
Accuracy per label : ['0:62.00%', '1:44.00%', '2:25.60%', '3:10.80%', '4:4.40%', '5:46.70%', '6:61.90%', '7:44.60%', '8:56.40%', '9:40.30%']

Cluster round 96 completed, aggregated models from all the clients, time past : 7555700msec, loss : 1.77, accuracy 38.38%
Accuracy per label : ['0:58.80%', '1:47.00%', '2:17.20%', '3:24.30%', '4:3.70%', '5:43.90%', '6:70.30%', '7:55.50%', '8:27.90%', '9:35.20%']

Cluster round 97 completed, aggregated models from all the clients, time past : 7634400msec, loss : 2.25, accuracy 30.70%
Accuracy per label : ['0:31.20%', '1:15.80%', '2:11.20%', '3:4.80%', '4:2.10%', '5:76.90%', '6:47.10%', '7:2.00%', '8:80.10%', '9:35.80%']

Cluster round 98 completed, aggregated models from all the clients, time past : 7713100msec, loss : 2.01, accuracy 30.71%
Accuracy per label : ['0:62.70%', '1:12.20%', '2:13.30%', '3:13.30%', '4:3.00%', '5:8.00%', '6:44.80%', '7:89.20%', '8:16.30%', '9:44.30%']

Cluster round 99 completed, aggregated models from all the clients, time past : 7791800msec, loss : 2.07, accuracy 35.08%
Accuracy per label : ['0:19.90%', '1:60.60%', '2:72.80%', '3:0.20%', '4:3.20%', '5:39.70%', '6:42.50%', '7:19.50%', '8:65.60%', '9:26.80%']

Cluster round 100 completed, aggregated models from all the clients, time past : 7870500msec, loss : 1.99, accuracy 36.36%
Accuracy per label : ['0:68.60%', '1:60.90%', '2:0.40%', '3:67.60%', '4:16.20%', '5:15.70%', '6:42.30%', '7:41.60%', '8:48.10%', '9:2.20%']

Before aggregation, loss : 2.31, accuracy : 9.71%
Before aggregation, accuracy per label : ['0:0.00%', '1:0.00%', '2:0.00%', '3:0.40%', '4:2.10%', '5:94.60%', '6:0.00%', '7:0.00%', '8:0.00%', '9:0.00%']
Aggregation to central server completed at central server round 100, loss : 1.89, accuracy: 37.47%, staleness : 0
Accuracy per label after aggregation : ['0:58.60%', '1:55.90%', '2:0.30%', '3:53.40%', '4:28.90%', '5:15.70%', '6:73.20%', '7:30.70%', '8:52.50%', '9:5.50%']

-----------------------------------------------------

Central server round 2 started
Model sent from central server with 500msec communication time, with loss :1.89, accuracy : 37.47%
Accuracy per label : ['0:58.60%', '1:55.90%', '2:0.30%', '3:53.40%', '4:28.90%', '5:15.70%', '6:73.20%', '7:30.70%', '8:52.50%', '9:5.50%']
The model is from round 1 from central server, staleness is 0

Cluster round 1 completed, aggregated models from all the clients, time past : 79200msec, loss : 1.79, accuracy 36.84%
Accuracy per label : ['0:39.80%', '1:20.20%', '2:20.70%', '3:0.20%', '4:30.60%', '5:49.60%', '6:56.70%', '7:48.50%', '8:72.10%', '9:30.00%']

Cluster round 2 completed, aggregated models from all the clients, time past : 157900msec, loss : 1.73, accuracy 38.86%
Accuracy per label : ['0:56.50%', '1:44.00%', '2:3.90%', '3:21.20%', '4:37.80%', '5:34.80%', '6:64.90%', '7:42.10%', '8:57.90%', '9:25.50%']

Cluster round 3 completed, aggregated models from all the clients, time past : 236600msec, loss : 1.77, accuracy 37.77%
Accuracy per label : ['0:43.00%', '1:26.30%', '2:34.20%', '3:0.70%', '4:35.10%', '5:41.50%', '6:49.80%', '7:45.00%', '8:71.10%', '9:31.00%']

Cluster round 4 completed, aggregated models from all the clients, time past : 315300msec, loss : 1.71, accuracy 39.24%
Accuracy per label : ['0:48.30%', '1:45.20%', '2:3.70%', '3:13.30%', '4:32.30%', '5:41.60%', '6:63.90%', '7:43.40%', '8:67.90%', '9:32.80%']

Cluster round 5 completed, aggregated models from all the clients, time past : 394000msec, loss : 1.75, accuracy 38.78%
Accuracy per label : ['0:44.90%', '1:31.80%', '2:41.30%', '3:1.00%', '4:29.20%', '5:39.50%', '6:49.90%', '7:43.10%', '8:70.80%', '9:36.30%']

Cluster round 6 completed, aggregated models from all the clients, time past : 472700msec, loss : 1.71, accuracy 38.64%
Accuracy per label : ['0:45.20%', '1:37.90%', '2:5.50%', '3:10.60%', '4:32.70%', '5:43.60%', '6:61.40%', '7:42.30%', '8:72.50%', '9:34.70%']

Cluster round 7 completed, aggregated models from all the clients, time past : 551400msec, loss : 1.76, accuracy 38.25%
Accuracy per label : ['0:44.40%', '1:28.60%', '2:43.30%', '3:1.10%', '4:19.00%', '5:42.70%', '6:50.10%', '7:46.40%', '8:71.20%', '9:35.70%']

Cluster round 8 completed, aggregated models from all the clients, time past : 630100msec, loss : 1.69, accuracy 39.80%
Accuracy per label : ['0:48.30%', '1:32.30%', '2:9.10%', '3:14.10%', '4:31.60%', '5:42.80%', '6:66.10%', '7:46.10%', '8:67.90%', '9:39.70%']

Cluster round 9 completed, aggregated models from all the clients, time past : 708800msec, loss : 1.70, accuracy 39.76%
Accuracy per label : ['0:51.40%', '1:31.00%', '2:39.50%', '3:5.60%', '4:18.20%', '5:40.80%', '6:57.70%', '7:51.80%', '8:55.60%', '9:46.00%']

Cluster round 10 completed, aggregated models from all the clients, time past : 787500msec, loss : 1.75, accuracy 37.50%
Accuracy per label : ['0:37.60%', '1:34.10%', '2:8.30%', '3:12.30%', '4:33.80%', '5:53.20%', '6:55.50%', '7:25.50%', '8:79.80%', '9:34.90%']

Cluster round 11 completed, aggregated models from all the clients, time past : 866200msec, loss : 1.66, accuracy 41.08%
Accuracy per label : ['0:58.60%', '1:40.60%', '2:37.10%', '3:29.40%', '4:18.70%', '5:28.10%', '6:53.80%', '7:48.80%', '8:53.00%', '9:42.70%']

Cluster round 12 completed, aggregated models from all the clients, time past : 944900msec, loss : 1.69, accuracy 39.61%
Accuracy per label : ['0:34.00%', '1:36.80%', '2:17.30%', '3:12.00%', '4:36.70%', '5:42.30%', '6:57.80%', '7:34.80%', '8:77.20%', '9:47.20%']

Cluster round 13 completed, aggregated models from all the clients, time past : 1023600msec, loss : 1.68, accuracy 40.24%
Accuracy per label : ['0:67.10%', '1:45.40%', '2:20.80%', '3:18.90%', '4:25.70%', '5:42.60%', '6:56.80%', '7:52.40%', '8:30.20%', '9:42.50%']

Cluster round 14 completed, aggregated models from all the clients, time past : 1102300msec, loss : 1.80, accuracy 37.16%
Accuracy per label : ['0:43.60%', '1:33.60%', '2:21.50%', '3:9.00%', '4:15.40%', '5:32.70%', '6:49.80%', '7:62.10%', '8:82.30%', '9:21.60%']

Cluster round 15 completed, aggregated models from all the clients, time past : 1181000msec, loss : 1.67, accuracy 40.36%
Accuracy per label : ['0:54.60%', '1:42.00%', '2:24.50%', '3:25.40%', '4:21.30%', '5:48.70%', '6:45.70%', '7:48.30%', '8:60.70%', '9:32.40%']

Cluster round 16 completed, aggregated models from all the clients, time past : 1259700msec, loss : 1.72, accuracy 38.13%
Accuracy per label : ['0:27.80%', '1:40.60%', '2:12.60%', '3:14.60%', '4:38.30%', '5:46.30%', '6:28.30%', '7:64.00%', '8:75.10%', '9:33.70%']

Cluster round 17 completed, aggregated models from all the clients, time past : 1338400msec, loss : 1.73, accuracy 38.72%
Accuracy per label : ['0:38.40%', '1:44.20%', '2:39.50%', '3:22.60%', '4:6.30%', '5:41.80%', '6:47.00%', '7:59.80%', '8:68.70%', '9:18.90%']

Cluster round 18 completed, aggregated models from all the clients, time past : 1417100msec, loss : 1.76, accuracy 39.85%
Accuracy per label : ['0:47.30%', '1:28.70%', '2:49.40%', '3:3.20%', '4:33.30%', '5:25.10%', '6:40.30%', '7:51.70%', '8:59.30%', '9:60.20%']

Cluster round 19 completed, aggregated models from all the clients, time past : 1495800msec, loss : 1.99, accuracy 35.48%
Accuracy per label : ['0:53.70%', '1:41.60%', '2:12.30%', '3:1.80%', '4:0.20%', '5:26.90%', '6:78.80%', '7:54.60%', '8:75.60%', '9:9.30%']

Cluster round 20 completed, aggregated models from all the clients, time past : 1574500msec, loss : 1.92, accuracy 34.38%
Accuracy per label : ['0:36.50%', '1:20.10%', '2:65.40%', '3:12.70%', '4:0.00%', '5:31.00%', '6:54.30%', '7:30.30%', '8:18.70%', '9:74.80%']

Cluster round 21 completed, aggregated models from all the clients, time past : 1653200msec, loss : 1.74, accuracy 38.90%
Accuracy per label : ['0:57.50%', '1:53.60%', '2:6.20%', '3:6.10%', '4:10.30%', '5:50.00%', '6:66.60%', '7:63.60%', '8:62.30%', '9:12.80%']

Cluster round 22 completed, aggregated models from all the clients, time past : 1731900msec, loss : 1.80, accuracy 38.19%
Accuracy per label : ['0:66.90%', '1:34.70%', '2:21.00%', '3:20.70%', '4:14.40%', '5:36.20%', '6:55.50%', '7:55.80%', '8:62.20%', '9:14.50%']

Cluster round 23 completed, aggregated models from all the clients, time past : 1810600msec, loss : 1.72, accuracy 39.70%
Accuracy per label : ['0:49.80%', '1:62.30%', '2:24.00%', '3:17.30%', '4:2.50%', '5:55.70%', '6:62.10%', '7:48.60%', '8:51.30%', '9:23.40%']

Cluster round 24 completed, aggregated models from all the clients, time past : 1889300msec, loss : 1.91, accuracy 37.81%
Accuracy per label : ['0:29.00%', '1:14.80%', '2:27.10%', '3:0.10%', '4:2.40%', '5:50.70%', '6:66.30%', '7:61.00%', '8:69.50%', '9:57.20%']

Cluster round 25 completed, aggregated models from all the clients, time past : 1968000msec, loss : 2.08, accuracy 32.99%
Accuracy per label : ['0:0.50%', '1:41.50%', '2:13.30%', '3:70.10%', '4:9.20%', '5:10.80%', '6:53.80%', '7:30.90%', '8:85.40%', '9:14.40%']

Cluster round 26 completed, aggregated models from all the clients, time past : 2046700msec, loss : 1.99, accuracy 34.37%
Accuracy per label : ['0:23.70%', '1:15.70%', '2:42.30%', '3:2.20%', '4:4.50%', '5:46.90%', '6:51.00%', '7:40.80%', '8:90.00%', '9:26.60%']

Cluster round 27 completed, aggregated models from all the clients, time past : 2125400msec, loss : 1.77, accuracy 39.57%
Accuracy per label : ['0:10.50%', '1:54.00%', '2:12.80%', '3:49.90%', '4:24.50%', '5:19.80%', '6:54.50%', '7:60.60%', '8:75.90%', '9:33.20%']

Cluster round 28 completed, aggregated models from all the clients, time past : 2204100msec, loss : 2.16, accuracy 32.51%
Accuracy per label : ['0:5.40%', '1:23.40%', '2:17.90%', '3:6.70%', '4:39.10%', '5:21.60%', '6:49.90%', '7:59.40%', '8:93.40%', '9:8.30%']

Cluster round 29 completed, aggregated models from all the clients, time past : 2282800msec, loss : 1.76, accuracy 37.99%
Accuracy per label : ['0:61.60%', '1:41.00%', '2:7.80%', '3:5.80%', '4:46.40%', '5:22.70%', '6:42.30%', '7:71.40%', '8:18.50%', '9:62.40%']

Cluster round 30 completed, aggregated models from all the clients, time past : 2361500msec, loss : 2.14, accuracy 35.55%
Accuracy per label : ['0:35.70%', '1:34.20%', '2:71.80%', '3:3.00%', '4:0.00%', '5:34.90%', '6:30.60%', '7:43.20%', '8:70.60%', '9:31.50%']

Cluster round 31 completed, aggregated models from all the clients, time past : 2440200msec, loss : 2.09, accuracy 35.00%
Accuracy per label : ['0:6.10%', '1:22.40%', '2:34.80%', '3:3.90%', '4:35.00%', '5:28.80%', '6:47.60%', '7:47.90%', '8:91.40%', '9:32.10%']

Cluster round 32 completed, aggregated models from all the clients, time past : 2518900msec, loss : 2.41, accuracy 29.53%
Accuracy per label : ['0:63.30%', '1:13.00%', '2:14.10%', '3:0.60%', '4:7.00%', '5:80.40%', '6:57.00%', '7:3.60%', '8:35.30%', '9:21.00%']

Cluster round 33 completed, aggregated models from all the clients, time past : 2597600msec, loss : 2.06, accuracy 33.09%
Accuracy per label : ['0:11.80%', '1:32.20%', '2:9.10%', '3:3.10%', '4:18.00%', '5:11.70%', '6:29.00%', '7:87.90%', '8:63.80%', '9:64.30%']

Cluster round 34 completed, aggregated models from all the clients, time past : 2676300msec, loss : 1.79, accuracy 38.81%
Accuracy per label : ['0:51.40%', '1:77.00%', '2:29.10%', '3:11.80%', '4:3.30%', '5:54.30%', '6:65.70%', '7:27.60%', '8:46.40%', '9:21.50%']

Cluster round 35 completed, aggregated models from all the clients, time past : 2755000msec, loss : 1.67, accuracy 43.42%
Accuracy per label : ['0:55.40%', '1:44.80%', '2:12.40%', '3:31.80%', '4:38.50%', '5:29.50%', '6:64.10%', '7:45.10%', '8:62.10%', '9:50.50%']

Cluster round 36 completed, aggregated models from all the clients, time past : 2833700msec, loss : 1.83, accuracy 39.59%
Accuracy per label : ['0:49.20%', '1:78.80%', '2:10.30%', '3:18.00%', '4:30.50%', '5:26.10%', '6:48.70%', '7:52.80%', '8:63.30%', '9:18.20%']

Cluster round 37 completed, aggregated models from all the clients, time past : 2912400msec, loss : 1.94, accuracy 40.35%
Accuracy per label : ['0:69.70%', '1:54.70%', '2:15.70%', '3:0.90%', '4:49.70%', '5:43.20%', '6:41.90%', '7:44.90%', '8:30.50%', '9:52.30%']

Cluster round 38 completed, aggregated models from all the clients, time past : 2991100msec, loss : 1.81, accuracy 37.62%
Accuracy per label : ['0:63.90%', '1:18.40%', '2:35.70%', '3:5.20%', '4:23.70%', '5:46.40%', '6:75.00%', '7:47.40%', '8:39.60%', '9:20.90%']

Cluster round 39 completed, aggregated models from all the clients, time past : 3069800msec, loss : 2.04, accuracy 34.26%
Accuracy per label : ['0:40.00%', '1:46.30%', '2:67.40%', '3:6.60%', '4:14.90%', '5:24.50%', '6:65.10%', '7:24.50%', '8:37.40%', '9:15.90%']

Cluster round 40 completed, aggregated models from all the clients, time past : 3148500msec, loss : 1.67, accuracy 43.18%
Accuracy per label : ['0:44.60%', '1:52.20%', '2:13.80%', '3:34.60%', '4:38.80%', '5:32.10%', '6:50.10%', '7:52.60%', '8:65.70%', '9:47.30%']

Cluster round 41 completed, aggregated models from all the clients, time past : 3227200msec, loss : 2.22, accuracy 33.67%
Accuracy per label : ['0:17.90%', '1:77.30%', '2:3.60%', '3:26.10%', '4:18.10%', '5:69.00%', '6:5.80%', '7:26.50%', '8:61.60%', '9:30.80%']

Cluster round 42 completed, aggregated models from all the clients, time past : 3305900msec, loss : 2.01, accuracy 38.00%
Accuracy per label : ['0:68.10%', '1:26.40%', '2:49.60%', '3:8.90%', '4:16.70%', '5:11.50%', '6:71.50%', '7:42.30%', '8:45.10%', '9:39.90%']

Cluster round 43 completed, aggregated models from all the clients, time past : 3384600msec, loss : 3.83, accuracy 23.43%
Accuracy per label : ['0:40.80%', '1:16.60%', '2:1.10%', '3:0.10%', '4:10.50%', '5:92.70%', '6:44.00%', '7:7.30%', '8:21.20%', '9:0.00%']

Cluster round 44 completed, aggregated models from all the clients, time past : 3463300msec, loss : 2.20, accuracy 29.12%
Accuracy per label : ['0:21.60%', '1:10.60%', '2:8.20%', '3:17.90%', '4:16.30%', '5:5.60%', '6:8.60%', '7:56.30%', '8:86.50%', '9:59.60%']

Cluster round 45 completed, aggregated models from all the clients, time past : 3542000msec, loss : 1.74, accuracy 40.17%
Accuracy per label : ['0:62.30%', '1:60.00%', '2:18.80%', '3:11.50%', '4:25.00%', '5:49.10%', '6:79.90%', '7:30.40%', '8:33.80%', '9:30.90%']

Cluster round 46 completed, aggregated models from all the clients, time past : 3620700msec, loss : 1.66, accuracy 43.62%
Accuracy per label : ['0:52.10%', '1:50.90%', '2:25.80%', '3:26.50%', '4:42.90%', '5:37.30%', '6:43.20%', '7:49.40%', '8:63.10%', '9:45.00%']

Cluster round 47 completed, aggregated models from all the clients, time past : 3699400msec, loss : 1.93, accuracy 37.66%
Accuracy per label : ['0:36.00%', '1:19.10%', '2:21.70%', '3:46.50%', '4:30.50%', '5:22.80%', '6:52.50%', '7:41.00%', '8:88.50%', '9:18.00%']

Cluster round 48 completed, aggregated models from all the clients, time past : 3778100msec, loss : 1.67, accuracy 43.35%
Accuracy per label : ['0:47.90%', '1:52.40%', '2:21.30%', '3:28.30%', '4:47.00%', '5:40.50%', '6:43.20%', '7:39.30%', '8:67.40%', '9:46.20%']

Cluster round 49 completed, aggregated models from all the clients, time past : 3856800msec, loss : 1.95, accuracy 37.34%
Accuracy per label : ['0:30.90%', '1:43.30%', '2:24.10%', '3:46.80%', '4:53.30%', '5:11.50%', '6:27.90%', '7:8.30%', '8:85.20%', '9:42.10%']

Cluster round 50 completed, aggregated models from all the clients, time past : 3935500msec, loss : 2.49, accuracy 33.83%
Accuracy per label : ['0:39.50%', '1:52.40%', '2:3.00%', '3:6.00%', '4:5.80%', '5:0.90%', '6:77.10%', '7:86.90%', '8:54.30%', '9:12.40%']

