Client 0 with 2000 data
Communication time : 100, Computation time per epoch : 100, Training time : 700
0 : 10.50%  1 : 9.70%  2 : 8.60%  3 : 10.25%  4 : 9.25%  5 : 9.70%  6 : 10.65%  7 : 10.20%  8 : 10.85%  9 : 10.30%  
Divergence : jsd 0.0008, tvd 0.0275
labels from the first batch :[4, 4, 3, 1, 5, 0, 8, 2, 6, 3, 8, 1, 4, 6, 2, 4, 0, 1, 7, 5, 8, 1, 9, 4, 8, 7, 3, 0, 3, 4, 7, 8]

Client 1 with 2000 data
Communication time : 100, Computation time per epoch : 100, Training time : 700
0 : 9.45%  1 : 10.80%  2 : 10.55%  3 : 9.00%  4 : 9.60%  5 : 10.25%  6 : 9.75%  7 : 10.65%  8 : 9.85%  9 : 10.10%  
Divergence : jsd 0.0005, tvd 0.0235
labels from the first batch :[6, 7, 3, 2, 1, 7, 1, 0, 3, 6, 6, 8, 7, 4, 2, 7, 6, 6, 0, 2, 3, 5, 6, 7, 5, 1, 1, 4, 9, 2, 8, 3]

Client 2 with 2000 data
Communication time : 100, Computation time per epoch : 100, Training time : 700
0 : 10.30%  1 : 9.90%  2 : 10.10%  3 : 11.20%  4 : 9.95%  5 : 9.70%  6 : 10.25%  7 : 10.40%  8 : 7.70%  9 : 10.50%  
Divergence : jsd 0.0014, tvd 0.0275
labels from the first batch :[8, 2, 6, 4, 2, 6, 5, 9, 1, 0, 4, 9, 8, 6, 3, 2, 4, 2, 9, 3, 3, 5, 6, 1, 2, 3, 0, 5, 5, 7, 3, 5]

Client 3 with 2000 data
Communication time : 100, Computation time per epoch : 100, Training time : 700
0 : 10.25%  1 : 10.20%  2 : 9.60%  3 : 10.20%  4 : 9.20%  5 : 10.65%  6 : 9.85%  7 : 9.65%  8 : 10.40%  9 : 10.00%  
Divergence : jsd 0.0003, tvd 0.0170
labels from the first batch :[1, 8, 9, 1, 2, 3, 1, 2, 0, 9, 3, 6, 5, 7, 8, 7, 3, 5, 9, 5, 8, 7, 6, 3, 0, 5, 2, 8, 2, 8, 0, 6]

Client 4 with 2000 data
Communication time : 100, Computation time per epoch : 100, Training time : 700
0 : 11.15%  1 : 10.75%  2 : 9.85%  3 : 8.60%  4 : 10.25%  5 : 9.90%  6 : 10.50%  7 : 9.75%  8 : 9.20%  9 : 10.05%  
Divergence : jsd 0.0009, tvd 0.0270
labels from the first batch :[9, 1, 7, 2, 8, 9, 0, 6, 9, 3, 1, 0, 1, 4, 1, 6, 2, 5, 1, 9, 6, 1, 0, 5, 4, 1, 6, 2, 6, 8, 3, 2]

Client 5 with 2000 data
Communication time : 100, Computation time per epoch : 100, Training time : 700
0 : 9.40%  1 : 9.45%  2 : 9.25%  3 : 9.00%  4 : 11.00%  5 : 10.95%  6 : 11.05%  7 : 10.00%  8 : 10.40%  9 : 9.50%  
Divergence : jsd 0.0010, tvd 0.0340
labels from the first batch :[5, 2, 2, 9, 5, 2, 5, 6, 1, 6, 5, 4, 3, 6, 6, 3, 0, 5, 8, 1, 6, 0, 4, 6, 5, 4, 3, 2, 6, 3, 8, 9]

Client 6 with 2000 data
Communication time : 100, Computation time per epoch : 100, Training time : 700
0 : 10.15%  1 : 10.15%  2 : 9.70%  3 : 10.00%  4 : 10.55%  5 : 10.35%  6 : 9.30%  7 : 10.15%  8 : 10.30%  9 : 9.35%  
Divergence : jsd 0.0003, tvd 0.0165
labels from the first batch :[6, 5, 0, 8, 9, 8, 0, 4, 9, 6, 3, 2, 0, 9, 8, 9, 8, 4, 9, 0, 6, 7, 6, 7, 9, 2, 4, 9, 9, 1, 8, 4]

Client 7 with 2000 data
Communication time : 100, Computation time per epoch : 100, Training time : 700
0 : 10.25%  1 : 9.65%  2 : 11.20%  3 : 10.40%  4 : 10.10%  5 : 9.60%  6 : 10.10%  7 : 9.20%  8 : 9.20%  9 : 10.30%  
Divergence : jsd 0.0006, tvd 0.0235
labels from the first batch :[4, 4, 2, 3, 6, 6, 2, 6, 2, 9, 4, 5, 9, 6, 6, 9, 1, 3, 2, 0, 4, 3, 2, 0, 3, 2, 8, 8, 2, 9, 1, 1]

Client 8 with 2000 data
Communication time : 100, Computation time per epoch : 100, Training time : 700
0 : 11.05%  1 : 10.00%  2 : 10.00%  3 : 9.40%  4 : 9.90%  5 : 9.15%  6 : 11.90%  7 : 9.30%  8 : 9.30%  9 : 10.00%  
Divergence : jsd 0.0012, tvd 0.0295
labels from the first batch :[4, 5, 9, 3, 9, 1, 2, 1, 2, 4, 9, 2, 5, 7, 2, 1, 7, 5, 8, 9, 6, 0, 5, 7, 0, 6, 1, 5, 7, 4, 9, 1]

Client 9 with 2000 data
Communication time : 100, Computation time per epoch : 100, Training time : 700
0 : 10.15%  1 : 10.35%  2 : 10.35%  3 : 9.00%  4 : 9.95%  5 : 9.40%  6 : 11.70%  7 : 10.80%  8 : 10.05%  9 : 8.25%  
Divergence : jsd 0.0015, tvd 0.0340
labels from the first batch :[6, 6, 1, 6, 1, 1, 4, 0, 8, 9, 0, 2, 6, 3, 6, 6, 2, 0, 5, 1, 1, 6, 6, 6, 3, 8, 4, 1, 7, 2, 3, 1]

Client 10 with 2000 data
Communication time : 100, Computation time per epoch : 100, Training time : 700
0 : 9.30%  1 : 10.30%  2 : 11.60%  3 : 9.90%  4 : 10.60%  5 : 10.50%  6 : 9.40%  7 : 9.15%  8 : 9.35%  9 : 9.90%  
Divergence : jsd 0.0009, tvd 0.0300
labels from the first batch :[6, 7, 7, 9, 2, 9, 6, 8, 2, 2, 5, 2, 6, 2, 1, 9, 6, 2, 4, 2, 1, 9, 7, 3, 2, 3, 4, 3, 2, 6, 8, 0]

Client 11 with 2000 data
Communication time : 100, Computation time per epoch : 100, Training time : 700
0 : 9.45%  1 : 9.95%  2 : 9.75%  3 : 11.45%  4 : 11.05%  5 : 9.70%  6 : 9.00%  7 : 9.95%  8 : 9.95%  9 : 9.75%  
Divergence : jsd 0.0008, tvd 0.0250
labels from the first batch :[7, 1, 7, 2, 6, 4, 7, 7, 6, 9, 5, 9, 3, 4, 1, 6, 8, 5, 0, 1, 4, 2, 9, 2, 4, 1, 2, 9, 9, 8, 7, 7]

Client 12 with 2000 data
Communication time : 100, Computation time per epoch : 100, Training time : 700
0 : 10.30%  1 : 10.75%  2 : 8.90%  3 : 10.25%  4 : 9.20%  5 : 10.40%  6 : 9.05%  7 : 10.00%  8 : 11.15%  9 : 10.00%  
Divergence : jsd 0.0009, tvd 0.0285
labels from the first batch :[5, 3, 3, 6, 9, 9, 8, 7, 5, 2, 3, 0, 9, 4, 7, 6, 4, 0, 1, 9, 4, 5, 6, 1, 7, 4, 9, 1, 4, 6, 8, 1]

Client 13 with 2000 data
Communication time : 100, Computation time per epoch : 100, Training time : 700
0 : 10.30%  1 : 9.65%  2 : 10.20%  3 : 11.05%  4 : 9.15%  5 : 10.15%  6 : 9.25%  7 : 10.20%  8 : 9.70%  9 : 10.35%  
Divergence : jsd 0.0005, tvd 0.0225
labels from the first batch :[3, 7, 3, 0, 2, 5, 3, 4, 9, 0, 5, 6, 2, 2, 3, 3, 0, 8, 7, 4, 6, 4, 1, 3, 2, 4, 2, 6, 4, 9, 8, 5]

Client 14 with 2000 data
Communication time : 100, Computation time per epoch : 100, Training time : 700
0 : 10.00%  1 : 9.40%  2 : 11.15%  3 : 10.25%  4 : 9.00%  5 : 10.50%  6 : 9.55%  7 : 9.80%  8 : 11.10%  9 : 9.25%  
Divergence : jsd 0.0009, tvd 0.0300
labels from the first batch :[9, 4, 5, 9, 1, 8, 0, 2, 5, 2, 6, 6, 8, 2, 2, 2, 9, 3, 8, 8, 1, 7, 0, 8, 2, 9, 2, 6, 3, 5, 2, 2]

Client 15 with 2000 data
Communication time : 100, Computation time per epoch : 100, Training time : 700
0 : 9.55%  1 : 11.00%  2 : 10.05%  3 : 9.85%  4 : 9.95%  5 : 10.25%  6 : 10.30%  7 : 9.80%  8 : 9.05%  9 : 10.20%  
Divergence : jsd 0.0004, tvd 0.0180
labels from the first batch :[5, 1, 6, 4, 6, 9, 2, 3, 7, 6, 1, 9, 2, 0, 5, 9, 0, 6, 3, 7, 2, 6, 8, 9, 6, 0, 6, 9, 2, 2, 8, 8]

Client 16 with 2000 data
Communication time : 100, Computation time per epoch : 100, Training time : 700
0 : 9.30%  1 : 9.45%  2 : 9.65%  3 : 10.70%  4 : 9.40%  5 : 10.45%  6 : 9.85%  7 : 10.05%  8 : 10.60%  9 : 10.55%  
Divergence : jsd 0.0005, tvd 0.0235
labels from the first batch :[1, 5, 1, 6, 8, 5, 1, 5, 0, 0, 4, 1, 9, 6, 2, 6, 9, 6, 3, 1, 0, 7, 3, 4, 6, 7, 6, 7, 1, 7, 0, 9]

Client 17 with 2000 data
Communication time : 100, Computation time per epoch : 100, Training time : 700
0 : 10.15%  1 : 9.25%  2 : 9.55%  3 : 10.00%  4 : 10.90%  5 : 10.00%  6 : 9.85%  7 : 10.25%  8 : 10.00%  9 : 10.05%  
Divergence : jsd 0.0003, tvd 0.0135
labels from the first batch :[4, 7, 8, 1, 5, 3, 8, 7, 2, 4, 2, 3, 7, 6, 3, 2, 4, 6, 9, 3, 2, 9, 9, 1, 3, 5, 6, 4, 8, 4, 2, 6]

Client 18 with 2000 data
Communication time : 100, Computation time per epoch : 100, Training time : 700
0 : 10.55%  1 : 9.45%  2 : 8.95%  3 : 9.25%  4 : 10.75%  5 : 9.70%  6 : 9.95%  7 : 10.15%  8 : 10.25%  9 : 11.00%  
Divergence : jsd 0.0007, tvd 0.0270
labels from the first batch :[8, 2, 9, 6, 5, 1, 8, 3, 3, 6, 3, 0, 0, 2, 3, 8, 6, 4, 2, 3, 5, 8, 7, 6, 1, 6, 6, 6, 0, 9, 4, 8]

Client 19 with 2000 data
Communication time : 100, Computation time per epoch : 100, Training time : 700
0 : 9.90%  1 : 9.60%  2 : 10.55%  3 : 10.35%  4 : 9.90%  5 : 9.75%  6 : 9.00%  7 : 10.45%  8 : 10.00%  9 : 10.50%  
Divergence : jsd 0.0004, tvd 0.0185
labels from the first batch :[1, 2, 2, 7, 5, 4, 8, 3, 8, 8, 2, 4, 5, 6, 8, 4, 3, 3, 1, 8, 9, 9, 6, 0, 0, 0, 7, 9, 2, 9, 8, 6]

Client 20 with 2000 data
Communication time : 100, Computation time per epoch : 100, Training time : 700
0 : 10.45%  1 : 9.75%  2 : 9.55%  3 : 9.80%  4 : 10.50%  5 : 9.15%  6 : 8.90%  7 : 11.05%  8 : 10.95%  9 : 9.90%  
Divergence : jsd 0.0008, tvd 0.0295
labels from the first batch :[8, 0, 3, 2, 6, 7, 6, 6, 9, 5, 5, 2, 3, 2, 8, 7, 0, 2, 9, 5, 8, 5, 7, 6, 4, 4, 0, 6, 8, 3, 8, 1]

Client 21 with 2000 data
Communication time : 100, Computation time per epoch : 100, Training time : 700
0 : 8.85%  1 : 10.15%  2 : 10.60%  3 : 10.50%  4 : 10.20%  5 : 10.35%  6 : 9.90%  7 : 9.90%  8 : 9.80%  9 : 9.75%  
Divergence : jsd 0.0004, tvd 0.0180
labels from the first batch :[5, 7, 8, 2, 2, 6, 8, 0, 8, 9, 0, 5, 9, 1, 5, 7, 3, 8, 5, 7, 9, 5, 2, 9, 9, 3, 6, 5, 6, 1, 1, 9]

Client 22 with 2000 data
Communication time : 100, Computation time per epoch : 100, Training time : 700
0 : 9.65%  1 : 9.95%  2 : 9.75%  3 : 8.80%  4 : 10.05%  5 : 10.55%  6 : 10.40%  7 : 10.55%  8 : 10.60%  9 : 9.70%  
Divergence : jsd 0.0005, tvd 0.0215
labels from the first batch :[2, 6, 0, 7, 3, 5, 9, 9, 9, 8, 7, 6, 6, 5, 9, 4, 9, 7, 5, 3, 5, 7, 9, 2, 9, 6, 5, 6, 2, 8, 7, 5]

Client 23 with 2000 data
Communication time : 100, Computation time per epoch : 100, Training time : 700
0 : 9.80%  1 : 10.55%  2 : 10.50%  3 : 10.95%  4 : 9.95%  5 : 8.85%  6 : 10.15%  7 : 9.10%  8 : 10.00%  9 : 10.15%  
Divergence : jsd 0.0007, tvd 0.0230
labels from the first batch :[0, 0, 2, 4, 6, 0, 3, 1, 0, 2, 5, 1, 4, 3, 4, 2, 3, 6, 2, 1, 5, 5, 2, 5, 1, 7, 8, 3, 9, 4, 4, 0]

Client 24 with 2000 data
Communication time : 100, Computation time per epoch : 100, Training time : 700
0 : 9.80%  1 : 9.85%  2 : 10.05%  3 : 9.85%  4 : 9.65%  5 : 10.05%  6 : 10.40%  7 : 9.50%  8 : 10.25%  9 : 10.60%  
Divergence : jsd 0.0002, tvd 0.0135
labels from the first batch :[0, 1, 6, 5, 1, 3, 8, 1, 8, 4, 6, 5, 7, 1, 7, 2, 5, 1, 6, 9, 5, 3, 2, 7, 8, 0, 1, 8, 4, 5, 1, 8]

