-----------------------------------------------------

Central server round 5 started
Model sent from central server with 100msec communication time, with loss :2.31, accuracy : 8.86%
Accuracy per label : ['0:0.00%', '1:0.40%', '2:0.40%', '3:3.80%', '4:0.00%', '5:0.00%', '6:0.00%', '7:0.00%', '8:84.00%', '9:0.00%']
The model is from round 0 from central server, staleness is 4

Cluster round 1 completed, aggregated models from all the clients, time past : 800msec, loss : 2.09, accuracy 27.40%
Accuracy per label : ['0:33.50%', '1:36.20%', '2:31.60%', '3:6.20%', '4:13.10%', '5:43.30%', '6:9.10%', '7:15.90%', '8:51.70%', '9:33.40%']

Cluster round 2 completed, aggregated models from all the clients, time past : 1500msec, loss : 1.91, accuracy 33.34%
Accuracy per label : ['0:42.30%', '1:29.40%', '2:15.00%', '3:9.30%', '4:21.20%', '5:38.60%', '6:60.80%', '7:24.30%', '8:42.70%', '9:49.80%']

Cluster round 3 completed, aggregated models from all the clients, time past : 2200msec, loss : 1.83, accuracy 35.49%
Accuracy per label : ['0:28.80%', '1:37.90%', '2:15.00%', '3:22.20%', '4:20.60%', '5:31.20%', '6:61.40%', '7:37.30%', '8:55.40%', '9:45.10%']

Before aggregation, loss : 1.89, accuracy : 35.79%
Before aggregation, accuracy per label : ['0:56.00%', '1:37.20%', '2:7.90%', '3:10.00%', '4:27.30%', '5:42.60%', '6:49.10%', '7:35.30%', '8:46.50%', '9:46.00%']
Aggregation to central server completed at central server round 250, loss : 1.88, accuracy: 36.20%, staleness : 4
Accuracy per label after aggregation : ['0:52.90%', '1:37.20%', '2:9.00%', '3:12.40%', '4:26.90%', '5:41.80%', '6:50.70%', '7:36.40%', '8:48.20%', '9:46.50%']

-----------------------------------------------------

Central server round 10 started
Model sent from central server with 100msec communication time, with loss :1.88, accuracy : 36.20%
Accuracy per label : ['0:52.90%', '1:37.20%', '2:9.00%', '3:12.40%', '4:26.90%', '5:41.80%', '6:50.70%', '7:36.40%', '8:48.20%', '9:46.50%']
The model is from round 5 from central server, staleness is 4

Cluster round 1 completed, aggregated models from all the clients, time past : 800msec, loss : 1.80, accuracy 36.25%
Accuracy per label : ['0:51.60%', '1:34.20%', '2:4.10%', '3:24.70%', '4:24.90%', '5:29.20%', '6:46.80%', '7:36.90%', '8:67.00%', '9:43.10%']

Cluster round 2 completed, aggregated models from all the clients, time past : 1500msec, loss : 1.69, accuracy 40.82%
Accuracy per label : ['0:51.30%', '1:56.10%', '2:25.90%', '3:22.00%', '4:34.10%', '5:28.80%', '6:49.70%', '7:42.20%', '8:54.90%', '9:43.20%']

Cluster round 3 completed, aggregated models from all the clients, time past : 2200msec, loss : 1.62, accuracy 42.50%
Accuracy per label : ['0:49.60%', '1:61.50%', '2:23.50%', '3:17.00%', '4:36.90%', '5:34.60%', '6:58.00%', '7:42.40%', '8:58.50%', '9:43.00%']

Before aggregation, loss : 1.77, accuracy : 38.79%
Before aggregation, accuracy per label : ['0:49.90%', '1:39.20%', '2:11.80%', '3:13.10%', '4:34.00%', '5:41.20%', '6:52.60%', '7:38.60%', '8:59.00%', '9:48.50%']
Aggregation to central server completed at central server round 250, loss : 1.75, accuracy: 39.24%, staleness : 4
Accuracy per label after aggregation : ['0:50.00%', '1:41.10%', '2:12.60%', '3:13.30%', '4:36.50%', '5:39.80%', '6:53.30%', '7:38.50%', '8:59.30%', '9:48.00%']

-----------------------------------------------------

Central server round 15 started
Model sent from central server with 100msec communication time, with loss :1.75, accuracy : 39.24%
Accuracy per label : ['0:50.00%', '1:41.10%', '2:12.60%', '3:13.30%', '4:36.50%', '5:39.80%', '6:53.30%', '7:38.50%', '8:59.30%', '9:48.00%']
The model is from round 10 from central server, staleness is 4

Cluster round 1 completed, aggregated models from all the clients, time past : 800msec, loss : 1.67, accuracy 40.52%
Accuracy per label : ['0:37.90%', '1:48.60%', '2:15.60%', '3:18.10%', '4:37.10%', '5:33.20%', '6:50.60%', '7:54.20%', '8:73.20%', '9:36.70%']

Cluster round 2 completed, aggregated models from all the clients, time past : 1500msec, loss : 1.60, accuracy 43.38%
Accuracy per label : ['0:39.00%', '1:59.30%', '2:24.90%', '3:21.80%', '4:23.80%', '5:22.60%', '6:69.80%', '7:52.00%', '8:71.60%', '9:49.00%']

Cluster round 3 completed, aggregated models from all the clients, time past : 2200msec, loss : 1.54, accuracy 44.94%
Accuracy per label : ['0:48.10%', '1:52.00%', '2:20.10%', '3:22.60%', '4:44.90%', '5:34.40%', '6:64.80%', '7:44.10%', '8:73.20%', '9:45.20%']

Before aggregation, loss : 1.66, accuracy : 41.83%
Before aggregation, accuracy per label : ['0:52.70%', '1:46.90%', '2:17.80%', '3:15.70%', '4:38.30%', '5:37.80%', '6:57.80%', '7:43.20%', '8:61.20%', '9:46.90%']
Aggregation to central server completed at central server round 250, loss : 1.64, accuracy: 42.28%, staleness : 4
Accuracy per label after aggregation : ['0:52.50%', '1:47.50%', '2:17.90%', '3:16.70%', '4:39.30%', '5:36.70%', '6:59.10%', '7:43.40%', '8:62.90%', '9:46.80%']

-----------------------------------------------------

Central server round 20 started
Model sent from central server with 100msec communication time, with loss :1.64, accuracy : 42.28%
Accuracy per label : ['0:52.50%', '1:47.50%', '2:17.90%', '3:16.70%', '4:39.30%', '5:36.70%', '6:59.10%', '7:43.40%', '8:62.90%', '9:46.80%']
The model is from round 15 from central server, staleness is 4

Cluster round 1 completed, aggregated models from all the clients, time past : 800msec, loss : 1.57, accuracy 44.40%
Accuracy per label : ['0:50.30%', '1:62.10%', '2:39.90%', '3:19.80%', '4:27.90%', '5:33.00%', '6:55.30%', '7:45.20%', '8:65.30%', '9:45.20%']

Cluster round 2 completed, aggregated models from all the clients, time past : 1500msec, loss : 1.50, accuracy 46.74%
Accuracy per label : ['0:53.50%', '1:58.60%', '2:33.20%', '3:35.80%', '4:40.50%', '5:32.30%', '6:58.70%', '7:45.70%', '8:61.80%', '9:47.30%']

Cluster round 3 completed, aggregated models from all the clients, time past : 2200msec, loss : 1.46, accuracy 48.03%
Accuracy per label : ['0:56.30%', '1:60.80%', '2:20.80%', '3:29.90%', '4:44.80%', '5:37.70%', '6:65.20%', '7:47.60%', '8:60.10%', '9:57.10%']

Before aggregation, loss : 1.57, accuracy : 44.41%
Before aggregation, accuracy per label : ['0:53.00%', '1:52.00%', '2:22.20%', '3:19.60%', '4:38.70%', '5:36.00%', '6:64.10%', '7:45.80%', '8:64.30%', '9:48.40%']
Aggregation to central server completed at central server round 250, loss : 1.55, accuracy: 45.02%, staleness : 4
Accuracy per label after aggregation : ['0:53.30%', '1:53.00%', '2:22.20%', '3:20.80%', '4:40.50%', '5:35.70%', '6:64.80%', '7:46.10%', '8:63.60%', '9:50.20%']

-----------------------------------------------------

Central server round 25 started
Model sent from central server with 100msec communication time, with loss :1.55, accuracy : 45.02%
Accuracy per label : ['0:53.30%', '1:53.00%', '2:22.20%', '3:20.80%', '4:40.50%', '5:35.70%', '6:64.80%', '7:46.10%', '8:63.60%', '9:50.20%']
The model is from round 20 from central server, staleness is 4

Cluster round 1 completed, aggregated models from all the clients, time past : 800msec, loss : 1.50, accuracy 46.62%
Accuracy per label : ['0:51.30%', '1:57.70%', '2:49.20%', '3:30.50%', '4:29.70%', '5:28.50%', '6:50.50%', '7:51.00%', '8:67.00%', '9:50.80%']

Cluster round 2 completed, aggregated models from all the clients, time past : 1500msec, loss : 1.45, accuracy 48.47%
Accuracy per label : ['0:49.70%', '1:68.70%', '2:28.20%', '3:23.00%', '4:40.60%', '5:30.70%', '6:67.80%', '7:57.10%', '8:68.60%', '9:50.30%']

Cluster round 3 completed, aggregated models from all the clients, time past : 2200msec, loss : 1.42, accuracy 49.24%
Accuracy per label : ['0:50.20%', '1:49.70%', '2:24.70%', '3:37.70%', '4:50.00%', '5:38.50%', '6:50.50%', '7:54.80%', '8:64.10%', '9:72.20%']

Before aggregation, loss : 1.49, accuracy : 47.26%
Before aggregation, accuracy per label : ['0:53.80%', '1:58.30%', '2:23.90%', '3:23.30%', '4:41.00%', '5:37.00%', '6:66.40%', '7:50.40%', '8:65.90%', '9:52.60%']
Aggregation to central server completed at central server round 250, loss : 1.48, accuracy: 47.66%, staleness : 4
Accuracy per label after aggregation : ['0:53.10%', '1:57.70%', '2:23.80%', '3:25.00%', '4:42.70%', '5:36.60%', '6:65.20%', '7:51.40%', '8:66.10%', '9:55.00%']

-----------------------------------------------------

Central server round 30 started
Model sent from central server with 100msec communication time, with loss :1.48, accuracy : 47.66%
Accuracy per label : ['0:53.10%', '1:57.70%', '2:23.80%', '3:25.00%', '4:42.70%', '5:36.60%', '6:65.20%', '7:51.40%', '8:66.10%', '9:55.00%']
The model is from round 25 from central server, staleness is 4

Cluster round 1 completed, aggregated models from all the clients, time past : 800msec, loss : 1.44, accuracy 48.59%
Accuracy per label : ['0:63.20%', '1:69.40%', '2:38.60%', '3:23.70%', '4:32.50%', '5:45.30%', '6:51.90%', '7:52.90%', '8:61.50%', '9:46.90%']

Cluster round 2 completed, aggregated models from all the clients, time past : 1500msec, loss : 1.41, accuracy 50.05%
Accuracy per label : ['0:54.30%', '1:65.40%', '2:32.80%', '3:50.80%', '4:32.90%', '5:42.60%', '6:56.00%', '7:54.50%', '8:58.10%', '9:53.10%']

Cluster round 3 completed, aggregated models from all the clients, time past : 2200msec, loss : 1.37, accuracy 50.76%
Accuracy per label : ['0:45.90%', '1:64.70%', '2:32.50%', '3:20.70%', '4:46.10%', '5:41.50%', '6:66.10%', '7:57.50%', '8:71.70%', '9:60.90%']

Before aggregation, loss : 1.43, accuracy : 49.45%
Before aggregation, accuracy per label : ['0:53.00%', '1:60.10%', '2:28.60%', '3:27.40%', '4:44.50%', '5:39.60%', '6:64.40%', '7:53.20%', '8:68.70%', '9:55.00%']
Aggregation to central server completed at central server round 250, loss : 1.42, accuracy: 49.72%, staleness : 4
Accuracy per label after aggregation : ['0:52.30%', '1:60.40%', '2:28.70%', '3:26.40%', '4:45.00%', '5:39.40%', '6:65.30%', '7:53.90%', '8:69.60%', '9:56.20%']

-----------------------------------------------------

Central server round 35 started
Model sent from central server with 100msec communication time, with loss :1.42, accuracy : 49.72%
Accuracy per label : ['0:52.30%', '1:60.40%', '2:28.70%', '3:26.40%', '4:45.00%', '5:39.40%', '6:65.30%', '7:53.90%', '8:69.60%', '9:56.20%']
The model is from round 30 from central server, staleness is 4

Cluster round 1 completed, aggregated models from all the clients, time past : 800msec, loss : 1.41, accuracy 49.00%
Accuracy per label : ['0:51.50%', '1:65.20%', '2:20.30%', '3:21.50%', '4:55.90%', '5:27.40%', '6:68.20%', '7:53.30%', '8:74.80%', '9:51.90%']

Cluster round 2 completed, aggregated models from all the clients, time past : 1500msec, loss : 1.35, accuracy 51.59%
Accuracy per label : ['0:61.20%', '1:65.40%', '2:25.40%', '3:39.40%', '4:38.90%', '5:36.60%', '6:74.20%', '7:56.60%', '8:62.10%', '9:56.10%']

Cluster round 3 completed, aggregated models from all the clients, time past : 2200msec, loss : 1.34, accuracy 51.92%
Accuracy per label : ['0:57.60%', '1:51.70%', '2:34.40%', '3:40.90%', '4:51.20%', '5:30.30%', '6:62.40%', '7:61.50%', '8:61.80%', '9:67.40%']

Before aggregation, loss : 1.37, accuracy : 51.22%
Before aggregation, accuracy per label : ['0:55.00%', '1:63.80%', '2:30.00%', '3:29.70%', '4:41.90%', '5:41.50%', '6:66.60%', '7:56.30%', '8:70.40%', '9:57.00%']
Aggregation to central server completed at central server round 250, loss : 1.36, accuracy: 51.81%, staleness : 4
Accuracy per label after aggregation : ['0:55.50%', '1:63.00%', '2:31.20%', '3:31.30%', '4:43.50%', '5:40.80%', '6:66.30%', '7:57.30%', '8:69.70%', '9:59.50%']

-----------------------------------------------------

Central server round 40 started
Model sent from central server with 100msec communication time, with loss :1.36, accuracy : 51.81%
Accuracy per label : ['0:55.50%', '1:63.00%', '2:31.20%', '3:31.30%', '4:43.50%', '5:40.80%', '6:66.30%', '7:57.30%', '8:69.70%', '9:59.50%']
The model is from round 35 from central server, staleness is 4

Cluster round 1 completed, aggregated models from all the clients, time past : 800msec, loss : 1.34, accuracy 52.21%
Accuracy per label : ['0:55.90%', '1:65.20%', '2:26.00%', '3:41.90%', '4:49.10%', '5:39.20%', '6:54.80%', '7:62.30%', '8:64.90%', '9:62.80%']

Cluster round 2 completed, aggregated models from all the clients, time past : 1500msec, loss : 1.32, accuracy 52.96%
Accuracy per label : ['0:49.10%', '1:66.30%', '2:38.10%', '3:38.80%', '4:44.60%', '5:27.90%', '6:71.30%', '7:57.40%', '8:75.70%', '9:60.40%']

Cluster round 3 completed, aggregated models from all the clients, time past : 2200msec, loss : 1.31, accuracy 53.42%
Accuracy per label : ['0:55.40%', '1:66.80%', '2:24.00%', '3:25.80%', '4:57.30%', '5:42.20%', '6:65.30%', '7:64.40%', '8:73.90%', '9:59.10%']

Before aggregation, loss : 1.33, accuracy : 52.79%
Before aggregation, accuracy per label : ['0:57.10%', '1:64.40%', '2:34.40%', '3:33.60%', '4:43.60%', '5:39.10%', '6:65.50%', '7:60.10%', '8:70.80%', '9:59.30%']
Aggregation to central server completed at central server round 250, loss : 1.32, accuracy: 52.99%, staleness : 4
Accuracy per label after aggregation : ['0:56.80%', '1:64.70%', '2:33.40%', '3:32.80%', '4:45.50%', '5:39.40%', '6:65.30%', '7:61.10%', '8:71.40%', '9:59.50%']

-----------------------------------------------------

Central server round 45 started
Model sent from central server with 100msec communication time, with loss :1.32, accuracy : 52.99%
Accuracy per label : ['0:56.80%', '1:64.70%', '2:33.40%', '3:32.80%', '4:45.50%', '5:39.40%', '6:65.30%', '7:61.10%', '8:71.40%', '9:59.50%']
The model is from round 40 from central server, staleness is 4

Cluster round 1 completed, aggregated models from all the clients, time past : 800msec, loss : 1.31, accuracy 53.77%
Accuracy per label : ['0:56.80%', '1:59.70%', '2:31.40%', '3:37.70%', '4:47.20%', '5:43.30%', '6:62.70%', '7:70.40%', '8:66.10%', '9:62.40%']

Cluster round 2 completed, aggregated models from all the clients, time past : 1500msec, loss : 1.28, accuracy 54.99%
Accuracy per label : ['0:51.20%', '1:74.60%', '2:42.60%', '3:45.60%', '4:38.80%', '5:41.40%', '6:68.80%', '7:63.60%', '8:66.70%', '9:56.60%']

Cluster round 3 completed, aggregated models from all the clients, time past : 2200msec, loss : 1.30, accuracy 54.52%
Accuracy per label : ['0:70.20%', '1:73.80%', '2:41.80%', '3:45.10%', '4:31.30%', '5:43.90%', '6:54.30%', '7:63.70%', '8:62.20%', '9:58.90%']

Before aggregation, loss : 1.29, accuracy : 54.16%
Before aggregation, accuracy per label : ['0:59.10%', '1:68.10%', '2:34.40%', '3:35.10%', '4:46.50%', '5:38.80%', '6:67.80%', '7:60.00%', '8:72.70%', '9:59.10%']
Aggregation to central server completed at central server round 250, loss : 1.28, accuracy: 54.50%, staleness : 4
Accuracy per label after aggregation : ['0:60.00%', '1:68.90%', '2:35.80%', '3:36.10%', '4:45.10%', '5:39.20%', '6:67.30%', '7:60.90%', '8:72.20%', '9:59.50%']

-----------------------------------------------------

Central server round 50 started
Model sent from central server with 100msec communication time, with loss :1.28, accuracy : 54.50%
Accuracy per label : ['0:60.00%', '1:68.90%', '2:35.80%', '3:36.10%', '4:45.10%', '5:39.20%', '6:67.30%', '7:60.90%', '8:72.20%', '9:59.50%']
The model is from round 45 from central server, staleness is 4

Cluster round 1 completed, aggregated models from all the clients, time past : 800msec, loss : 1.27, accuracy 55.33%
Accuracy per label : ['0:52.50%', '1:70.20%', '2:40.00%', '3:37.10%', '4:46.20%', '5:43.10%', '6:71.40%', '7:63.30%', '8:77.20%', '9:52.30%']

Cluster round 2 completed, aggregated models from all the clients, time past : 1500msec, loss : 1.26, accuracy 55.46%
Accuracy per label : ['0:61.90%', '1:74.20%', '2:38.20%', '3:34.50%', '4:52.80%', '5:40.00%', '6:71.00%', '7:52.60%', '8:72.80%', '9:56.60%']

Cluster round 3 completed, aggregated models from all the clients, time past : 2200msec, loss : 1.26, accuracy 55.60%
Accuracy per label : ['0:64.80%', '1:57.60%', '2:47.20%', '3:35.90%', '4:33.20%', '5:60.30%', '6:61.30%', '7:58.60%', '8:67.50%', '9:69.60%']

Before aggregation, loss : 1.25, accuracy : 55.43%
Before aggregation, accuracy per label : ['0:60.10%', '1:68.70%', '2:35.80%', '3:37.20%', '4:47.50%', '5:41.50%', '6:68.50%', '7:62.60%', '8:73.20%', '9:59.20%']
Aggregation to central server completed at central server round 250, loss : 1.24, accuracy: 56.23%, staleness : 4
Accuracy per label after aggregation : ['0:61.20%', '1:68.60%', '2:37.80%', '3:37.60%', '4:46.10%', '5:43.90%', '6:68.70%', '7:63.00%', '8:73.40%', '9:62.00%']

-----------------------------------------------------

Central server round 55 started
Model sent from central server with 100msec communication time, with loss :1.24, accuracy : 56.23%
Accuracy per label : ['0:61.20%', '1:68.60%', '2:37.80%', '3:37.60%', '4:46.10%', '5:43.90%', '6:68.70%', '7:63.00%', '8:73.40%', '9:62.00%']
The model is from round 50 from central server, staleness is 4

Cluster round 1 completed, aggregated models from all the clients, time past : 800msec, loss : 1.25, accuracy 55.51%
Accuracy per label : ['0:59.80%', '1:77.80%', '2:43.10%', '3:34.90%', '4:46.50%', '5:30.90%', '6:72.90%', '7:64.60%', '8:75.00%', '9:49.60%']

Cluster round 2 completed, aggregated models from all the clients, time past : 1500msec, loss : 1.23, accuracy 56.97%
Accuracy per label : ['0:56.10%', '1:71.50%', '2:36.80%', '3:39.70%', '4:48.10%', '5:44.40%', '6:69.70%', '7:72.80%', '8:69.90%', '9:60.70%']

Cluster round 3 completed, aggregated models from all the clients, time past : 2200msec, loss : 1.24, accuracy 56.91%
Accuracy per label : ['0:58.10%', '1:68.00%', '2:32.60%', '3:32.10%', '4:49.10%', '5:43.70%', '6:74.60%', '7:71.90%', '8:76.50%', '9:62.50%']

Before aggregation, loss : 1.22, accuracy : 56.92%
Before aggregation, accuracy per label : ['0:62.40%', '1:71.40%', '2:38.60%', '3:34.90%', '4:48.30%', '5:45.40%', '6:69.00%', '7:63.80%', '8:74.30%', '9:61.10%']
Aggregation to central server completed at central server round 250, loss : 1.22, accuracy: 57.03%, staleness : 4
Accuracy per label after aggregation : ['0:62.00%', '1:71.40%', '2:38.00%', '3:34.60%', '4:48.60%', '5:45.00%', '6:69.80%', '7:64.60%', '8:75.10%', '9:61.20%']

-----------------------------------------------------

Central server round 60 started
Model sent from central server with 100msec communication time, with loss :1.22, accuracy : 57.03%
Accuracy per label : ['0:62.00%', '1:71.40%', '2:38.00%', '3:34.60%', '4:48.60%', '5:45.00%', '6:69.80%', '7:64.60%', '8:75.10%', '9:61.20%']
The model is from round 55 from central server, staleness is 4

Cluster round 1 completed, aggregated models from all the clients, time past : 800msec, loss : 1.21, accuracy 57.44%
Accuracy per label : ['0:65.30%', '1:73.70%', '2:34.60%', '3:30.40%', '4:54.00%', '5:51.20%', '6:65.30%', '7:66.30%', '8:72.90%', '9:60.70%']

Cluster round 2 completed, aggregated models from all the clients, time past : 1500msec, loss : 1.21, accuracy 57.54%
Accuracy per label : ['0:52.40%', '1:67.10%', '2:51.90%', '3:46.30%', '4:42.70%', '5:44.40%', '6:69.80%', '7:57.70%', '8:79.70%', '9:63.40%']

Cluster round 3 completed, aggregated models from all the clients, time past : 2200msec, loss : 1.22, accuracy 58.24%
Accuracy per label : ['0:68.90%', '1:63.90%', '2:50.40%', '3:35.60%', '4:47.80%', '5:43.80%', '6:68.10%', '7:66.60%', '8:71.60%', '9:65.70%']

Before aggregation, loss : 1.19, accuracy : 58.25%
Before aggregation, accuracy per label : ['0:63.60%', '1:72.60%', '2:42.80%', '3:36.70%', '4:48.80%', '5:44.70%', '6:70.80%', '7:65.80%', '8:73.60%', '9:63.10%']
Aggregation to central server completed at central server round 250, loss : 1.19, accuracy: 58.47%, staleness : 4
Accuracy per label after aggregation : ['0:64.10%', '1:72.00%', '2:43.70%', '3:36.50%', '4:49.30%', '5:44.90%', '6:70.90%', '7:65.90%', '8:74.20%', '9:63.20%']

-----------------------------------------------------

Central server round 65 started
Model sent from central server with 100msec communication time, with loss :1.19, accuracy : 58.47%
Accuracy per label : ['0:64.10%', '1:72.00%', '2:43.70%', '3:36.50%', '4:49.30%', '5:44.90%', '6:70.90%', '7:65.90%', '8:74.20%', '9:63.20%']
The model is from round 60 from central server, staleness is 4

Cluster round 1 completed, aggregated models from all the clients, time past : 800msec, loss : 1.20, accuracy 58.04%
Accuracy per label : ['0:60.40%', '1:70.30%', '2:30.60%', '3:47.30%', '4:49.40%', '5:53.90%', '6:61.00%', '7:69.20%', '8:77.90%', '9:60.40%']

Cluster round 2 completed, aggregated models from all the clients, time past : 1500msec, loss : 1.22, accuracy 58.19%
Accuracy per label : ['0:67.60%', '1:64.70%', '2:38.90%', '3:52.00%', '4:43.60%', '5:51.60%', '6:66.10%', '7:70.40%', '8:67.70%', '9:59.30%']

Cluster round 3 completed, aggregated models from all the clients, time past : 2200msec, loss : 1.22, accuracy 58.13%
Accuracy per label : ['0:65.60%', '1:70.50%', '2:41.20%', '3:27.40%', '4:59.50%', '5:41.90%', '6:68.10%', '7:69.70%', '8:76.80%', '9:60.60%']

Before aggregation, loss : 1.17, accuracy : 59.30%
Before aggregation, accuracy per label : ['0:64.40%', '1:72.30%', '2:43.10%', '3:36.70%', '4:50.30%', '5:47.70%', '6:71.10%', '7:67.50%', '8:75.80%', '9:64.10%']
Aggregation to central server completed at central server round 250, loss : 1.17, accuracy: 59.41%, staleness : 4
Accuracy per label after aggregation : ['0:65.10%', '1:72.00%', '2:42.70%', '3:36.00%', '4:51.70%', '5:47.00%', '6:71.90%', '7:68.40%', '8:75.80%', '9:63.50%']

-----------------------------------------------------

Central server round 70 started
Model sent from central server with 100msec communication time, with loss :1.17, accuracy : 59.41%
Accuracy per label : ['0:65.10%', '1:72.00%', '2:42.70%', '3:36.00%', '4:51.70%', '5:47.00%', '6:71.90%', '7:68.40%', '8:75.80%', '9:63.50%']
The model is from round 65 from central server, staleness is 4

Cluster round 1 completed, aggregated models from all the clients, time past : 800msec, loss : 1.17, accuracy 59.13%
Accuracy per label : ['0:60.20%', '1:69.00%', '2:41.90%', '3:37.60%', '4:51.20%', '5:46.10%', '6:74.20%', '7:68.20%', '8:80.20%', '9:62.70%']

Cluster round 2 completed, aggregated models from all the clients, time past : 1500msec, loss : 1.20, accuracy 58.82%
Accuracy per label : ['0:60.70%', '1:77.20%', '2:32.90%', '3:37.60%', '4:59.80%', '5:45.50%', '6:65.10%', '7:73.70%', '8:73.90%', '9:61.80%']

Cluster round 3 completed, aggregated models from all the clients, time past : 2200msec, loss : 1.24, accuracy 57.66%
Accuracy per label : ['0:58.60%', '1:78.90%', '2:52.00%', '3:38.90%', '4:46.70%', '5:50.90%', '6:62.90%', '7:64.10%', '8:82.00%', '9:41.60%']

Before aggregation, loss : 1.15, accuracy : 60.15%
Before aggregation, accuracy per label : ['0:66.50%', '1:72.80%', '2:44.40%', '3:37.90%', '4:52.00%', '5:49.40%', '6:70.90%', '7:68.60%', '8:74.90%', '9:64.10%']
Aggregation to central server completed at central server round 250, loss : 1.15, accuracy: 60.06%, staleness : 4
Accuracy per label after aggregation : ['0:65.90%', '1:74.20%', '2:45.10%', '3:37.90%', '4:51.50%', '5:49.20%', '6:70.40%', '7:68.20%', '8:76.50%', '9:61.70%']

-----------------------------------------------------

Central server round 75 started
Model sent from central server with 100msec communication time, with loss :1.15, accuracy : 60.06%
Accuracy per label : ['0:65.90%', '1:74.20%', '2:45.10%', '3:37.90%', '4:51.50%', '5:49.20%', '6:70.40%', '7:68.20%', '8:76.50%', '9:61.70%']
The model is from round 70 from central server, staleness is 4

Cluster round 1 completed, aggregated models from all the clients, time past : 800msec, loss : 1.16, accuracy 60.00%
Accuracy per label : ['0:66.80%', '1:72.30%', '2:45.10%', '3:39.00%', '4:52.20%', '5:54.10%', '6:74.80%', '7:63.00%', '8:73.70%', '9:59.00%']

Cluster round 2 completed, aggregated models from all the clients, time past : 1500msec, loss : 1.17, accuracy 60.24%
Accuracy per label : ['0:65.40%', '1:66.60%', '2:44.60%', '3:42.40%', '4:58.70%', '5:44.80%', '6:71.40%', '7:64.90%', '8:72.60%', '9:71.00%']

Cluster round 3 completed, aggregated models from all the clients, time past : 2200msec, loss : 1.21, accuracy 59.87%
Accuracy per label : ['0:69.80%', '1:71.60%', '2:42.30%', '3:28.30%', '4:57.50%', '5:57.80%', '6:65.70%', '7:71.00%', '8:72.90%', '9:61.80%']

Before aggregation, loss : 1.13, accuracy : 60.73%
Before aggregation, accuracy per label : ['0:64.70%', '1:73.30%', '2:46.60%', '3:37.60%', '4:51.90%', '5:50.50%', '6:71.90%', '7:69.80%', '8:76.90%', '9:64.10%']
Aggregation to central server completed at central server round 250, loss : 1.13, accuracy: 61.07%, staleness : 4
Accuracy per label after aggregation : ['0:66.20%', '1:73.20%', '2:46.90%', '3:36.00%', '4:52.80%', '5:52.10%', '6:72.20%', '7:70.50%', '8:76.80%', '9:64.00%']

-----------------------------------------------------

Central server round 80 started
Model sent from central server with 100msec communication time, with loss :1.13, accuracy : 61.07%
Accuracy per label : ['0:66.20%', '1:73.20%', '2:46.90%', '3:36.00%', '4:52.80%', '5:52.10%', '6:72.20%', '7:70.50%', '8:76.80%', '9:64.00%']
The model is from round 75 from central server, staleness is 4

Cluster round 1 completed, aggregated models from all the clients, time past : 800msec, loss : 1.15, accuracy 60.52%
Accuracy per label : ['0:63.30%', '1:71.60%', '2:35.00%', '3:47.40%', '4:56.50%', '5:49.00%', '6:71.30%', '7:69.00%', '8:79.60%', '9:62.50%']

Cluster round 2 completed, aggregated models from all the clients, time past : 1500msec, loss : 1.19, accuracy 60.23%
Accuracy per label : ['0:72.30%', '1:74.30%', '2:39.20%', '3:41.80%', '4:43.70%', '5:48.60%', '6:76.20%', '7:69.20%', '8:72.20%', '9:64.80%']

Cluster round 3 completed, aggregated models from all the clients, time past : 2200msec, loss : 1.25, accuracy 59.08%
Accuracy per label : ['0:62.40%', '1:71.70%', '2:54.20%', '3:34.70%', '4:49.20%', '5:33.40%', '6:70.10%', '7:69.60%', '8:82.20%', '9:63.30%']

Before aggregation, loss : 1.13, accuracy : 61.57%
Before aggregation, accuracy per label : ['0:66.90%', '1:73.60%', '2:45.90%', '3:39.80%', '4:55.80%', '5:50.70%', '6:72.00%', '7:68.80%', '8:77.20%', '9:65.00%']
Aggregation to central server completed at central server round 250, loss : 1.13, accuracy: 61.51%, staleness : 4
Accuracy per label after aggregation : ['0:66.50%', '1:73.40%', '2:47.70%', '3:38.80%', '4:55.60%', '5:48.10%', '6:72.30%', '7:69.50%', '8:78.30%', '9:64.90%']

-----------------------------------------------------

Central server round 85 started
Model sent from central server with 100msec communication time, with loss :1.13, accuracy : 61.51%
Accuracy per label : ['0:66.50%', '1:73.40%', '2:47.70%', '3:38.80%', '4:55.60%', '5:48.10%', '6:72.30%', '7:69.50%', '8:78.30%', '9:64.90%']
The model is from round 80 from central server, staleness is 4

Cluster round 1 completed, aggregated models from all the clients, time past : 800msec, loss : 1.14, accuracy 60.90%
Accuracy per label : ['0:71.30%', '1:73.50%', '2:51.60%', '3:37.80%', '4:53.40%', '5:45.60%', '6:69.00%', '7:66.90%', '8:73.40%', '9:66.50%']

Cluster round 2 completed, aggregated models from all the clients, time past : 1500msec, loss : 1.17, accuracy 60.91%
Accuracy per label : ['0:71.00%', '1:69.80%', '2:46.00%', '3:37.10%', '4:58.90%', '5:52.10%', '6:68.20%', '7:66.50%', '8:70.60%', '9:68.90%']

Cluster round 3 completed, aggregated models from all the clients, time past : 2200msec, loss : 1.22, accuracy 60.47%
Accuracy per label : ['0:66.10%', '1:73.10%', '2:37.70%', '3:47.90%', '4:61.30%', '5:45.00%', '6:64.30%', '7:70.00%', '8:77.20%', '9:62.10%']

Before aggregation, loss : 1.12, accuracy : 62.13%
Before aggregation, accuracy per label : ['0:66.60%', '1:72.80%', '2:47.60%', '3:37.00%', '4:55.40%', '5:52.70%', '6:73.00%', '7:70.10%', '8:78.00%', '9:68.10%']
Aggregation to central server completed at central server round 250, loss : 1.12, accuracy: 62.07%, staleness : 4
Accuracy per label after aggregation : ['0:66.90%', '1:72.90%', '2:46.50%', '3:38.20%', '4:56.00%', '5:52.20%', '6:72.60%', '7:70.20%', '8:77.70%', '9:67.50%']

-----------------------------------------------------

Central server round 90 started
Model sent from central server with 100msec communication time, with loss :1.12, accuracy : 62.07%
Accuracy per label : ['0:66.90%', '1:72.90%', '2:46.50%', '3:38.20%', '4:56.00%', '5:52.20%', '6:72.60%', '7:70.20%', '8:77.70%', '9:67.50%']
The model is from round 85 from central server, staleness is 4

Cluster round 1 completed, aggregated models from all the clients, time past : 800msec, loss : 1.20, accuracy 60.06%
Accuracy per label : ['0:72.60%', '1:73.20%', '2:24.90%', '3:55.00%', '4:60.90%', '5:40.30%', '6:67.20%', '7:69.10%', '8:78.80%', '9:58.60%']

Cluster round 2 completed, aggregated models from all the clients, time past : 1500msec, loss : 1.19, accuracy 61.44%
Accuracy per label : ['0:68.80%', '1:69.60%', '2:46.20%', '3:37.40%', '4:57.30%', '5:44.60%', '6:74.40%', '7:69.90%', '8:77.70%', '9:68.50%']

Cluster round 3 completed, aggregated models from all the clients, time past : 2200msec, loss : 1.24, accuracy 60.76%
Accuracy per label : ['0:72.00%', '1:77.10%', '2:43.80%', '3:50.50%', '4:46.40%', '5:40.40%', '6:74.80%', '7:68.00%', '8:71.10%', '9:63.50%']

Before aggregation, loss : 1.13, accuracy : 62.54%
Before aggregation, accuracy per label : ['0:66.70%', '1:74.10%', '2:48.60%', '3:36.80%', '4:55.10%', '5:53.80%', '6:75.50%', '7:69.10%', '8:78.40%', '9:67.30%']
Aggregation to central server completed at central server round 250, loss : 1.13, accuracy: 62.68%, staleness : 4
Accuracy per label after aggregation : ['0:67.70%', '1:74.50%', '2:48.10%', '3:39.30%', '4:54.60%', '5:52.10%', '6:76.10%', '7:69.30%', '8:77.80%', '9:67.30%']

-----------------------------------------------------

Central server round 95 started
Model sent from central server with 100msec communication time, with loss :1.13, accuracy : 62.68%
Accuracy per label : ['0:67.70%', '1:74.50%', '2:48.10%', '3:39.30%', '4:54.60%', '5:52.10%', '6:76.10%', '7:69.30%', '8:77.80%', '9:67.30%']
The model is from round 90 from central server, staleness is 4

Cluster round 1 completed, aggregated models from all the clients, time past : 800msec, loss : 1.15, accuracy 61.95%
Accuracy per label : ['0:70.70%', '1:72.90%', '2:41.30%', '3:47.20%', '4:53.40%', '5:49.30%', '6:73.90%', '7:63.00%', '8:81.40%', '9:66.40%']

Cluster round 2 completed, aggregated models from all the clients, time past : 1500msec, loss : 1.22, accuracy 61.48%
Accuracy per label : ['0:68.90%', '1:74.70%', '2:45.20%', '3:29.70%', '4:61.60%', '5:48.30%', '6:75.40%', '7:67.50%', '8:74.00%', '9:69.50%']

Cluster round 3 completed, aggregated models from all the clients, time past : 2200msec, loss : 1.22, accuracy 61.58%
Accuracy per label : ['0:71.40%', '1:73.70%', '2:54.70%', '3:44.10%', '4:42.90%', '5:56.40%', '6:71.70%', '7:65.60%', '8:69.90%', '9:65.40%']

Before aggregation, loss : 1.13, accuracy : 62.96%
Before aggregation, accuracy per label : ['0:68.20%', '1:74.80%', '2:46.60%', '3:40.90%', '4:55.40%', '5:51.40%', '6:76.20%', '7:70.30%', '8:77.00%', '9:68.80%']
Aggregation to central server completed at central server round 250, loss : 1.13, accuracy: 63.29%, staleness : 4
Accuracy per label after aggregation : ['0:69.20%', '1:75.00%', '2:48.50%', '3:41.30%', '4:55.00%', '5:52.60%', '6:76.00%', '7:70.00%', '8:76.30%', '9:69.00%']

-----------------------------------------------------

Central server round 100 started
Model sent from central server with 100msec communication time, with loss :1.13, accuracy : 63.29%
Accuracy per label : ['0:69.20%', '1:75.00%', '2:48.50%', '3:41.30%', '4:55.00%', '5:52.60%', '6:76.00%', '7:70.00%', '8:76.30%', '9:69.00%']
The model is from round 95 from central server, staleness is 4

Cluster round 1 completed, aggregated models from all the clients, time past : 800msec, loss : 1.16, accuracy 62.28%
Accuracy per label : ['0:64.80%', '1:75.00%', '2:42.80%', '3:34.10%', '4:60.60%', '5:57.30%', '6:77.10%', '7:69.70%', '8:71.20%', '9:70.20%']

Cluster round 2 completed, aggregated models from all the clients, time past : 1500msec, loss : 1.19, accuracy 61.87%
Accuracy per label : ['0:69.20%', '1:75.70%', '2:44.50%', '3:36.00%', '4:48.60%', '5:62.70%', '6:71.70%', '7:66.40%', '8:75.80%', '9:68.10%']

Cluster round 3 completed, aggregated models from all the clients, time past : 2200msec, loss : 1.24, accuracy 61.63%
Accuracy per label : ['0:65.90%', '1:76.40%', '2:51.40%', '3:45.30%', '4:55.90%', '5:44.80%', '6:69.80%', '7:68.20%', '8:78.30%', '9:60.30%']

Before aggregation, loss : 1.13, accuracy : 63.43%
Before aggregation, accuracy per label : ['0:68.20%', '1:75.70%', '2:45.40%', '3:44.30%', '4:56.40%', '5:52.70%', '6:74.30%', '7:71.50%', '8:77.00%', '9:68.80%']
Aggregation to central server completed at central server round 250, loss : 1.13, accuracy: 63.41%, staleness : 4
Accuracy per label after aggregation : ['0:68.50%', '1:76.20%', '2:46.20%', '3:43.10%', '4:56.70%', '5:52.30%', '6:73.70%', '7:71.70%', '8:77.20%', '9:68.50%']

-----------------------------------------------------

Central server round 105 started
Model sent from central server with 100msec communication time, with loss :1.13, accuracy : 63.41%
Accuracy per label : ['0:68.50%', '1:76.20%', '2:46.20%', '3:43.10%', '4:56.70%', '5:52.30%', '6:73.70%', '7:71.70%', '8:77.20%', '9:68.50%']
The model is from round 100 from central server, staleness is 4

Cluster round 1 completed, aggregated models from all the clients, time past : 800msec, loss : 1.15, accuracy 62.49%
Accuracy per label : ['0:64.00%', '1:78.00%', '2:45.90%', '3:49.70%', '4:49.60%', '5:49.80%', '6:77.20%', '7:68.60%', '8:77.70%', '9:64.40%']

Cluster round 2 completed, aggregated models from all the clients, time past : 1500msec, loss : 1.21, accuracy 62.11%
Accuracy per label : ['0:72.80%', '1:74.90%', '2:53.00%', '3:36.50%', '4:53.90%', '5:49.90%', '6:73.80%', '7:66.10%', '8:75.80%', '9:64.40%']

Cluster round 3 completed, aggregated models from all the clients, time past : 2200msec, loss : 1.26, accuracy 61.60%
Accuracy per label : ['0:71.20%', '1:76.60%', '2:47.20%', '3:42.50%', '4:53.30%', '5:44.50%', '6:76.40%', '7:65.70%', '8:74.50%', '9:64.10%']

Before aggregation, loss : 1.13, accuracy : 63.92%
Before aggregation, accuracy per label : ['0:70.00%', '1:75.50%', '2:47.50%', '3:42.40%', '4:57.00%', '5:54.20%', '6:74.90%', '7:71.40%', '8:77.40%', '9:68.90%']
Aggregation to central server completed at central server round 250, loss : 1.14, accuracy: 63.89%, staleness : 4
Accuracy per label after aggregation : ['0:70.00%', '1:75.90%', '2:48.30%', '3:42.60%', '4:56.50%', '5:53.70%', '6:75.10%', '7:71.10%', '8:77.20%', '9:68.50%']

-----------------------------------------------------

Central server round 110 started
Model sent from central server with 100msec communication time, with loss :1.14, accuracy : 63.89%
Accuracy per label : ['0:70.00%', '1:75.90%', '2:48.30%', '3:42.60%', '4:56.50%', '5:53.70%', '6:75.10%', '7:71.10%', '8:77.20%', '9:68.50%']
The model is from round 105 from central server, staleness is 4

Cluster round 1 completed, aggregated models from all the clients, time past : 800msec, loss : 1.15, accuracy 63.59%
Accuracy per label : ['0:72.10%', '1:76.00%', '2:48.70%', '3:41.60%', '4:58.60%', '5:54.20%', '6:73.80%', '7:70.00%', '8:74.30%', '9:66.60%']

Cluster round 2 completed, aggregated models from all the clients, time past : 1500msec, loss : 1.23, accuracy 62.39%
Accuracy per label : ['0:71.20%', '1:77.30%', '2:39.00%', '3:41.90%', '4:69.70%', '5:52.70%', '6:65.20%', '7:64.60%', '8:77.90%', '9:64.40%']

Cluster round 3 completed, aggregated models from all the clients, time past : 2200msec, loss : 1.27, accuracy 62.64%
Accuracy per label : ['0:62.20%', '1:73.90%', '2:49.20%', '3:37.10%', '4:62.30%', '5:48.20%', '6:73.30%', '7:73.20%', '8:79.60%', '9:67.40%']

Before aggregation, loss : 1.14, accuracy : 64.26%
Before aggregation, accuracy per label : ['0:70.40%', '1:75.10%', '2:48.20%', '3:44.20%', '4:56.60%', '5:54.40%', '6:74.30%', '7:71.70%', '8:78.00%', '9:69.70%']
Aggregation to central server completed at central server round 250, loss : 1.14, accuracy: 63.95%, staleness : 4
Accuracy per label after aggregation : ['0:69.00%', '1:75.10%', '2:47.90%', '3:42.50%', '4:57.10%', '5:54.40%', '6:74.20%', '7:72.20%', '8:78.10%', '9:69.00%']

-----------------------------------------------------

Central server round 115 started
Model sent from central server with 100msec communication time, with loss :1.14, accuracy : 63.95%
Accuracy per label : ['0:69.00%', '1:75.10%', '2:47.90%', '3:42.50%', '4:57.10%', '5:54.40%', '6:74.20%', '7:72.20%', '8:78.10%', '9:69.00%']
The model is from round 110 from central server, staleness is 4

Cluster round 1 completed, aggregated models from all the clients, time past : 800msec, loss : 1.18, accuracy 63.04%
Accuracy per label : ['0:72.80%', '1:76.00%', '2:40.40%', '3:52.40%', '4:52.40%', '5:49.00%', '6:74.90%', '7:71.30%', '8:77.90%', '9:63.30%']

Cluster round 2 completed, aggregated models from all the clients, time past : 1500msec, loss : 1.27, accuracy 62.28%
Accuracy per label : ['0:73.10%', '1:77.80%', '2:37.00%', '3:44.50%', '4:64.00%', '5:43.10%', '6:69.10%', '7:77.60%', '8:74.00%', '9:62.60%']

Cluster round 3 completed, aggregated models from all the clients, time past : 2200msec, loss : 1.27, accuracy 62.24%
Accuracy per label : ['0:66.90%', '1:74.20%', '2:43.00%', '3:39.70%', '4:51.50%', '5:61.20%', '6:71.60%', '7:67.90%', '8:78.80%', '9:67.60%']

Before aggregation, loss : 1.15, accuracy : 64.50%
Before aggregation, accuracy per label : ['0:70.60%', '1:75.70%', '2:47.50%', '3:41.80%', '4:59.40%', '5:54.60%', '6:75.30%', '7:72.30%', '8:77.90%', '9:69.90%']
Aggregation to central server completed at central server round 250, loss : 1.15, accuracy: 64.20%, staleness : 4
Accuracy per label after aggregation : ['0:69.40%', '1:75.50%', '2:46.60%', '3:41.30%', '4:58.50%', '5:56.00%', '6:74.90%', '7:71.90%', '8:78.10%', '9:69.80%']

-----------------------------------------------------

Central server round 120 started
Model sent from central server with 100msec communication time, with loss :1.15, accuracy : 64.20%
Accuracy per label : ['0:69.40%', '1:75.50%', '2:46.60%', '3:41.30%', '4:58.50%', '5:56.00%', '6:74.90%', '7:71.90%', '8:78.10%', '9:69.80%']
The model is from round 115 from central server, staleness is 4

Cluster round 1 completed, aggregated models from all the clients, time past : 800msec, loss : 1.18, accuracy 63.66%
Accuracy per label : ['0:67.50%', '1:75.50%', '2:48.50%', '3:43.50%', '4:53.50%', '5:48.60%', '6:75.30%', '7:78.50%', '8:78.20%', '9:67.50%']

Cluster round 2 completed, aggregated models from all the clients, time past : 1500msec, loss : 1.24, accuracy 63.19%
Accuracy per label : ['0:66.30%', '1:74.80%', '2:41.40%', '3:39.50%', '4:62.90%', '5:54.90%', '6:73.60%', '7:71.50%', '8:77.20%', '9:69.80%']

Cluster round 3 completed, aggregated models from all the clients, time past : 2200msec, loss : 1.28, accuracy 63.10%
Accuracy per label : ['0:71.70%', '1:74.00%', '2:44.30%', '3:39.30%', '4:60.60%', '5:54.50%', '6:71.30%', '7:69.00%', '8:75.90%', '9:70.40%']

Before aggregation, loss : 1.16, accuracy : 64.71%
Before aggregation, accuracy per label : ['0:71.20%', '1:76.10%', '2:48.70%', '3:41.80%', '4:58.30%', '5:55.40%', '6:75.30%', '7:72.70%', '8:78.50%', '9:69.10%']
Aggregation to central server completed at central server round 250, loss : 1.16, accuracy: 64.62%, staleness : 4
Accuracy per label after aggregation : ['0:70.80%', '1:75.80%', '2:48.00%', '3:41.30%', '4:58.90%', '5:55.70%', '6:74.90%', '7:72.70%', '8:78.10%', '9:70.00%']

-----------------------------------------------------

Central server round 125 started
Model sent from central server with 100msec communication time, with loss :1.16, accuracy : 64.62%
Accuracy per label : ['0:70.80%', '1:75.80%', '2:48.00%', '3:41.30%', '4:58.90%', '5:55.70%', '6:74.90%', '7:72.70%', '8:78.10%', '9:70.00%']
The model is from round 120 from central server, staleness is 4

Cluster round 1 completed, aggregated models from all the clients, time past : 800msec, loss : 1.19, accuracy 63.99%
Accuracy per label : ['0:71.50%', '1:73.50%', '2:43.10%', '3:40.40%', '4:59.30%', '5:54.40%', '6:74.30%', '7:75.10%', '8:78.80%', '9:69.50%']

Cluster round 2 completed, aggregated models from all the clients, time past : 1500msec, loss : 1.24, accuracy 63.54%
Accuracy per label : ['0:70.00%', '1:76.30%', '2:44.00%', '3:40.00%', '4:62.00%', '5:55.00%', '6:73.70%', '7:69.90%', '8:77.80%', '9:66.70%']

Cluster round 3 completed, aggregated models from all the clients, time past : 2200msec, loss : 1.30, accuracy 62.89%
Accuracy per label : ['0:71.60%', '1:71.40%', '2:41.40%', '3:37.70%', '4:57.60%', '5:57.20%', '6:75.90%', '7:69.20%', '8:72.30%', '9:74.60%']

Before aggregation, loss : 1.17, accuracy : 64.76%
Before aggregation, accuracy per label : ['0:70.50%', '1:75.70%', '2:48.00%', '3:42.70%', '4:59.80%', '5:55.10%', '6:75.20%', '7:71.90%', '8:78.90%', '9:69.80%']
Aggregation to central server completed at central server round 250, loss : 1.17, accuracy: 64.81%, staleness : 4
Accuracy per label after aggregation : ['0:70.80%', '1:75.80%', '2:46.70%', '3:41.90%', '4:60.30%', '5:55.70%', '6:75.10%', '7:71.90%', '8:78.60%', '9:71.30%']

-----------------------------------------------------

Central server round 130 started
Model sent from central server with 100msec communication time, with loss :1.17, accuracy : 64.81%
Accuracy per label : ['0:70.80%', '1:75.80%', '2:46.70%', '3:41.90%', '4:60.30%', '5:55.70%', '6:75.10%', '7:71.90%', '8:78.60%', '9:71.30%']
The model is from round 125 from central server, staleness is 4

Cluster round 1 completed, aggregated models from all the clients, time past : 800msec, loss : 1.19, accuracy 64.14%
Accuracy per label : ['0:73.10%', '1:77.40%', '2:51.40%', '3:39.20%', '4:59.30%', '5:53.60%', '6:75.00%', '7:69.30%', '8:74.60%', '9:68.50%']

Cluster round 2 completed, aggregated models from all the clients, time past : 1500msec, loss : 1.26, accuracy 63.63%
Accuracy per label : ['0:71.90%', '1:76.00%', '2:44.20%', '3:35.60%', '4:57.60%', '5:56.40%', '6:76.70%', '7:73.90%', '8:76.20%', '9:67.80%']

Cluster round 3 completed, aggregated models from all the clients, time past : 2200msec, loss : 1.30, accuracy 63.17%
Accuracy per label : ['0:70.90%', '1:77.20%', '2:46.30%', '3:42.50%', '4:60.90%', '5:50.00%', '6:73.20%', '7:66.80%', '8:78.30%', '9:65.60%']

Before aggregation, loss : 1.18, accuracy : 65.01%
Before aggregation, accuracy per label : ['0:72.00%', '1:76.00%', '2:46.70%', '3:42.20%', '4:60.20%', '5:55.60%', '6:75.30%', '7:72.50%', '8:78.50%', '9:71.10%']
Aggregation to central server completed at central server round 250, loss : 1.18, accuracy: 65.00%, staleness : 4
Accuracy per label after aggregation : ['0:71.50%', '1:76.20%', '2:47.00%', '3:41.90%', '4:60.40%', '5:55.90%', '6:75.50%', '7:72.00%', '8:79.10%', '9:70.50%']

-----------------------------------------------------

Central server round 135 started
Model sent from central server with 100msec communication time, with loss :1.18, accuracy : 65.00%
Accuracy per label : ['0:71.50%', '1:76.20%', '2:47.00%', '3:41.90%', '4:60.40%', '5:55.90%', '6:75.50%', '7:72.00%', '8:79.10%', '9:70.50%']
The model is from round 130 from central server, staleness is 4

Cluster round 1 completed, aggregated models from all the clients, time past : 800msec, loss : 1.22, accuracy 64.00%
Accuracy per label : ['0:69.00%', '1:77.90%', '2:43.90%', '3:36.60%', '4:67.20%', '5:54.10%', '6:77.80%', '7:67.20%', '8:80.60%', '9:65.70%']

Cluster round 2 completed, aggregated models from all the clients, time past : 1500msec, loss : 1.26, accuracy 63.84%
Accuracy per label : ['0:71.50%', '1:74.30%', '2:49.20%', '3:42.20%', '4:54.90%', '5:51.10%', '6:77.50%', '7:69.30%', '8:78.90%', '9:69.50%']

Cluster round 3 completed, aggregated models from all the clients, time past : 2200msec, loss : 1.30, accuracy 63.65%
Accuracy per label : ['0:70.30%', '1:76.40%', '2:44.60%', '3:42.60%', '4:55.60%', '5:55.00%', '6:75.70%', '7:72.10%', '8:75.40%', '9:68.80%']

Before aggregation, loss : 1.18, accuracy : 65.27%
Before aggregation, accuracy per label : ['0:71.80%', '1:76.70%', '2:48.50%', '3:43.60%', '4:61.00%', '5:55.00%', '6:75.30%', '7:71.40%', '8:79.10%', '9:70.30%']
Aggregation to central server completed at central server round 250, loss : 1.19, accuracy: 65.21%, staleness : 4
Accuracy per label after aggregation : ['0:71.30%', '1:76.80%', '2:48.10%', '3:43.00%', '4:60.70%', '5:55.60%', '6:75.20%', '7:71.90%', '8:79.20%', '9:70.30%']

-----------------------------------------------------

Central server round 140 started
Model sent from central server with 100msec communication time, with loss :1.19, accuracy : 65.21%
Accuracy per label : ['0:71.30%', '1:76.80%', '2:48.10%', '3:43.00%', '4:60.70%', '5:55.60%', '6:75.20%', '7:71.90%', '8:79.20%', '9:70.30%']
The model is from round 135 from central server, staleness is 4

Cluster round 1 completed, aggregated models from all the clients, time past : 800msec, loss : 1.22, accuracy 64.46%
Accuracy per label : ['0:73.60%', '1:76.30%', '2:42.00%', '3:43.50%', '4:61.50%', '5:54.80%', '6:75.10%', '7:70.20%', '8:78.50%', '9:69.10%']

Cluster round 2 completed, aggregated models from all the clients, time past : 1500msec, loss : 1.26, accuracy 64.10%
Accuracy per label : ['0:72.10%', '1:75.50%', '2:47.40%', '3:39.10%', '4:60.90%', '5:59.50%', '6:70.10%', '7:69.50%', '8:78.60%', '9:68.30%']

Cluster round 3 completed, aggregated models from all the clients, time past : 2200msec, loss : 1.30, accuracy 63.71%
Accuracy per label : ['0:73.20%', '1:76.50%', '2:49.60%', '3:45.70%', '4:58.10%', '5:49.10%', '6:71.20%', '7:70.70%', '8:76.70%', '9:66.30%']

Before aggregation, loss : 1.19, accuracy : 65.37%
Before aggregation, accuracy per label : ['0:71.20%', '1:77.00%', '2:48.40%', '3:43.80%', '4:61.70%', '5:55.10%', '6:75.50%', '7:71.70%', '8:79.40%', '9:69.90%']
Aggregation to central server completed at central server round 250, loss : 1.19, accuracy: 65.52%, staleness : 4
Accuracy per label after aggregation : ['0:71.50%', '1:77.40%', '2:48.70%', '3:43.70%', '4:61.70%', '5:55.30%', '6:75.20%', '7:72.00%', '8:79.90%', '9:69.80%']

-----------------------------------------------------

Central server round 145 started
Model sent from central server with 100msec communication time, with loss :1.19, accuracy : 65.52%
Accuracy per label : ['0:71.50%', '1:77.40%', '2:48.70%', '3:43.70%', '4:61.70%', '5:55.30%', '6:75.20%', '7:72.00%', '8:79.90%', '9:69.80%']
The model is from round 140 from central server, staleness is 4

Cluster round 1 completed, aggregated models from all the clients, time past : 800msec, loss : 1.22, accuracy 64.68%
Accuracy per label : ['0:74.10%', '1:75.00%', '2:46.60%', '3:44.20%', '4:60.10%', '5:50.20%', '6:76.30%', '7:70.60%', '8:77.90%', '9:71.80%']

Cluster round 2 completed, aggregated models from all the clients, time past : 1500msec, loss : 1.27, accuracy 64.36%
Accuracy per label : ['0:73.20%', '1:75.30%', '2:45.40%', '3:42.40%', '4:57.90%', '5:61.60%', '6:70.50%', '7:72.90%', '8:74.70%', '9:69.70%']

Cluster round 3 completed, aggregated models from all the clients, time past : 2200msec, loss : 1.31, accuracy 63.63%
Accuracy per label : ['0:67.20%', '1:75.70%', '2:49.90%', '3:40.90%', '4:56.30%', '5:57.50%', '6:73.00%', '7:68.10%', '8:78.30%', '9:69.40%']

Before aggregation, loss : 1.20, accuracy : 65.57%
Before aggregation, accuracy per label : ['0:71.40%', '1:77.50%', '2:48.60%', '3:44.30%', '4:61.20%', '5:56.20%', '6:75.20%', '7:71.90%', '8:79.50%', '9:69.90%']
Aggregation to central server completed at central server round 250, loss : 1.20, accuracy: 65.56%, staleness : 4
Accuracy per label after aggregation : ['0:71.10%', '1:77.50%', '2:49.00%', '3:43.90%', '4:61.10%', '5:56.30%', '6:75.50%', '7:71.40%', '8:79.80%', '9:70.00%']

-----------------------------------------------------

Central server round 150 started
Model sent from central server with 100msec communication time, with loss :1.20, accuracy : 65.56%
Accuracy per label : ['0:71.10%', '1:77.50%', '2:49.00%', '3:43.90%', '4:61.10%', '5:56.30%', '6:75.50%', '7:71.40%', '8:79.80%', '9:70.00%']
The model is from round 145 from central server, staleness is 4

Cluster round 1 completed, aggregated models from all the clients, time past : 800msec, loss : 1.22, accuracy 64.74%
Accuracy per label : ['0:72.50%', '1:77.40%', '2:48.70%', '3:40.40%', '4:59.60%', '5:56.90%', '6:74.60%', '7:70.80%', '8:75.40%', '9:71.10%']

Cluster round 2 completed, aggregated models from all the clients, time past : 1500msec, loss : 1.28, accuracy 64.26%
Accuracy per label : ['0:69.90%', '1:74.90%', '2:43.80%', '3:43.40%', '4:59.40%', '5:57.60%', '6:73.40%', '7:71.50%', '8:80.00%', '9:68.70%']

Cluster round 3 completed, aggregated models from all the clients, time past : 2200msec, loss : 1.31, accuracy 64.02%
Accuracy per label : ['0:73.00%', '1:74.40%', '2:46.90%', '3:41.80%', '4:59.60%', '5:53.40%', '6:72.00%', '7:70.10%', '8:77.30%', '9:71.70%']

Before aggregation, loss : 1.21, accuracy : 65.85%
Before aggregation, accuracy per label : ['0:71.30%', '1:77.10%', '2:49.00%', '3:43.60%', '4:60.80%', '5:57.20%', '6:76.00%', '7:72.90%', '8:79.80%', '9:70.80%']
Aggregation to central server completed at central server round 250, loss : 1.21, accuracy: 65.78%, staleness : 4
Accuracy per label after aggregation : ['0:71.80%', '1:77.10%', '2:49.00%', '3:42.70%', '4:61.40%', '5:56.70%', '6:75.70%', '7:72.70%', '8:79.60%', '9:71.10%']

-----------------------------------------------------

Central server round 155 started
Model sent from central server with 100msec communication time, with loss :1.21, accuracy : 65.78%
Accuracy per label : ['0:71.80%', '1:77.10%', '2:49.00%', '3:42.70%', '4:61.40%', '5:56.70%', '6:75.70%', '7:72.70%', '8:79.60%', '9:71.10%']
The model is from round 150 from central server, staleness is 4

Cluster round 1 completed, aggregated models from all the clients, time past : 800msec, loss : 1.23, accuracy 64.88%
Accuracy per label : ['0:70.60%', '1:77.10%', '2:52.60%', '3:39.30%', '4:61.80%', '5:54.00%', '6:77.40%', '7:69.50%', '8:78.80%', '9:67.70%']

Cluster round 2 completed, aggregated models from all the clients, time past : 1500msec, loss : 1.29, accuracy 64.68%
Accuracy per label : ['0:73.50%', '1:75.50%', '2:44.20%', '3:43.60%', '4:60.40%', '5:52.60%', '6:75.40%', '7:71.70%', '8:80.30%', '9:69.60%']

Cluster round 3 completed, aggregated models from all the clients, time past : 2200msec, loss : 1.32, accuracy 64.34%
Accuracy per label : ['0:71.60%', '1:75.20%', '2:46.80%', '3:41.40%', '4:59.70%', '5:55.70%', '6:72.90%', '7:72.10%', '8:78.90%', '9:69.10%']

Before aggregation, loss : 1.22, accuracy : 66.09%
Before aggregation, accuracy per label : ['0:72.40%', '1:77.00%', '2:48.60%', '3:44.20%', '4:61.20%', '5:57.00%', '6:76.00%', '7:73.00%', '8:79.70%', '9:71.80%']
Aggregation to central server completed at central server round 250, loss : 1.22, accuracy: 66.12%, staleness : 4
Accuracy per label after aggregation : ['0:72.70%', '1:77.40%', '2:48.20%', '3:43.30%', '4:61.90%', '5:57.20%', '6:75.90%', '7:73.00%', '8:79.80%', '9:71.80%']

-----------------------------------------------------

Central server round 160 started
Model sent from central server with 100msec communication time, with loss :1.22, accuracy : 66.12%
Accuracy per label : ['0:72.70%', '1:77.40%', '2:48.20%', '3:43.30%', '4:61.90%', '5:57.20%', '6:75.90%', '7:73.00%', '8:79.80%', '9:71.80%']
The model is from round 155 from central server, staleness is 4

Cluster round 1 completed, aggregated models from all the clients, time past : 800msec, loss : 1.24, accuracy 65.25%
Accuracy per label : ['0:72.50%', '1:76.00%', '2:48.20%', '3:43.40%', '4:60.00%', '5:53.80%', '6:75.00%', '7:74.00%', '8:79.60%', '9:70.00%']

Cluster round 2 completed, aggregated models from all the clients, time past : 1500msec, loss : 1.29, accuracy 64.80%
Accuracy per label : ['0:74.00%', '1:77.30%', '2:45.80%', '3:43.30%', '4:60.50%', '5:56.90%', '6:72.40%', '7:70.90%', '8:79.20%', '9:67.70%']

Cluster round 3 completed, aggregated models from all the clients, time past : 2200msec, loss : 1.34, accuracy 64.42%
Accuracy per label : ['0:77.60%', '1:76.60%', '2:46.50%', '3:44.40%', '4:57.40%', '5:53.60%', '6:73.90%', '7:72.60%', '8:75.80%', '9:65.80%']

Before aggregation, loss : 1.22, accuracy : 66.26%
Before aggregation, accuracy per label : ['0:71.60%', '1:77.10%', '2:49.00%', '3:44.20%', '4:62.40%', '5:56.80%', '6:76.60%', '7:73.40%', '8:79.80%', '9:71.70%']
Aggregation to central server completed at central server round 250, loss : 1.23, accuracy: 66.14%, staleness : 4
Accuracy per label after aggregation : ['0:72.80%', '1:77.40%', '2:48.30%', '3:44.10%', '4:62.10%', '5:57.00%', '6:76.10%', '7:73.00%', '8:79.60%', '9:71.00%']

-----------------------------------------------------

Central server round 165 started
Model sent from central server with 100msec communication time, with loss :1.23, accuracy : 66.14%
Accuracy per label : ['0:72.80%', '1:77.40%', '2:48.30%', '3:44.10%', '4:62.10%', '5:57.00%', '6:76.10%', '7:73.00%', '8:79.60%', '9:71.00%']
The model is from round 160 from central server, staleness is 4

Cluster round 1 completed, aggregated models from all the clients, time past : 800msec, loss : 1.25, accuracy 65.03%
Accuracy per label : ['0:73.00%', '1:79.00%', '2:49.20%', '3:43.80%', '4:62.00%', '5:52.70%', '6:73.30%', '7:72.10%', '8:80.70%', '9:64.50%']

Cluster round 2 completed, aggregated models from all the clients, time past : 1500msec, loss : 1.30, accuracy 64.92%
Accuracy per label : ['0:72.20%', '1:74.70%', '2:47.70%', '3:42.10%', '4:60.50%', '5:56.00%', '6:74.20%', '7:70.00%', '8:80.20%', '9:71.60%']

Cluster round 3 completed, aggregated models from all the clients, time past : 2200msec, loss : 1.34, accuracy 64.41%
Accuracy per label : ['0:72.00%', '1:76.90%', '2:47.10%', '3:44.40%', '4:61.70%', '5:54.00%', '6:71.00%', '7:69.40%', '8:77.70%', '9:69.90%']

Before aggregation, loss : 1.23, accuracy : 66.22%
Before aggregation, accuracy per label : ['0:72.20%', '1:77.30%', '2:48.50%', '3:45.20%', '4:62.10%', '5:56.60%', '6:75.70%', '7:73.10%', '8:79.60%', '9:71.90%']
Aggregation to central server completed at central server round 250, loss : 1.23, accuracy: 66.28%, staleness : 4
Accuracy per label after aggregation : ['0:72.50%', '1:77.90%', '2:48.60%', '3:45.10%', '4:62.70%', '5:56.70%', '6:75.70%', '7:72.50%', '8:79.70%', '9:71.40%']

-----------------------------------------------------

Central server round 170 started
Model sent from central server with 100msec communication time, with loss :1.23, accuracy : 66.28%
Accuracy per label : ['0:72.50%', '1:77.90%', '2:48.60%', '3:45.10%', '4:62.70%', '5:56.70%', '6:75.70%', '7:72.50%', '8:79.70%', '9:71.40%']
The model is from round 165 from central server, staleness is 4

Cluster round 1 completed, aggregated models from all the clients, time past : 800msec, loss : 1.24, accuracy 65.58%
Accuracy per label : ['0:72.70%', '1:76.50%', '2:46.80%', '3:44.40%', '4:61.70%', '5:56.10%', '6:75.90%', '7:72.70%', '8:79.70%', '9:69.30%']

Cluster round 2 completed, aggregated models from all the clients, time past : 1500msec, loss : 1.29, accuracy 65.03%
Accuracy per label : ['0:73.80%', '1:78.00%', '2:48.60%', '3:43.30%', '4:58.80%', '5:57.60%', '6:73.50%', '7:71.20%', '8:78.00%', '9:67.50%']

Cluster round 3 completed, aggregated models from all the clients, time past : 2200msec, loss : 1.34, accuracy 64.62%
Accuracy per label : ['0:73.00%', '1:75.20%', '2:47.90%', '3:42.80%', '4:59.10%', '5:56.30%', '6:71.60%', '7:72.10%', '8:78.30%', '9:69.90%']

Before aggregation, loss : 1.24, accuracy : 66.28%
Before aggregation, accuracy per label : ['0:72.10%', '1:77.40%', '2:49.30%', '3:44.70%', '4:61.40%', '5:57.50%', '6:75.80%', '7:72.90%', '8:79.50%', '9:72.20%']
Aggregation to central server completed at central server round 250, loss : 1.24, accuracy: 66.37%, staleness : 4
Accuracy per label after aggregation : ['0:72.20%', '1:77.70%', '2:49.60%', '3:44.60%', '4:61.60%', '5:57.30%', '6:75.80%', '7:73.20%', '8:79.60%', '9:72.10%']

-----------------------------------------------------

Central server round 175 started
Model sent from central server with 100msec communication time, with loss :1.24, accuracy : 66.37%
Accuracy per label : ['0:72.20%', '1:77.70%', '2:49.60%', '3:44.60%', '4:61.60%', '5:57.30%', '6:75.80%', '7:73.20%', '8:79.60%', '9:72.10%']
The model is from round 170 from central server, staleness is 4

Cluster round 1 completed, aggregated models from all the clients, time past : 800msec, loss : 1.27, accuracy 65.59%
Accuracy per label : ['0:73.60%', '1:76.20%', '2:44.50%', '3:46.90%', '4:69.20%', '5:52.40%', '6:73.70%', '7:71.30%', '8:78.00%', '9:70.10%']

Cluster round 2 completed, aggregated models from all the clients, time past : 1500msec, loss : 1.30, accuracy 65.05%
Accuracy per label : ['0:73.10%', '1:77.00%', '2:45.30%', '3:44.30%', '4:58.70%', '5:58.20%', '6:74.80%', '7:70.90%', '8:79.50%', '9:68.70%']

Cluster round 3 completed, aggregated models from all the clients, time past : 2200msec, loss : 1.34, accuracy 64.85%
Accuracy per label : ['0:75.20%', '1:75.60%', '2:46.50%', '3:44.30%', '4:60.80%', '5:54.60%', '6:72.70%', '7:71.30%', '8:77.90%', '9:69.60%']

Before aggregation, loss : 1.24, accuracy : 66.32%
Before aggregation, accuracy per label : ['0:72.10%', '1:77.50%', '2:50.00%', '3:44.30%', '4:61.50%', '5:57.50%', '6:75.40%', '7:72.70%', '8:79.70%', '9:72.50%']
Aggregation to central server completed at central server round 250, loss : 1.24, accuracy: 66.28%, staleness : 4
Accuracy per label after aggregation : ['0:72.90%', '1:77.60%', '2:49.30%', '3:44.20%', '4:61.70%', '5:57.20%', '6:75.40%', '7:72.80%', '8:79.80%', '9:71.90%']

-----------------------------------------------------

Central server round 180 started
Model sent from central server with 100msec communication time, with loss :1.24, accuracy : 66.28%
Accuracy per label : ['0:72.90%', '1:77.60%', '2:49.30%', '3:44.20%', '4:61.70%', '5:57.20%', '6:75.40%', '7:72.80%', '8:79.80%', '9:71.90%']
The model is from round 175 from central server, staleness is 4

Cluster round 1 completed, aggregated models from all the clients, time past : 800msec, loss : 1.27, accuracy 65.57%
Accuracy per label : ['0:73.00%', '1:77.10%', '2:47.40%', '3:43.90%', '4:59.60%', '5:56.00%', '6:76.10%', '7:72.80%', '8:80.10%', '9:69.70%']

Cluster round 2 completed, aggregated models from all the clients, time past : 1500msec, loss : 1.33, accuracy 65.23%
Accuracy per label : ['0:72.20%', '1:78.60%', '2:46.70%', '3:41.50%', '4:55.60%', '5:58.80%', '6:77.20%', '7:74.10%', '8:79.00%', '9:68.60%']

Cluster round 3 completed, aggregated models from all the clients, time past : 2200msec, loss : 1.35, accuracy 65.08%
Accuracy per label : ['0:70.80%', '1:76.50%', '2:50.50%', '3:44.60%', '4:58.50%', '5:55.60%', '6:74.80%', '7:71.20%', '8:78.00%', '9:70.30%']

Before aggregation, loss : 1.25, accuracy : 66.40%
Before aggregation, accuracy per label : ['0:72.60%', '1:77.40%', '2:49.20%', '3:45.00%', '4:61.00%', '5:57.10%', '6:76.50%', '7:73.00%', '8:79.80%', '9:72.40%']
Aggregation to central server completed at central server round 250, loss : 1.25, accuracy: 66.49%, staleness : 4
Accuracy per label after aggregation : ['0:72.40%', '1:77.40%', '2:49.70%', '3:45.20%', '4:61.30%', '5:57.10%', '6:76.70%', '7:72.90%', '8:79.90%', '9:72.30%']

-----------------------------------------------------

Central server round 185 started
Model sent from central server with 100msec communication time, with loss :1.25, accuracy : 66.49%
Accuracy per label : ['0:72.40%', '1:77.40%', '2:49.70%', '3:45.20%', '4:61.30%', '5:57.10%', '6:76.70%', '7:72.90%', '8:79.90%', '9:72.30%']
The model is from round 180 from central server, staleness is 4

Cluster round 1 completed, aggregated models from all the clients, time past : 800msec, loss : 1.26, accuracy 65.92%
Accuracy per label : ['0:72.90%', '1:76.40%', '2:49.80%', '3:43.20%', '4:59.00%', '5:56.70%', '6:76.40%', '7:72.70%', '8:79.40%', '9:72.70%']

Cluster round 2 completed, aggregated models from all the clients, time past : 1500msec, loss : 1.32, accuracy 65.35%
Accuracy per label : ['0:72.70%', '1:77.00%', '2:49.80%', '3:42.50%', '4:58.20%', '5:54.20%', '6:77.80%', '7:73.80%', '8:79.60%', '9:67.90%']

Cluster round 3 completed, aggregated models from all the clients, time past : 2200msec, loss : 1.35, accuracy 65.13%
Accuracy per label : ['0:73.30%', '1:74.30%', '2:47.90%', '3:44.20%', '4:62.10%', '5:54.40%', '6:73.90%', '7:71.70%', '8:78.90%', '9:70.60%']

Before aggregation, loss : 1.25, accuracy : 66.40%
Before aggregation, accuracy per label : ['0:72.80%', '1:76.70%', '2:49.60%', '3:43.90%', '4:61.00%', '5:57.90%', '6:76.70%', '7:72.70%', '8:79.60%', '9:73.10%']
Aggregation to central server completed at central server round 250, loss : 1.26, accuracy: 66.45%, staleness : 4
Accuracy per label after aggregation : ['0:72.90%', '1:76.60%', '2:49.60%', '3:44.00%', '4:61.40%', '5:57.40%', '6:76.60%', '7:73.40%', '8:79.70%', '9:72.90%']

-----------------------------------------------------

Central server round 190 started
Model sent from central server with 100msec communication time, with loss :1.26, accuracy : 66.45%
Accuracy per label : ['0:72.90%', '1:76.60%', '2:49.60%', '3:44.00%', '4:61.40%', '5:57.40%', '6:76.60%', '7:73.40%', '8:79.70%', '9:72.90%']
The model is from round 185 from central server, staleness is 4

Cluster round 1 completed, aggregated models from all the clients, time past : 800msec, loss : 1.27, accuracy 65.88%
Accuracy per label : ['0:75.40%', '1:75.20%', '2:46.10%', '3:41.60%', '4:60.20%', '5:60.70%', '6:75.50%', '7:72.90%', '8:78.70%', '9:72.50%']

Cluster round 2 completed, aggregated models from all the clients, time past : 1500msec, loss : 1.33, accuracy 65.43%
Accuracy per label : ['0:73.90%', '1:76.80%', '2:48.30%', '3:43.00%', '4:59.10%', '5:56.20%', '6:75.60%', '7:75.00%', '8:75.90%', '9:70.50%']

Cluster round 3 completed, aggregated models from all the clients, time past : 2200msec, loss : 1.36, accuracy 65.19%
Accuracy per label : ['0:75.50%', '1:76.50%', '2:49.80%', '3:40.80%', '4:60.20%', '5:56.70%', '6:73.20%', '7:71.00%', '8:79.30%', '9:68.90%']

Before aggregation, loss : 1.26, accuracy : 66.44%
Before aggregation, accuracy per label : ['0:72.70%', '1:76.80%', '2:49.40%', '3:44.10%', '4:61.60%', '5:57.50%', '6:76.70%', '7:73.00%', '8:79.40%', '9:73.20%']
Aggregation to central server completed at central server round 250, loss : 1.26, accuracy: 66.43%, staleness : 4
Accuracy per label after aggregation : ['0:72.80%', '1:77.20%', '2:49.50%', '3:43.60%', '4:61.90%', '5:57.90%', '6:76.30%', '7:72.70%', '8:79.60%', '9:72.80%']

-----------------------------------------------------

Central server round 195 started
Model sent from central server with 100msec communication time, with loss :1.26, accuracy : 66.43%
Accuracy per label : ['0:72.80%', '1:77.20%', '2:49.50%', '3:43.60%', '4:61.90%', '5:57.90%', '6:76.30%', '7:72.70%', '8:79.60%', '9:72.80%']
The model is from round 190 from central server, staleness is 4

Cluster round 1 completed, aggregated models from all the clients, time past : 800msec, loss : 1.28, accuracy 65.67%
Accuracy per label : ['0:71.90%', '1:78.90%', '2:46.90%', '3:45.10%', '4:61.80%', '5:58.30%', '6:73.90%', '7:71.90%', '8:80.00%', '9:68.00%']

Cluster round 2 completed, aggregated models from all the clients, time past : 1500msec, loss : 1.33, accuracy 65.10%
Accuracy per label : ['0:70.40%', '1:76.50%', '2:51.40%', '3:45.00%', '4:62.70%', '5:52.90%', '6:74.70%', '7:68.80%', '8:80.80%', '9:67.80%']

Cluster round 3 completed, aggregated models from all the clients, time past : 2200msec, loss : 1.37, accuracy 65.11%
Accuracy per label : ['0:74.60%', '1:76.20%', '2:47.00%', '3:43.90%', '4:59.60%', '5:57.40%', '6:73.20%', '7:72.60%', '8:76.40%', '9:70.20%']

Before aggregation, loss : 1.27, accuracy : 66.46%
Before aggregation, accuracy per label : ['0:73.80%', '1:76.40%', '2:49.60%', '3:43.80%', '4:61.60%', '5:57.40%', '6:76.60%', '7:73.00%', '8:79.60%', '9:72.80%']
Aggregation to central server completed at central server round 250, loss : 1.27, accuracy: 66.55%, staleness : 4
Accuracy per label after aggregation : ['0:73.50%', '1:76.30%', '2:48.90%', '3:44.30%', '4:62.10%', '5:57.80%', '6:76.30%', '7:73.50%', '8:79.70%', '9:73.10%']

-----------------------------------------------------

Central server round 200 started
Model sent from central server with 100msec communication time, with loss :1.27, accuracy : 66.55%
Accuracy per label : ['0:73.50%', '1:76.30%', '2:48.90%', '3:44.30%', '4:62.10%', '5:57.80%', '6:76.30%', '7:73.50%', '8:79.70%', '9:73.10%']
The model is from round 195 from central server, staleness is 4

Cluster round 1 completed, aggregated models from all the clients, time past : 800msec, loss : 1.29, accuracy 65.95%
Accuracy per label : ['0:75.40%', '1:76.50%', '2:50.30%', '3:44.00%', '4:59.40%', '5:55.30%', '6:74.00%', '7:73.70%', '8:78.80%', '9:72.10%']

Cluster round 2 completed, aggregated models from all the clients, time past : 1500msec, loss : 1.34, accuracy 65.44%
Accuracy per label : ['0:72.70%', '1:77.30%', '2:48.30%', '3:40.50%', '4:61.70%', '5:57.00%', '6:75.30%', '7:71.30%', '8:80.40%', '9:69.90%']

Cluster round 3 completed, aggregated models from all the clients, time past : 2200msec, loss : 1.38, accuracy 65.21%
Accuracy per label : ['0:74.10%', '1:76.10%', '2:46.70%', '3:43.50%', '4:62.20%', '5:56.60%', '6:73.40%', '7:71.00%', '8:79.10%', '9:69.40%']

Before aggregation, loss : 1.27, accuracy : 66.58%
Before aggregation, accuracy per label : ['0:73.30%', '1:76.70%', '2:49.50%', '3:44.60%', '4:62.20%', '5:57.50%', '6:75.90%', '7:73.60%', '8:79.90%', '9:72.60%']
Aggregation to central server completed at central server round 250, loss : 1.28, accuracy: 66.55%, staleness : 4
Accuracy per label after aggregation : ['0:73.30%', '1:76.60%', '2:49.00%', '3:44.50%', '4:62.60%', '5:57.80%', '6:75.60%', '7:73.70%', '8:79.70%', '9:72.70%']

-----------------------------------------------------

Central server round 205 started
Model sent from central server with 100msec communication time, with loss :1.28, accuracy : 66.55%
Accuracy per label : ['0:73.30%', '1:76.60%', '2:49.00%', '3:44.50%', '4:62.60%', '5:57.80%', '6:75.60%', '7:73.70%', '8:79.70%', '9:72.70%']
The model is from round 200 from central server, staleness is 4

Cluster round 1 completed, aggregated models from all the clients, time past : 800msec, loss : 1.29, accuracy 66.02%
Accuracy per label : ['0:73.10%', '1:74.80%', '2:50.10%', '3:44.10%', '4:57.90%', '5:56.60%', '6:77.40%', '7:72.80%', '8:80.00%', '9:73.40%']

Cluster round 2 completed, aggregated models from all the clients, time past : 1500msec, loss : 1.34, accuracy 65.76%
Accuracy per label : ['0:74.00%', '1:77.50%', '2:48.60%', '3:45.60%', '4:59.70%', '5:55.20%', '6:74.40%', '7:71.90%', '8:79.80%', '9:70.90%']

Cluster round 3 completed, aggregated models from all the clients, time past : 2200msec, loss : 1.38, accuracy 65.58%
Accuracy per label : ['0:76.50%', '1:75.90%', '2:47.90%', '3:44.10%', '4:60.30%', '5:57.50%', '6:75.00%', '7:70.70%', '8:78.10%', '9:69.80%']

Before aggregation, loss : 1.28, accuracy : 66.66%
Before aggregation, accuracy per label : ['0:73.00%', '1:76.70%', '2:50.00%', '3:44.40%', '4:62.00%', '5:57.80%', '6:76.20%', '7:73.40%', '8:79.90%', '9:73.20%']
Aggregation to central server completed at central server round 250, loss : 1.28, accuracy: 66.62%, staleness : 4
Accuracy per label after aggregation : ['0:73.30%', '1:76.70%', '2:49.70%', '3:44.30%', '4:61.80%', '5:58.10%', '6:76.20%', '7:73.70%', '8:79.80%', '9:72.60%']

-----------------------------------------------------

Central server round 210 started
Model sent from central server with 100msec communication time, with loss :1.28, accuracy : 66.62%
Accuracy per label : ['0:73.30%', '1:76.70%', '2:49.70%', '3:44.30%', '4:61.80%', '5:58.10%', '6:76.20%', '7:73.70%', '8:79.80%', '9:72.60%']
The model is from round 205 from central server, staleness is 4

Cluster round 1 completed, aggregated models from all the clients, time past : 800msec, loss : 1.30, accuracy 65.97%
Accuracy per label : ['0:72.20%', '1:76.90%', '2:48.30%', '3:42.40%', '4:59.80%', '5:60.20%', '6:75.90%', '7:73.40%', '8:80.30%', '9:70.30%']

Cluster round 2 completed, aggregated models from all the clients, time past : 1500msec, loss : 1.35, accuracy 65.63%
Accuracy per label : ['0:74.30%', '1:77.60%', '2:50.30%', '3:42.10%', '4:60.90%', '5:52.60%', '6:74.50%', '7:73.20%', '8:80.30%', '9:70.50%']

Cluster round 3 completed, aggregated models from all the clients, time past : 2200msec, loss : 1.38, accuracy 65.56%
Accuracy per label : ['0:74.40%', '1:75.60%', '2:50.70%', '3:44.50%', '4:61.30%', '5:54.00%', '6:75.10%', '7:72.90%', '8:77.60%', '9:69.50%']

Before aggregation, loss : 1.28, accuracy : 66.72%
Before aggregation, accuracy per label : ['0:73.00%', '1:77.30%', '2:50.20%', '3:45.10%', '4:62.10%', '5:57.10%', '6:76.00%', '7:73.60%', '8:79.90%', '9:72.90%']
Aggregation to central server completed at central server round 250, loss : 1.29, accuracy: 66.72%, staleness : 4
Accuracy per label after aggregation : ['0:73.40%', '1:76.50%', '2:49.80%', '3:44.90%', '4:62.30%', '5:57.70%', '6:76.30%', '7:74.00%', '8:79.80%', '9:72.50%']

-----------------------------------------------------

Central server round 215 started
Model sent from central server with 100msec communication time, with loss :1.29, accuracy : 66.72%
Accuracy per label : ['0:73.40%', '1:76.50%', '2:49.80%', '3:44.90%', '4:62.30%', '5:57.70%', '6:76.30%', '7:74.00%', '8:79.80%', '9:72.50%']
The model is from round 210 from central server, staleness is 4

Cluster round 1 completed, aggregated models from all the clients, time past : 800msec, loss : 1.30, accuracy 66.32%
Accuracy per label : ['0:74.50%', '1:78.10%', '2:49.80%', '3:44.50%', '4:62.80%', '5:54.30%', '6:76.00%', '7:73.30%', '8:78.60%', '9:71.30%']

Cluster round 2 completed, aggregated models from all the clients, time past : 1500msec, loss : 1.36, accuracy 65.79%
Accuracy per label : ['0:75.40%', '1:76.40%', '2:47.90%', '3:44.50%', '4:60.90%', '5:56.10%', '6:74.90%', '7:72.10%', '8:78.40%', '9:71.30%']

Cluster round 3 completed, aggregated models from all the clients, time past : 2200msec, loss : 1.39, accuracy 65.47%
Accuracy per label : ['0:74.60%', '1:77.30%', '2:50.60%', '3:43.30%', '4:60.70%', '5:55.00%', '6:74.10%', '7:71.70%', '8:78.80%', '9:68.60%']

Before aggregation, loss : 1.29, accuracy : 66.76%
Before aggregation, accuracy per label : ['0:74.00%', '1:77.00%', '2:49.90%', '3:45.10%', '4:62.00%', '5:57.10%', '6:76.40%', '7:73.80%', '8:79.70%', '9:72.60%']
Aggregation to central server completed at central server round 250, loss : 1.29, accuracy: 66.81%, staleness : 4
Accuracy per label after aggregation : ['0:73.70%', '1:76.70%', '2:49.80%', '3:44.90%', '4:62.40%', '5:57.80%', '6:76.80%', '7:73.80%', '8:80.00%', '9:72.20%']

-----------------------------------------------------

Central server round 220 started
Model sent from central server with 100msec communication time, with loss :1.29, accuracy : 66.81%
Accuracy per label : ['0:73.70%', '1:76.70%', '2:49.80%', '3:44.90%', '4:62.40%', '5:57.80%', '6:76.80%', '7:73.80%', '8:80.00%', '9:72.20%']
The model is from round 215 from central server, staleness is 4

Cluster round 1 completed, aggregated models from all the clients, time past : 800msec, loss : 1.32, accuracy 66.20%
Accuracy per label : ['0:75.50%', '1:76.10%', '2:47.40%', '3:42.50%', '4:62.30%', '5:57.70%', '6:77.00%', '7:73.40%', '8:80.10%', '9:70.00%']

Cluster round 2 completed, aggregated models from all the clients, time past : 1500msec, loss : 1.36, accuracy 65.76%
Accuracy per label : ['0:74.50%', '1:76.70%', '2:49.40%', '3:43.40%', '4:61.90%', '5:54.40%', '6:75.50%', '7:71.60%', '8:79.40%', '9:70.80%']

Cluster round 3 completed, aggregated models from all the clients, time past : 2200msec, loss : 1.40, accuracy 65.31%
Accuracy per label : ['0:72.80%', '1:76.10%', '2:49.20%', '3:44.30%', '4:60.70%', '5:55.70%', '6:73.50%', '7:71.20%', '8:79.10%', '9:70.50%']

Before aggregation, loss : 1.30, accuracy : 66.87%
Before aggregation, accuracy per label : ['0:74.10%', '1:76.80%', '2:50.50%', '3:45.70%', '4:62.00%', '5:56.70%', '6:76.50%', '7:73.80%', '8:79.90%', '9:72.70%']
Aggregation to central server completed at central server round 250, loss : 1.30, accuracy: 66.87%, staleness : 4
Accuracy per label after aggregation : ['0:73.80%', '1:76.50%', '2:50.50%', '3:45.10%', '4:62.10%', '5:57.80%', '6:76.90%', '7:73.70%', '8:79.90%', '9:72.40%']

-----------------------------------------------------

Central server round 225 started
Model sent from central server with 100msec communication time, with loss :1.30, accuracy : 66.87%
Accuracy per label : ['0:73.80%', '1:76.50%', '2:50.50%', '3:45.10%', '4:62.10%', '5:57.80%', '6:76.90%', '7:73.70%', '8:79.90%', '9:72.40%']
The model is from round 220 from central server, staleness is 4

Cluster round 1 completed, aggregated models from all the clients, time past : 800msec, loss : 1.31, accuracy 66.04%
Accuracy per label : ['0:72.40%', '1:76.50%', '2:52.60%', '3:42.20%', '4:60.00%', '5:55.70%', '6:76.80%', '7:73.20%', '8:80.20%', '9:70.80%']

Cluster round 2 completed, aggregated models from all the clients, time past : 1500msec, loss : 1.36, accuracy 65.94%
Accuracy per label : ['0:74.80%', '1:77.30%', '2:46.70%', '3:44.70%', '4:63.00%', '5:54.80%', '6:76.90%', '7:72.30%', '8:78.10%', '9:70.80%']

Cluster round 3 completed, aggregated models from all the clients, time past : 2200msec, loss : 1.41, accuracy 65.57%
Accuracy per label : ['0:75.30%', '1:74.40%', '2:47.70%', '3:43.30%', '4:61.70%', '5:56.70%', '6:74.20%', '7:71.90%', '8:78.20%', '9:72.30%']

Before aggregation, loss : 1.30, accuracy : 66.78%
Before aggregation, accuracy per label : ['0:74.10%', '1:77.20%', '2:50.30%', '3:44.70%', '4:61.70%', '5:57.00%', '6:76.60%', '7:73.60%', '8:79.60%', '9:73.00%']
Aggregation to central server completed at central server round 250, loss : 1.31, accuracy: 66.92%, staleness : 4
Accuracy per label after aggregation : ['0:74.10%', '1:76.80%', '2:50.10%', '3:44.50%', '4:62.70%', '5:58.30%', '6:76.90%', '7:73.70%', '8:79.60%', '9:72.50%']

-----------------------------------------------------

Central server round 230 started
Model sent from central server with 100msec communication time, with loss :1.31, accuracy : 66.92%
Accuracy per label : ['0:74.10%', '1:76.80%', '2:50.10%', '3:44.50%', '4:62.70%', '5:58.30%', '6:76.90%', '7:73.70%', '8:79.60%', '9:72.50%']
The model is from round 225 from central server, staleness is 4

Cluster round 1 completed, aggregated models from all the clients, time past : 800msec, loss : 1.32, accuracy 66.16%
Accuracy per label : ['0:74.40%', '1:78.30%', '2:48.90%', '3:42.60%', '4:60.00%', '5:58.80%', '6:77.40%', '7:71.00%', '8:80.10%', '9:70.10%']

Cluster round 2 completed, aggregated models from all the clients, time past : 1500msec, loss : 1.37, accuracy 66.10%
Accuracy per label : ['0:74.50%', '1:76.30%', '2:46.70%', '3:44.90%', '4:61.40%', '5:57.00%', '6:75.70%', '7:73.10%', '8:80.10%', '9:71.30%']

Cluster round 3 completed, aggregated models from all the clients, time past : 2200msec, loss : 1.41, accuracy 66.01%
Accuracy per label : ['0:72.80%', '1:76.50%', '2:49.90%', '3:43.60%', '4:63.30%', '5:55.80%', '6:74.30%', '7:72.30%', '8:80.50%', '9:71.10%']

Before aggregation, loss : 1.31, accuracy : 66.83%
Before aggregation, accuracy per label : ['0:74.20%', '1:76.90%', '2:50.60%', '3:45.10%', '4:62.30%', '5:57.10%', '6:76.20%', '7:73.70%', '8:79.40%', '9:72.80%']
Aggregation to central server completed at central server round 250, loss : 1.31, accuracy: 66.96%, staleness : 4
Accuracy per label after aggregation : ['0:74.40%', '1:77.00%', '2:50.00%', '3:44.70%', '4:62.90%', '5:57.90%', '6:76.70%', '7:73.90%', '8:79.70%', '9:72.40%']

-----------------------------------------------------

Central server round 235 started
Model sent from central server with 100msec communication time, with loss :1.31, accuracy : 66.96%
Accuracy per label : ['0:74.40%', '1:77.00%', '2:50.00%', '3:44.70%', '4:62.90%', '5:57.90%', '6:76.70%', '7:73.90%', '8:79.70%', '9:72.40%']
The model is from round 230 from central server, staleness is 4

Cluster round 1 completed, aggregated models from all the clients, time past : 800msec, loss : 1.34, accuracy 65.97%
Accuracy per label : ['0:73.80%', '1:76.00%', '2:49.30%', '3:41.60%', '4:64.40%', '5:52.50%', '6:77.40%', '7:71.50%', '8:80.10%', '9:73.10%']

Cluster round 2 completed, aggregated models from all the clients, time past : 1500msec, loss : 1.38, accuracy 65.91%
Accuracy per label : ['0:75.60%', '1:76.40%', '2:48.50%', '3:45.60%', '4:62.50%', '5:55.70%', '6:74.90%', '7:72.70%', '8:78.20%', '9:69.00%']

Cluster round 3 completed, aggregated models from all the clients, time past : 2200msec, loss : 1.41, accuracy 65.88%
Accuracy per label : ['0:75.70%', '1:75.90%', '2:47.80%', '3:44.50%', '4:61.50%', '5:55.90%', '6:75.60%', '7:72.00%', '8:79.30%', '9:70.60%']

Before aggregation, loss : 1.32, accuracy : 66.86%
Before aggregation, accuracy per label : ['0:74.10%', '1:77.20%', '2:50.80%', '3:45.10%', '4:62.40%', '5:57.00%', '6:76.30%', '7:73.60%', '8:79.60%', '9:72.50%']
Aggregation to central server completed at central server round 250, loss : 1.32, accuracy: 66.94%, staleness : 4
Accuracy per label after aggregation : ['0:74.20%', '1:77.00%', '2:50.00%', '3:45.00%', '4:62.80%', '5:57.90%', '6:76.70%', '7:74.00%', '8:79.70%', '9:72.10%']

-----------------------------------------------------

Central server round 240 started
Model sent from central server with 100msec communication time, with loss :1.32, accuracy : 66.94%
Accuracy per label : ['0:74.20%', '1:77.00%', '2:50.00%', '3:45.00%', '4:62.80%', '5:57.90%', '6:76.70%', '7:74.00%', '8:79.70%', '9:72.10%']
The model is from round 235 from central server, staleness is 4

Cluster round 1 completed, aggregated models from all the clients, time past : 800msec, loss : 1.33, accuracy 66.49%
Accuracy per label : ['0:76.40%', '1:73.10%', '2:48.70%', '3:42.50%', '4:64.50%', '5:57.70%', '6:76.00%', '7:72.50%', '8:78.70%', '9:74.80%']

Cluster round 2 completed, aggregated models from all the clients, time past : 1500msec, loss : 1.38, accuracy 66.09%
Accuracy per label : ['0:75.10%', '1:76.40%', '2:49.20%', '3:45.20%', '4:61.70%', '5:55.00%', '6:75.10%', '7:73.50%', '8:78.80%', '9:70.90%']

Cluster round 3 completed, aggregated models from all the clients, time past : 2200msec, loss : 1.42, accuracy 65.89%
Accuracy per label : ['0:75.20%', '1:75.80%', '2:50.20%', '3:43.70%', '4:60.90%', '5:55.00%', '6:75.30%', '7:72.90%', '8:79.40%', '9:70.50%']

Before aggregation, loss : 1.32, accuracy : 66.81%
Before aggregation, accuracy per label : ['0:73.60%', '1:76.80%', '2:50.70%', '3:45.20%', '4:62.30%', '5:57.60%', '6:76.20%', '7:73.60%', '8:79.30%', '9:72.80%']
Aggregation to central server completed at central server round 250, loss : 1.32, accuracy: 66.87%, staleness : 4
Accuracy per label after aggregation : ['0:73.70%', '1:76.90%', '2:50.80%', '3:44.70%', '4:61.90%', '5:58.30%', '6:76.60%', '7:73.90%', '8:79.70%', '9:72.20%']

-----------------------------------------------------

Central server round 245 started
Model sent from central server with 100msec communication time, with loss :1.32, accuracy : 66.87%
Accuracy per label : ['0:73.70%', '1:76.90%', '2:50.80%', '3:44.70%', '4:61.90%', '5:58.30%', '6:76.60%', '7:73.90%', '8:79.70%', '9:72.20%']
The model is from round 240 from central server, staleness is 4

Cluster round 1 completed, aggregated models from all the clients, time past : 800msec, loss : 1.34, accuracy 66.27%
Accuracy per label : ['0:72.60%', '1:78.00%', '2:52.10%', '3:43.30%', '4:60.10%', '5:53.20%', '6:77.50%', '7:74.30%', '8:81.00%', '9:70.60%']

Cluster round 2 completed, aggregated models from all the clients, time past : 1500msec, loss : 1.39, accuracy 66.15%
Accuracy per label : ['0:75.70%', '1:77.30%', '2:50.70%', '3:44.10%', '4:60.40%', '5:56.20%', '6:74.50%', '7:71.90%', '8:78.90%', '9:71.80%']

Cluster round 3 completed, aggregated models from all the clients, time past : 2200msec, loss : 1.43, accuracy 66.11%
Accuracy per label : ['0:76.40%', '1:76.60%', '2:48.80%', '3:43.40%', '4:60.90%', '5:57.20%', '6:75.90%', '7:71.90%', '8:78.70%', '9:71.30%']

Before aggregation, loss : 1.33, accuracy : 66.88%
Before aggregation, accuracy per label : ['0:74.00%', '1:76.60%', '2:50.40%', '3:44.80%', '4:62.70%', '5:57.80%', '6:76.80%', '7:73.80%', '8:79.50%', '9:72.40%']
Aggregation to central server completed at central server round 250, loss : 1.33, accuracy: 66.90%, staleness : 4
Accuracy per label after aggregation : ['0:74.50%', '1:76.60%', '2:50.30%', '3:44.10%', '4:61.90%', '5:58.70%', '6:77.00%', '7:74.10%', '8:79.50%', '9:72.30%']

-----------------------------------------------------

Central server round 250 started
Model sent from central server with 100msec communication time, with loss :1.33, accuracy : 66.90%
Accuracy per label : ['0:74.50%', '1:76.60%', '2:50.30%', '3:44.10%', '4:61.90%', '5:58.70%', '6:77.00%', '7:74.10%', '8:79.50%', '9:72.30%']
The model is from round 245 from central server, staleness is 4

Cluster round 1 completed, aggregated models from all the clients, time past : 800msec, loss : 1.34, accuracy 66.44%
Accuracy per label : ['0:75.20%', '1:76.30%', '2:49.30%', '3:43.90%', '4:61.60%', '5:56.30%', '6:75.70%', '7:74.50%', '8:78.70%', '9:72.90%']

Cluster round 2 completed, aggregated models from all the clients, time past : 1500msec, loss : 1.40, accuracy 66.13%
Accuracy per label : ['0:77.20%', '1:77.60%', '2:50.20%', '3:44.50%', '4:60.30%', '5:55.30%', '6:74.60%', '7:73.60%', '8:77.30%', '9:70.70%']

Cluster round 3 completed, aggregated models from all the clients, time past : 2200msec, loss : 1.43, accuracy 65.91%
Accuracy per label : ['0:75.80%', '1:76.80%', '2:49.90%', '3:45.70%', '4:61.20%', '5:56.40%', '6:74.00%', '7:71.30%', '8:78.20%', '9:69.80%']

Before aggregation, loss : 1.34, accuracy : 66.94%
Before aggregation, accuracy per label : ['0:74.40%', '1:76.90%', '2:50.60%', '3:45.20%', '4:62.60%', '5:57.60%', '6:76.50%', '7:73.50%', '8:79.60%', '9:72.50%']
Aggregation to central server completed at central server round 250, loss : 1.34, accuracy: 67.00%, staleness : 4
Accuracy per label after aggregation : ['0:74.80%', '1:76.90%', '2:50.20%', '3:44.80%', '4:62.90%', '5:58.40%', '6:76.70%', '7:73.50%', '8:79.60%', '9:72.20%']

