Client 0 with 2000 data
Communication time : 100, Computation time per epoch : 100, Training time : 500
0 : 9.30%  1 : 9.15%  2 : 10.60%  3 : 9.95%  4 : 10.65%  5 : 9.75%  6 : 10.00%  7 : 9.95%  8 : 10.35%  9 : 10.30%  
Divergence : jsd 0.0004, tvd 0.0190
labels from the first batch :[5, 9, 2, 5, 0, 8, 1, 1, 6, 6, 7, 7, 1, 9, 5, 1, 5, 8, 5, 4, 6, 5, 4, 8, 1, 4, 5, 5, 1, 0, 4, 1]

Client 1 with 2000 data
Communication time : 100, Computation time per epoch : 200, Training time : 800
0 : 10.65%  1 : 11.45%  2 : 10.05%  3 : 8.70%  4 : 10.20%  5 : 10.10%  6 : 9.65%  7 : 10.25%  8 : 9.10%  9 : 9.85%  
Divergence : jsd 0.0010, tvd 0.0270
labels from the first batch :[9, 1, 9, 7, 5, 1, 3, 7, 2, 8, 7, 2, 0, 8, 7, 1, 0, 8, 2, 3, 3, 5, 1, 4, 0, 2, 1, 1, 4, 6, 3, 3]

Client 2 with 2000 data
Communication time : 100, Computation time per epoch : 300, Training time : 1100
0 : 10.45%  1 : 8.50%  2 : 10.50%  3 : 10.40%  4 : 10.35%  5 : 9.85%  6 : 10.10%  7 : 8.95%  8 : 9.55%  9 : 11.35%  
Divergence : jsd 0.0011, tvd 0.0315
labels from the first batch :[4, 8, 2, 3, 0, 5, 1, 4, 2, 8, 5, 5, 5, 0, 1, 1, 7, 4, 2, 3, 3, 6, 3, 2, 9, 5, 0, 2, 0, 3, 6, 2]

Client 3 with 2000 data
Communication time : 100, Computation time per epoch : 400, Training time : 1400
0 : 9.75%  1 : 10.25%  2 : 9.85%  3 : 9.65%  4 : 10.00%  5 : 10.45%  6 : 9.90%  7 : 10.30%  8 : 10.50%  9 : 9.35%  
Divergence : jsd 0.0002, tvd 0.0150
labels from the first batch :[3, 9, 9, 7, 8, 1, 9, 7, 2, 4, 3, 8, 1, 6, 5, 8, 6, 7, 4, 1, 1, 3, 2, 6, 7, 4, 6, 0, 6, 0, 9, 1]

Client 4 with 2000 data
Communication time : 100, Computation time per epoch : 500, Training time : 1700
0 : 9.15%  1 : 9.95%  2 : 10.90%  3 : 10.75%  4 : 9.15%  5 : 9.60%  6 : 9.70%  7 : 11.15%  8 : 9.40%  9 : 10.25%  
Divergence : jsd 0.0009, tvd 0.0305
labels from the first batch :[5, 5, 0, 6, 9, 8, 4, 1, 9, 9, 4, 6, 3, 7, 7, 6, 1, 0, 7, 3, 2, 4, 6, 6, 9, 8, 6, 8, 1, 6, 9, 7]

Client 5 with 2000 data
Communication time : 100, Computation time per epoch : 100, Training time : 500
0 : 9.80%  1 : 9.90%  2 : 10.75%  3 : 10.40%  4 : 10.05%  5 : 9.30%  6 : 9.95%  7 : 9.60%  8 : 10.90%  9 : 9.35%  
Divergence : jsd 0.0005, tvd 0.0210
labels from the first batch :[0, 8, 6, 8, 1, 5, 5, 1, 0, 4, 1, 2, 1, 2, 5, 9, 3, 5, 1, 7, 4, 8, 5, 4, 5, 5, 6, 2, 5, 2, 9, 7]

Client 6 with 2000 data
Communication time : 100, Computation time per epoch : 200, Training time : 800
0 : 10.80%  1 : 11.30%  2 : 8.50%  3 : 10.25%  4 : 8.80%  5 : 10.85%  6 : 10.90%  7 : 10.10%  8 : 8.75%  9 : 9.75%  
Divergence : jsd 0.0017, tvd 0.0420
labels from the first batch :[7, 4, 6, 6, 2, 4, 8, 1, 0, 5, 3, 7, 2, 4, 9, 5, 4, 4, 6, 0, 0, 4, 1, 2, 0, 7, 1, 8, 5, 2, 1, 0]

Client 7 with 2000 data
Communication time : 100, Computation time per epoch : 300, Training time : 1100
0 : 8.90%  1 : 10.35%  2 : 10.85%  3 : 10.65%  4 : 9.50%  5 : 10.85%  6 : 10.90%  7 : 9.55%  8 : 10.05%  9 : 8.40%  
Divergence : jsd 0.0013, tvd 0.0365
labels from the first batch :[2, 4, 7, 1, 6, 8, 0, 3, 4, 2, 6, 7, 5, 0, 7, 8, 3, 8, 8, 8, 8, 7, 3, 4, 3, 7, 3, 0, 5, 5, 0, 6]

Client 8 with 2000 data
Communication time : 100, Computation time per epoch : 400, Training time : 1400
0 : 9.40%  1 : 9.90%  2 : 9.45%  3 : 10.30%  4 : 10.15%  5 : 10.10%  6 : 10.80%  7 : 10.20%  8 : 8.95%  9 : 10.75%  
Divergence : jsd 0.0006, tvd 0.0230
labels from the first batch :[9, 1, 5, 1, 3, 7, 5, 9, 1, 5, 0, 0, 4, 9, 7, 7, 1, 2, 3, 2, 6, 9, 9, 1, 6, 0, 5, 4, 3, 3, 0, 4]

Client 9 with 2000 data
Communication time : 100, Computation time per epoch : 500, Training time : 1700
0 : 10.45%  1 : 9.80%  2 : 11.20%  3 : 8.70%  4 : 9.40%  5 : 9.40%  6 : 10.80%  7 : 10.55%  8 : 9.45%  9 : 10.25%  
Divergence : jsd 0.0010, tvd 0.0325
labels from the first batch :[7, 3, 6, 2, 6, 3, 6, 0, 7, 2, 7, 0, 6, 9, 1, 6, 1, 3, 4, 1, 1, 8, 8, 2, 3, 2, 8, 6, 2, 9, 1, 1]

Client 10 with 2000 data
Communication time : 100, Computation time per epoch : 100, Training time : 500
0 : 9.75%  1 : 10.20%  2 : 8.55%  3 : 10.30%  4 : 10.15%  5 : 10.05%  6 : 10.75%  7 : 10.55%  8 : 9.80%  9 : 9.90%  
Divergence : jsd 0.0006, tvd 0.0200
labels from the first batch :[3, 7, 1, 4, 6, 4, 4, 7, 0, 7, 8, 6, 6, 5, 4, 6, 9, 9, 9, 4, 3, 5, 5, 5, 3, 3, 3, 8, 7, 4, 5, 5]

Client 11 with 2000 data
Communication time : 100, Computation time per epoch : 200, Training time : 800
0 : 11.25%  1 : 10.10%  2 : 10.85%  3 : 9.40%  4 : 9.65%  5 : 9.75%  6 : 10.35%  7 : 9.15%  8 : 9.15%  9 : 10.35%  
Divergence : jsd 0.0008, tvd 0.0290
labels from the first batch :[7, 4, 9, 2, 5, 0, 5, 7, 0, 8, 6, 6, 9, 5, 8, 8, 0, 2, 5, 4, 0, 6, 0, 9, 5, 7, 5, 1, 6, 5, 9, 1]

Client 12 with 2000 data
Communication time : 100, Computation time per epoch : 300, Training time : 1100
0 : 9.80%  1 : 9.30%  2 : 10.00%  3 : 10.80%  4 : 9.75%  5 : 11.10%  6 : 9.15%  7 : 9.50%  8 : 10.65%  9 : 9.95%  
Divergence : jsd 0.0007, tvd 0.0255
labels from the first batch :[2, 1, 4, 5, 0, 9, 3, 6, 9, 5, 5, 3, 0, 5, 7, 4, 0, 6, 0, 9, 4, 9, 5, 0, 3, 0, 5, 2, 7, 1, 4, 8]

Client 13 with 2000 data
Communication time : 100, Computation time per epoch : 400, Training time : 1400
0 : 10.20%  1 : 9.65%  2 : 9.05%  3 : 10.00%  4 : 10.70%  5 : 9.75%  6 : 9.20%  7 : 9.70%  8 : 10.00%  9 : 11.75%  
Divergence : jsd 0.0009, tvd 0.0265
labels from the first batch :[0, 3, 5, 6, 1, 6, 2, 5, 8, 8, 7, 8, 9, 3, 9, 8, 4, 6, 7, 9, 5, 4, 8, 3, 6, 0, 9, 2, 0, 7, 1, 9]

Client 14 with 2000 data
Communication time : 100, Computation time per epoch : 500, Training time : 1700
0 : 10.15%  1 : 10.35%  2 : 9.05%  3 : 10.50%  4 : 9.15%  5 : 10.25%  6 : 9.45%  7 : 9.45%  8 : 10.05%  9 : 11.60%  
Divergence : jsd 0.0009, tvd 0.0290
labels from the first batch :[9, 2, 7, 1, 8, 9, 4, 6, 9, 7, 3, 7, 7, 4, 9, 1, 8, 8, 0, 6, 5, 1, 8, 6, 3, 5, 0, 2, 7, 3, 1, 2]

Client 15 with 2000 data
Communication time : 100, Computation time per epoch : 100, Training time : 500
0 : 10.30%  1 : 10.25%  2 : 9.15%  3 : 9.55%  4 : 9.80%  5 : 9.20%  6 : 9.90%  7 : 11.05%  8 : 11.40%  9 : 9.40%  
Divergence : jsd 0.0009, tvd 0.0300
labels from the first batch :[5, 9, 3, 8, 5, 4, 2, 5, 4, 6, 1, 8, 9, 5, 8, 7, 6, 1, 4, 3, 4, 8, 0, 8, 3, 0, 1, 1, 9, 3, 3, 9]

Client 16 with 2000 data
Communication time : 100, Computation time per epoch : 200, Training time : 800
0 : 10.00%  1 : 10.25%  2 : 10.35%  3 : 9.50%  4 : 10.60%  5 : 9.45%  6 : 9.55%  7 : 10.35%  8 : 11.25%  9 : 8.70%  
Divergence : jsd 0.0008, tvd 0.0280
labels from the first batch :[8, 4, 9, 8, 9, 5, 0, 5, 4, 6, 2, 2, 5, 1, 2, 1, 4, 1, 1, 0, 5, 8, 9, 7, 0, 8, 8, 3, 8, 1, 5, 1]

Client 17 with 2000 data
Communication time : 100, Computation time per epoch : 300, Training time : 1100
0 : 9.05%  1 : 10.25%  2 : 9.90%  3 : 10.10%  4 : 9.80%  5 : 9.65%  6 : 11.00%  7 : 8.95%  8 : 10.80%  9 : 10.50%  
Divergence : jsd 0.0008, tvd 0.0265
labels from the first batch :[4, 9, 8, 5, 9, 0, 2, 6, 6, 8, 4, 6, 7, 4, 8, 4, 6, 9, 8, 9, 8, 5, 5, 2, 3, 8, 9, 5, 5, 9, 1, 9]

Client 18 with 2000 data
Communication time : 100, Computation time per epoch : 400, Training time : 1400
0 : 9.90%  1 : 10.35%  2 : 10.20%  3 : 10.60%  4 : 10.70%  5 : 10.35%  6 : 8.85%  7 : 9.75%  8 : 9.95%  9 : 9.35%  
Divergence : jsd 0.0005, tvd 0.0220
labels from the first batch :[7, 7, 8, 5, 1, 1, 4, 4, 1, 5, 5, 5, 2, 9, 0, 3, 4, 5, 0, 7, 8, 2, 0, 3, 0, 3, 3, 5, 5, 0, 3, 7]

Client 19 with 2000 data
Communication time : 100, Computation time per epoch : 500, Training time : 1700
0 : 11.10%  1 : 10.00%  2 : 9.95%  3 : 10.35%  4 : 10.55%  5 : 10.60%  6 : 8.70%  7 : 10.60%  8 : 9.10%  9 : 9.05%  
Divergence : jsd 0.0011, tvd 0.0320
labels from the first batch :[8, 4, 8, 2, 7, 0, 6, 7, 9, 0, 1, 9, 1, 2, 0, 2, 0, 5, 1, 0, 2, 5, 4, 1, 4, 6, 3, 0, 9, 9, 2, 0]

Client 20 with 2000 data
Communication time : 100, Computation time per epoch : 100, Training time : 500
0 : 10.20%  1 : 9.35%  2 : 10.35%  3 : 9.70%  4 : 8.80%  5 : 10.25%  6 : 9.70%  7 : 10.25%  8 : 10.55%  9 : 10.85%  
Divergence : jsd 0.0006, tvd 0.0245
labels from the first batch :[2, 0, 6, 7, 3, 5, 6, 1, 8, 4, 6, 0, 6, 3, 7, 6, 3, 9, 1, 2, 5, 5, 6, 7, 8, 8, 4, 5, 2, 2, 7, 5]

Client 21 with 2000 data
Communication time : 100, Computation time per epoch : 200, Training time : 800
0 : 9.75%  1 : 10.45%  2 : 9.10%  3 : 10.40%  4 : 10.70%  5 : 8.70%  6 : 10.55%  7 : 10.15%  8 : 9.95%  9 : 10.25%  
Divergence : jsd 0.0007, tvd 0.0250
labels from the first batch :[5, 4, 1, 9, 7, 2, 4, 8, 2, 9, 3, 2, 9, 6, 2, 9, 5, 8, 7, 9, 8, 3, 7, 4, 5, 9, 9, 9, 6, 6, 9, 9]

Client 22 with 2000 data
Communication time : 100, Computation time per epoch : 300, Training time : 1100
0 : 9.70%  1 : 9.90%  2 : 11.00%  3 : 9.90%  4 : 10.45%  5 : 10.30%  6 : 9.80%  7 : 9.35%  8 : 9.70%  9 : 9.90%  
Divergence : jsd 0.0003, tvd 0.0175
labels from the first batch :[9, 2, 5, 9, 2, 2, 5, 6, 2, 7, 2, 6, 4, 3, 7, 8, 2, 8, 5, 3, 4, 8, 8, 3, 3, 0, 7, 2, 9, 7, 9, 6]

Client 23 with 2000 data
Communication time : 100, Computation time per epoch : 400, Training time : 1400
0 : 9.30%  1 : 9.70%  2 : 9.75%  3 : 10.30%  4 : 10.65%  5 : 9.90%  6 : 9.95%  7 : 10.65%  8 : 9.85%  9 : 9.95%  
Divergence : jsd 0.0003, tvd 0.0160
labels from the first batch :[9, 6, 8, 1, 8, 6, 6, 1, 2, 8, 6, 3, 4, 0, 3, 7, 7, 0, 1, 0, 0, 0, 4, 8, 3, 3, 2, 2, 9, 3, 1, 9]

Client 24 with 2000 data
Communication time : 100, Computation time per epoch : 500, Training time : 1700
0 : 10.90%  1 : 9.35%  2 : 10.10%  3 : 8.85%  4 : 10.30%  5 : 10.45%  6 : 10.40%  7 : 9.95%  8 : 10.80%  9 : 8.90%  
Divergence : jsd 0.0009, tvd 0.0295
labels from the first batch :[9, 1, 8, 2, 9, 3, 5, 6, 4, 4, 4, 3, 7, 6, 9, 7, 1, 7, 1, 1, 3, 7, 6, 4, 8, 9, 7, 8, 5, 6, 6, 4]

