Unique id : 0, dataset size : 546
Communication time : 800, Computation time per batch : 10, Training time : 10600
0 : 0.55%  1 : 0.92%  2 : 0.92%  3 : 0.55%  4 : 0.55%  5 : 94.32%  6 : 0.55%  7 : 0.37%  8 : 0.73%  9 : 0.55%  
Divergence : jsd 0.6245, tvd 0.8529
labels from the first batch :[5, 5, 5, 5, 5, 5, 5, 5, 5, 5, 5, 5, 5, 5, 9, 5, 5, 5, 5, 5, 5, 5, 5, 5, 5, 5, 5, 5, 5, 5, 5, 5]

Unique id : 1, dataset size : 546
Communication time : 800, Computation time per batch : 10, Training time : 1420
0 : 0.55%  1 : 0.37%  2 : 0.92%  3 : 0.92%  4 : 0.18%  5 : 94.32%  6 : 0.37%  7 : 1.28%  8 : 0.55%  9 : 0.55%  
Divergence : jsd 0.6280, tvd 0.8529
labels from the first batch :[7, 5, 5, 5, 5, 5, 5, 3, 5, 5, 5, 5, 5, 5, 5, 5, 5, 5, 5, 5, 5, 1, 5, 5, 5, 5, 2, 5, 5, 5, 5, 5]

Unique id : 2, dataset size : 546
Communication time : 800, Computation time per batch : 10, Training time : 1420
0 : 0.55%  1 : 0.55%  2 : 0.55%  3 : 0.37%  4 : 1.28%  5 : 94.32%  6 : 0.37%  7 : 1.10%  8 : 0.37%  9 : 0.55%  
Divergence : jsd 0.6273, tvd 0.8529
labels from the first batch :[5, 5, 5, 5, 5, 5, 5, 5, 5, 5, 5, 5, 5, 5, 5, 5, 5, 5, 5, 5, 5, 3, 5, 5, 5, 5, 5, 5, 5, 5, 5, 5]

Unique id : 3, dataset size : 546
Communication time : 800, Computation time per batch : 10, Training time : 1420
0 : 1.10%  1 : 0.37%  2 : 0.37%  3 : 1.47%  4 : 0.18%  5 : 94.32%  6 : 0.73%  7 : 0.37%  8 : 0.00%  9 : 1.10%  
Divergence : jsd 0.6351, tvd 0.8529
labels from the first batch :[5, 5, 5, 9, 5, 5, 3, 5, 5, 5, 5, 5, 5, 5, 5, 5, 5, 5, 5, 5, 5, 5, 5, 5, 5, 5, 5, 5, 5, 5, 5, 5]

Unique id : 4, dataset size : 546
Communication time : 800, Computation time per batch : 10, Training time : 1420
0 : 0.73%  1 : 0.37%  2 : 0.73%  3 : 0.37%  4 : 1.10%  5 : 94.32%  6 : 0.37%  7 : 0.55%  8 : 1.10%  9 : 0.37%  
Divergence : jsd 0.6274, tvd 0.8529
labels from the first batch :[5, 5, 5, 5, 5, 5, 5, 5, 5, 5, 5, 5, 5, 4, 3, 5, 5, 5, 5, 5, 5, 5, 5, 9, 8, 5, 5, 5, 1, 5, 5, 5]

Unique id : 5, dataset size : 546
Communication time : 800, Computation time per batch : 10, Training time : 1420
0 : 0.55%  1 : 0.73%  2 : 1.10%  3 : 0.73%  4 : 0.37%  5 : 94.32%  6 : 0.37%  7 : 0.55%  8 : 0.55%  9 : 0.73%  
Divergence : jsd 0.6251, tvd 0.8529
labels from the first batch :[5, 5, 5, 5, 5, 2, 4, 5, 5, 5, 5, 5, 5, 5, 5, 5, 5, 9, 5, 5, 5, 5, 5, 5, 5, 5, 5, 5, 5, 5, 5, 5]

Unique id : 6, dataset size : 546
Communication time : 800, Computation time per batch : 10, Training time : 1420
0 : 0.55%  1 : 0.73%  2 : 0.92%  3 : 0.18%  4 : 0.55%  5 : 94.32%  6 : 0.73%  7 : 0.55%  8 : 0.18%  9 : 1.28%  
Divergence : jsd 0.6285, tvd 0.8529
labels from the first batch :[7, 5, 5, 5, 5, 5, 5, 5, 5, 5, 5, 5, 5, 2, 5, 5, 5, 5, 5, 5, 5, 5, 5, 5, 5, 5, 5, 5, 5, 5, 5, 5]

Unique id : 7, dataset size : 546
Communication time : 800, Computation time per batch : 10, Training time : 1420
0 : 0.73%  1 : 0.73%  2 : 0.18%  3 : 0.55%  4 : 0.73%  5 : 94.32%  6 : 0.92%  7 : 0.55%  8 : 1.10%  9 : 0.18%  
Divergence : jsd 0.6278, tvd 0.8529
labels from the first batch :[5, 5, 5, 5, 5, 5, 5, 5, 5, 5, 5, 5, 5, 5, 5, 5, 5, 5, 5, 5, 5, 5, 5, 5, 5, 5, 5, 5, 5, 5, 5, 5]

Unique id : 8, dataset size : 545
Communication time : 800, Computation time per batch : 10, Training time : 1420
0 : 0.37%  1 : 1.28%  2 : 0.37%  3 : 0.73%  4 : 0.37%  5 : 94.50%  6 : 0.73%  7 : 0.55%  8 : 0.55%  9 : 0.55%  
Divergence : jsd 0.6293, tvd 0.8546
labels from the first batch :[5, 5, 5, 5, 5, 5, 5, 6, 5, 5, 5, 5, 5, 5, 5, 9, 5, 5, 5, 5, 5, 5, 5, 5, 5, 5, 5, 5, 5, 5, 5, 5]

Unique id : 9, dataset size : 544
Communication time : 800, Computation time per batch : 10, Training time : 1430
0 : 0.37%  1 : 0.92%  2 : 0.18%  3 : 0.55%  4 : 0.74%  5 : 94.49%  6 : 0.92%  7 : 0.55%  8 : 0.92%  9 : 0.37%  
Divergence : jsd 0.6299, tvd 0.8545
labels from the first batch :[5, 5, 5, 5, 5, 5, 5, 5, 5, 5, 5, 5, 5, 5, 5, 5, 5, 5, 5, 5, 5, 5, 5, 5, 5, 5, 5, 5, 5, 5, 5, 5]

Unique id : 10, dataset size : 594
Communication time : 800, Computation time per batch : 10, Training time : 11100
0 : 94.78%  1 : 1.01%  2 : 0.67%  3 : 0.67%  4 : 0.34%  5 : 0.34%  6 : 0.67%  7 : 0.17%  8 : 1.01%  9 : 0.34%  
Divergence : jsd 0.6224, tvd 0.8491
labels from the first batch :[0, 0, 0, 0, 0, 0, 0, 0, 4, 0, 0, 0, 0, 0, 0, 0, 0, 0, 0, 0, 0, 0, 0, 0, 0, 0, 0, 0, 0, 0, 0, 0]

Unique id : 11, dataset size : 594
Communication time : 800, Computation time per batch : 10, Training time : 1410
0 : 94.78%  1 : 0.34%  2 : 0.67%  3 : 0.34%  4 : 1.01%  5 : 0.51%  6 : 1.01%  7 : 0.67%  8 : 0.17%  9 : 0.51%  
Divergence : jsd 0.6226, tvd 0.8491
labels from the first batch :[0, 4, 6, 0, 0, 0, 0, 0, 0, 0, 0, 0, 0, 0, 0, 0, 0, 0, 0, 0, 0, 0, 0, 0, 0, 0, 0, 0, 0, 0, 0, 0]

Unique id : 12, dataset size : 594
Communication time : 800, Computation time per batch : 10, Training time : 1410
0 : 94.78%  1 : 0.51%  2 : 0.17%  3 : 0.84%  4 : 0.51%  5 : 0.34%  6 : 0.67%  7 : 0.67%  8 : 1.18%  9 : 0.34%  
Divergence : jsd 0.6225, tvd 0.8491
labels from the first batch :[0, 0, 0, 0, 0, 8, 0, 4, 0, 0, 0, 0, 0, 0, 0, 0, 0, 0, 0, 0, 0, 0, 8, 0, 0, 0, 0, 0, 0, 0, 0, 0]

Unique id : 13, dataset size : 593
Communication time : 800, Computation time per batch : 10, Training time : 1410
0 : 94.94%  1 : 0.67%  2 : 0.67%  3 : 0.17%  4 : 0.67%  5 : 0.51%  6 : 0.34%  7 : 0.67%  8 : 0.34%  9 : 1.01%  
Divergence : jsd 0.6247, tvd 0.8507
labels from the first batch :[0, 0, 0, 0, 0, 0, 0, 0, 0, 0, 0, 0, 0, 0, 5, 0, 0, 9, 0, 0, 0, 0, 0, 0, 9, 0, 0, 0, 0, 0, 0, 0]

Unique id : 14, dataset size : 593
Communication time : 800, Computation time per batch : 10, Training time : 1410
0 : 94.94%  1 : 0.51%  2 : 1.01%  3 : 0.67%  4 : 0.51%  5 : 0.34%  6 : 0.67%  7 : 0.51%  8 : 0.51%  9 : 0.34%  
Divergence : jsd 0.6233, tvd 0.8507
labels from the first batch :[0, 0, 0, 0, 0, 0, 0, 1, 0, 0, 0, 0, 0, 0, 5, 0, 0, 0, 0, 0, 0, 0, 0, 0, 0, 7, 0, 0, 0, 0, 0, 0]

Unique id : 15, dataset size : 593
Communication time : 800, Computation time per batch : 10, Training time : 1410
0 : 94.94%  1 : 0.67%  2 : 0.51%  3 : 0.67%  4 : 0.51%  5 : 0.51%  6 : 0.51%  7 : 0.84%  8 : 0.00%  9 : 0.84%  
Divergence : jsd 0.6261, tvd 0.8507
labels from the first batch :[0, 0, 0, 0, 0, 0, 4, 0, 0, 0, 0, 0, 0, 0, 0, 0, 0, 0, 0, 0, 0, 0, 0, 0, 0, 0, 0, 0, 0, 0, 0, 3]

Unique id : 16, dataset size : 592
Communication time : 800, Computation time per batch : 10, Training time : 1410
0 : 94.93%  1 : 0.34%  2 : 0.51%  3 : 1.52%  4 : 0.34%  5 : 0.34%  6 : 0.17%  7 : 0.51%  8 : 0.34%  9 : 1.01%  
Divergence : jsd 0.6286, tvd 0.8506
labels from the first batch :[0, 0, 0, 0, 0, 0, 0, 3, 0, 0, 0, 0, 0, 0, 0, 0, 0, 0, 0, 0, 0, 0, 0, 0, 0, 0, 0, 0, 3, 0, 0, 0]

Unique id : 17, dataset size : 592
Communication time : 800, Computation time per batch : 10, Training time : 1410
0 : 94.93%  1 : 0.34%  2 : 0.34%  3 : 0.34%  4 : 0.84%  5 : 0.84%  6 : 0.84%  7 : 1.18%  8 : 0.17%  9 : 0.17%  
Divergence : jsd 0.6282, tvd 0.8506
labels from the first batch :[0, 0, 0, 0, 0, 0, 0, 0, 0, 0, 0, 0, 0, 0, 0, 0, 0, 0, 0, 0, 0, 0, 0, 0, 0, 0, 0, 0, 0, 0, 0, 0]

Unique id : 18, dataset size : 592
Communication time : 800, Computation time per batch : 10, Training time : 1410
0 : 94.93%  1 : 1.18%  2 : 0.84%  3 : 0.17%  4 : 0.34%  5 : 1.01%  6 : 0.17%  7 : 0.34%  8 : 0.84%  9 : 0.17%  
Divergence : jsd 0.6294, tvd 0.8506
labels from the first batch :[0, 0, 0, 0, 0, 0, 0, 0, 0, 0, 0, 0, 0, 0, 0, 0, 0, 0, 0, 1, 0, 0, 0, 0, 0, 0, 8, 0, 0, 0, 0, 0]

Unique id : 19, dataset size : 592
Communication time : 800, Computation time per batch : 10, Training time : 1410
0 : 94.93%  1 : 0.84%  2 : 0.17%  3 : 0.34%  4 : 0.51%  5 : 0.51%  6 : 0.51%  7 : 0.34%  8 : 1.01%  9 : 0.84%  
Divergence : jsd 0.6251, tvd 0.8506
labels from the first batch :[0, 0, 0, 0, 0, 0, 0, 0, 0, 0, 0, 6, 0, 0, 0, 0, 0, 0, 0, 0, 0, 0, 0, 0, 0, 0, 0, 0, 0, 0, 0, 0]

Unique id : 20, dataset size : 586
Communication time : 800, Computation time per batch : 10, Training time : 11100
0 : 0.85%  1 : 0.68%  2 : 0.85%  3 : 0.17%  4 : 94.71%  5 : 0.51%  6 : 0.34%  7 : 0.68%  8 : 0.68%  9 : 0.51%  
Divergence : jsd 0.6217, tvd 0.8497
labels from the first batch :[4, 4, 4, 4, 4, 4, 4, 4, 4, 4, 4, 4, 4, 4, 4, 4, 4, 4, 4, 4, 8, 4, 4, 4, 4, 4, 4, 4, 4, 4, 4, 4]

Unique id : 21, dataset size : 586
Communication time : 800, Computation time per batch : 10, Training time : 1410
0 : 0.34%  1 : 0.68%  2 : 0.34%  3 : 0.68%  4 : 94.71%  5 : 0.34%  6 : 0.68%  7 : 0.68%  8 : 0.68%  9 : 0.85%  
Divergence : jsd 0.6206, tvd 0.8497
labels from the first batch :[4, 4, 4, 4, 4, 4, 4, 4, 4, 4, 4, 4, 4, 4, 4, 4, 4, 4, 4, 4, 4, 4, 4, 4, 4, 4, 4, 4, 7, 4, 4, 4]

Unique id : 22, dataset size : 586
Communication time : 800, Computation time per batch : 10, Training time : 1410
0 : 1.71%  1 : 0.51%  2 : 0.51%  3 : 0.68%  4 : 94.71%  5 : 0.17%  6 : 0.34%  7 : 0.51%  8 : 0.17%  9 : 0.68%  
Divergence : jsd 0.6269, tvd 0.8497
labels from the first batch :[4, 4, 4, 4, 4, 4, 4, 4, 4, 4, 1, 4, 4, 8, 4, 4, 4, 4, 4, 4, 4, 4, 4, 4, 4, 4, 4, 4, 4, 4, 4, 4]

Unique id : 23, dataset size : 585
Communication time : 800, Computation time per batch : 10, Training time : 1410
0 : 0.34%  1 : 0.68%  2 : 0.34%  3 : 0.85%  4 : 94.87%  5 : 0.51%  6 : 0.51%  7 : 0.51%  8 : 0.68%  9 : 0.68%  
Divergence : jsd 0.6236, tvd 0.8514
labels from the first batch :[4, 4, 4, 5, 4, 4, 4, 4, 4, 4, 4, 4, 4, 4, 4, 4, 4, 4, 4, 4, 4, 4, 4, 4, 6, 4, 4, 4, 4, 4, 4, 4]

Unique id : 24, dataset size : 585
Communication time : 800, Computation time per batch : 10, Training time : 1410
0 : 0.34%  1 : 0.85%  2 : 0.85%  3 : 0.17%  4 : 94.87%  5 : 0.34%  6 : 1.20%  7 : 0.68%  8 : 0.17%  9 : 0.51%  
Divergence : jsd 0.6280, tvd 0.8514
labels from the first batch :[4, 4, 4, 4, 4, 4, 4, 4, 4, 4, 6, 4, 4, 4, 4, 4, 4, 6, 4, 1, 4, 4, 4, 4, 4, 4, 4, 4, 4, 4, 4, 4]

Unique id : 25, dataset size : 585
Communication time : 800, Computation time per batch : 10, Training time : 1410
0 : 0.34%  1 : 1.03%  2 : 0.51%  3 : 0.34%  4 : 94.87%  5 : 0.85%  6 : 0.34%  7 : 1.03%  8 : 0.68%  9 : 0.00%  
Divergence : jsd 0.6296, tvd 0.8514
labels from the first batch :[4, 7, 4, 4, 4, 4, 4, 1, 4, 4, 4, 4, 4, 4, 4, 4, 4, 4, 4, 4, 4, 4, 4, 4, 4, 4, 4, 4, 4, 4, 4, 4]

Unique id : 26, dataset size : 585
Communication time : 800, Computation time per batch : 10, Training time : 1410
0 : 0.17%  1 : 0.34%  2 : 0.68%  3 : 1.03%  4 : 94.87%  5 : 0.85%  6 : 0.68%  7 : 0.17%  8 : 0.85%  9 : 0.34%  
Divergence : jsd 0.6281, tvd 0.8514
labels from the first batch :[4, 4, 4, 4, 4, 9, 4, 4, 4, 4, 4, 4, 4, 4, 4, 4, 4, 4, 4, 4, 4, 4, 4, 4, 4, 4, 4, 4, 4, 4, 4, 4]

Unique id : 27, dataset size : 585
Communication time : 800, Computation time per batch : 10, Training time : 1410
0 : 0.85%  1 : 0.68%  2 : 1.03%  3 : 0.34%  4 : 94.87%  5 : 0.68%  6 : 0.17%  7 : 0.17%  8 : 0.34%  9 : 0.85%  
Divergence : jsd 0.6278, tvd 0.8514
labels from the first batch :[4, 4, 4, 4, 4, 4, 4, 4, 4, 4, 4, 4, 4, 4, 4, 4, 4, 4, 4, 4, 4, 4, 4, 0, 5, 4, 4, 1, 4, 4, 4, 4]

Unique id : 28, dataset size : 585
Communication time : 800, Computation time per batch : 10, Training time : 1410
0 : 0.17%  1 : 0.68%  2 : 0.51%  3 : 0.85%  4 : 94.87%  5 : 0.34%  6 : 0.85%  7 : 1.03%  8 : 0.34%  9 : 0.34%  
Divergence : jsd 0.6262, tvd 0.8514
labels from the first batch :[4, 4, 4, 4, 4, 4, 4, 2, 4, 4, 4, 4, 4, 4, 4, 4, 4, 4, 4, 4, 4, 4, 1, 4, 4, 4, 4, 4, 4, 4, 4, 4]

Unique id : 29, dataset size : 584
Communication time : 800, Computation time per batch : 10, Training time : 1410
0 : 0.51%  1 : 0.34%  2 : 0.00%  3 : 0.68%  4 : 94.86%  5 : 0.68%  6 : 0.51%  7 : 0.51%  8 : 1.03%  9 : 0.86%  
Divergence : jsd 0.6284, tvd 0.8513
labels from the first batch :[4, 4, 4, 4, 4, 4, 4, 4, 4, 4, 4, 4, 4, 4, 4, 4, 4, 4, 4, 5, 4, 4, 4, 4, 4, 4, 4, 4, 4, 4, 4, 4]

Unique id : 30, dataset size : 671
Communication time : 800, Computation time per batch : 10, Training time : 12100
0 : 1.19%  1 : 95.53%  2 : 0.45%  3 : 0.15%  4 : 0.45%  5 : 0.30%  6 : 0.45%  7 : 0.75%  8 : 0.30%  9 : 0.45%  
Divergence : jsd 0.6159, tvd 0.8429
labels from the first batch :[1, 7, 1, 1, 1, 1, 1, 1, 1, 1, 1, 1, 1, 1, 1, 1, 4, 1, 1, 1, 1, 1, 1, 1, 1, 1, 1, 1, 1, 1, 8, 1]

Unique id : 31, dataset size : 671
Communication time : 800, Computation time per batch : 10, Training time : 1390
0 : 0.15%  1 : 95.53%  2 : 0.75%  3 : 0.45%  4 : 0.15%  5 : 0.45%  6 : 0.89%  7 : 0.45%  8 : 0.45%  9 : 0.75%  
Divergence : jsd 0.6154, tvd 0.8429
labels from the first batch :[1, 1, 1, 1, 1, 1, 1, 1, 1, 1, 1, 1, 1, 1, 1, 1, 1, 1, 1, 1, 1, 1, 1, 1, 1, 1, 1, 1, 1, 1, 1, 1]

Unique id : 32, dataset size : 671
Communication time : 800, Computation time per batch : 10, Training time : 1390
0 : 0.45%  1 : 95.53%  2 : 0.30%  3 : 0.45%  4 : 1.04%  5 : 0.60%  6 : 0.30%  7 : 0.30%  8 : 0.45%  9 : 0.60%  
Divergence : jsd 0.6144, tvd 0.8429
labels from the first batch :[1, 1, 1, 1, 1, 1, 1, 1, 1, 1, 1, 1, 1, 1, 1, 1, 1, 1, 1, 1, 1, 1, 1, 1, 1, 1, 1, 1, 1, 1, 1, 1]

Unique id : 33, dataset size : 671
Communication time : 800, Computation time per batch : 10, Training time : 1390
0 : 0.30%  1 : 95.53%  2 : 0.45%  3 : 0.89%  4 : 0.60%  5 : 0.30%  6 : 0.45%  7 : 0.30%  8 : 0.75%  9 : 0.45%  
Divergence : jsd 0.6137, tvd 0.8429
labels from the first batch :[1, 1, 1, 1, 1, 1, 1, 1, 1, 1, 1, 1, 1, 1, 1, 1, 0, 1, 1, 1, 1, 1, 1, 1, 1, 1, 1, 1, 1, 1, 1, 1]

Unique id : 34, dataset size : 670
Communication time : 800, Computation time per batch : 10, Training time : 1390
0 : 0.90%  1 : 95.52%  2 : 0.30%  3 : 0.30%  4 : 0.60%  5 : 0.45%  6 : 0.45%  7 : 0.30%  8 : 0.60%  9 : 0.60%  
Divergence : jsd 0.6135, tvd 0.8429
labels from the first batch :[1, 1, 8, 1, 1, 1, 1, 1, 1, 1, 1, 1, 1, 1, 1, 1, 1, 1, 1, 1, 1, 1, 1, 1, 1, 1, 1, 1, 1, 1, 1, 1]

Unique id : 35, dataset size : 670
Communication time : 800, Computation time per batch : 10, Training time : 1390
0 : 0.30%  1 : 95.52%  2 : 0.75%  3 : 0.45%  4 : 0.45%  5 : 0.45%  6 : 0.90%  7 : 0.60%  8 : 0.45%  9 : 0.15%  
Divergence : jsd 0.6141, tvd 0.8429
labels from the first batch :[1, 1, 1, 4, 1, 1, 1, 1, 1, 1, 1, 1, 1, 1, 1, 1, 1, 1, 1, 1, 1, 1, 1, 1, 1, 1, 1, 1, 1, 1, 1, 1]

Unique id : 36, dataset size : 670
Communication time : 800, Computation time per batch : 10, Training time : 1390
0 : 0.45%  1 : 95.52%  2 : 0.75%  3 : 0.60%  4 : 0.30%  5 : 0.75%  6 : 0.45%  7 : 0.45%  8 : 0.60%  9 : 0.15%  
Divergence : jsd 0.6139, tvd 0.8429
labels from the first batch :[7, 1, 1, 1, 5, 1, 1, 1, 1, 1, 1, 1, 1, 1, 1, 1, 1, 1, 1, 1, 1, 1, 1, 1, 1, 1, 1, 1, 1, 1, 1, 1]

Unique id : 37, dataset size : 669
Communication time : 800, Computation time per batch : 10, Training time : 1390
0 : 0.00%  1 : 95.67%  2 : 0.30%  3 : 0.30%  4 : 0.60%  5 : 0.75%  6 : 0.30%  7 : 0.90%  8 : 0.45%  9 : 0.75%  
Divergence : jsd 0.6206, tvd 0.8443
labels from the first batch :[1, 1, 1, 1, 1, 1, 1, 5, 1, 1, 1, 1, 1, 1, 1, 1, 7, 1, 1, 1, 1, 1, 1, 1, 1, 1, 1, 1, 1, 1, 1, 1]

Unique id : 38, dataset size : 669
Communication time : 800, Computation time per batch : 10, Training time : 1390
0 : 0.90%  1 : 95.67%  2 : 0.00%  3 : 0.60%  4 : 0.45%  5 : 0.45%  6 : 0.45%  7 : 0.60%  8 : 0.30%  9 : 0.60%  
Divergence : jsd 0.6192, tvd 0.8443
labels from the first batch :[1, 1, 1, 1, 1, 1, 1, 6, 1, 1, 1, 1, 1, 1, 1, 1, 1, 1, 1, 1, 1, 1, 1, 1, 1, 1, 1, 1, 1, 1, 1, 1]

Unique id : 39, dataset size : 669
Communication time : 800, Computation time per batch : 10, Training time : 1390
0 : 0.30%  1 : 95.67%  2 : 0.90%  3 : 0.90%  4 : 0.30%  5 : 0.00%  6 : 0.30%  7 : 0.60%  8 : 0.60%  9 : 0.45%  
Divergence : jsd 0.6202, tvd 0.8443
labels from the first batch :[1, 1, 1, 1, 1, 3, 1, 1, 1, 1, 1, 1, 1, 1, 1, 1, 1, 1, 1, 1, 1, 1, 1, 1, 1, 1, 1, 1, 1, 1, 1, 1]

Unique id : 40, dataset size : 597
Communication time : 800, Computation time per batch : 10, Training time : 11100
0 : 0.00%  1 : 0.50%  2 : 0.50%  3 : 1.34%  4 : 0.84%  5 : 0.50%  6 : 0.50%  7 : 0.84%  8 : 0.17%  9 : 94.81%  
Divergence : jsd 0.6265, tvd 0.8489
labels from the first batch :[9, 9, 9, 9, 9, 9, 9, 9, 9, 9, 9, 9, 9, 9, 9, 9, 9, 9, 9, 9, 9, 9, 9, 9, 9, 9, 9, 9, 9, 9, 9, 9]

Unique id : 41, dataset size : 596
Communication time : 800, Computation time per batch : 10, Training time : 1410
0 : 0.34%  1 : 0.67%  2 : 0.34%  3 : 0.00%  4 : 0.84%  5 : 1.17%  6 : 0.34%  7 : 1.51%  8 : 0.00%  9 : 94.80%  
Divergence : jsd 0.6327, tvd 0.8488
labels from the first batch :[9, 9, 9, 9, 9, 9, 9, 9, 9, 9, 9, 5, 9, 9, 9, 9, 9, 9, 9, 9, 9, 9, 9, 9, 9, 9, 9, 9, 9, 9, 9, 9]

Unique id : 42, dataset size : 595
Communication time : 800, Computation time per batch : 10, Training time : 1410
0 : 0.67%  1 : 1.01%  2 : 0.34%  3 : 0.34%  4 : 0.84%  5 : 0.34%  6 : 0.50%  7 : 0.34%  8 : 0.67%  9 : 94.96%  
Divergence : jsd 0.6238, tvd 0.8504
labels from the first batch :[9, 9, 9, 9, 9, 9, 9, 9, 9, 9, 9, 9, 9, 9, 9, 9, 9, 7, 9, 9, 9, 9, 9, 9, 9, 9, 9, 9, 9, 9, 9, 9]

Unique id : 43, dataset size : 595
Communication time : 800, Computation time per batch : 10, Training time : 1410
0 : 0.67%  1 : 0.67%  2 : 0.67%  3 : 0.17%  4 : 0.50%  5 : 0.50%  6 : 0.67%  7 : 0.34%  8 : 0.84%  9 : 94.96%  
Divergence : jsd 0.6236, tvd 0.8504
labels from the first batch :[9, 0, 9, 9, 9, 9, 9, 9, 9, 9, 9, 9, 9, 9, 9, 9, 9, 9, 9, 9, 9, 1, 9, 9, 9, 9, 9, 9, 9, 9, 9, 9]

Unique id : 44, dataset size : 595
Communication time : 800, Computation time per batch : 10, Training time : 1410
0 : 1.01%  1 : 0.50%  2 : 0.50%  3 : 0.34%  4 : 0.34%  5 : 0.00%  6 : 0.67%  7 : 0.84%  8 : 0.84%  9 : 94.96%  
Divergence : jsd 0.6273, tvd 0.8504
labels from the first batch :[9, 9, 9, 9, 9, 9, 9, 9, 9, 9, 9, 9, 9, 9, 9, 9, 9, 9, 9, 9, 9, 9, 9, 9, 9, 9, 9, 9, 9, 9, 9, 9]

Unique id : 45, dataset size : 595
Communication time : 800, Computation time per batch : 10, Training time : 1410
0 : 0.67%  1 : 0.50%  2 : 0.34%  3 : 0.50%  4 : 0.17%  5 : 0.50%  6 : 1.01%  7 : 0.34%  8 : 1.01%  9 : 94.96%  
Divergence : jsd 0.6253, tvd 0.8504
labels from the first batch :[9, 6, 9, 9, 9, 9, 9, 9, 9, 9, 9, 9, 9, 9, 9, 9, 9, 9, 9, 9, 9, 9, 9, 9, 3, 9, 9, 9, 9, 9, 9, 9]

Unique id : 46, dataset size : 595
Communication time : 800, Computation time per batch : 10, Training time : 1410
0 : 0.34%  1 : 0.50%  2 : 0.84%  3 : 0.84%  4 : 0.17%  5 : 0.67%  6 : 0.50%  7 : 0.50%  8 : 0.67%  9 : 94.96%  
Divergence : jsd 0.6238, tvd 0.8504
labels from the first batch :[9, 9, 9, 9, 9, 9, 9, 9, 9, 2, 9, 9, 9, 9, 9, 9, 9, 9, 9, 9, 9, 9, 9, 9, 9, 9, 9, 9, 9, 9, 9, 9]

Unique id : 47, dataset size : 595
Communication time : 800, Computation time per batch : 10, Training time : 1410
0 : 0.50%  1 : 0.34%  2 : 1.34%  3 : 0.50%  4 : 0.84%  5 : 0.34%  6 : 0.34%  7 : 0.34%  8 : 0.50%  9 : 94.96%  
Divergence : jsd 0.6258, tvd 0.8504
labels from the first batch :[9, 9, 9, 9, 9, 9, 9, 9, 9, 9, 9, 9, 9, 9, 9, 9, 9, 9, 9, 9, 9, 9, 9, 9, 9, 9, 9, 9, 6, 9, 9, 9]

Unique id : 48, dataset size : 595
Communication time : 800, Computation time per batch : 10, Training time : 1410
0 : 1.01%  1 : 0.67%  2 : 0.17%  3 : 0.84%  4 : 0.50%  5 : 0.84%  6 : 0.67%  7 : 0.17%  8 : 0.17%  9 : 94.96%  
Divergence : jsd 0.6271, tvd 0.8504
labels from the first batch :[9, 9, 0, 9, 9, 9, 9, 9, 9, 9, 9, 9, 9, 9, 9, 9, 9, 9, 9, 9, 9, 9, 9, 9, 5, 9, 9, 9, 9, 9, 9, 9]

Unique id : 49, dataset size : 595
Communication time : 800, Computation time per batch : 10, Training time : 1410
0 : 0.34%  1 : 1.01%  2 : 0.50%  3 : 0.84%  4 : 0.50%  5 : 0.17%  6 : 0.34%  7 : 0.67%  8 : 0.67%  9 : 94.96%  
Divergence : jsd 0.6240, tvd 0.8504
labels from the first batch :[9, 9, 9, 9, 9, 9, 9, 9, 9, 9, 9, 3, 9, 9, 9, 9, 9, 9, 9, 9, 9, 9, 9, 9, 9, 9, 9, 9, 9, 9, 9, 9]

Unique id : 50, dataset size : 597
Communication time : 800, Computation time per batch : 10, Training time : 11100
0 : 0.34%  1 : 0.84%  2 : 94.81%  3 : 0.67%  4 : 0.84%  5 : 0.50%  6 : 0.67%  7 : 0.17%  8 : 0.34%  9 : 0.84%  
Divergence : jsd 0.6210, tvd 0.8488
labels from the first batch :[2, 2, 2, 2, 2, 2, 2, 2, 2, 2, 2, 2, 2, 2, 2, 2, 2, 2, 2, 2, 2, 2, 2, 2, 2, 2, 2, 2, 2, 2, 2, 9]

Unique id : 51, dataset size : 596
Communication time : 800, Computation time per batch : 10, Training time : 1410
0 : 1.17%  1 : 0.50%  2 : 94.97%  3 : 0.34%  4 : 0.34%  5 : 0.50%  6 : 0.67%  7 : 0.84%  8 : 0.34%  9 : 0.34%  
Divergence : jsd 0.6246, tvd 0.8504
labels from the first batch :[2, 2, 2, 2, 2, 2, 2, 2, 2, 2, 2, 2, 2, 2, 2, 2, 2, 2, 2, 2, 2, 2, 2, 2, 2, 2, 2, 2, 2, 0, 2, 2]

Unique id : 52, dataset size : 596
Communication time : 800, Computation time per batch : 10, Training time : 1410
0 : 0.67%  1 : 1.01%  2 : 94.97%  3 : 0.84%  4 : 0.34%  5 : 0.67%  6 : 0.34%  7 : 0.34%  8 : 0.17%  9 : 0.67%  
Divergence : jsd 0.6247, tvd 0.8504
labels from the first batch :[2, 2, 2, 2, 2, 2, 2, 2, 2, 2, 2, 2, 2, 2, 2, 2, 2, 2, 2, 2, 2, 2, 2, 2, 2, 2, 2, 2, 2, 2, 2, 2]

Unique id : 53, dataset size : 596
Communication time : 800, Computation time per batch : 10, Training time : 1410
0 : 0.50%  1 : 0.67%  2 : 94.97%  3 : 0.34%  4 : 0.50%  5 : 0.84%  6 : 0.50%  7 : 0.50%  8 : 0.50%  9 : 0.67%  
Divergence : jsd 0.6222, tvd 0.8504
labels from the first batch :[2, 2, 2, 2, 2, 2, 2, 2, 2, 2, 2, 2, 2, 2, 2, 2, 2, 2, 4, 2, 2, 2, 2, 2, 2, 2, 2, 2, 2, 2, 2, 2]

Unique id : 54, dataset size : 596
Communication time : 800, Computation time per batch : 10, Training time : 1410
0 : 0.50%  1 : 0.17%  2 : 94.97%  3 : 0.67%  4 : 0.50%  5 : 0.34%  6 : 0.34%  7 : 1.17%  8 : 0.84%  9 : 0.50%  
Divergence : jsd 0.6253, tvd 0.8504
labels from the first batch :[2, 2, 2, 2, 2, 2, 2, 2, 2, 2, 2, 2, 2, 2, 2, 2, 2, 2, 2, 2, 2, 2, 2, 2, 2, 2, 2, 2, 2, 2, 2, 2]

Unique id : 55, dataset size : 596
Communication time : 800, Computation time per batch : 10, Training time : 1410
0 : 0.34%  1 : 0.84%  2 : 94.97%  3 : 0.50%  4 : 0.84%  5 : 0.67%  6 : 0.84%  7 : 0.17%  8 : 0.17%  9 : 0.67%  
Divergence : jsd 0.6254, tvd 0.8504
labels from the first batch :[2, 2, 4, 2, 2, 2, 2, 2, 2, 2, 2, 2, 2, 2, 2, 2, 2, 2, 1, 2, 2, 2, 2, 2, 2, 2, 2, 2, 2, 2, 2, 2]

Unique id : 56, dataset size : 596
Communication time : 800, Computation time per batch : 10, Training time : 1410
0 : 0.67%  1 : 0.34%  2 : 94.97%  3 : 0.50%  4 : 0.67%  5 : 0.50%  6 : 1.17%  7 : 0.50%  8 : 0.34%  9 : 0.34%  
Divergence : jsd 0.6242, tvd 0.8504
labels from the first batch :[7, 2, 2, 2, 2, 2, 2, 2, 2, 0, 2, 2, 0, 2, 2, 7, 2, 2, 2, 2, 2, 2, 8, 2, 2, 2, 2, 2, 2, 2, 2, 2]

Unique id : 57, dataset size : 596
Communication time : 800, Computation time per batch : 10, Training time : 1410
0 : 0.17%  1 : 0.50%  2 : 94.97%  3 : 0.84%  4 : 0.34%  5 : 0.67%  6 : 0.34%  7 : 1.17%  8 : 0.67%  9 : 0.34%  
Divergence : jsd 0.6255, tvd 0.8504
labels from the first batch :[2, 2, 2, 2, 2, 2, 2, 2, 2, 2, 2, 2, 2, 2, 2, 6, 2, 2, 2, 2, 2, 2, 2, 2, 2, 2, 2, 2, 2, 2, 2, 2]

Unique id : 58, dataset size : 596
Communication time : 800, Computation time per batch : 10, Training time : 1410
0 : 0.67%  1 : 0.84%  2 : 94.97%  3 : 0.67%  4 : 0.50%  5 : 0.17%  6 : 0.34%  7 : 0.34%  8 : 1.01%  9 : 0.50%  
Divergence : jsd 0.6242, tvd 0.8504
labels from the first batch :[2, 2, 2, 2, 2, 2, 2, 2, 2, 2, 2, 2, 3, 2, 2, 2, 2, 2, 2, 2, 2, 2, 2, 2, 2, 2, 2, 2, 6, 2, 2, 2]

Unique id : 59, dataset size : 596
Communication time : 800, Computation time per batch : 10, Training time : 1410
0 : 0.50%  1 : 0.67%  2 : 94.97%  3 : 0.34%  4 : 0.67%  5 : 0.17%  6 : 0.34%  7 : 0.67%  8 : 1.01%  9 : 0.67%  
Divergence : jsd 0.6241, tvd 0.8504
labels from the first batch :[2, 2, 2, 2, 2, 2, 8, 2, 2, 2, 2, 2, 2, 2, 2, 2, 2, 2, 2, 2, 2, 2, 2, 2, 2, 2, 2, 2, 2, 7, 2, 2]

Unique id : 60, dataset size : 613
Communication time : 800, Computation time per batch : 10, Training time : 11600
0 : 0.49%  1 : 0.49%  2 : 0.49%  3 : 95.11%  4 : 0.49%  5 : 0.16%  6 : 0.65%  7 : 0.65%  8 : 0.33%  9 : 1.14%  
Divergence : jsd 0.6224, tvd 0.8489
labels from the first batch :[3, 3, 3, 3, 3, 3, 3, 9, 3, 3, 3, 3, 3, 3, 3, 3, 3, 3, 3, 3, 3, 3, 3, 3, 3, 3, 3, 3, 3, 4, 3, 3]

Unique id : 61, dataset size : 613
Communication time : 800, Computation time per batch : 10, Training time : 1400
0 : 0.65%  1 : 0.49%  2 : 0.49%  3 : 95.11%  4 : 0.16%  5 : 0.82%  6 : 0.33%  7 : 0.65%  8 : 0.49%  9 : 0.82%  
Divergence : jsd 0.6219, tvd 0.8489
labels from the first batch :[3, 3, 3, 3, 3, 3, 3, 3, 3, 3, 3, 3, 3, 3, 9, 3, 3, 3, 3, 3, 3, 3, 3, 5, 3, 3, 3, 3, 3, 3, 3, 3]

Unique id : 62, dataset size : 613
Communication time : 800, Computation time per batch : 10, Training time : 1400
0 : 0.65%  1 : 1.63%  2 : 0.16%  3 : 95.11%  4 : 0.65%  5 : 0.00%  6 : 0.33%  7 : 0.49%  8 : 0.65%  9 : 0.33%  
Divergence : jsd 0.6286, tvd 0.8489
labels from the first batch :[3, 3, 3, 3, 3, 6, 3, 3, 3, 3, 3, 3, 3, 3, 3, 3, 3, 3, 3, 3, 3, 3, 3, 0, 3, 3, 3, 3, 3, 3, 3, 3]

Unique id : 63, dataset size : 613
Communication time : 800, Computation time per batch : 10, Training time : 1400
0 : 0.49%  1 : 0.98%  2 : 0.65%  3 : 95.11%  4 : 0.33%  5 : 0.49%  6 : 0.49%  7 : 0.82%  8 : 0.16%  9 : 0.49%  
Divergence : jsd 0.6217, tvd 0.8489
labels from the first batch :[3, 3, 3, 3, 3, 3, 3, 3, 3, 3, 3, 3, 3, 3, 3, 3, 3, 3, 3, 3, 3, 3, 3, 3, 3, 3, 3, 7, 3, 3, 0, 3]

Unique id : 64, dataset size : 612
Communication time : 800, Computation time per batch : 10, Training time : 1400
0 : 0.65%  1 : 0.16%  2 : 0.98%  3 : 95.10%  4 : 0.82%  5 : 0.98%  6 : 0.49%  7 : 0.16%  8 : 0.49%  9 : 0.16%  
Divergence : jsd 0.6260, tvd 0.8488
labels from the first batch :[3, 3, 3, 4, 3, 3, 3, 3, 4, 3, 3, 3, 3, 3, 5, 0, 3, 3, 3, 3, 3, 3, 3, 3, 3, 3, 3, 3, 3, 3, 3, 3]

Unique id : 65, dataset size : 612
Communication time : 800, Computation time per batch : 10, Training time : 1400
0 : 1.31%  1 : 0.16%  2 : 0.33%  3 : 95.10%  4 : 0.33%  5 : 0.82%  6 : 0.49%  7 : 0.49%  8 : 0.82%  9 : 0.16%  
Divergence : jsd 0.6262, tvd 0.8488
labels from the first batch :[3, 3, 3, 3, 3, 3, 3, 3, 3, 3, 3, 3, 3, 3, 3, 3, 3, 3, 3, 3, 3, 3, 3, 3, 3, 3, 3, 3, 3, 3, 3, 3]

Unique id : 66, dataset size : 612
Communication time : 800, Computation time per batch : 10, Training time : 1400
0 : 0.16%  1 : 0.49%  2 : 0.65%  3 : 95.10%  4 : 0.98%  5 : 0.33%  6 : 0.82%  7 : 0.33%  8 : 0.65%  9 : 0.49%  
Divergence : jsd 0.6225, tvd 0.8488
labels from the first batch :[3, 3, 3, 3, 3, 3, 3, 3, 3, 3, 3, 3, 3, 3, 3, 3, 3, 3, 3, 3, 3, 3, 3, 3, 3, 3, 3, 3, 3, 3, 3, 3]

Unique id : 67, dataset size : 612
Communication time : 800, Computation time per batch : 10, Training time : 1400
0 : 0.00%  1 : 0.82%  2 : 0.82%  3 : 95.10%  4 : 0.00%  5 : 0.33%  6 : 1.47%  7 : 0.65%  8 : 0.33%  9 : 0.49%  
Divergence : jsd 0.6313, tvd 0.8488
labels from the first batch :[3, 3, 3, 3, 3, 3, 3, 3, 3, 3, 3, 3, 3, 3, 3, 3, 3, 3, 3, 3, 3, 3, 3, 3, 3, 3, 3, 3, 3, 3, 3, 3]

Unique id : 68, dataset size : 611
Communication time : 800, Computation time per batch : 10, Training time : 1400
0 : 0.82%  1 : 0.33%  2 : 0.49%  3 : 95.25%  4 : 0.82%  5 : 0.49%  6 : 0.00%  7 : 0.65%  8 : 0.65%  9 : 0.49%  
Divergence : jsd 0.6275, tvd 0.8504
labels from the first batch :[3, 3, 3, 3, 3, 3, 3, 3, 3, 3, 3, 3, 3, 3, 3, 3, 3, 3, 3, 3, 3, 3, 3, 3, 3, 3, 3, 3, 3, 3, 4, 3]

Unique id : 69, dataset size : 611
Communication time : 800, Computation time per batch : 10, Training time : 1400
0 : 0.16%  1 : 0.49%  2 : 0.33%  3 : 95.25%  4 : 0.65%  5 : 0.49%  6 : 0.33%  7 : 0.82%  8 : 0.65%  9 : 0.82%  
Divergence : jsd 0.6251, tvd 0.8504
labels from the first batch :[3, 3, 3, 3, 3, 3, 3, 3, 3, 3, 3, 3, 3, 8, 3, 3, 8, 3, 3, 1, 3, 3, 3, 7, 3, 3, 3, 3, 3, 3, 3, 3]

Unique id : 70, dataset size : 593
Communication time : 800, Computation time per batch : 10, Training time : 11100
0 : 0.84%  1 : 0.51%  2 : 0.34%  3 : 0.34%  4 : 1.01%  5 : 0.51%  6 : 94.94%  7 : 0.51%  8 : 0.34%  9 : 0.67%  
Divergence : jsd 0.6243, tvd 0.8508
labels from the first batch :[6, 6, 6, 6, 6, 6, 6, 6, 6, 6, 6, 6, 4, 6, 6, 6, 6, 6, 6, 6, 6, 6, 6, 6, 6, 6, 6, 6, 6, 6, 6, 6]

Unique id : 71, dataset size : 593
Communication time : 800, Computation time per batch : 10, Training time : 1410
0 : 0.34%  1 : 0.17%  2 : 0.67%  3 : 0.84%  4 : 0.51%  5 : 0.17%  6 : 94.94%  7 : 0.51%  8 : 0.84%  9 : 1.01%  
Divergence : jsd 0.6266, tvd 0.8508
labels from the first batch :[6, 6, 6, 6, 6, 6, 6, 6, 9, 6, 6, 6, 6, 6, 6, 6, 6, 6, 6, 6, 6, 6, 6, 6, 6, 6, 9, 3, 6, 6, 6, 6]

Unique id : 72, dataset size : 592
Communication time : 800, Computation time per batch : 10, Training time : 1410
0 : 0.68%  1 : 0.51%  2 : 0.84%  3 : 0.51%  4 : 0.34%  5 : 0.51%  6 : 94.93%  7 : 0.51%  8 : 0.34%  9 : 0.84%  
Divergence : jsd 0.6231, tvd 0.8507
labels from the first batch :[6, 6, 9, 6, 6, 6, 6, 6, 6, 6, 6, 6, 6, 6, 6, 6, 3, 6, 0, 6, 6, 6, 6, 6, 6, 2, 6, 6, 6, 6, 6, 6]

Unique id : 73, dataset size : 592
Communication time : 800, Computation time per batch : 10, Training time : 1410
0 : 1.01%  1 : 0.68%  2 : 0.51%  3 : 0.34%  4 : 0.84%  5 : 0.34%  6 : 94.93%  7 : 0.17%  8 : 0.68%  9 : 0.51%  
Divergence : jsd 0.6251, tvd 0.8507
labels from the first batch :[6, 6, 6, 6, 6, 6, 6, 6, 6, 6, 6, 6, 6, 6, 6, 6, 6, 6, 6, 6, 6, 6, 6, 6, 6, 6, 6, 6, 4, 6, 6, 6]

Unique id : 74, dataset size : 592
Communication time : 800, Computation time per batch : 10, Training time : 1410
0 : 0.34%  1 : 0.84%  2 : 0.68%  3 : 1.01%  4 : 0.34%  5 : 0.51%  6 : 94.93%  7 : 1.18%  8 : 0.17%  9 : 0.00%  
Divergence : jsd 0.6300, tvd 0.8507
labels from the first batch :[6, 6, 6, 6, 6, 6, 6, 6, 6, 6, 6, 3, 6, 6, 6, 6, 6, 6, 6, 6, 6, 6, 1, 6, 6, 6, 6, 6, 6, 6, 6, 6]

Unique id : 75, dataset size : 592
Communication time : 800, Computation time per batch : 10, Training time : 1410
0 : 0.34%  1 : 0.68%  2 : 0.34%  3 : 0.68%  4 : 0.68%  5 : 0.84%  6 : 94.93%  7 : 0.51%  8 : 0.68%  9 : 0.34%  
Divergence : jsd 0.6233, tvd 0.8507
labels from the first batch :[6, 6, 6, 6, 6, 6, 6, 6, 6, 6, 6, 6, 6, 6, 6, 6, 6, 6, 6, 4, 6, 6, 6, 6, 6, 6, 6, 6, 6, 6, 6, 6]

Unique id : 76, dataset size : 592
Communication time : 800, Computation time per batch : 10, Training time : 1410
0 : 0.00%  1 : 0.84%  2 : 0.84%  3 : 0.51%  4 : 0.68%  5 : 0.17%  6 : 94.93%  7 : 0.17%  8 : 0.84%  9 : 1.01%  
Divergence : jsd 0.6300, tvd 0.8507
labels from the first batch :[6, 6, 6, 6, 6, 6, 6, 6, 6, 6, 6, 6, 6, 6, 6, 6, 6, 6, 6, 6, 6, 6, 6, 6, 6, 6, 6, 2, 6, 6, 6, 6]

Unique id : 77, dataset size : 592
Communication time : 800, Computation time per batch : 10, Training time : 1410
0 : 0.68%  1 : 0.84%  2 : 0.68%  3 : 0.17%  4 : 0.68%  5 : 0.84%  6 : 94.93%  7 : 0.51%  8 : 0.34%  9 : 0.34%  
Divergence : jsd 0.6246, tvd 0.8507
labels from the first batch :[6, 6, 6, 6, 0, 6, 6, 6, 6, 6, 6, 6, 6, 6, 9, 6, 6, 6, 7, 6, 6, 6, 6, 6, 6, 6, 6, 6, 6, 6, 7, 6]

Unique id : 78, dataset size : 592
Communication time : 800, Computation time per batch : 10, Training time : 1410
0 : 0.68%  1 : 0.84%  2 : 0.34%  3 : 0.68%  4 : 0.00%  5 : 0.51%  6 : 94.93%  7 : 1.01%  8 : 0.84%  9 : 0.17%  
Divergence : jsd 0.6286, tvd 0.8507
labels from the first batch :[6, 6, 6, 6, 6, 6, 6, 6, 6, 6, 6, 6, 6, 6, 6, 6, 6, 6, 6, 6, 8, 6, 6, 6, 6, 6, 6, 6, 6, 6, 6, 6]

Unique id : 79, dataset size : 591
Communication time : 800, Computation time per batch : 10, Training time : 1410
0 : 0.68%  1 : 0.34%  2 : 0.34%  3 : 0.68%  4 : 0.34%  5 : 0.68%  6 : 95.09%  7 : 0.85%  8 : 0.34%  9 : 0.68%  
Divergence : jsd 0.6270, tvd 0.8523
labels from the first batch :[6, 6, 6, 6, 6, 6, 5, 6, 6, 6, 6, 6, 6, 6, 6, 6, 6, 6, 6, 6, 6, 6, 6, 6, 6, 6, 6, 3, 6, 6, 6, 6]

Unique id : 80, dataset size : 626
Communication time : 800, Computation time per batch : 10, Training time : 11600
0 : 0.48%  1 : 0.48%  2 : 0.80%  3 : 0.64%  4 : 0.64%  5 : 0.16%  6 : 0.64%  7 : 95.21%  8 : 0.16%  9 : 0.80%  
Divergence : jsd 0.6209, tvd 0.8477
labels from the first batch :[7, 7, 7, 7, 7, 7, 4, 7, 7, 7, 7, 7, 7, 7, 7, 7, 7, 7, 7, 7, 7, 7, 7, 7, 7, 7, 3, 7, 7, 7, 7, 7]

Unique id : 81, dataset size : 625
Communication time : 800, Computation time per batch : 10, Training time : 1400
0 : 0.48%  1 : 0.64%  2 : 0.48%  3 : 0.32%  4 : 0.64%  5 : 0.96%  6 : 0.48%  7 : 95.20%  8 : 0.32%  9 : 0.48%  
Divergence : jsd 0.6194, tvd 0.8476
labels from the first batch :[7, 7, 7, 7, 7, 7, 7, 7, 7, 7, 7, 7, 7, 7, 7, 7, 7, 7, 7, 7, 7, 7, 7, 7, 7, 7, 7, 7, 7, 7, 7, 7]

Unique id : 82, dataset size : 625
Communication time : 800, Computation time per batch : 10, Training time : 1400
0 : 0.32%  1 : 0.64%  2 : 0.64%  3 : 0.64%  4 : 0.96%  5 : 0.80%  6 : 0.48%  7 : 95.20%  8 : 0.16%  9 : 0.16%  
Divergence : jsd 0.6219, tvd 0.8476
labels from the first batch :[7, 7, 7, 7, 7, 7, 7, 7, 7, 7, 7, 7, 7, 7, 7, 7, 7, 7, 5, 7, 7, 7, 7, 7, 7, 7, 7, 7, 7, 7, 7, 7]

Unique id : 83, dataset size : 625
Communication time : 800, Computation time per batch : 10, Training time : 1400
0 : 0.48%  1 : 0.48%  2 : 0.80%  3 : 0.48%  4 : 0.64%  5 : 0.48%  6 : 0.16%  7 : 95.20%  8 : 0.64%  9 : 0.64%  
Divergence : jsd 0.6194, tvd 0.8476
labels from the first batch :[7, 7, 7, 7, 7, 7, 7, 7, 7, 7, 9, 7, 7, 7, 7, 7, 7, 7, 7, 7, 7, 7, 7, 7, 7, 7, 7, 7, 7, 7, 7, 7]

Unique id : 84, dataset size : 625
Communication time : 800, Computation time per batch : 10, Training time : 1400
0 : 0.48%  1 : 0.64%  2 : 0.64%  3 : 0.32%  4 : 0.16%  5 : 0.48%  6 : 0.32%  7 : 95.20%  8 : 1.12%  9 : 0.64%  
Divergence : jsd 0.6212, tvd 0.8476
labels from the first batch :[7, 7, 7, 7, 7, 7, 7, 7, 7, 7, 7, 7, 7, 8, 7, 7, 7, 7, 7, 7, 7, 7, 7, 7, 7, 7, 7, 7, 7, 7, 7, 7]

Unique id : 85, dataset size : 625
Communication time : 800, Computation time per batch : 10, Training time : 1400
0 : 0.64%  1 : 0.64%  2 : 0.96%  3 : 0.48%  4 : 0.64%  5 : 0.48%  6 : 0.32%  7 : 95.20%  8 : 0.32%  9 : 0.32%  
Divergence : jsd 0.6195, tvd 0.8476
labels from the first batch :[7, 7, 7, 7, 7, 7, 7, 7, 7, 7, 7, 7, 7, 7, 7, 7, 7, 7, 7, 7, 7, 7, 7, 7, 7, 7, 7, 7, 7, 7, 7, 7]

Unique id : 86, dataset size : 625
Communication time : 800, Computation time per batch : 10, Training time : 1400
0 : 0.48%  1 : 0.80%  2 : 0.80%  3 : 0.32%  4 : 0.32%  5 : 0.32%  6 : 0.48%  7 : 95.20%  8 : 0.80%  9 : 0.48%  
Divergence : jsd 0.6194, tvd 0.8476
labels from the first batch :[7, 7, 7, 7, 7, 7, 7, 7, 7, 7, 7, 7, 7, 7, 7, 7, 7, 7, 7, 7, 7, 7, 7, 7, 7, 7, 7, 7, 7, 7, 7, 7]

Unique id : 87, dataset size : 624
Communication time : 800, Computation time per batch : 10, Training time : 1400
0 : 0.80%  1 : 0.32%  2 : 0.16%  3 : 0.96%  4 : 0.48%  5 : 0.32%  6 : 0.48%  7 : 95.35%  8 : 0.64%  9 : 0.48%  
Divergence : jsd 0.6239, tvd 0.8491
labels from the first batch :[7, 7, 7, 7, 7, 7, 7, 7, 7, 7, 7, 7, 7, 7, 7, 7, 7, 7, 7, 7, 7, 7, 7, 7, 7, 7, 7, 7, 7, 7, 8, 7]

Unique id : 88, dataset size : 624
Communication time : 800, Computation time per batch : 10, Training time : 1400
0 : 0.80%  1 : 0.32%  2 : 0.00%  3 : 0.80%  4 : 0.16%  5 : 0.64%  6 : 1.12%  7 : 95.35%  8 : 0.16%  9 : 0.64%  
Divergence : jsd 0.6299, tvd 0.8491
labels from the first batch :[7, 7, 7, 7, 7, 7, 7, 7, 7, 7, 7, 7, 7, 7, 7, 7, 7, 7, 7, 7, 7, 7, 7, 7, 7, 7, 7, 7, 7, 7, 7, 7]

Unique id : 89, dataset size : 624
Communication time : 800, Computation time per batch : 10, Training time : 1400
0 : 0.32%  1 : 0.96%  2 : 0.00%  3 : 0.48%  4 : 0.48%  5 : 0.16%  6 : 0.80%  7 : 95.35%  8 : 0.80%  9 : 0.64%  
Divergence : jsd 0.6272, tvd 0.8491
labels from the first batch :[7, 7, 7, 7, 7, 6, 3, 7, 7, 7, 7, 7, 7, 7, 7, 7, 7, 7, 7, 7, 7, 7, 7, 7, 7, 7, 7, 7, 1, 7, 7, 7]

Unique id : 90, dataset size : 586
Communication time : 800, Computation time per batch : 10, Training time : 11100
0 : 0.34%  1 : 0.51%  2 : 0.51%  3 : 0.51%  4 : 0.34%  5 : 0.51%  6 : 0.51%  7 : 0.85%  8 : 94.88%  9 : 1.02%  
Divergence : jsd 0.6244, tvd 0.8513
labels from the first batch :[8, 8, 8, 8, 8, 8, 8, 8, 8, 8, 8, 8, 8, 8, 8, 8, 8, 8, 8, 8, 8, 8, 6, 8, 8, 8, 8, 8, 8, 8, 8, 8]

Unique id : 91, dataset size : 586
Communication time : 800, Computation time per batch : 10, Training time : 1410
0 : 0.85%  1 : 0.34%  2 : 0.34%  3 : 0.68%  4 : 0.68%  5 : 0.51%  6 : 1.02%  7 : 0.34%  8 : 94.88%  9 : 0.34%  
Divergence : jsd 0.6255, tvd 0.8513
labels from the first batch :[8, 8, 8, 8, 8, 8, 8, 8, 8, 7, 8, 8, 8, 8, 6, 8, 8, 8, 8, 8, 8, 8, 8, 5, 8, 8, 8, 8, 8, 8, 8, 8]

Unique id : 92, dataset size : 586
Communication time : 800, Computation time per batch : 10, Training time : 1410
0 : 0.34%  1 : 1.02%  2 : 0.51%  3 : 1.02%  4 : 0.34%  5 : 0.68%  6 : 0.51%  7 : 0.34%  8 : 94.88%  9 : 0.34%  
Divergence : jsd 0.6254, tvd 0.8513
labels from the first batch :[8, 8, 8, 2, 8, 8, 8, 8, 1, 8, 8, 8, 8, 8, 8, 8, 8, 8, 8, 8, 8, 8, 8, 8, 8, 8, 1, 8, 8, 8, 8, 8]

Unique id : 93, dataset size : 586
Communication time : 800, Computation time per batch : 10, Training time : 1410
0 : 0.51%  1 : 0.68%  2 : 1.02%  3 : 0.85%  4 : 0.34%  5 : 0.68%  6 : 0.17%  7 : 0.51%  8 : 94.88%  9 : 0.34%  
Divergence : jsd 0.6258, tvd 0.8513
labels from the first batch :[8, 8, 0, 8, 8, 8, 8, 8, 8, 8, 8, 8, 8, 8, 8, 8, 8, 8, 8, 8, 8, 8, 8, 8, 8, 8, 5, 8, 8, 8, 8, 8]

Unique id : 94, dataset size : 586
Communication time : 800, Computation time per batch : 10, Training time : 1410
0 : 0.68%  1 : 0.85%  2 : 0.68%  3 : 0.51%  4 : 0.51%  5 : 0.85%  6 : 0.17%  7 : 0.17%  8 : 94.88%  9 : 0.68%  
Divergence : jsd 0.6261, tvd 0.8513
labels from the first batch :[8, 8, 8, 8, 8, 8, 8, 8, 8, 8, 8, 8, 8, 8, 8, 8, 5, 8, 8, 8, 8, 8, 8, 8, 8, 8, 8, 8, 8, 8, 8, 8]

Unique id : 95, dataset size : 586
Communication time : 800, Computation time per batch : 10, Training time : 1410
0 : 0.51%  1 : 0.85%  2 : 0.51%  3 : 0.51%  4 : 0.51%  5 : 0.17%  6 : 0.51%  7 : 0.85%  8 : 94.88%  9 : 0.68%  
Divergence : jsd 0.6240, tvd 0.8513
labels from the first batch :[8, 8, 8, 8, 8, 8, 8, 8, 8, 8, 8, 8, 8, 8, 8, 8, 8, 8, 8, 8, 8, 8, 8, 8, 8, 8, 8, 8, 8, 8, 8, 8]

Unique id : 96, dataset size : 586
Communication time : 800, Computation time per batch : 10, Training time : 1410
0 : 0.51%  1 : 0.51%  2 : 0.34%  3 : 0.34%  4 : 0.68%  5 : 0.68%  6 : 0.85%  7 : 0.51%  8 : 94.88%  9 : 0.68%  
Divergence : jsd 0.6239, tvd 0.8513
labels from the first batch :[8, 8, 8, 8, 8, 8, 8, 8, 8, 8, 8, 8, 8, 9, 8, 8, 8, 8, 8, 8, 8, 8, 8, 8, 8, 8, 8, 8, 8, 8, 8, 8]

Unique id : 97, dataset size : 586
Communication time : 800, Computation time per batch : 10, Training time : 1410
0 : 0.34%  1 : 0.17%  2 : 0.68%  3 : 0.51%  4 : 1.37%  5 : 0.34%  6 : 0.34%  7 : 1.02%  8 : 94.88%  9 : 0.34%  
Divergence : jsd 0.6289, tvd 0.8513
labels from the first batch :[8, 8, 8, 8, 8, 8, 8, 8, 8, 8, 8, 8, 8, 8, 8, 8, 8, 8, 8, 8, 8, 8, 8, 8, 8, 8, 8, 8, 8, 8, 8, 8]

Unique id : 98, dataset size : 584
Communication time : 800, Computation time per batch : 10, Training time : 1410
0 : 0.68%  1 : 0.51%  2 : 0.34%  3 : 0.68%  4 : 0.51%  5 : 0.34%  6 : 0.68%  7 : 0.68%  8 : 95.03%  9 : 0.51%  
Divergence : jsd 0.6263, tvd 0.8528
labels from the first batch :[8, 8, 8, 8, 8, 8, 8, 8, 8, 8, 8, 8, 8, 8, 8, 8, 8, 5, 8, 8, 8, 8, 8, 8, 8, 8, 8, 8, 8, 8, 8, 8]

Unique id : 99, dataset size : 584
Communication time : 800, Computation time per batch : 10, Training time : 1410
0 : 0.86%  1 : 0.86%  2 : 0.68%  3 : 0.17%  4 : 0.17%  5 : 0.34%  6 : 0.68%  7 : 0.51%  8 : 95.03%  9 : 0.68%  
Divergence : jsd 0.6292, tvd 0.8528
labels from the first batch :[8, 8, 8, 8, 6, 8, 8, 8, 8, 8, 8, 6, 8, 8, 8, 8, 8, 8, 8, 8, 8, 9, 8, 8, 8, 8, 8, 8, 8, 8, 1, 2]

