-----------------------------------------------------

Central server round 2 started
Model sent from central server with 100msec communication time, with loss :2.31, accuracy : 8.86%
Accuracy per label : ['0:0.00%', '1:0.40%', '2:0.40%', '3:3.80%', '4:0.00%', '5:0.00%', '6:0.00%', '7:0.00%', '8:84.00%', '9:0.00%']
The model is from round 0 from central server, staleness is 1

Cluster round 1 completed, aggregated models from all the clients, time past : 800msec, loss : 2.10, accuracy 26.09%
Accuracy per label : ['0:58.00%', '1:16.70%', '2:0.30%', '3:0.10%', '4:42.20%', '5:35.80%', '6:11.00%', '7:12.30%', '8:54.80%', '9:29.70%']

Cluster round 2 completed, aggregated models from all the clients, time past : 1500msec, loss : 1.91, accuracy 32.68%
Accuracy per label : ['0:52.20%', '1:27.30%', '2:3.90%', '3:11.80%', '4:9.20%', '5:35.90%', '6:61.20%', '7:29.40%', '8:46.40%', '9:49.50%']

Cluster round 3 completed, aggregated models from all the clients, time past : 2200msec, loss : 1.82, accuracy 35.03%
Accuracy per label : ['0:56.20%', '1:37.80%', '2:11.40%', '3:3.30%', '4:35.30%', '5:44.20%', '6:50.80%', '7:29.40%', '8:35.90%', '9:46.00%']

Before aggregation, loss : 2.02, accuracy : 34.74%
Before aggregation, accuracy per label : ['0:56.60%', '1:39.50%', '2:10.30%', '3:15.00%', '4:17.00%', '5:34.10%', '6:46.20%', '7:29.30%', '8:52.50%', '9:46.90%']
Aggregation to central server completed at central server round 250, loss : 1.94, accuracy: 35.31%, staleness : 1
Accuracy per label after aggregation : ['0:57.40%', '1:38.80%', '2:10.30%', '3:9.00%', '4:27.20%', '5:41.20%', '6:45.50%', '7:30.10%', '8:46.30%', '9:47.30%']

-----------------------------------------------------

Central server round 7 started
Model sent from central server with 100msec communication time, with loss :1.94, accuracy : 35.31%
Accuracy per label : ['0:57.40%', '1:38.80%', '2:10.30%', '3:9.00%', '4:27.20%', '5:41.20%', '6:45.50%', '7:30.10%', '8:46.30%', '9:47.30%']
The model is from round 2 from central server, staleness is 4

Cluster round 1 completed, aggregated models from all the clients, time past : 800msec, loss : 1.80, accuracy 36.48%
Accuracy per label : ['0:60.60%', '1:44.50%', '2:10.20%', '3:13.40%', '4:21.50%', '5:33.80%', '6:51.40%', '7:36.40%', '8:50.60%', '9:42.40%']

Cluster round 2 completed, aggregated models from all the clients, time past : 1500msec, loss : 1.71, accuracy 39.67%
Accuracy per label : ['0:49.00%', '1:44.00%', '2:12.60%', '3:17.70%', '4:37.40%', '5:33.50%', '6:61.70%', '7:45.50%', '8:45.00%', '9:50.30%']

Cluster round 3 completed, aggregated models from all the clients, time past : 2200msec, loss : 1.64, accuracy 41.90%
Accuracy per label : ['0:42.70%', '1:46.10%', '2:33.00%', '3:17.10%', '4:31.50%', '5:32.20%', '6:57.10%', '7:43.90%', '8:68.20%', '9:47.20%']

Before aggregation, loss : 1.85, accuracy : 36.70%
Before aggregation, accuracy per label : ['0:53.50%', '1:36.30%', '2:8.00%', '3:11.00%', '4:29.50%', '5:42.10%', '6:51.20%', '7:37.80%', '8:51.10%', '9:46.50%']
Aggregation to central server completed at central server round 250, loss : 1.82, accuracy: 37.63%, staleness : 4
Accuracy per label after aggregation : ['0:51.70%', '1:36.90%', '2:10.10%', '3:11.10%', '4:33.90%', '5:41.50%', '6:51.70%', '7:37.90%', '8:54.20%', '9:47.30%']

-----------------------------------------------------

Central server round 12 started
Model sent from central server with 100msec communication time, with loss :1.82, accuracy : 37.63%
Accuracy per label : ['0:51.70%', '1:36.90%', '2:10.10%', '3:11.10%', '4:33.90%', '5:41.50%', '6:51.70%', '7:37.90%', '8:54.20%', '9:47.30%']
The model is from round 7 from central server, staleness is 4

Cluster round 1 completed, aggregated models from all the clients, time past : 800msec, loss : 1.73, accuracy 38.47%
Accuracy per label : ['0:42.90%', '1:57.40%', '2:11.80%', '3:14.30%', '4:36.60%', '5:34.10%', '6:67.90%', '7:32.80%', '8:37.80%', '9:49.10%']

Cluster round 2 completed, aggregated models from all the clients, time past : 1500msec, loss : 1.64, accuracy 41.93%
Accuracy per label : ['0:55.20%', '1:51.30%', '2:22.90%', '3:17.70%', '4:40.40%', '5:26.30%', '6:60.40%', '7:45.40%', '8:54.50%', '9:45.20%']

Cluster round 3 completed, aggregated models from all the clients, time past : 2200msec, loss : 1.57, accuracy 44.28%
Accuracy per label : ['0:53.30%', '1:61.60%', '2:27.90%', '3:26.70%', '4:27.40%', '5:38.20%', '6:63.90%', '7:46.40%', '8:54.30%', '9:43.10%']

Before aggregation, loss : 1.72, accuracy : 39.80%
Before aggregation, accuracy per label : ['0:51.60%', '1:42.30%', '2:13.10%', '3:13.40%', '4:37.20%', '5:39.80%', '6:53.50%', '7:39.60%', '8:59.80%', '9:47.70%']
Aggregation to central server completed at central server round 250, loss : 1.70, accuracy: 40.45%, staleness : 4
Accuracy per label after aggregation : ['0:52.20%', '1:44.10%', '2:14.90%', '3:14.60%', '4:36.80%', '5:39.20%', '6:55.40%', '7:40.20%', '8:59.70%', '9:47.40%']

-----------------------------------------------------

Central server round 17 started
Model sent from central server with 100msec communication time, with loss :1.70, accuracy : 40.45%
Accuracy per label : ['0:52.20%', '1:44.10%', '2:14.90%', '3:14.60%', '4:36.80%', '5:39.20%', '6:55.40%', '7:40.20%', '8:59.70%', '9:47.40%']
The model is from round 12 from central server, staleness is 4

Cluster round 1 completed, aggregated models from all the clients, time past : 800msec, loss : 1.62, accuracy 42.44%
Accuracy per label : ['0:47.60%', '1:46.10%', '2:19.60%', '3:15.30%', '4:40.70%', '5:30.40%', '6:67.10%', '7:48.20%', '8:53.60%', '9:55.80%']

Cluster round 2 completed, aggregated models from all the clients, time past : 1500msec, loss : 1.56, accuracy 44.41%
Accuracy per label : ['0:48.00%', '1:52.20%', '2:25.90%', '3:22.10%', '4:43.80%', '5:34.00%', '6:54.20%', '7:50.90%', '8:70.30%', '9:42.70%']

Cluster round 3 completed, aggregated models from all the clients, time past : 2200msec, loss : 1.52, accuracy 46.30%
Accuracy per label : ['0:62.20%', '1:72.70%', '2:28.00%', '3:25.30%', '4:33.00%', '5:32.50%', '6:64.60%', '7:47.20%', '8:54.20%', '9:43.30%']

Before aggregation, loss : 1.62, accuracy : 42.89%
Before aggregation, accuracy per label : ['0:52.10%', '1:48.10%', '2:19.40%', '3:16.20%', '4:40.00%', '5:36.20%', '6:62.10%', '7:44.90%', '8:62.90%', '9:47.00%']
Aggregation to central server completed at central server round 250, loss : 1.61, accuracy: 43.56%, staleness : 4
Accuracy per label after aggregation : ['0:54.20%', '1:51.30%', '2:21.00%', '3:17.00%', '4:39.60%', '5:35.80%', '6:62.50%', '7:45.00%', '8:62.40%', '9:46.80%']

-----------------------------------------------------

Central server round 22 started
Model sent from central server with 100msec communication time, with loss :1.61, accuracy : 43.56%
Accuracy per label : ['0:54.20%', '1:51.30%', '2:21.00%', '3:17.00%', '4:39.60%', '5:35.80%', '6:62.50%', '7:45.00%', '8:62.40%', '9:46.80%']
The model is from round 17 from central server, staleness is 4

Cluster round 1 completed, aggregated models from all the clients, time past : 800msec, loss : 1.56, accuracy 44.01%
Accuracy per label : ['0:40.80%', '1:51.40%', '2:29.80%', '3:14.70%', '4:42.20%', '5:32.70%', '6:73.10%', '7:37.10%', '8:62.40%', '9:55.90%']

Cluster round 2 completed, aggregated models from all the clients, time past : 1500msec, loss : 1.50, accuracy 46.81%
Accuracy per label : ['0:54.70%', '1:62.20%', '2:27.00%', '3:40.50%', '4:33.30%', '5:28.00%', '6:54.40%', '7:51.50%', '8:71.20%', '9:45.30%']

Cluster round 3 completed, aggregated models from all the clients, time past : 2200msec, loss : 1.45, accuracy 47.95%
Accuracy per label : ['0:48.30%', '1:60.30%', '2:21.70%', '3:17.30%', '4:46.30%', '5:40.10%', '6:75.50%', '7:50.20%', '8:63.00%', '9:56.80%']

Before aggregation, loss : 1.53, accuracy : 45.65%
Before aggregation, accuracy per label : ['0:54.40%', '1:54.30%', '2:22.80%', '3:22.00%', '4:40.10%', '5:37.00%', '6:64.80%', '7:47.20%', '8:63.20%', '9:50.70%']
Aggregation to central server completed at central server round 250, loss : 1.52, accuracy: 46.24%, staleness : 4
Accuracy per label after aggregation : ['0:54.00%', '1:55.80%', '2:22.80%', '3:21.10%', '4:41.90%', '5:37.60%', '6:66.40%', '7:47.90%', '8:63.30%', '9:51.60%']

-----------------------------------------------------

Central server round 27 started
Model sent from central server with 100msec communication time, with loss :1.52, accuracy : 46.24%
Accuracy per label : ['0:54.00%', '1:55.80%', '2:22.80%', '3:21.10%', '4:41.90%', '5:37.60%', '6:66.40%', '7:47.90%', '8:63.30%', '9:51.60%']
The model is from round 22 from central server, staleness is 4

Cluster round 1 completed, aggregated models from all the clients, time past : 800msec, loss : 1.48, accuracy 47.56%
Accuracy per label : ['0:58.90%', '1:63.20%', '2:24.80%', '3:22.10%', '4:30.70%', '5:39.70%', '6:63.90%', '7:53.20%', '8:66.20%', '9:52.90%']

Cluster round 2 completed, aggregated models from all the clients, time past : 1500msec, loss : 1.51, accuracy 46.63%
Accuracy per label : ['0:53.50%', '1:47.50%', '2:35.90%', '3:26.60%', '4:42.80%', '5:26.40%', '6:76.00%', '7:54.80%', '8:62.00%', '9:40.80%']

Cluster round 3 completed, aggregated models from all the clients, time past : 2200msec, loss : 1.42, accuracy 49.30%
Accuracy per label : ['0:57.00%', '1:65.40%', '2:48.20%', '3:31.20%', '4:41.90%', '5:38.50%', '6:60.60%', '7:45.70%', '8:69.70%', '9:34.80%']

Before aggregation, loss : 1.46, accuracy : 48.28%
Before aggregation, accuracy per label : ['0:53.60%', '1:58.30%', '2:25.00%', '3:26.00%', '4:41.90%', '5:37.90%', '6:64.30%', '7:53.10%', '8:66.40%', '9:56.30%']
Aggregation to central server completed at central server round 250, loss : 1.45, accuracy: 48.64%, staleness : 4
Accuracy per label after aggregation : ['0:53.80%', '1:59.50%', '2:27.30%', '3:26.20%', '4:42.60%', '5:38.60%', '6:64.50%', '7:52.60%', '8:66.80%', '9:54.50%']

-----------------------------------------------------

Central server round 32 started
Model sent from central server with 100msec communication time, with loss :1.45, accuracy : 48.64%
Accuracy per label : ['0:53.80%', '1:59.50%', '2:27.30%', '3:26.20%', '4:42.60%', '5:38.60%', '6:64.50%', '7:52.60%', '8:66.80%', '9:54.50%']
The model is from round 27 from central server, staleness is 4

Cluster round 1 completed, aggregated models from all the clients, time past : 800msec, loss : 1.43, accuracy 48.98%
Accuracy per label : ['0:47.50%', '1:51.20%', '2:33.10%', '3:20.30%', '4:46.30%', '5:40.00%', '6:70.80%', '7:49.50%', '8:72.10%', '9:59.00%']

Cluster round 2 completed, aggregated models from all the clients, time past : 1500msec, loss : 1.38, accuracy 50.47%
Accuracy per label : ['0:55.10%', '1:59.60%', '2:41.50%', '3:25.90%', '4:36.10%', '5:37.50%', '6:73.40%', '7:51.80%', '8:62.60%', '9:61.20%']

Cluster round 3 completed, aggregated models from all the clients, time past : 2200msec, loss : 1.36, accuracy 51.00%
Accuracy per label : ['0:55.00%', '1:58.20%', '2:21.60%', '3:38.10%', '4:48.90%', '5:36.10%', '6:71.30%', '7:55.10%', '8:69.50%', '9:56.20%']

Before aggregation, loss : 1.40, accuracy : 50.28%
Before aggregation, accuracy per label : ['0:53.30%', '1:61.90%', '2:29.60%', '3:26.90%', '4:43.70%', '5:40.30%', '6:65.20%', '7:55.50%', '8:69.00%', '9:57.40%']
Aggregation to central server completed at central server round 250, loss : 1.39, accuracy: 50.63%, staleness : 4
Accuracy per label after aggregation : ['0:53.70%', '1:62.50%', '2:29.20%', '3:28.10%', '4:44.30%', '5:40.30%', '6:66.40%', '7:55.20%', '8:69.40%', '9:57.20%']

-----------------------------------------------------

Central server round 37 started
Model sent from central server with 100msec communication time, with loss :1.39, accuracy : 50.63%
Accuracy per label : ['0:53.70%', '1:62.50%', '2:29.20%', '3:28.10%', '4:44.30%', '5:40.30%', '6:66.40%', '7:55.20%', '8:69.40%', '9:57.20%']
The model is from round 32 from central server, staleness is 4

Cluster round 1 completed, aggregated models from all the clients, time past : 800msec, loss : 1.41, accuracy 48.53%
Accuracy per label : ['0:54.10%', '1:63.00%', '2:21.10%', '3:23.60%', '4:70.10%', '5:39.90%', '6:51.80%', '7:50.30%', '8:63.90%', '9:47.50%']

Cluster round 2 completed, aggregated models from all the clients, time past : 1500msec, loss : 1.33, accuracy 52.73%
Accuracy per label : ['0:54.70%', '1:70.90%', '2:42.10%', '3:34.00%', '4:37.80%', '5:49.20%', '6:61.80%', '7:58.50%', '8:66.00%', '9:52.30%']

Cluster round 3 completed, aggregated models from all the clients, time past : 2200msec, loss : 1.33, accuracy 52.49%
Accuracy per label : ['0:55.70%', '1:53.50%', '2:44.20%', '3:26.90%', '4:46.30%', '5:35.20%', '6:72.10%', '7:56.50%', '8:71.60%', '9:62.90%']

Before aggregation, loss : 1.36, accuracy : 52.01%
Before aggregation, accuracy per label : ['0:56.50%', '1:63.90%', '2:31.50%', '3:32.20%', '4:43.50%', '5:39.80%', '6:66.10%', '7:57.80%', '8:70.40%', '9:58.40%']
Aggregation to central server completed at central server round 250, loss : 1.35, accuracy: 52.24%, staleness : 4
Accuracy per label after aggregation : ['0:56.30%', '1:63.00%', '2:33.10%', '3:31.90%', '4:43.70%', '5:39.60%', '6:67.20%', '7:57.80%', '8:70.70%', '9:59.10%']

-----------------------------------------------------

Central server round 42 started
Model sent from central server with 100msec communication time, with loss :1.35, accuracy : 52.24%
Accuracy per label : ['0:56.30%', '1:63.00%', '2:33.10%', '3:31.90%', '4:43.70%', '5:39.60%', '6:67.20%', '7:57.80%', '8:70.70%', '9:59.10%']
The model is from round 37 from central server, staleness is 4

Cluster round 1 completed, aggregated models from all the clients, time past : 800msec, loss : 1.32, accuracy 52.96%
Accuracy per label : ['0:56.20%', '1:72.80%', '2:35.20%', '3:44.80%', '4:37.30%', '5:40.00%', '6:70.60%', '7:53.40%', '8:66.70%', '9:52.60%']

Cluster round 2 completed, aggregated models from all the clients, time past : 1500msec, loss : 1.33, accuracy 52.92%
Accuracy per label : ['0:65.40%', '1:71.20%', '2:39.00%', '3:21.50%', '4:30.00%', '5:58.30%', '6:57.10%', '7:63.70%', '8:63.00%', '9:60.00%']

Cluster round 3 completed, aggregated models from all the clients, time past : 2200msec, loss : 1.29, accuracy 54.32%
Accuracy per label : ['0:58.90%', '1:72.40%', '2:42.60%', '3:35.40%', '4:46.90%', '5:37.60%', '6:66.30%', '7:55.30%', '8:75.60%', '9:52.20%']

Before aggregation, loss : 1.31, accuracy : 53.43%
Before aggregation, accuracy per label : ['0:58.30%', '1:65.30%', '2:34.90%', '3:33.00%', '4:44.70%', '5:39.50%', '6:66.80%', '7:61.00%', '8:70.60%', '9:60.20%']
Aggregation to central server completed at central server round 250, loss : 1.30, accuracy: 53.70%, staleness : 4
Accuracy per label after aggregation : ['0:58.80%', '1:66.80%', '2:36.10%', '3:33.40%', '4:44.80%', '5:39.30%', '6:66.70%', '7:60.20%', '8:71.70%', '9:59.20%']

-----------------------------------------------------

Central server round 47 started
Model sent from central server with 100msec communication time, with loss :1.30, accuracy : 53.70%
Accuracy per label : ['0:58.80%', '1:66.80%', '2:36.10%', '3:33.40%', '4:44.80%', '5:39.30%', '6:66.70%', '7:60.20%', '8:71.70%', '9:59.20%']
The model is from round 42 from central server, staleness is 4

Cluster round 1 completed, aggregated models from all the clients, time past : 800msec, loss : 1.29, accuracy 53.83%
Accuracy per label : ['0:60.00%', '1:61.80%', '2:32.60%', '3:30.00%', '4:43.20%', '5:54.20%', '6:64.00%', '7:61.40%', '8:75.40%', '9:55.70%']

Cluster round 2 completed, aggregated models from all the clients, time past : 1500msec, loss : 1.28, accuracy 54.59%
Accuracy per label : ['0:57.50%', '1:65.30%', '2:31.60%', '3:41.60%', '4:38.00%', '5:37.10%', '6:73.80%', '7:63.20%', '8:75.10%', '9:62.70%']

Cluster round 3 completed, aggregated models from all the clients, time past : 2200msec, loss : 1.27, accuracy 55.01%
Accuracy per label : ['0:70.00%', '1:78.10%', '2:36.40%', '3:30.00%', '4:58.60%', '5:43.90%', '6:65.80%', '7:59.90%', '8:64.20%', '9:43.20%']

Before aggregation, loss : 1.28, accuracy : 54.86%
Before aggregation, accuracy per label : ['0:60.90%', '1:68.40%', '2:38.50%', '3:36.10%', '4:45.10%', '5:39.10%', '6:66.70%', '7:62.20%', '8:71.90%', '9:59.70%']
Aggregation to central server completed at central server round 250, loss : 1.27, accuracy: 55.08%, staleness : 4
Accuracy per label after aggregation : ['0:61.80%', '1:70.40%', '2:37.50%', '3:35.90%', '4:46.40%', '5:39.80%', '6:66.90%', '7:62.30%', '8:71.60%', '9:58.20%']

-----------------------------------------------------

Central server round 52 started
Model sent from central server with 100msec communication time, with loss :1.27, accuracy : 55.08%
Accuracy per label : ['0:61.80%', '1:70.40%', '2:37.50%', '3:35.90%', '4:46.40%', '5:39.80%', '6:66.90%', '7:62.30%', '8:71.60%', '9:58.20%']
The model is from round 47 from central server, staleness is 4

Cluster round 1 completed, aggregated models from all the clients, time past : 800msec, loss : 1.25, accuracy 55.53%
Accuracy per label : ['0:61.60%', '1:63.50%', '2:48.40%', '3:38.50%', '4:36.00%', '5:43.00%', '6:66.60%', '7:71.20%', '8:72.70%', '9:53.80%']

Cluster round 2 completed, aggregated models from all the clients, time past : 1500msec, loss : 1.26, accuracy 55.51%
Accuracy per label : ['0:67.60%', '1:73.70%', '2:33.70%', '3:31.60%', '4:45.60%', '5:41.40%', '6:78.40%', '7:58.20%', '8:74.70%', '9:50.20%']

Cluster round 3 completed, aggregated models from all the clients, time past : 2200msec, loss : 1.29, accuracy 55.05%
Accuracy per label : ['0:68.80%', '1:79.00%', '2:40.80%', '3:26.20%', '4:49.10%', '5:43.90%', '6:72.80%', '7:48.90%', '8:72.00%', '9:49.00%']

Before aggregation, loss : 1.24, accuracy : 56.42%
Before aggregation, accuracy per label : ['0:61.80%', '1:68.50%', '2:38.60%', '3:37.70%', '4:46.10%', '5:44.80%', '6:68.50%', '7:63.40%', '8:73.40%', '9:61.40%']
Aggregation to central server completed at central server round 250, loss : 1.23, accuracy: 56.55%, staleness : 4
Accuracy per label after aggregation : ['0:63.10%', '1:70.50%', '2:39.30%', '3:36.70%', '4:46.30%', '5:44.30%', '6:69.20%', '7:62.30%', '8:73.40%', '9:60.40%']

-----------------------------------------------------

Central server round 57 started
Model sent from central server with 100msec communication time, with loss :1.23, accuracy : 56.55%
Accuracy per label : ['0:63.10%', '1:70.50%', '2:39.30%', '3:36.70%', '4:46.30%', '5:44.30%', '6:69.20%', '7:62.30%', '8:73.40%', '9:60.40%']
The model is from round 52 from central server, staleness is 4

Cluster round 1 completed, aggregated models from all the clients, time past : 800msec, loss : 1.22, accuracy 56.29%
Accuracy per label : ['0:62.90%', '1:52.70%', '2:43.50%', '3:47.80%', '4:47.20%', '5:41.60%', '6:61.10%', '7:66.40%', '8:68.60%', '9:71.10%']

Cluster round 2 completed, aggregated models from all the clients, time past : 1500msec, loss : 1.22, accuracy 57.16%
Accuracy per label : ['0:54.50%', '1:65.30%', '2:42.90%', '3:38.70%', '4:47.50%', '5:53.50%', '6:61.00%', '7:68.90%', '8:73.10%', '9:66.20%']

Cluster round 3 completed, aggregated models from all the clients, time past : 2200msec, loss : 1.23, accuracy 57.20%
Accuracy per label : ['0:63.30%', '1:69.20%', '2:43.00%', '3:26.30%', '4:38.90%', '5:55.20%', '6:80.10%', '7:64.50%', '8:72.10%', '9:59.40%']

Before aggregation, loss : 1.21, accuracy : 57.57%
Before aggregation, accuracy per label : ['0:63.40%', '1:71.10%', '2:39.10%', '3:35.90%', '4:51.10%', '5:43.80%', '6:69.70%', '7:64.50%', '8:74.00%', '9:63.10%']
Aggregation to central server completed at central server round 250, loss : 1.20, accuracy: 57.72%, staleness : 4
Accuracy per label after aggregation : ['0:63.80%', '1:71.60%', '2:39.90%', '3:34.80%', '4:49.20%', '5:44.90%', '6:71.00%', '7:64.90%', '8:74.00%', '9:63.10%']

-----------------------------------------------------

Central server round 62 started
Model sent from central server with 100msec communication time, with loss :1.20, accuracy : 57.72%
Accuracy per label : ['0:63.80%', '1:71.60%', '2:39.90%', '3:34.80%', '4:49.20%', '5:44.90%', '6:71.00%', '7:64.90%', '8:74.00%', '9:63.10%']
The model is from round 57 from central server, staleness is 4

Cluster round 1 completed, aggregated models from all the clients, time past : 800msec, loss : 1.22, accuracy 56.89%
Accuracy per label : ['0:67.10%', '1:67.90%', '2:51.40%', '3:34.50%', '4:51.50%', '5:44.60%', '6:69.70%', '7:56.70%', '8:75.90%', '9:49.60%']

Cluster round 2 completed, aggregated models from all the clients, time past : 1500msec, loss : 1.19, accuracy 58.05%
Accuracy per label : ['0:63.20%', '1:67.50%', '2:41.40%', '3:36.10%', '4:53.20%', '5:57.60%', '6:58.60%', '7:66.70%', '8:74.50%', '9:61.70%']

Cluster round 3 completed, aggregated models from all the clients, time past : 2200msec, loss : 1.20, accuracy 58.32%
Accuracy per label : ['0:68.70%', '1:72.80%', '2:39.90%', '3:37.90%', '4:50.40%', '5:50.90%', '6:65.30%', '7:70.00%', '8:69.50%', '9:57.80%']

Before aggregation, loss : 1.18, accuracy : 58.60%
Before aggregation, accuracy per label : ['0:63.70%', '1:71.80%', '2:42.50%', '3:36.30%', '4:50.10%', '5:45.10%', '6:71.40%', '7:66.20%', '8:74.60%', '9:64.30%']
Aggregation to central server completed at central server round 250, loss : 1.18, accuracy: 58.75%, staleness : 4
Accuracy per label after aggregation : ['0:65.00%', '1:72.50%', '2:42.50%', '3:36.10%', '4:49.70%', '5:45.70%', '6:71.10%', '7:67.20%', '8:74.00%', '9:63.70%']

-----------------------------------------------------

Central server round 67 started
Model sent from central server with 100msec communication time, with loss :1.18, accuracy : 58.75%
Accuracy per label : ['0:65.00%', '1:72.50%', '2:42.50%', '3:36.10%', '4:49.70%', '5:45.70%', '6:71.10%', '7:67.20%', '8:74.00%', '9:63.70%']
The model is from round 62 from central server, staleness is 4

Cluster round 1 completed, aggregated models from all the clients, time past : 800msec, loss : 1.21, accuracy 57.62%
Accuracy per label : ['0:65.50%', '1:72.10%', '2:31.30%', '3:36.70%', '4:59.90%', '5:43.60%', '6:67.70%', '7:59.50%', '8:78.90%', '9:61.00%']

Cluster round 2 completed, aggregated models from all the clients, time past : 1500msec, loss : 1.20, accuracy 58.65%
Accuracy per label : ['0:71.90%', '1:74.70%', '2:36.70%', '3:40.50%', '4:52.80%', '5:37.00%', '6:74.10%', '7:74.70%', '8:66.90%', '9:57.20%']

Cluster round 3 completed, aggregated models from all the clients, time past : 2200msec, loss : 1.19, accuracy 58.98%
Accuracy per label : ['0:64.00%', '1:73.10%', '2:51.50%', '3:34.30%', '4:46.20%', '5:50.60%', '6:74.30%', '7:65.40%', '8:74.10%', '9:56.30%']

Before aggregation, loss : 1.16, accuracy : 59.69%
Before aggregation, accuracy per label : ['0:64.80%', '1:72.10%', '2:42.90%', '3:35.70%', '4:52.40%', '5:49.30%', '6:71.20%', '7:68.10%', '8:75.10%', '9:65.30%']
Aggregation to central server completed at central server round 250, loss : 1.15, accuracy: 59.76%, staleness : 4
Accuracy per label after aggregation : ['0:65.70%', '1:72.20%', '2:44.20%', '3:34.90%', '4:51.20%', '5:49.40%', '6:71.70%', '7:68.40%', '8:75.40%', '9:64.50%']

-----------------------------------------------------

Central server round 72 started
Model sent from central server with 100msec communication time, with loss :1.15, accuracy : 59.76%
Accuracy per label : ['0:65.70%', '1:72.20%', '2:44.20%', '3:34.90%', '4:51.20%', '5:49.40%', '6:71.70%', '7:68.40%', '8:75.40%', '9:64.50%']
The model is from round 67 from central server, staleness is 4

Cluster round 1 completed, aggregated models from all the clients, time past : 800msec, loss : 1.16, accuracy 59.16%
Accuracy per label : ['0:70.70%', '1:69.10%', '2:37.70%', '3:43.10%', '4:48.00%', '5:44.70%', '6:75.20%', '7:67.30%', '8:71.80%', '9:64.00%']

Cluster round 2 completed, aggregated models from all the clients, time past : 1500msec, loss : 1.18, accuracy 58.98%
Accuracy per label : ['0:64.60%', '1:73.40%', '2:48.40%', '3:38.50%', '4:49.10%', '5:38.80%', '6:77.50%', '7:63.80%', '8:77.80%', '9:57.90%']

Cluster round 3 completed, aggregated models from all the clients, time past : 2200msec, loss : 1.21, accuracy 59.06%
Accuracy per label : ['0:63.10%', '1:69.40%', '2:50.20%', '3:29.30%', '4:45.90%', '5:42.50%', '6:79.90%', '7:70.40%', '8:77.20%', '9:62.70%']

Before aggregation, loss : 1.14, accuracy : 60.10%
Before aggregation, accuracy per label : ['0:65.00%', '1:74.30%', '2:44.80%', '3:38.30%', '4:51.60%', '5:49.50%', '6:70.90%', '7:68.20%', '8:76.70%', '9:61.70%']
Aggregation to central server completed at central server round 250, loss : 1.14, accuracy: 60.24%, staleness : 4
Accuracy per label after aggregation : ['0:64.90%', '1:73.70%', '2:45.80%', '3:37.20%', '4:50.70%', '5:49.10%', '6:72.80%', '7:69.40%', '8:77.10%', '9:61.70%']

-----------------------------------------------------

Central server round 77 started
Model sent from central server with 100msec communication time, with loss :1.14, accuracy : 60.24%
Accuracy per label : ['0:64.90%', '1:73.70%', '2:45.80%', '3:37.20%', '4:50.70%', '5:49.10%', '6:72.80%', '7:69.40%', '8:77.10%', '9:61.70%']
The model is from round 72 from central server, staleness is 4

Cluster round 1 completed, aggregated models from all the clients, time past : 800msec, loss : 1.18, accuracy 59.01%
Accuracy per label : ['0:72.10%', '1:69.00%', '2:46.10%', '3:43.70%', '4:47.80%', '5:32.70%', '6:83.10%', '7:57.40%', '8:70.40%', '9:67.80%']

Cluster round 2 completed, aggregated models from all the clients, time past : 1500msec, loss : 1.18, accuracy 59.62%
Accuracy per label : ['0:67.50%', '1:73.50%', '2:43.00%', '3:34.80%', '4:51.00%', '5:45.70%', '6:69.20%', '7:80.40%', '8:71.60%', '9:59.50%']

Cluster round 3 completed, aggregated models from all the clients, time past : 2200msec, loss : 1.22, accuracy 59.30%
Accuracy per label : ['0:67.90%', '1:62.90%', '2:43.80%', '3:43.60%', '4:60.30%', '5:38.10%', '6:68.10%', '7:63.90%', '8:80.30%', '9:64.10%']

Before aggregation, loss : 1.13, accuracy : 61.12%
Before aggregation, accuracy per label : ['0:65.20%', '1:73.20%', '2:46.50%', '3:35.30%', '4:54.30%', '5:51.80%', '6:72.80%', '7:69.80%', '8:77.70%', '9:64.60%']
Aggregation to central server completed at central server round 250, loss : 1.13, accuracy: 61.19%, staleness : 4
Accuracy per label after aggregation : ['0:65.80%', '1:72.40%', '2:46.50%', '3:36.20%', '4:55.50%', '5:50.50%', '6:72.30%', '7:69.80%', '8:78.30%', '9:64.60%']

-----------------------------------------------------

Central server round 82 started
Model sent from central server with 100msec communication time, with loss :1.13, accuracy : 61.19%
Accuracy per label : ['0:65.80%', '1:72.40%', '2:46.50%', '3:36.20%', '4:55.50%', '5:50.50%', '6:72.30%', '7:69.80%', '8:78.30%', '9:64.60%']
The model is from round 77 from central server, staleness is 4

Cluster round 1 completed, aggregated models from all the clients, time past : 800msec, loss : 1.16, accuracy 60.40%
Accuracy per label : ['0:62.20%', '1:68.00%', '2:37.20%', '3:43.70%', '4:61.20%', '5:58.80%', '6:67.30%', '7:65.90%', '8:69.40%', '9:70.30%']

Cluster round 2 completed, aggregated models from all the clients, time past : 1500msec, loss : 1.23, accuracy 59.17%
Accuracy per label : ['0:71.60%', '1:73.40%', '2:41.30%', '3:44.50%', '4:40.20%', '5:40.00%', '6:86.60%', '7:57.50%', '8:75.80%', '9:60.80%']

Cluster round 3 completed, aggregated models from all the clients, time past : 2200msec, loss : 1.22, accuracy 59.54%
Accuracy per label : ['0:64.80%', '1:63.10%', '2:39.30%', '3:31.00%', '4:65.70%', '5:59.10%', '6:63.10%', '7:63.00%', '8:70.00%', '9:76.30%']

Before aggregation, loss : 1.13, accuracy : 61.63%
Before aggregation, accuracy per label : ['0:68.00%', '1:73.50%', '2:46.80%', '3:37.90%', '4:55.60%', '5:48.90%', '6:73.10%', '7:69.90%', '8:77.30%', '9:65.30%']
Aggregation to central server completed at central server round 250, loss : 1.13, accuracy: 61.63%, staleness : 4
Accuracy per label after aggregation : ['0:68.10%', '1:73.10%', '2:45.40%', '3:37.10%', '4:57.10%', '5:50.60%', '6:71.90%', '7:69.60%', '8:76.60%', '9:66.80%']

-----------------------------------------------------

Central server round 87 started
Model sent from central server with 100msec communication time, with loss :1.13, accuracy : 61.63%
Accuracy per label : ['0:68.10%', '1:73.10%', '2:45.40%', '3:37.10%', '4:57.10%', '5:50.60%', '6:71.90%', '7:69.60%', '8:76.60%', '9:66.80%']
The model is from round 82 from central server, staleness is 4

Cluster round 1 completed, aggregated models from all the clients, time past : 800msec, loss : 1.18, accuracy 59.73%
Accuracy per label : ['0:66.40%', '1:58.70%', '2:53.90%', '3:37.30%', '4:56.60%', '5:48.10%', '6:73.20%', '7:71.70%', '8:58.00%', '9:73.40%']

Cluster round 2 completed, aggregated models from all the clients, time past : 1500msec, loss : 1.21, accuracy 59.96%
Accuracy per label : ['0:66.90%', '1:78.00%', '2:32.80%', '3:39.20%', '4:47.00%', '5:59.00%', '6:77.00%', '7:70.50%', '8:68.60%', '9:60.60%']

Cluster round 3 completed, aggregated models from all the clients, time past : 2200msec, loss : 1.29, accuracy 59.25%
Accuracy per label : ['0:59.50%', '1:71.70%', '2:42.70%', '3:27.30%', '4:46.80%', '5:53.30%', '6:87.30%', '7:63.60%', '8:79.50%', '9:60.80%']

Before aggregation, loss : 1.12, accuracy : 62.45%
Before aggregation, accuracy per label : ['0:67.60%', '1:72.90%', '2:48.00%', '3:39.10%', '4:55.30%', '5:52.40%', '6:73.30%', '7:69.90%', '8:77.20%', '9:68.80%']
Aggregation to central server completed at central server round 250, loss : 1.12, accuracy: 62.49%, staleness : 4
Accuracy per label after aggregation : ['0:66.90%', '1:73.10%', '2:48.10%', '3:37.30%', '4:55.20%', '5:52.60%', '6:75.50%', '7:70.00%', '8:77.80%', '9:68.40%']

-----------------------------------------------------

Central server round 92 started
Model sent from central server with 100msec communication time, with loss :1.12, accuracy : 62.49%
Accuracy per label : ['0:66.90%', '1:73.10%', '2:48.10%', '3:37.30%', '4:55.20%', '5:52.60%', '6:75.50%', '7:70.00%', '8:77.80%', '9:68.40%']
The model is from round 87 from central server, staleness is 4

Cluster round 1 completed, aggregated models from all the clients, time past : 800msec, loss : 1.15, accuracy 60.93%
Accuracy per label : ['0:68.90%', '1:61.50%', '2:46.20%', '3:27.60%', '4:53.40%', '5:53.80%', '6:77.40%', '7:73.10%', '8:72.70%', '9:74.70%']

Cluster round 2 completed, aggregated models from all the clients, time past : 1500msec, loss : 1.19, accuracy 61.27%
Accuracy per label : ['0:66.00%', '1:71.50%', '2:35.00%', '3:45.20%', '4:63.40%', '5:58.90%', '6:67.80%', '7:63.40%', '8:75.60%', '9:65.90%']

Cluster round 3 completed, aggregated models from all the clients, time past : 2200msec, loss : 1.23, accuracy 60.95%
Accuracy per label : ['0:65.40%', '1:73.20%', '2:53.90%', '3:36.90%', '4:54.50%', '5:44.80%', '6:76.20%', '7:63.00%', '8:72.20%', '9:69.40%']

Before aggregation, loss : 1.13, accuracy : 62.89%
Before aggregation, accuracy per label : ['0:68.50%', '1:74.70%', '2:47.30%', '3:38.50%', '4:55.80%', '5:53.70%', '6:75.00%', '7:69.60%', '8:77.80%', '9:68.00%']
Aggregation to central server completed at central server round 250, loss : 1.13, accuracy: 62.87%, staleness : 4
Accuracy per label after aggregation : ['0:68.50%', '1:75.10%', '2:48.00%', '3:38.70%', '4:55.50%', '5:53.00%', '6:75.50%', '7:69.00%', '8:77.40%', '9:68.00%']

-----------------------------------------------------

Central server round 97 started
Model sent from central server with 100msec communication time, with loss :1.13, accuracy : 62.87%
Accuracy per label : ['0:68.50%', '1:75.10%', '2:48.00%', '3:38.70%', '4:55.50%', '5:53.00%', '6:75.50%', '7:69.00%', '8:77.40%', '9:68.00%']
The model is from round 92 from central server, staleness is 4

Cluster round 1 completed, aggregated models from all the clients, time past : 800msec, loss : 1.15, accuracy 61.81%
Accuracy per label : ['0:62.00%', '1:64.30%', '2:49.10%', '3:40.30%', '4:52.70%', '5:49.30%', '6:78.60%', '7:70.90%', '8:75.10%', '9:75.80%']

Cluster round 2 completed, aggregated models from all the clients, time past : 1500msec, loss : 1.21, accuracy 61.66%
Accuracy per label : ['0:77.00%', '1:70.80%', '2:41.30%', '3:50.70%', '4:51.00%', '5:43.40%', '6:77.30%', '7:68.60%', '8:71.80%', '9:64.70%']

Cluster round 3 completed, aggregated models from all the clients, time past : 2200msec, loss : 1.23, accuracy 62.12%
Accuracy per label : ['0:67.30%', '1:66.40%', '2:53.10%', '3:34.10%', '4:51.00%', '5:58.70%', '6:70.10%', '7:74.00%', '8:75.00%', '9:71.50%']

Before aggregation, loss : 1.13, accuracy : 63.37%
Before aggregation, accuracy per label : ['0:69.70%', '1:75.40%', '2:46.40%', '3:41.80%', '4:56.60%', '5:53.30%', '6:74.50%', '7:70.10%', '8:76.00%', '9:69.90%']
Aggregation to central server completed at central server round 250, loss : 1.13, accuracy: 63.46%, staleness : 4
Accuracy per label after aggregation : ['0:69.20%', '1:75.00%', '2:46.60%', '3:40.90%', '4:56.40%', '5:54.30%', '6:74.60%', '7:71.10%', '8:76.60%', '9:69.90%']

-----------------------------------------------------

Central server round 102 started
Model sent from central server with 100msec communication time, with loss :1.13, accuracy : 63.46%
Accuracy per label : ['0:69.20%', '1:75.00%', '2:46.60%', '3:40.90%', '4:56.40%', '5:54.30%', '6:74.60%', '7:71.10%', '8:76.60%', '9:69.90%']
The model is from round 97 from central server, staleness is 4

Cluster round 1 completed, aggregated models from all the clients, time past : 800msec, loss : 1.15, accuracy 62.38%
Accuracy per label : ['0:73.50%', '1:68.70%', '2:53.60%', '3:34.80%', '4:58.20%', '5:55.80%', '6:70.20%', '7:71.60%', '8:65.40%', '9:72.00%']

Cluster round 2 completed, aggregated models from all the clients, time past : 1500msec, loss : 1.18, accuracy 62.45%
Accuracy per label : ['0:71.00%', '1:72.00%', '2:50.70%', '3:43.00%', '4:57.30%', '5:53.10%', '6:68.30%', '7:68.90%', '8:75.60%', '9:64.60%']

Cluster round 3 completed, aggregated models from all the clients, time past : 2200msec, loss : 1.24, accuracy 62.06%
Accuracy per label : ['0:70.10%', '1:72.00%', '2:47.20%', '3:39.60%', '4:56.70%', '5:48.00%', '6:78.90%', '7:69.60%', '8:72.10%', '9:66.40%']

Before aggregation, loss : 1.13, accuracy : 63.83%
Before aggregation, accuracy per label : ['0:68.40%', '1:75.60%', '2:46.10%', '3:43.30%', '4:57.60%', '5:53.70%', '6:74.00%', '7:72.80%', '8:77.50%', '9:69.30%']
Aggregation to central server completed at central server round 250, loss : 1.13, accuracy: 63.64%, staleness : 4
Accuracy per label after aggregation : ['0:68.90%', '1:75.40%', '2:46.30%', '3:43.50%', '4:57.30%', '5:52.50%', '6:74.50%', '7:72.40%', '8:77.10%', '9:68.50%']

-----------------------------------------------------

Central server round 107 started
Model sent from central server with 100msec communication time, with loss :1.13, accuracy : 63.64%
Accuracy per label : ['0:68.90%', '1:75.40%', '2:46.30%', '3:43.50%', '4:57.30%', '5:52.50%', '6:74.50%', '7:72.40%', '8:77.10%', '9:68.50%']
The model is from round 102 from central server, staleness is 4

Cluster round 1 completed, aggregated models from all the clients, time past : 800msec, loss : 1.16, accuracy 62.99%
Accuracy per label : ['0:72.70%', '1:74.70%', '2:44.20%', '3:56.30%', '4:55.90%', '5:51.40%', '6:67.80%', '7:69.50%', '8:70.60%', '9:66.80%']

Cluster round 2 completed, aggregated models from all the clients, time past : 1500msec, loss : 1.23, accuracy 61.97%
Accuracy per label : ['0:69.80%', '1:74.20%', '2:37.70%', '3:34.80%', '4:65.40%', '5:47.70%', '6:78.40%', '7:69.40%', '8:76.90%', '9:65.40%']

Cluster round 3 completed, aggregated models from all the clients, time past : 2200msec, loss : 1.24, accuracy 62.62%
Accuracy per label : ['0:69.20%', '1:67.60%', '2:49.50%', '3:38.30%', '4:58.40%', '5:54.20%', '6:71.00%', '7:70.10%', '8:76.60%', '9:71.30%']

Before aggregation, loss : 1.14, accuracy : 64.23%
Before aggregation, accuracy per label : ['0:70.20%', '1:75.90%', '2:48.50%', '3:42.70%', '4:56.60%', '5:54.70%', '6:75.80%', '7:71.60%', '8:77.30%', '9:69.00%']
Aggregation to central server completed at central server round 250, loss : 1.14, accuracy: 63.97%, staleness : 4
Accuracy per label after aggregation : ['0:69.90%', '1:75.00%', '2:48.40%', '3:42.60%', '4:56.90%', '5:54.60%', '6:74.50%', '7:71.20%', '8:77.40%', '9:69.20%']

-----------------------------------------------------

Central server round 112 started
Model sent from central server with 100msec communication time, with loss :1.14, accuracy : 63.97%
Accuracy per label : ['0:69.90%', '1:75.00%', '2:48.40%', '3:42.60%', '4:56.90%', '5:54.60%', '6:74.50%', '7:71.20%', '8:77.40%', '9:69.20%']
The model is from round 107 from central server, staleness is 4

Cluster round 1 completed, aggregated models from all the clients, time past : 800msec, loss : 1.17, accuracy 62.43%
Accuracy per label : ['0:73.60%', '1:71.90%', '2:60.40%', '3:35.90%', '4:43.20%', '5:53.30%', '6:77.20%', '7:69.30%', '8:73.50%', '9:66.00%']

Cluster round 2 completed, aggregated models from all the clients, time past : 1500msec, loss : 1.22, accuracy 62.75%
Accuracy per label : ['0:66.30%', '1:71.30%', '2:40.10%', '3:49.00%', '4:63.00%', '5:53.30%', '6:70.00%', '7:71.50%', '8:75.10%', '9:67.90%']

Cluster round 3 completed, aggregated models from all the clients, time past : 2200msec, loss : 1.26, accuracy 62.82%
Accuracy per label : ['0:73.00%', '1:72.60%', '2:44.70%', '3:33.00%', '4:59.50%', '5:58.70%', '6:76.20%', '7:69.30%', '8:74.30%', '9:66.90%']

Before aggregation, loss : 1.15, accuracy : 64.35%
Before aggregation, accuracy per label : ['0:69.60%', '1:75.20%', '2:48.70%', '3:43.20%', '4:57.10%', '5:54.30%', '6:75.10%', '7:72.40%', '8:78.20%', '9:69.70%']
Aggregation to central server completed at central server round 250, loss : 1.15, accuracy: 64.22%, staleness : 4
Accuracy per label after aggregation : ['0:70.10%', '1:74.90%', '2:48.00%', '3:41.80%', '4:58.00%', '5:54.80%', '6:74.60%', '7:72.10%', '8:78.10%', '9:69.80%']

-----------------------------------------------------

Central server round 117 started
Model sent from central server with 100msec communication time, with loss :1.15, accuracy : 64.22%
Accuracy per label : ['0:70.10%', '1:74.90%', '2:48.00%', '3:41.80%', '4:58.00%', '5:54.80%', '6:74.60%', '7:72.10%', '8:78.10%', '9:69.80%']
The model is from round 112 from central server, staleness is 4

Cluster round 1 completed, aggregated models from all the clients, time past : 800msec, loss : 1.16, accuracy 63.46%
Accuracy per label : ['0:71.50%', '1:74.80%', '2:49.20%', '3:40.40%', '4:59.80%', '5:51.60%', '6:76.00%', '7:73.30%', '8:74.00%', '9:64.00%']

Cluster round 2 completed, aggregated models from all the clients, time past : 1500msec, loss : 1.22, accuracy 63.33%
Accuracy per label : ['0:70.80%', '1:75.10%', '2:47.10%', '3:42.60%', '4:52.20%', '5:62.90%', '6:73.80%', '7:68.50%', '8:72.40%', '9:67.90%']

Cluster round 3 completed, aggregated models from all the clients, time past : 2200msec, loss : 1.27, accuracy 63.13%
Accuracy per label : ['0:70.40%', '1:70.40%', '2:51.70%', '3:38.40%', '4:53.60%', '5:54.50%', '6:76.20%', '7:71.70%', '8:75.00%', '9:69.40%']

Before aggregation, loss : 1.16, accuracy : 64.56%
Before aggregation, accuracy per label : ['0:70.00%', '1:76.20%', '2:47.10%', '3:41.70%', '4:59.30%', '5:55.90%', '6:75.30%', '7:72.20%', '8:78.40%', '9:69.50%']
Aggregation to central server completed at central server round 250, loss : 1.16, accuracy: 64.44%, staleness : 4
Accuracy per label after aggregation : ['0:70.00%', '1:75.50%', '2:47.80%', '3:41.40%', '4:58.10%', '5:56.00%', '6:75.20%', '7:72.30%', '8:78.30%', '9:69.80%']

-----------------------------------------------------

Central server round 122 started
Model sent from central server with 100msec communication time, with loss :1.16, accuracy : 64.44%
Accuracy per label : ['0:70.00%', '1:75.50%', '2:47.80%', '3:41.40%', '4:58.10%', '5:56.00%', '6:75.20%', '7:72.30%', '8:78.30%', '9:69.80%']
The model is from round 117 from central server, staleness is 4

Cluster round 1 completed, aggregated models from all the clients, time past : 800msec, loss : 1.18, accuracy 63.58%
Accuracy per label : ['0:65.60%', '1:77.90%', '2:46.90%', '3:42.60%', '4:58.20%', '5:52.60%', '6:78.60%', '7:70.70%', '8:77.00%', '9:65.70%']

Cluster round 2 completed, aggregated models from all the clients, time past : 1500msec, loss : 1.23, accuracy 63.47%
Accuracy per label : ['0:70.70%', '1:75.40%', '2:53.20%', '3:40.90%', '4:57.60%', '5:52.90%', '6:78.20%', '7:65.60%', '8:75.10%', '9:65.10%']

Cluster round 3 completed, aggregated models from all the clients, time past : 2200msec, loss : 1.27, accuracy 63.03%
Accuracy per label : ['0:71.70%', '1:71.00%', '2:45.90%', '3:47.80%', '4:61.50%', '5:49.30%', '6:70.60%', '7:68.90%', '8:75.10%', '9:68.50%']

Before aggregation, loss : 1.16, accuracy : 64.86%
Before aggregation, accuracy per label : ['0:70.50%', '1:75.70%', '2:48.60%', '3:42.20%', '4:59.30%', '5:55.90%', '6:74.70%', '7:73.10%', '8:78.70%', '9:69.90%']
Aggregation to central server completed at central server round 250, loss : 1.16, accuracy: 64.75%, staleness : 4
Accuracy per label after aggregation : ['0:70.70%', '1:75.60%', '2:48.20%', '3:42.70%', '4:59.60%', '5:55.50%', '6:74.30%', '7:72.80%', '8:78.50%', '9:69.60%']

-----------------------------------------------------

Central server round 127 started
Model sent from central server with 100msec communication time, with loss :1.16, accuracy : 64.75%
Accuracy per label : ['0:70.70%', '1:75.60%', '2:48.20%', '3:42.70%', '4:59.60%', '5:55.50%', '6:74.30%', '7:72.80%', '8:78.50%', '9:69.60%']
The model is from round 122 from central server, staleness is 4

Cluster round 1 completed, aggregated models from all the clients, time past : 800msec, loss : 1.18, accuracy 63.75%
Accuracy per label : ['0:69.70%', '1:72.80%', '2:48.60%', '3:40.30%', '4:58.60%', '5:55.30%', '6:78.20%', '7:70.90%', '8:76.90%', '9:66.20%']

Cluster round 2 completed, aggregated models from all the clients, time past : 1500msec, loss : 1.23, accuracy 63.76%
Accuracy per label : ['0:70.90%', '1:73.10%', '2:51.00%', '3:42.10%', '4:62.90%', '5:52.10%', '6:70.30%', '7:70.40%', '8:76.50%', '9:68.30%']

Cluster round 3 completed, aggregated models from all the clients, time past : 2200msec, loss : 1.29, accuracy 62.90%
Accuracy per label : ['0:68.90%', '1:73.00%', '2:45.30%', '3:40.90%', '4:54.90%', '5:54.30%', '6:79.70%', '7:67.50%', '8:74.40%', '9:70.10%']

Before aggregation, loss : 1.17, accuracy : 64.95%
Before aggregation, accuracy per label : ['0:70.90%', '1:75.70%', '2:46.50%', '3:41.80%', '4:60.50%', '5:56.30%', '6:75.50%', '7:73.00%', '8:78.60%', '9:70.70%']
Aggregation to central server completed at central server round 250, loss : 1.18, accuracy: 64.88%, staleness : 4
Accuracy per label after aggregation : ['0:70.80%', '1:75.80%', '2:46.40%', '3:41.40%', '4:60.40%', '5:56.30%', '6:75.80%', '7:72.80%', '8:78.60%', '9:70.50%']

-----------------------------------------------------

Central server round 132 started
Model sent from central server with 100msec communication time, with loss :1.18, accuracy : 64.88%
Accuracy per label : ['0:70.80%', '1:75.80%', '2:46.40%', '3:41.40%', '4:60.40%', '5:56.30%', '6:75.80%', '7:72.80%', '8:78.60%', '9:70.50%']
The model is from round 127 from central server, staleness is 4

Cluster round 1 completed, aggregated models from all the clients, time past : 800msec, loss : 1.20, accuracy 64.19%
Accuracy per label : ['0:73.90%', '1:76.90%', '2:49.90%', '3:41.80%', '4:57.60%', '5:49.20%', '6:79.90%', '7:71.20%', '8:73.50%', '9:68.00%']

Cluster round 2 completed, aggregated models from all the clients, time past : 1500msec, loss : 1.27, accuracy 63.54%
Accuracy per label : ['0:71.20%', '1:77.80%', '2:42.80%', '3:33.80%', '4:60.10%', '5:57.60%', '6:79.10%', '7:72.40%', '8:74.80%', '9:65.80%']

Cluster round 3 completed, aggregated models from all the clients, time past : 2200msec, loss : 1.28, accuracy 63.82%
Accuracy per label : ['0:72.10%', '1:71.80%', '2:50.00%', '3:41.80%', '4:60.20%', '5:53.60%', '6:74.30%', '7:70.70%', '8:75.50%', '9:68.20%']

Before aggregation, loss : 1.18, accuracy : 65.20%
Before aggregation, accuracy per label : ['0:71.50%', '1:76.60%', '2:47.00%', '3:42.70%', '4:60.80%', '5:56.60%', '6:75.50%', '7:72.30%', '8:78.80%', '9:70.20%']
Aggregation to central server completed at central server round 250, loss : 1.18, accuracy: 65.06%, staleness : 4
Accuracy per label after aggregation : ['0:70.90%', '1:76.20%', '2:47.60%', '3:42.00%', '4:61.00%', '5:56.00%', '6:75.60%', '7:72.40%', '8:78.90%', '9:70.00%']

-----------------------------------------------------

Central server round 137 started
Model sent from central server with 100msec communication time, with loss :1.18, accuracy : 65.06%
Accuracy per label : ['0:70.90%', '1:76.20%', '2:47.60%', '3:42.00%', '4:61.00%', '5:56.00%', '6:75.60%', '7:72.40%', '8:78.90%', '9:70.00%']
The model is from round 132 from central server, staleness is 4

Cluster round 1 completed, aggregated models from all the clients, time past : 800msec, loss : 1.19, accuracy 64.74%
Accuracy per label : ['0:73.20%', '1:72.30%', '2:48.40%', '3:42.20%', '4:65.20%', '5:52.10%', '6:75.70%', '7:70.90%', '8:76.50%', '9:70.90%']

Cluster round 2 completed, aggregated models from all the clients, time past : 1500msec, loss : 1.26, accuracy 63.98%
Accuracy per label : ['0:70.20%', '1:71.60%', '2:46.50%', '3:37.50%', '4:57.90%', '5:62.40%', '6:75.80%', '7:70.20%', '8:78.50%', '9:69.20%']

Cluster round 3 completed, aggregated models from all the clients, time past : 2200msec, loss : 1.29, accuracy 63.92%
Accuracy per label : ['0:73.30%', '1:71.50%', '2:46.50%', '3:41.40%', '4:60.50%', '5:55.50%', '6:76.10%', '7:70.20%', '8:75.50%', '9:68.70%']

Before aggregation, loss : 1.19, accuracy : 65.46%
Before aggregation, accuracy per label : ['0:70.90%', '1:77.20%', '2:47.90%', '3:43.50%', '4:61.50%', '5:56.10%', '6:75.20%', '7:73.20%', '8:78.80%', '9:70.30%']
Aggregation to central server completed at central server round 250, loss : 1.19, accuracy: 65.29%, staleness : 4
Accuracy per label after aggregation : ['0:71.20%', '1:76.80%', '2:47.50%', '3:42.70%', '4:61.40%', '5:56.00%', '6:75.00%', '7:73.00%', '8:79.10%', '9:70.20%']

-----------------------------------------------------

Central server round 142 started
Model sent from central server with 100msec communication time, with loss :1.19, accuracy : 65.29%
Accuracy per label : ['0:71.20%', '1:76.80%', '2:47.50%', '3:42.70%', '4:61.40%', '5:56.00%', '6:75.00%', '7:73.00%', '8:79.10%', '9:70.20%']
The model is from round 137 from central server, staleness is 4

Cluster round 1 completed, aggregated models from all the clients, time past : 800msec, loss : 1.21, accuracy 64.64%
Accuracy per label : ['0:72.60%', '1:73.70%', '2:47.20%', '3:42.90%', '4:58.10%', '5:52.60%', '6:76.90%', '7:75.80%', '8:78.60%', '9:68.00%']

Cluster round 2 completed, aggregated models from all the clients, time past : 1500msec, loss : 1.27, accuracy 64.21%
Accuracy per label : ['0:68.70%', '1:74.40%', '2:50.60%', '3:37.40%', '4:64.20%', '5:52.20%', '6:76.20%', '7:69.90%', '8:78.00%', '9:70.50%']

Cluster round 3 completed, aggregated models from all the clients, time past : 2200msec, loss : 1.30, accuracy 63.89%
Accuracy per label : ['0:72.40%', '1:73.70%', '2:49.40%', '3:43.00%', '4:59.40%', '5:55.30%', '6:75.80%', '7:66.40%', '8:74.60%', '9:68.90%']

Before aggregation, loss : 1.20, accuracy : 65.52%
Before aggregation, accuracy per label : ['0:71.00%', '1:77.50%', '2:48.60%', '3:43.80%', '4:61.70%', '5:55.40%', '6:75.00%', '7:73.00%', '8:79.40%', '9:69.80%']
Aggregation to central server completed at central server round 250, loss : 1.20, accuracy: 65.48%, staleness : 4
Accuracy per label after aggregation : ['0:71.10%', '1:77.20%', '2:49.00%', '3:44.00%', '4:62.00%', '5:55.30%', '6:75.30%', '7:72.20%', '8:79.20%', '9:69.50%']

-----------------------------------------------------

Central server round 147 started
Model sent from central server with 100msec communication time, with loss :1.20, accuracy : 65.48%
Accuracy per label : ['0:71.10%', '1:77.20%', '2:49.00%', '3:44.00%', '4:62.00%', '5:55.30%', '6:75.30%', '7:72.20%', '8:79.20%', '9:69.50%']
The model is from round 142 from central server, staleness is 4

Cluster round 1 completed, aggregated models from all the clients, time past : 800msec, loss : 1.21, accuracy 64.66%
Accuracy per label : ['0:69.90%', '1:74.90%', '2:54.50%', '3:39.60%', '4:60.00%', '5:54.80%', '6:75.20%', '7:71.50%', '8:76.50%', '9:69.70%']

Cluster round 2 completed, aggregated models from all the clients, time past : 1500msec, loss : 1.27, accuracy 64.62%
Accuracy per label : ['0:73.10%', '1:72.80%', '2:48.70%', '3:37.90%', '4:57.40%', '5:58.40%', '6:79.00%', '7:74.80%', '8:73.20%', '9:70.90%']

Cluster round 3 completed, aggregated models from all the clients, time past : 2200msec, loss : 1.31, accuracy 64.41%
Accuracy per label : ['0:70.20%', '1:73.20%', '2:51.40%', '3:41.40%', '4:57.70%', '5:55.40%', '6:76.10%', '7:71.60%', '8:76.10%', '9:71.00%']

Before aggregation, loss : 1.20, accuracy : 65.62%
Before aggregation, accuracy per label : ['0:70.40%', '1:77.50%', '2:48.90%', '3:43.20%', '4:61.40%', '5:56.50%', '6:75.70%', '7:72.20%', '8:79.70%', '9:70.70%']
Aggregation to central server completed at central server round 250, loss : 1.21, accuracy: 65.60%, staleness : 4
Accuracy per label after aggregation : ['0:70.80%', '1:77.20%', '2:49.30%', '3:43.50%', '4:60.90%', '5:56.60%', '6:75.60%', '7:72.50%', '8:79.30%', '9:70.30%']

-----------------------------------------------------

Central server round 152 started
Model sent from central server with 100msec communication time, with loss :1.21, accuracy : 65.60%
Accuracy per label : ['0:70.80%', '1:77.20%', '2:49.30%', '3:43.50%', '4:60.90%', '5:56.60%', '6:75.60%', '7:72.50%', '8:79.30%', '9:70.30%']
The model is from round 147 from central server, staleness is 4

Cluster round 1 completed, aggregated models from all the clients, time past : 800msec, loss : 1.23, accuracy 64.78%
Accuracy per label : ['0:73.50%', '1:75.60%', '2:49.50%', '3:40.40%', '4:61.20%', '5:54.20%', '6:79.70%', '7:70.40%', '8:76.50%', '9:66.80%']

Cluster round 2 completed, aggregated models from all the clients, time past : 1500msec, loss : 1.27, accuracy 64.59%
Accuracy per label : ['0:68.00%', '1:74.10%', '2:51.70%', '3:36.40%', '4:60.30%', '5:55.60%', '6:77.00%', '7:75.20%', '8:79.00%', '9:68.60%']

Cluster round 3 completed, aggregated models from all the clients, time past : 2200msec, loss : 1.31, accuracy 64.23%
Accuracy per label : ['0:69.70%', '1:73.80%', '2:49.30%', '3:40.90%', '4:61.40%', '5:53.70%', '6:77.90%', '7:71.70%', '8:74.80%', '9:69.10%']

Before aggregation, loss : 1.21, accuracy : 65.70%
Before aggregation, accuracy per label : ['0:71.00%', '1:77.20%', '2:48.00%', '3:42.80%', '4:61.50%', '5:57.20%', '6:75.70%', '7:72.60%', '8:79.80%', '9:71.20%']
Aggregation to central server completed at central server round 250, loss : 1.21, accuracy: 65.80%, staleness : 4
Accuracy per label after aggregation : ['0:70.80%', '1:77.20%', '2:48.30%', '3:42.90%', '4:61.30%', '5:57.70%', '6:75.90%', '7:72.70%', '8:79.60%', '9:71.60%']

-----------------------------------------------------

Central server round 157 started
Model sent from central server with 100msec communication time, with loss :1.21, accuracy : 65.80%
Accuracy per label : ['0:70.80%', '1:77.20%', '2:48.30%', '3:42.90%', '4:61.30%', '5:57.70%', '6:75.90%', '7:72.70%', '8:79.60%', '9:71.60%']
The model is from round 152 from central server, staleness is 4

Cluster round 1 completed, aggregated models from all the clients, time past : 800msec, loss : 1.22, accuracy 65.01%
Accuracy per label : ['0:67.40%', '1:75.50%', '2:51.10%', '3:45.40%', '4:58.50%', '5:55.40%', '6:76.30%', '7:69.30%', '8:78.10%', '9:73.10%']

Cluster round 2 completed, aggregated models from all the clients, time past : 1500msec, loss : 1.27, accuracy 64.68%
Accuracy per label : ['0:72.30%', '1:76.80%', '2:49.70%', '3:43.90%', '4:58.10%', '5:51.60%', '6:77.20%', '7:74.00%', '8:75.50%', '9:67.70%']

Cluster round 3 completed, aggregated models from all the clients, time past : 2200msec, loss : 1.32, accuracy 64.40%
Accuracy per label : ['0:66.50%', '1:73.00%', '2:50.00%', '3:40.30%', '4:61.30%', '5:53.40%', '6:77.50%', '7:71.50%', '8:79.50%', '9:71.00%']

Before aggregation, loss : 1.22, accuracy : 65.98%
Before aggregation, accuracy per label : ['0:72.10%', '1:77.30%', '2:47.60%', '3:43.50%', '4:61.70%', '5:57.10%', '6:76.20%', '7:73.00%', '8:79.80%', '9:71.50%']
Aggregation to central server completed at central server round 250, loss : 1.22, accuracy: 66.02%, staleness : 4
Accuracy per label after aggregation : ['0:71.30%', '1:77.30%', '2:48.40%', '3:43.30%', '4:61.80%', '5:57.10%', '6:76.30%', '7:73.30%', '8:80.10%', '9:71.30%']

-----------------------------------------------------

Central server round 162 started
Model sent from central server with 100msec communication time, with loss :1.22, accuracy : 66.02%
Accuracy per label : ['0:71.30%', '1:77.30%', '2:48.40%', '3:43.30%', '4:61.80%', '5:57.10%', '6:76.30%', '7:73.30%', '8:80.10%', '9:71.30%']
The model is from round 157 from central server, staleness is 4

Cluster round 1 completed, aggregated models from all the clients, time past : 800msec, loss : 1.24, accuracy 65.10%
Accuracy per label : ['0:71.70%', '1:74.30%', '2:48.50%', '3:38.80%', '4:61.70%', '5:57.20%', '6:80.30%', '7:71.30%', '8:76.30%', '9:70.90%']

Cluster round 2 completed, aggregated models from all the clients, time past : 1500msec, loss : 1.28, accuracy 64.79%
Accuracy per label : ['0:72.20%', '1:74.40%', '2:48.50%', '3:41.50%', '4:62.40%', '5:53.10%', '6:77.90%', '7:71.50%', '8:76.90%', '9:69.50%']

Cluster round 3 completed, aggregated models from all the clients, time past : 2200msec, loss : 1.32, accuracy 64.47%
Accuracy per label : ['0:71.80%', '1:73.10%', '2:46.90%', '3:41.90%', '4:60.20%', '5:55.50%', '6:78.20%', '7:70.80%', '8:75.90%', '9:70.40%']

Before aggregation, loss : 1.23, accuracy : 66.03%
Before aggregation, accuracy per label : ['0:71.60%', '1:77.10%', '2:47.90%', '3:44.60%', '4:62.10%', '5:56.80%', '6:75.90%', '7:73.50%', '8:79.70%', '9:71.10%']
Aggregation to central server completed at central server round 250, loss : 1.23, accuracy: 66.15%, staleness : 4
Accuracy per label after aggregation : ['0:71.70%', '1:77.50%', '2:48.30%', '3:44.30%', '4:62.50%', '5:56.80%', '6:76.20%', '7:73.30%', '8:79.60%', '9:71.30%']

-----------------------------------------------------

Central server round 167 started
Model sent from central server with 100msec communication time, with loss :1.23, accuracy : 66.15%
Accuracy per label : ['0:71.70%', '1:77.50%', '2:48.30%', '3:44.30%', '4:62.50%', '5:56.80%', '6:76.20%', '7:73.30%', '8:79.60%', '9:71.30%']
The model is from round 162 from central server, staleness is 4

Cluster round 1 completed, aggregated models from all the clients, time past : 800msec, loss : 1.23, accuracy 65.29%
Accuracy per label : ['0:69.80%', '1:76.10%', '2:54.00%', '3:44.20%', '4:57.10%', '5:55.40%', '6:76.80%', '7:72.50%', '8:77.20%', '9:69.80%']

Cluster round 2 completed, aggregated models from all the clients, time past : 1500msec, loss : 1.29, accuracy 64.90%
Accuracy per label : ['0:71.20%', '1:75.10%', '2:52.00%', '3:39.10%', '4:58.60%', '5:55.40%', '6:78.20%', '7:72.10%', '8:77.60%', '9:69.70%']

Cluster round 3 completed, aggregated models from all the clients, time past : 2200msec, loss : 1.33, accuracy 64.59%
Accuracy per label : ['0:70.90%', '1:73.50%', '2:49.00%', '3:39.80%', '4:60.40%', '5:58.80%', '6:77.00%', '7:70.20%', '8:75.70%', '9:70.60%']

Before aggregation, loss : 1.23, accuracy : 66.30%
Before aggregation, accuracy per label : ['0:72.00%', '1:77.80%', '2:48.50%', '3:45.30%', '4:62.30%', '5:57.30%', '6:75.40%', '7:73.20%', '8:79.80%', '9:71.40%']
Aggregation to central server completed at central server round 250, loss : 1.23, accuracy: 66.22%, staleness : 4
Accuracy per label after aggregation : ['0:71.80%', '1:77.40%', '2:48.40%', '3:44.60%', '4:61.90%', '5:57.50%', '6:75.90%', '7:73.40%', '8:79.60%', '9:71.70%']

-----------------------------------------------------

Central server round 172 started
Model sent from central server with 100msec communication time, with loss :1.23, accuracy : 66.22%
Accuracy per label : ['0:71.80%', '1:77.40%', '2:48.40%', '3:44.60%', '4:61.90%', '5:57.50%', '6:75.90%', '7:73.40%', '8:79.60%', '9:71.70%']
The model is from round 167 from central server, staleness is 4

Cluster round 1 completed, aggregated models from all the clients, time past : 800msec, loss : 1.24, accuracy 65.45%
Accuracy per label : ['0:70.00%', '1:74.80%', '2:51.10%', '3:43.50%', '4:60.10%', '5:54.10%', '6:76.80%', '7:73.80%', '8:78.20%', '9:72.10%']

Cluster round 2 completed, aggregated models from all the clients, time past : 1500msec, loss : 1.31, accuracy 64.70%
Accuracy per label : ['0:72.40%', '1:74.10%', '2:47.10%', '3:40.60%', '4:61.50%', '5:53.40%', '6:79.30%', '7:69.60%', '8:78.40%', '9:70.60%']

Cluster round 3 completed, aggregated models from all the clients, time past : 2200msec, loss : 1.34, accuracy 64.66%
Accuracy per label : ['0:71.70%', '1:74.60%', '2:46.70%', '3:40.80%', '4:63.30%', '5:56.50%', '6:77.20%', '7:69.50%', '8:77.10%', '9:69.20%']

Before aggregation, loss : 1.24, accuracy : 66.35%
Before aggregation, accuracy per label : ['0:72.00%', '1:77.80%', '2:50.20%', '3:44.60%', '4:61.60%', '5:56.80%', '6:76.00%', '7:73.00%', '8:79.70%', '9:71.80%']
Aggregation to central server completed at central server round 250, loss : 1.24, accuracy: 66.28%, staleness : 4
Accuracy per label after aggregation : ['0:72.20%', '1:77.30%', '2:49.40%', '3:43.80%', '4:62.00%', '5:57.60%', '6:75.90%', '7:73.30%', '8:79.70%', '9:71.60%']

-----------------------------------------------------

Central server round 177 started
Model sent from central server with 100msec communication time, with loss :1.24, accuracy : 66.28%
Accuracy per label : ['0:72.20%', '1:77.30%', '2:49.40%', '3:43.80%', '4:62.00%', '5:57.60%', '6:75.90%', '7:73.30%', '8:79.70%', '9:71.60%']
The model is from round 172 from central server, staleness is 4

Cluster round 1 completed, aggregated models from all the clients, time past : 800msec, loss : 1.24, accuracy 65.54%
Accuracy per label : ['0:69.80%', '1:74.60%', '2:51.60%', '3:42.90%', '4:61.40%', '5:56.40%', '6:75.80%', '7:72.60%', '8:79.20%', '9:71.10%']

Cluster round 2 completed, aggregated models from all the clients, time past : 1500msec, loss : 1.30, accuracy 65.16%
Accuracy per label : ['0:72.80%', '1:75.00%', '2:48.50%', '3:41.00%', '4:63.40%', '5:54.20%', '6:79.10%', '7:71.30%', '8:76.40%', '9:69.90%']

Cluster round 3 completed, aggregated models from all the clients, time past : 2200msec, loss : 1.34, accuracy 64.86%
Accuracy per label : ['0:74.60%', '1:74.40%', '2:50.50%', '3:40.40%', '4:58.00%', '5:57.00%', '6:79.80%', '7:69.80%', '8:74.70%', '9:69.40%']

Before aggregation, loss : 1.24, accuracy : 66.46%
Before aggregation, accuracy per label : ['0:72.40%', '1:77.90%', '2:50.00%', '3:44.60%', '4:61.80%', '5:57.00%', '6:75.60%', '7:73.20%', '8:79.80%', '9:72.30%']
Aggregation to central server completed at central server round 250, loss : 1.24, accuracy: 66.37%, staleness : 4
Accuracy per label after aggregation : ['0:72.70%', '1:77.40%', '2:49.10%', '3:44.00%', '4:62.00%', '5:57.60%', '6:76.10%', '7:73.10%', '8:79.70%', '9:72.00%']

-----------------------------------------------------

Central server round 182 started
Model sent from central server with 100msec communication time, with loss :1.24, accuracy : 66.37%
Accuracy per label : ['0:72.70%', '1:77.40%', '2:49.10%', '3:44.00%', '4:62.00%', '5:57.60%', '6:76.10%', '7:73.10%', '8:79.70%', '9:72.00%']
The model is from round 177 from central server, staleness is 4

Cluster round 1 completed, aggregated models from all the clients, time past : 800msec, loss : 1.26, accuracy 65.50%
Accuracy per label : ['0:70.10%', '1:76.60%', '2:47.70%', '3:41.10%', '4:63.30%', '5:58.60%', '6:77.60%', '7:72.80%', '8:78.60%', '9:68.60%']

Cluster round 2 completed, aggregated models from all the clients, time past : 1500msec, loss : 1.30, accuracy 65.33%
Accuracy per label : ['0:70.00%', '1:74.10%', '2:51.10%', '3:42.70%', '4:60.70%', '5:59.60%', '6:76.50%', '7:72.30%', '8:76.30%', '9:70.00%']

Cluster round 3 completed, aggregated models from all the clients, time past : 2200msec, loss : 1.34, accuracy 65.13%
Accuracy per label : ['0:70.50%', '1:72.70%', '2:51.90%', '3:39.70%', '4:61.10%', '5:58.10%', '6:78.70%', '7:70.50%', '8:76.10%', '9:72.00%']

Before aggregation, loss : 1.25, accuracy : 66.54%
Before aggregation, accuracy per label : ['0:72.80%', '1:77.70%', '2:49.60%', '3:44.50%', '4:61.50%', '5:57.30%', '6:76.50%', '7:73.10%', '8:79.60%', '9:72.80%']
Aggregation to central server completed at central server round 250, loss : 1.25, accuracy: 66.47%, staleness : 4
Accuracy per label after aggregation : ['0:72.60%', '1:76.90%', '2:49.70%', '3:44.20%', '4:61.70%', '5:57.70%', '6:76.90%', '7:73.00%', '8:79.30%', '9:72.70%']

-----------------------------------------------------

Central server round 187 started
Model sent from central server with 100msec communication time, with loss :1.25, accuracy : 66.47%
Accuracy per label : ['0:72.60%', '1:76.90%', '2:49.70%', '3:44.20%', '4:61.70%', '5:57.70%', '6:76.90%', '7:73.00%', '8:79.30%', '9:72.70%']
The model is from round 182 from central server, staleness is 4

Cluster round 1 completed, aggregated models from all the clients, time past : 800msec, loss : 1.26, accuracy 65.44%
Accuracy per label : ['0:71.60%', '1:74.90%', '2:49.00%', '3:42.20%', '4:59.80%', '5:59.20%', '6:78.70%', '7:74.20%', '8:76.10%', '9:68.70%']

Cluster round 2 completed, aggregated models from all the clients, time past : 1500msec, loss : 1.31, accuracy 65.18%
Accuracy per label : ['0:74.50%', '1:74.20%', '2:50.30%', '3:42.00%', '4:59.10%', '5:57.80%', '6:76.70%', '7:72.40%', '8:76.20%', '9:68.60%']

Cluster round 3 completed, aggregated models from all the clients, time past : 2200msec, loss : 1.37, accuracy 64.60%
Accuracy per label : ['0:71.70%', '1:73.90%', '2:47.70%', '3:38.70%', '4:60.00%', '5:57.00%', '6:80.00%', '7:71.00%', '8:76.50%', '9:69.50%']

Before aggregation, loss : 1.26, accuracy : 66.50%
Before aggregation, accuracy per label : ['0:72.90%', '1:76.70%', '2:49.50%', '3:43.80%', '4:61.50%', '5:57.50%', '6:76.70%', '7:73.50%', '8:79.60%', '9:73.30%']
Aggregation to central server completed at central server round 250, loss : 1.26, accuracy: 66.40%, staleness : 4
Accuracy per label after aggregation : ['0:72.80%', '1:76.30%', '2:48.60%', '3:43.20%', '4:62.30%', '5:57.70%', '6:77.40%', '7:73.60%', '8:79.40%', '9:72.70%']

-----------------------------------------------------

Central server round 192 started
Model sent from central server with 100msec communication time, with loss :1.26, accuracy : 66.40%
Accuracy per label : ['0:72.80%', '1:76.30%', '2:48.60%', '3:43.20%', '4:62.30%', '5:57.70%', '6:77.40%', '7:73.60%', '8:79.40%', '9:72.70%']
The model is from round 187 from central server, staleness is 4

Cluster round 1 completed, aggregated models from all the clients, time past : 800msec, loss : 1.26, accuracy 65.66%
Accuracy per label : ['0:73.40%', '1:76.30%', '2:48.10%', '3:48.30%', '4:58.00%', '5:56.70%', '6:77.20%', '7:72.10%', '8:76.70%', '9:69.80%']

Cluster round 2 completed, aggregated models from all the clients, time past : 1500msec, loss : 1.31, accuracy 65.60%
Accuracy per label : ['0:72.80%', '1:73.60%', '2:50.70%', '3:44.20%', '4:59.40%', '5:55.20%', '6:77.10%', '7:74.00%', '8:76.50%', '9:72.50%']

Cluster round 3 completed, aggregated models from all the clients, time past : 2200msec, loss : 1.36, accuracy 65.15%
Accuracy per label : ['0:75.50%', '1:73.70%', '2:49.40%', '3:40.70%', '4:59.70%', '5:57.10%', '6:77.80%', '7:71.60%', '8:76.90%', '9:69.10%']

Before aggregation, loss : 1.26, accuracy : 66.56%
Before aggregation, accuracy per label : ['0:72.90%', '1:77.40%', '2:49.50%', '3:43.90%', '4:62.50%', '5:57.60%', '6:76.70%', '7:72.90%', '8:79.50%', '9:72.70%']
Aggregation to central server completed at central server round 250, loss : 1.26, accuracy: 66.42%, staleness : 4
Accuracy per label after aggregation : ['0:73.00%', '1:76.80%', '2:49.60%', '3:43.60%', '4:62.00%', '5:57.60%', '6:76.80%', '7:73.20%', '8:79.10%', '9:72.50%']

-----------------------------------------------------

Central server round 197 started
Model sent from central server with 100msec communication time, with loss :1.26, accuracy : 66.42%
Accuracy per label : ['0:73.00%', '1:76.80%', '2:49.60%', '3:43.60%', '4:62.00%', '5:57.60%', '6:76.80%', '7:73.20%', '8:79.10%', '9:72.50%']
The model is from round 192 from central server, staleness is 4

Cluster round 1 completed, aggregated models from all the clients, time past : 800msec, loss : 1.27, accuracy 65.85%
Accuracy per label : ['0:75.60%', '1:75.80%', '2:53.00%', '3:40.10%', '4:60.70%', '5:58.10%', '6:77.10%', '7:72.40%', '8:77.40%', '9:68.30%']

Cluster round 2 completed, aggregated models from all the clients, time past : 1500msec, loss : 1.32, accuracy 65.26%
Accuracy per label : ['0:72.70%', '1:74.60%', '2:52.00%', '3:41.70%', '4:61.20%', '5:54.90%', '6:78.70%', '7:69.90%', '8:77.30%', '9:69.60%']

Cluster round 3 completed, aggregated models from all the clients, time past : 2200msec, loss : 1.35, accuracy 65.31%
Accuracy per label : ['0:72.90%', '1:73.90%', '2:49.10%', '3:41.40%', '4:61.30%', '5:58.80%', '6:75.70%', '7:70.90%', '8:76.40%', '9:72.70%']

Before aggregation, loss : 1.27, accuracy : 66.63%
Before aggregation, accuracy per label : ['0:73.50%', '1:76.90%', '2:49.10%', '3:44.30%', '4:62.10%', '5:57.60%', '6:76.50%', '7:73.80%', '8:79.70%', '9:72.80%']
Aggregation to central server completed at central server round 250, loss : 1.27, accuracy: 66.61%, staleness : 4
Accuracy per label after aggregation : ['0:73.20%', '1:76.70%', '2:48.90%', '3:44.50%', '4:62.40%', '5:58.10%', '6:76.50%', '7:73.50%', '8:79.40%', '9:72.90%']

-----------------------------------------------------

Central server round 202 started
Model sent from central server with 100msec communication time, with loss :1.27, accuracy : 66.61%
Accuracy per label : ['0:73.20%', '1:76.70%', '2:48.90%', '3:44.50%', '4:62.40%', '5:58.10%', '6:76.50%', '7:73.50%', '8:79.40%', '9:72.90%']
The model is from round 197 from central server, staleness is 4

Cluster round 1 completed, aggregated models from all the clients, time past : 800msec, loss : 1.28, accuracy 65.89%
Accuracy per label : ['0:73.60%', '1:74.60%', '2:53.60%', '3:39.10%', '4:60.60%', '5:58.00%', '6:78.10%', '7:73.60%', '8:77.20%', '9:70.50%']

Cluster round 2 completed, aggregated models from all the clients, time past : 1500msec, loss : 1.33, accuracy 65.40%
Accuracy per label : ['0:72.30%', '1:74.60%', '2:49.40%', '3:39.80%', '4:61.10%', '5:62.00%', '6:77.40%', '7:70.00%', '8:77.30%', '9:70.10%']

Cluster round 3 completed, aggregated models from all the clients, time past : 2200msec, loss : 1.37, accuracy 64.93%
Accuracy per label : ['0:72.40%', '1:74.00%', '2:50.60%', '3:40.80%', '4:59.70%', '5:56.20%', '6:77.90%', '7:70.70%', '8:76.90%', '9:70.10%']

Before aggregation, loss : 1.28, accuracy : 66.56%
Before aggregation, accuracy per label : ['0:73.30%', '1:76.90%', '2:48.40%', '3:44.90%', '4:62.50%', '5:57.30%', '6:76.10%', '7:73.80%', '8:79.90%', '9:72.50%']
Aggregation to central server completed at central server round 250, loss : 1.28, accuracy: 66.60%, staleness : 4
Accuracy per label after aggregation : ['0:73.10%', '1:76.80%', '2:49.10%', '3:44.10%', '4:62.60%', '5:57.60%', '6:76.60%', '7:73.60%', '8:79.70%', '9:72.80%']

-----------------------------------------------------

Central server round 207 started
Model sent from central server with 100msec communication time, with loss :1.28, accuracy : 66.60%
Accuracy per label : ['0:73.10%', '1:76.80%', '2:49.10%', '3:44.10%', '4:62.60%', '5:57.60%', '6:76.60%', '7:73.60%', '8:79.70%', '9:72.80%']
The model is from round 202 from central server, staleness is 4

Cluster round 1 completed, aggregated models from all the clients, time past : 800msec, loss : 1.27, accuracy 65.52%
Accuracy per label : ['0:69.50%', '1:75.00%', '2:51.90%', '3:43.20%', '4:63.20%', '5:55.50%', '6:75.30%', '7:72.60%', '8:78.70%', '9:70.30%']

Cluster round 2 completed, aggregated models from all the clients, time past : 1500msec, loss : 1.32, accuracy 65.57%
Accuracy per label : ['0:72.10%', '1:75.30%', '2:51.20%', '3:42.70%', '4:60.90%', '5:57.70%', '6:77.60%', '7:72.10%', '8:74.70%', '9:71.40%']

Cluster round 3 completed, aggregated models from all the clients, time past : 2200msec, loss : 1.37, accuracy 65.30%
Accuracy per label : ['0:74.30%', '1:73.00%', '2:51.40%', '3:42.10%', '4:60.00%', '5:55.50%', '6:77.60%', '7:72.20%', '8:76.70%', '9:70.20%']

Before aggregation, loss : 1.28, accuracy : 66.63%
Before aggregation, accuracy per label : ['0:73.20%', '1:76.50%', '2:49.20%', '3:44.90%', '4:62.30%', '5:58.30%', '6:76.30%', '7:73.60%', '8:79.60%', '9:72.40%']
Aggregation to central server completed at central server round 250, loss : 1.28, accuracy: 66.55%, staleness : 4
Accuracy per label after aggregation : ['0:73.30%', '1:76.30%', '2:50.00%', '3:43.90%', '4:61.80%', '5:57.80%', '6:76.30%', '7:74.00%', '8:79.50%', '9:72.60%']

-----------------------------------------------------

Central server round 212 started
Model sent from central server with 100msec communication time, with loss :1.28, accuracy : 66.55%
Accuracy per label : ['0:73.30%', '1:76.30%', '2:50.00%', '3:43.90%', '4:61.80%', '5:57.80%', '6:76.30%', '7:74.00%', '8:79.50%', '9:72.60%']
The model is from round 207 from central server, staleness is 4

Cluster round 1 completed, aggregated models from all the clients, time past : 800msec, loss : 1.28, accuracy 66.20%
Accuracy per label : ['0:72.80%', '1:75.60%', '2:51.30%', '3:41.40%', '4:65.50%', '5:58.60%', '6:76.70%', '7:71.50%', '8:77.90%', '9:70.70%']

Cluster round 2 completed, aggregated models from all the clients, time past : 1500msec, loss : 1.33, accuracy 65.81%
Accuracy per label : ['0:74.20%', '1:76.50%', '2:51.00%', '3:41.60%', '4:60.90%', '5:57.40%', '6:77.90%', '7:72.30%', '8:76.30%', '9:70.00%']

Cluster round 3 completed, aggregated models from all the clients, time past : 2200msec, loss : 1.37, accuracy 65.53%
Accuracy per label : ['0:72.20%', '1:74.20%', '2:49.80%', '3:42.70%', '4:60.80%', '5:56.00%', '6:78.70%', '7:71.70%', '8:77.90%', '9:71.30%']

Before aggregation, loss : 1.29, accuracy : 66.75%
Before aggregation, accuracy per label : ['0:73.20%', '1:76.60%', '2:50.10%', '3:44.60%', '4:62.50%', '5:58.10%', '6:76.30%', '7:73.90%', '8:79.70%', '9:72.50%']
Aggregation to central server completed at central server round 250, loss : 1.29, accuracy: 66.72%, staleness : 4
Accuracy per label after aggregation : ['0:73.40%', '1:76.80%', '2:50.80%', '3:44.40%', '4:62.00%', '5:57.40%', '6:76.50%', '7:73.80%', '8:79.60%', '9:72.50%']

-----------------------------------------------------

Central server round 217 started
Model sent from central server with 100msec communication time, with loss :1.29, accuracy : 66.72%
Accuracy per label : ['0:73.40%', '1:76.80%', '2:50.80%', '3:44.40%', '4:62.00%', '5:57.40%', '6:76.50%', '7:73.80%', '8:79.60%', '9:72.50%']
The model is from round 212 from central server, staleness is 4

Cluster round 1 completed, aggregated models from all the clients, time past : 800msec, loss : 1.30, accuracy 66.16%
Accuracy per label : ['0:72.50%', '1:76.20%', '2:51.50%', '3:41.20%', '4:62.30%', '5:60.00%', '6:77.70%', '7:73.30%', '8:76.30%', '9:70.60%']

Cluster round 2 completed, aggregated models from all the clients, time past : 1500msec, loss : 1.34, accuracy 65.79%
Accuracy per label : ['0:74.20%', '1:73.40%', '2:52.80%', '3:42.80%', '4:61.60%', '5:57.30%', '6:77.20%', '7:72.50%', '8:76.80%', '9:69.30%']

Cluster round 3 completed, aggregated models from all the clients, time past : 2200msec, loss : 1.39, accuracy 65.37%
Accuracy per label : ['0:74.90%', '1:73.60%', '2:50.50%', '3:42.50%', '4:59.60%', '5:54.80%', '6:78.40%', '7:73.20%', '8:76.50%', '9:69.70%']

Before aggregation, loss : 1.29, accuracy : 66.77%
Before aggregation, accuracy per label : ['0:73.80%', '1:76.90%', '2:49.70%', '3:44.60%', '4:62.50%', '5:57.70%', '6:76.70%', '7:74.00%', '8:79.70%', '9:72.10%']
Aggregation to central server completed at central server round 250, loss : 1.29, accuracy: 66.69%, staleness : 4
Accuracy per label after aggregation : ['0:73.70%', '1:76.80%', '2:50.70%', '3:44.00%', '4:62.30%', '5:57.40%', '6:76.80%', '7:73.80%', '8:79.40%', '9:72.00%']

-----------------------------------------------------

Central server round 222 started
Model sent from central server with 100msec communication time, with loss :1.29, accuracy : 66.69%
Accuracy per label : ['0:73.70%', '1:76.80%', '2:50.70%', '3:44.00%', '4:62.30%', '5:57.40%', '6:76.80%', '7:73.80%', '8:79.40%', '9:72.00%']
The model is from round 217 from central server, staleness is 4

Cluster round 1 completed, aggregated models from all the clients, time past : 800msec, loss : 1.30, accuracy 65.92%
Accuracy per label : ['0:73.20%', '1:75.50%', '2:49.60%', '3:40.50%', '4:63.10%', '5:57.30%', '6:79.90%', '7:73.40%', '8:77.20%', '9:69.50%']

Cluster round 2 completed, aggregated models from all the clients, time past : 1500msec, loss : 1.34, accuracy 65.56%
Accuracy per label : ['0:72.80%', '1:73.20%', '2:52.90%', '3:41.00%', '4:61.70%', '5:55.10%', '6:77.70%', '7:72.30%', '8:77.50%', '9:71.40%']

Cluster round 3 completed, aggregated models from all the clients, time past : 2200msec, loss : 1.39, accuracy 65.61%
Accuracy per label : ['0:72.50%', '1:74.50%', '2:52.10%', '3:39.30%', '4:61.70%', '5:59.50%', '6:78.10%', '7:71.20%', '8:75.30%', '9:71.90%']

Before aggregation, loss : 1.30, accuracy : 66.82%
Before aggregation, accuracy per label : ['0:73.70%', '1:76.70%', '2:50.50%', '3:45.00%', '4:62.50%', '5:57.20%', '6:76.50%', '7:73.90%', '8:80.00%', '9:72.20%']
Aggregation to central server completed at central server round 250, loss : 1.30, accuracy: 66.88%, staleness : 4
Accuracy per label after aggregation : ['0:73.50%', '1:76.50%', '2:51.30%', '3:44.30%', '4:63.10%', '5:57.70%', '6:77.20%', '7:73.60%', '8:79.30%', '9:72.30%']

-----------------------------------------------------

Central server round 227 started
Model sent from central server with 100msec communication time, with loss :1.30, accuracy : 66.88%
Accuracy per label : ['0:73.50%', '1:76.50%', '2:51.30%', '3:44.30%', '4:63.10%', '5:57.70%', '6:77.20%', '7:73.60%', '8:79.30%', '9:72.30%']
The model is from round 222 from central server, staleness is 4

Cluster round 1 completed, aggregated models from all the clients, time past : 800msec, loss : 1.30, accuracy 66.01%
Accuracy per label : ['0:74.00%', '1:75.10%', '2:51.00%', '3:42.80%', '4:61.60%', '5:57.80%', '6:78.20%', '7:72.20%', '8:76.40%', '9:71.00%']

Cluster round 2 completed, aggregated models from all the clients, time past : 1500msec, loss : 1.35, accuracy 65.79%
Accuracy per label : ['0:73.30%', '1:75.40%', '2:51.80%', '3:44.30%', '4:61.90%', '5:56.00%', '6:77.50%', '7:70.50%', '8:76.70%', '9:70.50%']

Cluster round 3 completed, aggregated models from all the clients, time past : 2200msec, loss : 1.40, accuracy 65.56%
Accuracy per label : ['0:75.90%', '1:74.00%', '2:51.70%', '3:43.80%', '4:61.40%', '5:54.20%', '6:76.80%', '7:71.50%', '8:75.90%', '9:70.40%']

Before aggregation, loss : 1.31, accuracy : 66.94%
Before aggregation, accuracy per label : ['0:74.30%', '1:76.60%', '2:50.30%', '3:45.00%', '4:62.70%', '5:57.80%', '6:76.70%', '7:73.70%', '8:79.60%', '9:72.70%']
Aggregation to central server completed at central server round 250, loss : 1.31, accuracy: 66.93%, staleness : 4
Accuracy per label after aggregation : ['0:74.70%', '1:76.70%', '2:50.90%', '3:44.30%', '4:62.70%', '5:57.60%', '6:76.40%', '7:73.80%', '8:79.40%', '9:72.80%']

-----------------------------------------------------

Central server round 232 started
Model sent from central server with 100msec communication time, with loss :1.31, accuracy : 66.93%
Accuracy per label : ['0:74.70%', '1:76.70%', '2:50.90%', '3:44.30%', '4:62.70%', '5:57.60%', '6:76.40%', '7:73.80%', '8:79.40%', '9:72.80%']
The model is from round 227 from central server, staleness is 4

Cluster round 1 completed, aggregated models from all the clients, time past : 800msec, loss : 1.31, accuracy 66.14%
Accuracy per label : ['0:74.70%', '1:74.00%', '2:48.50%', '3:46.50%', '4:66.10%', '5:57.90%', '6:75.80%', '7:69.70%', '8:76.70%', '9:71.50%']

Cluster round 2 completed, aggregated models from all the clients, time past : 1500msec, loss : 1.35, accuracy 65.94%
Accuracy per label : ['0:73.50%', '1:73.90%', '2:49.40%', '3:44.70%', '4:61.20%', '5:57.10%', '6:77.30%', '7:74.10%', '8:77.30%', '9:70.90%']

Cluster round 3 completed, aggregated models from all the clients, time past : 2200msec, loss : 1.40, accuracy 65.91%
Accuracy per label : ['0:73.10%', '1:73.80%', '2:51.50%', '3:46.40%', '4:60.90%', '5:55.70%', '6:78.00%', '7:71.30%', '8:75.90%', '9:72.50%']

Before aggregation, loss : 1.31, accuracy : 66.99%
Before aggregation, accuracy per label : ['0:74.50%', '1:76.90%', '2:49.90%', '3:44.90%', '4:63.10%', '5:57.90%', '6:76.60%', '7:73.90%', '8:79.60%', '9:72.60%']
Aggregation to central server completed at central server round 250, loss : 1.31, accuracy: 67.02%, staleness : 4
Accuracy per label after aggregation : ['0:74.00%', '1:76.70%', '2:50.90%', '3:44.60%', '4:63.10%', '5:57.70%', '6:77.10%', '7:73.80%', '8:79.70%', '9:72.60%']

-----------------------------------------------------

Central server round 237 started
Model sent from central server with 100msec communication time, with loss :1.31, accuracy : 67.02%
Accuracy per label : ['0:74.00%', '1:76.70%', '2:50.90%', '3:44.60%', '4:63.10%', '5:57.70%', '6:77.10%', '7:73.80%', '8:79.70%', '9:72.60%']
The model is from round 232 from central server, staleness is 4

Cluster round 1 completed, aggregated models from all the clients, time past : 800msec, loss : 1.32, accuracy 66.22%
Accuracy per label : ['0:74.80%', '1:75.00%', '2:50.10%', '3:42.30%', '4:61.50%', '5:57.60%', '6:79.40%', '7:73.40%', '8:76.80%', '9:71.30%']

Cluster round 2 completed, aggregated models from all the clients, time past : 1500msec, loss : 1.37, accuracy 65.72%
Accuracy per label : ['0:73.40%', '1:74.40%', '2:53.00%', '3:41.70%', '4:60.90%', '5:55.90%', '6:77.10%', '7:73.10%', '8:76.10%', '9:71.60%']

Cluster round 3 completed, aggregated models from all the clients, time past : 2200msec, loss : 1.41, accuracy 65.63%
Accuracy per label : ['0:73.80%', '1:73.80%', '2:51.40%', '3:40.90%', '4:60.80%', '5:57.60%', '6:78.70%', '7:71.40%', '8:76.40%', '9:71.50%']

Before aggregation, loss : 1.32, accuracy : 66.91%
Before aggregation, accuracy per label : ['0:73.50%', '1:77.20%', '2:50.50%', '3:45.00%', '4:62.30%', '5:57.90%', '6:77.00%', '7:73.80%', '8:79.50%', '9:72.40%']
Aggregation to central server completed at central server round 250, loss : 1.32, accuracy: 66.87%, staleness : 4
Accuracy per label after aggregation : ['0:73.50%', '1:77.10%', '2:50.60%', '3:44.00%', '4:63.00%', '5:57.90%', '6:77.20%', '7:73.80%', '8:79.30%', '9:72.30%']

-----------------------------------------------------

Central server round 242 started
Model sent from central server with 100msec communication time, with loss :1.32, accuracy : 66.87%
Accuracy per label : ['0:73.50%', '1:77.10%', '2:50.60%', '3:44.00%', '4:63.00%', '5:57.90%', '6:77.20%', '7:73.80%', '8:79.30%', '9:72.30%']
The model is from round 237 from central server, staleness is 4

Cluster round 1 completed, aggregated models from all the clients, time past : 800msec, loss : 1.33, accuracy 66.07%
Accuracy per label : ['0:74.10%', '1:75.30%', '2:49.80%', '3:42.10%', '4:62.90%', '5:58.20%', '6:78.30%', '7:73.80%', '8:76.80%', '9:69.40%']

Cluster round 2 completed, aggregated models from all the clients, time past : 1500msec, loss : 1.37, accuracy 66.06%
Accuracy per label : ['0:74.50%', '1:75.10%', '2:52.60%', '3:44.70%', '4:60.00%', '5:57.90%', '6:77.80%', '7:71.30%', '8:76.90%', '9:69.80%']

Cluster round 3 completed, aggregated models from all the clients, time past : 2200msec, loss : 1.42, accuracy 65.65%
Accuracy per label : ['0:75.20%', '1:75.10%', '2:49.20%', '3:44.30%', '4:61.70%', '5:56.00%', '6:78.50%', '7:71.40%', '8:76.10%', '9:69.00%']

Before aggregation, loss : 1.33, accuracy : 66.95%
Before aggregation, accuracy per label : ['0:73.90%', '1:76.60%', '2:50.70%', '3:44.60%', '4:62.40%', '5:58.30%', '6:77.00%', '7:73.50%', '8:79.90%', '9:72.60%']
Aggregation to central server completed at central server round 250, loss : 1.33, accuracy: 66.91%, staleness : 4
Accuracy per label after aggregation : ['0:74.20%', '1:77.00%', '2:50.40%', '3:44.20%', '4:63.00%', '5:57.60%', '6:77.20%', '7:73.90%', '8:79.20%', '9:72.40%']

-----------------------------------------------------

Central server round 247 started
Model sent from central server with 100msec communication time, with loss :1.33, accuracy : 66.91%
Accuracy per label : ['0:74.20%', '1:77.00%', '2:50.40%', '3:44.20%', '4:63.00%', '5:57.60%', '6:77.20%', '7:73.90%', '8:79.20%', '9:72.40%']
The model is from round 242 from central server, staleness is 4

Cluster round 1 completed, aggregated models from all the clients, time past : 800msec, loss : 1.33, accuracy 66.45%
Accuracy per label : ['0:72.60%', '1:75.40%', '2:52.50%', '3:42.20%', '4:60.20%', '5:59.50%', '6:79.60%', '7:73.80%', '8:77.40%', '9:71.30%']

Cluster round 2 completed, aggregated models from all the clients, time past : 1500msec, loss : 1.38, accuracy 66.14%
Accuracy per label : ['0:73.60%', '1:75.60%', '2:51.00%', '3:43.90%', '4:62.10%', '5:57.10%', '6:77.80%', '7:71.80%', '8:77.80%', '9:70.70%']

Cluster round 3 completed, aggregated models from all the clients, time past : 2200msec, loss : 1.42, accuracy 65.97%
Accuracy per label : ['0:73.50%', '1:73.80%', '2:50.70%', '3:45.40%', '4:62.40%', '5:56.30%', '6:77.30%', '7:72.30%', '8:76.70%', '9:71.30%']

Before aggregation, loss : 1.33, accuracy : 67.00%
Before aggregation, accuracy per label : ['0:74.20%', '1:76.90%', '2:50.40%', '3:44.30%', '4:62.90%', '5:58.10%', '6:77.20%', '7:74.00%', '8:79.70%', '9:72.30%']
Aggregation to central server completed at central server round 250, loss : 1.33, accuracy: 66.97%, staleness : 4
Accuracy per label after aggregation : ['0:74.30%', '1:76.60%', '2:50.50%', '3:44.30%', '4:63.00%', '5:58.20%', '6:76.80%', '7:74.30%', '8:79.40%', '9:72.30%']

