-----------------------------------------------------

Central server round 4 started
Model sent from central server with 100msec communication time, with loss :2.31, accuracy : 8.86%
Accuracy per label : ['0:0.00%', '1:0.40%', '2:0.40%', '3:3.80%', '4:0.00%', '5:0.00%', '6:0.00%', '7:0.00%', '8:84.00%', '9:0.00%']
The model is from round 0 from central server, staleness is 3

Cluster round 1 completed, aggregated models from all the clients, time past : 800msec, loss : 2.09, accuracy 24.90%
Accuracy per label : ['0:50.00%', '1:11.00%', '2:5.90%', '3:0.00%', '4:24.20%', '5:57.90%', '6:0.50%', '7:17.00%', '8:29.40%', '9:53.10%']

Cluster round 2 completed, aggregated models from all the clients, time past : 1500msec, loss : 1.92, accuracy 31.64%
Accuracy per label : ['0:55.40%', '1:25.90%', '2:5.40%', '3:4.00%', '4:5.40%', '5:44.70%', '6:57.40%', '7:22.50%', '8:57.70%', '9:38.00%']

Cluster round 3 completed, aggregated models from all the clients, time past : 2200msec, loss : 1.83, accuracy 35.93%
Accuracy per label : ['0:57.20%', '1:33.40%', '2:7.00%', '3:16.00%', '4:24.60%', '5:40.30%', '6:64.40%', '7:32.70%', '8:46.50%', '9:37.20%']

Before aggregation, loss : 1.91, accuracy : 35.43%
Before aggregation, accuracy per label : ['0:55.20%', '1:37.30%', '2:8.30%', '3:9.30%', '4:28.10%', '5:41.80%', '6:45.50%', '7:35.20%', '8:46.00%', '9:47.60%']
Aggregation to central server completed at central server round 250, loss : 1.89, accuracy: 35.79%, staleness : 3
Accuracy per label after aggregation : ['0:56.00%', '1:37.20%', '2:7.90%', '3:10.00%', '4:27.30%', '5:42.60%', '6:49.10%', '7:35.30%', '8:46.50%', '9:46.00%']

-----------------------------------------------------

Central server round 9 started
Model sent from central server with 100msec communication time, with loss :1.89, accuracy : 35.79%
Accuracy per label : ['0:56.00%', '1:37.20%', '2:7.90%', '3:10.00%', '4:27.30%', '5:42.60%', '6:49.10%', '7:35.30%', '8:46.50%', '9:46.00%']
The model is from round 4 from central server, staleness is 4

Cluster round 1 completed, aggregated models from all the clients, time past : 800msec, loss : 1.77, accuracy 37.24%
Accuracy per label : ['0:52.70%', '1:36.20%', '2:8.90%', '3:9.10%', '4:42.50%', '5:41.80%', '6:52.30%', '7:38.60%', '8:47.50%', '9:42.80%']

Cluster round 2 completed, aggregated models from all the clients, time past : 1500msec, loss : 1.72, accuracy 39.07%
Accuracy per label : ['0:44.30%', '1:45.10%', '2:19.90%', '3:22.10%', '4:16.80%', '5:34.60%', '6:49.50%', '7:38.00%', '8:66.50%', '9:53.90%']

Cluster round 3 completed, aggregated models from all the clients, time past : 2200msec, loss : 1.64, accuracy 42.00%
Accuracy per label : ['0:51.60%', '1:55.90%', '2:27.50%', '3:15.70%', '4:28.20%', '5:40.70%', '6:48.80%', '7:39.10%', '8:62.30%', '9:50.20%']

Before aggregation, loss : 1.79, accuracy : 38.09%
Before aggregation, accuracy per label : ['0:50.30%', '1:38.00%', '2:9.50%', '3:12.60%', '4:34.30%', '5:41.00%', '6:52.70%', '7:38.30%', '8:56.50%', '9:47.70%']
Aggregation to central server completed at central server round 250, loss : 1.77, accuracy: 38.79%, staleness : 4
Accuracy per label after aggregation : ['0:49.90%', '1:39.20%', '2:11.80%', '3:13.10%', '4:34.00%', '5:41.20%', '6:52.60%', '7:38.60%', '8:59.00%', '9:48.50%']

-----------------------------------------------------

Central server round 14 started
Model sent from central server with 100msec communication time, with loss :1.77, accuracy : 38.79%
Accuracy per label : ['0:49.90%', '1:39.20%', '2:11.80%', '3:13.10%', '4:34.00%', '5:41.20%', '6:52.60%', '7:38.60%', '8:59.00%', '9:48.50%']
The model is from round 9 from central server, staleness is 4

Cluster round 1 completed, aggregated models from all the clients, time past : 800msec, loss : 1.67, accuracy 41.03%
Accuracy per label : ['0:53.60%', '1:41.30%', '2:15.50%', '3:21.50%', '4:25.90%', '5:37.80%', '6:51.20%', '7:48.80%', '8:55.90%', '9:58.80%']

Cluster round 2 completed, aggregated models from all the clients, time past : 1500msec, loss : 1.60, accuracy 43.19%
Accuracy per label : ['0:55.10%', '1:54.80%', '2:16.40%', '3:12.80%', '4:44.40%', '5:39.30%', '6:55.00%', '7:44.70%', '8:60.80%', '9:48.60%']

Cluster round 3 completed, aggregated models from all the clients, time past : 2200msec, loss : 1.55, accuracy 44.49%
Accuracy per label : ['0:46.70%', '1:56.50%', '2:18.60%', '3:18.20%', '4:48.70%', '5:29.70%', '6:60.90%', '7:47.50%', '8:72.20%', '9:45.90%']

Before aggregation, loss : 1.68, accuracy : 41.06%
Before aggregation, accuracy per label : ['0:53.60%', '1:45.50%', '2:17.00%', '3:15.80%', '4:36.10%', '5:38.60%', '6:56.00%', '7:42.30%', '8:58.60%', '9:47.10%']
Aggregation to central server completed at central server round 250, loss : 1.66, accuracy: 41.83%, staleness : 4
Accuracy per label after aggregation : ['0:52.70%', '1:46.90%', '2:17.80%', '3:15.70%', '4:38.30%', '5:37.80%', '6:57.80%', '7:43.20%', '8:61.20%', '9:46.90%']

-----------------------------------------------------

Central server round 19 started
Model sent from central server with 100msec communication time, with loss :1.66, accuracy : 41.83%
Accuracy per label : ['0:52.70%', '1:46.90%', '2:17.80%', '3:15.70%', '4:38.30%', '5:37.80%', '6:57.80%', '7:43.20%', '8:61.20%', '9:46.90%']
The model is from round 14 from central server, staleness is 4

Cluster round 1 completed, aggregated models from all the clients, time past : 800msec, loss : 1.60, accuracy 43.04%
Accuracy per label : ['0:49.40%', '1:58.10%', '2:23.20%', '3:29.30%', '4:29.90%', '5:35.40%', '6:43.10%', '7:48.20%', '8:71.10%', '9:42.70%']

Cluster round 2 completed, aggregated models from all the clients, time past : 1500msec, loss : 1.52, accuracy 46.53%
Accuracy per label : ['0:43.80%', '1:66.20%', '2:35.90%', '3:28.20%', '4:27.30%', '5:30.50%', '6:65.00%', '7:54.10%', '8:62.30%', '9:52.00%']

Cluster round 3 completed, aggregated models from all the clients, time past : 2200msec, loss : 1.49, accuracy 46.19%
Accuracy per label : ['0:45.10%', '1:62.70%', '2:19.40%', '3:32.60%', '4:43.30%', '5:34.30%', '6:60.50%', '7:46.50%', '8:75.80%', '9:41.70%']

Before aggregation, loss : 1.59, accuracy : 44.16%
Before aggregation, accuracy per label : ['0:53.90%', '1:50.20%', '2:23.30%', '3:18.40%', '4:38.40%', '5:36.00%', '6:63.20%', '7:46.40%', '8:62.40%', '9:49.40%']
Aggregation to central server completed at central server round 250, loss : 1.57, accuracy: 44.41%, staleness : 4
Accuracy per label after aggregation : ['0:53.00%', '1:52.00%', '2:22.20%', '3:19.60%', '4:38.70%', '5:36.00%', '6:64.10%', '7:45.80%', '8:64.30%', '9:48.40%']

-----------------------------------------------------

Central server round 24 started
Model sent from central server with 100msec communication time, with loss :1.57, accuracy : 44.41%
Accuracy per label : ['0:53.00%', '1:52.00%', '2:22.20%', '3:19.60%', '4:38.70%', '5:36.00%', '6:64.10%', '7:45.80%', '8:64.30%', '9:48.40%']
The model is from round 19 from central server, staleness is 4

Cluster round 1 completed, aggregated models from all the clients, time past : 800msec, loss : 1.50, accuracy 46.61%
Accuracy per label : ['0:49.60%', '1:59.90%', '2:27.80%', '3:35.10%', '4:35.50%', '5:29.30%', '6:67.40%', '7:53.60%', '8:56.30%', '9:51.60%']

Cluster round 2 completed, aggregated models from all the clients, time past : 1500msec, loss : 1.46, accuracy 48.07%
Accuracy per label : ['0:53.50%', '1:55.00%', '2:22.40%', '3:40.30%', '4:43.90%', '5:24.80%', '6:63.70%', '7:54.00%', '8:64.30%', '9:58.80%']

Cluster round 3 completed, aggregated models from all the clients, time past : 2200msec, loss : 1.43, accuracy 49.17%
Accuracy per label : ['0:60.50%', '1:61.40%', '2:34.40%', '3:26.70%', '4:33.20%', '5:31.60%', '6:70.00%', '7:55.30%', '8:68.30%', '9:50.30%']

Before aggregation, loss : 1.50, accuracy : 46.71%
Before aggregation, accuracy per label : ['0:52.90%', '1:57.50%', '2:22.90%', '3:21.50%', '4:42.20%', '5:37.70%', '6:65.60%', '7:48.80%', '8:65.40%', '9:52.60%']
Aggregation to central server completed at central server round 250, loss : 1.49, accuracy: 47.26%, staleness : 4
Accuracy per label after aggregation : ['0:53.80%', '1:58.30%', '2:23.90%', '3:23.30%', '4:41.00%', '5:37.00%', '6:66.40%', '7:50.40%', '8:65.90%', '9:52.60%']

-----------------------------------------------------

Central server round 29 started
Model sent from central server with 100msec communication time, with loss :1.49, accuracy : 47.26%
Accuracy per label : ['0:53.80%', '1:58.30%', '2:23.90%', '3:23.30%', '4:41.00%', '5:37.00%', '6:66.40%', '7:50.40%', '8:65.90%', '9:52.60%']
The model is from round 24 from central server, staleness is 4

Cluster round 1 completed, aggregated models from all the clients, time past : 800msec, loss : 1.45, accuracy 48.90%
Accuracy per label : ['0:59.90%', '1:61.00%', '2:33.60%', '3:33.00%', '4:32.30%', '5:27.30%', '6:69.30%', '7:57.70%', '8:62.70%', '9:52.20%']

Cluster round 2 completed, aggregated models from all the clients, time past : 1500msec, loss : 1.42, accuracy 49.50%
Accuracy per label : ['0:58.80%', '1:57.40%', '2:33.20%', '3:22.40%', '4:45.50%', '5:35.90%', '6:67.90%', '7:58.40%', '8:67.90%', '9:47.60%']

Cluster round 3 completed, aggregated models from all the clients, time past : 2200msec, loss : 1.38, accuracy 50.84%
Accuracy per label : ['0:55.90%', '1:62.70%', '2:31.50%', '3:30.10%', '4:49.70%', '5:44.20%', '6:58.00%', '7:54.50%', '8:70.70%', '9:51.10%']

Before aggregation, loss : 1.44, accuracy : 49.00%
Before aggregation, accuracy per label : ['0:52.30%', '1:58.90%', '2:28.00%', '3:27.40%', '4:43.80%', '5:38.20%', '6:64.40%', '7:53.20%', '8:68.60%', '9:55.20%']
Aggregation to central server completed at central server round 250, loss : 1.43, accuracy: 49.45%, staleness : 4
Accuracy per label after aggregation : ['0:53.00%', '1:60.10%', '2:28.60%', '3:27.40%', '4:44.50%', '5:39.60%', '6:64.40%', '7:53.20%', '8:68.70%', '9:55.00%']

-----------------------------------------------------

Central server round 34 started
Model sent from central server with 100msec communication time, with loss :1.43, accuracy : 49.45%
Accuracy per label : ['0:53.00%', '1:60.10%', '2:28.60%', '3:27.40%', '4:44.50%', '5:39.60%', '6:64.40%', '7:53.20%', '8:68.70%', '9:55.00%']
The model is from round 29 from central server, staleness is 4

Cluster round 1 completed, aggregated models from all the clients, time past : 800msec, loss : 1.39, accuracy 50.45%
Accuracy per label : ['0:58.80%', '1:62.90%', '2:35.10%', '3:43.60%', '4:36.50%', '5:30.50%', '6:60.60%', '7:53.70%', '8:66.10%', '9:56.70%']

Cluster round 2 completed, aggregated models from all the clients, time past : 1500msec, loss : 1.36, accuracy 51.27%
Accuracy per label : ['0:59.20%', '1:57.90%', '2:31.00%', '3:26.00%', '4:49.50%', '5:40.20%', '6:65.50%', '7:57.80%', '8:62.20%', '9:63.40%']

Cluster round 3 completed, aggregated models from all the clients, time past : 2200msec, loss : 1.37, accuracy 51.90%
Accuracy per label : ['0:65.40%', '1:59.50%', '2:34.60%', '3:24.40%', '4:39.30%', '5:43.40%', '6:65.40%', '7:57.20%', '8:70.90%', '9:58.90%']

Before aggregation, loss : 1.38, accuracy : 51.03%
Before aggregation, accuracy per label : ['0:54.00%', '1:64.00%', '2:29.60%', '3:30.10%', '4:42.10%', '5:41.00%', '6:66.90%', '7:55.80%', '8:69.90%', '9:56.90%']
Aggregation to central server completed at central server round 250, loss : 1.37, accuracy: 51.22%, staleness : 4
Accuracy per label after aggregation : ['0:55.00%', '1:63.80%', '2:30.00%', '3:29.70%', '4:41.90%', '5:41.50%', '6:66.60%', '7:56.30%', '8:70.40%', '9:57.00%']

-----------------------------------------------------

Central server round 39 started
Model sent from central server with 100msec communication time, with loss :1.37, accuracy : 51.22%
Accuracy per label : ['0:55.00%', '1:63.80%', '2:30.00%', '3:29.70%', '4:41.90%', '5:41.50%', '6:66.60%', '7:56.30%', '8:70.40%', '9:57.00%']
The model is from round 34 from central server, staleness is 4

Cluster round 1 completed, aggregated models from all the clients, time past : 800msec, loss : 1.40, accuracy 50.02%
Accuracy per label : ['0:53.70%', '1:61.90%', '2:25.70%', '3:38.40%', '4:29.20%', '5:30.60%', '6:62.80%', '7:64.70%', '8:61.20%', '9:72.00%']

Cluster round 2 completed, aggregated models from all the clients, time past : 1500msec, loss : 1.34, accuracy 51.89%
Accuracy per label : ['0:55.20%', '1:64.80%', '2:52.70%', '3:24.60%', '4:31.20%', '5:34.80%', '6:73.70%', '7:55.20%', '8:72.60%', '9:54.10%']

Cluster round 3 completed, aggregated models from all the clients, time past : 2200msec, loss : 1.32, accuracy 54.13%
Accuracy per label : ['0:57.30%', '1:63.00%', '2:40.20%', '3:38.80%', '4:44.90%', '5:40.10%', '6:52.70%', '7:71.00%', '8:73.40%', '9:59.90%']

Before aggregation, loss : 1.34, accuracy : 52.56%
Before aggregation, accuracy per label : ['0:57.30%', '1:63.40%', '2:33.40%', '3:32.70%', '4:43.70%', '5:39.00%', '6:66.80%', '7:59.10%', '8:70.80%', '9:59.40%']
Aggregation to central server completed at central server round 250, loss : 1.33, accuracy: 52.79%, staleness : 4
Accuracy per label after aggregation : ['0:57.10%', '1:64.40%', '2:34.40%', '3:33.60%', '4:43.60%', '5:39.10%', '6:65.50%', '7:60.10%', '8:70.80%', '9:59.30%']

-----------------------------------------------------

Central server round 44 started
Model sent from central server with 100msec communication time, with loss :1.33, accuracy : 52.79%
Accuracy per label : ['0:57.10%', '1:64.40%', '2:34.40%', '3:33.60%', '4:43.60%', '5:39.10%', '6:65.50%', '7:60.10%', '8:70.80%', '9:59.30%']
The model is from round 39 from central server, staleness is 4

Cluster round 1 completed, aggregated models from all the clients, time past : 800msec, loss : 1.31, accuracy 53.20%
Accuracy per label : ['0:61.50%', '1:66.40%', '2:28.70%', '3:37.80%', '4:52.80%', '5:38.80%', '6:56.20%', '7:62.90%', '8:67.80%', '9:59.10%']

Cluster round 2 completed, aggregated models from all the clients, time past : 1500msec, loss : 1.31, accuracy 53.71%
Accuracy per label : ['0:68.40%', '1:62.60%', '2:41.70%', '3:18.00%', '4:54.00%', '5:47.80%', '6:63.80%', '7:57.20%', '8:64.90%', '9:58.70%']

Cluster round 3 completed, aggregated models from all the clients, time past : 2200msec, loss : 1.30, accuracy 54.22%
Accuracy per label : ['0:60.70%', '1:68.70%', '2:33.90%', '3:33.60%', '4:45.70%', '5:36.40%', '6:75.30%', '7:58.40%', '8:76.10%', '9:53.40%']

Before aggregation, loss : 1.30, accuracy : 53.99%
Before aggregation, accuracy per label : ['0:59.30%', '1:67.40%', '2:35.50%', '3:34.50%', '4:46.50%', '5:39.20%', '6:66.40%', '7:60.20%', '8:71.90%', '9:59.00%']
Aggregation to central server completed at central server round 250, loss : 1.29, accuracy: 54.16%, staleness : 4
Accuracy per label after aggregation : ['0:59.10%', '1:68.10%', '2:34.40%', '3:35.10%', '4:46.50%', '5:38.80%', '6:67.80%', '7:60.00%', '8:72.70%', '9:59.10%']

-----------------------------------------------------

Central server round 49 started
Model sent from central server with 100msec communication time, with loss :1.29, accuracy : 54.16%
Accuracy per label : ['0:59.10%', '1:68.10%', '2:34.40%', '3:35.10%', '4:46.50%', '5:38.80%', '6:67.80%', '7:60.00%', '8:72.70%', '9:59.10%']
The model is from round 44 from central server, staleness is 4

Cluster round 1 completed, aggregated models from all the clients, time past : 800msec, loss : 1.29, accuracy 54.27%
Accuracy per label : ['0:65.80%', '1:68.00%', '2:21.10%', '3:34.60%', '4:44.30%', '5:47.50%', '6:69.30%', '7:64.50%', '8:70.40%', '9:57.20%']

Cluster round 2 completed, aggregated models from all the clients, time past : 1500msec, loss : 1.26, accuracy 55.79%
Accuracy per label : ['0:59.30%', '1:73.80%', '2:33.30%', '3:34.20%', '4:46.70%', '5:43.70%', '6:68.90%', '7:67.10%', '8:71.40%', '9:59.50%']

Cluster round 3 completed, aggregated models from all the clients, time past : 2200msec, loss : 1.27, accuracy 55.51%
Accuracy per label : ['0:57.40%', '1:59.40%', '2:31.10%', '3:38.10%', '4:55.40%', '5:49.90%', '6:65.40%', '7:57.30%', '8:79.80%', '9:61.30%']

Before aggregation, loss : 1.26, accuracy : 55.45%
Before aggregation, accuracy per label : ['0:60.70%', '1:70.40%', '2:36.90%', '3:36.70%', '4:46.40%', '5:40.40%', '6:68.80%', '7:63.00%', '8:72.00%', '9:59.20%']
Aggregation to central server completed at central server round 250, loss : 1.25, accuracy: 55.43%, staleness : 4
Accuracy per label after aggregation : ['0:60.10%', '1:68.70%', '2:35.80%', '3:37.20%', '4:47.50%', '5:41.50%', '6:68.50%', '7:62.60%', '8:73.20%', '9:59.20%']

-----------------------------------------------------

Central server round 54 started
Model sent from central server with 100msec communication time, with loss :1.25, accuracy : 55.43%
Accuracy per label : ['0:60.10%', '1:68.70%', '2:35.80%', '3:37.20%', '4:47.50%', '5:41.50%', '6:68.50%', '7:62.60%', '8:73.20%', '9:59.20%']
The model is from round 49 from central server, staleness is 4

Cluster round 1 completed, aggregated models from all the clients, time past : 800msec, loss : 1.26, accuracy 55.49%
Accuracy per label : ['0:66.70%', '1:56.50%', '2:35.70%', '3:37.10%', '4:47.90%', '5:42.70%', '6:66.40%', '7:70.00%', '8:55.90%', '9:76.00%']

Cluster round 2 completed, aggregated models from all the clients, time past : 1500msec, loss : 1.28, accuracy 55.37%
Accuracy per label : ['0:63.00%', '1:78.90%', '2:40.20%', '3:34.50%', '4:41.50%', '5:31.00%', '6:79.60%', '7:57.60%', '8:72.00%', '9:55.40%']

Cluster round 3 completed, aggregated models from all the clients, time past : 2200msec, loss : 1.28, accuracy 55.71%
Accuracy per label : ['0:57.10%', '1:76.50%', '2:31.40%', '3:24.90%', '4:61.50%', '5:44.30%', '6:63.80%', '7:61.40%', '8:79.50%', '9:56.70%']

Before aggregation, loss : 1.23, accuracy : 56.92%
Before aggregation, accuracy per label : ['0:63.50%', '1:70.50%', '2:40.00%', '3:36.00%', '4:46.20%', '5:45.30%', '6:69.50%', '7:63.50%', '8:73.20%', '9:61.50%']
Aggregation to central server completed at central server round 250, loss : 1.22, accuracy: 56.92%, staleness : 4
Accuracy per label after aggregation : ['0:62.40%', '1:71.40%', '2:38.60%', '3:34.90%', '4:48.30%', '5:45.40%', '6:69.00%', '7:63.80%', '8:74.30%', '9:61.10%']

-----------------------------------------------------

Central server round 59 started
Model sent from central server with 100msec communication time, with loss :1.22, accuracy : 56.92%
Accuracy per label : ['0:62.40%', '1:71.40%', '2:38.60%', '3:34.90%', '4:48.30%', '5:45.40%', '6:69.00%', '7:63.80%', '8:74.30%', '9:61.10%']
The model is from round 54 from central server, staleness is 4

Cluster round 1 completed, aggregated models from all the clients, time past : 800msec, loss : 1.23, accuracy 57.11%
Accuracy per label : ['0:63.70%', '1:62.50%', '2:44.90%', '3:39.40%', '4:37.10%', '5:45.10%', '6:65.20%', '7:67.30%', '8:74.70%', '9:71.20%']

Cluster round 2 completed, aggregated models from all the clients, time past : 1500msec, loss : 1.26, accuracy 54.99%
Accuracy per label : ['0:55.00%', '1:63.10%', '2:20.40%', '3:60.20%', '4:60.10%', '5:35.60%', '6:53.60%', '7:60.80%', '8:70.00%', '9:71.10%']

Cluster round 3 completed, aggregated models from all the clients, time past : 2200msec, loss : 1.21, accuracy 58.27%
Accuracy per label : ['0:62.50%', '1:70.00%', '2:50.30%', '3:42.10%', '4:43.80%', '5:41.40%', '6:66.10%', '7:71.80%', '8:72.00%', '9:62.70%']

Before aggregation, loss : 1.20, accuracy : 57.89%
Before aggregation, accuracy per label : ['0:63.30%', '1:72.00%', '2:41.60%', '3:36.20%', '4:49.00%', '5:44.50%', '6:70.90%', '7:64.40%', '8:73.90%', '9:63.10%']
Aggregation to central server completed at central server round 250, loss : 1.19, accuracy: 58.25%, staleness : 4
Accuracy per label after aggregation : ['0:63.60%', '1:72.60%', '2:42.80%', '3:36.70%', '4:48.80%', '5:44.70%', '6:70.80%', '7:65.80%', '8:73.60%', '9:63.10%']

-----------------------------------------------------

Central server round 64 started
Model sent from central server with 100msec communication time, with loss :1.19, accuracy : 58.25%
Accuracy per label : ['0:63.60%', '1:72.60%', '2:42.80%', '3:36.70%', '4:48.80%', '5:44.70%', '6:70.80%', '7:65.80%', '8:73.60%', '9:63.10%']
The model is from round 59 from central server, staleness is 4

Cluster round 1 completed, aggregated models from all the clients, time past : 800msec, loss : 1.21, accuracy 57.26%
Accuracy per label : ['0:59.90%', '1:78.10%', '2:47.20%', '3:30.70%', '4:53.70%', '5:44.90%', '6:68.80%', '7:61.80%', '8:77.40%', '9:50.10%']

Cluster round 2 completed, aggregated models from all the clients, time past : 1500msec, loss : 1.22, accuracy 57.96%
Accuracy per label : ['0:64.20%', '1:66.90%', '2:27.50%', '3:54.00%', '4:47.60%', '5:44.40%', '6:67.60%', '7:65.20%', '8:77.00%', '9:65.20%']

Cluster round 3 completed, aggregated models from all the clients, time past : 2200msec, loss : 1.21, accuracy 58.95%
Accuracy per label : ['0:59.00%', '1:66.80%', '2:40.20%', '3:34.70%', '4:61.20%', '5:52.20%', '6:66.80%', '7:67.40%', '8:76.10%', '9:65.10%']

Before aggregation, loss : 1.17, accuracy : 58.98%
Before aggregation, accuracy per label : ['0:65.40%', '1:72.70%', '2:43.20%', '3:37.20%', '4:48.90%', '5:46.60%', '6:70.90%', '7:67.10%', '8:74.80%', '9:63.00%']
Aggregation to central server completed at central server round 250, loss : 1.17, accuracy: 59.30%, staleness : 4
Accuracy per label after aggregation : ['0:64.40%', '1:72.30%', '2:43.10%', '3:36.70%', '4:50.30%', '5:47.70%', '6:71.10%', '7:67.50%', '8:75.80%', '9:64.10%']

-----------------------------------------------------

Central server round 69 started
Model sent from central server with 100msec communication time, with loss :1.17, accuracy : 59.30%
Accuracy per label : ['0:64.40%', '1:72.30%', '2:43.10%', '3:36.70%', '4:50.30%', '5:47.70%', '6:71.10%', '7:67.50%', '8:75.80%', '9:64.10%']
The model is from round 64 from central server, staleness is 4

Cluster round 1 completed, aggregated models from all the clients, time past : 800msec, loss : 1.22, accuracy 57.36%
Accuracy per label : ['0:58.00%', '1:73.10%', '2:28.00%', '3:38.70%', '4:65.80%', '5:37.10%', '6:67.00%', '7:61.60%', '8:82.60%', '9:61.70%']

Cluster round 2 completed, aggregated models from all the clients, time past : 1500msec, loss : 1.21, accuracy 58.83%
Accuracy per label : ['0:67.90%', '1:72.50%', '2:42.00%', '3:33.50%', '4:52.10%', '5:52.20%', '6:63.20%', '7:61.10%', '8:76.80%', '9:67.00%']

Cluster round 3 completed, aggregated models from all the clients, time past : 2200msec, loss : 1.22, accuracy 58.70%
Accuracy per label : ['0:72.20%', '1:71.30%', '2:36.70%', '3:53.70%', '4:51.60%', '5:32.80%', '6:68.40%', '7:63.20%', '8:71.60%', '9:65.50%']

Before aggregation, loss : 1.15, accuracy : 59.93%
Before aggregation, accuracy per label : ['0:66.10%', '1:72.50%', '2:45.20%', '3:34.90%', '4:51.00%', '5:50.40%', '6:70.80%', '7:69.30%', '8:75.10%', '9:64.00%']
Aggregation to central server completed at central server round 250, loss : 1.15, accuracy: 60.15%, staleness : 4
Accuracy per label after aggregation : ['0:66.50%', '1:72.80%', '2:44.40%', '3:37.90%', '4:52.00%', '5:49.40%', '6:70.90%', '7:68.60%', '8:74.90%', '9:64.10%']

-----------------------------------------------------

Central server round 74 started
Model sent from central server with 100msec communication time, with loss :1.15, accuracy : 60.15%
Accuracy per label : ['0:66.50%', '1:72.80%', '2:44.40%', '3:37.90%', '4:52.00%', '5:49.40%', '6:70.90%', '7:68.60%', '8:74.90%', '9:64.10%']
The model is from round 69 from central server, staleness is 4

Cluster round 1 completed, aggregated models from all the clients, time past : 800msec, loss : 1.19, accuracy 58.86%
Accuracy per label : ['0:62.70%', '1:58.40%', '2:34.40%', '3:39.50%', '4:56.40%', '5:45.50%', '6:69.00%', '7:75.10%', '8:75.40%', '9:72.20%']

Cluster round 2 completed, aggregated models from all the clients, time past : 1500msec, loss : 1.20, accuracy 59.22%
Accuracy per label : ['0:71.60%', '1:65.20%', '2:39.40%', '3:38.10%', '4:51.10%', '5:40.50%', '6:71.90%', '7:72.60%', '8:72.10%', '9:69.70%']

Cluster round 3 completed, aggregated models from all the clients, time past : 2200msec, loss : 1.21, accuracy 59.97%
Accuracy per label : ['0:61.50%', '1:64.90%', '2:52.70%', '3:39.70%', '4:48.50%', '5:49.30%', '6:70.90%', '7:72.20%', '8:70.60%', '9:69.40%']

Before aggregation, loss : 1.14, accuracy : 60.48%
Before aggregation, accuracy per label : ['0:65.00%', '1:73.70%', '2:45.10%', '3:36.90%', '4:52.40%', '5:50.30%', '6:71.90%', '7:69.40%', '8:77.50%', '9:62.60%']
Aggregation to central server completed at central server round 250, loss : 1.13, accuracy: 60.73%, staleness : 4
Accuracy per label after aggregation : ['0:64.70%', '1:73.30%', '2:46.60%', '3:37.60%', '4:51.90%', '5:50.50%', '6:71.90%', '7:69.80%', '8:76.90%', '9:64.10%']

-----------------------------------------------------

Central server round 79 started
Model sent from central server with 100msec communication time, with loss :1.13, accuracy : 60.73%
Accuracy per label : ['0:64.70%', '1:73.30%', '2:46.60%', '3:37.60%', '4:51.90%', '5:50.50%', '6:71.90%', '7:69.80%', '8:76.90%', '9:64.10%']
The model is from round 74 from central server, staleness is 4

Cluster round 1 completed, aggregated models from all the clients, time past : 800msec, loss : 1.18, accuracy 59.64%
Accuracy per label : ['0:70.20%', '1:65.70%', '2:41.90%', '3:32.00%', '4:61.20%', '5:39.00%', '6:71.90%', '7:71.80%', '8:72.60%', '9:70.10%']

Cluster round 2 completed, aggregated models from all the clients, time past : 1500msec, loss : 1.20, accuracy 59.90%
Accuracy per label : ['0:62.90%', '1:66.20%', '2:44.40%', '3:46.90%', '4:51.00%', '5:51.70%', '6:64.50%', '7:59.50%', '8:83.20%', '9:68.70%']

Cluster round 3 completed, aggregated models from all the clients, time past : 2200msec, loss : 1.21, accuracy 60.07%
Accuracy per label : ['0:69.60%', '1:71.90%', '2:36.60%', '3:43.10%', '4:64.90%', '5:50.80%', '6:62.30%', '7:62.80%', '8:71.80%', '9:66.90%']

Before aggregation, loss : 1.13, accuracy : 61.33%
Before aggregation, accuracy per label : ['0:66.80%', '1:72.80%', '2:47.60%', '3:38.90%', '4:53.90%', '5:49.40%', '6:72.70%', '7:69.30%', '8:77.30%', '9:64.60%']
Aggregation to central server completed at central server round 250, loss : 1.13, accuracy: 61.57%, staleness : 4
Accuracy per label after aggregation : ['0:66.90%', '1:73.60%', '2:45.90%', '3:39.80%', '4:55.80%', '5:50.70%', '6:72.00%', '7:68.80%', '8:77.20%', '9:65.00%']

-----------------------------------------------------

Central server round 84 started
Model sent from central server with 100msec communication time, with loss :1.13, accuracy : 61.57%
Accuracy per label : ['0:66.90%', '1:73.60%', '2:45.90%', '3:39.80%', '4:55.80%', '5:50.70%', '6:72.00%', '7:68.80%', '8:77.20%', '9:65.00%']
The model is from round 79 from central server, staleness is 4

Cluster round 1 completed, aggregated models from all the clients, time past : 800msec, loss : 1.15, accuracy 61.34%
Accuracy per label : ['0:62.20%', '1:71.10%', '2:50.90%', '3:42.60%', '4:52.60%', '5:47.20%', '6:66.60%', '7:75.80%', '8:76.60%', '9:67.80%']

Cluster round 2 completed, aggregated models from all the clients, time past : 1500msec, loss : 1.19, accuracy 60.45%
Accuracy per label : ['0:65.60%', '1:65.00%', '2:32.70%', '3:39.50%', '4:64.80%', '5:55.10%', '6:69.10%', '7:68.50%', '8:75.60%', '9:68.60%']

Cluster round 3 completed, aggregated models from all the clients, time past : 2200msec, loss : 1.24, accuracy 60.27%
Accuracy per label : ['0:57.00%', '1:69.40%', '2:51.20%', '3:36.80%', '4:42.20%', '5:45.50%', '6:78.40%', '7:73.00%', '8:80.00%', '9:69.20%']

Before aggregation, loss : 1.12, accuracy : 61.90%
Before aggregation, accuracy per label : ['0:67.70%', '1:72.80%', '2:47.10%', '3:37.00%', '4:56.50%', '5:52.50%', '6:71.50%', '7:69.10%', '8:77.40%', '9:67.40%']
Aggregation to central server completed at central server round 250, loss : 1.12, accuracy: 62.13%, staleness : 4
Accuracy per label after aggregation : ['0:66.60%', '1:72.80%', '2:47.60%', '3:37.00%', '4:55.40%', '5:52.70%', '6:73.00%', '7:70.10%', '8:78.00%', '9:68.10%']

-----------------------------------------------------

Central server round 89 started
Model sent from central server with 100msec communication time, with loss :1.12, accuracy : 62.13%
Accuracy per label : ['0:66.60%', '1:72.80%', '2:47.60%', '3:37.00%', '4:55.40%', '5:52.70%', '6:73.00%', '7:70.10%', '8:78.00%', '9:68.10%']
The model is from round 84 from central server, staleness is 4

Cluster round 1 completed, aggregated models from all the clients, time past : 800msec, loss : 1.14, accuracy 61.73%
Accuracy per label : ['0:70.40%', '1:73.60%', '2:46.70%', '3:39.10%', '4:51.60%', '5:51.90%', '6:78.60%', '7:64.50%', '8:75.10%', '9:65.80%']

Cluster round 2 completed, aggregated models from all the clients, time past : 1500msec, loss : 1.19, accuracy 61.39%
Accuracy per label : ['0:69.50%', '1:73.50%', '2:38.00%', '3:39.90%', '4:54.70%', '5:59.00%', '6:67.60%', '7:67.70%', '8:77.30%', '9:66.70%']

Cluster round 3 completed, aggregated models from all the clients, time past : 2200msec, loss : 1.23, accuracy 61.42%
Accuracy per label : ['0:66.50%', '1:73.60%', '2:52.50%', '3:31.50%', '4:52.10%', '5:54.00%', '6:75.60%', '7:64.70%', '8:78.70%', '9:65.00%']

Before aggregation, loss : 1.12, accuracy : 62.26%
Before aggregation, accuracy per label : ['0:65.80%', '1:73.50%', '2:47.60%', '3:37.70%', '4:55.70%', '5:53.20%', '6:74.20%', '7:69.00%', '8:78.00%', '9:67.90%']
Aggregation to central server completed at central server round 250, loss : 1.13, accuracy: 62.54%, staleness : 4
Accuracy per label after aggregation : ['0:66.70%', '1:74.10%', '2:48.60%', '3:36.80%', '4:55.10%', '5:53.80%', '6:75.50%', '7:69.10%', '8:78.40%', '9:67.30%']

-----------------------------------------------------

Central server round 94 started
Model sent from central server with 100msec communication time, with loss :1.13, accuracy : 62.54%
Accuracy per label : ['0:66.70%', '1:74.10%', '2:48.60%', '3:36.80%', '4:55.10%', '5:53.80%', '6:75.50%', '7:69.10%', '8:78.40%', '9:67.30%']
The model is from round 89 from central server, staleness is 4

Cluster round 1 completed, aggregated models from all the clients, time past : 800msec, loss : 1.15, accuracy 62.36%
Accuracy per label : ['0:67.20%', '1:74.50%', '2:43.20%', '3:49.10%', '4:60.00%', '5:46.50%', '6:70.90%', '7:70.50%', '8:78.90%', '9:62.80%']

Cluster round 2 completed, aggregated models from all the clients, time past : 1500msec, loss : 1.19, accuracy 61.84%
Accuracy per label : ['0:70.20%', '1:68.20%', '2:40.10%', '3:45.80%', '4:59.00%', '5:45.20%', '6:77.30%', '7:67.80%', '8:77.40%', '9:67.40%']

Cluster round 3 completed, aggregated models from all the clients, time past : 2200msec, loss : 1.23, accuracy 62.04%
Accuracy per label : ['0:67.90%', '1:73.20%', '2:46.90%', '3:48.60%', '4:53.80%', '5:42.20%', '6:76.70%', '7:68.00%', '8:75.00%', '9:68.10%']

Before aggregation, loss : 1.13, accuracy : 62.93%
Before aggregation, accuracy per label : ['0:68.20%', '1:74.80%', '2:46.60%', '3:39.40%', '4:56.20%', '5:52.90%', '6:75.00%', '7:70.00%', '8:77.00%', '9:69.20%']
Aggregation to central server completed at central server round 250, loss : 1.13, accuracy: 62.96%, staleness : 4
Accuracy per label after aggregation : ['0:68.20%', '1:74.80%', '2:46.60%', '3:40.90%', '4:55.40%', '5:51.40%', '6:76.20%', '7:70.30%', '8:77.00%', '9:68.80%']

-----------------------------------------------------

Central server round 99 started
Model sent from central server with 100msec communication time, with loss :1.13, accuracy : 62.96%
Accuracy per label : ['0:68.20%', '1:74.80%', '2:46.60%', '3:40.90%', '4:55.40%', '5:51.40%', '6:76.20%', '7:70.30%', '8:77.00%', '9:68.80%']
The model is from round 94 from central server, staleness is 4

Cluster round 1 completed, aggregated models from all the clients, time past : 800msec, loss : 1.17, accuracy 62.19%
Accuracy per label : ['0:63.10%', '1:72.30%', '2:43.10%', '3:31.10%', '4:60.50%', '5:56.20%', '6:75.30%', '7:71.10%', '8:78.70%', '9:70.50%']

Cluster round 2 completed, aggregated models from all the clients, time past : 1500msec, loss : 1.21, accuracy 62.07%
Accuracy per label : ['0:61.10%', '1:76.00%', '2:45.70%', '3:40.70%', '4:60.20%', '5:59.80%', '6:66.70%', '7:64.90%', '8:84.50%', '9:61.10%']

Cluster round 3 completed, aggregated models from all the clients, time past : 2200msec, loss : 1.25, accuracy 61.90%
Accuracy per label : ['0:65.30%', '1:75.50%', '2:40.70%', '3:50.40%', '4:51.20%', '5:46.00%', '6:71.40%', '7:72.70%', '8:77.40%', '9:68.40%']

Before aggregation, loss : 1.13, accuracy : 63.48%
Before aggregation, accuracy per label : ['0:68.90%', '1:75.60%', '2:46.10%', '3:43.40%', '4:57.00%', '5:53.40%', '6:73.60%', '7:71.10%', '8:76.90%', '9:68.80%']
Aggregation to central server completed at central server round 250, loss : 1.13, accuracy: 63.43%, staleness : 4
Accuracy per label after aggregation : ['0:68.20%', '1:75.70%', '2:45.40%', '3:44.30%', '4:56.40%', '5:52.70%', '6:74.30%', '7:71.50%', '8:77.00%', '9:68.80%']

-----------------------------------------------------

Central server round 104 started
Model sent from central server with 100msec communication time, with loss :1.13, accuracy : 63.43%
Accuracy per label : ['0:68.20%', '1:75.70%', '2:45.40%', '3:44.30%', '4:56.40%', '5:52.70%', '6:74.30%', '7:71.50%', '8:77.00%', '9:68.80%']
The model is from round 99 from central server, staleness is 4

Cluster round 1 completed, aggregated models from all the clients, time past : 800msec, loss : 1.15, accuracy 63.08%
Accuracy per label : ['0:73.30%', '1:73.50%', '2:45.90%', '3:49.20%', '4:52.70%', '5:56.00%', '6:70.20%', '7:65.70%', '8:74.40%', '9:69.90%']

Cluster round 2 completed, aggregated models from all the clients, time past : 1500msec, loss : 1.21, accuracy 62.47%
Accuracy per label : ['0:69.90%', '1:74.90%', '2:46.70%', '3:40.40%', '4:55.00%', '5:50.20%', '6:75.10%', '7:67.20%', '8:77.90%', '9:67.40%']

Cluster round 3 completed, aggregated models from all the clients, time past : 2200msec, loss : 1.24, accuracy 62.38%
Accuracy per label : ['0:67.60%', '1:72.40%', '2:48.60%', '3:43.60%', '4:56.00%', '5:52.60%', '6:68.50%', '7:67.00%', '8:78.60%', '9:68.90%']

Before aggregation, loss : 1.13, accuracy : 63.83%
Before aggregation, accuracy per label : ['0:69.90%', '1:75.40%', '2:47.70%', '3:42.40%', '4:56.80%', '5:53.60%', '6:75.00%', '7:72.20%', '8:76.80%', '9:68.50%']
Aggregation to central server completed at central server round 250, loss : 1.13, accuracy: 63.92%, staleness : 4
Accuracy per label after aggregation : ['0:70.00%', '1:75.50%', '2:47.50%', '3:42.40%', '4:57.00%', '5:54.20%', '6:74.90%', '7:71.40%', '8:77.40%', '9:68.90%']

-----------------------------------------------------

Central server round 109 started
Model sent from central server with 100msec communication time, with loss :1.13, accuracy : 63.92%
Accuracy per label : ['0:70.00%', '1:75.50%', '2:47.50%', '3:42.40%', '4:57.00%', '5:54.20%', '6:74.90%', '7:71.40%', '8:77.40%', '9:68.90%']
The model is from round 104 from central server, staleness is 4

Cluster round 1 completed, aggregated models from all the clients, time past : 800msec, loss : 1.17, accuracy 62.66%
Accuracy per label : ['0:73.70%', '1:68.70%', '2:45.70%', '3:42.90%', '4:67.20%', '5:51.70%', '6:65.50%', '7:67.90%', '8:71.60%', '9:71.70%']

Cluster round 2 completed, aggregated models from all the clients, time past : 1500msec, loss : 1.21, accuracy 63.10%
Accuracy per label : ['0:74.40%', '1:70.80%', '2:54.20%', '3:39.50%', '4:56.90%', '5:51.70%', '6:71.40%', '7:66.70%', '8:73.50%', '9:71.90%']

Cluster round 3 completed, aggregated models from all the clients, time past : 2200msec, loss : 1.26, accuracy 62.88%
Accuracy per label : ['0:67.90%', '1:72.90%', '2:46.50%', '3:47.30%', '4:54.40%', '5:49.90%', '6:71.70%', '7:70.30%', '8:79.50%', '9:68.40%']

Before aggregation, loss : 1.14, accuracy : 64.13%
Before aggregation, accuracy per label : ['0:70.50%', '1:75.40%', '2:48.00%', '3:43.50%', '4:56.90%', '5:54.60%', '6:74.40%', '7:71.20%', '8:77.70%', '9:69.10%']
Aggregation to central server completed at central server round 250, loss : 1.14, accuracy: 64.26%, staleness : 4
Accuracy per label after aggregation : ['0:70.40%', '1:75.10%', '2:48.20%', '3:44.20%', '4:56.60%', '5:54.40%', '6:74.30%', '7:71.70%', '8:78.00%', '9:69.70%']

-----------------------------------------------------

Central server round 114 started
Model sent from central server with 100msec communication time, with loss :1.14, accuracy : 64.26%
Accuracy per label : ['0:70.40%', '1:75.10%', '2:48.20%', '3:44.20%', '4:56.60%', '5:54.40%', '6:74.30%', '7:71.70%', '8:78.00%', '9:69.70%']
The model is from round 109 from central server, staleness is 4

Cluster round 1 completed, aggregated models from all the clients, time past : 800msec, loss : 1.18, accuracy 63.08%
Accuracy per label : ['0:75.00%', '1:70.30%', '2:43.70%', '3:41.10%', '4:68.80%', '5:53.10%', '6:64.20%', '7:70.00%', '8:74.70%', '9:69.90%']

Cluster round 2 completed, aggregated models from all the clients, time past : 1500msec, loss : 1.22, accuracy 63.54%
Accuracy per label : ['0:65.80%', '1:72.00%', '2:47.60%', '3:45.90%', '4:65.60%', '5:54.20%', '6:72.30%', '7:68.40%', '8:74.70%', '9:68.90%']

Cluster round 3 completed, aggregated models from all the clients, time past : 2200msec, loss : 1.28, accuracy 62.91%
Accuracy per label : ['0:72.20%', '1:73.40%', '2:43.90%', '3:39.50%', '4:66.00%', '5:54.00%', '6:71.30%', '7:68.00%', '8:69.20%', '9:71.60%']

Before aggregation, loss : 1.15, accuracy : 64.37%
Before aggregation, accuracy per label : ['0:70.00%', '1:75.50%', '2:47.90%', '3:43.00%', '4:57.70%', '5:54.50%', '6:75.20%', '7:72.40%', '8:78.50%', '9:69.00%']
Aggregation to central server completed at central server round 250, loss : 1.15, accuracy: 64.50%, staleness : 4
Accuracy per label after aggregation : ['0:70.60%', '1:75.70%', '2:47.50%', '3:41.80%', '4:59.40%', '5:54.60%', '6:75.30%', '7:72.30%', '8:77.90%', '9:69.90%']

-----------------------------------------------------

Central server round 119 started
Model sent from central server with 100msec communication time, with loss :1.15, accuracy : 64.50%
Accuracy per label : ['0:70.60%', '1:75.70%', '2:47.50%', '3:41.80%', '4:59.40%', '5:54.60%', '6:75.30%', '7:72.30%', '8:77.90%', '9:69.90%']
The model is from round 114 from central server, staleness is 4

Cluster round 1 completed, aggregated models from all the clients, time past : 800msec, loss : 1.19, accuracy 63.24%
Accuracy per label : ['0:69.90%', '1:75.90%', '2:43.20%', '3:33.00%', '4:65.40%', '5:55.90%', '6:70.20%', '7:72.90%', '8:79.10%', '9:66.90%']

Cluster round 2 completed, aggregated models from all the clients, time past : 1500msec, loss : 1.24, accuracy 63.14%
Accuracy per label : ['0:70.90%', '1:73.40%', '2:41.00%', '3:43.30%', '4:56.70%', '5:51.80%', '6:77.00%', '7:70.60%', '8:74.60%', '9:72.10%']

Cluster round 3 completed, aggregated models from all the clients, time past : 2200msec, loss : 1.27, accuracy 63.53%
Accuracy per label : ['0:73.10%', '1:74.00%', '2:49.00%', '3:48.30%', '4:55.90%', '5:50.50%', '6:71.20%', '7:69.50%', '8:73.60%', '9:70.20%']

Before aggregation, loss : 1.16, accuracy : 64.54%
Before aggregation, accuracy per label : ['0:70.10%', '1:76.10%', '2:48.10%', '3:40.90%', '4:58.10%', '5:56.20%', '6:75.70%', '7:72.20%', '8:78.60%', '9:69.40%']
Aggregation to central server completed at central server round 250, loss : 1.16, accuracy: 64.71%, staleness : 4
Accuracy per label after aggregation : ['0:71.20%', '1:76.10%', '2:48.70%', '3:41.80%', '4:58.30%', '5:55.40%', '6:75.30%', '7:72.70%', '8:78.50%', '9:69.10%']

-----------------------------------------------------

Central server round 124 started
Model sent from central server with 100msec communication time, with loss :1.16, accuracy : 64.71%
Accuracy per label : ['0:71.20%', '1:76.10%', '2:48.70%', '3:41.80%', '4:58.30%', '5:55.40%', '6:75.30%', '7:72.70%', '8:78.50%', '9:69.10%']
The model is from round 119 from central server, staleness is 4

Cluster round 1 completed, aggregated models from all the clients, time past : 800msec, loss : 1.20, accuracy 64.00%
Accuracy per label : ['0:73.80%', '1:73.30%', '2:40.60%', '3:43.00%', '4:61.30%', '5:56.70%', '6:71.80%', '7:71.00%', '8:77.40%', '9:71.10%']

Cluster round 2 completed, aggregated models from all the clients, time past : 1500msec, loss : 1.23, accuracy 64.06%
Accuracy per label : ['0:69.30%', '1:71.90%', '2:50.40%', '3:47.20%', '4:56.80%', '5:51.90%', '6:75.80%', '7:71.20%', '8:75.50%', '9:70.60%']

Cluster round 3 completed, aggregated models from all the clients, time past : 2200msec, loss : 1.29, accuracy 63.53%
Accuracy per label : ['0:69.20%', '1:71.50%', '2:46.00%', '3:42.60%', '4:57.70%', '5:49.90%', '6:78.90%', '7:70.60%', '8:78.40%', '9:70.50%']

Before aggregation, loss : 1.16, accuracy : 64.85%
Before aggregation, accuracy per label : ['0:70.70%', '1:75.90%', '2:48.30%', '3:42.50%', '4:60.20%', '5:55.70%', '6:74.40%', '7:72.10%', '8:79.30%', '9:69.40%']
Aggregation to central server completed at central server round 250, loss : 1.17, accuracy: 64.76%, staleness : 4
Accuracy per label after aggregation : ['0:70.50%', '1:75.70%', '2:48.00%', '3:42.70%', '4:59.80%', '5:55.10%', '6:75.20%', '7:71.90%', '8:78.90%', '9:69.80%']

-----------------------------------------------------

Central server round 129 started
Model sent from central server with 100msec communication time, with loss :1.17, accuracy : 64.76%
Accuracy per label : ['0:70.50%', '1:75.70%', '2:48.00%', '3:42.70%', '4:59.80%', '5:55.10%', '6:75.20%', '7:71.90%', '8:78.90%', '9:69.80%']
The model is from round 124 from central server, staleness is 4

Cluster round 1 completed, aggregated models from all the clients, time past : 800msec, loss : 1.19, accuracy 64.56%
Accuracy per label : ['0:69.80%', '1:78.50%', '2:49.00%', '3:44.00%', '4:58.80%', '5:50.90%', '6:76.20%', '7:72.40%', '8:77.90%', '9:68.10%']

Cluster round 2 completed, aggregated models from all the clients, time past : 1500msec, loss : 1.25, accuracy 64.33%
Accuracy per label : ['0:71.30%', '1:79.10%', '2:53.20%', '3:35.40%', '4:57.10%', '5:58.30%', '6:74.60%', '7:71.20%', '8:75.90%', '9:67.20%']

Cluster round 3 completed, aggregated models from all the clients, time past : 2200msec, loss : 1.29, accuracy 63.66%
Accuracy per label : ['0:74.90%', '1:72.10%', '2:47.70%', '3:40.70%', '4:58.50%', '5:56.10%', '6:73.30%', '7:69.90%', '8:73.40%', '9:70.00%']

Before aggregation, loss : 1.18, accuracy : 64.89%
Before aggregation, accuracy per label : ['0:70.60%', '1:76.10%', '2:46.80%', '3:41.80%', '4:60.20%', '5:55.50%', '6:75.30%', '7:72.70%', '8:79.20%', '9:70.70%']
Aggregation to central server completed at central server round 250, loss : 1.18, accuracy: 65.01%, staleness : 4
Accuracy per label after aggregation : ['0:72.00%', '1:76.00%', '2:46.70%', '3:42.20%', '4:60.20%', '5:55.60%', '6:75.30%', '7:72.50%', '8:78.50%', '9:71.10%']

-----------------------------------------------------

Central server round 134 started
Model sent from central server with 100msec communication time, with loss :1.18, accuracy : 65.01%
Accuracy per label : ['0:72.00%', '1:76.00%', '2:46.70%', '3:42.20%', '4:60.20%', '5:55.60%', '6:75.30%', '7:72.50%', '8:78.50%', '9:71.10%']
The model is from round 129 from central server, staleness is 4

Cluster round 1 completed, aggregated models from all the clients, time past : 800msec, loss : 1.20, accuracy 64.58%
Accuracy per label : ['0:68.80%', '1:75.10%', '2:50.90%', '3:41.40%', '4:58.40%', '5:55.80%', '6:76.50%', '7:71.00%', '8:79.30%', '9:68.60%']

Cluster round 2 completed, aggregated models from all the clients, time past : 1500msec, loss : 1.25, accuracy 64.31%
Accuracy per label : ['0:71.10%', '1:71.90%', '2:51.20%', '3:43.20%', '4:57.80%', '5:56.20%', '6:71.90%', '7:70.40%', '8:78.30%', '9:71.10%']

Cluster round 3 completed, aggregated models from all the clients, time past : 2200msec, loss : 1.30, accuracy 64.19%
Accuracy per label : ['0:72.30%', '1:76.20%', '2:51.90%', '3:49.40%', '4:57.80%', '5:52.10%', '6:69.70%', '7:68.00%', '8:77.70%', '9:66.80%']

Before aggregation, loss : 1.18, accuracy : 65.16%
Before aggregation, accuracy per label : ['0:71.50%', '1:76.80%', '2:47.70%', '3:42.30%', '4:61.20%', '5:55.80%', '6:75.20%', '7:72.10%', '8:79.00%', '9:70.00%']
Aggregation to central server completed at central server round 250, loss : 1.18, accuracy: 65.27%, staleness : 4
Accuracy per label after aggregation : ['0:71.80%', '1:76.70%', '2:48.50%', '3:43.60%', '4:61.00%', '5:55.00%', '6:75.30%', '7:71.40%', '8:79.10%', '9:70.30%']

-----------------------------------------------------

Central server round 139 started
Model sent from central server with 100msec communication time, with loss :1.18, accuracy : 65.27%
Accuracy per label : ['0:71.80%', '1:76.70%', '2:48.50%', '3:43.60%', '4:61.00%', '5:55.00%', '6:75.30%', '7:71.40%', '8:79.10%', '9:70.30%']
The model is from round 134 from central server, staleness is 4

Cluster round 1 completed, aggregated models from all the clients, time past : 800msec, loss : 1.22, accuracy 64.65%
Accuracy per label : ['0:74.30%', '1:75.40%', '2:44.60%', '3:42.20%', '4:61.50%', '5:54.00%', '6:74.50%', '7:73.50%', '8:79.10%', '9:67.40%']

Cluster round 2 completed, aggregated models from all the clients, time past : 1500msec, loss : 1.25, accuracy 65.03%
Accuracy per label : ['0:72.60%', '1:75.70%', '2:49.50%', '3:42.80%', '4:59.90%', '5:57.40%', '6:74.40%', '7:71.70%', '8:77.60%', '9:68.70%']

Cluster round 3 completed, aggregated models from all the clients, time past : 2200msec, loss : 1.30, accuracy 64.51%
Accuracy per label : ['0:70.40%', '1:72.90%', '2:51.70%', '3:47.20%', '4:62.30%', '5:53.00%', '6:72.10%', '7:67.20%', '8:78.10%', '9:70.20%']

Before aggregation, loss : 1.19, accuracy : 65.34%
Before aggregation, accuracy per label : ['0:70.70%', '1:77.20%', '2:47.80%', '3:43.00%', '4:61.50%', '5:55.90%', '6:75.40%', '7:72.60%', '8:79.60%', '9:69.70%']
Aggregation to central server completed at central server round 250, loss : 1.19, accuracy: 65.37%, staleness : 4
Accuracy per label after aggregation : ['0:71.20%', '1:77.00%', '2:48.40%', '3:43.80%', '4:61.70%', '5:55.10%', '6:75.50%', '7:71.70%', '8:79.40%', '9:69.90%']

-----------------------------------------------------

Central server round 144 started
Model sent from central server with 100msec communication time, with loss :1.19, accuracy : 65.37%
Accuracy per label : ['0:71.20%', '1:77.00%', '2:48.40%', '3:43.80%', '4:61.70%', '5:55.10%', '6:75.50%', '7:71.70%', '8:79.40%', '9:69.90%']
The model is from round 139 from central server, staleness is 4

Cluster round 1 completed, aggregated models from all the clients, time past : 800msec, loss : 1.22, accuracy 64.85%
Accuracy per label : ['0:70.50%', '1:77.00%', '2:52.20%', '3:39.30%', '4:60.90%', '5:56.50%', '6:73.80%', '7:71.20%', '8:77.30%', '9:69.80%']

Cluster round 2 completed, aggregated models from all the clients, time past : 1500msec, loss : 1.27, accuracy 64.48%
Accuracy per label : ['0:72.60%', '1:77.80%', '2:44.90%', '3:46.70%', '4:61.80%', '5:54.40%', '6:74.10%', '7:69.20%', '8:77.70%', '9:65.60%']

Cluster round 3 completed, aggregated models from all the clients, time past : 2200msec, loss : 1.33, accuracy 64.32%
Accuracy per label : ['0:70.90%', '1:76.00%', '2:45.60%', '3:41.40%', '4:62.30%', '5:56.20%', '6:73.60%', '7:69.00%', '8:78.60%', '9:69.60%']

Before aggregation, loss : 1.20, accuracy : 65.62%
Before aggregation, accuracy per label : ['0:71.50%', '1:77.10%', '2:48.90%', '3:44.20%', '4:61.40%', '5:56.30%', '6:75.10%', '7:72.60%', '8:79.20%', '9:69.90%']
Aggregation to central server completed at central server round 250, loss : 1.20, accuracy: 65.57%, staleness : 4
Accuracy per label after aggregation : ['0:71.40%', '1:77.50%', '2:48.60%', '3:44.30%', '4:61.20%', '5:56.20%', '6:75.20%', '7:71.90%', '8:79.50%', '9:69.90%']

-----------------------------------------------------

Central server round 149 started
Model sent from central server with 100msec communication time, with loss :1.20, accuracy : 65.57%
Accuracy per label : ['0:71.40%', '1:77.50%', '2:48.60%', '3:44.30%', '4:61.20%', '5:56.20%', '6:75.20%', '7:71.90%', '8:79.50%', '9:69.90%']
The model is from round 144 from central server, staleness is 4

Cluster round 1 completed, aggregated models from all the clients, time past : 800msec, loss : 1.22, accuracy 64.93%
Accuracy per label : ['0:70.80%', '1:74.90%', '2:52.30%', '3:40.20%', '4:57.40%', '5:57.50%', '6:72.40%', '7:73.00%', '8:78.90%', '9:71.90%']

Cluster round 2 completed, aggregated models from all the clients, time past : 1500msec, loss : 1.28, accuracy 64.68%
Accuracy per label : ['0:71.90%', '1:76.60%', '2:53.00%', '3:41.90%', '4:55.50%', '5:57.10%', '6:74.60%', '7:68.90%', '8:76.90%', '9:70.40%']

Cluster round 3 completed, aggregated models from all the clients, time past : 2200msec, loss : 1.33, accuracy 64.47%
Accuracy per label : ['0:72.80%', '1:72.60%', '2:45.00%', '3:38.30%', '4:61.50%', '5:62.20%', '6:74.00%', '7:70.40%', '8:78.10%', '9:69.80%']

Before aggregation, loss : 1.21, accuracy : 65.77%
Before aggregation, accuracy per label : ['0:71.10%', '1:77.50%', '2:49.20%', '3:44.10%', '4:60.90%', '5:56.10%', '6:75.70%', '7:73.10%', '8:79.80%', '9:70.20%']
Aggregation to central server completed at central server round 250, loss : 1.21, accuracy: 65.85%, staleness : 4
Accuracy per label after aggregation : ['0:71.30%', '1:77.10%', '2:49.00%', '3:43.60%', '4:60.80%', '5:57.20%', '6:76.00%', '7:72.90%', '8:79.80%', '9:70.80%']

-----------------------------------------------------

Central server round 154 started
Model sent from central server with 100msec communication time, with loss :1.21, accuracy : 65.85%
Accuracy per label : ['0:71.30%', '1:77.10%', '2:49.00%', '3:43.60%', '4:60.80%', '5:57.20%', '6:76.00%', '7:72.90%', '8:79.80%', '9:70.80%']
The model is from round 149 from central server, staleness is 4

Cluster round 1 completed, aggregated models from all the clients, time past : 800msec, loss : 1.24, accuracy 65.27%
Accuracy per label : ['0:69.50%', '1:74.80%', '2:51.90%', '3:50.00%', '4:60.80%', '5:47.70%', '6:76.40%', '7:70.60%', '8:78.10%', '9:72.90%']

Cluster round 2 completed, aggregated models from all the clients, time past : 1500msec, loss : 1.29, accuracy 64.78%
Accuracy per label : ['0:73.00%', '1:74.60%', '2:52.20%', '3:43.50%', '4:56.60%', '5:53.50%', '6:76.90%', '7:71.60%', '8:76.30%', '9:69.60%']

Cluster round 3 completed, aggregated models from all the clients, time past : 2200msec, loss : 1.34, accuracy 64.75%
Accuracy per label : ['0:75.90%', '1:71.20%', '2:45.50%', '3:48.60%', '4:60.40%', '5:52.80%', '6:74.20%', '7:71.40%', '8:76.70%', '9:70.80%']

Before aggregation, loss : 1.21, accuracy : 65.83%
Before aggregation, accuracy per label : ['0:71.20%', '1:77.20%', '2:48.50%', '3:43.10%', '4:60.90%', '5:57.40%', '6:76.10%', '7:73.00%', '8:79.80%', '9:71.10%']
Aggregation to central server completed at central server round 250, loss : 1.22, accuracy: 66.09%, staleness : 4
Accuracy per label after aggregation : ['0:72.40%', '1:77.00%', '2:48.60%', '3:44.20%', '4:61.20%', '5:57.00%', '6:76.00%', '7:73.00%', '8:79.70%', '9:71.80%']

-----------------------------------------------------

Central server round 159 started
Model sent from central server with 100msec communication time, with loss :1.22, accuracy : 66.09%
Accuracy per label : ['0:72.40%', '1:77.00%', '2:48.60%', '3:44.20%', '4:61.20%', '5:57.00%', '6:76.00%', '7:73.00%', '8:79.70%', '9:71.80%']
The model is from round 154 from central server, staleness is 4

Cluster round 1 completed, aggregated models from all the clients, time past : 800msec, loss : 1.23, accuracy 65.28%
Accuracy per label : ['0:73.80%', '1:74.30%', '2:50.50%', '3:43.50%', '4:55.70%', '5:57.30%', '6:75.90%', '7:73.00%', '8:77.90%', '9:70.90%']

Cluster round 2 completed, aggregated models from all the clients, time past : 1500msec, loss : 1.30, accuracy 64.86%
Accuracy per label : ['0:71.70%', '1:73.80%', '2:46.40%', '3:47.00%', '4:61.10%', '5:52.50%', '6:73.00%', '7:73.20%', '8:79.80%', '9:70.10%']

Cluster round 3 completed, aggregated models from all the clients, time past : 2200msec, loss : 1.33, accuracy 64.90%
Accuracy per label : ['0:71.10%', '1:75.60%', '2:48.60%', '3:47.00%', '4:61.90%', '5:52.30%', '6:74.30%', '7:71.60%', '8:76.30%', '9:70.30%']

Before aggregation, loss : 1.22, accuracy : 66.00%
Before aggregation, accuracy per label : ['0:71.40%', '1:77.10%', '2:48.00%', '3:43.20%', '4:61.80%', '5:57.10%', '6:76.20%', '7:73.60%', '8:80.10%', '9:71.50%']
Aggregation to central server completed at central server round 250, loss : 1.22, accuracy: 66.26%, staleness : 4
Accuracy per label after aggregation : ['0:71.60%', '1:77.10%', '2:49.00%', '3:44.20%', '4:62.40%', '5:56.80%', '6:76.60%', '7:73.40%', '8:79.80%', '9:71.70%']

-----------------------------------------------------

Central server round 164 started
Model sent from central server with 100msec communication time, with loss :1.22, accuracy : 66.26%
Accuracy per label : ['0:71.60%', '1:77.10%', '2:49.00%', '3:44.20%', '4:62.40%', '5:56.80%', '6:76.60%', '7:73.40%', '8:79.80%', '9:71.70%']
The model is from round 159 from central server, staleness is 4

Cluster round 1 completed, aggregated models from all the clients, time past : 800msec, loss : 1.26, accuracy 65.21%
Accuracy per label : ['0:70.30%', '1:72.10%', '2:49.40%', '3:39.00%', '4:60.80%', '5:58.50%', '6:76.30%', '7:73.00%', '8:80.30%', '9:72.40%']

Cluster round 2 completed, aggregated models from all the clients, time past : 1500msec, loss : 1.30, accuracy 65.03%
Accuracy per label : ['0:71.00%', '1:74.70%', '2:47.50%', '3:44.60%', '4:58.30%', '5:55.40%', '6:75.40%', '7:73.80%', '8:78.50%', '9:71.10%']

Cluster round 3 completed, aggregated models from all the clients, time past : 2200msec, loss : 1.35, accuracy 65.05%
Accuracy per label : ['0:71.90%', '1:74.50%', '2:46.00%', '3:45.60%', '4:60.10%', '5:55.80%', '6:75.10%', '7:71.40%', '8:78.30%', '9:71.80%']

Before aggregation, loss : 1.23, accuracy : 66.06%
Before aggregation, accuracy per label : ['0:71.80%', '1:77.20%', '2:47.80%', '3:44.80%', '4:61.90%', '5:56.60%', '6:75.80%', '7:73.30%', '8:79.70%', '9:71.70%']
Aggregation to central server completed at central server round 250, loss : 1.23, accuracy: 66.22%, staleness : 4
Accuracy per label after aggregation : ['0:72.20%', '1:77.30%', '2:48.50%', '3:45.20%', '4:62.10%', '5:56.60%', '6:75.70%', '7:73.10%', '8:79.60%', '9:71.90%']

-----------------------------------------------------

Central server round 169 started
Model sent from central server with 100msec communication time, with loss :1.23, accuracy : 66.22%
Accuracy per label : ['0:72.20%', '1:77.30%', '2:48.50%', '3:45.20%', '4:62.10%', '5:56.60%', '6:75.70%', '7:73.10%', '8:79.60%', '9:71.90%']
The model is from round 164 from central server, staleness is 4

Cluster round 1 completed, aggregated models from all the clients, time past : 800msec, loss : 1.25, accuracy 65.24%
Accuracy per label : ['0:68.90%', '1:73.60%', '2:49.50%', '3:43.40%', '4:63.20%', '5:55.90%', '6:73.00%', '7:73.40%', '8:78.20%', '9:73.30%']

Cluster round 2 completed, aggregated models from all the clients, time past : 1500msec, loss : 1.31, accuracy 64.88%
Accuracy per label : ['0:72.00%', '1:74.30%', '2:48.90%', '3:46.50%', '4:61.80%', '5:50.70%', '6:75.40%', '7:71.40%', '8:79.00%', '9:68.80%']

Cluster round 3 completed, aggregated models from all the clients, time past : 2200msec, loss : 1.34, accuracy 64.93%
Accuracy per label : ['0:71.50%', '1:75.40%', '2:49.40%', '3:45.60%', '4:58.90%', '5:54.30%', '6:75.40%', '7:71.40%', '8:77.70%', '9:69.70%']

Before aggregation, loss : 1.23, accuracy : 66.20%
Before aggregation, accuracy per label : ['0:71.80%', '1:77.30%', '2:48.50%', '3:44.70%', '4:61.30%', '5:57.40%', '6:75.70%', '7:73.60%', '8:79.40%', '9:72.30%']
Aggregation to central server completed at central server round 250, loss : 1.24, accuracy: 66.28%, staleness : 4
Accuracy per label after aggregation : ['0:72.10%', '1:77.40%', '2:49.30%', '3:44.70%', '4:61.40%', '5:57.50%', '6:75.80%', '7:72.90%', '8:79.50%', '9:72.20%']

-----------------------------------------------------

Central server round 174 started
Model sent from central server with 100msec communication time, with loss :1.24, accuracy : 66.28%
Accuracy per label : ['0:72.10%', '1:77.40%', '2:49.30%', '3:44.70%', '4:61.40%', '5:57.50%', '6:75.80%', '7:72.90%', '8:79.50%', '9:72.20%']
The model is from round 169 from central server, staleness is 4

Cluster round 1 completed, aggregated models from all the clients, time past : 800msec, loss : 1.26, accuracy 65.58%
Accuracy per label : ['0:70.60%', '1:76.90%', '2:51.30%', '3:41.20%', '4:60.00%', '5:57.70%', '6:74.20%', '7:73.80%', '8:79.90%', '9:70.20%']

Cluster round 2 completed, aggregated models from all the clients, time past : 1500msec, loss : 1.30, accuracy 65.03%
Accuracy per label : ['0:68.20%', '1:74.30%', '2:55.60%', '3:41.40%', '4:59.00%', '5:55.60%', '6:74.80%', '7:72.20%', '8:78.00%', '9:71.20%']

Cluster round 3 completed, aggregated models from all the clients, time past : 2200msec, loss : 1.35, accuracy 64.91%
Accuracy per label : ['0:71.50%', '1:73.60%', '2:48.90%', '3:45.60%', '4:60.50%', '5:55.70%', '6:72.90%', '7:70.70%', '8:77.70%', '9:72.00%']

Before aggregation, loss : 1.24, accuracy : 66.29%
Before aggregation, accuracy per label : ['0:72.00%', '1:77.80%', '2:49.40%', '3:43.70%', '4:61.60%', '5:57.70%', '6:75.60%', '7:73.40%', '8:79.90%', '9:71.80%']
Aggregation to central server completed at central server round 250, loss : 1.24, accuracy: 66.32%, staleness : 4
Accuracy per label after aggregation : ['0:72.10%', '1:77.50%', '2:50.00%', '3:44.30%', '4:61.50%', '5:57.50%', '6:75.40%', '7:72.70%', '8:79.70%', '9:72.50%']

-----------------------------------------------------

Central server round 179 started
Model sent from central server with 100msec communication time, with loss :1.24, accuracy : 66.32%
Accuracy per label : ['0:72.10%', '1:77.50%', '2:50.00%', '3:44.30%', '4:61.50%', '5:57.50%', '6:75.40%', '7:72.70%', '8:79.70%', '9:72.50%']
The model is from round 174 from central server, staleness is 4

Cluster round 1 completed, aggregated models from all the clients, time past : 800msec, loss : 1.26, accuracy 65.72%
Accuracy per label : ['0:69.30%', '1:74.60%', '2:54.30%', '3:43.40%', '4:61.70%', '5:55.50%', '6:74.70%', '7:73.10%', '8:78.50%', '9:72.10%']

Cluster round 2 completed, aggregated models from all the clients, time past : 1500msec, loss : 1.31, accuracy 65.50%
Accuracy per label : ['0:74.20%', '1:74.30%', '2:49.50%', '3:46.50%', '4:60.20%', '5:53.90%', '6:76.00%', '7:70.60%', '8:76.30%', '9:73.50%']

Cluster round 3 completed, aggregated models from all the clients, time past : 2200msec, loss : 1.36, accuracy 65.11%
Accuracy per label : ['0:73.20%', '1:74.70%', '2:46.50%', '3:49.00%', '4:58.60%', '5:52.40%', '6:76.30%', '7:71.30%', '8:78.00%', '9:71.10%']

Before aggregation, loss : 1.24, accuracy : 66.34%
Before aggregation, accuracy per label : ['0:72.50%', '1:77.50%', '2:49.10%', '3:44.40%', '4:61.60%', '5:57.30%', '6:76.00%', '7:73.20%', '8:79.70%', '9:72.10%']
Aggregation to central server completed at central server round 250, loss : 1.25, accuracy: 66.40%, staleness : 4
Accuracy per label after aggregation : ['0:72.60%', '1:77.40%', '2:49.20%', '3:45.00%', '4:61.00%', '5:57.10%', '6:76.50%', '7:73.00%', '8:79.80%', '9:72.40%']

-----------------------------------------------------

Central server round 184 started
Model sent from central server with 100msec communication time, with loss :1.25, accuracy : 66.40%
Accuracy per label : ['0:72.60%', '1:77.40%', '2:49.20%', '3:45.00%', '4:61.00%', '5:57.10%', '6:76.50%', '7:73.00%', '8:79.80%', '9:72.40%']
The model is from round 179 from central server, staleness is 4

Cluster round 1 completed, aggregated models from all the clients, time past : 800msec, loss : 1.28, accuracy 65.50%
Accuracy per label : ['0:73.70%', '1:74.50%', '2:45.20%', '3:45.60%', '4:64.00%', '5:57.00%', '6:72.90%', '7:72.30%', '8:78.20%', '9:71.60%']

Cluster round 2 completed, aggregated models from all the clients, time past : 1500msec, loss : 1.32, accuracy 65.44%
Accuracy per label : ['0:71.30%', '1:75.10%', '2:49.20%', '3:44.80%', '4:63.10%', '5:55.60%', '6:73.80%', '7:71.40%', '8:79.20%', '9:70.90%']

Cluster round 3 completed, aggregated models from all the clients, time past : 2200msec, loss : 1.38, accuracy 64.84%
Accuracy per label : ['0:77.20%', '1:72.60%', '2:46.20%', '3:41.90%', '4:60.30%', '5:55.10%', '6:75.50%', '7:72.80%', '8:76.80%', '9:70.00%']

Before aggregation, loss : 1.25, accuracy : 66.48%
Before aggregation, accuracy per label : ['0:72.40%', '1:77.10%', '2:49.70%', '3:44.60%', '4:61.20%', '5:57.70%', '6:76.30%', '7:73.60%', '8:79.70%', '9:72.50%']
Aggregation to central server completed at central server round 250, loss : 1.25, accuracy: 66.40%, staleness : 4
Accuracy per label after aggregation : ['0:72.80%', '1:76.70%', '2:49.60%', '3:43.90%', '4:61.00%', '5:57.90%', '6:76.70%', '7:72.70%', '8:79.60%', '9:73.10%']

-----------------------------------------------------

Central server round 189 started
Model sent from central server with 100msec communication time, with loss :1.25, accuracy : 66.40%
Accuracy per label : ['0:72.80%', '1:76.70%', '2:49.60%', '3:43.90%', '4:61.00%', '5:57.90%', '6:76.70%', '7:72.70%', '8:79.60%', '9:73.10%']
The model is from round 184 from central server, staleness is 4

Cluster round 1 completed, aggregated models from all the clients, time past : 800msec, loss : 1.28, accuracy 65.42%
Accuracy per label : ['0:74.80%', '1:74.90%', '2:45.00%', '3:47.60%', '4:60.40%', '5:54.60%', '6:74.90%', '7:72.00%', '8:79.10%', '9:70.90%']

Cluster round 2 completed, aggregated models from all the clients, time past : 1500msec, loss : 1.33, accuracy 65.22%
Accuracy per label : ['0:71.40%', '1:74.70%', '2:49.60%', '3:45.40%', '4:58.30%', '5:54.40%', '6:76.60%', '7:73.00%', '8:77.60%', '9:71.20%']

Cluster round 3 completed, aggregated models from all the clients, time past : 2200msec, loss : 1.37, accuracy 64.79%
Accuracy per label : ['0:71.90%', '1:74.10%', '2:47.00%', '3:45.00%', '4:61.80%', '5:55.60%', '6:73.20%', '7:70.50%', '8:76.30%', '9:72.50%']

Before aggregation, loss : 1.26, accuracy : 66.43%
Before aggregation, accuracy per label : ['0:72.70%', '1:76.90%', '2:49.10%', '3:44.10%', '4:61.80%', '5:57.20%', '6:76.60%', '7:73.40%', '8:79.80%', '9:72.70%']
Aggregation to central server completed at central server round 250, loss : 1.26, accuracy: 66.44%, staleness : 4
Accuracy per label after aggregation : ['0:72.70%', '1:76.80%', '2:49.40%', '3:44.10%', '4:61.60%', '5:57.50%', '6:76.70%', '7:73.00%', '8:79.40%', '9:73.20%']

-----------------------------------------------------

Central server round 194 started
Model sent from central server with 100msec communication time, with loss :1.26, accuracy : 66.44%
Accuracy per label : ['0:72.70%', '1:76.80%', '2:49.40%', '3:44.10%', '4:61.60%', '5:57.50%', '6:76.70%', '7:73.00%', '8:79.40%', '9:73.20%']
The model is from round 189 from central server, staleness is 4

Cluster round 1 completed, aggregated models from all the clients, time past : 800msec, loss : 1.28, accuracy 65.53%
Accuracy per label : ['0:72.50%', '1:75.30%', '2:51.40%', '3:43.80%', '4:56.80%', '5:57.00%', '6:76.50%', '7:70.60%', '8:79.40%', '9:72.00%']

Cluster round 2 completed, aggregated models from all the clients, time past : 1500msec, loss : 1.34, accuracy 65.67%
Accuracy per label : ['0:71.90%', '1:75.90%', '2:49.30%', '3:44.60%', '4:61.50%', '5:56.40%', '6:75.50%', '7:71.40%', '8:79.00%', '9:71.20%']

Cluster round 3 completed, aggregated models from all the clients, time past : 2200msec, loss : 1.38, accuracy 65.42%
Accuracy per label : ['0:71.40%', '1:72.10%', '2:46.90%', '3:45.50%', '4:61.50%', '5:56.00%', '6:76.20%', '7:73.30%', '8:78.80%', '9:72.50%']

Before aggregation, loss : 1.26, accuracy : 66.52%
Before aggregation, accuracy per label : ['0:73.40%', '1:76.70%', '2:49.00%', '3:44.20%', '4:61.90%', '5:57.70%', '6:76.30%', '7:73.50%', '8:79.80%', '9:72.70%']
Aggregation to central server completed at central server round 250, loss : 1.27, accuracy: 66.46%, staleness : 4
Accuracy per label after aggregation : ['0:73.80%', '1:76.40%', '2:49.60%', '3:43.80%', '4:61.60%', '5:57.40%', '6:76.60%', '7:73.00%', '8:79.60%', '9:72.80%']

-----------------------------------------------------

Central server round 199 started
Model sent from central server with 100msec communication time, with loss :1.27, accuracy : 66.46%
Accuracy per label : ['0:73.80%', '1:76.40%', '2:49.60%', '3:43.80%', '4:61.60%', '5:57.40%', '6:76.60%', '7:73.00%', '8:79.60%', '9:72.80%']
The model is from round 194 from central server, staleness is 4

Cluster round 1 completed, aggregated models from all the clients, time past : 800msec, loss : 1.30, accuracy 65.89%
Accuracy per label : ['0:74.00%', '1:75.50%', '2:46.00%', '3:42.80%', '4:64.40%', '5:58.30%', '6:74.30%', '7:73.60%', '8:77.90%', '9:72.10%']

Cluster round 2 completed, aggregated models from all the clients, time past : 1500msec, loss : 1.34, accuracy 65.49%
Accuracy per label : ['0:75.40%', '1:74.70%', '2:47.40%', '3:44.30%', '4:61.60%', '5:57.60%', '6:75.40%', '7:69.50%', '8:77.30%', '9:71.70%']

Cluster round 3 completed, aggregated models from all the clients, time past : 2200msec, loss : 1.38, accuracy 65.28%
Accuracy per label : ['0:73.00%', '1:74.40%', '2:47.40%', '3:47.90%', '4:61.50%', '5:53.40%', '6:73.50%', '7:72.20%', '8:78.80%', '9:70.70%']

Before aggregation, loss : 1.27, accuracy : 66.72%
Before aggregation, accuracy per label : ['0:73.20%', '1:76.90%', '2:49.60%', '3:44.20%', '4:62.30%', '5:57.90%', '6:76.30%', '7:74.10%', '8:79.70%', '9:73.00%']
Aggregation to central server completed at central server round 250, loss : 1.27, accuracy: 66.58%, staleness : 4
Accuracy per label after aggregation : ['0:73.30%', '1:76.70%', '2:49.50%', '3:44.60%', '4:62.20%', '5:57.50%', '6:75.90%', '7:73.60%', '8:79.90%', '9:72.60%']

-----------------------------------------------------

Central server round 204 started
Model sent from central server with 100msec communication time, with loss :1.27, accuracy : 66.58%
Accuracy per label : ['0:73.30%', '1:76.70%', '2:49.50%', '3:44.60%', '4:62.20%', '5:57.50%', '6:75.90%', '7:73.60%', '8:79.90%', '9:72.60%']
The model is from round 199 from central server, staleness is 4

Cluster round 1 completed, aggregated models from all the clients, time past : 800msec, loss : 1.29, accuracy 65.70%
Accuracy per label : ['0:74.00%', '1:75.70%', '2:50.00%', '3:44.90%', '4:62.90%', '5:52.70%', '6:74.60%', '7:71.60%', '8:78.80%', '9:71.80%']

Cluster round 2 completed, aggregated models from all the clients, time past : 1500msec, loss : 1.34, accuracy 65.28%
Accuracy per label : ['0:71.60%', '1:75.40%', '2:47.70%', '3:43.80%', '4:61.30%', '5:54.80%', '6:75.70%', '7:71.70%', '8:78.90%', '9:71.90%']

Cluster round 3 completed, aggregated models from all the clients, time past : 2200msec, loss : 1.38, accuracy 65.55%
Accuracy per label : ['0:70.90%', '1:74.40%', '2:50.20%', '3:43.90%', '4:60.70%', '5:58.80%', '6:73.90%', '7:71.80%', '8:79.20%', '9:71.70%']

Before aggregation, loss : 1.28, accuracy : 66.82%
Before aggregation, accuracy per label : ['0:73.00%', '1:76.80%', '2:49.80%', '3:44.20%', '4:62.40%', '5:57.90%', '6:76.80%', '7:74.30%', '8:80.00%', '9:73.00%']
Aggregation to central server completed at central server round 250, loss : 1.28, accuracy: 66.66%, staleness : 4
Accuracy per label after aggregation : ['0:73.00%', '1:76.70%', '2:50.00%', '3:44.40%', '4:62.00%', '5:57.80%', '6:76.20%', '7:73.40%', '8:79.90%', '9:73.20%']

-----------------------------------------------------

Central server round 209 started
Model sent from central server with 100msec communication time, with loss :1.28, accuracy : 66.66%
Accuracy per label : ['0:73.00%', '1:76.70%', '2:50.00%', '3:44.40%', '4:62.00%', '5:57.80%', '6:76.20%', '7:73.40%', '8:79.90%', '9:73.20%']
The model is from round 204 from central server, staleness is 4

Cluster round 1 completed, aggregated models from all the clients, time past : 800msec, loss : 1.30, accuracy 65.85%
Accuracy per label : ['0:69.60%', '1:73.30%', '2:48.90%', '3:45.80%', '4:62.50%', '5:58.10%', '6:75.90%', '7:71.60%', '8:79.90%', '9:72.90%']

Cluster round 2 completed, aggregated models from all the clients, time past : 1500msec, loss : 1.35, accuracy 65.69%
Accuracy per label : ['0:74.70%', '1:74.70%', '2:48.90%', '3:47.00%', '4:60.50%', '5:56.80%', '6:72.60%', '7:71.50%', '8:78.20%', '9:72.00%']

Cluster round 3 completed, aggregated models from all the clients, time past : 2200msec, loss : 1.39, accuracy 65.55%
Accuracy per label : ['0:71.60%', '1:74.50%', '2:50.30%', '3:47.00%', '4:61.00%', '5:54.60%', '6:74.30%', '7:73.40%', '8:77.60%', '9:71.20%']

Before aggregation, loss : 1.28, accuracy : 66.78%
Before aggregation, accuracy per label : ['0:73.00%', '1:76.80%', '2:50.00%', '3:44.70%', '4:62.10%', '5:58.20%', '6:76.30%', '7:74.00%', '8:79.90%', '9:72.80%']
Aggregation to central server completed at central server round 250, loss : 1.28, accuracy: 66.72%, staleness : 4
Accuracy per label after aggregation : ['0:73.00%', '1:77.30%', '2:50.20%', '3:45.10%', '4:62.10%', '5:57.10%', '6:76.00%', '7:73.60%', '8:79.90%', '9:72.90%']

-----------------------------------------------------

Central server round 214 started
Model sent from central server with 100msec communication time, with loss :1.28, accuracy : 66.72%
Accuracy per label : ['0:73.00%', '1:77.30%', '2:50.20%', '3:45.10%', '4:62.10%', '5:57.10%', '6:76.00%', '7:73.60%', '8:79.90%', '9:72.90%']
The model is from round 209 from central server, staleness is 4

Cluster round 1 completed, aggregated models from all the clients, time past : 800msec, loss : 1.30, accuracy 65.90%
Accuracy per label : ['0:72.20%', '1:75.90%', '2:49.70%', '3:46.90%', '4:59.00%', '5:57.20%', '6:74.60%', '7:72.70%', '8:78.30%', '9:72.50%']

Cluster round 2 completed, aggregated models from all the clients, time past : 1500msec, loss : 1.35, accuracy 65.78%
Accuracy per label : ['0:72.60%', '1:75.40%', '2:49.50%', '3:46.90%', '4:58.80%', '5:56.10%', '6:75.60%', '7:72.80%', '8:78.40%', '9:71.70%']

Cluster round 3 completed, aggregated models from all the clients, time past : 2200msec, loss : 1.40, accuracy 65.55%
Accuracy per label : ['0:74.70%', '1:76.10%', '2:47.80%', '3:46.50%', '4:60.80%', '5:55.30%', '6:75.00%', '7:71.60%', '8:77.00%', '9:70.70%']

Before aggregation, loss : 1.29, accuracy : 66.88%
Before aggregation, accuracy per label : ['0:73.00%', '1:77.00%', '2:50.70%', '3:44.80%', '4:62.30%', '5:57.90%', '6:76.50%', '7:74.00%', '8:80.30%', '9:72.30%']
Aggregation to central server completed at central server round 250, loss : 1.29, accuracy: 66.76%, staleness : 4
Accuracy per label after aggregation : ['0:74.00%', '1:77.00%', '2:49.90%', '3:45.10%', '4:62.00%', '5:57.10%', '6:76.40%', '7:73.80%', '8:79.70%', '9:72.60%']

-----------------------------------------------------

Central server round 219 started
Model sent from central server with 100msec communication time, with loss :1.29, accuracy : 66.76%
Accuracy per label : ['0:74.00%', '1:77.00%', '2:49.90%', '3:45.10%', '4:62.00%', '5:57.10%', '6:76.40%', '7:73.80%', '8:79.70%', '9:72.60%']
The model is from round 214 from central server, staleness is 4

Cluster round 1 completed, aggregated models from all the clients, time past : 800msec, loss : 1.31, accuracy 65.83%
Accuracy per label : ['0:74.40%', '1:75.00%', '2:46.50%', '3:47.30%', '4:61.30%', '5:56.50%', '6:73.50%', '7:73.80%', '8:79.10%', '9:70.90%']

Cluster round 2 completed, aggregated models from all the clients, time past : 1500msec, loss : 1.36, accuracy 65.51%
Accuracy per label : ['0:73.70%', '1:75.20%', '2:49.20%', '3:45.10%', '4:60.10%', '5:56.30%', '6:75.10%', '7:71.30%', '8:78.20%', '9:70.90%']

Cluster round 3 completed, aggregated models from all the clients, time past : 2200msec, loss : 1.40, accuracy 65.59%
Accuracy per label : ['0:73.10%', '1:74.40%', '2:50.50%', '3:47.70%', '4:59.50%', '5:53.70%', '6:74.50%', '7:72.20%', '8:79.10%', '9:71.20%']

Before aggregation, loss : 1.29, accuracy : 66.80%
Before aggregation, accuracy per label : ['0:73.70%', '1:77.20%', '2:50.40%', '3:44.70%', '4:62.20%', '5:57.20%', '6:77.00%', '7:73.80%', '8:79.90%', '9:71.90%']
Aggregation to central server completed at central server round 250, loss : 1.30, accuracy: 66.87%, staleness : 4
Accuracy per label after aggregation : ['0:74.10%', '1:76.80%', '2:50.50%', '3:45.70%', '4:62.00%', '5:56.70%', '6:76.50%', '7:73.80%', '8:79.90%', '9:72.70%']

-----------------------------------------------------

Central server round 224 started
Model sent from central server with 100msec communication time, with loss :1.30, accuracy : 66.87%
Accuracy per label : ['0:74.10%', '1:76.80%', '2:50.50%', '3:45.70%', '4:62.00%', '5:56.70%', '6:76.50%', '7:73.80%', '8:79.90%', '9:72.70%']
The model is from round 219 from central server, staleness is 4

Cluster round 1 completed, aggregated models from all the clients, time past : 800msec, loss : 1.31, accuracy 66.16%
Accuracy per label : ['0:72.10%', '1:75.60%', '2:49.70%', '3:45.80%', '4:61.60%', '5:55.90%', '6:76.30%', '7:72.00%', '8:79.60%', '9:73.00%']

Cluster round 2 completed, aggregated models from all the clients, time past : 1500msec, loss : 1.37, accuracy 65.74%
Accuracy per label : ['0:72.80%', '1:75.50%', '2:47.80%', '3:46.50%', '4:61.10%', '5:55.40%', '6:75.10%', '7:72.40%', '8:79.30%', '9:71.50%']

Cluster round 3 completed, aggregated models from all the clients, time past : 2200msec, loss : 1.41, accuracy 65.41%
Accuracy per label : ['0:74.10%', '1:73.50%', '2:48.30%', '3:46.10%', '4:58.80%', '5:54.40%', '6:75.90%', '7:73.10%', '8:78.70%', '9:71.20%']

Before aggregation, loss : 1.30, accuracy : 66.71%
Before aggregation, accuracy per label : ['0:73.90%', '1:76.90%', '2:50.20%', '3:44.10%', '4:62.40%', '5:57.40%', '6:77.00%', '7:73.70%', '8:79.30%', '9:72.20%']
Aggregation to central server completed at central server round 250, loss : 1.30, accuracy: 66.78%, staleness : 4
Accuracy per label after aggregation : ['0:74.10%', '1:77.20%', '2:50.30%', '3:44.70%', '4:61.70%', '5:57.00%', '6:76.60%', '7:73.60%', '8:79.60%', '9:73.00%']

-----------------------------------------------------

Central server round 229 started
Model sent from central server with 100msec communication time, with loss :1.30, accuracy : 66.78%
Accuracy per label : ['0:74.10%', '1:77.20%', '2:50.30%', '3:44.70%', '4:61.70%', '5:57.00%', '6:76.60%', '7:73.60%', '8:79.60%', '9:73.00%']
The model is from round 224 from central server, staleness is 4

Cluster round 1 completed, aggregated models from all the clients, time past : 800msec, loss : 1.32, accuracy 66.25%
Accuracy per label : ['0:72.30%', '1:74.70%', '2:50.20%', '3:44.00%', '4:61.10%', '5:61.00%', '6:74.40%', '7:72.00%', '8:80.00%', '9:72.80%']

Cluster round 2 completed, aggregated models from all the clients, time past : 1500msec, loss : 1.37, accuracy 65.76%
Accuracy per label : ['0:73.80%', '1:74.60%', '2:49.20%', '3:45.40%', '4:59.10%', '5:56.90%', '6:75.50%', '7:72.80%', '8:78.10%', '9:72.20%']

Cluster round 3 completed, aggregated models from all the clients, time past : 2200msec, loss : 1.42, accuracy 65.50%
Accuracy per label : ['0:73.20%', '1:74.90%', '2:49.00%', '3:42.60%', '4:61.20%', '5:56.50%', '6:74.80%', '7:73.30%', '8:77.50%', '9:72.00%']

Before aggregation, loss : 1.31, accuracy : 66.83%
Before aggregation, accuracy per label : ['0:74.30%', '1:76.90%', '2:50.40%', '3:44.50%', '4:62.40%', '5:57.30%', '6:76.80%', '7:73.50%', '8:79.50%', '9:72.70%']
Aggregation to central server completed at central server round 250, loss : 1.31, accuracy: 66.83%, staleness : 4
Accuracy per label after aggregation : ['0:74.20%', '1:76.90%', '2:50.60%', '3:45.10%', '4:62.30%', '5:57.10%', '6:76.20%', '7:73.70%', '8:79.40%', '9:72.80%']

-----------------------------------------------------

Central server round 234 started
Model sent from central server with 100msec communication time, with loss :1.31, accuracy : 66.83%
Accuracy per label : ['0:74.20%', '1:76.90%', '2:50.60%', '3:45.10%', '4:62.30%', '5:57.10%', '6:76.20%', '7:73.70%', '8:79.40%', '9:72.80%']
The model is from round 229 from central server, staleness is 4

Cluster round 1 completed, aggregated models from all the clients, time past : 800msec, loss : 1.33, accuracy 66.02%
Accuracy per label : ['0:75.30%', '1:73.30%', '2:48.90%', '3:44.10%', '4:61.20%', '5:56.00%', '6:75.50%', '7:73.70%', '8:79.50%', '9:72.70%']

Cluster round 2 completed, aggregated models from all the clients, time past : 1500msec, loss : 1.38, accuracy 65.95%
Accuracy per label : ['0:72.60%', '1:75.30%', '2:50.90%', '3:43.70%', '4:62.30%', '5:57.30%', '6:74.10%', '7:72.90%', '8:78.00%', '9:72.40%']

Cluster round 3 completed, aggregated models from all the clients, time past : 2200msec, loss : 1.42, accuracy 65.42%
Accuracy per label : ['0:69.70%', '1:77.30%', '2:51.20%', '3:47.60%', '4:60.70%', '5:55.70%', '6:70.70%', '7:72.60%', '8:77.70%', '9:71.00%']

Before aggregation, loss : 1.31, accuracy : 66.94%
Before aggregation, accuracy per label : ['0:73.80%', '1:77.00%', '2:50.50%', '3:44.40%', '4:62.80%', '5:57.70%', '6:77.00%', '7:74.00%', '8:79.60%', '9:72.60%']
Aggregation to central server completed at central server round 250, loss : 1.32, accuracy: 66.86%, staleness : 4
Accuracy per label after aggregation : ['0:74.10%', '1:77.20%', '2:50.80%', '3:45.10%', '4:62.40%', '5:57.00%', '6:76.30%', '7:73.60%', '8:79.60%', '9:72.50%']

-----------------------------------------------------

Central server round 239 started
Model sent from central server with 100msec communication time, with loss :1.32, accuracy : 66.86%
Accuracy per label : ['0:74.10%', '1:77.20%', '2:50.80%', '3:45.10%', '4:62.40%', '5:57.00%', '6:76.30%', '7:73.60%', '8:79.60%', '9:72.50%']
The model is from round 234 from central server, staleness is 4

Cluster round 1 completed, aggregated models from all the clients, time past : 800msec, loss : 1.33, accuracy 65.96%
Accuracy per label : ['0:73.70%', '1:75.40%', '2:50.90%', '3:48.40%', '4:60.40%', '5:55.40%', '6:73.40%', '7:71.60%', '8:79.10%', '9:71.30%']

Cluster round 2 completed, aggregated models from all the clients, time past : 1500msec, loss : 1.38, accuracy 65.87%
Accuracy per label : ['0:71.90%', '1:75.50%', '2:51.50%', '3:44.40%', '4:63.00%', '5:56.70%', '6:74.10%', '7:72.50%', '8:78.00%', '9:71.10%']

Cluster round 3 completed, aggregated models from all the clients, time past : 2200msec, loss : 1.43, accuracy 65.43%
Accuracy per label : ['0:71.60%', '1:73.90%', '2:49.80%', '3:47.30%', '4:59.40%', '5:53.40%', '6:75.30%', '7:73.00%', '8:78.70%', '9:71.90%']

Before aggregation, loss : 1.32, accuracy : 66.80%
Before aggregation, accuracy per label : ['0:73.10%', '1:77.20%', '2:50.30%', '3:44.30%', '4:62.80%', '5:58.20%', '6:76.80%', '7:73.70%', '8:79.50%', '9:72.10%']
Aggregation to central server completed at central server round 250, loss : 1.32, accuracy: 66.81%, staleness : 4
Accuracy per label after aggregation : ['0:73.60%', '1:76.80%', '2:50.70%', '3:45.20%', '4:62.30%', '5:57.60%', '6:76.20%', '7:73.60%', '8:79.30%', '9:72.80%']

-----------------------------------------------------

Central server round 244 started
Model sent from central server with 100msec communication time, with loss :1.32, accuracy : 66.81%
Accuracy per label : ['0:73.60%', '1:76.80%', '2:50.70%', '3:45.20%', '4:62.30%', '5:57.60%', '6:76.20%', '7:73.60%', '8:79.30%', '9:72.80%']
The model is from round 239 from central server, staleness is 4

Cluster round 1 completed, aggregated models from all the clients, time past : 800msec, loss : 1.35, accuracy 66.03%
Accuracy per label : ['0:76.50%', '1:74.20%', '2:47.10%', '3:46.20%', '4:59.90%', '5:57.90%', '6:75.80%', '7:71.70%', '8:78.50%', '9:72.50%']

Cluster round 2 completed, aggregated models from all the clients, time past : 1500msec, loss : 1.40, accuracy 65.72%
Accuracy per label : ['0:72.20%', '1:74.70%', '2:47.90%', '3:45.40%', '4:65.50%', '5:55.00%', '6:76.20%', '7:69.30%', '8:78.90%', '9:72.10%']

Cluster round 3 completed, aggregated models from all the clients, time past : 2200msec, loss : 1.44, accuracy 65.74%
Accuracy per label : ['0:72.50%', '1:74.40%', '2:49.20%', '3:46.30%', '4:60.00%', '5:58.30%', '6:75.00%', '7:72.20%', '8:78.60%', '9:70.90%']

Before aggregation, loss : 1.33, accuracy : 66.97%
Before aggregation, accuracy per label : ['0:74.20%', '1:76.90%', '2:50.60%', '3:44.00%', '4:62.80%', '5:58.00%', '6:77.20%', '7:74.10%', '8:79.60%', '9:72.30%']
Aggregation to central server completed at central server round 250, loss : 1.33, accuracy: 66.88%, staleness : 4
Accuracy per label after aggregation : ['0:74.00%', '1:76.60%', '2:50.40%', '3:44.80%', '4:62.70%', '5:57.80%', '6:76.80%', '7:73.80%', '8:79.50%', '9:72.40%']

-----------------------------------------------------

Central server round 249 started
Model sent from central server with 100msec communication time, with loss :1.33, accuracy : 66.88%
Accuracy per label : ['0:74.00%', '1:76.60%', '2:50.40%', '3:44.80%', '4:62.70%', '5:57.80%', '6:76.80%', '7:73.80%', '8:79.50%', '9:72.40%']
The model is from round 244 from central server, staleness is 4

Cluster round 1 completed, aggregated models from all the clients, time past : 800msec, loss : 1.36, accuracy 65.93%
Accuracy per label : ['0:75.90%', '1:75.20%', '2:50.70%', '3:42.10%', '4:59.30%', '5:54.80%', '6:79.50%', '7:72.40%', '8:79.30%', '9:70.10%']

Cluster round 2 completed, aggregated models from all the clients, time past : 1500msec, loss : 1.40, accuracy 66.01%
Accuracy per label : ['0:75.00%', '1:75.30%', '2:51.40%', '3:46.60%', '4:59.10%', '5:54.70%', '6:76.30%', '7:71.90%', '8:78.80%', '9:71.00%']

Cluster round 3 completed, aggregated models from all the clients, time past : 2200msec, loss : 1.44, accuracy 65.81%
Accuracy per label : ['0:74.10%', '1:75.40%', '2:50.10%', '3:47.90%', '4:60.00%', '5:56.60%', '6:74.80%', '7:70.80%', '8:77.30%', '9:71.10%']

Before aggregation, loss : 1.33, accuracy : 66.86%
Before aggregation, accuracy per label : ['0:73.90%', '1:76.70%', '2:50.30%', '3:44.50%', '4:62.70%', '5:57.90%', '6:76.80%', '7:73.80%', '8:79.60%', '9:72.40%']
Aggregation to central server completed at central server round 250, loss : 1.34, accuracy: 66.94%, staleness : 4
Accuracy per label after aggregation : ['0:74.40%', '1:76.90%', '2:50.60%', '3:45.20%', '4:62.60%', '5:57.60%', '6:76.50%', '7:73.50%', '8:79.60%', '9:72.50%']

