-----------------------------------------------------

Central server round 8 started
Model sent from central server with 100msec communication time, with loss :2.31, accuracy : 8.86%
Accuracy per label : ['0:0.00%', '1:0.40%', '2:0.40%', '3:3.80%', '4:0.00%', '5:0.00%', '6:0.00%', '7:0.00%', '8:84.00%', '9:0.00%']
The model is from round 0 from central server, staleness is 7

Cluster round 1 completed, aggregated models from all the clients, time past : 1800msec, loss : 2.20, accuracy 22.87%
Accuracy per label : ['0:8.70%', '1:10.00%', '2:29.00%', '3:0.10%', '4:28.50%', '5:51.20%', '6:0.10%', '7:10.20%', '8:29.40%', '9:61.50%']

Cluster round 2 completed, aggregated models from all the clients, time past : 3500msec, loss : 2.03, accuracy 29.16%
Accuracy per label : ['0:37.60%', '1:15.60%', '2:21.60%', '3:0.40%', '4:46.40%', '5:42.30%', '6:12.70%', '7:17.50%', '8:45.70%', '9:51.80%']

Cluster round 3 completed, aggregated models from all the clients, time past : 5200msec, loss : 1.93, accuracy 32.60%
Accuracy per label : ['0:46.90%', '1:24.70%', '2:18.70%', '3:1.90%', '4:36.00%', '5:41.10%', '6:32.10%', '7:24.00%', '8:52.40%', '9:48.20%']

Cluster round 4 completed, aggregated models from all the clients, time past : 6900msec, loss : 1.87, accuracy 34.63%
Accuracy per label : ['0:48.10%', '1:32.20%', '2:18.50%', '3:5.30%', '4:36.90%', '5:40.00%', '6:36.30%', '7:27.30%', '8:54.30%', '9:47.40%']

Cluster round 5 completed, aggregated models from all the clients, time past : 8600msec, loss : 1.82, accuracy 36.40%
Accuracy per label : ['0:48.90%', '1:37.40%', '2:18.20%', '3:8.80%', '4:39.70%', '5:38.30%', '6:40.60%', '7:30.10%', '8:54.90%', '9:47.10%']

Before aggregation, loss : 1.74, accuracy : 39.39%
Before aggregation, accuracy per label : ['0:48.40%', '1:44.70%', '2:17.70%', '3:16.60%', '4:33.40%', '5:39.70%', '6:51.40%', '7:36.30%', '8:62.30%', '9:43.40%']
Aggregation to central server completed at central server round 250, loss : 1.75, accuracy: 39.27%, staleness : 7
Accuracy per label after aggregation : ['0:48.60%', '1:44.20%', '2:17.50%', '3:15.60%', '4:33.90%', '5:39.70%', '6:51.00%', '7:36.00%', '8:62.60%', '9:43.60%']

-----------------------------------------------------

Central server round 17 started
Model sent from central server with 100msec communication time, with loss :1.75, accuracy : 39.27%
Accuracy per label : ['0:48.60%', '1:44.20%', '2:17.50%', '3:15.60%', '4:33.90%', '5:39.70%', '6:51.00%', '7:36.00%', '8:62.60%', '9:43.60%']
The model is from round 8 from central server, staleness is 8

Cluster round 1 completed, aggregated models from all the clients, time past : 1800msec, loss : 1.69, accuracy 41.35%
Accuracy per label : ['0:50.50%', '1:52.80%', '2:24.20%', '3:14.90%', '4:37.10%', '5:36.20%', '6:49.90%', '7:40.70%', '8:56.00%', '9:51.20%']

Cluster round 2 completed, aggregated models from all the clients, time past : 3500msec, loss : 1.64, accuracy 43.14%
Accuracy per label : ['0:51.10%', '1:56.00%', '2:27.20%', '3:19.30%', '4:36.00%', '5:35.80%', '6:52.10%', '7:44.10%', '8:57.00%', '9:52.80%']

Cluster round 3 completed, aggregated models from all the clients, time past : 5200msec, loss : 1.59, accuracy 44.15%
Accuracy per label : ['0:51.90%', '1:57.70%', '2:29.50%', '3:20.70%', '4:36.80%', '5:35.50%', '6:53.40%', '7:46.10%', '8:56.50%', '9:53.40%']

Cluster round 4 completed, aggregated models from all the clients, time past : 6900msec, loss : 1.55, accuracy 45.43%
Accuracy per label : ['0:51.70%', '1:59.40%', '2:30.20%', '3:22.30%', '4:37.90%', '5:36.10%', '6:54.30%', '7:49.50%', '8:57.90%', '9:55.00%']

Cluster round 5 completed, aggregated models from all the clients, time past : 8600msec, loss : 1.52, accuracy 46.57%
Accuracy per label : ['0:52.00%', '1:60.60%', '2:31.30%', '3:23.30%', '4:39.40%', '5:37.40%', '6:55.10%', '7:52.20%', '8:58.40%', '9:56.00%']

Before aggregation, loss : 1.52, accuracy : 45.80%
Before aggregation, accuracy per label : ['0:49.70%', '1:57.70%', '2:25.40%', '3:24.80%', '4:41.00%', '5:38.60%', '6:59.60%', '7:47.10%', '8:67.10%', '9:47.00%']
Aggregation to central server completed at central server round 250, loss : 1.52, accuracy: 45.91%, staleness : 8
Accuracy per label after aggregation : ['0:50.00%', '1:58.20%', '2:25.50%', '3:24.30%', '4:41.00%', '5:38.90%', '6:59.40%', '7:47.20%', '8:66.80%', '9:47.80%']

-----------------------------------------------------

Central server round 25 started
Model sent from central server with 100msec communication time, with loss :1.52, accuracy : 45.91%
Accuracy per label : ['0:50.00%', '1:58.20%', '2:25.50%', '3:24.30%', '4:41.00%', '5:38.90%', '6:59.40%', '7:47.20%', '8:66.80%', '9:47.80%']
The model is from round 17 from central server, staleness is 7

Cluster round 1 completed, aggregated models from all the clients, time past : 1800msec, loss : 1.49, accuracy 48.14%
Accuracy per label : ['0:51.80%', '1:61.40%', '2:31.20%', '3:24.20%', '4:40.60%', '5:39.80%', '6:59.20%', '7:54.20%', '8:62.20%', '9:56.80%']

Cluster round 2 completed, aggregated models from all the clients, time past : 3500msec, loss : 1.46, accuracy 48.90%
Accuracy per label : ['0:51.50%', '1:62.50%', '2:32.20%', '3:22.90%', '4:41.90%', '5:41.00%', '6:59.80%', '7:55.50%', '8:63.20%', '9:58.50%']

Cluster round 3 completed, aggregated models from all the clients, time past : 5200msec, loss : 1.43, accuracy 49.66%
Accuracy per label : ['0:52.00%', '1:62.60%', '2:34.20%', '3:23.80%', '4:43.20%', '5:42.20%', '6:60.30%', '7:56.40%', '8:63.90%', '9:58.00%']

Cluster round 4 completed, aggregated models from all the clients, time past : 6900msec, loss : 1.40, accuracy 50.43%
Accuracy per label : ['0:53.40%', '1:63.70%', '2:36.10%', '3:24.20%', '4:44.50%', '5:42.90%', '6:60.10%', '7:57.00%', '8:64.10%', '9:58.30%']

Cluster round 5 completed, aggregated models from all the clients, time past : 8600msec, loss : 1.38, accuracy 51.07%
Accuracy per label : ['0:54.90%', '1:64.00%', '2:37.70%', '3:24.10%', '4:44.30%', '5:44.30%', '6:60.10%', '7:58.40%', '8:64.40%', '9:58.50%']

Before aggregation, loss : 1.41, accuracy : 50.22%
Before aggregation, accuracy per label : ['0:51.00%', '1:64.50%', '2:33.20%', '3:30.90%', '4:39.80%', '5:43.80%', '6:62.10%', '7:55.00%', '8:70.70%', '9:51.20%']
Aggregation to central server completed at central server round 250, loss : 1.40, accuracy: 50.55%, staleness : 7
Accuracy per label after aggregation : ['0:51.40%', '1:65.10%', '2:33.60%', '3:30.10%', '4:40.60%', '5:43.90%', '6:62.40%', '7:55.50%', '8:70.70%', '9:52.20%']

-----------------------------------------------------

Central server round 34 started
Model sent from central server with 100msec communication time, with loss :1.40, accuracy : 50.55%
Accuracy per label : ['0:51.40%', '1:65.10%', '2:33.60%', '3:30.10%', '4:40.60%', '5:43.90%', '6:62.40%', '7:55.50%', '8:70.70%', '9:52.20%']
The model is from round 25 from central server, staleness is 8

Cluster round 1 completed, aggregated models from all the clients, time past : 1800msec, loss : 1.38, accuracy 51.54%
Accuracy per label : ['0:55.10%', '1:64.00%', '2:35.80%', '3:26.40%', '4:45.40%', '5:43.20%', '6:62.80%', '7:58.00%', '8:65.90%', '9:58.80%']

Cluster round 2 completed, aggregated models from all the clients, time past : 3500msec, loss : 1.35, accuracy 52.26%
Accuracy per label : ['0:57.00%', '1:64.40%', '2:37.70%', '3:26.40%', '4:46.50%', '5:43.80%', '6:63.10%', '7:58.10%', '8:66.20%', '9:59.40%']

Cluster round 3 completed, aggregated models from all the clients, time past : 5200msec, loss : 1.33, accuracy 52.53%
Accuracy per label : ['0:57.20%', '1:64.40%', '2:38.90%', '3:25.80%', '4:47.10%', '5:44.10%', '6:63.30%', '7:58.50%', '8:66.20%', '9:59.80%']

Cluster round 4 completed, aggregated models from all the clients, time past : 6900msec, loss : 1.32, accuracy 53.01%
Accuracy per label : ['0:57.90%', '1:64.80%', '2:40.30%', '3:25.90%', '4:47.40%', '5:45.10%', '6:63.30%', '7:58.60%', '8:66.60%', '9:60.20%']

Cluster round 5 completed, aggregated models from all the clients, time past : 8600msec, loss : 1.31, accuracy 53.61%
Accuracy per label : ['0:58.50%', '1:64.70%', '2:41.70%', '3:25.70%', '4:48.40%', '5:44.80%', '6:64.60%', '7:59.60%', '8:66.80%', '9:61.30%']

Before aggregation, loss : 1.32, accuracy : 53.71%
Before aggregation, accuracy per label : ['0:55.50%', '1:69.60%', '2:38.70%', '3:32.40%', '4:42.60%', '5:46.90%', '6:65.10%', '7:58.10%', '8:72.70%', '9:55.50%']
Aggregation to central server completed at central server round 250, loss : 1.31, accuracy: 53.82%, staleness : 8
Accuracy per label after aggregation : ['0:56.10%', '1:70.20%', '2:38.70%', '3:31.50%', '4:43.20%', '5:47.00%', '6:65.20%', '7:58.00%', '8:72.30%', '9:56.00%']

-----------------------------------------------------

Central server round 44 started
Model sent from central server with 100msec communication time, with loss :1.31, accuracy : 53.82%
Accuracy per label : ['0:56.10%', '1:70.20%', '2:38.70%', '3:31.50%', '4:43.20%', '5:47.00%', '6:65.20%', '7:58.00%', '8:72.30%', '9:56.00%']
The model is from round 34 from central server, staleness is 9

Cluster round 1 completed, aggregated models from all the clients, time past : 1800msec, loss : 1.27, accuracy 55.01%
Accuracy per label : ['0:58.50%', '1:68.20%', '2:41.70%', '3:29.40%', '4:51.80%', '5:45.00%', '6:65.80%', '7:60.00%', '8:68.50%', '9:61.20%']

Cluster round 2 completed, aggregated models from all the clients, time past : 3500msec, loss : 1.26, accuracy 55.58%
Accuracy per label : ['0:59.40%', '1:67.70%', '2:43.40%', '3:28.60%', '4:52.60%', '5:45.90%', '6:67.00%', '7:60.40%', '8:68.40%', '9:62.40%']

Cluster round 3 completed, aggregated models from all the clients, time past : 5200msec, loss : 1.24, accuracy 55.87%
Accuracy per label : ['0:60.40%', '1:67.20%', '2:44.10%', '3:27.40%', '4:52.70%', '5:47.20%', '6:67.80%', '7:61.20%', '8:67.80%', '9:62.90%']

Cluster round 4 completed, aggregated models from all the clients, time past : 6900msec, loss : 1.24, accuracy 56.44%
Accuracy per label : ['0:61.00%', '1:68.00%', '2:46.50%', '3:25.80%', '4:52.70%', '5:46.70%', '6:69.00%', '7:61.40%', '8:69.20%', '9:64.10%']

Cluster round 5 completed, aggregated models from all the clients, time past : 8600msec, loss : 1.23, accuracy 56.79%
Accuracy per label : ['0:61.90%', '1:67.90%', '2:45.00%', '3:26.00%', '4:52.00%', '5:49.30%', '6:69.70%', '7:62.90%', '8:68.70%', '9:64.50%']

Before aggregation, loss : 1.30, accuracy : 56.23%
Before aggregation, accuracy per label : ['0:57.80%', '1:71.70%', '2:43.10%', '3:36.90%', '4:44.00%', '5:45.50%', '6:70.20%', '7:60.10%', '8:74.90%', '9:58.10%']
Aggregation to central server completed at central server round 250, loss : 1.29, accuracy: 56.39%, staleness : 9
Accuracy per label after aggregation : ['0:57.80%', '1:71.80%', '2:42.80%', '3:36.00%', '4:44.70%', '5:46.00%', '6:71.10%', '7:60.70%', '8:74.60%', '9:58.40%']

-----------------------------------------------------

Central server round 53 started
Model sent from central server with 100msec communication time, with loss :1.29, accuracy : 56.39%
Accuracy per label : ['0:57.80%', '1:71.80%', '2:42.80%', '3:36.00%', '4:44.70%', '5:46.00%', '6:71.10%', '7:60.70%', '8:74.60%', '9:58.40%']
The model is from round 44 from central server, staleness is 8

Cluster round 1 completed, aggregated models from all the clients, time past : 1800msec, loss : 1.22, accuracy 57.16%
Accuracy per label : ['0:59.40%', '1:68.30%', '2:42.70%', '3:26.90%', '4:57.10%', '5:50.70%', '6:68.90%', '7:63.00%', '8:71.50%', '9:63.10%']

Cluster round 2 completed, aggregated models from all the clients, time past : 3500msec, loss : 1.20, accuracy 57.51%
Accuracy per label : ['0:60.00%', '1:69.00%', '2:46.00%', '3:25.30%', '4:55.20%', '5:51.90%', '6:69.30%', '7:64.10%', '8:70.40%', '9:63.90%']

Cluster round 3 completed, aggregated models from all the clients, time past : 5200msec, loss : 1.20, accuracy 57.83%
Accuracy per label : ['0:61.10%', '1:69.50%', '2:45.50%', '3:24.60%', '4:54.70%', '5:52.80%', '6:70.70%', '7:64.20%', '8:70.60%', '9:64.60%']

Cluster round 4 completed, aggregated models from all the clients, time past : 6900msec, loss : 1.20, accuracy 58.27%
Accuracy per label : ['0:62.00%', '1:69.20%', '2:46.30%', '3:27.90%', '4:52.80%', '5:53.20%', '6:70.60%', '7:65.80%', '8:70.20%', '9:64.70%']

Cluster round 5 completed, aggregated models from all the clients, time past : 8600msec, loss : 1.21, accuracy 58.46%
Accuracy per label : ['0:62.50%', '1:69.70%', '2:44.40%', '3:27.70%', '4:51.50%', '5:54.90%', '6:71.80%', '7:66.20%', '8:70.50%', '9:65.40%']

Before aggregation, loss : 1.29, accuracy : 57.94%
Before aggregation, accuracy per label : ['0:61.50%', '1:73.10%', '2:44.30%', '3:37.30%', '4:48.10%', '5:48.00%', '6:71.50%', '7:61.00%', '8:74.80%', '9:59.80%']
Aggregation to central server completed at central server round 250, loss : 1.28, accuracy: 58.05%, staleness : 8
Accuracy per label after aggregation : ['0:62.10%', '1:73.20%', '2:44.50%', '3:35.90%', '4:48.30%', '5:48.10%', '6:71.60%', '7:61.60%', '8:74.70%', '9:60.50%']

-----------------------------------------------------

Central server round 61 started
Model sent from central server with 100msec communication time, with loss :1.28, accuracy : 58.05%
Accuracy per label : ['0:62.10%', '1:73.20%', '2:44.50%', '3:35.90%', '4:48.30%', '5:48.10%', '6:71.60%', '7:61.60%', '8:74.70%', '9:60.50%']
The model is from round 53 from central server, staleness is 7

Cluster round 1 completed, aggregated models from all the clients, time past : 1800msec, loss : 1.18, accuracy 58.62%
Accuracy per label : ['0:61.50%', '1:70.80%', '2:44.40%', '3:28.00%', '4:60.30%', '5:52.70%', '6:68.80%', '7:64.00%', '8:71.90%', '9:63.80%']

Cluster round 2 completed, aggregated models from all the clients, time past : 3500msec, loss : 1.17, accuracy 59.22%
Accuracy per label : ['0:62.90%', '1:70.70%', '2:44.30%', '3:29.10%', '4:59.10%', '5:53.70%', '6:68.90%', '7:66.50%', '8:72.00%', '9:65.00%']

Cluster round 3 completed, aggregated models from all the clients, time past : 5200msec, loss : 1.18, accuracy 59.14%
Accuracy per label : ['0:63.10%', '1:70.30%', '2:45.10%', '3:28.60%', '4:54.40%', '5:54.30%', '6:69.40%', '7:68.30%', '8:70.80%', '9:67.10%']

Cluster round 4 completed, aggregated models from all the clients, time past : 6900msec, loss : 1.19, accuracy 59.34%
Accuracy per label : ['0:63.70%', '1:70.40%', '2:46.30%', '3:28.30%', '4:54.80%', '5:55.60%', '6:69.20%', '7:68.30%', '8:70.20%', '9:66.60%']

Cluster round 5 completed, aggregated models from all the clients, time past : 8600msec, loss : 1.22, accuracy 59.59%
Accuracy per label : ['0:64.80%', '1:69.90%', '2:46.60%', '3:28.90%', '4:55.00%', '5:54.20%', '6:69.90%', '7:69.10%', '8:70.20%', '9:67.30%']

Before aggregation, loss : 1.33, accuracy : 58.76%
Before aggregation, accuracy per label : ['0:61.50%', '1:75.00%', '2:44.60%', '3:36.20%', '4:51.20%', '5:48.90%', '6:72.40%', '7:62.40%', '8:75.50%', '9:59.90%']
Aggregation to central server completed at central server round 250, loss : 1.31, accuracy: 59.11%, staleness : 7
Accuracy per label after aggregation : ['0:62.30%', '1:75.10%', '2:44.60%', '3:35.80%', '4:51.90%', '5:49.80%', '6:72.50%', '7:63.40%', '8:75.10%', '9:60.60%']

-----------------------------------------------------

Central server round 70 started
Model sent from central server with 100msec communication time, with loss :1.31, accuracy : 59.11%
Accuracy per label : ['0:62.30%', '1:75.10%', '2:44.60%', '3:35.80%', '4:51.90%', '5:49.80%', '6:72.50%', '7:63.40%', '8:75.10%', '9:60.60%']
The model is from round 61 from central server, staleness is 8

Cluster round 1 completed, aggregated models from all the clients, time past : 1800msec, loss : 1.17, accuracy 59.27%
Accuracy per label : ['0:61.90%', '1:69.50%', '2:43.60%', '3:29.30%', '4:59.40%', '5:53.20%', '6:69.60%', '7:65.40%', '8:74.80%', '9:66.00%']

Cluster round 2 completed, aggregated models from all the clients, time past : 3500msec, loss : 1.17, accuracy 59.83%
Accuracy per label : ['0:64.80%', '1:70.10%', '2:42.50%', '3:30.00%', '4:59.60%', '5:55.50%', '6:68.70%', '7:67.50%', '8:72.10%', '9:67.50%']

Cluster round 3 completed, aggregated models from all the clients, time past : 5200msec, loss : 1.18, accuracy 60.08%
Accuracy per label : ['0:64.60%', '1:71.50%', '2:45.90%', '3:30.80%', '4:56.40%', '5:54.50%', '6:69.10%', '7:69.00%', '8:70.60%', '9:68.40%']

Cluster round 4 completed, aggregated models from all the clients, time past : 6900msec, loss : 1.21, accuracy 59.95%
Accuracy per label : ['0:66.60%', '1:70.20%', '2:49.30%', '3:30.50%', '4:55.70%', '5:53.10%', '6:69.00%', '7:65.80%', '8:70.10%', '9:69.20%']

Cluster round 5 completed, aggregated models from all the clients, time past : 8600msec, loss : 1.24, accuracy 60.12%
Accuracy per label : ['0:64.20%', '1:72.20%', '2:49.10%', '3:29.50%', '4:55.30%', '5:54.00%', '6:70.40%', '7:69.20%', '8:70.60%', '9:66.70%']

Before aggregation, loss : 1.38, accuracy : 59.66%
Before aggregation, accuracy per label : ['0:63.90%', '1:76.10%', '2:46.10%', '3:39.00%', '4:52.30%', '5:49.40%', '6:71.70%', '7:62.00%', '8:74.70%', '9:61.40%']
Aggregation to central server completed at central server round 250, loss : 1.35, accuracy: 59.77%, staleness : 8
Accuracy per label after aggregation : ['0:64.40%', '1:76.40%', '2:46.20%', '3:37.80%', '4:52.00%', '5:49.70%', '6:72.00%', '7:62.70%', '8:74.60%', '9:61.90%']

-----------------------------------------------------

Central server round 79 started
Model sent from central server with 100msec communication time, with loss :1.35, accuracy : 59.77%
Accuracy per label : ['0:64.40%', '1:76.40%', '2:46.20%', '3:37.80%', '4:52.00%', '5:49.70%', '6:72.00%', '7:62.70%', '8:74.60%', '9:61.90%']
The model is from round 70 from central server, staleness is 8

Cluster round 1 completed, aggregated models from all the clients, time past : 1800msec, loss : 1.16, accuracy 59.85%
Accuracy per label : ['0:61.50%', '1:68.80%', '2:45.90%', '3:29.90%', '4:60.00%', '5:53.50%', '6:68.30%', '7:68.20%', '8:74.50%', '9:67.90%']

Cluster round 2 completed, aggregated models from all the clients, time past : 3500msec, loss : 1.17, accuracy 60.19%
Accuracy per label : ['0:66.50%', '1:69.80%', '2:42.90%', '3:30.00%', '4:58.10%', '5:58.20%', '6:69.60%', '7:66.30%', '8:71.90%', '9:68.60%']

Cluster round 3 completed, aggregated models from all the clients, time past : 5200msec, loss : 1.19, accuracy 60.69%
Accuracy per label : ['0:66.70%', '1:71.50%', '2:48.00%', '3:31.70%', '4:57.70%', '5:56.00%', '6:67.70%', '7:67.50%', '8:72.10%', '9:68.00%']

Cluster round 4 completed, aggregated models from all the clients, time past : 6900msec, loss : 1.22, accuracy 60.56%
Accuracy per label : ['0:66.00%', '1:73.10%', '2:47.90%', '3:31.40%', '4:59.50%', '5:54.00%', '6:69.10%', '7:66.90%', '8:70.00%', '9:67.70%']

Cluster round 5 completed, aggregated models from all the clients, time past : 8600msec, loss : 1.26, accuracy 60.42%
Accuracy per label : ['0:62.90%', '1:72.30%', '2:48.50%', '3:32.30%', '4:60.20%', '5:52.90%', '6:68.70%', '7:66.90%', '8:71.40%', '9:68.10%']

Before aggregation, loss : 1.57, accuracy : 59.84%
Before aggregation, accuracy per label : ['0:65.10%', '1:73.70%', '2:44.00%', '3:39.50%', '4:54.10%', '5:49.30%', '6:70.10%', '7:64.40%', '8:74.70%', '9:63.50%']
Aggregation to central server completed at central server round 250, loss : 1.53, accuracy: 60.11%, staleness : 8
Accuracy per label after aggregation : ['0:65.60%', '1:73.80%', '2:43.90%', '3:38.30%', '4:55.20%', '5:50.30%', '6:70.60%', '7:65.10%', '8:74.60%', '9:63.70%']

-----------------------------------------------------

Central server round 89 started
Model sent from central server with 100msec communication time, with loss :1.53, accuracy : 60.11%
Accuracy per label : ['0:65.60%', '1:73.80%', '2:43.90%', '3:38.30%', '4:55.20%', '5:50.30%', '6:70.60%', '7:65.10%', '8:74.60%', '9:63.70%']
The model is from round 79 from central server, staleness is 9

Cluster round 1 completed, aggregated models from all the clients, time past : 1800msec, loss : 1.19, accuracy 58.97%
Accuracy per label : ['0:60.20%', '1:65.50%', '2:48.90%', '3:26.30%', '4:60.20%', '5:60.40%', '6:63.60%', '7:65.70%', '8:75.50%', '9:63.40%']

Cluster round 2 completed, aggregated models from all the clients, time past : 3500msec, loss : 1.18, accuracy 60.23%
Accuracy per label : ['0:63.90%', '1:69.20%', '2:44.80%', '3:29.40%', '4:60.40%', '5:59.70%', '6:67.00%', '7:66.60%', '8:72.50%', '9:68.80%']

Cluster round 3 completed, aggregated models from all the clients, time past : 5200msec, loss : 1.20, accuracy 60.69%
Accuracy per label : ['0:64.70%', '1:71.90%', '2:49.80%', '3:30.80%', '4:58.00%', '5:56.00%', '6:68.50%', '7:66.80%', '8:72.70%', '9:67.70%']

Cluster round 4 completed, aggregated models from all the clients, time past : 6900msec, loss : 1.24, accuracy 60.60%
Accuracy per label : ['0:65.70%', '1:71.10%', '2:49.20%', '3:30.20%', '4:60.40%', '5:55.50%', '6:68.00%', '7:66.80%', '8:71.50%', '9:67.60%']

Cluster round 5 completed, aggregated models from all the clients, time past : 8600msec, loss : 1.29, accuracy 60.46%
Accuracy per label : ['0:64.60%', '1:71.90%', '2:50.40%', '3:31.20%', '4:59.00%', '5:53.80%', '6:69.20%', '7:66.10%', '8:71.60%', '9:66.80%']

Before aggregation, loss : 1.57, accuracy : 60.78%
Before aggregation, accuracy per label : ['0:65.80%', '1:73.30%', '2:43.50%', '3:39.60%', '4:58.30%', '5:50.00%', '6:69.60%', '7:66.60%', '8:76.30%', '9:64.80%']
Aggregation to central server completed at central server round 250, loss : 1.54, accuracy: 60.91%, staleness : 9
Accuracy per label after aggregation : ['0:65.50%', '1:73.30%', '2:43.90%', '3:39.30%', '4:58.70%', '5:51.00%', '6:69.60%', '7:66.60%', '8:76.40%', '9:64.80%']

-----------------------------------------------------

Central server round 97 started
Model sent from central server with 100msec communication time, with loss :1.54, accuracy : 60.91%
Accuracy per label : ['0:65.50%', '1:73.30%', '2:43.90%', '3:39.30%', '4:58.70%', '5:51.00%', '6:69.60%', '7:66.60%', '8:76.40%', '9:64.80%']
The model is from round 89 from central server, staleness is 7

Cluster round 1 completed, aggregated models from all the clients, time past : 1800msec, loss : 1.19, accuracy 58.90%
Accuracy per label : ['0:57.50%', '1:64.80%', '2:45.90%', '3:27.70%', '4:63.60%', '5:60.60%', '6:63.40%', '7:65.40%', '8:77.50%', '9:62.60%']

Cluster round 2 completed, aggregated models from all the clients, time past : 3500msec, loss : 1.18, accuracy 60.94%
Accuracy per label : ['0:66.30%', '1:69.90%', '2:46.40%', '3:31.50%', '4:59.40%', '5:59.90%', '6:66.40%', '7:67.30%', '8:72.70%', '9:69.60%']

Cluster round 3 completed, aggregated models from all the clients, time past : 5200msec, loss : 1.21, accuracy 61.14%
Accuracy per label : ['0:64.90%', '1:70.90%', '2:48.60%', '3:33.70%', '4:60.60%', '5:55.20%', '6:67.30%', '7:66.80%', '8:72.60%', '9:70.80%']

Cluster round 4 completed, aggregated models from all the clients, time past : 6900msec, loss : 1.25, accuracy 61.30%
Accuracy per label : ['0:63.30%', '1:72.20%', '2:49.00%', '3:34.50%', '4:60.70%', '5:55.10%', '6:68.30%', '7:67.80%', '8:72.30%', '9:69.80%']

Cluster round 5 completed, aggregated models from all the clients, time past : 8600msec, loss : 1.30, accuracy 61.10%
Accuracy per label : ['0:65.40%', '1:73.40%', '2:50.20%', '3:35.00%', '4:62.50%', '5:50.90%', '6:68.40%', '7:65.00%', '8:73.80%', '9:66.40%']

Before aggregation, loss : 1.63, accuracy : 61.18%
Before aggregation, accuracy per label : ['0:66.30%', '1:73.00%', '2:45.10%', '3:40.80%', '4:57.70%', '5:49.60%', '6:69.70%', '7:68.00%', '8:76.00%', '9:65.60%']
Aggregation to central server completed at central server round 250, loss : 1.58, accuracy: 61.38%, staleness : 7
Accuracy per label after aggregation : ['0:66.60%', '1:72.90%', '2:45.40%', '3:40.10%', '4:59.10%', '5:49.90%', '6:69.60%', '7:68.40%', '8:76.40%', '9:65.40%']

-----------------------------------------------------

Central server round 106 started
Model sent from central server with 100msec communication time, with loss :1.58, accuracy : 61.38%
Accuracy per label : ['0:66.60%', '1:72.90%', '2:45.40%', '3:40.10%', '4:59.10%', '5:49.90%', '6:69.60%', '7:68.40%', '8:76.40%', '9:65.40%']
The model is from round 97 from central server, staleness is 8

Cluster round 1 completed, aggregated models from all the clients, time past : 1800msec, loss : 1.18, accuracy 59.47%
Accuracy per label : ['0:55.00%', '1:66.00%', '2:44.40%', '3:31.90%', '4:64.80%', '5:57.50%', '6:63.70%', '7:67.50%', '8:80.50%', '9:63.40%']

Cluster round 2 completed, aggregated models from all the clients, time past : 3500msec, loss : 1.19, accuracy 61.14%
Accuracy per label : ['0:64.20%', '1:71.10%', '2:49.60%', '3:28.80%', '4:57.80%', '5:61.80%', '6:67.10%', '7:69.00%', '8:73.00%', '9:69.00%']

Cluster round 3 completed, aggregated models from all the clients, time past : 5200msec, loss : 1.23, accuracy 61.17%
Accuracy per label : ['0:65.50%', '1:71.10%', '2:48.50%', '3:30.30%', '4:61.30%', '5:59.20%', '6:67.70%', '7:66.00%', '8:71.90%', '9:70.20%']

Cluster round 4 completed, aggregated models from all the clients, time past : 6900msec, loss : 1.27, accuracy 61.06%
Accuracy per label : ['0:63.00%', '1:72.70%', '2:49.40%', '3:32.10%', '4:60.60%', '5:56.00%', '6:67.90%', '7:67.20%', '8:73.70%', '9:68.00%']

Cluster round 5 completed, aggregated models from all the clients, time past : 8600msec, loss : 1.31, accuracy 61.23%
Accuracy per label : ['0:64.20%', '1:72.90%', '2:49.60%', '3:34.20%', '4:60.00%', '5:51.50%', '6:69.30%', '7:67.60%', '8:74.70%', '9:68.30%']

Before aggregation, loss : 1.69, accuracy : 61.41%
Before aggregation, accuracy per label : ['0:67.00%', '1:72.80%', '2:44.90%', '3:40.80%', '4:57.40%', '5:49.30%', '6:70.20%', '7:68.60%', '8:76.50%', '9:66.60%']
Aggregation to central server completed at central server round 250, loss : 1.65, accuracy: 61.51%, staleness : 8
Accuracy per label after aggregation : ['0:66.80%', '1:72.90%', '2:45.00%', '3:39.70%', '4:58.10%', '5:49.50%', '6:70.60%', '7:68.90%', '8:76.90%', '9:66.70%']

-----------------------------------------------------

Central server round 114 started
Model sent from central server with 100msec communication time, with loss :1.65, accuracy : 61.51%
Accuracy per label : ['0:66.80%', '1:72.90%', '2:45.00%', '3:39.70%', '4:58.10%', '5:49.50%', '6:70.60%', '7:68.90%', '8:76.90%', '9:66.70%']
The model is from round 106 from central server, staleness is 7

Cluster round 1 completed, aggregated models from all the clients, time past : 1800msec, loss : 1.19, accuracy 59.12%
Accuracy per label : ['0:59.50%', '1:64.70%', '2:46.50%', '3:34.00%', '4:64.00%', '5:59.00%', '6:61.90%', '7:63.60%', '8:79.40%', '9:58.60%']

Cluster round 2 completed, aggregated models from all the clients, time past : 3500msec, loss : 1.19, accuracy 61.15%
Accuracy per label : ['0:65.00%', '1:74.10%', '2:50.60%', '3:33.10%', '4:57.50%', '5:57.90%', '6:66.10%', '7:69.70%', '8:73.30%', '9:64.20%']

Cluster round 3 completed, aggregated models from all the clients, time past : 5200msec, loss : 1.23, accuracy 61.33%
Accuracy per label : ['0:66.10%', '1:71.50%', '2:48.10%', '3:35.10%', '4:60.10%', '5:54.60%', '6:66.30%', '7:68.80%', '8:73.70%', '9:69.00%']

Cluster round 4 completed, aggregated models from all the clients, time past : 6900msec, loss : 1.28, accuracy 61.76%
Accuracy per label : ['0:66.00%', '1:72.60%', '2:49.60%', '3:35.60%', '4:61.80%', '5:52.90%', '6:69.20%', '7:67.40%', '8:73.90%', '9:68.60%']

Cluster round 5 completed, aggregated models from all the clients, time past : 8600msec, loss : 1.33, accuracy 61.28%
Accuracy per label : ['0:65.80%', '1:73.40%', '2:49.10%', '3:36.00%', '4:60.70%', '5:52.10%', '6:69.00%', '7:65.30%', '8:74.00%', '9:67.40%']

Before aggregation, loss : 1.77, accuracy : 61.68%
Before aggregation, accuracy per label : ['0:67.80%', '1:72.80%', '2:45.20%', '3:41.20%', '4:57.70%', '5:49.20%', '6:70.80%', '7:69.00%', '8:75.90%', '9:67.20%']
Aggregation to central server completed at central server round 250, loss : 1.71, accuracy: 61.78%, staleness : 7
Accuracy per label after aggregation : ['0:68.10%', '1:73.10%', '2:44.70%', '3:40.00%', '4:59.30%', '5:49.40%', '6:70.60%', '7:68.60%', '8:76.50%', '9:67.50%']

-----------------------------------------------------

Central server round 125 started
Model sent from central server with 100msec communication time, with loss :1.71, accuracy : 61.78%
Accuracy per label : ['0:68.10%', '1:73.10%', '2:44.70%', '3:40.00%', '4:59.30%', '5:49.40%', '6:70.60%', '7:68.60%', '8:76.50%', '9:67.50%']
The model is from round 114 from central server, staleness is 10

Cluster round 1 completed, aggregated models from all the clients, time past : 1800msec, loss : 1.20, accuracy 58.00%
Accuracy per label : ['0:63.80%', '1:60.90%', '2:50.20%', '3:35.20%', '4:57.60%', '5:58.10%', '6:59.60%', '7:59.80%', '8:76.90%', '9:57.90%']

Cluster round 2 completed, aggregated models from all the clients, time past : 3500msec, loss : 1.20, accuracy 61.36%
Accuracy per label : ['0:64.70%', '1:72.50%', '2:46.30%', '3:35.90%', '4:62.00%', '5:60.40%', '6:65.30%', '7:65.20%', '8:73.60%', '9:67.70%']

Cluster round 3 completed, aggregated models from all the clients, time past : 5200msec, loss : 1.25, accuracy 61.96%
Accuracy per label : ['0:65.20%', '1:72.80%', '2:49.80%', '3:37.60%', '4:61.50%', '5:54.00%', '6:66.20%', '7:67.90%', '8:75.00%', '9:69.60%']

Cluster round 4 completed, aggregated models from all the clients, time past : 6900msec, loss : 1.29, accuracy 61.51%
Accuracy per label : ['0:64.20%', '1:72.90%', '2:50.20%', '3:35.70%', '4:61.40%', '5:52.60%', '6:67.20%', '7:68.40%', '8:74.70%', '9:67.80%']

Cluster round 5 completed, aggregated models from all the clients, time past : 8600msec, loss : 1.34, accuracy 61.72%
Accuracy per label : ['0:66.40%', '1:73.80%', '2:49.70%', '3:39.30%', '4:62.50%', '5:49.80%', '6:67.50%', '7:66.00%', '8:74.80%', '9:67.40%']

Before aggregation, loss : 1.78, accuracy : 62.19%
Before aggregation, accuracy per label : ['0:68.80%', '1:73.50%', '2:46.00%', '3:40.90%', '4:57.40%', '5:49.80%', '6:71.20%', '7:70.20%', '8:75.80%', '9:68.30%']
Aggregation to central server completed at central server round 250, loss : 1.74, accuracy: 62.32%, staleness : 10
Accuracy per label after aggregation : ['0:68.50%', '1:73.60%', '2:46.10%', '3:41.20%', '4:58.10%', '5:50.30%', '6:70.90%', '7:70.10%', '8:76.30%', '9:68.10%']

-----------------------------------------------------

Central server round 134 started
Model sent from central server with 100msec communication time, with loss :1.74, accuracy : 62.32%
Accuracy per label : ['0:68.50%', '1:73.60%', '2:46.10%', '3:41.20%', '4:58.10%', '5:50.30%', '6:70.90%', '7:70.10%', '8:76.30%', '9:68.10%']
The model is from round 125 from central server, staleness is 8

Cluster round 1 completed, aggregated models from all the clients, time past : 1800msec, loss : 1.20, accuracy 58.34%
Accuracy per label : ['0:53.00%', '1:71.40%', '2:46.40%', '3:28.90%', '4:63.00%', '5:58.40%', '6:54.90%', '7:70.20%', '8:80.10%', '9:57.10%']

Cluster round 2 completed, aggregated models from all the clients, time past : 3500msec, loss : 1.20, accuracy 61.44%
Accuracy per label : ['0:63.50%', '1:74.40%', '2:50.70%', '3:31.20%', '4:58.90%', '5:58.50%', '6:65.90%', '7:68.30%', '8:74.50%', '9:68.50%']

Cluster round 3 completed, aggregated models from all the clients, time past : 5200msec, loss : 1.25, accuracy 61.93%
Accuracy per label : ['0:63.30%', '1:72.90%', '2:52.30%', '3:34.30%', '4:61.30%', '5:55.70%', '6:66.50%', '7:68.10%', '8:75.50%', '9:69.40%']

Cluster round 4 completed, aggregated models from all the clients, time past : 6900msec, loss : 1.30, accuracy 62.07%
Accuracy per label : ['0:65.10%', '1:71.80%', '2:49.50%', '3:36.90%', '4:63.00%', '5:51.50%', '6:69.50%', '7:67.70%', '8:76.40%', '9:69.30%']

Cluster round 5 completed, aggregated models from all the clients, time past : 8600msec, loss : 1.35, accuracy 61.82%
Accuracy per label : ['0:66.40%', '1:74.00%', '2:48.10%', '3:39.80%', '4:62.10%', '5:50.10%', '6:67.70%', '7:67.30%', '8:75.60%', '9:67.10%']

Before aggregation, loss : 1.82, accuracy : 62.41%
Before aggregation, accuracy per label : ['0:69.00%', '1:73.70%', '2:45.80%', '3:41.10%', '4:57.60%', '5:50.50%', '6:71.20%', '7:70.80%', '8:75.60%', '9:68.80%']
Aggregation to central server completed at central server round 250, loss : 1.77, accuracy: 62.59%, staleness : 8
Accuracy per label after aggregation : ['0:69.00%', '1:74.40%', '2:45.40%', '3:40.90%', '4:58.50%', '5:50.60%', '6:71.10%', '7:71.20%', '8:76.40%', '9:68.40%']

-----------------------------------------------------

Central server round 143 started
Model sent from central server with 100msec communication time, with loss :1.77, accuracy : 62.59%
Accuracy per label : ['0:69.00%', '1:74.40%', '2:45.40%', '3:40.90%', '4:58.50%', '5:50.60%', '6:71.10%', '7:71.20%', '8:76.40%', '9:68.40%']
The model is from round 134 from central server, staleness is 8

Cluster round 1 completed, aggregated models from all the clients, time past : 1800msec, loss : 1.21, accuracy 58.37%
Accuracy per label : ['0:55.50%', '1:71.10%', '2:47.50%', '3:30.50%', '4:61.00%', '5:61.80%', '6:48.30%', '7:70.40%', '8:79.60%', '9:58.00%']

Cluster round 2 completed, aggregated models from all the clients, time past : 3500msec, loss : 1.21, accuracy 61.99%
Accuracy per label : ['0:65.00%', '1:74.50%', '2:51.00%', '3:32.50%', '4:60.70%', '5:58.70%', '6:66.30%', '7:68.60%', '8:73.90%', '9:68.70%']

Cluster round 3 completed, aggregated models from all the clients, time past : 5200msec, loss : 1.26, accuracy 61.84%
Accuracy per label : ['0:65.60%', '1:73.40%', '2:50.60%', '3:35.10%', '4:59.80%', '5:53.90%', '6:67.50%', '7:68.50%', '8:75.80%', '9:68.20%']

Cluster round 4 completed, aggregated models from all the clients, time past : 6900msec, loss : 1.31, accuracy 61.99%
Accuracy per label : ['0:65.30%', '1:74.20%', '2:48.20%', '3:39.90%', '4:61.70%', '5:50.70%', '6:69.00%', '7:67.40%', '8:75.70%', '9:67.80%']

Cluster round 5 completed, aggregated models from all the clients, time past : 8600msec, loss : 1.37, accuracy 62.00%
Accuracy per label : ['0:66.30%', '1:74.60%', '2:47.80%', '3:38.60%', '4:62.50%', '5:48.70%', '6:71.30%', '7:67.40%', '8:75.80%', '9:67.00%']

Before aggregation, loss : 1.77, accuracy : 62.80%
Before aggregation, accuracy per label : ['0:68.10%', '1:74.50%', '2:45.80%', '3:42.70%', '4:58.00%', '5:50.50%', '6:72.20%', '7:70.80%', '8:76.60%', '9:68.80%']
Aggregation to central server completed at central server round 250, loss : 1.72, accuracy: 62.92%, staleness : 8
Accuracy per label after aggregation : ['0:68.50%', '1:75.00%', '2:45.60%', '3:41.60%', '4:60.10%', '5:50.70%', '6:71.70%', '7:70.70%', '8:76.90%', '9:68.40%']

-----------------------------------------------------

Central server round 151 started
Model sent from central server with 100msec communication time, with loss :1.72, accuracy : 62.92%
Accuracy per label : ['0:68.50%', '1:75.00%', '2:45.60%', '3:41.60%', '4:60.10%', '5:50.70%', '6:71.70%', '7:70.70%', '8:76.90%', '9:68.40%']
The model is from round 143 from central server, staleness is 7

Cluster round 1 completed, aggregated models from all the clients, time past : 1800msec, loss : 1.19, accuracy 59.20%
Accuracy per label : ['0:63.70%', '1:72.20%', '2:50.10%', '3:34.00%', '4:55.80%', '5:65.70%', '6:59.10%', '7:58.60%', '8:74.40%', '9:58.40%']

Cluster round 2 completed, aggregated models from all the clients, time past : 3500msec, loss : 1.22, accuracy 62.08%
Accuracy per label : ['0:65.80%', '1:72.60%', '2:49.10%', '3:34.50%', '4:58.10%', '5:59.80%', '6:68.80%', '7:68.60%', '8:74.10%', '9:69.40%']

Cluster round 3 completed, aggregated models from all the clients, time past : 5200msec, loss : 1.27, accuracy 62.01%
Accuracy per label : ['0:65.10%', '1:72.30%', '2:51.20%', '3:36.30%', '4:61.70%', '5:52.60%', '6:68.30%', '7:68.40%', '8:74.70%', '9:69.50%']

Cluster round 4 completed, aggregated models from all the clients, time past : 6900msec, loss : 1.32, accuracy 61.86%
Accuracy per label : ['0:67.30%', '1:72.70%', '2:46.10%', '3:37.90%', '4:59.50%', '5:52.80%', '6:69.80%', '7:66.60%', '8:75.70%', '9:70.20%']

Cluster round 5 completed, aggregated models from all the clients, time past : 8600msec, loss : 1.38, accuracy 61.93%
Accuracy per label : ['0:66.50%', '1:73.60%', '2:49.50%', '3:40.70%', '4:61.20%', '5:48.00%', '6:69.60%', '7:67.00%', '8:74.50%', '9:68.70%']

Before aggregation, loss : 1.82, accuracy : 62.88%
Before aggregation, accuracy per label : ['0:69.00%', '1:74.00%', '2:47.10%', '3:41.70%', '4:58.20%', '5:51.10%', '6:72.30%', '7:70.70%', '8:76.10%', '9:68.60%']
Aggregation to central server completed at central server round 250, loss : 1.76, accuracy: 63.08%, staleness : 7
Accuracy per label after aggregation : ['0:68.80%', '1:75.10%', '2:47.10%', '3:41.50%', '4:60.00%', '5:50.70%', '6:71.30%', '7:70.60%', '8:76.80%', '9:68.90%']

-----------------------------------------------------

Central server round 161 started
Model sent from central server with 100msec communication time, with loss :1.76, accuracy : 63.08%
Accuracy per label : ['0:68.80%', '1:75.10%', '2:47.10%', '3:41.50%', '4:60.00%', '5:50.70%', '6:71.30%', '7:70.60%', '8:76.80%', '9:68.90%']
The model is from round 151 from central server, staleness is 9

Cluster round 1 completed, aggregated models from all the clients, time past : 1800msec, loss : 1.20, accuracy 59.68%
Accuracy per label : ['0:52.40%', '1:70.00%', '2:48.30%', '3:37.40%', '4:59.00%', '5:61.10%', '6:61.80%', '7:66.90%', '8:79.90%', '9:60.00%']

Cluster round 2 completed, aggregated models from all the clients, time past : 3500msec, loss : 1.23, accuracy 62.11%
Accuracy per label : ['0:64.50%', '1:72.30%', '2:50.50%', '3:35.70%', '4:58.90%', '5:56.20%', '6:69.80%', '7:69.00%', '8:75.10%', '9:69.10%']

Cluster round 3 completed, aggregated models from all the clients, time past : 5200msec, loss : 1.29, accuracy 62.21%
Accuracy per label : ['0:65.50%', '1:73.30%', '2:50.80%', '3:36.50%', '4:60.60%', '5:53.40%', '6:69.50%', '7:67.00%', '8:76.20%', '9:69.30%']

Cluster round 4 completed, aggregated models from all the clients, time past : 6900msec, loss : 1.35, accuracy 62.05%
Accuracy per label : ['0:65.40%', '1:74.70%', '2:49.80%', '3:38.50%', '4:62.70%', '5:49.50%', '6:69.60%', '7:67.30%', '8:74.50%', '9:68.50%']

Cluster round 5 completed, aggregated models from all the clients, time past : 8600msec, loss : 1.39, accuracy 61.96%
Accuracy per label : ['0:65.30%', '1:73.80%', '2:48.20%', '3:41.30%', '4:59.40%', '5:48.00%', '6:69.90%', '7:68.20%', '8:75.70%', '9:69.80%']

Before aggregation, loss : 1.90, accuracy : 63.09%
Before aggregation, accuracy per label : ['0:69.60%', '1:73.90%', '2:46.80%', '3:39.20%', '4:59.00%', '5:53.70%', '6:72.20%', '7:71.20%', '8:76.00%', '9:69.30%']
Aggregation to central server completed at central server round 250, loss : 1.85, accuracy: 63.01%, staleness : 9
Accuracy per label after aggregation : ['0:69.00%', '1:74.30%', '2:46.20%', '3:39.00%', '4:59.40%', '5:52.90%', '6:72.10%', '7:71.30%', '8:76.50%', '9:69.40%']

-----------------------------------------------------

Central server round 170 started
Model sent from central server with 100msec communication time, with loss :1.85, accuracy : 63.01%
Accuracy per label : ['0:69.00%', '1:74.30%', '2:46.20%', '3:39.00%', '4:59.40%', '5:52.90%', '6:72.10%', '7:71.30%', '8:76.50%', '9:69.40%']
The model is from round 161 from central server, staleness is 8

Cluster round 1 completed, aggregated models from all the clients, time past : 1800msec, loss : 1.23, accuracy 58.65%
Accuracy per label : ['0:53.40%', '1:70.60%', '2:48.30%', '3:32.40%', '4:52.60%', '5:66.30%', '6:60.90%', '7:70.00%', '8:80.30%', '9:51.70%']

Cluster round 2 completed, aggregated models from all the clients, time past : 3500msec, loss : 1.24, accuracy 61.96%
Accuracy per label : ['0:65.90%', '1:71.00%', '2:49.20%', '3:36.60%', '4:59.00%', '5:58.40%', '6:68.50%', '7:66.10%', '8:75.30%', '9:69.60%']

Cluster round 3 completed, aggregated models from all the clients, time past : 5200msec, loss : 1.30, accuracy 62.13%
Accuracy per label : ['0:68.00%', '1:73.60%', '2:48.00%', '3:36.70%', '4:62.00%', '5:51.40%', '6:69.80%', '7:67.30%', '8:76.50%', '9:68.00%']

Cluster round 4 completed, aggregated models from all the clients, time past : 6900msec, loss : 1.36, accuracy 62.20%
Accuracy per label : ['0:66.90%', '1:74.60%', '2:47.80%', '3:39.30%', '4:62.00%', '5:50.80%', '6:70.00%', '7:66.40%', '8:76.70%', '9:67.50%']

Cluster round 5 completed, aggregated models from all the clients, time past : 8600msec, loss : 1.40, accuracy 61.85%
Accuracy per label : ['0:67.20%', '1:74.40%', '2:47.70%', '3:40.20%', '4:61.80%', '5:49.10%', '6:69.00%', '7:66.70%', '8:74.50%', '9:67.90%']

Before aggregation, loss : 1.84, accuracy : 63.31%
Before aggregation, accuracy per label : ['0:70.40%', '1:74.30%', '2:46.40%', '3:42.30%', '4:59.10%', '5:51.60%', '6:73.50%', '7:71.00%', '8:75.70%', '9:68.80%']
Aggregation to central server completed at central server round 250, loss : 1.78, accuracy: 63.28%, staleness : 8
Accuracy per label after aggregation : ['0:69.40%', '1:75.00%', '2:46.30%', '3:42.30%', '4:59.80%', '5:51.10%', '6:72.80%', '7:71.30%', '8:76.30%', '9:68.50%']

-----------------------------------------------------

Central server round 179 started
Model sent from central server with 100msec communication time, with loss :1.78, accuracy : 63.28%
Accuracy per label : ['0:69.40%', '1:75.00%', '2:46.30%', '3:42.30%', '4:59.80%', '5:51.10%', '6:72.80%', '7:71.30%', '8:76.30%', '9:68.50%']
The model is from round 170 from central server, staleness is 8

Cluster round 1 completed, aggregated models from all the clients, time past : 1800msec, loss : 1.19, accuracy 60.22%
Accuracy per label : ['0:64.90%', '1:72.20%', '2:49.70%', '3:41.00%', '4:55.60%', '5:61.40%', '6:61.40%', '7:65.10%', '8:73.00%', '9:57.90%']

Cluster round 2 completed, aggregated models from all the clients, time past : 3500msec, loss : 1.25, accuracy 62.10%
Accuracy per label : ['0:65.20%', '1:72.30%', '2:49.40%', '3:36.00%', '4:57.30%', '5:59.60%', '6:67.20%', '7:68.00%', '8:75.50%', '9:70.50%']

Cluster round 3 completed, aggregated models from all the clients, time past : 5200msec, loss : 1.31, accuracy 62.46%
Accuracy per label : ['0:67.10%', '1:72.70%', '2:48.50%', '3:37.80%', '4:61.60%', '5:55.50%', '6:68.40%', '7:66.70%', '8:76.20%', '9:70.10%']

Cluster round 4 completed, aggregated models from all the clients, time past : 6900msec, loss : 1.37, accuracy 62.42%
Accuracy per label : ['0:66.20%', '1:73.60%', '2:48.80%', '3:39.90%', '4:61.30%', '5:51.20%', '6:70.10%', '7:66.80%', '8:79.70%', '9:66.60%']

Cluster round 5 completed, aggregated models from all the clients, time past : 8600msec, loss : 1.41, accuracy 62.25%
Accuracy per label : ['0:69.60%', '1:73.60%', '2:49.70%', '3:39.60%', '4:59.40%', '5:48.10%', '6:71.50%', '7:66.80%', '8:75.50%', '9:68.70%']

Before aggregation, loss : 1.82, accuracy : 63.43%
Before aggregation, accuracy per label : ['0:69.40%', '1:74.80%', '2:46.90%', '3:43.90%', '4:58.50%', '5:51.20%', '6:72.70%', '7:71.70%', '8:76.10%', '9:69.10%']
Aggregation to central server completed at central server round 250, loss : 1.77, accuracy: 63.58%, staleness : 8
Accuracy per label after aggregation : ['0:69.50%', '1:75.00%', '2:47.30%', '3:43.70%', '4:59.10%', '5:50.90%', '6:72.40%', '7:71.70%', '8:76.90%', '9:69.30%']

-----------------------------------------------------

Central server round 188 started
Model sent from central server with 100msec communication time, with loss :1.77, accuracy : 63.58%
Accuracy per label : ['0:69.50%', '1:75.00%', '2:47.30%', '3:43.70%', '4:59.10%', '5:50.90%', '6:72.40%', '7:71.70%', '8:76.90%', '9:69.30%']
The model is from round 179 from central server, staleness is 8

Cluster round 1 completed, aggregated models from all the clients, time past : 1800msec, loss : 1.19, accuracy 60.81%
Accuracy per label : ['0:64.40%', '1:69.20%', '2:48.20%', '3:35.00%', '4:56.50%', '5:62.20%', '6:66.70%', '7:67.90%', '8:77.10%', '9:60.90%']

Cluster round 2 completed, aggregated models from all the clients, time past : 3500msec, loss : 1.26, accuracy 62.15%
Accuracy per label : ['0:68.10%', '1:72.00%', '2:48.00%', '3:34.80%', '4:62.00%', '5:56.10%', '6:67.60%', '7:69.60%', '8:75.00%', '9:68.30%']

Cluster round 3 completed, aggregated models from all the clients, time past : 5200msec, loss : 1.33, accuracy 62.49%
Accuracy per label : ['0:66.80%', '1:74.50%', '2:51.30%', '3:37.90%', '4:61.80%', '5:51.10%', '6:69.10%', '7:66.80%', '8:75.60%', '9:70.00%']

Cluster round 4 completed, aggregated models from all the clients, time past : 6900msec, loss : 1.38, accuracy 62.20%
Accuracy per label : ['0:67.60%', '1:74.10%', '2:49.60%', '3:40.00%', '4:61.00%', '5:48.50%', '6:69.80%', '7:67.20%', '8:76.40%', '9:67.80%']

Cluster round 5 completed, aggregated models from all the clients, time past : 8600msec, loss : 1.43, accuracy 62.18%
Accuracy per label : ['0:67.50%', '1:73.60%', '2:49.50%', '3:39.90%', '4:60.60%', '5:49.20%', '6:69.70%', '7:67.20%', '8:76.00%', '9:68.60%']

Before aggregation, loss : 1.81, accuracy : 63.48%
Before aggregation, accuracy per label : ['0:70.60%', '1:74.90%', '2:47.70%', '3:42.60%', '4:59.10%', '5:51.00%', '6:73.10%', '7:71.40%', '8:75.70%', '9:68.70%']
Aggregation to central server completed at central server round 250, loss : 1.76, accuracy: 63.60%, staleness : 8
Accuracy per label after aggregation : ['0:70.90%', '1:75.00%', '2:48.00%', '3:42.90%', '4:59.90%', '5:50.90%', '6:72.50%', '7:71.30%', '8:75.90%', '9:68.70%']

-----------------------------------------------------

Central server round 196 started
Model sent from central server with 100msec communication time, with loss :1.76, accuracy : 63.60%
Accuracy per label : ['0:70.90%', '1:75.00%', '2:48.00%', '3:42.90%', '4:59.90%', '5:50.90%', '6:72.50%', '7:71.30%', '8:75.90%', '9:68.70%']
The model is from round 188 from central server, staleness is 7

Cluster round 1 completed, aggregated models from all the clients, time past : 1800msec, loss : 1.20, accuracy 60.78%
Accuracy per label : ['0:65.30%', '1:70.30%', '2:46.20%', '3:44.00%', '4:58.10%', '5:61.70%', '6:62.00%', '7:61.20%', '8:75.20%', '9:63.80%']

Cluster round 2 completed, aggregated models from all the clients, time past : 3500msec, loss : 1.27, accuracy 62.27%
Accuracy per label : ['0:65.30%', '1:72.70%', '2:47.70%', '3:36.90%', '4:58.90%', '5:59.80%', '6:67.90%', '7:67.30%', '8:76.70%', '9:69.50%']

Cluster round 3 completed, aggregated models from all the clients, time past : 5200msec, loss : 1.34, accuracy 62.71%
Accuracy per label : ['0:67.80%', '1:72.40%', '2:48.30%', '3:37.70%', '4:62.80%', '5:53.20%', '6:70.20%', '7:66.10%', '8:78.50%', '9:70.10%']

Cluster round 4 completed, aggregated models from all the clients, time past : 6900msec, loss : 1.39, accuracy 62.31%
Accuracy per label : ['0:66.50%', '1:72.90%', '2:48.20%', '3:40.20%', '4:60.50%', '5:50.60%', '6:70.10%', '7:67.10%', '8:77.60%', '9:69.40%']

Cluster round 5 completed, aggregated models from all the clients, time past : 8600msec, loss : 1.43, accuracy 62.36%
Accuracy per label : ['0:68.20%', '1:73.30%', '2:52.70%', '3:38.00%', '4:59.20%', '5:48.40%', '6:71.20%', '7:67.20%', '8:77.00%', '9:68.40%']

Before aggregation, loss : 1.88, accuracy : 63.58%
Before aggregation, accuracy per label : ['0:70.40%', '1:74.50%', '2:47.50%', '3:43.10%', '4:58.60%', '5:51.00%', '6:73.30%', '7:71.90%', '8:76.10%', '9:69.40%']
Aggregation to central server completed at central server round 250, loss : 1.82, accuracy: 63.58%, staleness : 7
Accuracy per label after aggregation : ['0:70.50%', '1:74.70%', '2:47.70%', '3:43.10%', '4:59.00%', '5:50.30%', '6:72.80%', '7:72.00%', '8:76.50%', '9:69.20%']

-----------------------------------------------------

Central server round 206 started
Model sent from central server with 100msec communication time, with loss :1.82, accuracy : 63.58%
Accuracy per label : ['0:70.50%', '1:74.70%', '2:47.70%', '3:43.10%', '4:59.00%', '5:50.30%', '6:72.80%', '7:72.00%', '8:76.50%', '9:69.20%']
The model is from round 196 from central server, staleness is 9

Cluster round 1 completed, aggregated models from all the clients, time past : 1800msec, loss : 1.20, accuracy 61.20%
Accuracy per label : ['0:61.70%', '1:70.50%', '2:51.70%', '3:32.20%', '4:56.50%', '5:61.40%', '6:66.70%', '7:65.30%', '8:76.30%', '9:69.70%']

Cluster round 2 completed, aggregated models from all the clients, time past : 3500msec, loss : 1.28, accuracy 62.30%
Accuracy per label : ['0:67.60%', '1:73.10%', '2:48.10%', '3:39.90%', '4:61.70%', '5:54.20%', '6:67.70%', '7:67.20%', '8:75.30%', '9:68.20%']

Cluster round 3 completed, aggregated models from all the clients, time past : 5200msec, loss : 1.34, accuracy 62.65%
Accuracy per label : ['0:67.00%', '1:74.90%', '2:48.00%', '3:41.60%', '4:60.90%', '5:53.10%', '6:69.10%', '7:67.40%', '8:76.70%', '9:67.80%']

Cluster round 4 completed, aggregated models from all the clients, time past : 6900msec, loss : 1.40, accuracy 62.44%
Accuracy per label : ['0:68.70%', '1:72.70%', '2:46.50%', '3:37.20%', '4:62.20%', '5:52.00%', '6:72.30%', '7:66.80%', '8:77.10%', '9:68.90%']

Cluster round 5 completed, aggregated models from all the clients, time past : 8600msec, loss : 1.46, accuracy 62.11%
Accuracy per label : ['0:67.30%', '1:72.80%', '2:48.30%', '3:38.60%', '4:61.70%', '5:47.40%', '6:72.20%', '7:66.90%', '8:76.70%', '9:69.20%']

Before aggregation, loss : 1.94, accuracy : 63.51%
Before aggregation, accuracy per label : ['0:70.30%', '1:74.80%', '2:47.60%', '3:43.00%', '4:58.50%', '5:51.20%', '6:73.00%', '7:72.00%', '8:75.30%', '9:69.40%']
Aggregation to central server completed at central server round 250, loss : 1.89, accuracy: 63.46%, staleness : 9
Accuracy per label after aggregation : ['0:70.40%', '1:74.60%', '2:47.40%', '3:42.40%', '4:58.90%', '5:50.50%', '6:72.80%', '7:72.20%', '8:75.80%', '9:69.60%']

-----------------------------------------------------

Central server round 215 started
Model sent from central server with 100msec communication time, with loss :1.89, accuracy : 63.46%
Accuracy per label : ['0:70.40%', '1:74.60%', '2:47.40%', '3:42.40%', '4:58.90%', '5:50.50%', '6:72.80%', '7:72.20%', '8:75.80%', '9:69.60%']
The model is from round 206 from central server, staleness is 8

Cluster round 1 completed, aggregated models from all the clients, time past : 1800msec, loss : 1.23, accuracy 59.91%
Accuracy per label : ['0:58.60%', '1:71.30%', '2:52.60%', '3:35.40%', '4:49.50%', '5:62.40%', '6:68.70%', '7:66.00%', '8:82.00%', '9:52.60%']

Cluster round 2 completed, aggregated models from all the clients, time past : 3500msec, loss : 1.29, accuracy 62.50%
Accuracy per label : ['0:66.80%', '1:73.70%', '2:46.00%', '3:40.00%', '4:61.00%', '5:56.40%', '6:70.50%', '7:67.50%', '8:76.30%', '9:66.80%']

Cluster round 3 completed, aggregated models from all the clients, time past : 5200msec, loss : 1.36, accuracy 62.09%
Accuracy per label : ['0:66.30%', '1:73.10%', '2:46.20%', '3:37.70%', '4:62.40%', '5:53.10%', '6:70.70%', '7:65.10%', '8:76.30%', '9:70.00%']

Cluster round 4 completed, aggregated models from all the clients, time past : 6900msec, loss : 1.41, accuracy 62.19%
Accuracy per label : ['0:67.30%', '1:74.80%', '2:47.50%', '3:42.20%', '4:60.50%', '5:48.00%', '6:71.90%', '7:66.20%', '8:76.20%', '9:67.30%']

Cluster round 5 completed, aggregated models from all the clients, time past : 8600msec, loss : 1.47, accuracy 62.41%
Accuracy per label : ['0:67.80%', '1:73.20%', '2:48.50%', '3:35.70%', '4:59.40%', '5:54.50%', '6:73.10%', '7:66.10%', '8:76.30%', '9:69.50%']

Before aggregation, loss : 1.96, accuracy : 63.57%
Before aggregation, accuracy per label : ['0:70.40%', '1:74.50%', '2:47.70%', '3:42.40%', '4:57.80%', '5:51.80%', '6:73.30%', '7:72.10%', '8:75.60%', '9:70.10%']
Aggregation to central server completed at central server round 250, loss : 1.90, accuracy: 63.73%, staleness : 8
Accuracy per label after aggregation : ['0:70.70%', '1:74.50%', '2:48.10%', '3:42.40%', '4:58.70%', '5:51.60%', '6:72.90%', '7:71.90%', '8:76.40%', '9:70.10%']

-----------------------------------------------------

Central server round 224 started
Model sent from central server with 100msec communication time, with loss :1.90, accuracy : 63.73%
Accuracy per label : ['0:70.70%', '1:74.50%', '2:48.10%', '3:42.40%', '4:58.70%', '5:51.60%', '6:72.90%', '7:71.90%', '8:76.40%', '9:70.10%']
The model is from round 215 from central server, staleness is 8

Cluster round 1 completed, aggregated models from all the clients, time past : 1800msec, loss : 1.21, accuracy 60.74%
Accuracy per label : ['0:61.20%', '1:72.00%', '2:53.50%', '3:36.40%', '4:56.20%', '5:61.20%', '6:65.80%', '7:63.70%', '8:78.10%', '9:59.30%']

Cluster round 2 completed, aggregated models from all the clients, time past : 3500msec, loss : 1.29, accuracy 62.72%
Accuracy per label : ['0:66.20%', '1:73.80%', '2:48.60%', '3:40.00%', '4:59.50%', '5:54.70%', '6:70.30%', '7:67.60%', '8:76.80%', '9:69.70%']

Cluster round 3 completed, aggregated models from all the clients, time past : 5200msec, loss : 1.36, accuracy 62.50%
Accuracy per label : ['0:66.90%', '1:73.60%', '2:48.10%', '3:40.40%', '4:62.30%', '5:51.30%', '6:69.00%', '7:67.20%', '8:76.80%', '9:69.40%']

Cluster round 4 completed, aggregated models from all the clients, time past : 6900msec, loss : 1.41, accuracy 62.52%
Accuracy per label : ['0:65.10%', '1:72.50%', '2:48.90%', '3:40.30%', '4:61.70%', '5:51.40%', '6:71.10%', '7:66.90%', '8:78.10%', '9:69.20%']

Cluster round 5 completed, aggregated models from all the clients, time past : 8600msec, loss : 1.47, accuracy 62.38%
Accuracy per label : ['0:68.50%', '1:73.40%', '2:48.90%', '3:39.60%', '4:60.60%', '5:49.10%', '6:72.50%', '7:66.60%', '8:75.80%', '9:68.80%']

Before aggregation, loss : 1.91, accuracy : 63.78%
Before aggregation, accuracy per label : ['0:71.20%', '1:74.50%', '2:48.10%', '3:43.20%', '4:58.90%', '5:50.60%', '6:73.40%', '7:72.00%', '8:76.00%', '9:69.90%']
Aggregation to central server completed at central server round 250, loss : 1.86, accuracy: 63.76%, staleness : 8
Accuracy per label after aggregation : ['0:70.90%', '1:74.50%', '2:49.00%', '3:43.30%', '4:59.20%', '5:50.20%', '6:73.00%', '7:71.90%', '8:75.80%', '9:69.80%']

-----------------------------------------------------

Central server round 232 started
Model sent from central server with 100msec communication time, with loss :1.86, accuracy : 63.76%
Accuracy per label : ['0:70.90%', '1:74.50%', '2:49.00%', '3:43.30%', '4:59.20%', '5:50.20%', '6:73.00%', '7:71.90%', '8:75.80%', '9:69.80%']
The model is from round 224 from central server, staleness is 7

Cluster round 1 completed, aggregated models from all the clients, time past : 1800msec, loss : 1.21, accuracy 61.32%
Accuracy per label : ['0:62.60%', '1:71.80%', '2:46.70%', '3:39.40%', '4:55.50%', '5:59.60%', '6:65.20%', '7:66.40%', '8:78.70%', '9:67.30%']

Cluster round 2 completed, aggregated models from all the clients, time past : 3500msec, loss : 1.31, accuracy 62.54%
Accuracy per label : ['0:65.70%', '1:72.50%', '2:52.70%', '3:37.90%', '4:59.10%', '5:52.10%', '6:70.60%', '7:67.40%', '8:77.50%', '9:69.90%']

Cluster round 3 completed, aggregated models from all the clients, time past : 5200msec, loss : 1.38, accuracy 62.63%
Accuracy per label : ['0:67.30%', '1:75.30%', '2:46.60%', '3:39.60%', '4:62.50%', '5:53.90%', '6:70.10%', '7:67.00%', '8:75.60%', '9:68.40%']

Cluster round 4 completed, aggregated models from all the clients, time past : 6900msec, loss : 1.43, accuracy 62.22%
Accuracy per label : ['0:68.60%', '1:72.40%', '2:50.80%', '3:37.80%', '4:59.60%', '5:50.30%', '6:71.20%', '7:66.10%', '8:76.90%', '9:68.50%']

Cluster round 5 completed, aggregated models from all the clients, time past : 8600msec, loss : 1.48, accuracy 62.41%
Accuracy per label : ['0:67.30%', '1:72.00%', '2:47.70%', '3:39.70%', '4:60.30%', '5:50.70%', '6:72.80%', '7:67.70%', '8:76.20%', '9:69.70%']

Before aggregation, loss : 1.97, accuracy : 63.72%
Before aggregation, accuracy per label : ['0:71.80%', '1:74.20%', '2:47.90%', '3:42.50%', '4:58.40%', '5:50.80%', '6:73.30%', '7:72.40%', '8:75.80%', '9:70.10%']
Aggregation to central server completed at central server round 250, loss : 1.91, accuracy: 63.67%, staleness : 7
Accuracy per label after aggregation : ['0:71.20%', '1:74.00%', '2:48.20%', '3:43.00%', '4:58.80%', '5:50.50%', '6:72.80%', '7:72.00%', '8:75.90%', '9:70.30%']

-----------------------------------------------------

Central server round 242 started
Model sent from central server with 100msec communication time, with loss :1.91, accuracy : 63.67%
Accuracy per label : ['0:71.20%', '1:74.00%', '2:48.20%', '3:43.00%', '4:58.80%', '5:50.50%', '6:72.80%', '7:72.00%', '8:75.90%', '9:70.30%']
The model is from round 232 from central server, staleness is 9

Cluster round 1 completed, aggregated models from all the clients, time past : 1800msec, loss : 1.23, accuracy 60.95%
Accuracy per label : ['0:60.50%', '1:70.60%', '2:52.80%', '3:39.50%', '4:51.00%', '5:60.60%', '6:67.80%', '7:66.90%', '8:77.60%', '9:62.20%']

Cluster round 2 completed, aggregated models from all the clients, time past : 3500msec, loss : 1.32, accuracy 62.68%
Accuracy per label : ['0:67.80%', '1:73.50%', '2:49.40%', '3:39.00%', '4:57.80%', '5:55.40%', '6:70.10%', '7:67.50%', '8:76.90%', '9:69.40%']

Cluster round 3 completed, aggregated models from all the clients, time past : 5200msec, loss : 1.40, accuracy 62.61%
Accuracy per label : ['0:68.10%', '1:72.20%', '2:47.90%', '3:38.10%', '4:61.30%', '5:52.40%', '6:71.60%', '7:67.60%', '8:77.30%', '9:69.60%']

Cluster round 4 completed, aggregated models from all the clients, time past : 6900msec, loss : 1.44, accuracy 62.50%
Accuracy per label : ['0:69.50%', '1:71.80%', '2:51.80%', '3:38.00%', '4:57.10%', '5:50.10%', '6:72.70%', '7:67.60%', '8:76.40%', '9:70.00%']

Cluster round 5 completed, aggregated models from all the clients, time past : 8600msec, loss : 1.49, accuracy 62.57%
Accuracy per label : ['0:67.50%', '1:72.90%', '2:48.20%', '3:41.20%', '4:59.10%', '5:50.70%', '6:73.20%', '7:66.80%', '8:77.90%', '9:68.20%']

Before aggregation, loss : 2.01, accuracy : 63.70%
Before aggregation, accuracy per label : ['0:71.80%', '1:74.20%', '2:48.30%', '3:42.20%', '4:57.90%', '5:51.60%', '6:73.50%', '7:72.50%', '8:75.10%', '9:69.90%']
Aggregation to central server completed at central server round 250, loss : 1.96, accuracy: 63.67%, staleness : 9
Accuracy per label after aggregation : ['0:71.30%', '1:74.20%', '2:48.10%', '3:42.50%', '4:58.40%', '5:50.90%', '6:73.20%', '7:72.00%', '8:76.10%', '9:70.00%']

