-----------------------------------------------------

Central server round 4 started
Model sent from central server with 100msec communication time, with loss :2.31, accuracy : 8.86%
Accuracy per label : ['0:0.00%', '1:0.40%', '2:0.40%', '3:3.80%', '4:0.00%', '5:0.00%', '6:0.00%', '7:0.00%', '8:84.00%', '9:0.00%']
The model is from round 0 from central server, staleness is 3

Cluster round 1 completed, aggregated models from all the clients, time past : 1200msec, loss : 2.19, accuracy 19.75%
Accuracy per label : ['0:0.10%', '1:19.20%', '2:0.00%', '3:1.40%', '4:0.40%', '5:42.30%', '6:0.00%', '7:41.50%', '8:51.70%', '9:40.90%']

Cluster round 2 completed, aggregated models from all the clients, time past : 2300msec, loss : 2.05, accuracy 27.52%
Accuracy per label : ['0:26.30%', '1:28.50%', '2:0.20%', '3:0.40%', '4:28.50%', '5:41.90%', '6:20.30%', '7:35.60%', '8:56.60%', '9:36.90%']

Cluster round 3 completed, aggregated models from all the clients, time past : 3400msec, loss : 1.93, accuracy 32.07%
Accuracy per label : ['0:38.10%', '1:34.90%', '2:4.30%', '3:1.90%', '4:29.30%', '5:38.40%', '6:42.40%', '7:35.40%', '8:57.10%', '9:38.90%']

Cluster round 4 completed, aggregated models from all the clients, time past : 4500msec, loss : 1.88, accuracy 34.21%
Accuracy per label : ['0:38.90%', '1:38.60%', '2:6.80%', '3:5.50%', '4:34.30%', '5:37.20%', '6:45.70%', '7:40.00%', '8:56.80%', '9:38.30%']

Cluster round 5 completed, aggregated models from all the clients, time past : 5600msec, loss : 1.83, accuracy 35.46%
Accuracy per label : ['0:38.20%', '1:40.90%', '2:7.40%', '3:7.80%', '4:39.60%', '5:36.60%', '6:44.40%', '7:43.70%', '8:57.70%', '9:38.30%']

Before aggregation, loss : 1.84, accuracy : 37.69%
Before aggregation, accuracy per label : ['0:49.30%', '1:44.50%', '2:20.30%', '3:15.30%', '4:26.20%', '5:40.50%', '6:49.90%', '7:28.10%', '8:59.00%', '9:43.80%']
Aggregation to central server completed at central server round 250, loss : 1.83, accuracy: 37.58%, staleness : 3
Accuracy per label after aggregation : ['0:48.20%', '1:44.00%', '2:16.60%', '3:14.30%', '4:28.80%', '5:40.90%', '6:49.70%', '7:30.30%', '8:59.50%', '9:43.50%']

-----------------------------------------------------

Central server round 10 started
Model sent from central server with 100msec communication time, with loss :1.83, accuracy : 37.58%
Accuracy per label : ['0:48.20%', '1:44.00%', '2:16.60%', '3:14.30%', '4:28.80%', '5:40.90%', '6:49.70%', '7:30.30%', '8:59.50%', '9:43.50%']
The model is from round 4 from central server, staleness is 5

Cluster round 1 completed, aggregated models from all the clients, time past : 1200msec, loss : 1.76, accuracy 38.38%
Accuracy per label : ['0:38.50%', '1:45.50%', '2:9.00%', '3:10.60%', '4:43.30%', '5:35.70%', '6:48.10%', '7:50.40%', '8:62.80%', '9:39.90%']

Cluster round 2 completed, aggregated models from all the clients, time past : 2300msec, loss : 1.71, accuracy 39.79%
Accuracy per label : ['0:40.30%', '1:48.60%', '2:9.60%', '3:13.80%', '4:46.70%', '5:34.00%', '6:48.90%', '7:52.80%', '8:63.40%', '9:39.80%']

Cluster round 3 completed, aggregated models from all the clients, time past : 3400msec, loss : 1.67, accuracy 40.83%
Accuracy per label : ['0:40.40%', '1:51.20%', '2:11.20%', '3:15.20%', '4:48.00%', '5:32.40%', '6:50.20%', '7:54.20%', '8:65.10%', '9:40.40%']

Cluster round 4 completed, aggregated models from all the clients, time past : 4500msec, loss : 1.63, accuracy 41.86%
Accuracy per label : ['0:41.70%', '1:53.30%', '2:12.40%', '3:16.50%', '4:48.90%', '5:31.10%', '6:51.30%', '7:56.40%', '8:65.90%', '9:41.10%']

Cluster round 5 completed, aggregated models from all the clients, time past : 5600msec, loss : 1.59, accuracy 43.03%
Accuracy per label : ['0:43.20%', '1:55.00%', '2:13.60%', '3:18.80%', '4:50.10%', '5:31.50%', '6:52.10%', '7:57.30%', '8:67.10%', '9:41.60%']

Before aggregation, loss : 1.70, accuracy : 40.30%
Before aggregation, accuracy per label : ['0:47.30%', '1:46.20%', '2:20.70%', '3:17.40%', '4:35.20%', '5:38.90%', '6:52.50%', '7:36.00%', '8:64.90%', '9:43.90%']
Aggregation to central server completed at central server round 250, loss : 1.68, accuracy: 41.03%, staleness : 5
Accuracy per label after aggregation : ['0:47.50%', '1:47.40%', '2:19.70%', '3:17.80%', '4:38.60%', '5:38.10%', '6:53.00%', '7:38.90%', '8:65.40%', '9:43.90%']

-----------------------------------------------------

Central server round 16 started
Model sent from central server with 100msec communication time, with loss :1.68, accuracy : 41.03%
Accuracy per label : ['0:47.50%', '1:47.40%', '2:19.70%', '3:17.80%', '4:38.60%', '5:38.10%', '6:53.00%', '7:38.90%', '8:65.40%', '9:43.90%']
The model is from round 10 from central server, staleness is 5

Cluster round 1 completed, aggregated models from all the clients, time past : 1200msec, loss : 1.64, accuracy 42.15%
Accuracy per label : ['0:41.80%', '1:53.30%', '2:11.90%', '3:15.90%', '4:50.40%', '5:33.20%', '6:52.50%', '7:55.90%', '8:65.90%', '9:40.70%']

Cluster round 2 completed, aggregated models from all the clients, time past : 2300msec, loss : 1.59, accuracy 43.30%
Accuracy per label : ['0:43.10%', '1:55.80%', '2:13.80%', '3:17.90%', '4:50.60%', '5:32.70%', '6:53.30%', '7:55.80%', '8:67.40%', '9:42.60%']

Cluster round 3 completed, aggregated models from all the clients, time past : 3400msec, loss : 1.56, accuracy 44.27%
Accuracy per label : ['0:43.80%', '1:56.30%', '2:15.50%', '3:20.80%', '4:50.80%', '5:32.20%', '6:53.70%', '7:58.30%', '8:67.90%', '9:43.40%']

Cluster round 4 completed, aggregated models from all the clients, time past : 4500msec, loss : 1.53, accuracy 45.36%
Accuracy per label : ['0:45.50%', '1:57.10%', '2:15.60%', '3:22.30%', '4:51.70%', '5:33.30%', '6:54.00%', '7:61.00%', '8:69.10%', '9:44.00%']

Cluster round 5 completed, aggregated models from all the clients, time past : 5600msec, loss : 1.50, accuracy 46.17%
Accuracy per label : ['0:46.40%', '1:57.90%', '2:16.50%', '3:23.60%', '4:52.10%', '5:33.60%', '6:54.90%', '7:62.70%', '8:69.50%', '9:44.50%']

Before aggregation, loss : 1.53, accuracy : 45.59%
Before aggregation, accuracy per label : ['0:50.10%', '1:57.20%', '2:27.20%', '3:24.70%', '4:39.10%', '5:39.00%', '6:59.70%', '7:44.40%', '8:66.90%', '9:47.60%']
Aggregation to central server completed at central server round 250, loss : 1.52, accuracy: 45.80%, staleness : 5
Accuracy per label after aggregation : ['0:49.70%', '1:57.70%', '2:25.40%', '3:24.80%', '4:41.00%', '5:38.60%', '6:59.60%', '7:47.10%', '8:67.10%', '9:47.00%']

-----------------------------------------------------

Central server round 22 started
Model sent from central server with 100msec communication time, with loss :1.52, accuracy : 45.80%
Accuracy per label : ['0:49.70%', '1:57.70%', '2:25.40%', '3:24.80%', '4:41.00%', '5:38.60%', '6:59.60%', '7:47.10%', '8:67.10%', '9:47.00%']
The model is from round 16 from central server, staleness is 5

Cluster round 1 completed, aggregated models from all the clients, time past : 1200msec, loss : 1.50, accuracy 46.39%
Accuracy per label : ['0:45.00%', '1:59.80%', '2:15.40%', '3:24.30%', '4:51.90%', '5:34.00%', '6:56.70%', '7:61.60%', '8:69.30%', '9:45.90%']

Cluster round 2 completed, aggregated models from all the clients, time past : 2300msec, loss : 1.47, accuracy 47.21%
Accuracy per label : ['0:46.40%', '1:60.00%', '2:17.10%', '3:25.30%', '4:52.00%', '5:34.80%', '6:57.10%', '7:64.00%', '8:69.00%', '9:46.40%']

Cluster round 3 completed, aggregated models from all the clients, time past : 3400msec, loss : 1.45, accuracy 48.12%
Accuracy per label : ['0:47.10%', '1:61.10%', '2:19.30%', '3:25.40%', '4:52.50%', '5:36.00%', '6:58.20%', '7:65.10%', '8:69.00%', '9:47.50%']

Cluster round 4 completed, aggregated models from all the clients, time past : 4500msec, loss : 1.43, accuracy 48.79%
Accuracy per label : ['0:48.90%', '1:61.70%', '2:20.60%', '3:26.00%', '4:51.90%', '5:36.10%', '6:58.50%', '7:66.50%', '8:69.60%', '9:48.10%']

Cluster round 5 completed, aggregated models from all the clients, time past : 5600msec, loss : 1.41, accuracy 49.61%
Accuracy per label : ['0:51.80%', '1:62.70%', '2:21.40%', '3:27.10%', '4:51.80%', '5:37.80%', '6:58.80%', '7:67.10%', '8:69.40%', '9:48.20%']

Before aggregation, loss : 1.44, accuracy : 48.77%
Before aggregation, accuracy per label : ['0:49.40%', '1:62.50%', '2:31.30%', '3:29.60%', '4:39.30%', '5:42.60%', '6:61.20%', '7:52.40%', '8:70.20%', '9:49.20%']
Aggregation to central server completed at central server round 250, loss : 1.43, accuracy: 49.12%, staleness : 5
Accuracy per label after aggregation : ['0:49.50%', '1:63.10%', '2:30.10%', '3:29.30%', '4:41.10%', '5:42.10%', '6:61.50%', '7:54.80%', '8:70.00%', '9:49.70%']

-----------------------------------------------------

Central server round 27 started
Model sent from central server with 100msec communication time, with loss :1.43, accuracy : 49.12%
Accuracy per label : ['0:49.50%', '1:63.10%', '2:30.10%', '3:29.30%', '4:41.10%', '5:42.10%', '6:61.50%', '7:54.80%', '8:70.00%', '9:49.70%']
The model is from round 22 from central server, staleness is 4

Cluster round 1 completed, aggregated models from all the clients, time past : 1200msec, loss : 1.43, accuracy 49.16%
Accuracy per label : ['0:47.90%', '1:63.30%', '2:20.10%', '3:26.30%', '4:52.80%', '5:37.10%', '6:59.30%', '7:66.50%', '8:69.80%', '9:48.50%']

Cluster round 2 completed, aggregated models from all the clients, time past : 2300msec, loss : 1.41, accuracy 49.82%
Accuracy per label : ['0:49.20%', '1:64.00%', '2:21.10%', '3:27.10%', '4:52.50%', '5:38.20%', '6:60.10%', '7:67.40%', '8:70.30%', '9:48.30%']

Cluster round 3 completed, aggregated models from all the clients, time past : 3400msec, loss : 1.39, accuracy 50.61%
Accuracy per label : ['0:50.90%', '1:63.90%', '2:22.80%', '3:28.80%', '4:52.60%', '5:38.50%', '6:60.80%', '7:68.90%', '8:70.10%', '9:48.80%']

Cluster round 4 completed, aggregated models from all the clients, time past : 4500msec, loss : 1.37, accuracy 51.34%
Accuracy per label : ['0:53.10%', '1:64.60%', '2:23.70%', '3:29.00%', '4:51.70%', '5:40.20%', '6:61.10%', '7:69.80%', '8:70.30%', '9:49.90%']

Cluster round 5 completed, aggregated models from all the clients, time past : 5600msec, loss : 1.36, accuracy 51.85%
Accuracy per label : ['0:54.50%', '1:64.80%', '2:24.50%', '3:29.60%', '4:52.80%', '5:41.80%', '6:61.50%', '7:69.40%', '8:70.40%', '9:49.20%']

Before aggregation, loss : 1.39, accuracy : 50.81%
Before aggregation, accuracy per label : ['0:51.40%', '1:66.00%', '2:34.70%', '3:30.70%', '4:38.50%', '5:45.30%', '6:62.30%', '7:55.10%', '8:71.70%', '9:52.40%']
Aggregation to central server completed at central server round 250, loss : 1.38, accuracy: 51.08%, staleness : 4
Accuracy per label after aggregation : ['0:51.70%', '1:65.80%', '2:33.40%', '3:30.80%', '4:40.00%', '5:44.90%', '6:62.50%', '7:57.30%', '8:71.70%', '9:52.70%']

-----------------------------------------------------

Central server round 33 started
Model sent from central server with 100msec communication time, with loss :1.38, accuracy : 51.08%
Accuracy per label : ['0:51.70%', '1:65.80%', '2:33.40%', '3:30.80%', '4:40.00%', '5:44.90%', '6:62.50%', '7:57.30%', '8:71.70%', '9:52.70%']
The model is from round 27 from central server, staleness is 5

Cluster round 1 completed, aggregated models from all the clients, time past : 1200msec, loss : 1.37, accuracy 51.20%
Accuracy per label : ['0:51.70%', '1:65.60%', '2:22.40%', '3:29.90%', '4:53.10%', '5:39.80%', '6:61.50%', '7:69.00%', '8:69.70%', '9:49.30%']

Cluster round 2 completed, aggregated models from all the clients, time past : 2300msec, loss : 1.35, accuracy 51.89%
Accuracy per label : ['0:54.30%', '1:65.60%', '2:23.80%', '3:30.40%', '4:51.80%', '5:40.50%', '6:61.90%', '7:70.10%', '8:70.00%', '9:50.50%']

Cluster round 3 completed, aggregated models from all the clients, time past : 3400msec, loss : 1.34, accuracy 52.41%
Accuracy per label : ['0:55.80%', '1:65.10%', '2:24.80%', '3:31.00%', '4:53.00%', '5:41.00%', '6:62.90%', '7:69.90%', '8:70.50%', '9:50.10%']

Cluster round 4 completed, aggregated models from all the clients, time past : 4500msec, loss : 1.33, accuracy 52.94%
Accuracy per label : ['0:57.40%', '1:65.30%', '2:25.90%', '3:31.70%', '4:53.80%', '5:42.10%', '6:63.20%', '7:70.00%', '8:70.10%', '9:49.90%']

Cluster round 5 completed, aggregated models from all the clients, time past : 5600msec, loss : 1.32, accuracy 53.37%
Accuracy per label : ['0:57.90%', '1:65.20%', '2:26.70%', '3:31.20%', '4:53.60%', '5:43.60%', '6:64.50%', '7:69.60%', '8:71.10%', '9:50.30%']

Before aggregation, loss : 1.33, accuracy : 53.48%
Before aggregation, accuracy per label : ['0:55.00%', '1:70.10%', '2:40.30%', '3:31.50%', '4:41.40%', '5:47.00%', '6:64.60%', '7:56.50%', '8:73.00%', '9:55.40%']
Aggregation to central server completed at central server round 250, loss : 1.32, accuracy: 53.71%, staleness : 5
Accuracy per label after aggregation : ['0:55.50%', '1:69.60%', '2:38.70%', '3:32.40%', '4:42.60%', '5:46.90%', '6:65.10%', '7:58.10%', '8:72.70%', '9:55.50%']

-----------------------------------------------------

Central server round 39 started
Model sent from central server with 100msec communication time, with loss :1.32, accuracy : 53.71%
Accuracy per label : ['0:55.50%', '1:69.60%', '2:38.70%', '3:32.40%', '4:42.60%', '5:46.90%', '6:65.10%', '7:58.10%', '8:72.70%', '9:55.50%']
The model is from round 33 from central server, staleness is 5

Cluster round 1 completed, aggregated models from all the clients, time past : 1200msec, loss : 1.30, accuracy 53.99%
Accuracy per label : ['0:55.70%', '1:66.60%', '2:26.70%', '3:32.50%', '4:53.20%', '5:42.20%', '6:65.80%', '7:72.70%', '8:72.30%', '9:52.20%']

Cluster round 2 completed, aggregated models from all the clients, time past : 2300msec, loss : 1.29, accuracy 54.50%
Accuracy per label : ['0:57.70%', '1:67.30%', '2:28.30%', '3:33.10%', '4:53.80%', '5:43.60%', '6:65.70%', '7:72.40%', '8:71.80%', '9:51.30%']

Cluster round 3 completed, aggregated models from all the clients, time past : 3400msec, loss : 1.27, accuracy 55.03%
Accuracy per label : ['0:59.10%', '1:68.10%', '2:29.00%', '3:33.30%', '4:54.50%', '5:44.00%', '6:66.90%', '7:71.90%', '8:72.00%', '9:51.50%']

Cluster round 4 completed, aggregated models from all the clients, time past : 4500msec, loss : 1.27, accuracy 55.26%
Accuracy per label : ['0:59.10%', '1:68.40%', '2:29.60%', '3:33.80%', '4:55.40%', '5:44.20%', '6:67.60%', '7:70.10%', '8:72.50%', '9:51.90%']

Cluster round 5 completed, aggregated models from all the clients, time past : 5600msec, loss : 1.27, accuracy 55.79%
Accuracy per label : ['0:59.00%', '1:70.00%', '2:31.90%', '3:34.70%', '4:55.70%', '5:45.40%', '6:69.10%', '7:67.60%', '8:73.00%', '9:51.50%']

Before aggregation, loss : 1.31, accuracy : 54.84%
Before aggregation, accuracy per label : ['0:56.90%', '1:70.50%', '2:39.60%', '3:30.90%', '4:44.90%', '5:48.00%', '6:68.00%', '7:58.00%', '8:74.50%', '9:57.10%']
Aggregation to central server completed at central server round 250, loss : 1.30, accuracy: 55.08%, staleness : 5
Accuracy per label after aggregation : ['0:57.60%', '1:70.80%', '2:38.40%', '3:31.60%', '4:46.50%', '5:47.00%', '6:68.10%', '7:59.40%', '8:74.30%', '9:57.10%']

-----------------------------------------------------

Central server round 45 started
Model sent from central server with 100msec communication time, with loss :1.30, accuracy : 55.08%
Accuracy per label : ['0:57.60%', '1:70.80%', '2:38.40%', '3:31.60%', '4:46.50%', '5:47.00%', '6:68.10%', '7:59.40%', '8:74.30%', '9:57.10%']
The model is from round 39 from central server, staleness is 5

Cluster round 1 completed, aggregated models from all the clients, time past : 1200msec, loss : 1.27, accuracy 54.96%
Accuracy per label : ['0:57.90%', '1:68.30%', '2:29.40%', '3:32.30%', '4:54.20%', '5:43.00%', '6:67.50%', '7:73.40%', '8:73.00%', '9:50.60%']

Cluster round 2 completed, aggregated models from all the clients, time past : 2300msec, loss : 1.26, accuracy 55.44%
Accuracy per label : ['0:59.30%', '1:69.30%', '2:29.60%', '3:33.10%', '4:53.90%', '5:44.50%', '6:67.60%', '7:72.40%', '8:73.70%', '9:51.00%']

Cluster round 3 completed, aggregated models from all the clients, time past : 3400msec, loss : 1.25, accuracy 55.79%
Accuracy per label : ['0:58.50%', '1:69.20%', '2:30.50%', '3:33.20%', '4:56.20%', '5:44.60%', '6:68.30%', '7:71.60%', '8:73.70%', '9:52.10%']

Cluster round 4 completed, aggregated models from all the clients, time past : 4500msec, loss : 1.25, accuracy 56.12%
Accuracy per label : ['0:59.30%', '1:70.50%', '2:31.60%', '3:34.60%', '4:55.70%', '5:46.80%', '6:69.20%', '7:68.90%', '8:72.90%', '9:51.70%']

Cluster round 5 completed, aggregated models from all the clients, time past : 5600msec, loss : 1.26, accuracy 56.50%
Accuracy per label : ['0:60.90%', '1:70.70%', '2:31.60%', '3:36.20%', '4:56.10%', '5:48.30%', '6:69.90%', '7:67.40%', '8:73.20%', '9:50.70%']

Before aggregation, loss : 1.29, accuracy : 56.39%
Before aggregation, accuracy per label : ['0:57.80%', '1:71.80%', '2:42.80%', '3:36.00%', '4:44.70%', '5:46.00%', '6:71.10%', '7:60.70%', '8:74.60%', '9:58.40%']
Aggregation to central server completed at central server round 250, loss : 1.28, accuracy: 56.65%, staleness : 5
Accuracy per label after aggregation : ['0:58.40%', '1:72.00%', '2:41.70%', '3:36.40%', '4:46.10%', '5:46.50%', '6:71.40%', '7:61.30%', '8:74.90%', '9:57.80%']

-----------------------------------------------------

Central server round 52 started
Model sent from central server with 100msec communication time, with loss :1.28, accuracy : 56.65%
Accuracy per label : ['0:58.40%', '1:72.00%', '2:41.70%', '3:36.40%', '4:46.10%', '5:46.50%', '6:71.40%', '7:61.30%', '8:74.90%', '9:57.80%']
The model is from round 45 from central server, staleness is 6

Cluster round 1 completed, aggregated models from all the clients, time past : 1200msec, loss : 1.24, accuracy 56.28%
Accuracy per label : ['0:58.20%', '1:71.30%', '2:32.70%', '3:32.60%', '4:55.40%', '5:43.90%', '6:69.70%', '7:73.20%', '8:74.40%', '9:51.40%']

Cluster round 2 completed, aggregated models from all the clients, time past : 2300msec, loss : 1.23, accuracy 56.68%
Accuracy per label : ['0:58.80%', '1:71.20%', '2:32.20%', '3:34.40%', '4:56.40%', '5:44.30%', '6:68.60%', '7:72.90%', '8:74.00%', '9:54.00%']

Cluster round 3 completed, aggregated models from all the clients, time past : 3400msec, loss : 1.23, accuracy 57.05%
Accuracy per label : ['0:59.20%', '1:71.20%', '2:33.50%', '3:37.50%', '4:55.50%', '5:46.50%', '6:68.90%', '7:69.80%', '8:73.70%', '9:54.70%']

Cluster round 4 completed, aggregated models from all the clients, time past : 4500msec, loss : 1.24, accuracy 57.28%
Accuracy per label : ['0:60.10%', '1:71.10%', '2:32.80%', '3:38.00%', '4:56.90%', '5:48.90%', '6:70.20%', '7:67.10%', '8:72.40%', '9:55.30%']

Cluster round 5 completed, aggregated models from all the clients, time past : 5600msec, loss : 1.25, accuracy 57.63%
Accuracy per label : ['0:61.70%', '1:70.50%', '2:34.40%', '3:38.10%', '4:55.80%', '5:49.10%', '6:70.80%', '7:67.40%', '8:73.60%', '9:54.90%']

Before aggregation, loss : 1.31, accuracy : 57.85%
Before aggregation, accuracy per label : ['0:61.40%', '1:72.40%', '2:45.90%', '3:37.40%', '4:47.00%', '5:47.60%', '6:71.30%', '7:60.60%', '8:74.90%', '9:60.00%']
Aggregation to central server completed at central server round 250, loss : 1.29, accuracy: 57.94%, staleness : 6
Accuracy per label after aggregation : ['0:61.50%', '1:73.10%', '2:44.30%', '3:37.30%', '4:48.10%', '5:48.00%', '6:71.50%', '7:61.00%', '8:74.80%', '9:59.80%']

-----------------------------------------------------

Central server round 57 started
Model sent from central server with 100msec communication time, with loss :1.29, accuracy : 57.94%
Accuracy per label : ['0:61.50%', '1:73.10%', '2:44.30%', '3:37.30%', '4:48.10%', '5:48.00%', '6:71.50%', '7:61.00%', '8:74.80%', '9:59.80%']
The model is from round 52 from central server, staleness is 4

Cluster round 1 completed, aggregated models from all the clients, time past : 1200msec, loss : 1.21, accuracy 57.48%
Accuracy per label : ['0:59.40%', '1:72.90%', '2:33.40%', '3:35.30%', '4:57.90%', '5:46.70%', '6:70.20%', '7:72.40%', '8:74.70%', '9:51.90%']

Cluster round 2 completed, aggregated models from all the clients, time past : 2300msec, loss : 1.21, accuracy 57.95%
Accuracy per label : ['0:59.90%', '1:71.10%', '2:34.30%', '3:38.60%', '4:56.90%', '5:46.30%', '6:69.20%', '7:72.40%', '8:76.00%', '9:54.80%']

Cluster round 3 completed, aggregated models from all the clients, time past : 3400msec, loss : 1.22, accuracy 58.20%
Accuracy per label : ['0:61.30%', '1:71.70%', '2:35.30%', '3:38.60%', '4:57.70%', '5:48.40%', '6:71.70%', '7:67.80%', '8:75.20%', '9:54.30%']

Cluster round 4 completed, aggregated models from all the clients, time past : 4500msec, loss : 1.24, accuracy 58.39%
Accuracy per label : ['0:63.50%', '1:72.70%', '2:34.50%', '3:37.40%', '4:58.20%', '5:49.40%', '6:71.30%', '7:67.90%', '8:73.00%', '9:56.00%']

Cluster round 5 completed, aggregated models from all the clients, time past : 5600msec, loss : 1.27, accuracy 58.46%
Accuracy per label : ['0:63.90%', '1:73.20%', '2:35.30%', '3:36.90%', '4:56.70%', '5:48.60%', '6:72.90%', '7:67.70%', '8:73.30%', '9:56.10%']

Before aggregation, loss : 1.37, accuracy : 57.65%
Before aggregation, accuracy per label : ['0:61.80%', '1:73.10%', '2:43.80%', '3:37.90%', '4:46.40%', '5:47.70%', '6:71.60%', '7:60.50%', '8:74.10%', '9:59.60%']
Aggregation to central server completed at central server round 250, loss : 1.34, accuracy: 58.15%, staleness : 4
Accuracy per label after aggregation : ['0:62.20%', '1:73.90%', '2:43.30%', '3:37.60%', '4:48.60%', '5:47.50%', '6:71.90%', '7:62.30%', '8:74.30%', '9:59.90%']

-----------------------------------------------------

Central server round 63 started
Model sent from central server with 100msec communication time, with loss :1.34, accuracy : 58.15%
Accuracy per label : ['0:62.20%', '1:73.90%', '2:43.30%', '3:37.60%', '4:48.60%', '5:47.50%', '6:71.90%', '7:62.30%', '8:74.30%', '9:59.90%']
The model is from round 57 from central server, staleness is 5

Cluster round 1 completed, aggregated models from all the clients, time past : 1200msec, loss : 1.20, accuracy 58.18%
Accuracy per label : ['0:60.00%', '1:72.40%', '2:35.50%', '3:34.80%', '4:60.60%', '5:46.80%', '6:71.40%', '7:70.60%', '8:73.90%', '9:55.80%']

Cluster round 2 completed, aggregated models from all the clients, time past : 2300msec, loss : 1.22, accuracy 58.35%
Accuracy per label : ['0:61.00%', '1:74.10%', '2:34.90%', '3:35.90%', '4:58.50%', '5:49.20%', '6:71.80%', '7:70.20%', '8:74.30%', '9:53.60%']

Cluster round 3 completed, aggregated models from all the clients, time past : 3400msec, loss : 1.24, accuracy 58.71%
Accuracy per label : ['0:62.30%', '1:74.30%', '2:35.80%', '3:35.90%', '4:59.90%', '5:48.90%', '6:72.70%', '7:68.40%', '8:73.60%', '9:55.30%']

Cluster round 4 completed, aggregated models from all the clients, time past : 4500msec, loss : 1.26, accuracy 58.70%
Accuracy per label : ['0:63.30%', '1:73.60%', '2:34.10%', '3:36.70%', '4:59.30%', '5:50.00%', '6:72.00%', '7:66.70%', '8:74.30%', '9:57.00%']

Cluster round 5 completed, aggregated models from all the clients, time past : 5600msec, loss : 1.31, accuracy 58.78%
Accuracy per label : ['0:63.80%', '1:73.50%', '2:34.30%', '3:37.00%', '4:59.20%', '5:49.90%', '6:73.90%', '7:64.80%', '8:73.70%', '9:57.70%']

Before aggregation, loss : 1.39, accuracy : 58.11%
Before aggregation, accuracy per label : ['0:59.60%', '1:76.40%', '2:44.50%', '3:35.10%', '4:50.00%', '5:50.50%', '6:70.90%', '7:61.20%', '8:76.50%', '9:56.40%']
Aggregation to central server completed at central server round 250, loss : 1.36, accuracy: 58.49%, staleness : 5
Accuracy per label after aggregation : ['0:60.40%', '1:76.30%', '2:43.90%', '3:35.60%', '4:52.20%', '5:50.00%', '6:71.20%', '7:62.00%', '8:76.50%', '9:56.80%']

-----------------------------------------------------

Central server round 69 started
Model sent from central server with 100msec communication time, with loss :1.36, accuracy : 58.49%
Accuracy per label : ['0:60.40%', '1:76.30%', '2:43.90%', '3:35.60%', '4:52.20%', '5:50.00%', '6:71.20%', '7:62.00%', '8:76.50%', '9:56.80%']
The model is from round 63 from central server, staleness is 5

Cluster round 1 completed, aggregated models from all the clients, time past : 1200msec, loss : 1.20, accuracy 58.59%
Accuracy per label : ['0:59.50%', '1:73.20%', '2:35.40%', '3:33.70%', '4:62.40%', '5:51.80%', '6:70.30%', '7:69.40%', '8:74.80%', '9:55.40%']

Cluster round 2 completed, aggregated models from all the clients, time past : 2300msec, loss : 1.22, accuracy 59.04%
Accuracy per label : ['0:62.60%', '1:74.20%', '2:36.40%', '3:37.10%', '4:58.80%', '5:47.80%', '6:75.20%', '7:68.20%', '8:73.90%', '9:56.20%']

Cluster round 3 completed, aggregated models from all the clients, time past : 3400msec, loss : 1.24, accuracy 59.13%
Accuracy per label : ['0:63.10%', '1:74.30%', '2:36.80%', '3:36.00%', '4:62.70%', '5:49.50%', '6:71.30%', '7:66.20%', '8:74.70%', '9:56.70%']

Cluster round 4 completed, aggregated models from all the clients, time past : 4500msec, loss : 1.28, accuracy 59.17%
Accuracy per label : ['0:63.90%', '1:74.50%', '2:37.10%', '3:36.60%', '4:60.30%', '5:48.00%', '6:73.70%', '7:65.90%', '8:75.00%', '9:56.70%']

Cluster round 5 completed, aggregated models from all the clients, time past : 5600msec, loss : 1.33, accuracy 59.19%
Accuracy per label : ['0:64.80%', '1:74.20%', '2:37.30%', '3:37.10%', '4:58.90%', '5:50.50%', '6:74.40%', '7:65.20%', '8:73.10%', '9:56.40%']

Before aggregation, loss : 1.40, accuracy : 59.36%
Before aggregation, accuracy per label : ['0:63.80%', '1:76.80%', '2:46.50%', '3:39.70%', '4:49.70%', '5:49.30%', '6:71.30%', '7:61.30%', '8:74.10%', '9:61.10%']
Aggregation to central server completed at central server round 250, loss : 1.38, accuracy: 59.66%, staleness : 5
Accuracy per label after aggregation : ['0:63.90%', '1:76.10%', '2:46.10%', '3:39.00%', '4:52.30%', '5:49.40%', '6:71.70%', '7:62.00%', '8:74.70%', '9:61.40%']

-----------------------------------------------------

Central server round 75 started
Model sent from central server with 100msec communication time, with loss :1.38, accuracy : 59.66%
Accuracy per label : ['0:63.90%', '1:76.10%', '2:46.10%', '3:39.00%', '4:52.30%', '5:49.40%', '6:71.70%', '7:62.00%', '8:74.70%', '9:61.40%']
The model is from round 69 from central server, staleness is 5

Cluster round 1 completed, aggregated models from all the clients, time past : 1200msec, loss : 1.19, accuracy 59.22%
Accuracy per label : ['0:61.50%', '1:72.30%', '2:39.00%', '3:34.90%', '4:62.10%', '5:50.20%', '6:71.70%', '7:68.40%', '8:74.90%', '9:57.20%']

Cluster round 2 completed, aggregated models from all the clients, time past : 2300msec, loss : 1.23, accuracy 59.36%
Accuracy per label : ['0:62.50%', '1:74.60%', '2:35.60%', '3:34.20%', '4:60.80%', '5:51.20%', '6:73.90%', '7:68.80%', '8:74.60%', '9:57.40%']

Cluster round 3 completed, aggregated models from all the clients, time past : 3400msec, loss : 1.27, accuracy 59.36%
Accuracy per label : ['0:62.90%', '1:75.00%', '2:37.40%', '3:36.70%', '4:61.60%', '5:47.20%', '6:75.30%', '7:65.80%', '8:75.70%', '9:56.00%']

Cluster round 4 completed, aggregated models from all the clients, time past : 4500msec, loss : 1.31, accuracy 59.56%
Accuracy per label : ['0:62.80%', '1:74.10%', '2:37.30%', '3:35.20%', '4:63.60%', '5:49.20%', '6:72.10%', '7:67.00%', '8:75.80%', '9:58.50%']

Cluster round 5 completed, aggregated models from all the clients, time past : 5600msec, loss : 1.35, accuracy 59.68%
Accuracy per label : ['0:61.90%', '1:73.40%', '2:38.80%', '3:37.30%', '4:61.50%', '5:48.90%', '6:73.40%', '7:66.50%', '8:75.60%', '9:59.50%']

Before aggregation, loss : 1.42, accuracy : 59.90%
Before aggregation, accuracy per label : ['0:64.70%', '1:75.30%', '2:45.20%', '3:39.50%', '4:51.20%', '5:49.70%', '6:71.70%', '7:64.40%', '8:75.10%', '9:62.20%']
Aggregation to central server completed at central server round 250, loss : 1.40, accuracy: 60.15%, staleness : 5
Accuracy per label after aggregation : ['0:64.60%', '1:75.50%', '2:45.20%', '3:39.20%', '4:52.90%', '5:49.30%', '6:71.80%', '7:64.70%', '8:75.70%', '9:62.60%']

-----------------------------------------------------

Central server round 82 started
Model sent from central server with 100msec communication time, with loss :1.40, accuracy : 60.15%
Accuracy per label : ['0:64.60%', '1:75.50%', '2:45.20%', '3:39.20%', '4:52.90%', '5:49.30%', '6:71.80%', '7:64.70%', '8:75.70%', '9:62.60%']
The model is from round 75 from central server, staleness is 6

Cluster round 1 completed, aggregated models from all the clients, time past : 1200msec, loss : 1.21, accuracy 59.14%
Accuracy per label : ['0:59.50%', '1:74.60%', '2:39.10%', '3:34.50%', '4:64.90%', '5:48.70%', '6:73.00%', '7:66.60%', '8:75.60%', '9:54.90%']

Cluster round 2 completed, aggregated models from all the clients, time past : 2300msec, loss : 1.23, accuracy 59.55%
Accuracy per label : ['0:61.50%', '1:74.40%', '2:37.70%', '3:35.60%', '4:61.10%', '5:50.20%', '6:73.30%', '7:67.60%', '8:76.30%', '9:57.80%']

Cluster round 3 completed, aggregated models from all the clients, time past : 3400msec, loss : 1.27, accuracy 59.77%
Accuracy per label : ['0:62.10%', '1:73.70%', '2:39.50%', '3:35.80%', '4:61.20%', '5:50.80%', '6:72.70%', '7:67.20%', '8:76.10%', '9:58.60%']

Cluster round 4 completed, aggregated models from all the clients, time past : 4500msec, loss : 1.33, accuracy 59.81%
Accuracy per label : ['0:62.40%', '1:73.20%', '2:38.30%', '3:37.70%', '4:61.60%', '5:49.70%', '6:72.90%', '7:66.40%', '8:77.10%', '9:58.80%']

Cluster round 5 completed, aggregated models from all the clients, time past : 5600msec, loss : 1.37, accuracy 59.88%
Accuracy per label : ['0:63.80%', '1:71.70%', '2:40.30%', '3:37.80%', '4:60.80%', '5:52.20%', '6:73.30%', '7:65.10%', '8:75.80%', '9:58.00%']

Before aggregation, loss : 1.47, accuracy : 60.99%
Before aggregation, accuracy per label : ['0:66.20%', '1:74.30%', '2:45.30%', '3:40.10%', '4:55.90%', '5:50.50%', '6:70.90%', '7:67.00%', '8:74.90%', '9:64.80%']
Aggregation to central server completed at central server round 250, loss : 1.44, accuracy: 60.99%, staleness : 6
Accuracy per label after aggregation : ['0:66.10%', '1:75.00%', '2:45.60%', '3:39.60%', '4:56.50%', '5:49.70%', '6:70.70%', '7:66.70%', '8:75.50%', '9:64.50%']

-----------------------------------------------------

Central server round 86 started
Model sent from central server with 100msec communication time, with loss :1.44, accuracy : 60.99%
Accuracy per label : ['0:66.10%', '1:75.00%', '2:45.60%', '3:39.60%', '4:56.50%', '5:49.70%', '6:70.70%', '7:66.70%', '8:75.50%', '9:64.50%']
The model is from round 82 from central server, staleness is 3

Cluster round 1 completed, aggregated models from all the clients, time past : 1200msec, loss : 1.22, accuracy 59.17%
Accuracy per label : ['0:60.30%', '1:76.70%', '2:38.10%', '3:33.60%', '4:68.70%', '5:45.80%', '6:72.90%', '7:65.20%', '8:76.40%', '9:54.00%']

Cluster round 2 completed, aggregated models from all the clients, time past : 2300msec, loss : 1.24, accuracy 60.35%
Accuracy per label : ['0:63.20%', '1:75.00%', '2:38.30%', '3:38.20%', '4:63.20%', '5:49.70%', '6:71.50%', '7:69.50%', '8:75.00%', '9:59.90%']

Cluster round 3 completed, aggregated models from all the clients, time past : 3400msec, loss : 1.29, accuracy 60.35%
Accuracy per label : ['0:62.70%', '1:73.30%', '2:39.50%', '3:38.10%', '4:61.10%', '5:49.40%', '6:73.30%', '7:69.10%', '8:77.40%', '9:59.60%']

Cluster round 4 completed, aggregated models from all the clients, time past : 4500msec, loss : 1.34, accuracy 60.19%
Accuracy per label : ['0:62.40%', '1:73.70%', '2:40.90%', '3:40.90%', '4:61.50%', '5:48.40%', '6:71.80%', '7:66.60%', '8:76.60%', '9:59.10%']

Cluster round 5 completed, aggregated models from all the clients, time past : 5600msec, loss : 1.39, accuracy 60.46%
Accuracy per label : ['0:62.40%', '1:72.00%', '2:41.20%', '3:39.30%', '4:63.30%', '5:51.70%', '6:71.30%', '7:65.40%', '8:77.70%', '9:60.30%']

Before aggregation, loss : 1.61, accuracy : 60.48%
Before aggregation, accuracy per label : ['0:65.80%', '1:72.90%', '2:43.90%', '3:38.80%', '4:57.30%', '5:50.20%', '6:69.70%', '7:66.00%', '8:75.50%', '9:64.70%']
Aggregation to central server completed at central server round 250, loss : 1.54, accuracy: 60.65%, staleness : 3
Accuracy per label after aggregation : ['0:66.00%', '1:73.50%', '2:44.00%', '3:39.00%', '4:58.00%', '5:49.40%', '6:70.50%', '7:66.20%', '8:76.00%', '9:63.90%']

-----------------------------------------------------

Central server round 92 started
Model sent from central server with 100msec communication time, with loss :1.54, accuracy : 60.65%
Accuracy per label : ['0:66.00%', '1:73.50%', '2:44.00%', '3:39.00%', '4:58.00%', '5:49.40%', '6:70.50%', '7:66.20%', '8:76.00%', '9:63.90%']
The model is from round 86 from central server, staleness is 5

Cluster round 1 completed, aggregated models from all the clients, time past : 1200msec, loss : 1.23, accuracy 59.55%
Accuracy per label : ['0:61.10%', '1:73.80%', '2:38.90%', '3:39.40%', '4:66.60%', '5:45.70%', '6:71.50%', '7:66.80%', '8:77.80%', '9:53.90%']

Cluster round 2 completed, aggregated models from all the clients, time past : 2300msec, loss : 1.28, accuracy 60.24%
Accuracy per label : ['0:62.70%', '1:75.70%', '2:40.00%', '3:36.40%', '4:63.00%', '5:51.80%', '6:72.90%', '7:66.10%', '8:76.40%', '9:57.40%']

Cluster round 3 completed, aggregated models from all the clients, time past : 3400msec, loss : 1.32, accuracy 60.44%
Accuracy per label : ['0:64.90%', '1:72.90%', '2:40.60%', '3:38.40%', '4:60.70%', '5:51.40%', '6:73.00%', '7:66.90%', '8:76.10%', '9:59.50%']

Cluster round 4 completed, aggregated models from all the clients, time past : 4500msec, loss : 1.37, accuracy 60.47%
Accuracy per label : ['0:63.80%', '1:72.20%', '2:41.40%', '3:37.30%', '4:59.20%', '5:53.00%', '6:73.70%', '7:66.50%', '8:76.30%', '9:61.30%']

Cluster round 5 completed, aggregated models from all the clients, time past : 5600msec, loss : 1.43, accuracy 60.30%
Accuracy per label : ['0:62.80%', '1:71.90%', '2:44.30%', '3:42.90%', '4:58.60%', '5:50.90%', '6:69.50%', '7:63.70%', '8:77.50%', '9:60.90%']

Before aggregation, loss : 1.57, accuracy : 61.06%
Before aggregation, accuracy per label : ['0:66.30%', '1:73.20%', '2:44.40%', '3:39.30%', '4:58.00%', '5:51.10%', '6:69.60%', '7:67.50%', '8:76.10%', '9:65.10%']
Aggregation to central server completed at central server round 250, loss : 1.54, accuracy: 61.03%, staleness : 5
Accuracy per label after aggregation : ['0:65.70%', '1:73.90%', '2:45.00%', '3:40.20%', '4:57.80%', '5:50.10%', '6:69.70%', '7:67.00%', '8:76.10%', '9:64.80%']

-----------------------------------------------------

Central server round 99 started
Model sent from central server with 100msec communication time, with loss :1.54, accuracy : 61.03%
Accuracy per label : ['0:65.70%', '1:73.90%', '2:45.00%', '3:40.20%', '4:57.80%', '5:50.10%', '6:69.70%', '7:67.00%', '8:76.10%', '9:64.80%']
The model is from round 92 from central server, staleness is 6

Cluster round 1 completed, aggregated models from all the clients, time past : 1200msec, loss : 1.25, accuracy 59.34%
Accuracy per label : ['0:62.20%', '1:74.80%', '2:37.50%', '3:35.40%', '4:69.40%', '5:45.20%', '6:73.40%', '7:64.10%', '8:77.40%', '9:54.00%']

Cluster round 2 completed, aggregated models from all the clients, time past : 2300msec, loss : 1.29, accuracy 60.48%
Accuracy per label : ['0:63.00%', '1:74.30%', '2:41.10%', '3:36.60%', '4:63.70%', '5:50.50%', '6:72.20%', '7:66.80%', '8:77.70%', '9:58.90%']

Cluster round 3 completed, aggregated models from all the clients, time past : 3400msec, loss : 1.35, accuracy 60.20%
Accuracy per label : ['0:63.40%', '1:74.10%', '2:40.40%', '3:35.70%', '4:64.60%', '5:51.80%', '6:72.30%', '7:65.40%', '8:75.90%', '9:58.40%']

Cluster round 4 completed, aggregated models from all the clients, time past : 4500msec, loss : 1.39, accuracy 60.40%
Accuracy per label : ['0:63.30%', '1:71.00%', '2:41.80%', '3:35.30%', '4:62.00%', '5:54.50%', '6:71.80%', '7:63.80%', '8:75.70%', '9:64.80%']

Cluster round 5 completed, aggregated models from all the clients, time past : 5600msec, loss : 1.44, accuracy 60.15%
Accuracy per label : ['0:62.20%', '1:73.30%', '2:42.80%', '3:38.40%', '4:59.80%', '5:51.20%', '6:70.00%', '7:66.00%', '8:77.10%', '9:60.70%']

Before aggregation, loss : 1.56, accuracy : 61.46%
Before aggregation, accuracy per label : ['0:66.10%', '1:74.00%', '2:45.50%', '3:39.50%', '4:58.50%', '5:50.50%', '6:69.70%', '7:68.60%', '8:76.50%', '9:65.70%']
Aggregation to central server completed at central server round 250, loss : 1.53, accuracy: 61.58%, staleness : 6
Accuracy per label after aggregation : ['0:65.70%', '1:74.00%', '2:45.00%', '3:39.80%', '4:59.20%', '5:50.50%', '6:70.10%', '7:68.60%', '8:77.20%', '9:65.70%']

-----------------------------------------------------

Central server round 105 started
Model sent from central server with 100msec communication time, with loss :1.53, accuracy : 61.58%
Accuracy per label : ['0:65.70%', '1:74.00%', '2:45.00%', '3:39.80%', '4:59.20%', '5:50.50%', '6:70.10%', '7:68.60%', '8:77.20%', '9:65.70%']
The model is from round 99 from central server, staleness is 5

Cluster round 1 completed, aggregated models from all the clients, time past : 1200msec, loss : 1.25, accuracy 58.97%
Accuracy per label : ['0:62.30%', '1:72.20%', '2:39.10%', '3:34.30%', '4:70.40%', '5:45.80%', '6:70.70%', '7:62.30%', '8:77.10%', '9:55.50%']

Cluster round 2 completed, aggregated models from all the clients, time past : 2300msec, loss : 1.29, accuracy 60.87%
Accuracy per label : ['0:63.40%', '1:73.90%', '2:41.20%', '3:38.40%', '4:61.20%', '5:48.50%', '6:75.40%', '7:69.10%', '8:77.30%', '9:60.30%']

Cluster round 3 completed, aggregated models from all the clients, time past : 3400msec, loss : 1.35, accuracy 60.99%
Accuracy per label : ['0:64.30%', '1:72.30%', '2:44.10%', '3:39.00%', '4:61.00%', '5:48.70%', '6:76.30%', '7:66.40%', '8:76.70%', '9:61.10%']

Cluster round 4 completed, aggregated models from all the clients, time past : 4500msec, loss : 1.40, accuracy 60.72%
Accuracy per label : ['0:64.50%', '1:72.30%', '2:40.50%', '3:38.50%', '4:62.40%', '5:51.70%', '6:73.60%', '7:67.00%', '8:76.50%', '9:60.20%']

Cluster round 5 completed, aggregated models from all the clients, time past : 5600msec, loss : 1.45, accuracy 60.81%
Accuracy per label : ['0:63.30%', '1:72.50%', '2:45.30%', '3:37.90%', '4:59.20%', '5:52.00%', '6:73.30%', '7:65.80%', '8:78.40%', '9:60.40%']

Before aggregation, loss : 1.75, accuracy : 61.01%
Before aggregation, accuracy per label : ['0:66.70%', '1:72.80%', '2:43.70%', '3:40.70%', '4:57.40%', '5:49.10%', '6:69.40%', '7:68.10%', '8:76.00%', '9:66.20%']
Aggregation to central server completed at central server round 250, loss : 1.69, accuracy: 61.41%, staleness : 5
Accuracy per label after aggregation : ['0:67.00%', '1:72.80%', '2:44.90%', '3:40.80%', '4:57.40%', '5:49.30%', '6:70.20%', '7:68.60%', '8:76.50%', '9:66.60%']

-----------------------------------------------------

Central server round 111 started
Model sent from central server with 100msec communication time, with loss :1.69, accuracy : 61.41%
Accuracy per label : ['0:67.00%', '1:72.80%', '2:44.90%', '3:40.80%', '4:57.40%', '5:49.30%', '6:70.20%', '7:68.60%', '8:76.50%', '9:66.60%']
The model is from round 105 from central server, staleness is 5

Cluster round 1 completed, aggregated models from all the clients, time past : 1200msec, loss : 1.26, accuracy 58.76%
Accuracy per label : ['0:56.50%', '1:73.80%', '2:41.00%', '3:38.30%', '4:70.30%', '5:40.90%', '6:68.80%', '7:68.20%', '8:78.60%', '9:51.20%']

Cluster round 2 completed, aggregated models from all the clients, time past : 2300msec, loss : 1.31, accuracy 60.78%
Accuracy per label : ['0:64.00%', '1:74.60%', '2:41.00%', '3:36.80%', '4:64.70%', '5:50.70%', '6:72.10%', '7:66.80%', '8:77.10%', '9:60.00%']

Cluster round 3 completed, aggregated models from all the clients, time past : 3400msec, loss : 1.36, accuracy 60.92%
Accuracy per label : ['0:65.70%', '1:73.90%', '2:44.00%', '3:39.80%', '4:59.80%', '5:50.90%', '6:72.60%', '7:65.40%', '8:75.00%', '9:62.10%']

Cluster round 4 completed, aggregated models from all the clients, time past : 4500msec, loss : 1.41, accuracy 60.76%
Accuracy per label : ['0:63.20%', '1:70.70%', '2:42.60%', '3:38.80%', '4:61.00%', '5:51.90%', '6:73.10%', '7:65.10%', '8:78.10%', '9:63.10%']

Cluster round 5 completed, aggregated models from all the clients, time past : 5600msec, loss : 1.47, accuracy 60.85%
Accuracy per label : ['0:66.50%', '1:72.30%', '2:43.50%', '3:39.40%', '4:57.70%', '5:52.90%', '6:73.10%', '7:65.80%', '8:74.60%', '9:62.70%']

Before aggregation, loss : 1.81, accuracy : 61.37%
Before aggregation, accuracy per label : ['0:67.80%', '1:72.80%', '2:44.50%', '3:40.90%', '4:57.60%', '5:49.40%', '6:69.80%', '7:68.00%', '8:76.10%', '9:66.80%']
Aggregation to central server completed at central server round 250, loss : 1.75, accuracy: 61.64%, staleness : 5
Accuracy per label after aggregation : ['0:68.20%', '1:72.80%', '2:45.00%', '3:40.80%', '4:58.10%', '5:49.20%', '6:70.30%', '7:68.70%', '8:76.10%', '9:67.20%']

-----------------------------------------------------

Central server round 117 started
Model sent from central server with 100msec communication time, with loss :1.75, accuracy : 61.64%
Accuracy per label : ['0:68.20%', '1:72.80%', '2:45.00%', '3:40.80%', '4:58.10%', '5:49.20%', '6:70.30%', '7:68.70%', '8:76.10%', '9:67.20%']
The model is from round 111 from central server, staleness is 5

Cluster round 1 completed, aggregated models from all the clients, time past : 1200msec, loss : 1.26, accuracy 58.85%
Accuracy per label : ['0:57.90%', '1:75.60%', '2:42.40%', '3:34.30%', '4:69.20%', '5:43.60%', '6:69.10%', '7:67.90%', '8:77.60%', '9:50.90%']

Cluster round 2 completed, aggregated models from all the clients, time past : 2300msec, loss : 1.32, accuracy 61.20%
Accuracy per label : ['0:66.60%', '1:77.00%', '2:41.10%', '3:37.30%', '4:65.80%', '5:50.30%', '6:71.70%', '7:67.70%', '8:75.00%', '9:59.50%']

Cluster round 3 completed, aggregated models from all the clients, time past : 3400msec, loss : 1.38, accuracy 61.15%
Accuracy per label : ['0:64.60%', '1:71.50%', '2:42.20%', '3:40.40%', '4:64.00%', '5:50.60%', '6:71.70%', '7:65.40%', '8:78.60%', '9:62.50%']

Cluster round 4 completed, aggregated models from all the clients, time past : 4500msec, loss : 1.43, accuracy 61.06%
Accuracy per label : ['0:65.40%', '1:72.40%', '2:42.70%', '3:39.40%', '4:62.90%', '5:51.30%', '6:71.40%', '7:65.90%', '8:77.60%', '9:61.60%']

Cluster round 5 completed, aggregated models from all the clients, time past : 5600msec, loss : 1.48, accuracy 61.04%
Accuracy per label : ['0:65.50%', '1:74.90%', '2:44.80%', '3:41.30%', '4:56.60%', '5:51.70%', '6:73.70%', '7:64.50%', '8:75.70%', '9:61.70%']

Before aggregation, loss : 1.76, accuracy : 61.77%
Before aggregation, accuracy per label : ['0:68.10%', '1:73.50%', '2:45.10%', '3:39.80%', '4:58.00%', '5:50.10%', '6:70.60%', '7:68.80%', '8:76.00%', '9:67.70%']
Aggregation to central server completed at central server round 250, loss : 1.70, accuracy: 61.99%, staleness : 5
Accuracy per label after aggregation : ['0:67.70%', '1:74.20%', '2:45.50%', '3:40.10%', '4:58.80%', '5:50.20%', '6:71.30%', '7:68.80%', '8:76.40%', '9:66.90%']

-----------------------------------------------------

Central server round 122 started
Model sent from central server with 100msec communication time, with loss :1.70, accuracy : 61.99%
Accuracy per label : ['0:67.70%', '1:74.20%', '2:45.50%', '3:40.10%', '4:58.80%', '5:50.20%', '6:71.30%', '7:68.80%', '8:76.40%', '9:66.90%']
The model is from round 117 from central server, staleness is 4

Cluster round 1 completed, aggregated models from all the clients, time past : 1200msec, loss : 1.27, accuracy 58.91%
Accuracy per label : ['0:63.40%', '1:70.10%', '2:34.40%', '3:41.10%', '4:74.30%', '5:36.40%', '6:67.00%', '7:64.80%', '8:78.40%', '9:59.20%']

Cluster round 2 completed, aggregated models from all the clients, time past : 2300msec, loss : 1.34, accuracy 61.06%
Accuracy per label : ['0:64.20%', '1:75.00%', '2:42.00%', '3:35.10%', '4:62.00%', '5:52.10%', '6:73.00%', '7:68.70%', '8:75.60%', '9:62.90%']

Cluster round 3 completed, aggregated models from all the clients, time past : 3400msec, loss : 1.40, accuracy 61.02%
Accuracy per label : ['0:65.60%', '1:72.80%', '2:43.80%', '3:39.40%', '4:60.10%', '5:51.20%', '6:72.90%', '7:64.60%', '8:77.80%', '9:62.00%']

Cluster round 4 completed, aggregated models from all the clients, time past : 4500msec, loss : 1.44, accuracy 61.10%
Accuracy per label : ['0:62.30%', '1:75.40%', '2:47.60%', '3:40.80%', '4:58.60%', '5:52.40%', '6:71.70%', '7:65.40%', '8:76.10%', '9:60.70%']

Cluster round 5 completed, aggregated models from all the clients, time past : 5600msec, loss : 1.48, accuracy 61.49%
Accuracy per label : ['0:67.30%', '1:73.00%', '2:44.40%', '3:41.10%', '4:59.00%', '5:51.10%', '6:72.50%', '7:68.20%', '8:75.50%', '9:62.80%']

Before aggregation, loss : 1.79, accuracy : 61.84%
Before aggregation, accuracy per label : ['0:68.10%', '1:72.90%', '2:45.60%', '3:39.80%', '4:57.50%', '5:50.20%', '6:71.00%', '7:69.60%', '8:76.10%', '9:67.60%']
Aggregation to central server completed at central server round 250, loss : 1.72, accuracy: 62.09%, staleness : 4
Accuracy per label after aggregation : ['0:68.00%', '1:73.70%', '2:45.60%', '3:40.50%', '4:58.20%', '5:49.50%', '6:71.30%', '7:70.20%', '8:76.40%', '9:67.50%']

-----------------------------------------------------

Central server round 128 started
Model sent from central server with 100msec communication time, with loss :1.72, accuracy : 62.09%
Accuracy per label : ['0:68.00%', '1:73.70%', '2:45.60%', '3:40.50%', '4:58.20%', '5:49.50%', '6:71.30%', '7:70.20%', '8:76.40%', '9:67.50%']
The model is from round 122 from central server, staleness is 5

Cluster round 1 completed, aggregated models from all the clients, time past : 1200msec, loss : 1.29, accuracy 58.20%
Accuracy per label : ['0:66.50%', '1:73.00%', '2:32.70%', '3:39.90%', '4:72.30%', '5:32.60%', '6:72.40%', '7:55.80%', '8:78.40%', '9:58.40%']

Cluster round 2 completed, aggregated models from all the clients, time past : 2300msec, loss : 1.33, accuracy 61.45%
Accuracy per label : ['0:65.60%', '1:74.60%', '2:43.80%', '3:38.10%', '4:59.50%', '5:51.50%', '6:73.90%', '7:68.70%', '8:76.10%', '9:62.70%']

Cluster round 3 completed, aggregated models from all the clients, time past : 3400msec, loss : 1.41, accuracy 61.08%
Accuracy per label : ['0:68.30%', '1:74.00%', '2:43.90%', '3:35.90%', '4:61.00%', '5:51.50%', '6:73.00%', '7:65.30%', '8:75.30%', '9:62.60%']

Cluster round 4 completed, aggregated models from all the clients, time past : 4500msec, loss : 1.46, accuracy 61.21%
Accuracy per label : ['0:65.00%', '1:73.20%', '2:44.30%', '3:42.60%', '4:62.20%', '5:49.00%', '6:69.40%', '7:66.40%', '8:77.40%', '9:62.60%']

Cluster round 5 completed, aggregated models from all the clients, time past : 5600msec, loss : 1.48, accuracy 61.08%
Accuracy per label : ['0:66.90%', '1:77.90%', '2:45.80%', '3:39.30%', '4:51.30%', '5:56.20%', '6:74.30%', '7:68.00%', '8:72.90%', '9:58.20%']

Before aggregation, loss : 1.75, accuracy : 62.28%
Before aggregation, accuracy per label : ['0:68.80%', '1:73.50%', '2:45.60%', '3:40.90%', '4:58.20%', '5:50.60%', '6:70.90%', '7:70.30%', '8:76.10%', '9:67.90%']
Aggregation to central server completed at central server round 250, loss : 1.69, accuracy: 62.44%, staleness : 5
Accuracy per label after aggregation : ['0:68.40%', '1:74.80%', '2:45.90%', '3:41.50%', '4:58.60%', '5:50.00%', '6:71.50%', '7:69.90%', '8:76.00%', '9:67.80%']

-----------------------------------------------------

Central server round 135 started
Model sent from central server with 100msec communication time, with loss :1.69, accuracy : 62.44%
Accuracy per label : ['0:68.40%', '1:74.80%', '2:45.90%', '3:41.50%', '4:58.60%', '5:50.00%', '6:71.50%', '7:69.90%', '8:76.00%', '9:67.80%']
The model is from round 128 from central server, staleness is 6

Cluster round 1 completed, aggregated models from all the clients, time past : 1200msec, loss : 1.30, accuracy 58.17%
Accuracy per label : ['0:63.30%', '1:75.70%', '2:30.80%', '3:42.20%', '4:71.90%', '5:32.80%', '6:76.70%', '7:56.70%', '8:77.80%', '9:53.80%']

Cluster round 2 completed, aggregated models from all the clients, time past : 2300msec, loss : 1.34, accuracy 61.27%
Accuracy per label : ['0:67.80%', '1:71.40%', '2:44.00%', '3:38.30%', '4:63.40%', '5:49.80%', '6:71.00%', '7:66.00%', '8:78.70%', '9:62.30%']

Cluster round 3 completed, aggregated models from all the clients, time past : 3400msec, loss : 1.40, accuracy 61.33%
Accuracy per label : ['0:67.90%', '1:74.70%', '2:43.30%', '3:38.30%', '4:62.10%', '5:53.00%', '6:72.20%', '7:65.80%', '8:75.10%', '9:60.90%']

Cluster round 4 completed, aggregated models from all the clients, time past : 4500msec, loss : 1.46, accuracy 61.04%
Accuracy per label : ['0:64.00%', '1:75.10%', '2:46.40%', '3:39.60%', '4:60.10%', '5:52.40%', '6:74.40%', '7:63.70%', '8:75.00%', '9:59.70%']

Cluster round 5 completed, aggregated models from all the clients, time past : 5600msec, loss : 1.50, accuracy 61.07%
Accuracy per label : ['0:66.50%', '1:66.70%', '2:45.10%', '3:53.40%', '4:55.30%', '5:48.40%', '6:65.50%', '7:66.90%', '8:76.10%', '9:66.80%']

Before aggregation, loss : 1.77, accuracy : 62.59%
Before aggregation, accuracy per label : ['0:69.00%', '1:74.40%', '2:45.40%', '3:40.90%', '4:58.50%', '5:50.60%', '6:71.10%', '7:71.20%', '8:76.40%', '9:68.40%']
Aggregation to central server completed at central server round 250, loss : 1.72, accuracy: 62.63%, staleness : 6
Accuracy per label after aggregation : ['0:68.60%', '1:73.90%', '2:46.10%', '3:42.20%', '4:58.80%', '5:49.70%', '6:71.00%', '7:70.70%', '8:76.60%', '9:68.70%']

-----------------------------------------------------

Central server round 139 started
Model sent from central server with 100msec communication time, with loss :1.72, accuracy : 62.63%
Accuracy per label : ['0:68.60%', '1:73.90%', '2:46.10%', '3:42.20%', '4:58.80%', '5:49.70%', '6:71.00%', '7:70.70%', '8:76.60%', '9:68.70%']
The model is from round 135 from central server, staleness is 3

Cluster round 1 completed, aggregated models from all the clients, time past : 1200msec, loss : 1.32, accuracy 57.96%
Accuracy per label : ['0:64.30%', '1:78.00%', '2:31.30%', '3:39.50%', '4:72.70%', '5:31.10%', '6:75.50%', '7:57.20%', '8:76.90%', '9:53.10%']

Cluster round 2 completed, aggregated models from all the clients, time past : 2300msec, loss : 1.34, accuracy 61.72%
Accuracy per label : ['0:64.70%', '1:72.60%', '2:47.20%', '3:38.70%', '4:62.10%', '5:49.30%', '6:73.30%', '7:66.70%', '8:78.80%', '9:63.80%']

Cluster round 3 completed, aggregated models from all the clients, time past : 3400msec, loss : 1.41, accuracy 61.47%
Accuracy per label : ['0:65.00%', '1:71.80%', '2:45.30%', '3:39.80%', '4:60.20%', '5:52.00%', '6:72.00%', '7:66.20%', '8:78.60%', '9:63.80%']

Cluster round 4 completed, aggregated models from all the clients, time past : 4500msec, loss : 1.48, accuracy 61.36%
Accuracy per label : ['0:65.60%', '1:74.60%', '2:47.60%', '3:45.20%', '4:58.30%', '5:51.20%', '6:71.80%', '7:64.90%', '8:76.20%', '9:58.20%']

Cluster round 5 completed, aggregated models from all the clients, time past : 5600msec, loss : 1.50, accuracy 61.44%
Accuracy per label : ['0:64.30%', '1:74.10%', '2:46.00%', '3:41.90%', '4:58.00%', '5:53.50%', '6:72.00%', '7:66.10%', '8:76.30%', '9:62.20%']

Before aggregation, loss : 1.85, accuracy : 62.35%
Before aggregation, accuracy per label : ['0:68.80%', '1:73.40%', '2:45.00%', '3:41.60%', '4:58.20%', '5:49.80%', '6:71.30%', '7:70.70%', '8:75.80%', '9:68.90%']
Aggregation to central server completed at central server round 250, loss : 1.76, accuracy: 62.73%, staleness : 3
Accuracy per label after aggregation : ['0:68.10%', '1:74.60%', '2:45.00%', '3:42.70%', '4:59.10%', '5:49.90%', '6:71.80%', '7:70.40%', '8:76.80%', '9:68.90%']

-----------------------------------------------------

Central server round 145 started
Model sent from central server with 100msec communication time, with loss :1.76, accuracy : 62.73%
Accuracy per label : ['0:68.10%', '1:74.60%', '2:45.00%', '3:42.70%', '4:59.10%', '5:49.90%', '6:71.80%', '7:70.40%', '8:76.80%', '9:68.90%']
The model is from round 139 from central server, staleness is 5

Cluster round 1 completed, aggregated models from all the clients, time past : 1200msec, loss : 1.33, accuracy 58.08%
Accuracy per label : ['0:65.40%', '1:73.00%', '2:32.30%', '3:37.30%', '4:72.90%', '5:34.10%', '6:71.10%', '7:51.20%', '8:81.60%', '9:61.90%']

Cluster round 2 completed, aggregated models from all the clients, time past : 2300msec, loss : 1.37, accuracy 61.69%
Accuracy per label : ['0:65.80%', '1:71.80%', '2:44.50%', '3:40.40%', '4:60.40%', '5:49.30%', '6:73.80%', '7:67.80%', '8:77.60%', '9:65.50%']

Cluster round 3 completed, aggregated models from all the clients, time past : 3400msec, loss : 1.45, accuracy 61.55%
Accuracy per label : ['0:68.50%', '1:74.40%', '2:44.20%', '3:41.10%', '4:60.80%', '5:53.50%', '6:71.30%', '7:65.60%', '8:74.90%', '9:61.20%']

Cluster round 4 completed, aggregated models from all the clients, time past : 4500msec, loss : 1.50, accuracy 61.54%
Accuracy per label : ['0:67.10%', '1:73.90%', '2:47.40%', '3:42.90%', '4:58.30%', '5:49.90%', '6:72.00%', '7:65.40%', '8:75.60%', '9:62.90%']

Cluster round 5 completed, aggregated models from all the clients, time past : 5600msec, loss : 1.57, accuracy 61.05%
Accuracy per label : ['0:64.50%', '1:73.20%', '2:44.50%', '3:41.50%', '4:62.00%', '5:50.60%', '6:71.20%', '7:65.30%', '8:80.10%', '9:57.60%']

Before aggregation, loss : 1.79, accuracy : 62.76%
Before aggregation, accuracy per label : ['0:68.50%', '1:74.70%', '2:45.20%', '3:41.70%', '4:59.60%', '5:50.70%', '6:71.50%', '7:70.60%', '8:76.40%', '9:68.70%']
Aggregation to central server completed at central server round 250, loss : 1.75, accuracy: 62.83%, staleness : 5
Accuracy per label after aggregation : ['0:67.50%', '1:75.10%', '2:45.80%', '3:42.70%', '4:60.10%', '5:49.80%', '6:71.80%', '7:70.10%', '8:77.20%', '9:68.20%']

-----------------------------------------------------

Central server round 152 started
Model sent from central server with 100msec communication time, with loss :1.75, accuracy : 62.83%
Accuracy per label : ['0:67.50%', '1:75.10%', '2:45.80%', '3:42.70%', '4:60.10%', '5:49.80%', '6:71.80%', '7:70.10%', '8:77.20%', '9:68.20%']
The model is from round 145 from central server, staleness is 6

Cluster round 1 completed, aggregated models from all the clients, time past : 1200msec, loss : 1.36, accuracy 58.78%
Accuracy per label : ['0:68.30%', '1:71.90%', '2:35.70%', '3:37.00%', '4:72.80%', '5:29.00%', '6:74.60%', '7:58.40%', '8:79.70%', '9:60.40%']

Cluster round 2 completed, aggregated models from all the clients, time past : 2300msec, loss : 1.38, accuracy 61.70%
Accuracy per label : ['0:67.80%', '1:73.30%', '2:47.30%', '3:38.60%', '4:60.60%', '5:51.90%', '6:72.60%', '7:66.00%', '8:75.90%', '9:63.00%']

Cluster round 3 completed, aggregated models from all the clients, time past : 3400msec, loss : 1.47, accuracy 61.65%
Accuracy per label : ['0:66.70%', '1:69.50%', '2:47.30%', '3:42.10%', '4:57.70%', '5:52.10%', '6:71.20%', '7:65.70%', '8:78.50%', '9:65.70%']

Cluster round 4 completed, aggregated models from all the clients, time past : 4500msec, loss : 1.55, accuracy 60.28%
Accuracy per label : ['0:63.30%', '1:79.10%', '2:42.90%', '3:41.30%', '4:59.20%', '5:49.80%', '6:77.30%', '7:64.10%', '8:74.70%', '9:51.10%']

Cluster round 5 completed, aggregated models from all the clients, time past : 5600msec, loss : 1.55, accuracy 61.32%
Accuracy per label : ['0:68.70%', '1:74.40%', '2:45.70%', '3:39.80%', '4:59.00%', '5:52.70%', '6:70.40%', '7:66.20%', '8:74.40%', '9:61.90%']

Before aggregation, loss : 1.76, accuracy : 63.08%
Before aggregation, accuracy per label : ['0:68.80%', '1:75.10%', '2:47.10%', '3:41.50%', '4:60.00%', '5:50.70%', '6:71.30%', '7:70.60%', '8:76.80%', '9:68.90%']
Aggregation to central server completed at central server round 250, loss : 1.73, accuracy: 63.16%, staleness : 6
Accuracy per label after aggregation : ['0:69.10%', '1:75.40%', '2:46.70%', '3:41.70%', '4:60.40%', '5:50.40%', '6:72.20%', '7:70.40%', '8:76.70%', '9:68.60%']

-----------------------------------------------------

Central server round 158 started
Model sent from central server with 100msec communication time, with loss :1.73, accuracy : 63.16%
Accuracy per label : ['0:69.10%', '1:75.40%', '2:46.70%', '3:41.70%', '4:60.40%', '5:50.40%', '6:72.20%', '7:70.40%', '8:76.70%', '9:68.60%']
The model is from round 152 from central server, staleness is 5

Cluster round 1 completed, aggregated models from all the clients, time past : 1200msec, loss : 1.38, accuracy 59.29%
Accuracy per label : ['0:66.20%', '1:77.70%', '2:26.00%', '3:38.20%', '4:69.90%', '5:38.20%', '6:74.40%', '7:72.40%', '8:76.40%', '9:53.50%']

Cluster round 2 completed, aggregated models from all the clients, time past : 2300msec, loss : 1.40, accuracy 61.99%
Accuracy per label : ['0:67.30%', '1:72.00%', '2:47.70%', '3:42.70%', '4:60.70%', '5:50.40%', '6:71.80%', '7:67.50%', '8:75.60%', '9:64.20%']

Cluster round 3 completed, aggregated models from all the clients, time past : 3400msec, loss : 1.48, accuracy 61.08%
Accuracy per label : ['0:67.80%', '1:77.70%', '2:46.40%', '3:38.90%', '4:60.00%', '5:54.30%', '6:73.30%', '7:65.60%', '8:69.60%', '9:57.20%']

Cluster round 4 completed, aggregated models from all the clients, time past : 4500msec, loss : 1.50, accuracy 61.29%
Accuracy per label : ['0:66.80%', '1:75.10%', '2:47.00%', '3:40.60%', '4:61.30%', '5:51.50%', '6:71.70%', '7:63.30%', '8:76.00%', '9:59.60%']

Cluster round 5 completed, aggregated models from all the clients, time past : 5600msec, loss : 1.56, accuracy 61.80%
Accuracy per label : ['0:69.20%', '1:75.30%', '2:48.10%', '3:41.30%', '4:58.90%', '5:51.80%', '6:70.80%', '7:66.80%', '8:74.60%', '9:61.20%']

Before aggregation, loss : 1.94, accuracy : 62.82%
Before aggregation, accuracy per label : ['0:69.90%', '1:73.80%', '2:45.90%', '3:41.40%', '4:58.20%', '5:51.90%', '6:71.60%', '7:70.70%', '8:75.80%', '9:69.00%']
Aggregation to central server completed at central server round 250, loss : 1.88, accuracy: 62.88%, staleness : 5
Accuracy per label after aggregation : ['0:70.30%', '1:74.40%', '2:45.50%', '3:42.20%', '4:58.90%', '5:51.10%', '6:71.70%', '7:70.60%', '8:75.70%', '9:68.40%']

-----------------------------------------------------

Central server round 165 started
Model sent from central server with 100msec communication time, with loss :1.88, accuracy : 62.88%
Accuracy per label : ['0:70.30%', '1:74.40%', '2:45.50%', '3:42.20%', '4:58.90%', '5:51.10%', '6:71.70%', '7:70.60%', '8:75.70%', '9:68.40%']
The model is from round 158 from central server, staleness is 6

Cluster round 1 completed, aggregated models from all the clients, time past : 1200msec, loss : 1.27, accuracy 60.54%
Accuracy per label : ['0:68.40%', '1:73.50%', '2:44.30%', '3:35.40%', '4:65.60%', '5:51.60%', '6:67.70%', '7:67.60%', '8:67.10%', '9:64.20%']

Cluster round 2 completed, aggregated models from all the clients, time past : 2300msec, loss : 1.40, accuracy 61.70%
Accuracy per label : ['0:66.40%', '1:74.50%', '2:48.90%', '3:40.30%', '4:61.20%', '5:51.60%', '6:68.50%', '7:66.20%', '8:75.90%', '9:63.50%']

Cluster round 3 completed, aggregated models from all the clients, time past : 3400msec, loss : 1.49, accuracy 61.68%
Accuracy per label : ['0:67.40%', '1:75.90%', '2:46.80%', '3:42.70%', '4:58.50%', '5:50.50%', '6:71.70%', '7:66.10%', '8:75.80%', '9:61.40%']

Cluster round 4 completed, aggregated models from all the clients, time past : 4500msec, loss : 1.53, accuracy 61.85%
Accuracy per label : ['0:65.90%', '1:74.10%', '2:46.30%', '3:42.90%', '4:61.50%', '5:50.70%', '6:71.30%', '7:66.00%', '8:77.30%', '9:62.50%']

Cluster round 5 completed, aggregated models from all the clients, time past : 5600msec, loss : 1.58, accuracy 61.44%
Accuracy per label : ['0:68.50%', '1:73.00%', '2:43.70%', '3:41.20%', '4:59.10%', '5:51.60%', '6:72.00%', '7:66.50%', '8:73.80%', '9:65.00%']

Before aggregation, loss : 1.83, accuracy : 63.24%
Before aggregation, accuracy per label : ['0:69.10%', '1:74.60%', '2:46.60%', '3:40.50%', '4:58.90%', '5:52.50%', '6:72.80%', '7:71.50%', '8:76.80%', '9:69.10%']
Aggregation to central server completed at central server round 250, loss : 1.79, accuracy: 63.45%, staleness : 6
Accuracy per label after aggregation : ['0:69.40%', '1:75.00%', '2:46.90%', '3:41.30%', '4:59.50%', '5:52.30%', '6:72.90%', '7:71.60%', '8:76.40%', '9:69.20%']

-----------------------------------------------------

Central server round 169 started
Model sent from central server with 100msec communication time, with loss :1.79, accuracy : 63.45%
Accuracy per label : ['0:69.40%', '1:75.00%', '2:46.90%', '3:41.30%', '4:59.50%', '5:52.30%', '6:72.90%', '7:71.60%', '8:76.40%', '9:69.20%']
The model is from round 165 from central server, staleness is 3

Cluster round 1 completed, aggregated models from all the clients, time past : 1200msec, loss : 1.32, accuracy 59.93%
Accuracy per label : ['0:65.90%', '1:74.90%', '2:41.80%', '3:29.80%', '4:67.90%', '5:47.40%', '6:77.50%', '7:54.70%', '8:79.40%', '9:60.00%']

Cluster round 2 completed, aggregated models from all the clients, time past : 2300msec, loss : 1.42, accuracy 62.06%
Accuracy per label : ['0:69.00%', '1:74.00%', '2:45.10%', '3:42.40%', '4:61.40%', '5:51.60%', '6:72.50%', '7:66.20%', '8:75.90%', '9:62.50%']

Cluster round 3 completed, aggregated models from all the clients, time past : 3400msec, loss : 1.50, accuracy 62.03%
Accuracy per label : ['0:66.00%', '1:75.60%', '2:47.70%', '3:40.00%', '4:60.20%', '5:55.90%', '6:70.00%', '7:65.80%', '8:76.70%', '9:62.40%']

Cluster round 4 completed, aggregated models from all the clients, time past : 4500msec, loss : 1.52, accuracy 61.60%
Accuracy per label : ['0:67.70%', '1:75.60%', '2:46.10%', '3:42.30%', '4:60.70%', '5:49.60%', '6:74.60%', '7:63.70%', '8:74.40%', '9:61.30%']

Cluster round 5 completed, aggregated models from all the clients, time past : 5600msec, loss : 1.59, accuracy 61.88%
Accuracy per label : ['0:69.90%', '1:75.10%', '2:46.30%', '3:41.80%', '4:58.70%', '5:51.70%', '6:71.90%', '7:67.90%', '8:74.00%', '9:61.50%']

Before aggregation, loss : 1.92, accuracy : 63.17%
Before aggregation, accuracy per label : ['0:70.10%', '1:74.30%', '2:46.60%', '3:41.10%', '4:59.20%', '5:51.90%', '6:72.70%', '7:71.40%', '8:75.10%', '9:69.30%']
Aggregation to central server completed at central server round 250, loss : 1.84, accuracy: 63.31%, staleness : 3
Accuracy per label after aggregation : ['0:70.40%', '1:74.30%', '2:46.40%', '3:42.30%', '4:59.10%', '5:51.60%', '6:73.50%', '7:71.00%', '8:75.70%', '9:68.80%']

-----------------------------------------------------

Central server round 175 started
Model sent from central server with 100msec communication time, with loss :1.84, accuracy : 63.31%
Accuracy per label : ['0:70.40%', '1:74.30%', '2:46.40%', '3:42.30%', '4:59.10%', '5:51.60%', '6:73.50%', '7:71.00%', '8:75.70%', '9:68.80%']
The model is from round 169 from central server, staleness is 5

Cluster round 1 completed, aggregated models from all the clients, time past : 1200msec, loss : 1.41, accuracy 58.44%
Accuracy per label : ['0:65.50%', '1:76.10%', '2:37.30%', '3:33.10%', '4:73.70%', '5:33.30%', '6:74.20%', '7:53.40%', '8:79.20%', '9:58.60%']

Cluster round 2 completed, aggregated models from all the clients, time past : 2300msec, loss : 1.43, accuracy 62.00%
Accuracy per label : ['0:66.60%', '1:74.80%', '2:45.40%', '3:40.70%', '4:60.00%', '5:52.80%', '6:73.20%', '7:66.80%', '8:76.00%', '9:63.70%']

Cluster round 3 completed, aggregated models from all the clients, time past : 3400msec, loss : 1.51, accuracy 61.93%
Accuracy per label : ['0:69.10%', '1:74.50%', '2:45.30%', '3:44.20%', '4:58.90%', '5:50.10%', '6:72.50%', '7:67.50%', '8:74.10%', '9:63.10%']

Cluster round 4 completed, aggregated models from all the clients, time past : 4500msec, loss : 1.57, accuracy 61.82%
Accuracy per label : ['0:68.10%', '1:75.60%', '2:46.50%', '3:41.00%', '4:59.90%', '5:51.40%', '6:72.20%', '7:67.30%', '8:73.80%', '9:62.40%']

Cluster round 5 completed, aggregated models from all the clients, time past : 5600msec, loss : 1.58, accuracy 61.57%
Accuracy per label : ['0:67.50%', '1:75.20%', '2:44.40%', '3:42.40%', '4:58.50%', '5:50.30%', '6:72.90%', '7:66.80%', '8:74.80%', '9:62.90%']

Before aggregation, loss : 1.90, accuracy : 63.14%
Before aggregation, accuracy per label : ['0:70.00%', '1:74.30%', '2:46.30%', '3:42.20%', '4:58.50%', '5:51.40%', '6:72.40%', '7:71.60%', '8:75.40%', '9:69.30%']
Aggregation to central server completed at central server round 250, loss : 1.84, accuracy: 63.27%, staleness : 5
Accuracy per label after aggregation : ['0:69.70%', '1:74.90%', '2:46.60%', '3:42.90%', '4:59.50%', '5:50.80%', '6:72.80%', '7:71.00%', '8:75.40%', '9:69.10%']

-----------------------------------------------------

Central server round 182 started
Model sent from central server with 100msec communication time, with loss :1.84, accuracy : 63.27%
Accuracy per label : ['0:69.70%', '1:74.90%', '2:46.60%', '3:42.90%', '4:59.50%', '5:50.80%', '6:72.80%', '7:71.00%', '8:75.40%', '9:69.10%']
The model is from round 175 from central server, staleness is 6

Cluster round 1 completed, aggregated models from all the clients, time past : 1200msec, loss : 1.36, accuracy 59.29%
Accuracy per label : ['0:72.30%', '1:75.00%', '2:43.80%', '3:38.10%', '4:69.30%', '5:40.90%', '6:75.00%', '7:49.60%', '8:74.30%', '9:54.60%']

Cluster round 2 completed, aggregated models from all the clients, time past : 2300msec, loss : 1.45, accuracy 62.11%
Accuracy per label : ['0:66.80%', '1:76.70%', '2:46.10%', '3:41.90%', '4:59.30%', '5:53.00%', '6:74.30%', '7:66.30%', '8:75.20%', '9:61.50%']

Cluster round 3 completed, aggregated models from all the clients, time past : 3400msec, loss : 1.52, accuracy 62.06%
Accuracy per label : ['0:68.80%', '1:73.40%', '2:46.70%', '3:44.40%', '4:60.90%', '5:51.20%', '6:70.20%', '7:66.70%', '8:74.60%', '9:63.70%']

Cluster round 4 completed, aggregated models from all the clients, time past : 4500msec, loss : 1.56, accuracy 61.84%
Accuracy per label : ['0:67.90%', '1:74.60%', '2:43.60%', '3:42.80%', '4:58.90%', '5:53.00%', '6:72.30%', '7:67.50%', '8:74.20%', '9:63.60%']

Cluster round 5 completed, aggregated models from all the clients, time past : 5600msec, loss : 1.63, accuracy 61.70%
Accuracy per label : ['0:68.60%', '1:75.30%', '2:44.50%', '3:41.90%', '4:61.30%', '5:50.80%', '6:71.50%', '7:66.10%', '8:73.40%', '9:63.60%']

Before aggregation, loss : 1.83, accuracy : 63.48%
Before aggregation, accuracy per label : ['0:70.00%', '1:74.50%', '2:47.90%', '3:42.90%', '4:58.90%', '5:50.90%', '6:72.60%', '7:71.50%', '8:76.30%', '9:69.30%']
Aggregation to central server completed at central server round 250, loss : 1.79, accuracy: 63.49%, staleness : 6
Accuracy per label after aggregation : ['0:69.30%', '1:75.10%', '2:47.90%', '3:43.80%', '4:59.50%', '5:50.10%', '6:72.70%', '7:71.30%', '8:76.30%', '9:68.90%']

-----------------------------------------------------

Central server round 187 started
Model sent from central server with 100msec communication time, with loss :1.79, accuracy : 63.49%
Accuracy per label : ['0:69.30%', '1:75.10%', '2:47.90%', '3:43.80%', '4:59.50%', '5:50.10%', '6:72.70%', '7:71.30%', '8:76.30%', '9:68.90%']
The model is from round 182 from central server, staleness is 4

Cluster round 1 completed, aggregated models from all the clients, time past : 1200msec, loss : 1.37, accuracy 60.85%
Accuracy per label : ['0:67.30%', '1:72.20%', '2:44.10%', '3:42.40%', '4:60.70%', '5:42.50%', '6:75.60%', '7:67.60%', '8:80.20%', '9:55.90%']

Cluster round 2 completed, aggregated models from all the clients, time past : 2300msec, loss : 1.46, accuracy 62.07%
Accuracy per label : ['0:66.00%', '1:75.30%', '2:47.40%', '3:44.10%', '4:59.30%', '5:53.50%', '6:70.50%', '7:66.40%', '8:77.00%', '9:61.20%']

Cluster round 3 completed, aggregated models from all the clients, time past : 3400msec, loss : 1.56, accuracy 61.59%
Accuracy per label : ['0:68.40%', '1:73.70%', '2:44.90%', '3:42.80%', '4:67.60%', '5:50.40%', '6:70.60%', '7:62.10%', '8:73.80%', '9:61.60%']

Cluster round 4 completed, aggregated models from all the clients, time past : 4500msec, loss : 1.56, accuracy 61.16%
Accuracy per label : ['0:64.50%', '1:74.90%', '2:44.10%', '3:34.50%', '4:66.30%', '5:53.90%', '6:75.90%', '7:62.30%', '8:74.90%', '9:60.30%']

Cluster round 5 completed, aggregated models from all the clients, time past : 5600msec, loss : 1.62, accuracy 62.05%
Accuracy per label : ['0:70.80%', '1:74.10%', '2:47.10%', '3:42.00%', '4:57.10%', '5:51.80%', '6:72.10%', '7:68.10%', '8:73.60%', '9:63.80%']

Before aggregation, loss : 1.86, accuracy : 63.47%
Before aggregation, accuracy per label : ['0:70.40%', '1:74.40%', '2:47.70%', '3:42.70%', '4:58.50%', '5:51.50%', '6:73.30%', '7:71.10%', '8:75.80%', '9:69.30%']
Aggregation to central server completed at central server round 250, loss : 1.81, accuracy: 63.48%, staleness : 4
Accuracy per label after aggregation : ['0:70.60%', '1:74.90%', '2:47.70%', '3:42.60%', '4:59.10%', '5:51.00%', '6:73.10%', '7:71.40%', '8:75.70%', '9:68.70%']

-----------------------------------------------------

Central server round 193 started
Model sent from central server with 100msec communication time, with loss :1.81, accuracy : 63.48%
Accuracy per label : ['0:70.60%', '1:74.90%', '2:47.70%', '3:42.60%', '4:59.10%', '5:51.00%', '6:73.10%', '7:71.40%', '8:75.70%', '9:68.70%']
The model is from round 187 from central server, staleness is 5

Cluster round 1 completed, aggregated models from all the clients, time past : 1200msec, loss : 1.36, accuracy 61.33%
Accuracy per label : ['0:63.00%', '1:67.90%', '2:47.10%', '3:35.30%', '4:59.70%', '5:56.00%', '6:72.30%', '7:65.60%', '8:80.60%', '9:65.80%']

Cluster round 2 completed, aggregated models from all the clients, time past : 2300msec, loss : 1.48, accuracy 62.16%
Accuracy per label : ['0:66.90%', '1:75.70%', '2:45.80%', '3:43.00%', '4:60.20%', '5:49.90%', '6:70.40%', '7:70.20%', '8:75.90%', '9:63.60%']

Cluster round 3 completed, aggregated models from all the clients, time past : 3400msec, loss : 1.54, accuracy 62.23%
Accuracy per label : ['0:68.90%', '1:74.60%', '2:45.30%', '3:41.40%', '4:61.30%', '5:53.50%', '6:72.60%', '7:66.30%', '8:73.90%', '9:64.50%']

Cluster round 4 completed, aggregated models from all the clients, time past : 4500msec, loss : 1.60, accuracy 62.43%
Accuracy per label : ['0:70.10%', '1:74.60%', '2:46.00%', '3:42.60%', '4:60.20%', '5:52.50%', '6:73.40%', '7:67.50%', '8:73.60%', '9:63.80%']

Cluster round 5 completed, aggregated models from all the clients, time past : 5600msec, loss : 1.65, accuracy 62.29%
Accuracy per label : ['0:68.90%', '1:74.50%', '2:45.50%', '3:43.10%', '4:58.30%', '5:50.80%', '6:73.00%', '7:68.70%', '8:74.60%', '9:65.50%']

Before aggregation, loss : 1.87, accuracy : 63.55%
Before aggregation, accuracy per label : ['0:70.20%', '1:74.90%', '2:47.60%', '3:42.80%', '4:58.40%', '5:51.50%', '6:72.90%', '7:72.10%', '8:75.90%', '9:69.20%']
Aggregation to central server completed at central server round 250, loss : 1.83, accuracy: 63.52%, staleness : 5
Accuracy per label after aggregation : ['0:70.20%', '1:74.90%', '2:47.40%', '3:43.30%', '4:58.80%', '5:50.60%', '6:73.20%', '7:71.60%', '8:76.30%', '9:68.90%']

-----------------------------------------------------

Central server round 199 started
Model sent from central server with 100msec communication time, with loss :1.83, accuracy : 63.52%
Accuracy per label : ['0:70.20%', '1:74.90%', '2:47.40%', '3:43.30%', '4:58.80%', '5:50.60%', '6:73.20%', '7:71.60%', '8:76.30%', '9:68.90%']
The model is from round 193 from central server, staleness is 5

Cluster round 1 completed, aggregated models from all the clients, time past : 1200msec, loss : 1.37, accuracy 62.19%
Accuracy per label : ['0:65.60%', '1:71.80%', '2:45.70%', '3:38.40%', '4:58.30%', '5:52.30%', '6:75.40%', '7:68.80%', '8:79.40%', '9:66.20%']

Cluster round 2 completed, aggregated models from all the clients, time past : 2300msec, loss : 1.48, accuracy 62.39%
Accuracy per label : ['0:69.20%', '1:74.20%', '2:47.20%', '3:39.80%', '4:59.90%', '5:50.90%', '6:72.90%', '7:68.80%', '8:76.90%', '9:64.10%']

Cluster round 3 completed, aggregated models from all the clients, time past : 3400msec, loss : 1.55, accuracy 62.30%
Accuracy per label : ['0:68.70%', '1:74.30%', '2:49.60%', '3:40.10%', '4:58.50%', '5:52.40%', '6:71.40%', '7:68.30%', '8:73.20%', '9:66.50%']

Cluster round 4 completed, aggregated models from all the clients, time past : 4500msec, loss : 1.62, accuracy 62.34%
Accuracy per label : ['0:70.10%', '1:74.70%', '2:45.60%', '3:42.10%', '4:62.60%', '5:51.50%', '6:71.70%', '7:67.00%', '8:73.80%', '9:64.30%']

Cluster round 5 completed, aggregated models from all the clients, time past : 5600msec, loss : 1.66, accuracy 62.43%
Accuracy per label : ['0:69.90%', '1:74.00%', '2:46.30%', '3:43.00%', '4:57.60%', '5:52.00%', '6:73.50%', '7:68.60%', '8:73.80%', '9:65.60%']

Before aggregation, loss : 1.85, accuracy : 63.69%
Before aggregation, accuracy per label : ['0:70.60%', '1:74.20%', '2:48.70%', '3:43.20%', '4:59.00%', '5:50.20%', '6:73.10%', '7:72.40%', '8:76.10%', '9:69.40%']
Aggregation to central server completed at central server round 250, loss : 1.81, accuracy: 63.83%, staleness : 5
Accuracy per label after aggregation : ['0:70.30%', '1:75.10%', '2:48.70%', '3:43.50%', '4:59.20%', '5:50.30%', '6:73.60%', '7:72.30%', '8:76.00%', '9:69.30%']

-----------------------------------------------------

Central server round 204 started
Model sent from central server with 100msec communication time, with loss :1.81, accuracy : 63.83%
Accuracy per label : ['0:70.30%', '1:75.10%', '2:48.70%', '3:43.50%', '4:59.20%', '5:50.30%', '6:73.60%', '7:72.30%', '8:76.00%', '9:69.30%']
The model is from round 199 from central server, staleness is 4

Cluster round 1 completed, aggregated models from all the clients, time past : 1200msec, loss : 1.38, accuracy 61.93%
Accuracy per label : ['0:67.30%', '1:72.10%', '2:48.00%', '3:46.10%', '4:61.90%', '5:44.10%', '6:72.00%', '7:67.40%', '8:77.80%', '9:62.60%']

Cluster round 2 completed, aggregated models from all the clients, time past : 2300msec, loss : 1.50, accuracy 62.57%
Accuracy per label : ['0:67.50%', '1:72.80%', '2:45.90%', '3:41.10%', '4:61.20%', '5:50.70%', '6:74.30%', '7:68.60%', '8:77.70%', '9:65.90%']

Cluster round 3 completed, aggregated models from all the clients, time past : 3400msec, loss : 1.57, accuracy 62.33%
Accuracy per label : ['0:68.50%', '1:75.50%', '2:44.70%', '3:41.80%', '4:59.00%', '5:51.90%', '6:73.40%', '7:69.50%', '8:75.10%', '9:63.90%']

Cluster round 4 completed, aggregated models from all the clients, time past : 4500msec, loss : 1.63, accuracy 62.38%
Accuracy per label : ['0:71.00%', '1:74.40%', '2:44.60%', '3:42.40%', '4:62.80%', '5:51.90%', '6:71.10%', '7:68.00%', '8:73.20%', '9:64.40%']

Cluster round 5 completed, aggregated models from all the clients, time past : 5600msec, loss : 1.67, accuracy 62.32%
Accuracy per label : ['0:69.30%', '1:74.70%', '2:45.90%', '3:42.80%', '4:58.70%', '5:51.20%', '6:73.10%', '7:68.70%', '8:73.50%', '9:65.30%']

Before aggregation, loss : 1.92, accuracy : 63.60%
Before aggregation, accuracy per label : ['0:70.60%', '1:74.30%', '2:48.10%', '3:42.80%', '4:58.60%', '5:51.10%', '6:73.30%', '7:72.20%', '8:75.50%', '9:69.50%']
Aggregation to central server completed at central server round 250, loss : 1.87, accuracy: 63.53%, staleness : 4
Accuracy per label after aggregation : ['0:70.20%', '1:74.90%', '2:47.90%', '3:42.90%', '4:58.60%', '5:50.50%', '6:73.20%', '7:72.20%', '8:75.50%', '9:69.40%']

-----------------------------------------------------

Central server round 211 started
Model sent from central server with 100msec communication time, with loss :1.87, accuracy : 63.53%
Accuracy per label : ['0:70.20%', '1:74.90%', '2:47.90%', '3:42.90%', '4:58.60%', '5:50.50%', '6:73.20%', '7:72.20%', '8:75.50%', '9:69.40%']
The model is from round 204 from central server, staleness is 6

Cluster round 1 completed, aggregated models from all the clients, time past : 1200msec, loss : 1.37, accuracy 61.69%
Accuracy per label : ['0:67.90%', '1:67.70%', '2:42.10%', '3:36.90%', '4:65.10%', '5:54.20%', '6:71.40%', '7:67.00%', '8:77.20%', '9:67.40%']

Cluster round 2 completed, aggregated models from all the clients, time past : 2300msec, loss : 1.51, accuracy 62.45%
Accuracy per label : ['0:67.50%', '1:76.00%', '2:45.40%', '3:44.10%', '4:61.40%', '5:52.30%', '6:71.10%', '7:66.10%', '8:75.90%', '9:64.70%']

Cluster round 3 completed, aggregated models from all the clients, time past : 3400msec, loss : 1.59, accuracy 62.49%
Accuracy per label : ['0:69.70%', '1:75.50%', '2:46.00%', '3:40.80%', '4:61.70%', '5:52.00%', '6:72.50%', '7:67.20%', '8:74.60%', '9:64.90%']

Cluster round 4 completed, aggregated models from all the clients, time past : 4500msec, loss : 1.64, accuracy 62.50%
Accuracy per label : ['0:70.20%', '1:75.00%', '2:46.90%', '3:43.40%', '4:58.70%', '5:49.90%', '6:72.80%', '7:68.90%', '8:74.70%', '9:64.50%']

Cluster round 5 completed, aggregated models from all the clients, time past : 5600msec, loss : 1.68, accuracy 62.39%
Accuracy per label : ['0:69.00%', '1:74.40%', '2:47.70%', '3:43.50%', '4:56.00%', '5:50.30%', '6:73.00%', '7:68.80%', '8:74.70%', '9:66.50%']

Before aggregation, loss : 2.08, accuracy : 63.33%
Before aggregation, accuracy per label : ['0:71.00%', '1:74.30%', '2:46.40%', '3:42.40%', '4:58.60%', '5:51.60%', '6:72.50%', '7:71.70%', '8:75.10%', '9:69.70%']
Aggregation to central server completed at central server round 250, loss : 2.02, accuracy: 63.30%, staleness : 6
Accuracy per label after aggregation : ['0:70.60%', '1:74.30%', '2:46.80%', '3:42.60%', '4:58.20%', '5:51.20%', '6:72.70%', '7:71.70%', '8:75.20%', '9:69.70%']

-----------------------------------------------------

Central server round 218 started
Model sent from central server with 100msec communication time, with loss :2.02, accuracy : 63.30%
Accuracy per label : ['0:70.60%', '1:74.30%', '2:46.80%', '3:42.60%', '4:58.20%', '5:51.20%', '6:72.70%', '7:71.70%', '8:75.20%', '9:69.70%']
The model is from round 211 from central server, staleness is 6

Cluster round 1 completed, aggregated models from all the clients, time past : 1200msec, loss : 1.46, accuracy 56.82%
Accuracy per label : ['0:67.40%', '1:64.50%', '2:44.30%', '3:42.50%', '4:73.00%', '5:25.10%', '6:68.10%', '7:35.70%', '8:83.10%', '9:64.50%']

Cluster round 2 completed, aggregated models from all the clients, time past : 2300msec, loss : 1.44, accuracy 62.32%
Accuracy per label : ['0:71.20%', '1:74.70%', '2:45.00%', '3:41.30%', '4:59.50%', '5:51.30%', '6:73.50%', '7:68.60%', '8:74.20%', '9:63.90%']

Cluster round 3 completed, aggregated models from all the clients, time past : 3400msec, loss : 1.54, accuracy 62.34%
Accuracy per label : ['0:69.60%', '1:73.80%', '2:46.90%', '3:40.50%', '4:60.20%', '5:52.40%', '6:73.30%', '7:67.70%', '8:74.00%', '9:65.00%']

Cluster round 4 completed, aggregated models from all the clients, time past : 4500msec, loss : 1.60, accuracy 62.37%
Accuracy per label : ['0:69.50%', '1:73.70%', '2:46.20%', '3:41.70%', '4:57.80%', '5:53.20%', '6:73.20%', '7:68.50%', '8:74.10%', '9:65.80%']

Cluster round 5 completed, aggregated models from all the clients, time past : 5600msec, loss : 1.65, accuracy 62.51%
Accuracy per label : ['0:70.00%', '1:73.60%', '2:46.30%', '3:42.50%', '4:57.00%', '5:53.00%', '6:73.60%', '7:68.80%', '8:74.10%', '9:66.20%']

Before aggregation, loss : 1.92, accuracy : 63.65%
Before aggregation, accuracy per label : ['0:70.90%', '1:74.20%', '2:48.00%', '3:42.50%', '4:58.60%', '5:51.30%', '6:73.00%', '7:71.80%', '8:76.30%', '9:69.90%']
Aggregation to central server completed at central server round 250, loss : 1.88, accuracy: 63.66%, staleness : 6
Accuracy per label after aggregation : ['0:71.10%', '1:74.20%', '2:48.80%', '3:42.90%', '4:60.00%', '5:49.50%', '6:73.30%', '7:70.80%', '8:75.90%', '9:70.10%']

-----------------------------------------------------

Central server round 223 started
Model sent from central server with 100msec communication time, with loss :1.88, accuracy : 63.66%
Accuracy per label : ['0:71.10%', '1:74.20%', '2:48.80%', '3:42.90%', '4:60.00%', '5:49.50%', '6:73.30%', '7:70.80%', '8:75.90%', '9:70.10%']
The model is from round 218 from central server, staleness is 4

Cluster round 1 completed, aggregated models from all the clients, time past : 1200msec, loss : 1.35, accuracy 61.49%
Accuracy per label : ['0:72.20%', '1:70.40%', '2:44.10%', '3:39.40%', '4:52.30%', '5:55.50%', '6:68.60%', '7:68.50%', '8:74.90%', '9:69.00%']

Cluster round 2 completed, aggregated models from all the clients, time past : 2300msec, loss : 1.51, accuracy 62.53%
Accuracy per label : ['0:67.80%', '1:73.40%', '2:45.30%', '3:42.70%', '4:59.90%', '5:50.10%', '6:75.00%', '7:69.30%', '8:77.40%', '9:64.40%']

Cluster round 3 completed, aggregated models from all the clients, time past : 3400msec, loss : 1.59, accuracy 62.46%
Accuracy per label : ['0:69.90%', '1:75.00%', '2:45.20%', '3:41.80%', '4:61.60%', '5:52.10%', '6:72.00%', '7:67.00%', '8:75.50%', '9:64.50%']

Cluster round 4 completed, aggregated models from all the clients, time past : 4500msec, loss : 1.63, accuracy 62.45%
Accuracy per label : ['0:69.50%', '1:74.20%', '2:46.50%', '3:42.90%', '4:58.10%', '5:51.50%', '6:72.40%', '7:68.70%', '8:75.20%', '9:65.50%']

Cluster round 5 completed, aggregated models from all the clients, time past : 5600msec, loss : 1.68, accuracy 62.56%
Accuracy per label : ['0:68.50%', '1:74.10%', '2:47.60%', '3:43.00%', '4:56.40%', '5:51.40%', '6:73.20%', '7:69.60%', '8:75.70%', '9:66.10%']

Before aggregation, loss : 1.97, accuracy : 63.57%
Before aggregation, accuracy per label : ['0:70.80%', '1:74.40%', '2:47.90%', '3:42.70%', '4:58.70%', '5:50.80%', '6:72.90%', '7:71.60%', '8:76.20%', '9:69.70%']
Aggregation to central server completed at central server round 250, loss : 1.91, accuracy: 63.78%, staleness : 4
Accuracy per label after aggregation : ['0:71.20%', '1:74.50%', '2:48.10%', '3:43.20%', '4:58.90%', '5:50.60%', '6:73.40%', '7:72.00%', '8:76.00%', '9:69.90%']

-----------------------------------------------------

Central server round 228 started
Model sent from central server with 100msec communication time, with loss :1.91, accuracy : 63.78%
Accuracy per label : ['0:71.20%', '1:74.50%', '2:48.10%', '3:43.20%', '4:58.90%', '5:50.60%', '6:73.40%', '7:72.00%', '8:76.00%', '9:69.90%']
The model is from round 223 from central server, staleness is 4

Cluster round 1 completed, aggregated models from all the clients, time past : 1200msec, loss : 1.38, accuracy 62.15%
Accuracy per label : ['0:70.10%', '1:72.60%', '2:52.40%', '3:38.50%', '4:55.10%', '5:49.80%', '6:72.20%', '7:66.20%', '8:78.90%', '9:65.70%']

Cluster round 2 completed, aggregated models from all the clients, time past : 2300msec, loss : 1.53, accuracy 62.68%
Accuracy per label : ['0:71.10%', '1:71.70%', '2:48.80%', '3:44.10%', '4:59.30%', '5:50.40%', '6:69.80%', '7:69.10%', '8:77.00%', '9:65.50%']

Cluster round 3 completed, aggregated models from all the clients, time past : 3400msec, loss : 1.60, accuracy 62.45%
Accuracy per label : ['0:69.30%', '1:73.70%', '2:47.70%', '3:39.40%', '4:61.70%', '5:51.40%', '6:73.50%', '7:67.50%', '8:75.40%', '9:64.90%']

Cluster round 4 completed, aggregated models from all the clients, time past : 4500msec, loss : 1.65, accuracy 62.58%
Accuracy per label : ['0:69.40%', '1:74.50%', '2:46.50%', '3:42.80%', '4:59.30%', '5:52.80%', '6:72.50%', '7:67.70%', '8:75.00%', '9:65.30%']

Cluster round 5 completed, aggregated models from all the clients, time past : 5600msec, loss : 1.70, accuracy 62.57%
Accuracy per label : ['0:69.50%', '1:73.80%', '2:47.90%', '3:42.80%', '4:56.70%', '5:52.20%', '6:73.20%', '7:69.00%', '8:75.10%', '9:65.50%']

Before aggregation, loss : 2.09, accuracy : 63.52%
Before aggregation, accuracy per label : ['0:71.30%', '1:74.20%', '2:47.40%', '3:42.50%', '4:58.70%', '5:52.00%', '6:72.40%', '7:71.80%', '8:75.20%', '9:69.70%']
Aggregation to central server completed at central server round 250, loss : 2.02, accuracy: 63.49%, staleness : 4
Accuracy per label after aggregation : ['0:71.50%', '1:74.30%', '2:47.90%', '3:42.40%', '4:57.90%', '5:51.40%', '6:72.90%', '7:71.70%', '8:75.30%', '9:69.60%']

-----------------------------------------------------

Central server round 235 started
Model sent from central server with 100msec communication time, with loss :2.02, accuracy : 63.49%
Accuracy per label : ['0:71.50%', '1:74.30%', '2:47.90%', '3:42.40%', '4:57.90%', '5:51.40%', '6:72.90%', '7:71.70%', '8:75.30%', '9:69.60%']
The model is from round 228 from central server, staleness is 6

Cluster round 1 completed, aggregated models from all the clients, time past : 1200msec, loss : 1.39, accuracy 59.75%
Accuracy per label : ['0:72.20%', '1:76.00%', '2:54.80%', '3:41.80%', '4:53.90%', '5:41.20%', '6:78.10%', '7:57.90%', '8:68.50%', '9:53.10%']

Cluster round 2 completed, aggregated models from all the clients, time past : 2300msec, loss : 1.50, accuracy 62.42%
Accuracy per label : ['0:70.60%', '1:73.00%', '2:48.50%', '3:40.20%', '4:57.50%', '5:54.00%', '6:71.10%', '7:69.20%', '8:73.40%', '9:66.70%']

Cluster round 3 completed, aggregated models from all the clients, time past : 3400msec, loss : 1.59, accuracy 62.34%
Accuracy per label : ['0:68.60%', '1:73.70%', '2:44.10%', '3:42.70%', '4:60.60%', '5:51.80%', '6:72.00%', '7:69.10%', '8:74.90%', '9:65.90%']

Cluster round 4 completed, aggregated models from all the clients, time past : 4500msec, loss : 1.64, accuracy 62.36%
Accuracy per label : ['0:70.10%', '1:73.40%', '2:46.60%', '3:42.30%', '4:58.10%', '5:51.70%', '6:72.40%', '7:69.40%', '8:74.20%', '9:65.40%']

Cluster round 5 completed, aggregated models from all the clients, time past : 5600msec, loss : 1.69, accuracy 62.47%
Accuracy per label : ['0:69.60%', '1:73.40%', '2:47.60%', '3:42.90%', '4:55.80%', '5:52.60%', '6:73.10%', '7:69.60%', '8:74.00%', '9:66.10%']

Before aggregation, loss : 1.97, accuracy : 63.60%
Before aggregation, accuracy per label : ['0:71.30%', '1:73.90%', '2:48.20%', '3:42.50%', '4:58.40%', '5:51.40%', '6:72.90%', '7:71.80%', '8:75.80%', '9:69.80%']
Aggregation to central server completed at central server round 250, loss : 1.93, accuracy: 63.70%, staleness : 6
Accuracy per label after aggregation : ['0:71.50%', '1:74.30%', '2:48.40%', '3:42.60%', '4:58.60%', '5:50.80%', '6:73.50%', '7:71.80%', '8:75.50%', '9:70.00%']

-----------------------------------------------------

Central server round 240 started
Model sent from central server with 100msec communication time, with loss :1.93, accuracy : 63.70%
Accuracy per label : ['0:71.50%', '1:74.30%', '2:48.40%', '3:42.60%', '4:58.60%', '5:50.80%', '6:73.50%', '7:71.80%', '8:75.50%', '9:70.00%']
The model is from round 235 from central server, staleness is 4

Cluster round 1 completed, aggregated models from all the clients, time past : 1200msec, loss : 1.42, accuracy 61.45%
Accuracy per label : ['0:59.20%', '1:73.20%', '2:51.40%', '3:38.70%', '4:51.50%', '5:51.60%', '6:70.70%', '7:73.20%', '8:82.40%', '9:62.60%']

Cluster round 2 completed, aggregated models from all the clients, time past : 2300msec, loss : 1.56, accuracy 62.32%
Accuracy per label : ['0:70.60%', '1:79.10%', '2:47.10%', '3:38.70%', '4:55.10%', '5:56.50%', '6:70.90%', '7:69.50%', '8:74.70%', '9:61.00%']

Cluster round 3 completed, aggregated models from all the clients, time past : 3400msec, loss : 1.62, accuracy 62.55%
Accuracy per label : ['0:70.40%', '1:73.20%', '2:44.90%', '3:46.00%', '4:59.00%', '5:49.30%', '6:72.50%', '7:68.20%', '8:75.70%', '9:66.30%']

Cluster round 4 completed, aggregated models from all the clients, time past : 4500msec, loss : 1.67, accuracy 62.59%
Accuracy per label : ['0:70.00%', '1:73.30%', '2:46.90%', '3:43.60%', '4:57.30%', '5:50.70%', '6:73.80%', '7:68.70%', '8:75.30%', '9:66.30%']

Cluster round 5 completed, aggregated models from all the clients, time past : 5600msec, loss : 1.71, accuracy 62.57%
Accuracy per label : ['0:69.80%', '1:73.20%', '2:47.90%', '3:43.80%', '4:55.60%', '5:51.90%', '6:73.60%', '7:68.80%', '8:74.60%', '9:66.50%']

Before aggregation, loss : 1.97, accuracy : 63.79%
Before aggregation, accuracy per label : ['0:71.30%', '1:73.90%', '2:48.60%', '3:42.60%', '4:58.10%', '5:51.50%', '6:73.90%', '7:72.10%', '8:75.80%', '9:70.10%']
Aggregation to central server completed at central server round 250, loss : 1.92, accuracy: 63.77%, staleness : 4
Accuracy per label after aggregation : ['0:71.30%', '1:74.20%', '2:48.80%', '3:42.90%', '4:57.80%', '5:51.30%', '6:74.20%', '7:71.90%', '8:75.70%', '9:69.60%']

-----------------------------------------------------

Central server round 247 started
Model sent from central server with 100msec communication time, with loss :1.92, accuracy : 63.77%
Accuracy per label : ['0:71.30%', '1:74.20%', '2:48.80%', '3:42.90%', '4:57.80%', '5:51.30%', '6:74.20%', '7:71.90%', '8:75.70%', '9:69.60%']
The model is from round 240 from central server, staleness is 6

Cluster round 1 completed, aggregated models from all the clients, time past : 1200msec, loss : 1.41, accuracy 62.66%
Accuracy per label : ['0:69.30%', '1:76.10%', '2:51.00%', '3:40.70%', '4:53.80%', '5:52.70%', '6:73.70%', '7:71.20%', '8:75.00%', '9:63.10%']

Cluster round 2 completed, aggregated models from all the clients, time past : 2300msec, loss : 1.55, accuracy 62.98%
Accuracy per label : ['0:71.40%', '1:74.50%', '2:48.10%', '3:41.30%', '4:59.30%', '5:51.90%', '6:73.90%', '7:68.70%', '8:75.20%', '9:65.50%']

Cluster round 3 completed, aggregated models from all the clients, time past : 3400msec, loss : 1.63, accuracy 62.93%
Accuracy per label : ['0:71.20%', '1:73.10%', '2:46.00%', '3:43.60%', '4:59.20%', '5:51.30%', '6:72.70%', '7:68.70%', '8:75.50%', '9:68.00%']

Cluster round 4 completed, aggregated models from all the clients, time past : 4500msec, loss : 1.68, accuracy 62.80%
Accuracy per label : ['0:69.80%', '1:73.50%', '2:48.00%', '3:43.40%', '4:56.70%', '5:51.50%', '6:73.00%', '7:69.10%', '8:75.50%', '9:67.50%']

Cluster round 5 completed, aggregated models from all the clients, time past : 5600msec, loss : 1.72, accuracy 62.79%
Accuracy per label : ['0:69.50%', '1:73.80%', '2:48.00%', '3:43.50%', '4:55.80%', '5:51.10%', '6:73.60%', '7:69.00%', '8:76.00%', '9:67.60%']

Before aggregation, loss : 1.90, accuracy : 64.05%
Before aggregation, accuracy per label : ['0:71.30%', '1:74.10%', '2:49.60%', '3:42.70%', '4:58.70%', '5:51.90%', '6:74.50%', '7:71.80%', '8:75.90%', '9:70.00%']
Aggregation to central server completed at central server round 250, loss : 1.87, accuracy: 64.04%, staleness : 6
Accuracy per label after aggregation : ['0:71.00%', '1:74.00%', '2:49.80%', '3:42.70%', '4:58.80%', '5:51.80%', '6:74.60%', '7:72.00%', '8:76.00%', '9:69.70%']

