-----------------------------------------------------

Central server round 3 started
Model sent from central server with 100msec communication time, with loss :2.31, accuracy : 11.16%
Accuracy per label : ['0:0.00%', '1:0.00%', '2:0.00%', '3:0.00%', '4:0.00%', '5:0.00%', '6:0.00%', '7:0.00%', '8:33.16%', '9:78.59%']
The model is from round 0 from central server, staleness is 2

Cluster round 1 completed, aggregated models from all the clients, time past : 800msec, loss : 2.22, accuracy 41.21%
Accuracy per label : ['0:83.06%', '1:0.18%', '2:25.29%', '3:71.78%', '4:25.66%', '5:0.00%', '6:93.42%', '7:36.09%', '8:79.98%', '9:2.18%']

Cluster round 2 completed, aggregated models from all the clients, time past : 1500msec, loss : 0.59, accuracy 82.55%
Accuracy per label : ['0:91.43%', '1:96.65%', '2:83.53%', '3:83.27%', '4:81.16%', '5:80.27%', '6:86.64%', '7:87.55%', '8:59.55%', '9:72.94%']

Cluster round 3 completed, aggregated models from all the clients, time past : 2200msec, loss : 0.38, accuracy 88.45%
Accuracy per label : ['0:96.94%', '1:97.44%', '2:88.37%', '3:82.38%', '4:83.20%', '5:87.22%', '6:91.65%', '7:85.60%', '8:84.19%', '9:86.42%']

Before aggregation, loss : 0.78, accuracy : 87.42%
Before aggregation, accuracy per label : ['0:96.53%', '1:95.24%', '2:84.30%', '3:81.39%', '4:79.63%', '5:75.90%', '6:95.09%', '7:85.12%', '8:90.25%', '9:89.10%']
Aggregation to central server completed at central server round 250, loss : 0.64, accuracy: 87.94%, staleness : 2
Accuracy per label after aggregation : ['0:96.73%', '1:96.21%', '2:85.37%', '3:82.18%', '4:81.16%', '5:79.04%', '6:94.47%', '7:85.70%', '8:89.01%', '9:88.01%']

-----------------------------------------------------

Central server round 8 started
Model sent from central server with 100msec communication time, with loss :0.64, accuracy : 87.94%
Accuracy per label : ['0:96.73%', '1:96.21%', '2:85.37%', '3:82.18%', '4:81.16%', '5:79.04%', '6:94.47%', '7:85.70%', '8:89.01%', '9:88.01%']
The model is from round 3 from central server, staleness is 4

Cluster round 1 completed, aggregated models from all the clients, time past : 800msec, loss : 0.31, accuracy 90.68%
Accuracy per label : ['0:98.47%', '1:97.62%', '2:89.05%', '3:90.89%', '4:85.13%', '5:85.31%', '6:93.01%', '7:89.69%', '8:87.47%', '9:88.80%']

Cluster round 2 completed, aggregated models from all the clients, time past : 1500msec, loss : 0.25, accuracy 92.32%
Accuracy per label : ['0:97.86%', '1:98.33%', '2:90.60%', '3:89.01%', '4:92.06%', '5:91.14%', '6:94.15%', '7:91.73%', '8:87.37%', '9:90.19%']

Cluster round 3 completed, aggregated models from all the clients, time past : 2200msec, loss : 0.21, accuracy 93.59%
Accuracy per label : ['0:98.16%', '1:97.89%', '2:92.93%', '3:92.77%', '4:92.16%', '5:90.25%', '6:96.14%', '7:91.15%', '8:92.30%', '9:91.48%']

Before aggregation, loss : 0.41, accuracy : 90.20%
Before aggregation, accuracy per label : ['0:97.96%', '1:96.92%', '2:89.24%', '3:88.32%', '4:87.17%', '5:83.07%', '6:93.84%', '7:87.84%', '8:88.60%', '9:87.71%']
Aggregation to central server completed at central server round 250, loss : 0.37, accuracy: 90.74%, staleness : 4
Accuracy per label after aggregation : ['0:98.06%', '1:97.09%', '2:89.73%', '3:89.41%', '4:88.49%', '5:83.63%', '6:94.26%', '7:87.84%', '8:89.22%', '9:88.40%']

-----------------------------------------------------

Central server round 13 started
Model sent from central server with 100msec communication time, with loss :0.37, accuracy : 90.74%
Accuracy per label : ['0:98.06%', '1:97.09%', '2:89.73%', '3:89.41%', '4:88.49%', '5:83.63%', '6:94.26%', '7:87.84%', '8:89.22%', '9:88.40%']
The model is from round 8 from central server, staleness is 4

Cluster round 1 completed, aggregated models from all the clients, time past : 800msec, loss : 0.26, accuracy 92.19%
Accuracy per label : ['0:98.06%', '1:98.50%', '2:90.99%', '3:90.00%', '4:90.12%', '5:86.66%', '6:96.35%', '7:90.08%', '8:88.30%', '9:91.67%']

Cluster round 2 completed, aggregated models from all the clients, time past : 1500msec, loss : 0.21, accuracy 93.48%
Accuracy per label : ['0:98.16%', '1:97.71%', '2:90.12%', '3:91.19%', '4:92.87%', '5:90.70%', '6:96.24%', '7:93.29%', '8:92.51%', '9:91.48%']

Cluster round 3 completed, aggregated models from all the clients, time past : 2200msec, loss : 0.18, accuracy 94.57%
Accuracy per label : ['0:98.47%', '1:98.50%', '2:93.41%', '3:95.84%', '4:90.94%', '5:93.61%', '6:95.62%', '7:93.97%', '8:90.04%', '9:94.65%']

Before aggregation, loss : 0.28, accuracy : 92.48%
Before aggregation, accuracy per label : ['0:98.27%', '1:97.80%', '2:91.86%', '3:91.78%', '4:90.94%', '5:88.34%', '6:94.47%', '7:90.08%', '8:90.76%', '9:89.59%']
Aggregation to central server completed at central server round 250, loss : 0.26, accuracy: 92.87%, staleness : 4
Accuracy per label after aggregation : ['0:98.47%', '1:97.97%', '2:92.05%', '3:92.28%', '4:91.24%', '5:89.01%', '6:94.78%', '7:90.47%', '8:90.97%', '9:90.58%']

-----------------------------------------------------

Central server round 18 started
Model sent from central server with 100msec communication time, with loss :0.26, accuracy : 92.87%
Accuracy per label : ['0:98.47%', '1:97.97%', '2:92.05%', '3:92.28%', '4:91.24%', '5:89.01%', '6:94.78%', '7:90.47%', '8:90.97%', '9:90.58%']
The model is from round 13 from central server, staleness is 4

Cluster round 1 completed, aggregated models from all the clients, time past : 800msec, loss : 0.21, accuracy 93.85%
Accuracy per label : ['0:98.06%', '1:98.33%', '2:92.05%', '3:95.25%', '4:91.85%', '5:90.81%', '6:96.03%', '7:93.19%', '8:88.30%', '9:93.76%']

Cluster round 2 completed, aggregated models from all the clients, time past : 1500msec, loss : 0.18, accuracy 94.72%
Accuracy per label : ['0:98.57%', '1:97.97%', '2:92.64%', '3:95.64%', '4:93.18%', '5:94.17%', '6:95.30%', '7:92.12%', '8:92.71%', '9:94.55%']

Cluster round 3 completed, aggregated models from all the clients, time past : 2200msec, loss : 0.15, accuracy 95.34%
Accuracy per label : ['0:98.47%', '1:98.24%', '2:92.64%', '3:95.84%', '4:94.09%', '5:95.52%', '6:97.08%', '7:93.29%', '8:93.94%', '9:94.15%']

Before aggregation, loss : 0.21, accuracy : 93.94%
Before aggregation, accuracy per label : ['0:98.37%', '1:98.15%', '2:93.31%', '3:93.76%', '4:92.26%', '5:91.26%', '6:95.20%', '7:91.54%', '8:92.40%', '9:92.47%']
Aggregation to central server completed at central server round 250, loss : 0.20, accuracy: 94.08%, staleness : 4
Accuracy per label after aggregation : ['0:98.47%', '1:98.15%', '2:92.93%', '3:94.06%', '4:92.57%', '5:91.82%', '6:95.09%', '7:91.83%', '8:92.71%', '9:92.57%']

-----------------------------------------------------

Central server round 23 started
Model sent from central server with 100msec communication time, with loss :0.20, accuracy : 94.08%
Accuracy per label : ['0:98.47%', '1:98.15%', '2:92.93%', '3:94.06%', '4:92.57%', '5:91.82%', '6:95.09%', '7:91.83%', '8:92.71%', '9:92.57%']
The model is from round 18 from central server, staleness is 4

Cluster round 1 completed, aggregated models from all the clients, time past : 800msec, loss : 0.17, accuracy 94.93%
Accuracy per label : ['0:98.78%', '1:97.97%', '2:93.60%', '3:96.24%', '4:93.08%', '5:94.17%', '6:95.62%', '7:92.61%', '8:92.81%', '9:94.05%']

Cluster round 2 completed, aggregated models from all the clients, time past : 1500msec, loss : 0.15, accuracy 95.47%
Accuracy per label : ['0:98.47%', '1:98.59%', '2:94.77%', '3:96.24%', '4:93.89%', '5:94.28%', '6:97.91%', '7:92.80%', '8:92.30%', '9:95.04%']

Cluster round 3 completed, aggregated models from all the clients, time past : 2200msec, loss : 0.14, accuracy 96.05%
Accuracy per label : ['0:99.08%', '1:98.24%', '2:95.35%', '3:97.03%', '4:95.42%', '5:95.74%', '6:97.49%', '7:94.16%', '8:93.02%', '9:94.75%']

Before aggregation, loss : 0.17, accuracy : 94.95%
Before aggregation, accuracy per label : ['0:98.57%', '1:98.24%', '2:93.80%', '3:95.15%', '4:94.50%', '5:94.06%', '6:95.72%', '7:92.90%', '8:92.92%', '9:93.26%']
Aggregation to central server completed at central server round 250, loss : 0.17, accuracy: 95.13%, staleness : 4
Accuracy per label after aggregation : ['0:98.57%', '1:98.33%', '2:93.90%', '3:95.35%', '4:94.70%', '5:94.51%', '6:96.03%', '7:93.00%', '8:93.12%', '9:93.46%']

-----------------------------------------------------

Central server round 28 started
Model sent from central server with 100msec communication time, with loss :0.17, accuracy : 95.13%
Accuracy per label : ['0:98.57%', '1:98.33%', '2:93.90%', '3:95.35%', '4:94.70%', '5:94.51%', '6:96.03%', '7:93.00%', '8:93.12%', '9:93.46%']
The model is from round 23 from central server, staleness is 4

Cluster round 1 completed, aggregated models from all the clients, time past : 800msec, loss : 0.15, accuracy 95.52%
Accuracy per label : ['0:98.78%', '1:98.33%', '2:93.41%', '3:96.63%', '4:95.42%', '5:94.62%', '6:96.97%', '7:93.58%', '8:94.05%', '9:93.16%']

Cluster round 2 completed, aggregated models from all the clients, time past : 1500msec, loss : 0.14, accuracy 96.23%
Accuracy per label : ['0:98.67%', '1:98.33%', '2:96.51%', '3:96.73%', '4:95.93%', '5:95.29%', '6:97.70%', '7:96.11%', '8:94.76%', '9:91.97%']

Cluster round 3 completed, aggregated models from all the clients, time past : 2200msec, loss : 0.12, accuracy 96.27%
Accuracy per label : ['0:98.37%', '1:98.33%', '2:94.57%', '3:96.14%', '4:95.52%', '5:96.64%', '6:98.02%', '7:94.84%', '8:96.20%', '9:94.05%']

Before aggregation, loss : 0.15, accuracy : 95.70%
Before aggregation, accuracy per label : ['0:98.67%', '1:98.33%', '2:94.77%', '3:95.74%', '4:95.01%', '5:95.18%', '6:96.56%', '7:93.97%', '8:94.46%', '9:94.05%']
Aggregation to central server completed at central server round 250, loss : 0.14, accuracy: 95.77%, staleness : 4
Accuracy per label after aggregation : ['0:98.78%', '1:98.24%', '2:94.77%', '3:95.84%', '4:95.01%', '5:95.29%', '6:96.97%', '7:94.07%', '8:94.46%', '9:94.05%']

-----------------------------------------------------

Central server round 33 started
Model sent from central server with 100msec communication time, with loss :0.14, accuracy : 95.77%
Accuracy per label : ['0:98.78%', '1:98.24%', '2:94.77%', '3:95.84%', '4:95.01%', '5:95.29%', '6:96.97%', '7:94.07%', '8:94.46%', '9:94.05%']
The model is from round 28 from central server, staleness is 4

Cluster round 1 completed, aggregated models from all the clients, time past : 800msec, loss : 0.13, accuracy 95.98%
Accuracy per label : ['0:98.47%', '1:98.06%', '2:94.38%', '3:97.13%', '4:94.60%', '5:95.74%', '6:97.91%', '7:95.04%', '8:94.46%', '9:93.86%']

Cluster round 2 completed, aggregated models from all the clients, time past : 1500msec, loss : 0.12, accuracy 96.30%
Accuracy per label : ['0:98.57%', '1:98.68%', '2:96.03%', '3:97.33%', '4:94.91%', '5:96.19%', '6:98.02%', '7:94.94%', '8:92.92%', '9:95.14%']

Cluster round 3 completed, aggregated models from all the clients, time past : 2200msec, loss : 0.11, accuracy 96.78%
Accuracy per label : ['0:99.08%', '1:98.41%', '2:97.38%', '3:96.83%', '4:97.15%', '5:95.96%', '6:98.12%', '7:95.82%', '8:94.56%', '9:94.25%']

Before aggregation, loss : 0.13, accuracy : 96.09%
Before aggregation, accuracy per label : ['0:98.78%', '1:98.15%', '2:95.35%', '3:96.14%', '4:95.72%', '5:95.74%', '6:97.18%', '7:94.46%', '8:94.66%', '9:94.55%']
Aggregation to central server completed at central server round 250, loss : 0.13, accuracy: 96.15%, staleness : 4
Accuracy per label after aggregation : ['0:98.78%', '1:98.15%', '2:95.64%', '3:96.24%', '4:95.72%', '5:95.85%', '6:97.39%', '7:94.55%', '8:94.46%', '9:94.55%']

-----------------------------------------------------

Central server round 38 started
Model sent from central server with 100msec communication time, with loss :0.13, accuracy : 96.15%
Accuracy per label : ['0:98.78%', '1:98.15%', '2:95.64%', '3:96.24%', '4:95.72%', '5:95.85%', '6:97.39%', '7:94.55%', '8:94.46%', '9:94.55%']
The model is from round 33 from central server, staleness is 4

Cluster round 1 completed, aggregated models from all the clients, time past : 800msec, loss : 0.12, accuracy 96.54%
Accuracy per label : ['0:99.08%', '1:98.15%', '2:96.61%', '3:97.43%', '4:95.82%', '5:95.40%', '6:97.91%', '7:94.84%', '8:95.48%', '9:94.45%']

Cluster round 2 completed, aggregated models from all the clients, time past : 1500msec, loss : 0.11, accuracy 96.90%
Accuracy per label : ['0:98.88%', '1:98.33%', '2:97.19%', '3:96.63%', '4:97.35%', '5:95.85%', '6:97.91%', '7:95.62%', '8:95.79%', '9:95.24%']

Cluster round 3 completed, aggregated models from all the clients, time past : 2200msec, loss : 0.11, accuracy 96.89%
Accuracy per label : ['0:98.88%', '1:98.50%', '2:96.32%', '3:98.32%', '4:96.64%', '5:96.41%', '6:98.33%', '7:96.11%', '8:94.15%', '9:95.04%']

Before aggregation, loss : 0.12, accuracy : 96.46%
Before aggregation, accuracy per label : ['0:98.88%', '1:98.24%', '2:96.12%', '3:96.34%', '4:96.33%', '5:95.85%', '6:97.49%', '7:94.84%', '8:95.28%', '9:95.04%']
Aggregation to central server completed at central server round 250, loss : 0.11, accuracy: 96.57%, staleness : 4
Accuracy per label after aggregation : ['0:98.88%', '1:98.24%', '2:96.51%', '3:96.63%', '4:96.23%', '5:95.85%', '6:97.81%', '7:95.23%', '8:94.97%', '9:95.14%']

-----------------------------------------------------

Central server round 43 started
Model sent from central server with 100msec communication time, with loss :0.11, accuracy : 96.57%
Accuracy per label : ['0:98.88%', '1:98.24%', '2:96.51%', '3:96.63%', '4:96.23%', '5:95.85%', '6:97.81%', '7:95.23%', '8:94.97%', '9:95.14%']
The model is from round 38 from central server, staleness is 4

Cluster round 1 completed, aggregated models from all the clients, time past : 800msec, loss : 0.11, accuracy 96.78%
Accuracy per label : ['0:98.78%', '1:98.59%', '2:97.29%', '3:96.63%', '4:98.07%', '5:95.29%', '6:98.54%', '7:94.36%', '8:95.59%', '9:94.45%']

Cluster round 2 completed, aggregated models from all the clients, time past : 1500msec, loss : 0.10, accuracy 96.95%
Accuracy per label : ['0:98.88%', '1:98.33%', '2:96.51%', '3:96.83%', '4:96.13%', '5:95.96%', '6:98.12%', '7:95.82%', '8:97.02%', '9:95.74%']

Cluster round 3 completed, aggregated models from all the clients, time past : 2200msec, loss : 0.10, accuracy 97.04%
Accuracy per label : ['0:98.78%', '1:98.68%', '2:96.90%', '3:97.33%', '4:97.56%', '5:97.20%', '6:98.12%', '7:96.60%', '8:93.43%', '9:95.64%']

Before aggregation, loss : 0.11, accuracy : 96.88%
Before aggregation, accuracy per label : ['0:98.98%', '1:98.15%', '2:97.19%', '3:96.73%', '4:96.95%', '5:96.19%', '6:97.81%', '7:95.72%', '8:95.69%', '9:95.24%']
Aggregation to central server completed at central server round 250, loss : 0.10, accuracy: 96.97%, staleness : 4
Accuracy per label after aggregation : ['0:98.88%', '1:98.24%', '2:97.29%', '3:96.93%', '4:97.25%', '5:96.19%', '6:97.81%', '7:95.91%', '8:95.48%', '9:95.54%']

-----------------------------------------------------

Central server round 48 started
Model sent from central server with 100msec communication time, with loss :0.10, accuracy : 96.97%
Accuracy per label : ['0:98.88%', '1:98.24%', '2:97.29%', '3:96.93%', '4:97.25%', '5:96.19%', '6:97.81%', '7:95.91%', '8:95.48%', '9:95.54%']
The model is from round 43 from central server, staleness is 4

Cluster round 1 completed, aggregated models from all the clients, time past : 800msec, loss : 0.10, accuracy 97.08%
Accuracy per label : ['0:98.78%', '1:98.41%', '2:97.29%', '3:96.83%', '4:97.96%', '5:96.19%', '6:98.43%', '7:94.84%', '8:96.10%', '9:95.84%']

Cluster round 2 completed, aggregated models from all the clients, time past : 1500msec, loss : 0.09, accuracy 97.21%
Accuracy per label : ['0:98.98%', '1:98.59%', '2:97.38%', '3:97.43%', '4:97.66%', '5:95.96%', '6:98.64%', '7:95.72%', '8:95.59%', '9:95.94%']

Cluster round 3 completed, aggregated models from all the clients, time past : 2200msec, loss : 0.09, accuracy 97.34%
Accuracy per label : ['0:98.98%', '1:98.24%', '2:97.77%', '3:98.12%', '4:97.25%', '5:96.30%', '6:98.23%', '7:95.53%', '8:96.82%', '9:96.04%']

Before aggregation, loss : 0.10, accuracy : 97.13%
Before aggregation, accuracy per label : ['0:98.88%', '1:98.50%', '2:97.29%', '3:97.13%', '4:97.45%', '5:96.19%', '6:97.81%', '7:96.01%', '8:96.00%', '9:95.84%']
Aggregation to central server completed at central server round 250, loss : 0.10, accuracy: 97.14%, staleness : 4
Accuracy per label after aggregation : ['0:98.88%', '1:98.50%', '2:97.29%', '3:97.23%', '4:97.56%', '5:96.19%', '6:97.91%', '7:96.01%', '8:96.00%', '9:95.64%']

-----------------------------------------------------

Central server round 53 started
Model sent from central server with 100msec communication time, with loss :0.10, accuracy : 97.14%
Accuracy per label : ['0:98.88%', '1:98.50%', '2:97.29%', '3:97.23%', '4:97.56%', '5:96.19%', '6:97.91%', '7:96.01%', '8:96.00%', '9:95.64%']
The model is from round 48 from central server, staleness is 4

Cluster round 1 completed, aggregated models from all the clients, time past : 800msec, loss : 0.09, accuracy 97.21%
Accuracy per label : ['0:99.08%', '1:98.15%', '2:96.90%', '3:97.23%', '4:97.76%', '5:96.64%', '6:98.12%', '7:95.91%', '8:96.51%', '9:95.74%']

Cluster round 2 completed, aggregated models from all the clients, time past : 1500msec, loss : 0.09, accuracy 97.36%
Accuracy per label : ['0:99.08%', '1:98.94%', '2:97.29%', '3:97.43%', '4:97.86%', '5:96.52%', '6:98.43%', '7:96.40%', '8:96.10%', '9:95.34%']

Cluster round 3 completed, aggregated models from all the clients, time past : 2200msec, loss : 0.08, accuracy 97.37%
Accuracy per label : ['0:98.98%', '1:98.33%', '2:97.67%', '3:97.92%', '4:97.56%', '5:96.52%', '6:98.33%', '7:94.94%', '8:97.13%', '9:96.23%']

Before aggregation, loss : 0.09, accuracy : 97.33%
Before aggregation, accuracy per label : ['0:98.88%', '1:98.68%', '2:97.48%', '3:97.52%', '4:97.66%', '5:96.30%', '6:98.02%', '7:96.21%', '8:96.41%', '9:95.94%']
Aggregation to central server completed at central server round 250, loss : 0.09, accuracy: 97.32%, staleness : 4
Accuracy per label after aggregation : ['0:98.88%', '1:98.59%', '2:97.48%', '3:97.52%', '4:97.66%', '5:96.52%', '6:98.02%', '7:95.91%', '8:96.41%', '9:96.04%']

-----------------------------------------------------

Central server round 58 started
Model sent from central server with 100msec communication time, with loss :0.09, accuracy : 97.32%
Accuracy per label : ['0:98.88%', '1:98.59%', '2:97.48%', '3:97.52%', '4:97.66%', '5:96.52%', '6:98.02%', '7:95.91%', '8:96.41%', '9:96.04%']
The model is from round 53 from central server, staleness is 4

Cluster round 1 completed, aggregated models from all the clients, time past : 800msec, loss : 0.09, accuracy 97.18%
Accuracy per label : ['0:98.98%', '1:98.06%', '2:97.58%', '3:97.43%', '4:96.44%', '5:97.31%', '6:98.33%', '7:94.84%', '8:96.82%', '9:96.04%']

Cluster round 2 completed, aggregated models from all the clients, time past : 1500msec, loss : 0.09, accuracy 97.35%
Accuracy per label : ['0:98.98%', '1:98.33%', '2:97.58%', '3:97.82%', '4:95.82%', '5:96.75%', '6:98.33%', '7:96.60%', '8:96.92%', '9:96.23%']

Cluster round 3 completed, aggregated models from all the clients, time past : 2200msec, loss : 0.08, accuracy 97.52%
Accuracy per label : ['0:98.88%', '1:99.03%', '2:97.48%', '3:97.82%', '4:97.05%', '5:97.20%', '6:98.43%', '7:96.21%', '8:96.71%', '9:96.23%']

Before aggregation, loss : 0.08, accuracy : 97.44%
Before aggregation, accuracy per label : ['0:99.08%', '1:98.77%', '2:97.58%', '3:97.52%', '4:97.56%', '5:96.86%', '6:98.12%', '7:96.11%', '8:96.61%', '9:96.04%']
Aggregation to central server completed at central server round 250, loss : 0.08, accuracy: 97.46%, staleness : 4
Accuracy per label after aggregation : ['0:98.98%', '1:98.77%', '2:97.58%', '3:97.52%', '4:97.76%', '5:96.86%', '6:98.12%', '7:96.21%', '8:96.61%', '9:96.04%']

-----------------------------------------------------

Central server round 63 started
Model sent from central server with 100msec communication time, with loss :0.08, accuracy : 97.46%
Accuracy per label : ['0:98.98%', '1:98.77%', '2:97.58%', '3:97.52%', '4:97.76%', '5:96.86%', '6:98.12%', '7:96.21%', '8:96.61%', '9:96.04%']
The model is from round 58 from central server, staleness is 4

Cluster round 1 completed, aggregated models from all the clients, time past : 800msec, loss : 0.08, accuracy 97.39%
Accuracy per label : ['0:98.98%', '1:98.59%', '2:97.00%', '3:97.82%', '4:96.64%', '5:96.75%', '6:98.54%', '7:96.21%', '8:96.82%', '9:96.43%']

Cluster round 2 completed, aggregated models from all the clients, time past : 1500msec, loss : 0.08, accuracy 97.55%
Accuracy per label : ['0:98.88%', '1:99.30%', '2:97.19%', '3:97.52%', '4:98.17%', '5:97.42%', '6:98.54%', '7:96.69%', '8:96.20%', '9:95.44%']

Cluster round 3 completed, aggregated models from all the clients, time past : 2200msec, loss : 0.08, accuracy 97.55%
Accuracy per label : ['0:98.88%', '1:98.59%', '2:96.71%', '3:97.52%', '4:97.66%', '5:97.76%', '6:98.64%', '7:96.21%', '8:97.33%', '9:96.23%']

Before aggregation, loss : 0.08, accuracy : 97.53%
Before aggregation, accuracy per label : ['0:98.98%', '1:98.85%', '2:97.87%', '3:97.52%', '4:97.66%', '5:96.97%', '6:98.02%', '7:96.30%', '8:96.71%', '9:96.23%']
Aggregation to central server completed at central server round 250, loss : 0.08, accuracy: 97.54%, staleness : 4
Accuracy per label after aggregation : ['0:99.08%', '1:98.85%', '2:97.58%', '3:97.52%', '4:97.76%', '5:97.09%', '6:98.02%', '7:96.30%', '8:96.82%', '9:96.23%']

-----------------------------------------------------

Central server round 68 started
Model sent from central server with 100msec communication time, with loss :0.08, accuracy : 97.54%
Accuracy per label : ['0:99.08%', '1:98.85%', '2:97.58%', '3:97.52%', '4:97.76%', '5:97.09%', '6:98.02%', '7:96.30%', '8:96.82%', '9:96.23%']
The model is from round 63 from central server, staleness is 4

Cluster round 1 completed, aggregated models from all the clients, time past : 800msec, loss : 0.08, accuracy 97.61%
Accuracy per label : ['0:99.29%', '1:98.68%', '2:97.77%', '3:97.72%', '4:97.66%', '5:97.42%', '6:98.12%', '7:96.69%', '8:96.30%', '9:96.33%']

Cluster round 2 completed, aggregated models from all the clients, time past : 1500msec, loss : 0.08, accuracy 97.51%
Accuracy per label : ['0:98.98%', '1:98.94%', '2:97.58%', '3:96.93%', '4:96.33%', '5:97.87%', '6:98.64%', '7:96.60%', '8:95.69%', '9:97.42%']

Cluster round 3 completed, aggregated models from all the clients, time past : 2200msec, loss : 0.07, accuracy 97.74%
Accuracy per label : ['0:99.08%', '1:99.12%', '2:97.09%', '3:97.62%', '4:97.86%', '5:97.98%', '6:98.43%', '7:97.28%', '8:97.02%', '9:95.84%']

Before aggregation, loss : 0.08, accuracy : 97.63%
Before aggregation, accuracy per label : ['0:99.08%', '1:98.85%', '2:98.06%', '3:97.52%', '4:97.86%', '5:97.31%', '6:98.02%', '7:96.40%', '8:96.82%', '9:96.23%']
Aggregation to central server completed at central server round 250, loss : 0.07, accuracy: 97.64%, staleness : 4
Accuracy per label after aggregation : ['0:99.08%', '1:98.85%', '2:97.67%', '3:97.52%', '4:97.86%', '5:97.42%', '6:98.12%', '7:96.50%', '8:97.02%', '9:96.23%']

-----------------------------------------------------

Central server round 73 started
Model sent from central server with 100msec communication time, with loss :0.07, accuracy : 97.64%
Accuracy per label : ['0:99.08%', '1:98.85%', '2:97.67%', '3:97.52%', '4:97.86%', '5:97.42%', '6:98.12%', '7:96.50%', '8:97.02%', '9:96.23%']
The model is from round 68 from central server, staleness is 4

Cluster round 1 completed, aggregated models from all the clients, time past : 800msec, loss : 0.08, accuracy 97.67%
Accuracy per label : ['0:99.29%', '1:99.03%', '2:98.26%', '3:97.72%', '4:97.86%', '5:97.42%', '6:98.23%', '7:97.37%', '8:95.38%', '9:95.94%']

Cluster round 2 completed, aggregated models from all the clients, time past : 1500msec, loss : 0.07, accuracy 97.83%
Accuracy per label : ['0:99.18%', '1:99.12%', '2:97.00%', '3:98.02%', '4:98.17%', '5:97.65%', '6:98.33%', '7:97.28%', '8:97.23%', '9:96.23%']

Cluster round 3 completed, aggregated models from all the clients, time past : 2200msec, loss : 0.07, accuracy 97.71%
Accuracy per label : ['0:98.98%', '1:98.77%', '2:98.16%', '3:98.42%', '4:97.25%', '5:97.53%', '6:98.33%', '7:96.79%', '8:96.71%', '9:96.04%']

Before aggregation, loss : 0.07, accuracy : 97.77%
Before aggregation, accuracy per label : ['0:99.18%', '1:98.85%', '2:98.16%', '3:97.62%', '4:97.86%', '5:97.53%', '6:98.12%', '7:96.50%', '8:97.43%', '9:96.33%']
Aggregation to central server completed at central server round 250, loss : 0.07, accuracy: 97.80%, staleness : 4
Accuracy per label after aggregation : ['0:99.08%', '1:98.85%', '2:98.16%', '3:97.72%', '4:97.86%', '5:97.53%', '6:98.23%', '7:96.69%', '8:97.33%', '9:96.43%']

-----------------------------------------------------

Central server round 78 started
Model sent from central server with 100msec communication time, with loss :0.07, accuracy : 97.80%
Accuracy per label : ['0:99.08%', '1:98.85%', '2:98.16%', '3:97.72%', '4:97.86%', '5:97.53%', '6:98.23%', '7:96.69%', '8:97.33%', '9:96.43%']
The model is from round 73 from central server, staleness is 4

Cluster round 1 completed, aggregated models from all the clients, time past : 800msec, loss : 0.07, accuracy 97.76%
Accuracy per label : ['0:99.08%', '1:98.77%', '2:97.97%', '3:97.62%', '4:97.86%', '5:97.31%', '6:98.75%', '7:96.98%', '8:97.23%', '9:95.94%']

Cluster round 2 completed, aggregated models from all the clients, time past : 1500msec, loss : 0.07, accuracy 97.65%
Accuracy per label : ['0:98.98%', '1:98.50%', '2:98.06%', '3:97.33%', '4:96.84%', '5:97.87%', '6:98.85%', '7:97.37%', '8:96.82%', '9:95.84%']

Cluster round 3 completed, aggregated models from all the clients, time past : 2200msec, loss : 0.07, accuracy 97.82%
Accuracy per label : ['0:99.08%', '1:98.94%', '2:97.48%', '3:98.22%', '4:97.96%', '5:97.53%', '6:98.64%', '7:96.60%', '8:96.92%', '9:96.73%']

Before aggregation, loss : 0.07, accuracy : 97.82%
Before aggregation, accuracy per label : ['0:99.29%', '1:98.94%', '2:98.16%', '3:97.72%', '4:97.76%', '5:97.53%', '6:98.12%', '7:96.69%', '8:97.33%', '9:96.53%']
Aggregation to central server completed at central server round 250, loss : 0.07, accuracy: 97.84%, staleness : 4
Accuracy per label after aggregation : ['0:99.29%', '1:98.94%', '2:98.06%', '3:97.82%', '4:97.76%', '5:97.53%', '6:98.23%', '7:96.69%', '8:97.33%', '9:96.63%']

-----------------------------------------------------

Central server round 83 started
Model sent from central server with 100msec communication time, with loss :0.07, accuracy : 97.84%
Accuracy per label : ['0:99.29%', '1:98.94%', '2:98.06%', '3:97.82%', '4:97.76%', '5:97.53%', '6:98.23%', '7:96.69%', '8:97.33%', '9:96.63%']
The model is from round 78 from central server, staleness is 4

Cluster round 1 completed, aggregated models from all the clients, time past : 800msec, loss : 0.07, accuracy 97.93%
Accuracy per label : ['0:99.18%', '1:99.21%', '2:97.29%', '3:98.42%', '4:98.27%', '5:97.42%', '6:98.75%', '7:97.47%', '8:96.51%', '9:96.63%']

Cluster round 2 completed, aggregated models from all the clients, time past : 1500msec, loss : 0.07, accuracy 97.98%
Accuracy per label : ['0:99.08%', '1:99.12%', '2:97.87%', '3:98.22%', '4:98.27%', '5:97.53%', '6:98.75%', '7:97.76%', '8:96.92%', '9:96.13%']

Cluster round 3 completed, aggregated models from all the clients, time past : 2200msec, loss : 0.07, accuracy 97.99%
Accuracy per label : ['0:98.88%', '1:99.21%', '2:97.29%', '3:98.12%', '4:98.37%', '5:97.53%', '6:98.85%', '7:97.67%', '8:97.54%', '9:96.33%']

Before aggregation, loss : 0.07, accuracy : 97.91%
Before aggregation, accuracy per label : ['0:99.29%', '1:98.94%', '2:98.06%', '3:97.92%', '4:97.96%', '5:97.53%', '6:98.12%', '7:97.08%', '8:97.33%', '9:96.73%']
Aggregation to central server completed at central server round 250, loss : 0.07, accuracy: 97.90%, staleness : 4
Accuracy per label after aggregation : ['0:99.29%', '1:98.94%', '2:97.87%', '3:98.02%', '4:97.96%', '5:97.53%', '6:98.33%', '7:97.08%', '8:97.23%', '9:96.63%']

-----------------------------------------------------

Central server round 88 started
Model sent from central server with 100msec communication time, with loss :0.07, accuracy : 97.90%
Accuracy per label : ['0:99.29%', '1:98.94%', '2:97.87%', '3:98.02%', '4:97.96%', '5:97.53%', '6:98.33%', '7:97.08%', '8:97.23%', '9:96.63%']
The model is from round 83 from central server, staleness is 4

Cluster round 1 completed, aggregated models from all the clients, time past : 800msec, loss : 0.07, accuracy 97.90%
Accuracy per label : ['0:99.18%', '1:99.03%', '2:97.77%', '3:97.52%', '4:98.07%', '5:97.42%', '6:98.54%', '7:97.47%', '8:98.25%', '9:95.64%']

Cluster round 2 completed, aggregated models from all the clients, time past : 1500msec, loss : 0.07, accuracy 97.95%
Accuracy per label : ['0:99.08%', '1:98.94%', '2:97.29%', '3:98.12%', '4:98.47%', '5:97.42%', '6:98.64%', '7:97.08%', '8:98.05%', '9:96.33%']

Cluster round 3 completed, aggregated models from all the clients, time past : 2200msec, loss : 0.06, accuracy 97.97%
Accuracy per label : ['0:98.88%', '1:98.85%', '2:97.58%', '3:98.42%', '4:98.47%', '5:97.65%', '6:98.75%', '7:97.76%', '8:96.92%', '9:96.33%']

Before aggregation, loss : 0.06, accuracy : 97.96%
Before aggregation, accuracy per label : ['0:99.29%', '1:98.94%', '2:97.97%', '3:98.12%', '4:98.17%', '5:97.53%', '6:98.12%', '7:97.18%', '8:97.54%', '9:96.63%']
Aggregation to central server completed at central server round 250, loss : 0.06, accuracy: 97.93%, staleness : 4
Accuracy per label after aggregation : ['0:99.29%', '1:98.85%', '2:98.06%', '3:98.02%', '4:98.17%', '5:97.53%', '6:98.33%', '7:97.18%', '8:97.23%', '9:96.53%']

-----------------------------------------------------

Central server round 93 started
Model sent from central server with 100msec communication time, with loss :0.06, accuracy : 97.93%
Accuracy per label : ['0:99.29%', '1:98.85%', '2:98.06%', '3:98.02%', '4:98.17%', '5:97.53%', '6:98.33%', '7:97.18%', '8:97.23%', '9:96.53%']
The model is from round 88 from central server, staleness is 4

Cluster round 1 completed, aggregated models from all the clients, time past : 800msec, loss : 0.06, accuracy 97.92%
Accuracy per label : ['0:99.18%', '1:98.68%', '2:97.48%', '3:98.02%', '4:98.07%', '5:97.42%', '6:98.54%', '7:97.37%', '8:97.95%', '9:96.43%']

Cluster round 2 completed, aggregated models from all the clients, time past : 1500msec, loss : 0.07, accuracy 97.95%
Accuracy per label : ['0:99.29%', '1:98.85%', '2:97.97%', '3:98.32%', '4:98.07%', '5:97.31%', '6:98.75%', '7:96.60%', '8:97.95%', '9:96.33%']

Cluster round 3 completed, aggregated models from all the clients, time past : 2200msec, loss : 0.06, accuracy 98.02%
Accuracy per label : ['0:98.98%', '1:99.12%', '2:98.06%', '3:98.22%', '4:98.57%', '5:97.53%', '6:98.54%', '7:97.57%', '8:97.13%', '9:96.33%']

Before aggregation, loss : 0.06, accuracy : 97.95%
Before aggregation, accuracy per label : ['0:99.29%', '1:98.85%', '2:98.06%', '3:98.12%', '4:98.17%', '5:97.53%', '6:98.33%', '7:97.18%', '8:97.33%', '9:96.53%']
Aggregation to central server completed at central server round 250, loss : 0.06, accuracy: 97.97%, staleness : 4
Accuracy per label after aggregation : ['0:99.29%', '1:98.94%', '2:98.16%', '3:98.12%', '4:98.17%', '5:97.53%', '6:98.33%', '7:97.18%', '8:97.33%', '9:96.53%']

-----------------------------------------------------

Central server round 98 started
Model sent from central server with 100msec communication time, with loss :0.06, accuracy : 97.97%
Accuracy per label : ['0:99.29%', '1:98.94%', '2:98.16%', '3:98.12%', '4:98.17%', '5:97.53%', '6:98.33%', '7:97.18%', '8:97.33%', '9:96.53%']
The model is from round 93 from central server, staleness is 4

Cluster round 1 completed, aggregated models from all the clients, time past : 800msec, loss : 0.06, accuracy 98.05%
Accuracy per label : ['0:99.29%', '1:99.21%', '2:97.87%', '3:98.42%', '4:98.37%', '5:97.42%', '6:98.64%', '7:97.76%', '8:96.92%', '9:96.43%']

Cluster round 2 completed, aggregated models from all the clients, time past : 1500msec, loss : 0.06, accuracy 98.04%
Accuracy per label : ['0:99.08%', '1:99.12%', '2:97.67%', '3:98.32%', '4:98.57%', '5:97.53%', '6:98.54%', '7:97.18%', '8:97.33%', '9:96.93%']

Cluster round 3 completed, aggregated models from all the clients, time past : 2200msec, loss : 0.06, accuracy 98.05%
Accuracy per label : ['0:98.98%', '1:99.12%', '2:97.87%', '3:98.12%', '4:98.17%', '5:97.65%', '6:98.64%', '7:97.86%', '8:97.33%', '9:96.63%']

Before aggregation, loss : 0.06, accuracy : 98.03%
Before aggregation, accuracy per label : ['0:99.39%', '1:99.12%', '2:98.06%', '3:98.12%', '4:98.17%', '5:97.65%', '6:98.33%', '7:97.18%', '8:97.43%', '9:96.73%']
Aggregation to central server completed at central server round 250, loss : 0.06, accuracy: 98.05%, staleness : 4
Accuracy per label after aggregation : ['0:99.29%', '1:99.12%', '2:98.26%', '3:98.12%', '4:98.27%', '5:97.53%', '6:98.33%', '7:97.28%', '8:97.33%', '9:96.83%']

-----------------------------------------------------

Central server round 103 started
Model sent from central server with 100msec communication time, with loss :0.06, accuracy : 98.05%
Accuracy per label : ['0:99.29%', '1:99.12%', '2:98.26%', '3:98.12%', '4:98.27%', '5:97.53%', '6:98.33%', '7:97.28%', '8:97.33%', '9:96.83%']
The model is from round 98 from central server, staleness is 4

Cluster round 1 completed, aggregated models from all the clients, time past : 800msec, loss : 0.06, accuracy 98.02%
Accuracy per label : ['0:99.29%', '1:99.12%', '2:97.87%', '3:98.22%', '4:98.27%', '5:97.53%', '6:98.43%', '7:97.37%', '8:97.74%', '9:96.23%']

Cluster round 2 completed, aggregated models from all the clients, time past : 1500msec, loss : 0.06, accuracy 98.10%
Accuracy per label : ['0:99.08%', '1:99.12%', '2:97.97%', '3:98.32%', '4:98.68%', '5:97.53%', '6:98.33%', '7:97.76%', '8:97.64%', '9:96.43%']

Cluster round 3 completed, aggregated models from all the clients, time past : 2200msec, loss : 0.06, accuracy 97.92%
Accuracy per label : ['0:99.08%', '1:99.30%', '2:97.77%', '3:98.32%', '4:97.66%', '5:97.65%', '6:98.54%', '7:97.86%', '8:96.30%', '9:96.53%']

Before aggregation, loss : 0.06, accuracy : 98.05%
Before aggregation, accuracy per label : ['0:99.29%', '1:99.12%', '2:98.16%', '3:98.22%', '4:98.27%', '5:97.65%', '6:98.23%', '7:97.28%', '8:97.54%', '9:96.63%']
Aggregation to central server completed at central server round 250, loss : 0.06, accuracy: 98.09%, staleness : 4
Accuracy per label after aggregation : ['0:99.39%', '1:99.12%', '2:98.26%', '3:98.32%', '4:98.27%', '5:97.65%', '6:98.33%', '7:97.37%', '8:97.33%', '9:96.73%']

-----------------------------------------------------

Central server round 108 started
Model sent from central server with 100msec communication time, with loss :0.06, accuracy : 98.09%
Accuracy per label : ['0:99.39%', '1:99.12%', '2:98.26%', '3:98.32%', '4:98.27%', '5:97.65%', '6:98.33%', '7:97.37%', '8:97.33%', '9:96.73%']
The model is from round 103 from central server, staleness is 4

Cluster round 1 completed, aggregated models from all the clients, time past : 800msec, loss : 0.06, accuracy 98.05%
Accuracy per label : ['0:99.08%', '1:99.12%', '2:97.87%', '3:98.12%', '4:97.66%', '5:97.53%', '6:98.75%', '7:97.67%', '8:97.64%', '9:96.93%']

Cluster round 2 completed, aggregated models from all the clients, time past : 1500msec, loss : 0.06, accuracy 98.05%
Accuracy per label : ['0:99.08%', '1:98.94%', '2:97.67%', '3:98.32%', '4:97.86%', '5:97.53%', '6:98.75%', '7:97.96%', '8:97.74%', '9:96.53%']

Cluster round 3 completed, aggregated models from all the clients, time past : 2200msec, loss : 0.06, accuracy 98.05%
Accuracy per label : ['0:98.98%', '1:99.03%', '2:98.06%', '3:98.22%', '4:98.68%', '5:97.31%', '6:98.96%', '7:97.76%', '8:97.23%', '9:96.13%']

Before aggregation, loss : 0.06, accuracy : 98.07%
Before aggregation, accuracy per label : ['0:99.39%', '1:99.12%', '2:98.35%', '3:98.22%', '4:98.27%', '5:97.65%', '6:98.12%', '7:97.28%', '8:97.64%', '9:96.53%']
Aggregation to central server completed at central server round 250, loss : 0.06, accuracy: 98.13%, staleness : 4
Accuracy per label after aggregation : ['0:99.29%', '1:99.12%', '2:98.45%', '3:98.22%', '4:98.37%', '5:97.65%', '6:98.43%', '7:97.37%', '8:97.64%', '9:96.63%']

-----------------------------------------------------

Central server round 113 started
Model sent from central server with 100msec communication time, with loss :0.06, accuracy : 98.13%
Accuracy per label : ['0:99.29%', '1:99.12%', '2:98.45%', '3:98.22%', '4:98.37%', '5:97.65%', '6:98.43%', '7:97.37%', '8:97.64%', '9:96.63%']
The model is from round 108 from central server, staleness is 4

Cluster round 1 completed, aggregated models from all the clients, time past : 800msec, loss : 0.06, accuracy 97.98%
Accuracy per label : ['0:98.98%', '1:98.94%', '2:98.16%', '3:98.42%', '4:97.66%', '5:97.76%', '6:98.43%', '7:97.18%', '8:97.43%', '9:96.73%']

Cluster round 2 completed, aggregated models from all the clients, time past : 1500msec, loss : 0.06, accuracy 97.97%
Accuracy per label : ['0:99.08%', '1:99.03%', '2:97.87%', '3:98.42%', '4:97.76%', '5:97.65%', '6:98.64%', '7:97.57%', '8:96.82%', '9:96.73%']

Cluster round 3 completed, aggregated models from all the clients, time past : 2200msec, loss : 0.06, accuracy 97.99%
Accuracy per label : ['0:98.98%', '1:99.12%', '2:97.97%', '3:98.32%', '4:97.96%', '5:97.65%', '6:98.33%', '7:97.47%', '8:97.23%', '9:96.73%']

Before aggregation, loss : 0.06, accuracy : 98.10%
Before aggregation, accuracy per label : ['0:99.39%', '1:99.12%', '2:98.45%', '3:98.12%', '4:98.57%', '5:97.65%', '6:98.12%', '7:97.37%', '8:97.43%', '9:96.63%']
Aggregation to central server completed at central server round 250, loss : 0.06, accuracy: 98.13%, staleness : 4
Accuracy per label after aggregation : ['0:99.39%', '1:99.12%', '2:98.35%', '3:98.22%', '4:98.47%', '5:97.65%', '6:98.33%', '7:97.37%', '8:97.54%', '9:96.73%']

-----------------------------------------------------

Central server round 118 started
Model sent from central server with 100msec communication time, with loss :0.06, accuracy : 98.13%
Accuracy per label : ['0:99.39%', '1:99.12%', '2:98.35%', '3:98.22%', '4:98.47%', '5:97.65%', '6:98.33%', '7:97.37%', '8:97.54%', '9:96.73%']
The model is from round 113 from central server, staleness is 4

Cluster round 1 completed, aggregated models from all the clients, time past : 800msec, loss : 0.06, accuracy 98.08%
Accuracy per label : ['0:99.18%', '1:99.03%', '2:98.45%', '3:98.12%', '4:97.86%', '5:97.65%', '6:98.85%', '7:97.76%', '8:97.23%', '9:96.53%']

Cluster round 2 completed, aggregated models from all the clients, time past : 1500msec, loss : 0.06, accuracy 98.08%
Accuracy per label : ['0:99.08%', '1:99.03%', '2:98.26%', '3:98.32%', '4:98.07%', '5:97.65%', '6:98.64%', '7:97.76%', '8:97.43%', '9:96.43%']

Cluster round 3 completed, aggregated models from all the clients, time past : 2200msec, loss : 0.06, accuracy 98.14%
Accuracy per label : ['0:99.08%', '1:99.03%', '2:98.74%', '3:97.92%', '4:98.07%', '5:98.09%', '6:98.64%', '7:97.57%', '8:97.33%', '9:96.83%']

Before aggregation, loss : 0.06, accuracy : 98.16%
Before aggregation, accuracy per label : ['0:99.39%', '1:99.12%', '2:98.45%', '3:98.12%', '4:98.57%', '5:97.65%', '6:98.12%', '7:97.57%', '8:97.64%', '9:96.83%']
Aggregation to central server completed at central server round 250, loss : 0.05, accuracy: 98.14%, staleness : 4
Accuracy per label after aggregation : ['0:99.39%', '1:99.12%', '2:98.55%', '3:98.02%', '4:98.57%', '5:97.65%', '6:98.43%', '7:97.37%', '8:97.43%', '9:96.73%']

-----------------------------------------------------

Central server round 123 started
Model sent from central server with 100msec communication time, with loss :0.05, accuracy : 98.14%
Accuracy per label : ['0:99.39%', '1:99.12%', '2:98.55%', '3:98.02%', '4:98.57%', '5:97.65%', '6:98.43%', '7:97.37%', '8:97.43%', '9:96.73%']
The model is from round 118 from central server, staleness is 4

Cluster round 1 completed, aggregated models from all the clients, time past : 800msec, loss : 0.06, accuracy 98.20%
Accuracy per label : ['0:99.08%', '1:99.03%', '2:98.16%', '3:98.22%', '4:98.78%', '5:97.98%', '6:98.75%', '7:98.05%', '8:97.33%', '9:96.53%']

Cluster round 2 completed, aggregated models from all the clients, time past : 1500msec, loss : 0.06, accuracy 98.20%
Accuracy per label : ['0:98.98%', '1:99.03%', '2:98.06%', '3:97.92%', '4:98.57%', '5:98.09%', '6:98.96%', '7:97.86%', '8:98.05%', '9:96.43%']

Cluster round 3 completed, aggregated models from all the clients, time past : 2200msec, loss : 0.06, accuracy 98.06%
Accuracy per label : ['0:98.98%', '1:99.03%', '2:97.87%', '3:98.32%', '4:97.86%', '5:97.65%', '6:98.75%', '7:97.47%', '8:97.02%', '9:97.52%']

Before aggregation, loss : 0.05, accuracy : 98.19%
Before aggregation, accuracy per label : ['0:99.39%', '1:99.12%', '2:98.45%', '3:98.22%', '4:98.57%', '5:97.65%', '6:98.23%', '7:97.57%', '8:97.74%', '9:96.83%']
Aggregation to central server completed at central server round 250, loss : 0.05, accuracy: 98.23%, staleness : 4
Accuracy per label after aggregation : ['0:99.39%', '1:99.12%', '2:98.55%', '3:98.22%', '4:98.57%', '5:97.65%', '6:98.43%', '7:97.67%', '8:97.74%', '9:96.83%']

-----------------------------------------------------

Central server round 128 started
Model sent from central server with 100msec communication time, with loss :0.05, accuracy : 98.23%
Accuracy per label : ['0:99.39%', '1:99.12%', '2:98.55%', '3:98.22%', '4:98.57%', '5:97.65%', '6:98.43%', '7:97.67%', '8:97.74%', '9:96.83%']
The model is from round 123 from central server, staleness is 4

Cluster round 1 completed, aggregated models from all the clients, time past : 800msec, loss : 0.06, accuracy 98.01%
Accuracy per label : ['0:98.98%', '1:98.50%', '2:97.87%', '3:98.22%', '4:98.17%', '5:98.21%', '6:98.33%', '7:97.96%', '8:97.84%', '9:96.04%']

Cluster round 2 completed, aggregated models from all the clients, time past : 1500msec, loss : 0.05, accuracy 98.19%
Accuracy per label : ['0:99.08%', '1:99.12%', '2:98.16%', '3:98.32%', '4:98.57%', '5:97.98%', '6:98.33%', '7:98.15%', '8:97.54%', '9:96.53%']

Cluster round 3 completed, aggregated models from all the clients, time past : 2200msec, loss : 0.05, accuracy 98.20%
Accuracy per label : ['0:99.08%', '1:99.12%', '2:97.97%', '3:98.22%', '4:98.57%', '5:97.87%', '6:98.33%', '7:97.76%', '8:98.15%', '9:96.83%']

Before aggregation, loss : 0.05, accuracy : 98.25%
Before aggregation, accuracy per label : ['0:99.39%', '1:99.12%', '2:98.55%', '3:98.22%', '4:98.68%', '5:97.76%', '6:98.23%', '7:97.67%', '8:97.84%', '9:96.93%']
Aggregation to central server completed at central server round 250, loss : 0.05, accuracy: 98.25%, staleness : 4
Accuracy per label after aggregation : ['0:99.29%', '1:99.12%', '2:98.55%', '3:98.12%', '4:98.68%', '5:97.87%', '6:98.43%', '7:97.67%', '8:97.84%', '9:96.83%']

-----------------------------------------------------

Central server round 133 started
Model sent from central server with 100msec communication time, with loss :0.05, accuracy : 98.25%
Accuracy per label : ['0:99.29%', '1:99.12%', '2:98.55%', '3:98.12%', '4:98.68%', '5:97.87%', '6:98.43%', '7:97.67%', '8:97.84%', '9:96.83%']
The model is from round 128 from central server, staleness is 4

Cluster round 1 completed, aggregated models from all the clients, time past : 800msec, loss : 0.05, accuracy 98.16%
Accuracy per label : ['0:99.08%', '1:99.12%', '2:98.16%', '3:98.22%', '4:98.37%', '5:97.76%', '6:98.43%', '7:98.05%', '8:97.64%', '9:96.63%']

Cluster round 2 completed, aggregated models from all the clients, time past : 1500msec, loss : 0.05, accuracy 98.16%
Accuracy per label : ['0:99.18%', '1:99.03%', '2:97.77%', '3:98.42%', '4:98.27%', '5:97.65%', '6:98.43%', '7:97.96%', '8:97.95%', '9:96.83%']

Cluster round 3 completed, aggregated models from all the clients, time past : 2200msec, loss : 0.05, accuracy 98.24%
Accuracy per label : ['0:99.08%', '1:99.03%', '2:97.97%', '3:98.12%', '4:98.98%', '5:97.87%', '6:98.64%', '7:98.15%', '8:97.64%', '9:96.83%']

Before aggregation, loss : 0.05, accuracy : 98.27%
Before aggregation, accuracy per label : ['0:99.39%', '1:99.12%', '2:98.45%', '3:98.22%', '4:98.68%', '5:97.87%', '6:98.23%', '7:97.76%', '8:97.95%', '9:96.93%']
Aggregation to central server completed at central server round 250, loss : 0.05, accuracy: 98.28%, staleness : 4
Accuracy per label after aggregation : ['0:99.39%', '1:99.12%', '2:98.45%', '3:98.22%', '4:98.68%', '5:97.87%', '6:98.43%', '7:97.86%', '8:97.84%', '9:96.83%']

-----------------------------------------------------

Central server round 138 started
Model sent from central server with 100msec communication time, with loss :0.05, accuracy : 98.28%
Accuracy per label : ['0:99.39%', '1:99.12%', '2:98.45%', '3:98.22%', '4:98.68%', '5:97.87%', '6:98.43%', '7:97.86%', '8:97.84%', '9:96.83%']
The model is from round 133 from central server, staleness is 4

Cluster round 1 completed, aggregated models from all the clients, time past : 800msec, loss : 0.05, accuracy 98.23%
Accuracy per label : ['0:99.39%', '1:99.12%', '2:98.06%', '3:98.32%', '4:98.68%', '5:97.65%', '6:98.43%', '7:97.86%', '8:97.74%', '9:96.93%']

Cluster round 2 completed, aggregated models from all the clients, time past : 1500msec, loss : 0.05, accuracy 98.17%
Accuracy per label : ['0:99.29%', '1:99.12%', '2:98.45%', '3:98.51%', '4:98.47%', '5:97.53%', '6:98.43%', '7:97.76%', '8:97.43%', '9:96.53%']

Cluster round 3 completed, aggregated models from all the clients, time past : 2200msec, loss : 0.05, accuracy 98.12%
Accuracy per label : ['0:99.08%', '1:98.94%', '2:97.67%', '3:98.32%', '4:98.27%', '5:97.42%', '6:98.64%', '7:98.05%', '8:97.74%', '9:96.93%']

Before aggregation, loss : 0.05, accuracy : 98.32%
Before aggregation, accuracy per label : ['0:99.39%', '1:99.12%', '2:98.55%', '3:98.51%', '4:98.68%', '5:97.87%', '6:98.33%', '7:97.76%', '8:97.84%', '9:97.03%']
Aggregation to central server completed at central server round 250, loss : 0.05, accuracy: 98.31%, staleness : 4
Accuracy per label after aggregation : ['0:99.39%', '1:99.12%', '2:98.55%', '3:98.42%', '4:98.57%', '5:97.87%', '6:98.43%', '7:97.86%', '8:97.95%', '9:96.83%']

-----------------------------------------------------

Central server round 143 started
Model sent from central server with 100msec communication time, with loss :0.05, accuracy : 98.31%
Accuracy per label : ['0:99.39%', '1:99.12%', '2:98.55%', '3:98.42%', '4:98.57%', '5:97.87%', '6:98.43%', '7:97.86%', '8:97.95%', '9:96.83%']
The model is from round 138 from central server, staleness is 4

Cluster round 1 completed, aggregated models from all the clients, time past : 800msec, loss : 0.05, accuracy 98.26%
Accuracy per label : ['0:99.08%', '1:99.03%', '2:98.74%', '3:98.22%', '4:98.78%', '5:98.43%', '6:98.33%', '7:97.86%', '8:97.74%', '9:96.33%']

Cluster round 2 completed, aggregated models from all the clients, time past : 1500msec, loss : 0.05, accuracy 98.23%
Accuracy per label : ['0:99.08%', '1:99.03%', '2:98.16%', '3:98.32%', '4:98.98%', '5:97.65%', '6:98.64%', '7:98.05%', '8:97.84%', '9:96.43%']

Cluster round 3 completed, aggregated models from all the clients, time past : 2200msec, loss : 0.05, accuracy 98.24%
Accuracy per label : ['0:99.08%', '1:99.03%', '2:97.97%', '3:98.22%', '4:98.68%', '5:97.87%', '6:98.64%', '7:98.35%', '8:97.84%', '9:96.63%']

Before aggregation, loss : 0.05, accuracy : 98.35%
Before aggregation, accuracy per label : ['0:99.39%', '1:99.12%', '2:98.64%', '3:98.51%', '4:98.57%', '5:97.87%', '6:98.33%', '7:97.76%', '8:98.05%', '9:97.13%']
Aggregation to central server completed at central server round 250, loss : 0.05, accuracy: 98.34%, staleness : 4
Accuracy per label after aggregation : ['0:99.39%', '1:99.12%', '2:98.55%', '3:98.42%', '4:98.57%', '5:97.87%', '6:98.43%', '7:97.96%', '8:98.15%', '9:96.83%']

-----------------------------------------------------

Central server round 148 started
Model sent from central server with 100msec communication time, with loss :0.05, accuracy : 98.34%
Accuracy per label : ['0:99.39%', '1:99.12%', '2:98.55%', '3:98.42%', '4:98.57%', '5:97.87%', '6:98.43%', '7:97.96%', '8:98.15%', '9:96.83%']
The model is from round 143 from central server, staleness is 4

Cluster round 1 completed, aggregated models from all the clients, time past : 800msec, loss : 0.05, accuracy 98.31%
Accuracy per label : ['0:99.39%', '1:99.12%', '2:98.55%', '3:98.32%', '4:98.68%', '5:98.21%', '6:98.43%', '7:97.76%', '8:97.95%', '9:96.63%']

Cluster round 2 completed, aggregated models from all the clients, time past : 1500msec, loss : 0.05, accuracy 98.22%
Accuracy per label : ['0:99.29%', '1:99.03%', '2:98.64%', '3:98.32%', '4:98.68%', '5:97.98%', '6:98.54%', '7:97.76%', '8:97.43%', '9:96.43%']

Cluster round 3 completed, aggregated models from all the clients, time past : 2200msec, loss : 0.05, accuracy 98.21%
Accuracy per label : ['0:99.08%', '1:99.03%', '2:98.06%', '3:98.42%', '4:98.27%', '5:97.65%', '6:98.64%', '7:97.86%', '8:98.05%', '9:96.93%']

Before aggregation, loss : 0.05, accuracy : 98.35%
Before aggregation, accuracy per label : ['0:99.39%', '1:99.12%', '2:98.45%', '3:98.42%', '4:98.57%', '5:97.87%', '6:98.33%', '7:97.86%', '8:98.05%', '9:97.32%']
Aggregation to central server completed at central server round 250, loss : 0.05, accuracy: 98.35%, staleness : 4
Accuracy per label after aggregation : ['0:99.39%', '1:99.12%', '2:98.55%', '3:98.42%', '4:98.57%', '5:97.87%', '6:98.43%', '7:97.86%', '8:98.15%', '9:97.03%']

-----------------------------------------------------

Central server round 153 started
Model sent from central server with 100msec communication time, with loss :0.05, accuracy : 98.35%
Accuracy per label : ['0:99.39%', '1:99.12%', '2:98.55%', '3:98.42%', '4:98.57%', '5:97.87%', '6:98.43%', '7:97.86%', '8:98.15%', '9:97.03%']
The model is from round 148 from central server, staleness is 4

Cluster round 1 completed, aggregated models from all the clients, time past : 800msec, loss : 0.05, accuracy 98.27%
Accuracy per label : ['0:99.18%', '1:99.12%', '2:98.35%', '3:98.32%', '4:98.17%', '5:97.65%', '6:98.54%', '7:98.25%', '8:98.36%', '9:96.63%']

Cluster round 2 completed, aggregated models from all the clients, time past : 1500msec, loss : 0.05, accuracy 98.17%
Accuracy per label : ['0:99.08%', '1:99.03%', '2:98.06%', '3:98.32%', '4:98.47%', '5:97.98%', '6:98.54%', '7:97.96%', '8:97.33%', '9:96.83%']

Cluster round 3 completed, aggregated models from all the clients, time past : 2200msec, loss : 0.05, accuracy 98.26%
Accuracy per label : ['0:99.08%', '1:99.12%', '2:98.35%', '3:98.42%', '4:98.98%', '5:97.87%', '6:98.54%', '7:97.67%', '8:97.74%', '9:96.73%']

Before aggregation, loss : 0.05, accuracy : 98.36%
Before aggregation, accuracy per label : ['0:99.39%', '1:99.12%', '2:98.64%', '3:98.51%', '4:98.57%', '5:97.87%', '6:98.33%', '7:97.86%', '8:98.05%', '9:97.13%']
Aggregation to central server completed at central server round 250, loss : 0.05, accuracy: 98.36%, staleness : 4
Accuracy per label after aggregation : ['0:99.39%', '1:99.12%', '2:98.55%', '3:98.42%', '4:98.57%', '5:97.87%', '6:98.43%', '7:97.96%', '8:98.05%', '9:97.13%']

-----------------------------------------------------

Central server round 158 started
Model sent from central server with 100msec communication time, with loss :0.05, accuracy : 98.36%
Accuracy per label : ['0:99.39%', '1:99.12%', '2:98.55%', '3:98.42%', '4:98.57%', '5:97.87%', '6:98.43%', '7:97.96%', '8:98.05%', '9:97.13%']
The model is from round 153 from central server, staleness is 4

Cluster round 1 completed, aggregated models from all the clients, time past : 800msec, loss : 0.05, accuracy 98.26%
Accuracy per label : ['0:99.39%', '1:98.68%', '2:98.64%', '3:98.42%', '4:98.17%', '5:98.09%', '6:98.43%', '7:97.57%', '8:98.15%', '9:97.03%']

Cluster round 2 completed, aggregated models from all the clients, time past : 1500msec, loss : 0.05, accuracy 98.37%
Accuracy per label : ['0:99.08%', '1:99.12%', '2:98.26%', '3:98.32%', '4:98.37%', '5:97.87%', '6:98.64%', '7:97.86%', '8:98.15%', '9:97.92%']

Cluster round 3 completed, aggregated models from all the clients, time past : 2200msec, loss : 0.05, accuracy 98.20%
Accuracy per label : ['0:99.08%', '1:99.47%', '2:98.35%', '3:98.42%', '4:98.88%', '5:97.42%', '6:98.64%', '7:97.96%', '8:97.23%', '9:96.33%']

Before aggregation, loss : 0.05, accuracy : 98.35%
Before aggregation, accuracy per label : ['0:99.39%', '1:99.12%', '2:98.64%', '3:98.42%', '4:98.57%', '5:97.87%', '6:98.33%', '7:97.96%', '8:97.95%', '9:97.13%']
Aggregation to central server completed at central server round 250, loss : 0.05, accuracy: 98.38%, staleness : 4
Accuracy per label after aggregation : ['0:99.39%', '1:99.21%', '2:98.55%', '3:98.42%', '4:98.57%', '5:97.87%', '6:98.43%', '7:98.05%', '8:98.05%', '9:97.13%']

-----------------------------------------------------

Central server round 163 started
Model sent from central server with 100msec communication time, with loss :0.05, accuracy : 98.38%
Accuracy per label : ['0:99.39%', '1:99.21%', '2:98.55%', '3:98.42%', '4:98.57%', '5:97.87%', '6:98.43%', '7:98.05%', '8:98.05%', '9:97.13%']
The model is from round 158 from central server, staleness is 4

Cluster round 1 completed, aggregated models from all the clients, time past : 800msec, loss : 0.05, accuracy 98.32%
Accuracy per label : ['0:99.29%', '1:99.12%', '2:98.35%', '3:98.32%', '4:98.88%', '5:97.76%', '6:98.64%', '7:97.86%', '8:98.15%', '9:96.73%']

Cluster round 2 completed, aggregated models from all the clients, time past : 1500msec, loss : 0.05, accuracy 98.20%
Accuracy per label : ['0:99.18%', '1:99.38%', '2:98.16%', '3:98.42%', '4:98.98%', '5:97.87%', '6:98.33%', '7:97.86%', '8:97.74%', '9:95.94%']

Cluster round 3 completed, aggregated models from all the clients, time past : 2200msec, loss : 0.05, accuracy 98.35%
Accuracy per label : ['0:99.08%', '1:99.12%', '2:98.26%', '3:98.32%', '4:98.98%', '5:98.32%', '6:98.64%', '7:97.86%', '8:97.95%', '9:96.93%']

Before aggregation, loss : 0.05, accuracy : 98.37%
Before aggregation, accuracy per label : ['0:99.39%', '1:99.21%', '2:98.64%', '3:98.61%', '4:98.47%', '5:97.87%', '6:98.33%', '7:97.96%', '8:97.95%', '9:97.13%']
Aggregation to central server completed at central server round 250, loss : 0.05, accuracy: 98.37%, staleness : 4
Accuracy per label after aggregation : ['0:99.39%', '1:99.30%', '2:98.55%', '3:98.42%', '4:98.57%', '5:97.87%', '6:98.43%', '7:98.05%', '8:97.95%', '9:97.03%']

-----------------------------------------------------

Central server round 168 started
Model sent from central server with 100msec communication time, with loss :0.05, accuracy : 98.37%
Accuracy per label : ['0:99.39%', '1:99.30%', '2:98.55%', '3:98.42%', '4:98.57%', '5:97.87%', '6:98.43%', '7:98.05%', '8:97.95%', '9:97.03%']
The model is from round 163 from central server, staleness is 4

Cluster round 1 completed, aggregated models from all the clients, time past : 800msec, loss : 0.05, accuracy 98.18%
Accuracy per label : ['0:99.18%', '1:99.21%', '2:98.35%', '3:98.42%', '4:98.37%', '5:98.32%', '6:98.43%', '7:98.35%', '8:96.92%', '9:96.13%']

Cluster round 2 completed, aggregated models from all the clients, time past : 1500msec, loss : 0.05, accuracy 98.21%
Accuracy per label : ['0:99.08%', '1:98.94%', '2:98.74%', '3:98.51%', '4:98.57%', '5:97.76%', '6:98.54%', '7:97.67%', '8:97.84%', '9:96.33%']

Cluster round 3 completed, aggregated models from all the clients, time past : 2200msec, loss : 0.05, accuracy 98.27%
Accuracy per label : ['0:99.18%', '1:99.30%', '2:98.35%', '3:98.61%', '4:98.07%', '5:97.53%', '6:98.54%', '7:97.86%', '8:97.74%', '9:97.32%']

Before aggregation, loss : 0.05, accuracy : 98.37%
Before aggregation, accuracy per label : ['0:99.39%', '1:99.30%', '2:98.64%', '3:98.51%', '4:98.47%', '5:97.87%', '6:98.33%', '7:97.96%', '8:97.95%', '9:97.13%']
Aggregation to central server completed at central server round 250, loss : 0.05, accuracy: 98.35%, staleness : 4
Accuracy per label after aggregation : ['0:99.39%', '1:99.30%', '2:98.55%', '3:98.51%', '4:98.47%', '5:97.87%', '6:98.23%', '7:98.05%', '8:97.95%', '9:97.03%']

-----------------------------------------------------

Central server round 173 started
Model sent from central server with 100msec communication time, with loss :0.05, accuracy : 98.35%
Accuracy per label : ['0:99.39%', '1:99.30%', '2:98.55%', '3:98.51%', '4:98.47%', '5:97.87%', '6:98.23%', '7:98.05%', '8:97.95%', '9:97.03%']
The model is from round 168 from central server, staleness is 4

Cluster round 1 completed, aggregated models from all the clients, time past : 800msec, loss : 0.05, accuracy 98.28%
Accuracy per label : ['0:99.18%', '1:99.12%', '2:98.84%', '3:98.51%', '4:99.08%', '5:97.76%', '6:98.64%', '7:97.67%', '8:97.74%', '9:96.13%']

Cluster round 2 completed, aggregated models from all the clients, time past : 1500msec, loss : 0.05, accuracy 98.26%
Accuracy per label : ['0:99.18%', '1:99.56%', '2:98.35%', '3:98.42%', '4:98.88%', '5:97.87%', '6:98.43%', '7:98.25%', '8:97.33%', '9:96.13%']

Cluster round 3 completed, aggregated models from all the clients, time past : 2200msec, loss : 0.05, accuracy 98.34%
Accuracy per label : ['0:99.18%', '1:99.21%', '2:98.45%', '3:98.42%', '4:99.08%', '5:97.98%', '6:98.43%', '7:97.76%', '8:98.15%', '9:96.63%']

Before aggregation, loss : 0.05, accuracy : 98.42%
Before aggregation, accuracy per label : ['0:99.39%', '1:99.38%', '2:98.64%', '3:98.71%', '4:98.78%', '5:97.87%', '6:98.23%', '7:97.96%', '8:97.95%', '9:97.13%']
Aggregation to central server completed at central server round 250, loss : 0.05, accuracy: 98.38%, staleness : 4
Accuracy per label after aggregation : ['0:99.39%', '1:99.30%', '2:98.55%', '3:98.42%', '4:98.78%', '5:97.87%', '6:98.23%', '7:97.96%', '8:98.05%', '9:97.13%']

-----------------------------------------------------

Central server round 178 started
Model sent from central server with 100msec communication time, with loss :0.05, accuracy : 98.38%
Accuracy per label : ['0:99.39%', '1:99.30%', '2:98.55%', '3:98.42%', '4:98.78%', '5:97.87%', '6:98.23%', '7:97.96%', '8:98.05%', '9:97.13%']
The model is from round 173 from central server, staleness is 4

Cluster round 1 completed, aggregated models from all the clients, time past : 800msec, loss : 0.05, accuracy 98.25%
Accuracy per label : ['0:99.18%', '1:99.03%', '2:98.64%', '3:98.81%', '4:98.78%', '5:98.09%', '6:98.54%', '7:97.57%', '8:97.23%', '9:96.53%']

Cluster round 2 completed, aggregated models from all the clients, time past : 1500msec, loss : 0.05, accuracy 98.37%
Accuracy per label : ['0:99.08%', '1:99.30%', '2:98.45%', '3:98.61%', '4:99.08%', '5:97.87%', '6:98.64%', '7:98.15%', '8:97.33%', '9:97.03%']

Cluster round 3 completed, aggregated models from all the clients, time past : 2200msec, loss : 0.05, accuracy 98.35%
Accuracy per label : ['0:99.08%', '1:99.21%', '2:98.35%', '3:98.51%', '4:98.78%', '5:98.32%', '6:98.64%', '7:97.96%', '8:97.54%', '9:97.03%']

Before aggregation, loss : 0.05, accuracy : 98.43%
Before aggregation, accuracy per label : ['0:99.39%', '1:99.47%', '2:98.64%', '3:98.71%', '4:98.78%', '5:97.87%', '6:98.12%', '7:97.96%', '8:98.05%', '9:97.13%']
Aggregation to central server completed at central server round 250, loss : 0.05, accuracy: 98.41%, staleness : 4
Accuracy per label after aggregation : ['0:99.39%', '1:99.38%', '2:98.64%', '3:98.71%', '4:98.57%', '5:97.87%', '6:98.23%', '7:97.96%', '8:98.05%', '9:97.13%']

-----------------------------------------------------

Central server round 183 started
Model sent from central server with 100msec communication time, with loss :0.05, accuracy : 98.41%
Accuracy per label : ['0:99.39%', '1:99.38%', '2:98.64%', '3:98.71%', '4:98.57%', '5:97.87%', '6:98.23%', '7:97.96%', '8:98.05%', '9:97.13%']
The model is from round 178 from central server, staleness is 4

Cluster round 1 completed, aggregated models from all the clients, time past : 800msec, loss : 0.05, accuracy 98.37%
Accuracy per label : ['0:99.08%', '1:99.12%', '2:98.45%', '3:98.91%', '4:98.17%', '5:97.76%', '6:98.54%', '7:97.57%', '8:98.25%', '9:97.72%']

Cluster round 2 completed, aggregated models from all the clients, time past : 1500msec, loss : 0.05, accuracy 98.38%
Accuracy per label : ['0:99.18%', '1:99.03%', '2:98.93%', '3:98.32%', '4:98.88%', '5:97.87%', '6:98.64%', '7:97.76%', '8:98.25%', '9:96.83%']

Cluster round 3 completed, aggregated models from all the clients, time past : 2200msec, loss : 0.05, accuracy 98.36%
Accuracy per label : ['0:99.08%', '1:99.38%', '2:98.74%', '3:98.42%', '4:98.98%', '5:97.98%', '6:98.64%', '7:98.05%', '8:97.54%', '9:96.63%']

Before aggregation, loss : 0.05, accuracy : 98.44%
Before aggregation, accuracy per label : ['0:99.39%', '1:99.47%', '2:98.55%', '3:98.71%', '4:98.78%', '5:97.87%', '6:98.12%', '7:97.96%', '8:98.05%', '9:97.32%']
Aggregation to central server completed at central server round 250, loss : 0.05, accuracy: 98.43%, staleness : 4
Accuracy per label after aggregation : ['0:99.39%', '1:99.47%', '2:98.45%', '3:98.71%', '4:98.68%', '5:97.87%', '6:98.23%', '7:98.05%', '8:98.05%', '9:97.22%']

-----------------------------------------------------

Central server round 188 started
Model sent from central server with 100msec communication time, with loss :0.05, accuracy : 98.43%
Accuracy per label : ['0:99.39%', '1:99.47%', '2:98.45%', '3:98.71%', '4:98.68%', '5:97.87%', '6:98.23%', '7:98.05%', '8:98.05%', '9:97.22%']
The model is from round 183 from central server, staleness is 4

Cluster round 1 completed, aggregated models from all the clients, time past : 800msec, loss : 0.05, accuracy 98.39%
Accuracy per label : ['0:99.39%', '1:99.21%', '2:98.64%', '3:98.51%', '4:97.86%', '5:98.21%', '6:98.64%', '7:97.57%', '8:98.36%', '9:97.42%']

Cluster round 2 completed, aggregated models from all the clients, time past : 1500msec, loss : 0.05, accuracy 98.40%
Accuracy per label : ['0:99.18%', '1:99.30%', '2:98.74%', '3:98.42%', '4:98.68%', '5:97.87%', '6:98.54%', '7:98.05%', '8:98.36%', '9:96.73%']

Cluster round 3 completed, aggregated models from all the clients, time past : 2200msec, loss : 0.05, accuracy 98.40%
Accuracy per label : ['0:99.18%', '1:99.38%', '2:98.35%', '3:98.61%', '4:99.19%', '5:98.09%', '6:98.43%', '7:97.96%', '8:98.05%', '9:96.63%']

Before aggregation, loss : 0.05, accuracy : 98.46%
Before aggregation, accuracy per label : ['0:99.39%', '1:99.47%', '2:98.55%', '3:98.81%', '4:98.78%', '5:97.87%', '6:98.12%', '7:98.15%', '8:98.05%', '9:97.22%']
Aggregation to central server completed at central server round 250, loss : 0.05, accuracy: 98.45%, staleness : 4
Accuracy per label after aggregation : ['0:99.39%', '1:99.47%', '2:98.45%', '3:98.81%', '4:98.78%', '5:97.87%', '6:98.12%', '7:98.15%', '8:98.05%', '9:97.22%']

-----------------------------------------------------

Central server round 193 started
Model sent from central server with 100msec communication time, with loss :0.05, accuracy : 98.45%
Accuracy per label : ['0:99.39%', '1:99.47%', '2:98.45%', '3:98.81%', '4:98.78%', '5:97.87%', '6:98.12%', '7:98.15%', '8:98.05%', '9:97.22%']
The model is from round 188 from central server, staleness is 4

Cluster round 1 completed, aggregated models from all the clients, time past : 800msec, loss : 0.05, accuracy 98.49%
Accuracy per label : ['0:99.08%', '1:99.30%', '2:98.93%', '3:98.61%', '4:98.98%', '5:97.65%', '6:98.64%', '7:98.05%', '8:98.56%', '9:96.93%']

Cluster round 2 completed, aggregated models from all the clients, time past : 1500msec, loss : 0.05, accuracy 98.37%
Accuracy per label : ['0:99.18%', '1:99.30%', '2:98.26%', '3:98.71%', '4:99.19%', '5:97.76%', '6:98.54%', '7:98.35%', '8:97.74%', '9:96.53%']

Cluster round 3 completed, aggregated models from all the clients, time past : 2200msec, loss : 0.05, accuracy 98.39%
Accuracy per label : ['0:99.18%', '1:98.94%', '2:98.64%', '3:98.81%', '4:98.78%', '5:97.98%', '6:98.54%', '7:97.76%', '8:98.56%', '9:96.63%']

Before aggregation, loss : 0.05, accuracy : 98.47%
Before aggregation, accuracy per label : ['0:99.39%', '1:99.47%', '2:98.55%', '3:98.91%', '4:98.78%', '5:97.98%', '6:98.12%', '7:98.15%', '8:98.05%', '9:97.13%']
Aggregation to central server completed at central server round 250, loss : 0.05, accuracy: 98.46%, staleness : 4
Accuracy per label after aggregation : ['0:99.39%', '1:99.47%', '2:98.55%', '3:98.91%', '4:98.78%', '5:97.87%', '6:98.12%', '7:98.15%', '8:98.05%', '9:97.13%']

-----------------------------------------------------

Central server round 198 started
Model sent from central server with 100msec communication time, with loss :0.05, accuracy : 98.46%
Accuracy per label : ['0:99.39%', '1:99.47%', '2:98.55%', '3:98.91%', '4:98.78%', '5:97.87%', '6:98.12%', '7:98.15%', '8:98.05%', '9:97.13%']
The model is from round 193 from central server, staleness is 4

Cluster round 1 completed, aggregated models from all the clients, time past : 800msec, loss : 0.05, accuracy 98.33%
Accuracy per label : ['0:99.08%', '1:99.30%', '2:98.35%', '3:98.91%', '4:98.57%', '5:97.87%', '6:98.64%', '7:97.96%', '8:97.64%', '9:96.83%']

Cluster round 2 completed, aggregated models from all the clients, time past : 1500msec, loss : 0.05, accuracy 98.41%
Accuracy per label : ['0:99.08%', '1:99.47%', '2:98.55%', '3:98.61%', '4:99.08%', '5:98.09%', '6:98.64%', '7:97.67%', '8:97.74%', '9:97.03%']

Cluster round 3 completed, aggregated models from all the clients, time past : 2200msec, loss : 0.05, accuracy 98.41%
Accuracy per label : ['0:99.18%', '1:99.30%', '2:98.55%', '3:98.91%', '4:98.78%', '5:97.76%', '6:98.43%', '7:97.86%', '8:98.56%', '9:96.63%']

Before aggregation, loss : 0.05, accuracy : 98.48%
Before aggregation, accuracy per label : ['0:99.39%', '1:99.47%', '2:98.45%', '3:98.91%', '4:98.78%', '5:97.98%', '6:98.12%', '7:98.25%', '8:98.05%', '9:97.22%']
Aggregation to central server completed at central server round 250, loss : 0.05, accuracy: 98.49%, staleness : 4
Accuracy per label after aggregation : ['0:99.39%', '1:99.47%', '2:98.45%', '3:98.91%', '4:98.78%', '5:97.87%', '6:98.23%', '7:98.25%', '8:98.25%', '9:97.13%']

-----------------------------------------------------

Central server round 203 started
Model sent from central server with 100msec communication time, with loss :0.05, accuracy : 98.49%
Accuracy per label : ['0:99.39%', '1:99.47%', '2:98.45%', '3:98.91%', '4:98.78%', '5:97.87%', '6:98.23%', '7:98.25%', '8:98.25%', '9:97.13%']
The model is from round 198 from central server, staleness is 4

Cluster round 1 completed, aggregated models from all the clients, time past : 800msec, loss : 0.05, accuracy 98.46%
Accuracy per label : ['0:99.08%', '1:99.47%', '2:98.55%', '3:98.32%', '4:98.98%', '5:98.32%', '6:98.75%', '7:98.15%', '8:97.64%', '9:97.22%']

Cluster round 2 completed, aggregated models from all the clients, time past : 1500msec, loss : 0.05, accuracy 98.41%
Accuracy per label : ['0:99.29%', '1:99.12%', '2:98.74%', '3:98.71%', '4:98.98%', '5:98.09%', '6:98.64%', '7:97.57%', '8:98.05%', '9:96.83%']

Cluster round 3 completed, aggregated models from all the clients, time past : 2200msec, loss : 0.05, accuracy 98.40%
Accuracy per label : ['0:99.18%', '1:99.12%', '2:98.55%', '3:98.91%', '4:99.19%', '5:97.87%', '6:98.54%', '7:98.15%', '8:97.95%', '9:96.43%']

Before aggregation, loss : 0.05, accuracy : 98.53%
Before aggregation, accuracy per label : ['0:99.39%', '1:99.47%', '2:98.64%', '3:98.91%', '4:98.78%', '5:97.98%', '6:98.23%', '7:98.35%', '8:98.15%', '9:97.22%']
Aggregation to central server completed at central server round 250, loss : 0.04, accuracy: 98.51%, staleness : 4
Accuracy per label after aggregation : ['0:99.39%', '1:99.47%', '2:98.64%', '3:98.91%', '4:98.78%', '5:97.87%', '6:98.23%', '7:98.25%', '8:98.25%', '9:97.13%']

-----------------------------------------------------

Central server round 208 started
Model sent from central server with 100msec communication time, with loss :0.04, accuracy : 98.51%
Accuracy per label : ['0:99.39%', '1:99.47%', '2:98.64%', '3:98.91%', '4:98.78%', '5:97.87%', '6:98.23%', '7:98.25%', '8:98.25%', '9:97.13%']
The model is from round 203 from central server, staleness is 4

Cluster round 1 completed, aggregated models from all the clients, time past : 800msec, loss : 0.05, accuracy 98.38%
Accuracy per label : ['0:99.18%', '1:99.47%', '2:98.74%', '3:98.91%', '4:98.88%', '5:97.87%', '6:98.64%', '7:98.15%', '8:96.92%', '9:96.83%']

Cluster round 2 completed, aggregated models from all the clients, time past : 1500msec, loss : 0.05, accuracy 98.47%
Accuracy per label : ['0:99.29%', '1:99.21%', '2:98.93%', '3:98.81%', '4:98.68%', '5:97.98%', '6:98.64%', '7:97.57%', '8:98.36%', '9:97.13%']

Cluster round 3 completed, aggregated models from all the clients, time past : 2200msec, loss : 0.05, accuracy 98.43%
Accuracy per label : ['0:99.18%', '1:99.30%', '2:98.35%', '3:98.71%', '4:98.88%', '5:98.09%', '6:98.64%', '7:97.96%', '8:97.43%', '9:97.62%']

Before aggregation, loss : 0.04, accuracy : 98.50%
Before aggregation, accuracy per label : ['0:99.39%', '1:99.47%', '2:98.64%', '3:98.91%', '4:98.78%', '5:97.98%', '6:98.12%', '7:98.35%', '8:98.05%', '9:97.13%']
Aggregation to central server completed at central server round 250, loss : 0.04, accuracy: 98.51%, staleness : 4
Accuracy per label after aggregation : ['0:99.39%', '1:99.47%', '2:98.55%', '3:99.01%', '4:98.78%', '5:97.98%', '6:98.23%', '7:98.35%', '8:98.05%', '9:97.13%']

-----------------------------------------------------

Central server round 213 started
Model sent from central server with 100msec communication time, with loss :0.04, accuracy : 98.51%
Accuracy per label : ['0:99.39%', '1:99.47%', '2:98.55%', '3:99.01%', '4:98.78%', '5:97.98%', '6:98.23%', '7:98.35%', '8:98.05%', '9:97.13%']
The model is from round 208 from central server, staleness is 4

Cluster round 1 completed, aggregated models from all the clients, time past : 800msec, loss : 0.05, accuracy 98.49%
Accuracy per label : ['0:99.39%', '1:99.38%', '2:98.84%', '3:98.71%', '4:98.98%', '5:97.76%', '6:98.64%', '7:98.05%', '8:98.46%', '9:96.53%']

Cluster round 2 completed, aggregated models from all the clients, time past : 1500msec, loss : 0.05, accuracy 98.48%
Accuracy per label : ['0:99.18%', '1:99.21%', '2:98.45%', '3:98.81%', '4:98.27%', '5:97.87%', '6:98.64%', '7:98.05%', '8:98.25%', '9:97.92%']

Cluster round 3 completed, aggregated models from all the clients, time past : 2200msec, loss : 0.05, accuracy 98.35%
Accuracy per label : ['0:99.18%', '1:98.94%', '2:98.93%', '3:98.61%', '4:98.88%', '5:98.09%', '6:98.54%', '7:97.86%', '8:97.64%', '9:96.73%']

Before aggregation, loss : 0.04, accuracy : 98.56%
Before aggregation, accuracy per label : ['0:99.39%', '1:99.65%', '2:98.74%', '3:99.01%', '4:98.78%', '5:97.87%', '6:98.23%', '7:98.25%', '8:98.15%', '9:97.32%']
Aggregation to central server completed at central server round 250, loss : 0.04, accuracy: 98.53%, staleness : 4
Accuracy per label after aggregation : ['0:99.39%', '1:99.65%', '2:98.74%', '3:98.91%', '4:98.78%', '5:97.98%', '6:98.23%', '7:98.25%', '8:98.05%', '9:97.13%']

-----------------------------------------------------

Central server round 218 started
Model sent from central server with 100msec communication time, with loss :0.04, accuracy : 98.53%
Accuracy per label : ['0:99.39%', '1:99.65%', '2:98.74%', '3:98.91%', '4:98.78%', '5:97.98%', '6:98.23%', '7:98.25%', '8:98.05%', '9:97.13%']
The model is from round 213 from central server, staleness is 4

Cluster round 1 completed, aggregated models from all the clients, time past : 800msec, loss : 0.05, accuracy 98.43%
Accuracy per label : ['0:99.08%', '1:99.21%', '2:98.55%', '3:99.01%', '4:98.78%', '5:98.09%', '6:98.54%', '7:98.15%', '8:98.05%', '9:96.73%']

Cluster round 2 completed, aggregated models from all the clients, time past : 1500msec, loss : 0.05, accuracy 98.39%
Accuracy per label : ['0:99.18%', '1:98.94%', '2:98.74%', '3:98.71%', '4:98.98%', '5:97.87%', '6:98.43%', '7:97.86%', '8:98.77%', '9:96.33%']

Cluster round 3 completed, aggregated models from all the clients, time past : 2200msec, loss : 0.05, accuracy 98.43%
Accuracy per label : ['0:99.08%', '1:99.30%', '2:98.93%', '3:98.42%', '4:99.19%', '5:98.09%', '6:98.64%', '7:98.25%', '8:97.74%', '9:96.53%']

Before aggregation, loss : 0.04, accuracy : 98.52%
Before aggregation, accuracy per label : ['0:99.39%', '1:99.65%', '2:98.74%', '3:98.91%', '4:98.78%', '5:97.87%', '6:98.23%', '7:98.25%', '8:98.05%', '9:97.13%']
Aggregation to central server completed at central server round 250, loss : 0.04, accuracy: 98.55%, staleness : 4
Accuracy per label after aggregation : ['0:99.39%', '1:99.65%', '2:98.84%', '3:98.91%', '4:98.78%', '5:98.09%', '6:98.23%', '7:98.15%', '8:98.15%', '9:97.13%']

-----------------------------------------------------

Central server round 223 started
Model sent from central server with 100msec communication time, with loss :0.04, accuracy : 98.55%
Accuracy per label : ['0:99.39%', '1:99.65%', '2:98.84%', '3:98.91%', '4:98.78%', '5:98.09%', '6:98.23%', '7:98.15%', '8:98.15%', '9:97.13%']
The model is from round 218 from central server, staleness is 4

Cluster round 1 completed, aggregated models from all the clients, time past : 800msec, loss : 0.05, accuracy 98.51%
Accuracy per label : ['0:99.39%', '1:99.30%', '2:98.64%', '3:99.11%', '4:98.78%', '5:97.76%', '6:98.64%', '7:97.86%', '8:98.36%', '9:97.13%']

Cluster round 2 completed, aggregated models from all the clients, time past : 1500msec, loss : 0.05, accuracy 98.50%
Accuracy per label : ['0:99.29%', '1:99.47%', '2:98.84%', '3:98.71%', '4:99.19%', '5:97.76%', '6:98.64%', '7:98.05%', '8:98.15%', '9:96.73%']

Cluster round 3 completed, aggregated models from all the clients, time past : 2200msec, loss : 0.05, accuracy 98.52%
Accuracy per label : ['0:99.29%', '1:99.21%', '2:98.93%', '3:98.51%', '4:98.78%', '5:98.21%', '6:98.64%', '7:97.86%', '8:98.15%', '9:97.52%']

Before aggregation, loss : 0.04, accuracy : 98.57%
Before aggregation, accuracy per label : ['0:99.39%', '1:99.65%', '2:98.84%', '3:98.91%', '4:98.88%', '5:98.09%', '6:98.23%', '7:98.15%', '8:98.15%', '9:97.22%']
Aggregation to central server completed at central server round 250, loss : 0.04, accuracy: 98.59%, staleness : 4
Accuracy per label after aggregation : ['0:99.39%', '1:99.65%', '2:98.84%', '3:98.91%', '4:98.88%', '5:98.21%', '6:98.23%', '7:98.15%', '8:98.15%', '9:97.32%']

-----------------------------------------------------

Central server round 228 started
Model sent from central server with 100msec communication time, with loss :0.04, accuracy : 98.59%
Accuracy per label : ['0:99.39%', '1:99.65%', '2:98.84%', '3:98.91%', '4:98.88%', '5:98.21%', '6:98.23%', '7:98.15%', '8:98.15%', '9:97.32%']
The model is from round 223 from central server, staleness is 4

Cluster round 1 completed, aggregated models from all the clients, time past : 800msec, loss : 0.05, accuracy 98.52%
Accuracy per label : ['0:99.18%', '1:99.56%', '2:98.45%', '3:98.81%', '4:99.08%', '5:97.53%', '6:98.43%', '7:98.44%', '8:98.77%', '9:96.73%']

Cluster round 2 completed, aggregated models from all the clients, time past : 1500msec, loss : 0.04, accuracy 98.54%
Accuracy per label : ['0:99.08%', '1:99.30%', '2:98.93%', '3:98.51%', '4:98.98%', '5:98.21%', '6:98.75%', '7:98.15%', '8:98.15%', '9:97.22%']

Cluster round 3 completed, aggregated models from all the clients, time past : 2200msec, loss : 0.05, accuracy 98.52%
Accuracy per label : ['0:99.08%', '1:99.21%', '2:98.84%', '3:98.71%', '4:98.98%', '5:98.32%', '6:98.85%', '7:98.15%', '8:98.36%', '9:96.63%']

Before aggregation, loss : 0.04, accuracy : 98.60%
Before aggregation, accuracy per label : ['0:99.39%', '1:99.65%', '2:98.84%', '3:99.01%', '4:98.78%', '5:98.09%', '6:98.23%', '7:98.15%', '8:98.15%', '9:97.52%']
Aggregation to central server completed at central server round 250, loss : 0.04, accuracy: 98.56%, staleness : 4
Accuracy per label after aggregation : ['0:99.39%', '1:99.65%', '2:98.84%', '3:99.01%', '4:98.78%', '5:97.98%', '6:98.23%', '7:98.15%', '8:98.15%', '9:97.22%']

-----------------------------------------------------

Central server round 233 started
Model sent from central server with 100msec communication time, with loss :0.04, accuracy : 98.56%
Accuracy per label : ['0:99.39%', '1:99.65%', '2:98.84%', '3:99.01%', '4:98.78%', '5:97.98%', '6:98.23%', '7:98.15%', '8:98.15%', '9:97.22%']
The model is from round 228 from central server, staleness is 4

Cluster round 1 completed, aggregated models from all the clients, time past : 800msec, loss : 0.04, accuracy 98.51%
Accuracy per label : ['0:99.08%', '1:99.65%', '2:98.55%', '3:98.81%', '4:98.98%', '5:98.09%', '6:98.54%', '7:98.25%', '8:98.15%', '9:96.83%']

Cluster round 2 completed, aggregated models from all the clients, time past : 1500msec, loss : 0.05, accuracy 98.51%
Accuracy per label : ['0:99.18%', '1:99.30%', '2:98.64%', '3:98.81%', '4:99.08%', '5:97.87%', '6:98.54%', '7:98.05%', '8:98.67%', '9:96.83%']

Cluster round 3 completed, aggregated models from all the clients, time past : 2200msec, loss : 0.05, accuracy 98.50%
Accuracy per label : ['0:99.08%', '1:99.38%', '2:98.55%', '3:98.91%', '4:98.98%', '5:98.21%', '6:98.64%', '7:98.25%', '8:98.05%', '9:96.83%']

Before aggregation, loss : 0.04, accuracy : 98.62%
Before aggregation, accuracy per label : ['0:99.39%', '1:99.65%', '2:98.84%', '3:99.01%', '4:98.88%', '5:98.09%', '6:98.23%', '7:98.15%', '8:98.15%', '9:97.62%']
Aggregation to central server completed at central server round 250, loss : 0.04, accuracy: 98.60%, staleness : 4
Accuracy per label after aggregation : ['0:99.39%', '1:99.65%', '2:98.84%', '3:99.01%', '4:98.88%', '5:98.21%', '6:98.23%', '7:98.15%', '8:98.15%', '9:97.32%']

-----------------------------------------------------

Central server round 238 started
Model sent from central server with 100msec communication time, with loss :0.04, accuracy : 98.60%
Accuracy per label : ['0:99.39%', '1:99.65%', '2:98.84%', '3:99.01%', '4:98.88%', '5:98.21%', '6:98.23%', '7:98.15%', '8:98.15%', '9:97.32%']
The model is from round 233 from central server, staleness is 4

Cluster round 1 completed, aggregated models from all the clients, time past : 800msec, loss : 0.04, accuracy 98.60%
Accuracy per label : ['0:99.18%', '1:99.30%', '2:98.84%', '3:98.71%', '4:98.88%', '5:98.43%', '6:98.64%', '7:98.05%', '8:98.36%', '9:97.52%']

Cluster round 2 completed, aggregated models from all the clients, time past : 1500msec, loss : 0.05, accuracy 98.47%
Accuracy per label : ['0:99.08%', '1:99.56%', '2:98.45%', '3:98.71%', '4:99.19%', '5:98.32%', '6:98.64%', '7:98.44%', '8:97.74%', '9:96.43%']

Cluster round 3 completed, aggregated models from all the clients, time past : 2200msec, loss : 0.05, accuracy 98.49%
Accuracy per label : ['0:99.18%', '1:99.56%', '2:98.74%', '3:98.91%', '4:99.08%', '5:97.87%', '6:98.64%', '7:98.05%', '8:97.74%', '9:96.93%']

Before aggregation, loss : 0.04, accuracy : 98.64%
Before aggregation, accuracy per label : ['0:99.39%', '1:99.65%', '2:98.84%', '3:99.11%', '4:98.78%', '5:98.09%', '6:98.33%', '7:98.35%', '8:98.05%', '9:97.62%']
Aggregation to central server completed at central server round 250, loss : 0.04, accuracy: 98.59%, staleness : 4
Accuracy per label after aggregation : ['0:99.39%', '1:99.65%', '2:98.84%', '3:99.11%', '4:98.78%', '5:97.98%', '6:98.23%', '7:98.25%', '8:98.15%', '9:97.32%']

-----------------------------------------------------

Central server round 243 started
Model sent from central server with 100msec communication time, with loss :0.04, accuracy : 98.59%
Accuracy per label : ['0:99.39%', '1:99.65%', '2:98.84%', '3:99.11%', '4:98.78%', '5:97.98%', '6:98.23%', '7:98.25%', '8:98.15%', '9:97.32%']
The model is from round 238 from central server, staleness is 4

Cluster round 1 completed, aggregated models from all the clients, time past : 800msec, loss : 0.04, accuracy 98.58%
Accuracy per label : ['0:99.39%', '1:99.21%', '2:98.74%', '3:98.81%', '4:98.57%', '5:98.32%', '6:98.64%', '7:97.96%', '8:98.46%', '9:97.62%']

Cluster round 2 completed, aggregated models from all the clients, time past : 1500msec, loss : 0.05, accuracy 98.54%
Accuracy per label : ['0:99.39%', '1:99.56%', '2:98.74%', '3:98.91%', '4:98.78%', '5:97.98%', '6:98.54%', '7:97.76%', '8:98.46%', '9:97.13%']

Cluster round 3 completed, aggregated models from all the clients, time past : 2200msec, loss : 0.05, accuracy 98.50%
Accuracy per label : ['0:99.18%', '1:99.56%', '2:98.93%', '3:98.71%', '4:99.19%', '5:98.09%', '6:98.64%', '7:97.76%', '8:97.84%', '9:96.93%']

Before aggregation, loss : 0.04, accuracy : 98.62%
Before aggregation, accuracy per label : ['0:99.39%', '1:99.65%', '2:98.74%', '3:99.11%', '4:98.68%', '5:97.98%', '6:98.33%', '7:98.25%', '8:98.15%', '9:97.72%']
Aggregation to central server completed at central server round 250, loss : 0.04, accuracy: 98.63%, staleness : 4
Accuracy per label after aggregation : ['0:99.39%', '1:99.65%', '2:98.84%', '3:99.11%', '4:98.88%', '5:97.98%', '6:98.33%', '7:98.25%', '8:98.15%', '9:97.52%']

-----------------------------------------------------

Central server round 248 started
Model sent from central server with 100msec communication time, with loss :0.04, accuracy : 98.63%
Accuracy per label : ['0:99.39%', '1:99.65%', '2:98.84%', '3:99.11%', '4:98.88%', '5:97.98%', '6:98.33%', '7:98.25%', '8:98.15%', '9:97.52%']
The model is from round 243 from central server, staleness is 4

Cluster round 1 completed, aggregated models from all the clients, time past : 800msec, loss : 0.04, accuracy 98.59%
Accuracy per label : ['0:99.39%', '1:99.65%', '2:98.74%', '3:98.91%', '4:98.88%', '5:97.98%', '6:98.54%', '7:98.05%', '8:98.36%', '9:97.22%']

Cluster round 2 completed, aggregated models from all the clients, time past : 1500msec, loss : 0.04, accuracy 98.56%
Accuracy per label : ['0:99.18%', '1:99.47%', '2:98.74%', '3:98.81%', '4:98.98%', '5:98.09%', '6:98.85%', '7:98.15%', '8:97.84%', '9:97.32%']

Cluster round 3 completed, aggregated models from all the clients, time past : 2200msec, loss : 0.05, accuracy 98.52%
Accuracy per label : ['0:99.18%', '1:99.56%', '2:98.55%', '3:98.81%', '4:99.29%', '5:98.09%', '6:98.75%', '7:98.15%', '8:97.74%', '9:96.93%']

Before aggregation, loss : 0.04, accuracy : 98.65%
Before aggregation, accuracy per label : ['0:99.39%', '1:99.65%', '2:98.74%', '3:99.11%', '4:98.78%', '5:98.21%', '6:98.33%', '7:98.25%', '8:98.15%', '9:97.72%']
Aggregation to central server completed at central server round 250, loss : 0.04, accuracy: 98.64%, staleness : 4
Accuracy per label after aggregation : ['0:99.39%', '1:99.65%', '2:98.84%', '3:99.11%', '4:98.88%', '5:97.98%', '6:98.33%', '7:98.25%', '8:98.05%', '9:97.72%']

