-----------------------------------------------------

Central server round 1 started
Model sent from central server with 0msec communication time, with loss :2.30, accuracy : 12.24%
Accuracy per label : ['0:0.00%', '1:57.18%', '2:0.00%', '3:0.00%', '4:0.00%', '5:0.00%', '6:59.19%', '7:0.78%', '8:0.00%', '9:0.00%']
The model is from round 0 from central server, staleness is 0

Cluster round 1 completed, aggregated models from all the clients, time past : 172600msec, loss : 0.49, accuracy 87.72%
Accuracy per label : ['0:91.02%', '1:93.74%', '2:90.79%', '3:80.00%', '4:93.79%', '5:100.00%', '6:85.91%', '7:86.96%', '8:79.77%', '9:75.72%']

Before aggregation, loss : 2.30, accuracy : 12.24%
Before aggregation, accuracy per label : ['0:0.00%', '1:57.18%', '2:0.00%', '3:0.00%', '4:0.00%', '5:0.00%', '6:59.19%', '7:0.78%', '8:0.00%', '9:0.00%']
Aggregation to central server completed at central server round 1, loss : 0.73, accuracy : 77.14%
Accuracy per label after aggregation : ['0:97.45%', '1:78.33%', '2:87.89%', '3:72.08%', '4:44.91%', '5:89.46%', '6:74.11%', '7:68.68%', '8:90.04%', '9:69.67%']

-----------------------------------------------------

Central server round 2 started
Model sent from central server with 0msec communication time, with loss :0.73, accuracy : 77.14%
Accuracy per label : ['0:97.45%', '1:78.33%', '2:87.89%', '3:72.08%', '4:44.91%', '5:89.46%', '6:74.11%', '7:68.68%', '8:90.04%', '9:69.67%']
The model is from round 1 from central server, staleness is 0

Cluster round 1 completed, aggregated models from all the clients, time past : 172600msec, loss : 0.57, accuracy 88.04%
Accuracy per label : ['0:95.31%', '1:92.86%', '2:89.05%', '3:76.53%', '4:90.02%', '5:99.78%', '6:84.76%', '7:87.45%', '8:85.32%', '9:80.08%']

Before aggregation, loss : 0.73, accuracy : 77.14%
Before aggregation, accuracy per label : ['0:97.45%', '1:78.33%', '2:87.89%', '3:72.08%', '4:44.91%', '5:89.46%', '6:74.11%', '7:68.68%', '8:90.04%', '9:69.67%']
Aggregation to central server completed at central server round 2, loss : 0.34, accuracy : 91.47%
Accuracy per label after aggregation : ['0:98.57%', '1:96.30%', '2:92.25%', '3:92.48%', '4:87.98%', '5:85.31%', '6:93.95%', '7:88.52%', '8:86.04%', '9:92.07%']

-----------------------------------------------------

Central server round 3 started
Model sent from central server with 0msec communication time, with loss :0.34, accuracy : 91.47%
Accuracy per label : ['0:98.57%', '1:96.30%', '2:92.25%', '3:92.48%', '4:87.98%', '5:85.31%', '6:93.95%', '7:88.52%', '8:86.04%', '9:92.07%']
The model is from round 2 from central server, staleness is 0

Cluster round 1 completed, aggregated models from all the clients, time past : 172600msec, loss : 0.55, accuracy 89.14%
Accuracy per label : ['0:95.00%', '1:92.78%', '2:90.50%', '3:77.43%', '4:91.65%', '5:99.78%', '6:86.85%', '7:89.98%', '8:86.14%', '9:82.06%']

Before aggregation, loss : 0.34, accuracy : 91.47%
Before aggregation, accuracy per label : ['0:98.57%', '1:96.30%', '2:92.25%', '3:92.48%', '4:87.98%', '5:85.31%', '6:93.95%', '7:88.52%', '8:86.04%', '9:92.07%']
Aggregation to central server completed at central server round 3, loss : 0.28, accuracy : 93.27%
Accuracy per label after aggregation : ['0:98.78%', '1:97.36%', '2:93.02%', '3:93.07%', '4:91.65%', '5:89.80%', '6:94.89%', '7:89.59%', '8:91.07%', '9:92.77%']

-----------------------------------------------------

Central server round 4 started
Model sent from central server with 0msec communication time, with loss :0.28, accuracy : 93.27%
Accuracy per label : ['0:98.78%', '1:97.36%', '2:93.02%', '3:93.07%', '4:91.65%', '5:89.80%', '6:94.89%', '7:89.59%', '8:91.07%', '9:92.77%']
The model is from round 3 from central server, staleness is 0

Cluster round 1 completed, aggregated models from all the clients, time past : 172600msec, loss : 0.51, accuracy 90.03%
Accuracy per label : ['0:95.00%', '1:93.30%', '2:91.67%', '3:78.12%', '4:92.16%', '5:99.78%', '6:89.14%', '7:91.54%', '8:86.96%', '9:83.35%']

Before aggregation, loss : 0.28, accuracy : 93.27%
Before aggregation, accuracy per label : ['0:98.78%', '1:97.36%', '2:93.02%', '3:93.07%', '4:91.65%', '5:89.80%', '6:94.89%', '7:89.59%', '8:91.07%', '9:92.77%']
Aggregation to central server completed at central server round 4, loss : 0.25, accuracy : 94.10%
Accuracy per label after aggregation : ['0:98.98%', '1:97.89%', '2:93.70%', '3:93.96%', '4:93.18%', '5:91.70%', '6:95.30%', '7:90.56%', '8:92.09%', '9:93.06%']

-----------------------------------------------------

Central server round 5 started
Model sent from central server with 0msec communication time, with loss :0.25, accuracy : 94.10%
Accuracy per label : ['0:98.98%', '1:97.89%', '2:93.70%', '3:93.96%', '4:93.18%', '5:91.70%', '6:95.30%', '7:90.56%', '8:92.09%', '9:93.06%']
The model is from round 4 from central server, staleness is 0

Cluster round 1 completed, aggregated models from all the clients, time past : 172600msec, loss : 0.48, accuracy 90.59%
Accuracy per label : ['0:95.00%', '1:93.74%', '2:92.44%', '3:79.50%', '4:93.99%', '5:99.78%', '6:89.77%', '7:91.93%', '8:87.06%', '9:83.35%']

Before aggregation, loss : 0.25, accuracy : 94.10%
Before aggregation, accuracy per label : ['0:98.98%', '1:97.89%', '2:93.70%', '3:93.96%', '4:93.18%', '5:91.70%', '6:95.30%', '7:90.56%', '8:92.09%', '9:93.06%']
Aggregation to central server completed at central server round 5, loss : 0.23, accuracy : 94.72%
Accuracy per label after aggregation : ['0:99.08%', '1:98.33%', '2:94.28%', '3:94.36%', '4:94.30%', '5:92.71%', '6:96.24%', '7:91.15%', '8:92.81%', '9:93.46%']

-----------------------------------------------------

Central server round 6 started
Model sent from central server with 0msec communication time, with loss :0.23, accuracy : 94.72%
Accuracy per label : ['0:99.08%', '1:98.33%', '2:94.28%', '3:94.36%', '4:94.30%', '5:92.71%', '6:96.24%', '7:91.15%', '8:92.81%', '9:93.46%']
The model is from round 5 from central server, staleness is 0

Cluster round 1 completed, aggregated models from all the clients, time past : 172600msec, loss : 0.46, accuracy 91.17%
Accuracy per label : ['0:95.10%', '1:94.98%', '2:92.93%', '3:79.31%', '4:95.01%', '5:99.78%', '6:90.61%', '7:92.12%', '8:87.78%', '9:84.64%']

Before aggregation, loss : 0.23, accuracy : 94.72%
Before aggregation, accuracy per label : ['0:99.08%', '1:98.33%', '2:94.28%', '3:94.36%', '4:94.30%', '5:92.71%', '6:96.24%', '7:91.15%', '8:92.81%', '9:93.46%']
Aggregation to central server completed at central server round 6, loss : 0.21, accuracy : 95.18%
Accuracy per label after aggregation : ['0:99.08%', '1:98.41%', '2:94.67%', '3:94.95%', '4:95.21%', '5:93.72%', '6:96.56%', '7:91.44%', '8:93.43%', '9:93.95%']

-----------------------------------------------------

Central server round 7 started
Model sent from central server with 0msec communication time, with loss :0.21, accuracy : 95.18%
Accuracy per label : ['0:99.08%', '1:98.41%', '2:94.67%', '3:94.95%', '4:95.21%', '5:93.72%', '6:96.56%', '7:91.44%', '8:93.43%', '9:93.95%']
The model is from round 6 from central server, staleness is 0

Cluster round 1 completed, aggregated models from all the clients, time past : 172600msec, loss : 0.44, accuracy 91.55%
Accuracy per label : ['0:95.31%', '1:95.42%', '2:93.41%', '3:80.00%', '4:95.42%', '5:99.78%', '6:91.44%', '7:92.32%', '8:88.19%', '9:84.74%']

Before aggregation, loss : 0.21, accuracy : 95.18%
Before aggregation, accuracy per label : ['0:99.08%', '1:98.41%', '2:94.67%', '3:94.95%', '4:95.21%', '5:93.72%', '6:96.56%', '7:91.44%', '8:93.43%', '9:93.95%']
Aggregation to central server completed at central server round 7, loss : 0.20, accuracy : 95.42%
Accuracy per label after aggregation : ['0:99.08%', '1:98.50%', '2:94.86%', '3:95.05%', '4:95.42%', '5:94.62%', '6:96.66%', '7:91.73%', '8:93.53%', '9:94.45%']

-----------------------------------------------------

Central server round 8 started
Model sent from central server with 0msec communication time, with loss :0.20, accuracy : 95.42%
Accuracy per label : ['0:99.08%', '1:98.50%', '2:94.86%', '3:95.05%', '4:95.42%', '5:94.62%', '6:96.66%', '7:91.73%', '8:93.53%', '9:94.45%']
The model is from round 7 from central server, staleness is 0

Cluster round 1 completed, aggregated models from all the clients, time past : 172600msec, loss : 0.43, accuracy 91.97%
Accuracy per label : ['0:95.61%', '1:95.95%', '2:93.99%', '3:80.30%', '4:95.93%', '5:99.89%', '6:91.34%', '7:92.90%', '8:88.50%', '9:85.73%']

Before aggregation, loss : 0.20, accuracy : 95.42%
Before aggregation, accuracy per label : ['0:99.08%', '1:98.50%', '2:94.86%', '3:95.05%', '4:95.42%', '5:94.62%', '6:96.66%', '7:91.73%', '8:93.53%', '9:94.45%']
Aggregation to central server completed at central server round 8, loss : 0.20, accuracy : 95.72%
Accuracy per label after aggregation : ['0:99.08%', '1:98.68%', '2:95.35%', '3:95.54%', '4:95.62%', '5:94.84%', '6:96.66%', '7:92.22%', '8:94.15%', '9:94.75%']

-----------------------------------------------------

Central server round 9 started
Model sent from central server with 0msec communication time, with loss :0.20, accuracy : 95.72%
Accuracy per label : ['0:99.08%', '1:98.68%', '2:95.35%', '3:95.54%', '4:95.62%', '5:94.84%', '6:96.66%', '7:92.22%', '8:94.15%', '9:94.75%']
The model is from round 8 from central server, staleness is 0

Cluster round 1 completed, aggregated models from all the clients, time past : 172600msec, loss : 0.42, accuracy 92.11%
Accuracy per label : ['0:95.82%', '1:96.12%', '2:94.96%', '3:80.20%', '4:96.44%', '5:99.78%', '6:91.34%', '7:92.90%', '8:88.50%', '9:85.43%']

Before aggregation, loss : 0.20, accuracy : 95.72%
Before aggregation, accuracy per label : ['0:99.08%', '1:98.68%', '2:95.35%', '3:95.54%', '4:95.62%', '5:94.84%', '6:96.66%', '7:92.22%', '8:94.15%', '9:94.75%']
Aggregation to central server completed at central server round 9, loss : 0.19, accuracy : 95.87%
Accuracy per label after aggregation : ['0:99.08%', '1:98.68%', '2:95.93%', '3:95.84%', '4:95.82%', '5:95.29%', '6:96.87%', '7:92.02%', '8:94.05%', '9:94.85%']

-----------------------------------------------------

Central server round 10 started
Model sent from central server with 0msec communication time, with loss :0.19, accuracy : 95.87%
Accuracy per label : ['0:99.08%', '1:98.68%', '2:95.93%', '3:95.84%', '4:95.82%', '5:95.29%', '6:96.87%', '7:92.02%', '8:94.05%', '9:94.85%']
The model is from round 9 from central server, staleness is 0

Cluster round 1 completed, aggregated models from all the clients, time past : 172600msec, loss : 0.41, accuracy 92.30%
Accuracy per label : ['0:95.92%', '1:96.30%', '2:95.25%', '3:80.69%', '4:96.64%', '5:99.66%', '6:91.44%', '7:93.29%', '8:88.50%', '9:85.63%']

Before aggregation, loss : 0.19, accuracy : 95.87%
Before aggregation, accuracy per label : ['0:99.08%', '1:98.68%', '2:95.93%', '3:95.84%', '4:95.82%', '5:95.29%', '6:96.87%', '7:92.02%', '8:94.05%', '9:94.85%']
Aggregation to central server completed at central server round 10, loss : 0.19, accuracy : 95.97%
Accuracy per label after aggregation : ['0:99.08%', '1:98.68%', '2:95.93%', '3:96.14%', '4:96.03%', '5:95.52%', '6:96.97%', '7:92.32%', '8:94.25%', '9:94.55%']

-----------------------------------------------------

Central server round 11 started
Model sent from central server with 0msec communication time, with loss :0.19, accuracy : 95.97%
Accuracy per label : ['0:99.08%', '1:98.68%', '2:95.93%', '3:96.14%', '4:96.03%', '5:95.52%', '6:96.97%', '7:92.32%', '8:94.25%', '9:94.55%']
The model is from round 10 from central server, staleness is 0

Cluster round 1 completed, aggregated models from all the clients, time past : 172600msec, loss : 0.41, accuracy 92.54%
Accuracy per label : ['0:96.02%', '1:96.56%', '2:95.25%', '3:81.49%', '4:96.33%', '5:99.66%', '6:91.65%', '7:93.58%', '8:88.81%', '9:86.32%']

Before aggregation, loss : 0.19, accuracy : 95.97%
Before aggregation, accuracy per label : ['0:99.08%', '1:98.68%', '2:95.93%', '3:96.14%', '4:96.03%', '5:95.52%', '6:96.97%', '7:92.32%', '8:94.25%', '9:94.55%']
Aggregation to central server completed at central server round 11, loss : 0.18, accuracy : 96.08%
Accuracy per label after aggregation : ['0:99.08%', '1:98.59%', '2:95.93%', '3:96.44%', '4:95.93%', '5:95.52%', '6:96.97%', '7:92.70%', '8:94.87%', '9:94.55%']

-----------------------------------------------------

Central server round 12 started
Model sent from central server with 0msec communication time, with loss :0.18, accuracy : 96.08%
Accuracy per label : ['0:99.08%', '1:98.59%', '2:95.93%', '3:96.44%', '4:95.93%', '5:95.52%', '6:96.97%', '7:92.70%', '8:94.87%', '9:94.55%']
The model is from round 11 from central server, staleness is 0

Cluster round 1 completed, aggregated models from all the clients, time past : 172600msec, loss : 0.41, accuracy 92.60%
Accuracy per label : ['0:95.92%', '1:96.65%', '2:95.54%', '3:81.49%', '4:96.54%', '5:99.78%', '6:91.75%', '7:93.39%', '8:88.60%', '9:86.62%']

Before aggregation, loss : 0.18, accuracy : 96.08%
Before aggregation, accuracy per label : ['0:99.08%', '1:98.59%', '2:95.93%', '3:96.44%', '4:95.93%', '5:95.52%', '6:96.97%', '7:92.70%', '8:94.87%', '9:94.55%']
Aggregation to central server completed at central server round 12, loss : 0.18, accuracy : 96.20%
Accuracy per label after aggregation : ['0:99.08%', '1:98.77%', '2:96.22%', '3:96.53%', '4:95.93%', '5:95.96%', '6:96.97%', '7:92.70%', '8:94.87%', '9:94.75%']

-----------------------------------------------------

Central server round 13 started
Model sent from central server with 0msec communication time, with loss :0.18, accuracy : 96.20%
Accuracy per label : ['0:99.08%', '1:98.77%', '2:96.22%', '3:96.53%', '4:95.93%', '5:95.96%', '6:96.97%', '7:92.70%', '8:94.87%', '9:94.75%']
The model is from round 12 from central server, staleness is 0

Cluster round 1 completed, aggregated models from all the clients, time past : 172600msec, loss : 0.40, accuracy 92.78%
Accuracy per label : ['0:96.02%', '1:96.56%', '2:95.64%', '3:82.57%', '4:96.74%', '5:99.66%', '6:91.54%', '7:93.48%', '8:88.71%', '9:87.12%']

Before aggregation, loss : 0.18, accuracy : 96.20%
Before aggregation, accuracy per label : ['0:99.08%', '1:98.77%', '2:96.22%', '3:96.53%', '4:95.93%', '5:95.96%', '6:96.97%', '7:92.70%', '8:94.87%', '9:94.75%']
Aggregation to central server completed at central server round 13, loss : 0.18, accuracy : 96.20%
Accuracy per label after aggregation : ['0:99.08%', '1:98.68%', '2:96.12%', '3:96.63%', '4:95.82%', '5:96.08%', '6:96.87%', '7:92.80%', '8:94.87%', '9:94.85%']

