Cluster 0 with 1 clients
Cluster communication time : 0
Cluster computation time : 172600
Cluster training time : 172600
Cluster clients : [0]
Label percentage: ['0 : 0.60%', '1 : 0.70%', '2 : 0.62%', '3 : 0.64%', '4 : 0.60%', '5 : 94.36%', '6 : 0.60%', '7 : 0.64%', '8 : 0.60%', '9 : 0.62%']%
Divergence : jsd 0.6238, tvd 0.8532

Cluster 1 with 1 clients
Cluster communication time : 0
Cluster computation time : 187600
Cluster training time : 187600
Cluster clients : [1]
Label percentage: ['0 : 94.89%', '1 : 0.64%', '2 : 0.56%', '3 : 0.57%', '4 : 0.56%', '5 : 0.52%', '6 : 0.56%', '7 : 0.59%', '8 : 0.56%', '9 : 0.56%']%
Divergence : jsd 0.6204, tvd 0.8502

Cluster 2 with 1 clients
Cluster communication time : 0
Cluster computation time : 184600
Cluster training time : 184600
Cluster clients : [2]
Label percentage: ['0 : 0.56%', '1 : 0.65%', '2 : 0.56%', '3 : 0.58%', '4 : 94.82%', '5 : 0.53%', '6 : 0.56%', '7 : 0.60%', '8 : 0.56%', '9 : 0.56%']%
Divergence : jsd 0.6213, tvd 0.8509

Cluster 3 with 1 clients
Cluster communication time : 0
Cluster computation time : 211600
Cluster training time : 211600
Cluster clients : [3]
Label percentage: ['0 : 0.49%', '1 : 95.57%', '2 : 0.49%', '3 : 0.51%', '4 : 0.49%', '5 : 0.45%', '6 : 0.49%', '7 : 0.52%', '8 : 0.49%', '9 : 0.49%']%
Divergence : jsd 0.6123, tvd 0.8433

Cluster 4 with 1 clients
Cluster communication time : 0
Cluster computation time : 188600
Cluster training time : 188600
Cluster clients : [4]
Label percentage: ['0 : 0.55%', '1 : 0.64%', '2 : 0.55%', '3 : 0.57%', '4 : 0.55%', '5 : 0.50%', '6 : 0.55%', '7 : 0.59%', '8 : 0.55%', '9 : 94.93%']%
Divergence : jsd 0.6204, tvd 0.8501

Cluster 5 with 1 clients
Cluster communication time : 0
Cluster computation time : 188600
Cluster training time : 188600
Cluster clients : [5]
Label percentage: ['0 : 0.55%', '1 : 0.64%', '2 : 94.95%', '3 : 0.57%', '4 : 0.55%', '5 : 0.50%', '6 : 0.55%', '7 : 0.59%', '8 : 0.54%', '9 : 0.55%']%
Divergence : jsd 0.6206, tvd 0.8502

Cluster 6 with 1 clients
Cluster communication time : 0
Cluster computation time : 193600
Cluster training time : 193600
Cluster clients : [6]
Label percentage: ['0 : 0.54%', '1 : 0.60%', '2 : 0.54%', '3 : 95.13%', '4 : 0.52%', '5 : 0.49%', '6 : 0.54%', '7 : 0.57%', '8 : 0.52%', '9 : 0.54%']%
Divergence : jsd 0.6196, tvd 0.8491

Cluster 7 with 1 clients
Cluster communication time : 0
Cluster computation time : 187600
Cluster training time : 187600
Cluster clients : [7]
Label percentage: ['0 : 0.56%', '1 : 0.62%', '2 : 0.56%', '3 : 0.57%', '4 : 0.54%', '5 : 0.51%', '6 : 94.95%', '7 : 0.59%', '8 : 0.54%', '9 : 0.56%']%
Divergence : jsd 0.6217, tvd 0.8509

Cluster 8 with 1 clients
Cluster communication time : 0
Cluster computation time : 197600
Cluster training time : 197600
Cluster clients : [8]
Label percentage: ['0 : 0.53%', '1 : 0.59%', '2 : 0.53%', '3 : 0.54%', '4 : 0.51%', '5 : 0.48%', '6 : 0.53%', '7 : 95.25%', '8 : 0.51%', '9 : 0.53%']%
Divergence : jsd 0.6183, tvd 0.8480

Cluster 9 with 1 clients
Cluster communication time : 0
Cluster computation time : 184600
Cluster training time : 184600
Cluster clients : [9]
Label percentage: ['0 : 0.56%', '1 : 0.63%', '2 : 0.56%', '3 : 0.58%', '4 : 0.55%', '5 : 0.51%', '6 : 0.55%', '7 : 0.58%', '8 : 94.91%', '9 : 0.56%']%
Divergence : jsd 0.6228, tvd 0.8516

