-----------------------------------------------------

Central server round 1 started
Model sent from central server with 0msec communication time, with loss :2.30, accuracy : 12.24%
Accuracy per label : ['0:0.00%', '1:57.18%', '2:0.00%', '3:0.00%', '4:0.00%', '5:0.00%', '6:59.19%', '7:0.78%', '8:0.00%', '9:0.00%']
The model is from round 0 from central server, staleness is 0

Cluster round 1 completed, aggregated models from all the clients, time past : 193600msec, loss : 1.66, accuracy 72.75%
Accuracy per label : ['0:95.82%', '1:83.26%', '2:44.96%', '3:99.90%', '4:78.92%', '5:59.64%', '6:81.00%', '7:65.47%', '8:40.35%', '9:76.21%']

Before aggregation, loss : 2.30, accuracy : 12.24%
Before aggregation, accuracy per label : ['0:0.00%', '1:57.18%', '2:0.00%', '3:0.00%', '4:0.00%', '5:0.00%', '6:59.19%', '7:0.78%', '8:0.00%', '9:0.00%']
Aggregation to central server completed at central server round 1, loss : 0.73, accuracy : 77.14%
Accuracy per label after aggregation : ['0:97.45%', '1:78.33%', '2:87.89%', '3:72.08%', '4:44.91%', '5:89.46%', '6:74.11%', '7:68.68%', '8:90.04%', '9:69.67%']

-----------------------------------------------------

Central server round 2 started
Model sent from central server with 0msec communication time, with loss :0.73, accuracy : 77.14%
Accuracy per label : ['0:97.45%', '1:78.33%', '2:87.89%', '3:72.08%', '4:44.91%', '5:89.46%', '6:74.11%', '7:68.68%', '8:90.04%', '9:69.67%']
The model is from round 1 from central server, staleness is 0

Cluster round 1 completed, aggregated models from all the clients, time past : 193600msec, loss : 1.82, accuracy 72.86%
Accuracy per label : ['0:95.20%', '1:80.18%', '2:51.45%', '3:99.90%', '4:75.56%', '5:56.73%', '6:84.55%', '7:67.70%', '8:38.30%', '9:76.91%']

Before aggregation, loss : 0.73, accuracy : 77.14%
Before aggregation, accuracy per label : ['0:97.45%', '1:78.33%', '2:87.89%', '3:72.08%', '4:44.91%', '5:89.46%', '6:74.11%', '7:68.68%', '8:90.04%', '9:69.67%']
Aggregation to central server completed at central server round 2, loss : 0.34, accuracy : 91.47%
Accuracy per label after aggregation : ['0:98.57%', '1:96.30%', '2:92.25%', '3:92.48%', '4:87.98%', '5:85.31%', '6:93.95%', '7:88.52%', '8:86.04%', '9:92.07%']

-----------------------------------------------------

Central server round 3 started
Model sent from central server with 0msec communication time, with loss :0.34, accuracy : 91.47%
Accuracy per label : ['0:98.57%', '1:96.30%', '2:92.25%', '3:92.48%', '4:87.98%', '5:85.31%', '6:93.95%', '7:88.52%', '8:86.04%', '9:92.07%']
The model is from round 2 from central server, staleness is 0

Cluster round 1 completed, aggregated models from all the clients, time past : 193600msec, loss : 1.66, accuracy 74.88%
Accuracy per label : ['0:96.02%', '1:82.29%', '2:54.65%', '3:99.90%', '4:79.63%', '5:59.19%', '6:88.94%', '7:68.29%', '8:41.17%', '9:76.81%']

Before aggregation, loss : 0.34, accuracy : 91.47%
Before aggregation, accuracy per label : ['0:98.57%', '1:96.30%', '2:92.25%', '3:92.48%', '4:87.98%', '5:85.31%', '6:93.95%', '7:88.52%', '8:86.04%', '9:92.07%']
Aggregation to central server completed at central server round 3, loss : 0.28, accuracy : 93.27%
Accuracy per label after aggregation : ['0:98.78%', '1:97.36%', '2:93.02%', '3:93.07%', '4:91.65%', '5:89.80%', '6:94.89%', '7:89.59%', '8:91.07%', '9:92.77%']

-----------------------------------------------------

Central server round 4 started
Model sent from central server with 0msec communication time, with loss :0.28, accuracy : 93.27%
Accuracy per label : ['0:98.78%', '1:97.36%', '2:93.02%', '3:93.07%', '4:91.65%', '5:89.80%', '6:94.89%', '7:89.59%', '8:91.07%', '9:92.77%']
The model is from round 3 from central server, staleness is 0

Cluster round 1 completed, aggregated models from all the clients, time past : 193600msec, loss : 1.56, accuracy 75.82%
Accuracy per label : ['0:96.22%', '1:83.61%', '2:56.69%', '3:99.90%', '4:80.14%', '5:62.44%', '6:91.13%', '7:68.09%', '8:41.48%', '9:76.81%']

Before aggregation, loss : 0.28, accuracy : 93.27%
Before aggregation, accuracy per label : ['0:98.78%', '1:97.36%', '2:93.02%', '3:93.07%', '4:91.65%', '5:89.80%', '6:94.89%', '7:89.59%', '8:91.07%', '9:92.77%']
Aggregation to central server completed at central server round 4, loss : 0.25, accuracy : 94.10%
Accuracy per label after aggregation : ['0:98.98%', '1:97.89%', '2:93.70%', '3:93.96%', '4:93.18%', '5:91.70%', '6:95.30%', '7:90.56%', '8:92.09%', '9:93.06%']

-----------------------------------------------------

Central server round 5 started
Model sent from central server with 0msec communication time, with loss :0.25, accuracy : 94.10%
Accuracy per label : ['0:98.98%', '1:97.89%', '2:93.70%', '3:93.96%', '4:93.18%', '5:91.70%', '6:95.30%', '7:90.56%', '8:92.09%', '9:93.06%']
The model is from round 4 from central server, staleness is 0

Cluster round 1 completed, aggregated models from all the clients, time past : 193600msec, loss : 1.53, accuracy 76.74%
Accuracy per label : ['0:96.63%', '1:84.76%', '2:57.66%', '3:99.90%', '4:81.47%', '5:64.24%', '6:92.28%', '7:69.16%', '8:43.84%', '9:75.92%']

Before aggregation, loss : 0.25, accuracy : 94.10%
Before aggregation, accuracy per label : ['0:98.98%', '1:97.89%', '2:93.70%', '3:93.96%', '4:93.18%', '5:91.70%', '6:95.30%', '7:90.56%', '8:92.09%', '9:93.06%']
Aggregation to central server completed at central server round 5, loss : 0.23, accuracy : 94.72%
Accuracy per label after aggregation : ['0:99.08%', '1:98.33%', '2:94.28%', '3:94.36%', '4:94.30%', '5:92.71%', '6:96.24%', '7:91.15%', '8:92.81%', '9:93.46%']

-----------------------------------------------------

Central server round 6 started
Model sent from central server with 0msec communication time, with loss :0.23, accuracy : 94.72%
Accuracy per label : ['0:99.08%', '1:98.33%', '2:94.28%', '3:94.36%', '4:94.30%', '5:92.71%', '6:96.24%', '7:91.15%', '8:92.81%', '9:93.46%']
The model is from round 5 from central server, staleness is 0

Cluster round 1 completed, aggregated models from all the clients, time past : 193600msec, loss : 1.48, accuracy 77.49%
Accuracy per label : ['0:97.14%', '1:86.52%', '2:58.14%', '3:99.90%', '4:82.89%', '5:67.04%', '6:92.17%', '7:69.36%', '8:43.12%', '9:77.11%']

Before aggregation, loss : 0.23, accuracy : 94.72%
Before aggregation, accuracy per label : ['0:99.08%', '1:98.33%', '2:94.28%', '3:94.36%', '4:94.30%', '5:92.71%', '6:96.24%', '7:91.15%', '8:92.81%', '9:93.46%']
Aggregation to central server completed at central server round 6, loss : 0.21, accuracy : 95.18%
Accuracy per label after aggregation : ['0:99.08%', '1:98.41%', '2:94.67%', '3:94.95%', '4:95.21%', '5:93.72%', '6:96.56%', '7:91.44%', '8:93.43%', '9:93.95%']

-----------------------------------------------------

Central server round 7 started
Model sent from central server with 0msec communication time, with loss :0.21, accuracy : 95.18%
Accuracy per label : ['0:99.08%', '1:98.41%', '2:94.67%', '3:94.95%', '4:95.21%', '5:93.72%', '6:96.56%', '7:91.44%', '8:93.43%', '9:93.95%']
The model is from round 6 from central server, staleness is 0

Cluster round 1 completed, aggregated models from all the clients, time past : 193600msec, loss : 1.46, accuracy 77.95%
Accuracy per label : ['0:97.14%', '1:87.49%', '2:58.33%', '3:99.90%', '4:82.89%', '5:68.27%', '6:92.48%', '7:69.55%', '8:43.84%', '9:78.10%']

Before aggregation, loss : 0.21, accuracy : 95.18%
Before aggregation, accuracy per label : ['0:99.08%', '1:98.41%', '2:94.67%', '3:94.95%', '4:95.21%', '5:93.72%', '6:96.56%', '7:91.44%', '8:93.43%', '9:93.95%']
Aggregation to central server completed at central server round 7, loss : 0.20, accuracy : 95.42%
Accuracy per label after aggregation : ['0:99.08%', '1:98.50%', '2:94.86%', '3:95.05%', '4:95.42%', '5:94.62%', '6:96.66%', '7:91.73%', '8:93.53%', '9:94.45%']

-----------------------------------------------------

Central server round 8 started
Model sent from central server with 0msec communication time, with loss :0.20, accuracy : 95.42%
Accuracy per label : ['0:99.08%', '1:98.50%', '2:94.86%', '3:95.05%', '4:95.42%', '5:94.62%', '6:96.66%', '7:91.73%', '8:93.53%', '9:94.45%']
The model is from round 7 from central server, staleness is 0

Cluster round 1 completed, aggregated models from all the clients, time past : 193600msec, loss : 1.44, accuracy 78.48%
Accuracy per label : ['0:97.24%', '1:88.19%', '2:58.72%', '3:99.90%', '4:83.71%', '5:69.62%', '6:92.38%', '7:70.33%', '8:44.66%', '9:78.59%']

Before aggregation, loss : 0.20, accuracy : 95.42%
Before aggregation, accuracy per label : ['0:99.08%', '1:98.50%', '2:94.86%', '3:95.05%', '4:95.42%', '5:94.62%', '6:96.66%', '7:91.73%', '8:93.53%', '9:94.45%']
Aggregation to central server completed at central server round 8, loss : 0.20, accuracy : 95.72%
Accuracy per label after aggregation : ['0:99.08%', '1:98.68%', '2:95.35%', '3:95.54%', '4:95.62%', '5:94.84%', '6:96.66%', '7:92.22%', '8:94.15%', '9:94.75%']

-----------------------------------------------------

Central server round 9 started
Model sent from central server with 0msec communication time, with loss :0.20, accuracy : 95.72%
Accuracy per label : ['0:99.08%', '1:98.68%', '2:95.35%', '3:95.54%', '4:95.62%', '5:94.84%', '6:96.66%', '7:92.22%', '8:94.15%', '9:94.75%']
The model is from round 8 from central server, staleness is 0

Cluster round 1 completed, aggregated models from all the clients, time past : 193600msec, loss : 1.42, accuracy 78.72%
Accuracy per label : ['0:97.45%', '1:88.46%', '2:58.04%', '3:99.90%', '4:84.11%', '5:69.73%', '6:92.80%', '7:71.01%', '8:45.07%', '9:79.19%']

Before aggregation, loss : 0.20, accuracy : 95.72%
Before aggregation, accuracy per label : ['0:99.08%', '1:98.68%', '2:95.35%', '3:95.54%', '4:95.62%', '5:94.84%', '6:96.66%', '7:92.22%', '8:94.15%', '9:94.75%']
Aggregation to central server completed at central server round 9, loss : 0.19, accuracy : 95.87%
Accuracy per label after aggregation : ['0:99.08%', '1:98.68%', '2:95.93%', '3:95.84%', '4:95.82%', '5:95.29%', '6:96.87%', '7:92.02%', '8:94.05%', '9:94.85%']

-----------------------------------------------------

Central server round 10 started
Model sent from central server with 0msec communication time, with loss :0.19, accuracy : 95.87%
Accuracy per label : ['0:99.08%', '1:98.68%', '2:95.93%', '3:95.84%', '4:95.82%', '5:95.29%', '6:96.87%', '7:92.02%', '8:94.05%', '9:94.85%']
The model is from round 9 from central server, staleness is 0

Cluster round 1 completed, aggregated models from all the clients, time past : 193600msec, loss : 1.42, accuracy 79.10%
Accuracy per label : ['0:97.55%', '1:88.90%', '2:58.24%', '3:99.90%', '4:84.62%', '5:70.29%', '6:93.11%', '7:71.89%', '8:45.38%', '9:79.68%']

Before aggregation, loss : 0.19, accuracy : 95.87%
Before aggregation, accuracy per label : ['0:99.08%', '1:98.68%', '2:95.93%', '3:95.84%', '4:95.82%', '5:95.29%', '6:96.87%', '7:92.02%', '8:94.05%', '9:94.85%']
Aggregation to central server completed at central server round 10, loss : 0.19, accuracy : 95.97%
Accuracy per label after aggregation : ['0:99.08%', '1:98.68%', '2:95.93%', '3:96.14%', '4:96.03%', '5:95.52%', '6:96.97%', '7:92.32%', '8:94.25%', '9:94.55%']

-----------------------------------------------------

Central server round 11 started
Model sent from central server with 0msec communication time, with loss :0.19, accuracy : 95.97%
Accuracy per label : ['0:99.08%', '1:98.68%', '2:95.93%', '3:96.14%', '4:96.03%', '5:95.52%', '6:96.97%', '7:92.32%', '8:94.25%', '9:94.55%']
The model is from round 10 from central server, staleness is 0

Cluster round 1 completed, aggregated models from all the clients, time past : 193600msec, loss : 1.43, accuracy 79.30%
Accuracy per label : ['0:97.65%', '1:88.99%', '2:58.24%', '3:99.90%', '4:83.91%', '5:72.20%', '6:93.22%', '7:72.28%', '8:44.97%', '9:80.38%']

Before aggregation, loss : 0.19, accuracy : 95.97%
Before aggregation, accuracy per label : ['0:99.08%', '1:98.68%', '2:95.93%', '3:96.14%', '4:96.03%', '5:95.52%', '6:96.97%', '7:92.32%', '8:94.25%', '9:94.55%']
Aggregation to central server completed at central server round 11, loss : 0.18, accuracy : 96.08%
Accuracy per label after aggregation : ['0:99.08%', '1:98.59%', '2:95.93%', '3:96.44%', '4:95.93%', '5:95.52%', '6:96.97%', '7:92.70%', '8:94.87%', '9:94.55%']

-----------------------------------------------------

Central server round 12 started
Model sent from central server with 0msec communication time, with loss :0.18, accuracy : 96.08%
Accuracy per label : ['0:99.08%', '1:98.59%', '2:95.93%', '3:96.44%', '4:95.93%', '5:95.52%', '6:96.97%', '7:92.70%', '8:94.87%', '9:94.55%']
The model is from round 11 from central server, staleness is 0

Cluster round 1 completed, aggregated models from all the clients, time past : 193600msec, loss : 1.45, accuracy 79.15%
Accuracy per label : ['0:97.55%', '1:88.72%', '2:57.66%', '3:99.90%', '4:82.99%', '5:72.42%', '6:93.42%', '7:72.18%', '8:44.97%', '9:80.48%']

Before aggregation, loss : 0.18, accuracy : 96.08%
Before aggregation, accuracy per label : ['0:99.08%', '1:98.59%', '2:95.93%', '3:96.44%', '4:95.93%', '5:95.52%', '6:96.97%', '7:92.70%', '8:94.87%', '9:94.55%']
Aggregation to central server completed at central server round 12, loss : 0.18, accuracy : 96.20%
Accuracy per label after aggregation : ['0:99.08%', '1:98.77%', '2:96.22%', '3:96.53%', '4:95.93%', '5:95.96%', '6:96.97%', '7:92.70%', '8:94.87%', '9:94.75%']

-----------------------------------------------------

Central server round 13 started
Model sent from central server with 0msec communication time, with loss :0.18, accuracy : 96.20%
Accuracy per label : ['0:99.08%', '1:98.77%', '2:96.22%', '3:96.53%', '4:95.93%', '5:95.96%', '6:96.97%', '7:92.70%', '8:94.87%', '9:94.75%']
The model is from round 12 from central server, staleness is 0

Cluster round 1 completed, aggregated models from all the clients, time past : 193600msec, loss : 1.44, accuracy 79.22%
Accuracy per label : ['0:97.65%', '1:88.63%', '2:58.24%', '3:99.90%', '4:82.38%', '5:72.87%', '6:93.74%', '7:72.28%', '8:44.87%', '9:80.48%']

Before aggregation, loss : 0.18, accuracy : 96.20%
Before aggregation, accuracy per label : ['0:99.08%', '1:98.77%', '2:96.22%', '3:96.53%', '4:95.93%', '5:95.96%', '6:96.97%', '7:92.70%', '8:94.87%', '9:94.75%']
Aggregation to central server completed at central server round 13, loss : 0.18, accuracy : 96.20%
Accuracy per label after aggregation : ['0:99.08%', '1:98.68%', '2:96.12%', '3:96.63%', '4:95.82%', '5:96.08%', '6:96.87%', '7:92.80%', '8:94.87%', '9:94.85%']

