-----------------------------------------------------

Central server round 1 started
Model sent from central server with 0msec communication time, with loss :2.30, accuracy : 12.24%
Accuracy per label : ['0:0.00%', '1:57.18%', '2:0.00%', '3:0.00%', '4:0.00%', '5:0.00%', '6:59.19%', '7:0.78%', '8:0.00%', '9:0.00%']
The model is from round 0 from central server, staleness is 0

Cluster round 1 completed, aggregated models from all the clients, time past : 188600msec, loss : 1.29, accuracy 76.22%
Accuracy per label : ['0:93.57%', '1:93.83%', '2:81.49%', '3:70.89%', '4:50.41%', '5:61.10%', '6:85.91%', '7:55.06%', '8:66.32%', '9:99.90%']

Before aggregation, loss : 2.30, accuracy : 12.24%
Before aggregation, accuracy per label : ['0:0.00%', '1:57.18%', '2:0.00%', '3:0.00%', '4:0.00%', '5:0.00%', '6:59.19%', '7:0.78%', '8:0.00%', '9:0.00%']
Aggregation to central server completed at central server round 1, loss : 0.73, accuracy : 77.14%
Accuracy per label after aggregation : ['0:97.45%', '1:78.33%', '2:87.89%', '3:72.08%', '4:44.91%', '5:89.46%', '6:74.11%', '7:68.68%', '8:90.04%', '9:69.67%']

-----------------------------------------------------

Central server round 2 started
Model sent from central server with 0msec communication time, with loss :0.73, accuracy : 77.14%
Accuracy per label : ['0:97.45%', '1:78.33%', '2:87.89%', '3:72.08%', '4:44.91%', '5:89.46%', '6:74.11%', '7:68.68%', '8:90.04%', '9:69.67%']
The model is from round 1 from central server, staleness is 0

Cluster round 1 completed, aggregated models from all the clients, time past : 188600msec, loss : 1.41, accuracy 75.86%
Accuracy per label : ['0:91.02%', '1:95.68%', '2:83.91%', '3:72.08%', '4:49.49%', '5:59.87%', '6:82.78%', '7:51.07%', '8:68.58%', '9:99.90%']

Before aggregation, loss : 0.73, accuracy : 77.14%
Before aggregation, accuracy per label : ['0:97.45%', '1:78.33%', '2:87.89%', '3:72.08%', '4:44.91%', '5:89.46%', '6:74.11%', '7:68.68%', '8:90.04%', '9:69.67%']
Aggregation to central server completed at central server round 2, loss : 0.34, accuracy : 91.47%
Accuracy per label after aggregation : ['0:98.57%', '1:96.30%', '2:92.25%', '3:92.48%', '4:87.98%', '5:85.31%', '6:93.95%', '7:88.52%', '8:86.04%', '9:92.07%']

-----------------------------------------------------

Central server round 3 started
Model sent from central server with 0msec communication time, with loss :0.34, accuracy : 91.47%
Accuracy per label : ['0:98.57%', '1:96.30%', '2:92.25%', '3:92.48%', '4:87.98%', '5:85.31%', '6:93.95%', '7:88.52%', '8:86.04%', '9:92.07%']
The model is from round 2 from central server, staleness is 0

Cluster round 1 completed, aggregated models from all the clients, time past : 188600msec, loss : 1.23, accuracy 78.52%
Accuracy per label : ['0:92.04%', '1:95.86%', '2:85.17%', '3:78.81%', '4:52.34%', '5:66.37%', '6:83.72%', '7:55.25%', '8:72.18%', '9:99.90%']

Before aggregation, loss : 0.34, accuracy : 91.47%
Before aggregation, accuracy per label : ['0:98.57%', '1:96.30%', '2:92.25%', '3:92.48%', '4:87.98%', '5:85.31%', '6:93.95%', '7:88.52%', '8:86.04%', '9:92.07%']
Aggregation to central server completed at central server round 3, loss : 0.28, accuracy : 93.27%
Accuracy per label after aggregation : ['0:98.78%', '1:97.36%', '2:93.02%', '3:93.07%', '4:91.65%', '5:89.80%', '6:94.89%', '7:89.59%', '8:91.07%', '9:92.77%']

-----------------------------------------------------

Central server round 4 started
Model sent from central server with 0msec communication time, with loss :0.28, accuracy : 93.27%
Accuracy per label : ['0:98.78%', '1:97.36%', '2:93.02%', '3:93.07%', '4:91.65%', '5:89.80%', '6:94.89%', '7:89.59%', '8:91.07%', '9:92.77%']
The model is from round 3 from central server, staleness is 0

Cluster round 1 completed, aggregated models from all the clients, time past : 188600msec, loss : 1.12, accuracy 79.96%
Accuracy per label : ['0:92.65%', '1:96.04%', '2:85.76%', '3:80.79%', '4:52.65%', '5:70.29%', '6:86.01%', '7:57.30%', '8:75.15%', '9:99.90%']

Before aggregation, loss : 0.28, accuracy : 93.27%
Before aggregation, accuracy per label : ['0:98.78%', '1:97.36%', '2:93.02%', '3:93.07%', '4:91.65%', '5:89.80%', '6:94.89%', '7:89.59%', '8:91.07%', '9:92.77%']
Aggregation to central server completed at central server round 4, loss : 0.25, accuracy : 94.10%
Accuracy per label after aggregation : ['0:98.98%', '1:97.89%', '2:93.70%', '3:93.96%', '4:93.18%', '5:91.70%', '6:95.30%', '7:90.56%', '8:92.09%', '9:93.06%']

-----------------------------------------------------

Central server round 5 started
Model sent from central server with 0msec communication time, with loss :0.25, accuracy : 94.10%
Accuracy per label : ['0:98.98%', '1:97.89%', '2:93.70%', '3:93.96%', '4:93.18%', '5:91.70%', '6:95.30%', '7:90.56%', '8:92.09%', '9:93.06%']
The model is from round 4 from central server, staleness is 0

Cluster round 1 completed, aggregated models from all the clients, time past : 188600msec, loss : 1.03, accuracy 80.96%
Accuracy per label : ['0:92.45%', '1:96.04%', '2:86.34%', '3:81.49%', '4:53.46%', '5:72.98%', '6:88.20%', '7:58.56%', '8:77.52%', '9:99.90%']

Before aggregation, loss : 0.25, accuracy : 94.10%
Before aggregation, accuracy per label : ['0:98.98%', '1:97.89%', '2:93.70%', '3:93.96%', '4:93.18%', '5:91.70%', '6:95.30%', '7:90.56%', '8:92.09%', '9:93.06%']
Aggregation to central server completed at central server round 5, loss : 0.23, accuracy : 94.72%
Accuracy per label after aggregation : ['0:99.08%', '1:98.33%', '2:94.28%', '3:94.36%', '4:94.30%', '5:92.71%', '6:96.24%', '7:91.15%', '8:92.81%', '9:93.46%']

-----------------------------------------------------

Central server round 6 started
Model sent from central server with 0msec communication time, with loss :0.23, accuracy : 94.72%
Accuracy per label : ['0:99.08%', '1:98.33%', '2:94.28%', '3:94.36%', '4:94.30%', '5:92.71%', '6:96.24%', '7:91.15%', '8:92.81%', '9:93.46%']
The model is from round 5 from central server, staleness is 0

Cluster round 1 completed, aggregated models from all the clients, time past : 188600msec, loss : 0.96, accuracy 82.32%
Accuracy per label : ['0:92.86%', '1:96.30%', '2:87.21%', '3:83.86%', '4:55.40%', '5:76.91%', '6:90.08%', '7:58.56%', '8:79.98%', '9:99.90%']

Before aggregation, loss : 0.23, accuracy : 94.72%
Before aggregation, accuracy per label : ['0:99.08%', '1:98.33%', '2:94.28%', '3:94.36%', '4:94.30%', '5:92.71%', '6:96.24%', '7:91.15%', '8:92.81%', '9:93.46%']
Aggregation to central server completed at central server round 6, loss : 0.21, accuracy : 95.18%
Accuracy per label after aggregation : ['0:99.08%', '1:98.41%', '2:94.67%', '3:94.95%', '4:95.21%', '5:93.72%', '6:96.56%', '7:91.44%', '8:93.43%', '9:93.95%']

-----------------------------------------------------

Central server round 7 started
Model sent from central server with 0msec communication time, with loss :0.21, accuracy : 95.18%
Accuracy per label : ['0:99.08%', '1:98.41%', '2:94.67%', '3:94.95%', '4:95.21%', '5:93.72%', '6:96.56%', '7:91.44%', '8:93.43%', '9:93.95%']
The model is from round 6 from central server, staleness is 0

Cluster round 1 completed, aggregated models from all the clients, time past : 188600msec, loss : 0.92, accuracy 82.99%
Accuracy per label : ['0:92.65%', '1:96.39%', '2:87.69%', '3:85.05%', '4:55.80%', '5:77.69%', '6:90.92%', '7:60.12%', '8:81.52%', '9:100.00%']

Before aggregation, loss : 0.21, accuracy : 95.18%
Before aggregation, accuracy per label : ['0:99.08%', '1:98.41%', '2:94.67%', '3:94.95%', '4:95.21%', '5:93.72%', '6:96.56%', '7:91.44%', '8:93.43%', '9:93.95%']
Aggregation to central server completed at central server round 7, loss : 0.20, accuracy : 95.42%
Accuracy per label after aggregation : ['0:99.08%', '1:98.50%', '2:94.86%', '3:95.05%', '4:95.42%', '5:94.62%', '6:96.66%', '7:91.73%', '8:93.53%', '9:94.45%']

-----------------------------------------------------

Central server round 8 started
Model sent from central server with 0msec communication time, with loss :0.20, accuracy : 95.42%
Accuracy per label : ['0:99.08%', '1:98.50%', '2:94.86%', '3:95.05%', '4:95.42%', '5:94.62%', '6:96.66%', '7:91.73%', '8:93.53%', '9:94.45%']
The model is from round 7 from central server, staleness is 0

Cluster round 1 completed, aggregated models from all the clients, time past : 188600msec, loss : 0.88, accuracy 83.71%
Accuracy per label : ['0:92.76%', '1:96.30%', '2:88.86%', '3:85.84%', '4:56.72%', '5:78.25%', '6:91.96%', '7:61.48%', '8:82.96%', '9:100.00%']

Before aggregation, loss : 0.20, accuracy : 95.42%
Before aggregation, accuracy per label : ['0:99.08%', '1:98.50%', '2:94.86%', '3:95.05%', '4:95.42%', '5:94.62%', '6:96.66%', '7:91.73%', '8:93.53%', '9:94.45%']
Aggregation to central server completed at central server round 8, loss : 0.20, accuracy : 95.72%
Accuracy per label after aggregation : ['0:99.08%', '1:98.68%', '2:95.35%', '3:95.54%', '4:95.62%', '5:94.84%', '6:96.66%', '7:92.22%', '8:94.15%', '9:94.75%']

-----------------------------------------------------

Central server round 9 started
Model sent from central server with 0msec communication time, with loss :0.20, accuracy : 95.72%
Accuracy per label : ['0:99.08%', '1:98.68%', '2:95.35%', '3:95.54%', '4:95.62%', '5:94.84%', '6:96.66%', '7:92.22%', '8:94.15%', '9:94.75%']
The model is from round 8 from central server, staleness is 0

Cluster round 1 completed, aggregated models from all the clients, time past : 188600msec, loss : 0.85, accuracy 84.27%
Accuracy per label : ['0:92.45%', '1:96.30%', '2:89.44%', '3:86.14%', '4:57.43%', '5:79.15%', '6:93.11%', '7:62.74%', '8:84.09%', '9:100.00%']

Before aggregation, loss : 0.20, accuracy : 95.72%
Before aggregation, accuracy per label : ['0:99.08%', '1:98.68%', '2:95.35%', '3:95.54%', '4:95.62%', '5:94.84%', '6:96.66%', '7:92.22%', '8:94.15%', '9:94.75%']
Aggregation to central server completed at central server round 9, loss : 0.19, accuracy : 95.87%
Accuracy per label after aggregation : ['0:99.08%', '1:98.68%', '2:95.93%', '3:95.84%', '4:95.82%', '5:95.29%', '6:96.87%', '7:92.02%', '8:94.05%', '9:94.85%']

-----------------------------------------------------

Central server round 10 started
Model sent from central server with 0msec communication time, with loss :0.19, accuracy : 95.87%
Accuracy per label : ['0:99.08%', '1:98.68%', '2:95.93%', '3:95.84%', '4:95.82%', '5:95.29%', '6:96.87%', '7:92.02%', '8:94.05%', '9:94.85%']
The model is from round 9 from central server, staleness is 0

Cluster round 1 completed, aggregated models from all the clients, time past : 188600msec, loss : 0.84, accuracy 84.69%
Accuracy per label : ['0:92.35%', '1:96.39%', '2:90.31%', '3:86.63%', '4:58.25%', '5:80.94%', '6:93.11%', '7:63.23%', '8:83.98%', '9:100.00%']

Before aggregation, loss : 0.19, accuracy : 95.87%
Before aggregation, accuracy per label : ['0:99.08%', '1:98.68%', '2:95.93%', '3:95.84%', '4:95.82%', '5:95.29%', '6:96.87%', '7:92.02%', '8:94.05%', '9:94.85%']
Aggregation to central server completed at central server round 10, loss : 0.19, accuracy : 95.97%
Accuracy per label after aggregation : ['0:99.08%', '1:98.68%', '2:95.93%', '3:96.14%', '4:96.03%', '5:95.52%', '6:96.97%', '7:92.32%', '8:94.25%', '9:94.55%']

-----------------------------------------------------

Central server round 11 started
Model sent from central server with 0msec communication time, with loss :0.19, accuracy : 95.97%
Accuracy per label : ['0:99.08%', '1:98.68%', '2:95.93%', '3:96.14%', '4:96.03%', '5:95.52%', '6:96.97%', '7:92.32%', '8:94.25%', '9:94.55%']
The model is from round 10 from central server, staleness is 0

Cluster round 1 completed, aggregated models from all the clients, time past : 188600msec, loss : 0.82, accuracy 85.03%
Accuracy per label : ['0:92.55%', '1:96.56%', '2:90.79%', '3:86.93%', '4:58.96%', '5:80.27%', '6:93.32%', '7:63.81%', '8:85.32%', '9:100.00%']

Before aggregation, loss : 0.19, accuracy : 95.97%
Before aggregation, accuracy per label : ['0:99.08%', '1:98.68%', '2:95.93%', '3:96.14%', '4:96.03%', '5:95.52%', '6:96.97%', '7:92.32%', '8:94.25%', '9:94.55%']
Aggregation to central server completed at central server round 11, loss : 0.18, accuracy : 96.08%
Accuracy per label after aggregation : ['0:99.08%', '1:98.59%', '2:95.93%', '3:96.44%', '4:95.93%', '5:95.52%', '6:96.97%', '7:92.70%', '8:94.87%', '9:94.55%']

-----------------------------------------------------

Central server round 12 started
Model sent from central server with 0msec communication time, with loss :0.18, accuracy : 96.08%
Accuracy per label : ['0:99.08%', '1:98.59%', '2:95.93%', '3:96.44%', '4:95.93%', '5:95.52%', '6:96.97%', '7:92.70%', '8:94.87%', '9:94.55%']
The model is from round 11 from central server, staleness is 0

Cluster round 1 completed, aggregated models from all the clients, time past : 188600msec, loss : 0.80, accuracy 85.13%
Accuracy per label : ['0:92.76%', '1:96.74%', '2:90.02%', '3:87.23%', '4:59.67%', '5:81.28%', '6:93.42%', '7:63.42%', '8:85.11%', '9:100.00%']

Before aggregation, loss : 0.18, accuracy : 96.08%
Before aggregation, accuracy per label : ['0:99.08%', '1:98.59%', '2:95.93%', '3:96.44%', '4:95.93%', '5:95.52%', '6:96.97%', '7:92.70%', '8:94.87%', '9:94.55%']
Aggregation to central server completed at central server round 12, loss : 0.18, accuracy : 96.20%
Accuracy per label after aggregation : ['0:99.08%', '1:98.77%', '2:96.22%', '3:96.53%', '4:95.93%', '5:95.96%', '6:96.97%', '7:92.70%', '8:94.87%', '9:94.75%']

-----------------------------------------------------

Central server round 13 started
Model sent from central server with 0msec communication time, with loss :0.18, accuracy : 96.20%
Accuracy per label : ['0:99.08%', '1:98.77%', '2:96.22%', '3:96.53%', '4:95.93%', '5:95.96%', '6:96.97%', '7:92.70%', '8:94.87%', '9:94.75%']
The model is from round 12 from central server, staleness is 0

Cluster round 1 completed, aggregated models from all the clients, time past : 188600msec, loss : 0.79, accuracy 85.48%
Accuracy per label : ['0:92.76%', '1:97.00%', '2:90.31%', '3:88.12%', '4:59.98%', '5:82.06%', '6:93.84%', '7:63.42%', '8:85.73%', '9:100.00%']

Before aggregation, loss : 0.18, accuracy : 96.20%
Before aggregation, accuracy per label : ['0:99.08%', '1:98.77%', '2:96.22%', '3:96.53%', '4:95.93%', '5:95.96%', '6:96.97%', '7:92.70%', '8:94.87%', '9:94.75%']
Aggregation to central server completed at central server round 13, loss : 0.18, accuracy : 96.20%
Accuracy per label after aggregation : ['0:99.08%', '1:98.68%', '2:96.12%', '3:96.63%', '4:95.82%', '5:96.08%', '6:96.87%', '7:92.80%', '8:94.87%', '9:94.85%']

