Cluster 0 with 5 clients
Cluster communication time : 100
Cluster computation time : 8500
Cluster training time : 8700
Cluster clients : [0, 1, 2, 3, 4]
Label percentage: ['0 : 9.86%', '1 : 9.86%', '2 : 10.38%', '3 : 9.89%', '4 : 10.07%', '5 : 9.95%', '6 : 9.87%', '7 : 10.12%', '8 : 9.78%', '9 : 10.22%']%
Divergence : jsd 0.0001, tvd 0.0079

Cluster 1 with 5 clients
Cluster communication time : 100
Cluster computation time : 8500
Cluster training time : 8700
Cluster clients : [5, 6, 7, 8, 9]
Label percentage: ['0 : 9.87%', '1 : 10.25%', '2 : 10.15%', '3 : 10.06%', '4 : 9.58%', '5 : 10.10%', '6 : 10.67%', '7 : 10.00%', '8 : 9.62%', '9 : 9.70%']%
Divergence : jsd 0.0002, tvd 0.0123

Cluster 2 with 5 clients
Cluster communication time : 100
Cluster computation time : 8500
Cluster training time : 8700
Cluster clients : [10, 11, 12, 13, 14]
Label percentage: ['0 : 10.23%', '1 : 9.92%', '2 : 9.50%', '3 : 10.20%', '4 : 9.88%', '5 : 10.18%', '6 : 9.78%', '7 : 9.67%', '8 : 9.93%', '9 : 10.71%']%
Divergence : jsd 0.0002, tvd 0.0132

Cluster 3 with 5 clients
Cluster communication time : 100
Cluster computation time : 8500
Cluster training time : 8700
Cluster clients : [15, 16, 17, 18, 19]
Label percentage: ['0 : 10.07%', '1 : 10.22%', '2 : 9.91%', '3 : 10.02%', '4 : 10.29%', '5 : 9.85%', '6 : 9.60%', '7 : 10.14%', '8 : 10.50%', '9 : 9.40%']%
Divergence : jsd 0.0002, tvd 0.0124

Cluster 4 with 5 clients
Cluster communication time : 100
Cluster computation time : 8500
Cluster training time : 8700
Cluster clients : [20, 21, 22, 23, 24]
Label percentage: ['0 : 9.97%', '1 : 9.75%', '2 : 10.06%', '3 : 9.83%', '4 : 10.18%', '5 : 9.92%', '6 : 10.08%', '7 : 10.07%', '8 : 10.17%', '9 : 9.97%']%
Divergence : jsd 0.0000, tvd 0.0056

