Client 0 with 2400 data
Communication time : 100, Computation time per epoch : 100, Training time : 500
0 : 9.08%  1 : 10.75%  2 : 9.88%  3 : 10.50%  4 : 9.83%  5 : 9.29%  6 : 11.00%  7 : 10.29%  8 : 9.79%  9 : 9.58%  
Divergence : jsd 0.0004, tvd 0.0181
labels from the first batch :[9, 5, 0, 8, 7, 2, 9, 0, 0, 8, 5, 8, 8, 5, 8, 0, 5, 9, 2, 9, 8, 2, 8, 3, 4, 1, 6, 3, 6, 0, 5, 3]

Client 1 with 2400 data
Communication time : 100, Computation time per epoch : 200, Training time : 800
0 : 8.75%  1 : 12.38%  2 : 10.08%  3 : 11.21%  4 : 9.75%  5 : 8.29%  6 : 10.04%  7 : 10.42%  8 : 9.79%  9 : 9.29%  
Divergence : jsd 0.0008, tvd 0.0251
labels from the first batch :[0, 8, 4, 6, 9, 1, 9, 7, 7, 3, 6, 7, 3, 4, 4, 9, 9, 1, 2, 0, 1, 0, 5, 2, 2, 6, 9, 6, 4, 5, 5, 0]

Client 2 with 2400 data
Communication time : 100, Computation time per epoch : 300, Training time : 1100
0 : 10.42%  1 : 11.00%  2 : 9.79%  3 : 9.71%  4 : 9.42%  5 : 10.00%  6 : 10.29%  7 : 9.75%  8 : 8.92%  9 : 10.71%  
Divergence : jsd 0.0007, tvd 0.0273
labels from the first batch :[0, 7, 5, 4, 9, 9, 1, 1, 4, 2, 3, 2, 7, 3, 9, 1, 9, 2, 5, 8, 7, 1, 9, 9, 4, 3, 3, 9, 0, 8, 5, 6]

Client 3 with 2400 data
Communication time : 100, Computation time per epoch : 400, Training time : 1400
0 : 9.88%  1 : 11.62%  2 : 9.62%  3 : 10.08%  4 : 9.79%  5 : 9.08%  6 : 9.33%  7 : 11.33%  8 : 10.00%  9 : 9.25%  
Divergence : jsd 0.0003, tvd 0.0164
labels from the first batch :[1, 7, 1, 5, 7, 1, 2, 3, 8, 4, 8, 3, 3, 7, 8, 0, 0, 5, 8, 3, 3, 1, 3, 7, 5, 1, 8, 5, 1, 7, 6, 9]

Client 4 with 2400 data
Communication time : 100, Computation time per epoch : 500, Training time : 1700
0 : 10.12%  1 : 11.46%  2 : 10.38%  3 : 10.04%  4 : 9.42%  5 : 9.58%  6 : 8.79%  7 : 10.92%  8 : 10.33%  9 : 8.96%  
Divergence : jsd 0.0006, tvd 0.0253
labels from the first batch :[9, 6, 9, 9, 7, 7, 4, 9, 5, 6, 1, 5, 3, 7, 1, 3, 9, 8, 6, 7, 7, 1, 2, 0, 0, 9, 2, 1, 4, 7, 0, 7]

Client 5 with 2400 data
Communication time : 100, Computation time per epoch : 100, Training time : 500
0 : 10.83%  1 : 11.42%  2 : 9.33%  3 : 10.04%  4 : 9.46%  5 : 10.54%  6 : 9.96%  7 : 9.75%  8 : 9.75%  9 : 8.92%  
Divergence : jsd 0.0009, tvd 0.0274
labels from the first batch :[0, 0, 5, 0, 4, 6, 0, 7, 5, 7, 9, 3, 3, 4, 9, 1, 3, 4, 6, 5, 1, 3, 4, 9, 5, 0, 7, 5, 7, 8, 8, 5]

Client 6 with 2400 data
Communication time : 100, Computation time per epoch : 200, Training time : 800
0 : 9.42%  1 : 10.92%  2 : 11.00%  3 : 10.29%  4 : 9.79%  5 : 9.54%  6 : 8.88%  7 : 10.75%  8 : 9.25%  9 : 10.17%  
Divergence : jsd 0.0006, tvd 0.0227
labels from the first batch :[3, 8, 9, 9, 0, 8, 9, 2, 2, 1, 4, 5, 2, 5, 7, 8, 1, 4, 7, 9, 4, 7, 1, 7, 1, 9, 3, 9, 0, 7, 1, 5]

Client 7 with 2400 data
Communication time : 100, Computation time per epoch : 300, Training time : 1100
0 : 9.29%  1 : 11.04%  2 : 9.96%  3 : 10.83%  4 : 9.58%  5 : 9.83%  6 : 10.88%  7 : 10.33%  8 : 9.04%  9 : 9.21%  
Divergence : jsd 0.0006, tvd 0.0245
labels from the first batch :[8, 5, 7, 7, 5, 4, 3, 9, 6, 5, 0, 1, 5, 2, 9, 4, 1, 9, 3, 1, 7, 5, 6, 1, 4, 1, 9, 0, 1, 9, 5, 5]

Client 8 with 2400 data
Communication time : 100, Computation time per epoch : 400, Training time : 1400
0 : 10.42%  1 : 11.12%  2 : 10.08%  3 : 10.00%  4 : 9.62%  5 : 9.29%  6 : 9.67%  7 : 9.29%  8 : 10.25%  9 : 10.25%  
Divergence : jsd 0.0004, tvd 0.0179
labels from the first batch :[9, 2, 2, 5, 7, 0, 2, 5, 6, 5, 4, 3, 5, 1, 0, 6, 6, 8, 4, 8, 5, 8, 5, 7, 5, 7, 0, 4, 4, 9, 6, 7]

Client 9 with 2400 data
Communication time : 100, Computation time per epoch : 500, Training time : 1700
0 : 10.62%  1 : 11.29%  2 : 9.38%  3 : 9.71%  4 : 10.38%  5 : 9.29%  6 : 10.25%  7 : 10.21%  8 : 9.42%  9 : 9.46%  
Divergence : jsd 0.0004, tvd 0.0209
labels from the first batch :[6, 3, 9, 0, 9, 7, 4, 8, 7, 3, 6, 4, 6, 0, 7, 1, 3, 3, 7, 6, 0, 2, 3, 2, 0, 7, 5, 8, 1, 7, 7, 7]

Client 10 with 2400 data
Communication time : 100, Computation time per epoch : 100, Training time : 500
0 : 10.42%  1 : 10.17%  2 : 10.21%  3 : 9.71%  4 : 9.12%  5 : 8.42%  6 : 10.54%  7 : 10.67%  8 : 10.17%  9 : 10.58%  
Divergence : jsd 0.0007, tvd 0.0281
labels from the first batch :[5, 3, 4, 0, 3, 3, 1, 7, 0, 5, 6, 1, 3, 4, 2, 3, 7, 5, 4, 1, 8, 2, 2, 7, 9, 2, 0, 4, 9, 3, 2, 9]

Client 11 with 2400 data
Communication time : 100, Computation time per epoch : 200, Training time : 800
0 : 9.25%  1 : 10.58%  2 : 10.04%  3 : 10.46%  4 : 10.29%  5 : 8.83%  6 : 9.25%  7 : 10.92%  8 : 9.75%  9 : 10.62%  
Divergence : jsd 0.0004, tvd 0.0209
labels from the first batch :[2, 0, 9, 3, 5, 1, 4, 7, 0, 5, 8, 8, 7, 7, 5, 6, 4, 9, 9, 2, 6, 9, 7, 5, 3, 3, 4, 1, 1, 0, 2, 3]

Client 12 with 2400 data
Communication time : 100, Computation time per epoch : 300, Training time : 1100
0 : 9.88%  1 : 12.38%  2 : 9.71%  3 : 10.38%  4 : 10.08%  5 : 7.96%  6 : 10.71%  7 : 9.38%  8 : 9.83%  9 : 9.71%  
Divergence : jsd 0.0008, tvd 0.0257
labels from the first batch :[6, 9, 2, 6, 1, 8, 7, 0, 7, 2, 0, 1, 1, 3, 9, 8, 3, 5, 0, 5, 8, 9, 4, 1, 9, 6, 7, 0, 2, 6, 3, 5]

Client 13 with 2400 data
Communication time : 100, Computation time per epoch : 400, Training time : 1400
0 : 9.50%  1 : 10.79%  2 : 10.62%  3 : 10.71%  4 : 9.62%  5 : 9.04%  6 : 10.62%  7 : 9.67%  8 : 9.75%  9 : 9.67%  
Divergence : jsd 0.0004, tvd 0.0195
labels from the first batch :[5, 5, 2, 3, 3, 7, 9, 9, 7, 1, 3, 9, 8, 3, 3, 6, 6, 8, 2, 2, 3, 6, 8, 1, 6, 6, 3, 8, 2, 3, 6, 5]

Client 14 with 2400 data
Communication time : 100, Computation time per epoch : 500, Training time : 1700
0 : 9.83%  1 : 11.75%  2 : 10.33%  3 : 11.29%  4 : 9.75%  5 : 7.42%  6 : 8.29%  7 : 11.96%  8 : 9.08%  9 : 10.29%  
Divergence : jsd 0.0018, tvd 0.0390
labels from the first batch :[1, 6, 9, 7, 3, 1, 6, 3, 9, 0, 1, 6, 9, 6, 4, 9, 7, 2, 1, 5, 6, 6, 6, 2, 7, 8, 1, 7, 1, 0, 8, 6]

Client 15 with 2400 data
Communication time : 100, Computation time per epoch : 100, Training time : 500
0 : 9.88%  1 : 11.42%  2 : 11.75%  3 : 10.50%  4 : 8.50%  5 : 9.17%  6 : 9.12%  7 : 10.67%  8 : 9.96%  9 : 9.04%  
Divergence : jsd 0.0011, tvd 0.0285
labels from the first batch :[6, 6, 1, 4, 8, 0, 1, 6, 3, 3, 9, 2, 7, 3, 9, 0, 2, 0, 3, 0, 9, 1, 8, 5, 5, 9, 2, 4, 5, 7, 5, 1]

Client 16 with 2400 data
Communication time : 100, Computation time per epoch : 200, Training time : 800
0 : 10.75%  1 : 11.79%  2 : 9.79%  3 : 9.88%  4 : 9.92%  5 : 7.96%  6 : 9.62%  7 : 9.92%  8 : 10.42%  9 : 9.96%  
Divergence : jsd 0.0006, tvd 0.0232
labels from the first batch :[6, 3, 9, 1, 2, 5, 1, 6, 1, 4, 8, 8, 9, 2, 4, 0, 7, 8, 6, 7, 7, 7, 7, 0, 5, 5, 8, 9, 0, 8, 9, 3]

Client 17 with 2400 data
Communication time : 100, Computation time per epoch : 300, Training time : 1100
0 : 8.62%  1 : 11.12%  2 : 10.21%  3 : 9.67%  4 : 10.04%  5 : 9.29%  6 : 9.75%  7 : 9.92%  8 : 10.17%  9 : 11.21%  
Divergence : jsd 0.0008, tvd 0.0255
labels from the first batch :[8, 2, 8, 8, 4, 1, 2, 4, 6, 1, 7, 6, 6, 3, 9, 8, 1, 5, 8, 8, 9, 6, 4, 1, 6, 0, 2, 2, 3, 6, 6, 9]

Client 18 with 2400 data
Communication time : 100, Computation time per epoch : 400, Training time : 1400
0 : 10.25%  1 : 10.17%  2 : 9.33%  3 : 9.58%  4 : 9.58%  5 : 8.83%  6 : 10.50%  7 : 11.21%  8 : 10.46%  9 : 10.08%  
Divergence : jsd 0.0006, tvd 0.0266
labels from the first batch :[6, 0, 1, 5, 8, 6, 3, 5, 7, 9, 3, 5, 1, 4, 1, 3, 3, 3, 8, 7, 9, 4, 0, 5, 0, 6, 4, 7, 0, 8, 4, 1]

Client 19 with 2400 data
Communication time : 100, Computation time per epoch : 500, Training time : 1700
0 : 9.46%  1 : 10.42%  2 : 9.46%  3 : 9.50%  4 : 10.88%  5 : 9.38%  6 : 9.58%  7 : 10.88%  8 : 9.54%  9 : 10.92%  
Divergence : jsd 0.0008, tvd 0.0291
labels from the first batch :[1, 8, 4, 1, 2, 4, 3, 0, 9, 7, 7, 2, 4, 9, 4, 2, 1, 4, 8, 9, 7, 0, 6, 0, 5, 1, 1, 4, 9, 8, 3, 8]

Client 20 with 2400 data
Communication time : 100, Computation time per epoch : 100, Training time : 500
0 : 10.12%  1 : 11.50%  2 : 8.38%  3 : 10.21%  4 : 9.29%  5 : 9.67%  6 : 9.54%  7 : 10.88%  8 : 10.12%  9 : 10.29%  
Divergence : jsd 0.0007, tvd 0.0233
labels from the first batch :[9, 9, 4, 7, 4, 9, 7, 0, 8, 9, 7, 9, 2, 2, 2, 5, 4, 1, 7, 1, 7, 4, 7, 5, 5, 2, 7, 7, 7, 7, 2, 4]

Client 21 with 2400 data
Communication time : 100, Computation time per epoch : 200, Training time : 800
0 : 10.50%  1 : 10.58%  2 : 10.58%  3 : 10.62%  4 : 10.08%  5 : 8.79%  6 : 10.12%  7 : 10.46%  8 : 9.00%  9 : 9.25%  
Divergence : jsd 0.0005, tvd 0.0231
labels from the first batch :[4, 8, 1, 0, 7, 5, 6, 5, 3, 2, 3, 6, 4, 1, 1, 0, 4, 7, 0, 2, 3, 8, 3, 5, 6, 4, 0, 9, 2, 9, 8, 9]

Client 22 with 2400 data
Communication time : 100, Computation time per epoch : 300, Training time : 1100
0 : 10.29%  1 : 11.29%  2 : 9.00%  3 : 9.54%  4 : 9.88%  5 : 8.96%  6 : 9.88%  7 : 10.79%  8 : 10.38%  9 : 10.00%  
Divergence : jsd 0.0004, tvd 0.0168
labels from the first batch :[6, 3, 6, 8, 0, 9, 5, 8, 9, 1, 0, 6, 3, 0, 2, 4, 7, 5, 4, 7, 6, 6, 5, 3, 7, 1, 5, 4, 7, 6, 6, 4]

Client 23 with 2400 data
Communication time : 100, Computation time per epoch : 400, Training time : 1400
0 : 9.29%  1 : 12.33%  2 : 9.83%  3 : 9.58%  4 : 9.83%  5 : 9.00%  6 : 9.75%  7 : 10.58%  8 : 9.42%  9 : 10.38%  
Divergence : jsd 0.0004, tvd 0.0179
labels from the first batch :[1, 6, 4, 6, 2, 5, 5, 1, 1, 9, 8, 7, 0, 9, 8, 3, 0, 8, 9, 8, 5, 7, 6, 2, 4, 9, 0, 7, 8, 4, 0, 7]

Client 24 with 2400 data
Communication time : 100, Computation time per epoch : 500, Training time : 1700
0 : 9.92%  1 : 11.62%  2 : 9.50%  3 : 11.42%  4 : 9.50%  5 : 8.42%  6 : 10.21%  7 : 10.12%  8 : 9.21%  9 : 10.08%  
Divergence : jsd 0.0005, tvd 0.0215
labels from the first batch :[7, 9, 5, 2, 2, 5, 8, 9, 8, 6, 3, 1, 1, 1, 6, 2, 5, 1, 0, 3, 1, 5, 7, 8, 3, 6, 5, 0, 5, 3, 2, 2]

