Client 0 with 600 data
Communication time : 100, Computation time per epoch : 100, Training time : 700
0 : 9.50%  1 : 10.33%  2 : 10.00%  3 : 12.33%  4 : 9.00%  5 : 9.00%  6 : 12.17%  7 : 9.50%  8 : 10.33%  9 : 7.83%  
Divergence : jsd 0.0030, tvd 0.0507
labels from the first batch :[9, 6, 5, 0, 6, 8, 0, 4, 8, 5, 8, 0, 7, 0, 0, 2, 5, 3, 1, 9, 6, 1, 8, 9, 2, 6, 2, 8, 4, 6, 6, 7]

Client 1 with 600 data
Communication time : 100, Computation time per epoch : 100, Training time : 700
0 : 7.17%  1 : 11.33%  2 : 9.83%  3 : 10.17%  4 : 11.67%  5 : 8.67%  6 : 11.17%  7 : 11.50%  8 : 7.83%  9 : 10.67%  
Divergence : jsd 0.0035, tvd 0.0514
labels from the first batch :[5, 9, 3, 9, 6, 6, 4, 0, 1, 9, 9, 2, 8, 0, 1, 9, 2, 4, 1, 1, 4, 6, 2, 3, 3, 7, 7, 6, 4, 7, 4, 2]

Client 2 with 600 data
Communication time : 100, Computation time per epoch : 100, Training time : 700
0 : 10.17%  1 : 11.50%  2 : 9.50%  3 : 9.50%  4 : 8.00%  5 : 8.67%  6 : 11.00%  7 : 9.00%  8 : 12.50%  9 : 10.17%  
Divergence : jsd 0.0026, tvd 0.0470
labels from the first batch :[6, 3, 6, 7, 0, 2, 6, 3, 8, 0, 1, 1, 3, 7, 1, 8, 0, 6, 3, 1, 2, 8, 6, 8, 8, 3, 9, 5, 0, 8, 2, 5]

Client 3 with 600 data
Communication time : 100, Computation time per epoch : 100, Training time : 700
0 : 9.50%  1 : 9.83%  2 : 10.17%  3 : 10.00%  4 : 10.67%  5 : 10.83%  6 : 9.67%  7 : 11.17%  8 : 8.50%  9 : 9.67%  
Divergence : jsd 0.0015, tvd 0.0369
labels from the first batch :[8, 5, 2, 2, 1, 9, 6, 6, 1, 6, 5, 0, 0, 2, 0, 9, 0, 0, 2, 1, 6, 7, 7, 1, 4, 0, 3, 8, 5, 5, 2, 0]

Client 4 with 600 data
Communication time : 100, Computation time per epoch : 100, Training time : 700
0 : 7.83%  1 : 12.00%  2 : 9.67%  3 : 11.50%  4 : 11.33%  5 : 6.33%  6 : 10.83%  7 : 8.67%  8 : 11.67%  9 : 10.17%  
Divergence : jsd 0.0048, tvd 0.0678
labels from the first batch :[0, 9, 1, 1, 1, 3, 4, 2, 6, 6, 2, 1, 0, 5, 4, 4, 6, 4, 1, 2, 3, 0, 7, 9, 8, 1, 6, 1, 3, 9, 6, 2]

Client 5 with 600 data
Communication time : 100, Computation time per epoch : 100, Training time : 700
0 : 9.33%  1 : 12.83%  2 : 8.83%  3 : 11.33%  4 : 9.83%  5 : 8.50%  6 : 6.83%  7 : 12.67%  8 : 9.67%  9 : 10.17%  
Divergence : jsd 0.0037, tvd 0.0528
labels from the first batch :[2, 2, 2, 0, 8, 9, 0, 1, 0, 8, 8, 3, 7, 7, 5, 9, 0, 3, 5, 9, 6, 9, 5, 9, 5, 8, 4, 0, 7, 3, 8, 8]

Client 6 with 600 data
Communication time : 100, Computation time per epoch : 100, Training time : 700
0 : 7.83%  1 : 12.50%  2 : 10.17%  3 : 11.00%  4 : 7.50%  5 : 9.67%  6 : 11.50%  7 : 10.50%  8 : 9.17%  9 : 10.17%  
Divergence : jsd 0.0029, tvd 0.0486
labels from the first batch :[5, 5, 3, 8, 3, 6, 2, 6, 6, 0, 9, 3, 4, 0, 7, 2, 3, 9, 9, 6, 4, 5, 9, 6, 6, 9, 5, 7, 4, 2, 5, 0]

Client 7 with 600 data
Communication time : 100, Computation time per epoch : 100, Training time : 700
0 : 10.00%  1 : 12.17%  2 : 11.67%  3 : 11.00%  4 : 10.33%  5 : 8.67%  6 : 11.00%  7 : 9.83%  8 : 8.67%  9 : 6.67%  
Divergence : jsd 0.0037, tvd 0.0531
labels from the first batch :[0, 3, 9, 4, 6, 4, 3, 6, 8, 3, 1, 4, 9, 1, 3, 4, 3, 4, 4, 6, 7, 0, 8, 6, 0, 6, 1, 8, 1, 3, 5, 5]

Client 8 with 600 data
Communication time : 100, Computation time per epoch : 100, Training time : 700
0 : 11.67%  1 : 13.17%  2 : 10.50%  3 : 9.83%  4 : 7.33%  5 : 10.00%  6 : 10.83%  7 : 11.83%  8 : 7.67%  9 : 7.17%  
Divergence : jsd 0.0056, tvd 0.0762
labels from the first batch :[5, 2, 7, 0, 9, 8, 3, 5, 2, 8, 9, 9, 1, 9, 6, 7, 7, 1, 7, 3, 7, 0, 7, 0, 1, 5, 5, 2, 5, 7, 2, 1]

Client 9 with 600 data
Communication time : 100, Computation time per epoch : 100, Training time : 700
0 : 9.83%  1 : 10.33%  2 : 10.00%  3 : 9.33%  4 : 10.17%  5 : 10.67%  6 : 9.50%  7 : 9.33%  8 : 10.00%  9 : 10.83%  
Divergence : jsd 0.0012, tvd 0.0330
labels from the first batch :[1, 9, 5, 3, 0, 1, 6, 1, 2, 4, 6, 5, 8, 2, 9, 0, 0, 4, 8, 5, 8, 0, 8, 8, 4, 2, 6, 7, 9, 5, 2, 6]

Client 10 with 600 data
Communication time : 100, Computation time per epoch : 100, Training time : 700
0 : 11.00%  1 : 10.17%  2 : 8.67%  3 : 9.50%  4 : 11.00%  5 : 9.83%  6 : 11.50%  7 : 9.67%  8 : 8.50%  9 : 10.17%  
Divergence : jsd 0.0021, tvd 0.0508
labels from the first batch :[4, 0, 3, 0, 0, 2, 9, 4, 0, 9, 9, 4, 8, 5, 8, 9, 0, 8, 1, 8, 4, 6, 9, 6, 5, 4, 9, 1, 3, 0, 1, 5]

Client 11 with 600 data
Communication time : 100, Computation time per epoch : 100, Training time : 700
0 : 9.17%  1 : 10.33%  2 : 10.00%  3 : 10.17%  4 : 9.17%  5 : 9.50%  6 : 9.33%  7 : 8.17%  8 : 9.50%  9 : 14.67%  
Divergence : jsd 0.0047, tvd 0.0529
labels from the first batch :[2, 2, 6, 7, 0, 3, 0, 3, 1, 8, 6, 6, 8, 9, 4, 4, 9, 2, 4, 1, 1, 9, 7, 6, 0, 8, 0, 7, 6, 8, 9, 3]

Client 12 with 600 data
Communication time : 100, Computation time per epoch : 100, Training time : 700
0 : 9.67%  1 : 12.67%  2 : 8.50%  3 : 9.33%  4 : 9.50%  5 : 9.67%  6 : 10.33%  7 : 11.33%  8 : 10.00%  9 : 9.00%  
Divergence : jsd 0.0013, tvd 0.0367
labels from the first batch :[4, 0, 3, 2, 6, 6, 1, 3, 2, 9, 7, 1, 6, 8, 2, 4, 8, 8, 0, 0, 7, 9, 4, 5, 6, 5, 6, 1, 3, 6, 8, 0]

Client 13 with 600 data
Communication time : 100, Computation time per epoch : 100, Training time : 700
0 : 11.33%  1 : 12.00%  2 : 11.17%  3 : 7.83%  4 : 8.67%  5 : 8.33%  6 : 9.00%  7 : 11.83%  8 : 11.00%  9 : 8.83%  
Divergence : jsd 0.0031, tvd 0.0610
labels from the first batch :[8, 5, 8, 0, 2, 6, 3, 8, 5, 1, 7, 7, 6, 2, 0, 3, 1, 5, 4, 6, 4, 8, 2, 9, 1, 0, 0, 8, 8, 7, 9, 2]

Client 14 with 600 data
Communication time : 100, Computation time per epoch : 100, Training time : 700
0 : 9.17%  1 : 10.17%  2 : 9.50%  3 : 12.83%  4 : 11.00%  5 : 9.83%  6 : 8.33%  7 : 10.50%  8 : 9.67%  9 : 9.00%  
Divergence : jsd 0.0024, tvd 0.0473
labels from the first batch :[6, 8, 0, 3, 2, 2, 0, 2, 7, 9, 4, 0, 7, 6, 9, 5, 2, 2, 2, 8, 1, 3, 0, 0, 7, 5, 3, 7, 5, 3, 0, 1]

Client 15 with 600 data
Communication time : 100, Computation time per epoch : 100, Training time : 700
0 : 9.33%  1 : 11.67%  2 : 9.33%  3 : 10.33%  4 : 10.00%  5 : 8.50%  6 : 9.67%  7 : 11.67%  8 : 9.33%  9 : 10.17%  
Divergence : jsd 0.0005, tvd 0.0228
labels from the first batch :[0, 3, 3, 0, 2, 8, 0, 1, 1, 2, 1, 1, 8, 6, 8, 9, 3, 7, 3, 6, 6, 1, 4, 4, 6, 6, 9, 8, 4, 1, 5, 5]

Client 16 with 600 data
Communication time : 100, Computation time per epoch : 100, Training time : 700
0 : 9.83%  1 : 12.50%  2 : 10.67%  3 : 9.00%  4 : 11.00%  5 : 8.83%  6 : 8.50%  7 : 11.33%  8 : 9.83%  9 : 8.50%  
Divergence : jsd 0.0018, tvd 0.0424
labels from the first batch :[1, 0, 7, 2, 8, 8, 7, 8, 7, 1, 1, 3, 1, 4, 1, 1, 6, 7, 0, 5, 6, 5, 7, 8, 7, 7, 9, 3, 3, 4, 2, 7]

Client 17 with 600 data
Communication time : 100, Computation time per epoch : 100, Training time : 700
0 : 9.67%  1 : 12.00%  2 : 11.50%  3 : 8.67%  4 : 9.00%  5 : 9.83%  6 : 8.83%  7 : 10.50%  8 : 9.83%  9 : 10.17%  
Divergence : jsd 0.0014, tvd 0.0352
labels from the first batch :[6, 2, 9, 2, 4, 8, 2, 6, 6, 7, 4, 1, 7, 3, 3, 2, 7, 1, 7, 1, 9, 6, 0, 4, 8, 9, 0, 9, 5, 0, 9, 3]

Client 18 with 600 data
Communication time : 100, Computation time per epoch : 100, Training time : 700
0 : 11.17%  1 : 9.83%  2 : 10.17%  3 : 11.00%  4 : 8.33%  5 : 10.33%  6 : 9.17%  7 : 11.50%  8 : 11.17%  9 : 7.33%  
Divergence : jsd 0.0035, tvd 0.0609
labels from the first batch :[8, 9, 0, 2, 7, 4, 5, 7, 7, 7, 4, 2, 3, 8, 0, 5, 1, 1, 3, 6, 7, 7, 6, 7, 3, 3, 5, 1, 1, 0, 5, 9]

Client 19 with 600 data
Communication time : 100, Computation time per epoch : 100, Training time : 700
0 : 9.83%  1 : 11.50%  2 : 9.17%  3 : 11.50%  4 : 9.33%  5 : 9.33%  6 : 8.67%  7 : 10.33%  8 : 10.50%  9 : 9.83%  
Divergence : jsd 0.0008, tvd 0.0259
labels from the first batch :[2, 9, 3, 2, 8, 9, 7, 5, 2, 4, 6, 6, 8, 5, 1, 5, 6, 1, 1, 9, 3, 1, 4, 7, 5, 3, 9, 4, 9, 2, 2, 7]

Client 20 with 600 data
Communication time : 100, Computation time per epoch : 100, Training time : 700
0 : 10.67%  1 : 11.67%  2 : 8.83%  3 : 9.17%  4 : 11.00%  5 : 11.83%  6 : 10.50%  7 : 8.67%  8 : 9.00%  9 : 8.67%  
Divergence : jsd 0.0033, tvd 0.0592
labels from the first batch :[3, 4, 0, 2, 3, 4, 0, 9, 3, 9, 9, 8, 8, 7, 8, 1, 3, 0, 4, 6, 6, 2, 3, 0, 0, 6, 1, 5, 5, 8, 6, 3]

Client 21 with 600 data
Communication time : 100, Computation time per epoch : 100, Training time : 700
0 : 11.17%  1 : 12.67%  2 : 9.00%  3 : 11.33%  4 : 9.33%  5 : 8.00%  6 : 9.50%  7 : 9.50%  8 : 9.50%  9 : 10.00%  
Divergence : jsd 0.0014, tvd 0.0392
labels from the first batch :[6, 3, 9, 5, 7, 0, 9, 1, 2, 5, 8, 8, 5, 2, 2, 4, 1, 5, 3, 1, 6, 3, 8, 3, 7, 4, 1, 7, 3, 7, 1, 9]

Client 22 with 600 data
Communication time : 100, Computation time per epoch : 100, Training time : 700
0 : 11.00%  1 : 11.00%  2 : 10.00%  3 : 10.67%  4 : 8.33%  5 : 10.83%  6 : 8.83%  7 : 9.50%  8 : 11.17%  9 : 8.67%  
Divergence : jsd 0.0023, tvd 0.0486
labels from the first batch :[3, 1, 4, 7, 0, 5, 2, 2, 8, 0, 7, 2, 8, 5, 4, 5, 2, 2, 1, 0, 1, 7, 9, 1, 9, 6, 5, 6, 9, 9, 0, 4]

Client 23 with 600 data
Communication time : 100, Computation time per epoch : 100, Training time : 700
0 : 10.50%  1 : 10.33%  2 : 9.50%  3 : 9.00%  4 : 9.17%  5 : 11.50%  6 : 11.00%  7 : 11.33%  8 : 9.33%  9 : 8.33%  
Divergence : jsd 0.0025, tvd 0.0512
labels from the first batch :[8, 1, 3, 8, 9, 6, 6, 3, 1, 7, 2, 8, 6, 2, 7, 6, 9, 2, 3, 2, 7, 1, 2, 8, 4, 1, 3, 2, 7, 1, 6, 8]

Client 24 with 600 data
Communication time : 100, Computation time per epoch : 100, Training time : 700
0 : 9.00%  1 : 11.83%  2 : 11.33%  3 : 10.67%  4 : 10.33%  5 : 10.00%  6 : 8.33%  7 : 9.33%  8 : 8.83%  9 : 10.33%  
Divergence : jsd 0.0017, tvd 0.0443
labels from the first batch :[6, 1, 3, 1, 2, 1, 1, 1, 1, 6, 2, 3, 8, 2, 0, 0, 0, 8, 5, 0, 7, 8, 6, 0, 5, 3, 5, 7, 5, 9, 2, 3]

Client 25 with 600 data
Communication time : 100, Computation time per epoch : 100, Training time : 700
0 : 8.83%  1 : 11.33%  2 : 11.83%  3 : 10.50%  4 : 9.83%  5 : 11.67%  6 : 9.00%  7 : 9.50%  8 : 8.17%  9 : 9.33%  
Divergence : jsd 0.0029, tvd 0.0501
labels from the first batch :[1, 2, 2, 3, 5, 5, 9, 2, 0, 3, 4, 5, 3, 1, 4, 2, 5, 3, 4, 9, 1, 7, 4, 5, 4, 7, 6, 0, 6, 2, 7, 9]

Client 26 with 600 data
Communication time : 100, Computation time per epoch : 100, Training time : 700
0 : 10.33%  1 : 9.67%  2 : 9.17%  3 : 9.67%  4 : 9.83%  5 : 9.33%  6 : 9.00%  7 : 12.17%  8 : 11.17%  9 : 9.67%  
Divergence : jsd 0.0016, tvd 0.0400
labels from the first batch :[3, 6, 6, 3, 6, 8, 7, 8, 6, 5, 4, 8, 9, 2, 8, 7, 6, 3, 1, 2, 0, 8, 5, 7, 3, 8, 0, 7, 2, 5, 0, 4]

Client 27 with 600 data
Communication time : 100, Computation time per epoch : 100, Training time : 700
0 : 9.50%  1 : 10.83%  2 : 11.67%  3 : 10.33%  4 : 9.17%  5 : 7.17%  6 : 9.17%  7 : 12.00%  8 : 8.83%  9 : 11.33%  
Divergence : jsd 0.0024, tvd 0.0483
labels from the first batch :[7, 1, 0, 6, 9, 4, 2, 2, 4, 5, 1, 9, 4, 1, 9, 2, 4, 2, 4, 9, 9, 1, 3, 4, 9, 7, 7, 6, 7, 6, 5, 3]

Client 28 with 600 data
Communication time : 100, Computation time per epoch : 100, Training time : 700
0 : 8.67%  1 : 10.33%  2 : 9.83%  3 : 10.33%  4 : 10.33%  5 : 9.67%  6 : 12.00%  7 : 10.17%  8 : 8.50%  9 : 10.17%  
Divergence : jsd 0.0017, tvd 0.0373
labels from the first batch :[2, 2, 6, 1, 9, 1, 5, 2, 1, 6, 0, 0, 3, 7, 5, 6, 7, 4, 6, 5, 1, 0, 4, 7, 4, 9, 4, 9, 2, 6, 5, 7]

Client 29 with 600 data
Communication time : 100, Computation time per epoch : 100, Training time : 700
0 : 8.83%  1 : 10.33%  2 : 10.00%  3 : 11.50%  4 : 9.83%  5 : 10.67%  6 : 10.00%  7 : 9.33%  8 : 10.67%  9 : 8.83%  
Divergence : jsd 0.0017, tvd 0.0413
labels from the first batch :[3, 9, 8, 9, 0, 4, 9, 7, 6, 8, 4, 0, 8, 0, 9, 4, 7, 8, 9, 9, 1, 7, 8, 1, 8, 5, 4, 5, 2, 7, 6, 3]

Client 30 with 600 data
Communication time : 100, Computation time per epoch : 100, Training time : 700
0 : 9.67%  1 : 11.17%  2 : 12.00%  3 : 11.50%  4 : 9.33%  5 : 9.33%  6 : 10.00%  7 : 9.50%  8 : 9.50%  9 : 8.00%  
Divergence : jsd 0.0020, tvd 0.0379
labels from the first batch :[1, 3, 5, 1, 5, 0, 1, 8, 8, 3, 8, 4, 0, 2, 8, 1, 4, 0, 5, 4, 9, 1, 5, 9, 0, 3, 8, 4, 6, 8, 3, 3]

Client 31 with 600 data
Communication time : 100, Computation time per epoch : 100, Training time : 700
0 : 10.00%  1 : 12.33%  2 : 8.00%  3 : 10.00%  4 : 8.83%  5 : 9.67%  6 : 11.50%  7 : 12.33%  8 : 7.50%  9 : 9.83%  
Divergence : jsd 0.0033, tvd 0.0539
labels from the first batch :[8, 2, 4, 3, 0, 0, 9, 3, 0, 2, 6, 7, 7, 0, 5, 3, 0, 0, 6, 6, 2, 6, 8, 9, 1, 2, 0, 3, 6, 9, 5, 1]

Client 32 with 600 data
Communication time : 100, Computation time per epoch : 100, Training time : 700
0 : 10.17%  1 : 10.67%  2 : 10.17%  3 : 10.50%  4 : 7.83%  5 : 10.33%  6 : 10.17%  7 : 10.83%  8 : 9.17%  9 : 10.17%  
Divergence : jsd 0.0013, tvd 0.0306
labels from the first batch :[5, 2, 0, 0, 0, 3, 5, 9, 7, 0, 2, 7, 8, 3, 7, 1, 7, 0, 0, 2, 0, 6, 2, 9, 7, 0, 1, 8, 5, 5, 3, 6]

Client 33 with 600 data
Communication time : 100, Computation time per epoch : 100, Training time : 700
0 : 8.67%  1 : 12.50%  2 : 10.67%  3 : 11.17%  4 : 10.83%  5 : 7.67%  6 : 8.17%  7 : 8.83%  8 : 10.33%  9 : 11.17%  
Divergence : jsd 0.0028, tvd 0.0588
labels from the first batch :[1, 3, 0, 6, 4, 0, 7, 4, 5, 0, 5, 8, 1, 6, 8, 3, 0, 6, 9, 9, 6, 4, 7, 5, 8, 9, 6, 1, 3, 7, 4, 9]

Client 34 with 600 data
Communication time : 100, Computation time per epoch : 100, Training time : 700
0 : 11.83%  1 : 11.33%  2 : 10.50%  3 : 9.17%  4 : 10.67%  5 : 8.33%  6 : 10.67%  7 : 8.83%  8 : 9.67%  9 : 9.00%  
Divergence : jsd 0.0019, tvd 0.0436
labels from the first batch :[0, 3, 6, 5, 9, 4, 7, 2, 8, 4, 3, 8, 5, 4, 2, 0, 3, 9, 0, 4, 4, 4, 7, 4, 2, 2, 7, 6, 2, 3, 3, 9]

Client 35 with 600 data
Communication time : 100, Computation time per epoch : 100, Training time : 700
0 : 11.00%  1 : 10.00%  2 : 9.00%  3 : 9.17%  4 : 9.17%  5 : 10.83%  6 : 9.67%  7 : 8.67%  8 : 11.83%  9 : 10.67%  
Divergence : jsd 0.0029, tvd 0.0576
labels from the first batch :[1, 5, 5, 2, 3, 7, 7, 0, 5, 1, 6, 0, 9, 3, 8, 8, 9, 5, 7, 1, 7, 2, 0, 4, 1, 3, 7, 1, 6, 0, 5, 3]

Client 36 with 600 data
Communication time : 100, Computation time per epoch : 100, Training time : 700
0 : 12.83%  1 : 9.67%  2 : 9.50%  3 : 9.50%  4 : 9.67%  5 : 7.83%  6 : 10.17%  7 : 11.50%  8 : 10.17%  9 : 9.17%  
Divergence : jsd 0.0026, tvd 0.0474
labels from the first batch :[4, 2, 4, 2, 4, 9, 0, 4, 8, 0, 2, 5, 7, 9, 7, 3, 8, 7, 8, 3, 6, 3, 2, 4, 9, 7, 0, 0, 7, 3, 3, 8]

Client 37 with 600 data
Communication time : 100, Computation time per epoch : 100, Training time : 700
0 : 9.17%  1 : 12.00%  2 : 8.50%  3 : 13.33%  4 : 8.50%  5 : 10.83%  6 : 9.17%  7 : 9.67%  8 : 8.83%  9 : 10.00%  
Divergence : jsd 0.0033, tvd 0.0576
labels from the first batch :[1, 3, 2, 6, 6, 9, 7, 3, 0, 5, 9, 4, 0, 1, 0, 4, 1, 6, 7, 3, 6, 6, 9, 1, 3, 1, 9, 4, 9, 1, 3, 2]

Client 38 with 600 data
Communication time : 100, Computation time per epoch : 100, Training time : 700
0 : 11.33%  1 : 11.17%  2 : 9.17%  3 : 7.00%  4 : 9.67%  5 : 10.17%  6 : 11.83%  7 : 10.17%  8 : 10.17%  9 : 9.33%  
Divergence : jsd 0.0037, tvd 0.0498
labels from the first batch :[5, 2, 1, 9, 6, 1, 0, 4, 1, 6, 1, 0, 1, 4, 7, 9, 7, 8, 0, 1, 6, 3, 4, 6, 0, 5, 0, 6, 2, 0, 8, 5]

Client 39 with 600 data
Communication time : 100, Computation time per epoch : 100, Training time : 700
0 : 9.17%  1 : 12.33%  2 : 10.33%  3 : 9.00%  4 : 13.67%  5 : 8.33%  6 : 9.83%  7 : 9.50%  8 : 8.50%  9 : 9.33%  
Divergence : jsd 0.0036, tvd 0.0543
labels from the first batch :[6, 9, 2, 7, 7, 6, 7, 7, 7, 8, 2, 3, 8, 1, 2, 4, 7, 9, 9, 4, 1, 4, 7, 9, 2, 6, 7, 7, 3, 4, 5, 9]

Client 40 with 600 data
Communication time : 100, Computation time per epoch : 100, Training time : 700
0 : 10.33%  1 : 11.67%  2 : 9.50%  3 : 9.33%  4 : 9.17%  5 : 8.33%  6 : 9.67%  7 : 10.50%  8 : 11.00%  9 : 10.50%  
Divergence : jsd 0.0007, tvd 0.0278
labels from the first batch :[2, 9, 9, 3, 7, 8, 2, 2, 6, 2, 9, 1, 7, 1, 7, 4, 5, 4, 5, 7, 7, 5, 7, 2, 4, 5, 3, 3, 2, 7, 8, 4]

Client 41 with 600 data
Communication time : 100, Computation time per epoch : 100, Training time : 700
0 : 10.00%  1 : 10.67%  2 : 10.67%  3 : 10.17%  4 : 8.17%  5 : 8.67%  6 : 10.00%  7 : 12.83%  8 : 8.83%  9 : 10.00%  
Divergence : jsd 0.0017, tvd 0.0348
labels from the first batch :[5, 7, 4, 7, 1, 1, 8, 1, 3, 3, 8, 1, 3, 6, 7, 0, 5, 2, 4, 0, 0, 2, 1, 6, 3, 6, 3, 9, 6, 7, 8, 2]

Client 42 with 600 data
Communication time : 100, Computation time per epoch : 100, Training time : 700
0 : 12.67%  1 : 10.50%  2 : 10.17%  3 : 10.33%  4 : 10.83%  5 : 5.83%  6 : 11.17%  7 : 8.67%  8 : 8.67%  9 : 11.17%  
Divergence : jsd 0.0055, tvd 0.0680
labels from the first batch :[4, 1, 1, 2, 7, 0, 6, 6, 6, 0, 1, 3, 6, 9, 5, 0, 6, 2, 9, 4, 6, 9, 6, 8, 9, 6, 1, 3, 3, 6, 2, 8]

Client 43 with 600 data
Communication time : 100, Computation time per epoch : 100, Training time : 700
0 : 8.67%  1 : 7.83%  2 : 10.50%  3 : 9.00%  4 : 8.33%  5 : 10.83%  6 : 11.33%  7 : 10.67%  8 : 12.17%  9 : 10.67%  
Divergence : jsd 0.0052, tvd 0.0723
labels from the first batch :[5, 9, 4, 0, 4, 1, 4, 8, 0, 6, 7, 3, 1, 8, 4, 5, 3, 9, 8, 3, 4, 8, 6, 3, 2, 7, 1, 3, 2, 7, 1, 7]

Client 44 with 600 data
Communication time : 100, Computation time per epoch : 100, Training time : 700
0 : 10.00%  1 : 9.50%  2 : 11.17%  3 : 10.50%  4 : 9.67%  5 : 8.33%  6 : 8.50%  7 : 11.00%  8 : 9.83%  9 : 11.50%  
Divergence : jsd 0.0017, tvd 0.0387
labels from the first batch :[9, 6, 9, 9, 2, 1, 0, 4, 6, 4, 1, 6, 0, 7, 2, 1, 9, 6, 0, 2, 4, 7, 4, 6, 6, 7, 7, 9, 6, 5, 4, 9]

Client 45 with 600 data
Communication time : 100, Computation time per epoch : 100, Training time : 700
0 : 11.00%  1 : 11.67%  2 : 8.83%  3 : 8.83%  4 : 9.00%  5 : 10.83%  6 : 9.50%  7 : 11.17%  8 : 8.50%  9 : 10.67%  
Divergence : jsd 0.0021, tvd 0.0483
labels from the first batch :[3, 3, 9, 7, 1, 8, 4, 3, 4, 9, 9, 6, 9, 4, 3, 7, 5, 4, 1, 7, 5, 7, 2, 5, 7, 0, 7, 1, 1, 5, 3, 4]

Client 46 with 600 data
Communication time : 100, Computation time per epoch : 100, Training time : 700
0 : 8.67%  1 : 11.67%  2 : 11.00%  3 : 9.50%  4 : 10.50%  5 : 7.50%  6 : 10.67%  7 : 10.50%  8 : 9.50%  9 : 10.50%  
Divergence : jsd 0.0014, tvd 0.0371
labels from the first batch :[4, 3, 9, 9, 4, 5, 8, 3, 9, 5, 9, 8, 8, 4, 2, 6, 4, 9, 7, 8, 2, 7, 8, 1, 7, 2, 4, 8, 7, 4, 8, 4]

Client 47 with 600 data
Communication time : 100, Computation time per epoch : 100, Training time : 700
0 : 7.33%  1 : 9.50%  2 : 9.17%  3 : 13.00%  4 : 12.00%  5 : 8.67%  6 : 8.33%  7 : 11.00%  8 : 11.17%  9 : 9.83%  
Divergence : jsd 0.0049, tvd 0.0702
labels from the first batch :[8, 7, 9, 8, 9, 7, 2, 1, 9, 7, 9, 0, 7, 9, 4, 7, 5, 6, 6, 4, 8, 4, 9, 8, 4, 1, 9, 3, 1, 1, 8, 4]

Client 48 with 600 data
Communication time : 100, Computation time per epoch : 100, Training time : 700
0 : 10.00%  1 : 11.17%  2 : 9.83%  3 : 9.83%  4 : 9.17%  5 : 9.17%  6 : 10.83%  7 : 8.50%  8 : 10.67%  9 : 10.83%  
Divergence : jsd 0.0013, tvd 0.0306
labels from the first batch :[2, 2, 0, 9, 8, 8, 2, 4, 0, 3, 9, 2, 1, 5, 6, 2, 3, 5, 7, 4, 1, 3, 6, 2, 9, 2, 8, 0, 0, 2, 2, 8]

Client 49 with 600 data
Communication time : 100, Computation time per epoch : 100, Training time : 700
0 : 9.67%  1 : 12.83%  2 : 9.00%  3 : 10.83%  4 : 10.33%  5 : 6.67%  6 : 10.33%  7 : 9.33%  8 : 11.33%  9 : 9.67%  
Divergence : jsd 0.0027, tvd 0.0486
labels from the first batch :[4, 6, 5, 3, 9, 8, 9, 3, 7, 3, 6, 3, 6, 0, 9, 3, 1, 0, 1, 4, 2, 9, 8, 6, 1, 7, 4, 5, 0, 6, 6, 3]

Client 50 with 600 data
Communication time : 100, Computation time per epoch : 100, Training time : 700
0 : 10.00%  1 : 10.17%  2 : 10.00%  3 : 10.50%  4 : 9.67%  5 : 8.83%  6 : 13.00%  7 : 10.33%  8 : 9.00%  9 : 8.50%  
Divergence : jsd 0.0023, tvd 0.0362
labels from the first batch :[0, 1, 5, 4, 0, 4, 3, 7, 9, 6, 3, 4, 6, 0, 7, 0, 2, 9, 4, 6, 0, 7, 5, 0, 6, 2, 5, 6, 6, 0, 7, 9]

Client 51 with 600 data
Communication time : 100, Computation time per epoch : 100, Training time : 700
0 : 9.83%  1 : 15.33%  2 : 10.00%  3 : 10.33%  4 : 11.17%  5 : 7.17%  6 : 8.67%  7 : 9.33%  8 : 8.33%  9 : 9.83%  
Divergence : jsd 0.0043, tvd 0.0571
labels from the first batch :[4, 5, 5, 1, 3, 9, 9, 1, 8, 1, 9, 2, 4, 6, 0, 3, 1, 3, 6, 8, 3, 7, 3, 2, 1, 1, 4, 0, 4, 3, 0, 2]

Client 52 with 600 data
Communication time : 100, Computation time per epoch : 100, Training time : 700
0 : 10.50%  1 : 10.33%  2 : 10.67%  3 : 10.83%  4 : 8.67%  5 : 9.00%  6 : 12.00%  7 : 9.17%  8 : 10.17%  9 : 8.67%  
Divergence : jsd 0.0020, tvd 0.0453
labels from the first batch :[9, 5, 9, 5, 2, 8, 2, 4, 7, 9, 5, 0, 2, 2, 5, 6, 5, 4, 9, 3, 9, 4, 4, 5, 7, 1, 3, 2, 0, 0, 8, 8]

Client 53 with 600 data
Communication time : 100, Computation time per epoch : 100, Training time : 700
0 : 8.83%  1 : 11.00%  2 : 10.17%  3 : 11.33%  4 : 8.83%  5 : 8.50%  6 : 10.33%  7 : 10.00%  8 : 10.83%  9 : 10.17%  
Divergence : jsd 0.0009, tvd 0.0316
labels from the first batch :[9, 9, 0, 3, 7, 8, 2, 1, 6, 8, 6, 2, 6, 6, 3, 2, 2, 7, 5, 0, 9, 6, 0, 6, 3, 0, 5, 9, 3, 2, 4, 4]

Client 54 with 600 data
Communication time : 100, Computation time per epoch : 100, Training time : 700
0 : 8.67%  1 : 10.67%  2 : 11.17%  3 : 10.83%  4 : 10.33%  5 : 9.17%  6 : 11.33%  7 : 9.00%  8 : 9.33%  9 : 9.50%  
Divergence : jsd 0.0015, tvd 0.0405
labels from the first batch :[6, 1, 0, 2, 0, 7, 6, 6, 2, 0, 6, 2, 6, 8, 6, 8, 9, 4, 4, 3, 2, 9, 2, 9, 8, 6, 0, 5, 3, 1, 4, 7]

Client 55 with 600 data
Communication time : 100, Computation time per epoch : 100, Training time : 700
0 : 10.00%  1 : 11.17%  2 : 10.50%  3 : 9.83%  4 : 10.67%  5 : 9.50%  6 : 8.83%  7 : 10.50%  8 : 8.67%  9 : 10.33%  
Divergence : jsd 0.0008, tvd 0.0257
labels from the first batch :[2, 1, 2, 8, 1, 8, 2, 4, 0, 0, 4, 5, 4, 1, 6, 6, 2, 8, 9, 9, 9, 5, 5, 2, 0, 9, 0, 4, 4, 0, 7, 4]

Client 56 with 600 data
Communication time : 100, Computation time per epoch : 100, Training time : 700
0 : 9.00%  1 : 12.17%  2 : 9.67%  3 : 10.17%  4 : 10.83%  5 : 6.83%  6 : 9.50%  7 : 12.00%  8 : 9.00%  9 : 10.83%  
Divergence : jsd 0.0023, tvd 0.0450
labels from the first batch :[7, 8, 8, 0, 4, 1, 5, 9, 5, 9, 8, 9, 5, 3, 4, 1, 7, 4, 6, 1, 4, 4, 3, 0, 2, 3, 7, 6, 4, 2, 8, 3]

Client 57 with 600 data
Communication time : 100, Computation time per epoch : 100, Training time : 700
0 : 10.33%  1 : 11.17%  2 : 10.50%  3 : 12.00%  4 : 8.00%  5 : 7.33%  6 : 8.00%  7 : 12.00%  8 : 9.33%  9 : 11.33%  
Divergence : jsd 0.0033, tvd 0.0579
labels from the first batch :[1, 3, 0, 0, 9, 7, 4, 3, 4, 2, 7, 7, 1, 5, 9, 3, 6, 1, 0, 8, 6, 3, 2, 1, 3, 3, 0, 9, 2, 3, 3, 6]

Client 58 with 600 data
Communication time : 100, Computation time per epoch : 100, Training time : 700
0 : 11.33%  1 : 12.67%  2 : 9.33%  3 : 13.00%  4 : 11.83%  5 : 6.67%  6 : 6.17%  7 : 9.83%  8 : 10.00%  9 : 9.17%  
Divergence : jsd 0.0073, tvd 0.0802
labels from the first batch :[4, 3, 7, 1, 2, 9, 0, 2, 8, 7, 6, 1, 0, 8, 3, 8, 7, 1, 0, 8, 3, 7, 4, 0, 1, 7, 8, 1, 0, 3, 9, 6]

Client 59 with 600 data
Communication time : 100, Computation time per epoch : 100, Training time : 700
0 : 8.67%  1 : 11.00%  2 : 11.83%  3 : 10.00%  4 : 8.33%  5 : 8.83%  6 : 9.50%  7 : 14.00%  8 : 8.00%  9 : 9.83%  
Divergence : jsd 0.0038, tvd 0.0546
labels from the first batch :[0, 5, 2, 8, 2, 1, 5, 9, 8, 9, 2, 6, 9, 0, 3, 1, 3, 6, 7, 4, 9, 1, 1, 5, 2, 0, 9, 7, 7, 3, 7, 7]

Client 60 with 600 data
Communication time : 100, Computation time per epoch : 100, Training time : 700
0 : 9.67%  1 : 12.33%  2 : 9.83%  3 : 11.33%  4 : 7.67%  5 : 8.83%  6 : 8.00%  7 : 11.67%  8 : 11.83%  9 : 8.83%  
Divergence : jsd 0.0032, tvd 0.0552
labels from the first batch :[0, 9, 3, 7, 9, 1, 9, 6, 9, 7, 7, 4, 7, 8, 0, 8, 7, 0, 4, 1, 1, 2, 4, 5, 5, 7, 9, 1, 8, 2, 4, 7]

Client 61 with 600 data
Communication time : 100, Computation time per epoch : 100, Training time : 700
0 : 12.50%  1 : 10.00%  2 : 10.33%  3 : 10.67%  4 : 8.33%  5 : 9.67%  6 : 9.50%  7 : 7.33%  8 : 10.67%  9 : 11.00%  
Divergence : jsd 0.0043, tvd 0.0611
labels from the first batch :[4, 0, 3, 0, 5, 0, 8, 2, 2, 7, 9, 3, 0, 1, 6, 9, 0, 1, 1, 4, 8, 3, 3, 4, 9, 5, 2, 9, 6, 6, 2, 7]

Client 62 with 600 data
Communication time : 100, Computation time per epoch : 100, Training time : 700
0 : 8.83%  1 : 10.67%  2 : 13.50%  3 : 11.67%  4 : 9.83%  5 : 9.00%  6 : 8.50%  7 : 12.00%  8 : 7.67%  9 : 8.33%  
Divergence : jsd 0.0047, tvd 0.0667
labels from the first batch :[0, 8, 4, 8, 1, 3, 1, 4, 1, 1, 4, 1, 1, 7, 3, 8, 6, 8, 6, 2, 1, 0, 3, 2, 0, 5, 2, 7, 2, 1, 1, 7]

Client 63 with 600 data
Communication time : 100, Computation time per epoch : 100, Training time : 700
0 : 8.50%  1 : 12.67%  2 : 13.33%  3 : 8.33%  4 : 8.17%  5 : 9.17%  6 : 10.50%  7 : 11.67%  8 : 9.67%  9 : 8.00%  
Divergence : jsd 0.0047, tvd 0.0683
labels from the first batch :[6, 8, 4, 3, 7, 4, 4, 8, 7, 0, 7, 1, 6, 1, 9, 2, 8, 2, 2, 7, 1, 1, 7, 5, 2, 2, 1, 8, 1, 1, 4, 5]

Client 64 with 600 data
Communication time : 100, Computation time per epoch : 100, Training time : 700
0 : 8.50%  1 : 13.50%  2 : 9.00%  3 : 11.00%  4 : 12.00%  5 : 6.83%  6 : 9.83%  7 : 10.00%  8 : 9.33%  9 : 10.00%  
Divergence : jsd 0.0034, tvd 0.0539
labels from the first batch :[1, 9, 5, 9, 5, 4, 7, 7, 6, 5, 3, 4, 7, 1, 1, 7, 7, 6, 5, 8, 4, 5, 5, 6, 5, 6, 8, 3, 8, 0, 5, 1]

Client 65 with 600 data
Communication time : 100, Computation time per epoch : 100, Training time : 700
0 : 11.83%  1 : 10.83%  2 : 8.17%  3 : 10.50%  4 : 8.50%  5 : 9.33%  6 : 8.50%  7 : 11.50%  8 : 10.50%  9 : 10.33%  
Divergence : jsd 0.0023, tvd 0.0477
labels from the first batch :[7, 0, 1, 7, 4, 5, 3, 3, 7, 3, 7, 9, 1, 8, 7, 8, 6, 1, 5, 3, 3, 2, 9, 1, 4, 7, 8, 9, 6, 8, 2, 0]

Client 66 with 600 data
Communication time : 100, Computation time per epoch : 100, Training time : 700
0 : 10.67%  1 : 14.00%  2 : 10.17%  3 : 10.17%  4 : 10.83%  5 : 7.00%  6 : 8.83%  7 : 10.00%  8 : 10.33%  9 : 8.00%  
Divergence : jsd 0.0034, tvd 0.0547
labels from the first batch :[9, 1, 9, 6, 4, 2, 3, 4, 1, 1, 4, 9, 1, 4, 1, 8, 4, 0, 9, 3, 1, 2, 1, 0, 2, 3, 4, 4, 6, 8, 6, 3]

Client 67 with 600 data
Communication time : 100, Computation time per epoch : 100, Training time : 700
0 : 12.00%  1 : 8.83%  2 : 11.83%  3 : 7.83%  4 : 8.33%  5 : 8.67%  6 : 11.33%  7 : 8.17%  8 : 11.50%  9 : 11.50%  
Divergence : jsd 0.0063, tvd 0.0884
labels from the first batch :[2, 8, 8, 7, 0, 2, 1, 4, 8, 2, 8, 4, 8, 0, 6, 0, 4, 6, 0, 1, 0, 5, 3, 4, 1, 9, 9, 6, 9, 2, 2, 7]

Client 68 with 600 data
Communication time : 100, Computation time per epoch : 100, Training time : 700
0 : 8.17%  1 : 11.33%  2 : 10.50%  3 : 8.50%  4 : 10.50%  5 : 9.33%  6 : 9.50%  7 : 11.17%  8 : 10.83%  9 : 10.17%  
Divergence : jsd 0.0017, tvd 0.0379
labels from the first batch :[5, 6, 7, 9, 4, 3, 7, 7, 6, 5, 9, 7, 9, 3, 1, 5, 9, 4, 6, 4, 4, 1, 9, 3, 2, 8, 6, 8, 2, 5, 5, 0]

Client 69 with 600 data
Communication time : 100, Computation time per epoch : 100, Training time : 700
0 : 9.67%  1 : 9.00%  2 : 10.67%  3 : 9.83%  4 : 10.17%  5 : 10.50%  6 : 9.50%  7 : 8.00%  8 : 11.67%  9 : 11.00%  
Divergence : jsd 0.0035, tvd 0.0563
labels from the first batch :[5, 9, 1, 6, 4, 2, 0, 4, 3, 0, 9, 9, 2, 3, 1, 3, 1, 7, 5, 4, 7, 9, 5, 6, 9, 3, 4, 1, 1, 7, 7, 8]

Client 70 with 600 data
Communication time : 100, Computation time per epoch : 100, Training time : 700
0 : 7.00%  1 : 11.33%  2 : 11.33%  3 : 9.50%  4 : 9.33%  5 : 10.33%  6 : 10.33%  7 : 9.00%  8 : 9.00%  9 : 12.83%  
Divergence : jsd 0.0044, tvd 0.0619
labels from the first batch :[8, 8, 1, 5, 0, 1, 5, 3, 1, 0, 9, 5, 2, 6, 5, 5, 8, 6, 3, 7, 1, 6, 8, 7, 6, 2, 5, 9, 1, 3, 6, 4]

Client 71 with 600 data
Communication time : 100, Computation time per epoch : 100, Training time : 700
0 : 9.67%  1 : 12.83%  2 : 8.33%  3 : 10.83%  4 : 10.17%  5 : 7.00%  6 : 9.67%  7 : 11.50%  8 : 9.17%  9 : 10.83%  
Divergence : jsd 0.0023, tvd 0.0462
labels from the first batch :[0, 0, 8, 1, 8, 2, 6, 2, 1, 0, 5, 2, 8, 1, 7, 2, 5, 4, 6, 2, 7, 7, 6, 0, 4, 0, 2, 6, 6, 1, 7, 1]

Client 72 with 600 data
Communication time : 100, Computation time per epoch : 100, Training time : 700
0 : 9.50%  1 : 8.50%  2 : 10.50%  3 : 10.67%  4 : 8.50%  5 : 9.00%  6 : 12.67%  7 : 9.67%  8 : 10.33%  9 : 10.67%  
Divergence : jsd 0.0033, tvd 0.0516
labels from the first batch :[3, 4, 0, 1, 7, 6, 3, 2, 2, 4, 2, 2, 9, 4, 1, 4, 6, 2, 3, 8, 1, 5, 0, 6, 3, 9, 0, 7, 4, 0, 3, 2]

Client 73 with 600 data
Communication time : 100, Computation time per epoch : 100, Training time : 700
0 : 10.50%  1 : 10.67%  2 : 9.33%  3 : 9.00%  4 : 9.67%  5 : 9.17%  6 : 8.17%  7 : 12.67%  8 : 11.67%  9 : 9.17%  
Divergence : jsd 0.0025, tvd 0.0490
labels from the first batch :[8, 3, 4, 3, 2, 8, 7, 6, 8, 7, 4, 4, 3, 1, 0, 3, 7, 2, 1, 6, 5, 0, 2, 7, 2, 5, 6, 7, 6, 3, 8, 5]

Client 74 with 600 data
Communication time : 100, Computation time per epoch : 100, Training time : 700
0 : 9.83%  1 : 11.83%  2 : 8.83%  3 : 10.00%  4 : 9.17%  5 : 8.83%  6 : 12.67%  7 : 11.33%  8 : 8.00%  9 : 9.50%  
Divergence : jsd 0.0024, tvd 0.0429
labels from the first batch :[1, 3, 6, 9, 3, 5, 6, 9, 9, 5, 6, 4, 1, 0, 5, 7, 1, 4, 0, 7, 7, 7, 4, 9, 2, 8, 1, 6, 9, 4, 3, 7]

Client 75 with 600 data
Communication time : 100, Computation time per epoch : 100, Training time : 700
0 : 11.17%  1 : 9.67%  2 : 8.67%  3 : 8.67%  4 : 11.00%  5 : 8.33%  6 : 8.50%  7 : 11.17%  8 : 11.83%  9 : 11.00%  
Divergence : jsd 0.0032, tvd 0.0645
labels from the first batch :[8, 8, 0, 0, 6, 0, 4, 3, 8, 5, 3, 7, 8, 4, 6, 1, 6, 2, 3, 3, 4, 6, 6, 5, 9, 4, 2, 3, 0, 6, 2, 6]

Client 76 with 600 data
Communication time : 100, Computation time per epoch : 100, Training time : 700
0 : 9.17%  1 : 9.83%  2 : 9.33%  3 : 9.50%  4 : 10.67%  5 : 10.17%  6 : 9.50%  7 : 10.00%  8 : 10.50%  9 : 11.33%  
Divergence : jsd 0.0015, tvd 0.0423
labels from the first batch :[1, 4, 1, 0, 9, 9, 5, 9, 2, 1, 1, 4, 3, 2, 7, 7, 4, 1, 7, 5, 8, 8, 1, 1, 0, 7, 0, 9, 8, 3, 0, 9]

Client 77 with 600 data
Communication time : 100, Computation time per epoch : 100, Training time : 700
0 : 9.33%  1 : 9.50%  2 : 8.67%  3 : 7.83%  4 : 10.50%  5 : 9.50%  6 : 9.50%  7 : 12.67%  8 : 11.33%  9 : 11.17%  
Divergence : jsd 0.0037, tvd 0.0629
labels from the first batch :[7, 6, 0, 9, 4, 0, 3, 8, 0, 6, 4, 8, 7, 5, 1, 3, 0, 5, 7, 8, 4, 8, 8, 3, 2, 7, 9, 3, 4, 6, 1, 4]

Client 78 with 600 data
Communication time : 100, Computation time per epoch : 100, Training time : 700
0 : 9.50%  1 : 11.67%  2 : 10.17%  3 : 11.17%  4 : 10.33%  5 : 9.67%  6 : 10.00%  7 : 8.67%  8 : 8.67%  9 : 10.17%  
Divergence : jsd 0.0012, tvd 0.0323
labels from the first batch :[9, 1, 2, 3, 4, 7, 3, 4, 0, 3, 0, 1, 0, 1, 9, 2, 7, 9, 6, 1, 6, 4, 8, 8, 7, 9, 4, 3, 3, 4, 3, 7]

Client 79 with 600 data
Communication time : 100, Computation time per epoch : 100, Training time : 700
0 : 9.83%  1 : 10.67%  2 : 9.67%  3 : 9.50%  4 : 12.00%  5 : 8.17%  6 : 9.33%  7 : 12.17%  8 : 7.67%  9 : 11.00%  
Divergence : jsd 0.0028, tvd 0.0507
labels from the first batch :[4, 8, 6, 3, 9, 7, 4, 9, 2, 7, 7, 0, 5, 0, 5, 7, 2, 7, 8, 9, 1, 1, 8, 2, 0, 0, 6, 3, 3, 8, 7, 3]

Client 80 with 600 data
Communication time : 100, Computation time per epoch : 100, Training time : 700
0 : 9.17%  1 : 11.50%  2 : 6.67%  3 : 13.17%  4 : 9.00%  5 : 8.83%  6 : 11.67%  7 : 10.67%  8 : 11.33%  9 : 8.00%  
Divergence : jsd 0.0056, tvd 0.0682
labels from the first batch :[7, 7, 1, 9, 7, 9, 3, 7, 3, 4, 5, 0, 6, 7, 6, 4, 2, 0, 3, 2, 8, 8, 6, 3, 9, 0, 8, 1, 6, 8, 5, 3]

Client 81 with 600 data
Communication time : 100, Computation time per epoch : 100, Training time : 700
0 : 12.17%  1 : 12.33%  2 : 7.83%  3 : 9.67%  4 : 10.17%  5 : 10.50%  6 : 6.83%  7 : 11.50%  8 : 9.83%  9 : 9.17%  
Divergence : jsd 0.0047, tvd 0.0643
labels from the first batch :[6, 3, 0, 6, 5, 4, 9, 3, 0, 9, 9, 8, 5, 9, 7, 8, 0, 1, 8, 5, 2, 0, 4, 8, 6, 3, 7, 3, 0, 3, 6, 9]

Client 82 with 600 data
Communication time : 100, Computation time per epoch : 100, Training time : 700
0 : 9.17%  1 : 8.67%  2 : 10.83%  3 : 9.67%  4 : 9.17%  5 : 9.17%  6 : 8.83%  7 : 11.83%  8 : 10.33%  9 : 12.33%  
Divergence : jsd 0.0031, tvd 0.0543
labels from the first batch :[2, 2, 1, 9, 6, 9, 9, 6, 2, 3, 2, 0, 8, 7, 1, 7, 8, 2, 0, 1, 9, 9, 6, 7, 7, 6, 7, 4, 1, 8, 4, 4]

Client 83 with 600 data
Communication time : 100, Computation time per epoch : 100, Training time : 700
0 : 10.00%  1 : 13.50%  2 : 8.17%  3 : 8.33%  4 : 8.83%  5 : 10.17%  6 : 10.83%  7 : 9.50%  8 : 9.00%  9 : 11.67%  
Divergence : jsd 0.0034, tvd 0.0625
labels from the first batch :[6, 0, 0, 5, 7, 8, 3, 1, 5, 9, 9, 9, 2, 5, 6, 7, 9, 2, 9, 1, 7, 8, 9, 6, 2, 7, 8, 6, 0, 7, 9, 3]

Client 84 with 600 data
Communication time : 100, Computation time per epoch : 100, Training time : 700
0 : 9.33%  1 : 8.83%  2 : 11.67%  3 : 12.67%  4 : 10.50%  5 : 8.83%  6 : 11.17%  7 : 7.83%  8 : 8.17%  9 : 11.00%  
Divergence : jsd 0.0050, tvd 0.0734
labels from the first batch :[2, 3, 4, 4, 8, 2, 5, 9, 2, 9, 6, 7, 7, 9, 8, 5, 3, 1, 2, 2, 8, 1, 8, 6, 3, 0, 5, 4, 9, 3, 0, 1]

Client 85 with 600 data
Communication time : 100, Computation time per epoch : 100, Training time : 700
0 : 11.33%  1 : 11.83%  2 : 10.00%  3 : 10.17%  4 : 10.33%  5 : 8.33%  6 : 9.17%  7 : 10.83%  8 : 9.00%  9 : 9.00%  
Divergence : jsd 0.0010, tvd 0.0312
labels from the first batch :[0, 9, 7, 2, 5, 0, 5, 7, 3, 3, 2, 6, 6, 4, 7, 1, 0, 1, 9, 1, 2, 7, 1, 5, 3, 6, 1, 7, 4, 4, 4, 5]

Client 86 with 600 data
Communication time : 100, Computation time per epoch : 100, Training time : 700
0 : 10.33%  1 : 10.33%  2 : 10.33%  3 : 9.33%  4 : 11.00%  5 : 8.00%  6 : 11.17%  7 : 10.67%  8 : 9.50%  9 : 9.33%  
Divergence : jsd 0.0012, tvd 0.0366
labels from the first batch :[4, 2, 1, 8, 1, 1, 8, 7, 0, 9, 2, 9, 2, 5, 3, 5, 4, 6, 4, 8, 9, 2, 2, 1, 1, 7, 1, 3, 7, 7, 6, 5]

Client 87 with 600 data
Communication time : 100, Computation time per epoch : 100, Training time : 700
0 : 11.00%  1 : 11.33%  2 : 10.33%  3 : 10.33%  4 : 8.50%  5 : 10.00%  6 : 9.00%  7 : 12.50%  8 : 9.33%  9 : 7.67%  
Divergence : jsd 0.0026, tvd 0.0477
labels from the first batch :[6, 0, 2, 6, 2, 8, 0, 0, 1, 6, 3, 9, 5, 2, 7, 7, 2, 1, 0, 3, 6, 1, 4, 0, 1, 7, 4, 9, 7, 7, 8, 7]

Client 88 with 600 data
Communication time : 100, Computation time per epoch : 100, Training time : 700
0 : 9.83%  1 : 11.50%  2 : 9.83%  3 : 8.83%  4 : 11.50%  5 : 9.00%  6 : 9.83%  7 : 10.50%  8 : 9.83%  9 : 9.33%  
Divergence : jsd 0.0010, tvd 0.0217
labels from the first batch :[2, 2, 8, 2, 0, 1, 5, 3, 7, 8, 2, 2, 7, 0, 8, 8, 9, 8, 6, 4, 4, 9, 0, 5, 1, 3, 7, 1, 4, 8, 6, 9]

Client 89 with 600 data
Communication time : 100, Computation time per epoch : 100, Training time : 700
0 : 11.33%  1 : 11.67%  2 : 8.83%  3 : 9.83%  4 : 10.50%  5 : 9.33%  6 : 8.00%  7 : 10.00%  8 : 10.00%  9 : 10.50%  
Divergence : jsd 0.0016, tvd 0.0379
labels from the first batch :[1, 1, 3, 2, 1, 7, 0, 5, 9, 4, 3, 6, 7, 5, 3, 1, 9, 1, 3, 5, 3, 8, 5, 8, 2, 1, 8, 3, 0, 8, 7, 5]

Client 90 with 600 data
Communication time : 100, Computation time per epoch : 100, Training time : 700
0 : 8.50%  1 : 10.17%  2 : 9.50%  3 : 9.33%  4 : 9.00%  5 : 9.17%  6 : 11.50%  7 : 11.50%  8 : 10.33%  9 : 11.00%  
Divergence : jsd 0.0018, tvd 0.0449
labels from the first batch :[9, 5, 5, 0, 0, 1, 6, 7, 7, 9, 9, 5, 8, 4, 9, 2, 5, 8, 5, 9, 1, 8, 3, 9, 8, 9, 1, 7, 7, 7, 2, 9]

Client 91 with 600 data
Communication time : 100, Computation time per epoch : 100, Training time : 700
0 : 11.50%  1 : 11.83%  2 : 7.83%  3 : 10.17%  4 : 8.50%  5 : 8.33%  6 : 10.17%  7 : 11.17%  8 : 11.33%  9 : 9.17%  
Divergence : jsd 0.0024, tvd 0.0484
labels from the first batch :[9, 5, 8, 5, 1, 2, 6, 1, 0, 8, 7, 3, 5, 1, 6, 2, 8, 4, 7, 4, 2, 0, 0, 7, 3, 1, 7, 0, 9, 3, 2, 5]

Client 92 with 600 data
Communication time : 100, Computation time per epoch : 100, Training time : 700
0 : 10.33%  1 : 12.67%  2 : 10.00%  3 : 9.67%  4 : 9.33%  5 : 8.33%  6 : 10.67%  7 : 9.33%  8 : 9.33%  9 : 10.33%  
Divergence : jsd 0.0009, tvd 0.0318
labels from the first batch :[1, 5, 4, 7, 6, 3, 2, 5, 9, 9, 0, 0, 6, 7, 3, 7, 3, 5, 8, 0, 2, 9, 0, 9, 3, 9, 6, 6, 1, 1, 6, 4]

Client 93 with 600 data
Communication time : 100, Computation time per epoch : 100, Training time : 700
0 : 7.50%  1 : 14.00%  2 : 10.50%  3 : 10.50%  4 : 10.67%  5 : 8.33%  6 : 7.00%  7 : 10.33%  8 : 11.17%  9 : 10.00%  
Divergence : jsd 0.0047, tvd 0.0605
labels from the first batch :[3, 1, 9, 5, 8, 9, 7, 8, 4, 9, 3, 9, 8, 4, 2, 1, 2, 3, 4, 1, 0, 9, 9, 4, 1, 3, 4, 7, 6, 5, 0, 1]

Client 94 with 600 data
Communication time : 100, Computation time per epoch : 100, Training time : 700
0 : 9.67%  1 : 12.67%  2 : 9.67%  3 : 7.67%  4 : 10.17%  5 : 10.83%  6 : 11.50%  7 : 9.83%  8 : 8.00%  9 : 10.00%  
Divergence : jsd 0.0034, tvd 0.0538
labels from the first batch :[6, 7, 1, 7, 6, 5, 7, 6, 7, 1, 2, 5, 2, 9, 5, 8, 9, 4, 3, 9, 8, 9, 7, 4, 4, 1, 0, 7, 2, 0, 6, 1]

Client 95 with 600 data
Communication time : 100, Computation time per epoch : 100, Training time : 700
0 : 9.67%  1 : 10.00%  2 : 9.17%  3 : 10.50%  4 : 9.17%  5 : 8.50%  6 : 9.83%  7 : 12.83%  8 : 9.17%  9 : 11.17%  
Divergence : jsd 0.0017, tvd 0.0392
labels from the first batch :[3, 6, 3, 3, 4, 0, 7, 9, 6, 1, 3, 0, 2, 5, 2, 3, 5, 9, 2, 8, 7, 9, 7, 9, 7, 6, 5, 9, 8, 4, 1, 4]

Client 96 with 600 data
Communication time : 100, Computation time per epoch : 100, Training time : 700
0 : 10.67%  1 : 11.33%  2 : 10.33%  3 : 14.50%  4 : 9.50%  5 : 6.67%  6 : 9.67%  7 : 10.67%  8 : 8.17%  9 : 8.50%  
Divergence : jsd 0.0050, tvd 0.0580
labels from the first batch :[9, 4, 8, 2, 6, 0, 3, 8, 2, 1, 6, 3, 2, 3, 3, 2, 2, 2, 0, 4, 9, 1, 3, 4, 5, 3, 7, 5, 2, 0, 4, 4]

Client 97 with 600 data
Communication time : 100, Computation time per epoch : 100, Training time : 700
0 : 8.83%  1 : 10.67%  2 : 9.83%  3 : 11.33%  4 : 8.33%  5 : 7.50%  6 : 10.17%  7 : 10.67%  8 : 10.00%  9 : 12.67%  
Divergence : jsd 0.0026, tvd 0.0464
labels from the first batch :[6, 3, 2, 5, 9, 7, 5, 9, 5, 2, 8, 5, 9, 5, 6, 6, 0, 6, 9, 4, 3, 1, 7, 8, 5, 3, 1, 0, 3, 8, 1, 3]

Client 98 with 600 data
Communication time : 100, Computation time per epoch : 100, Training time : 700
0 : 8.17%  1 : 12.50%  2 : 7.50%  3 : 10.33%  4 : 10.67%  5 : 10.00%  6 : 11.33%  7 : 9.50%  8 : 10.67%  9 : 9.33%  
Divergence : jsd 0.0031, tvd 0.0566
labels from the first batch :[6, 5, 0, 4, 4, 5, 8, 1, 8, 6, 6, 7, 1, 5, 8, 4, 4, 8, 7, 1, 6, 6, 6, 3, 5, 6, 8, 9, 9, 4, 5, 2]

Client 99 with 600 data
Communication time : 100, Computation time per epoch : 100, Training time : 700
0 : 12.00%  1 : 12.00%  2 : 10.33%  3 : 9.50%  4 : 9.50%  5 : 9.50%  6 : 9.67%  7 : 9.67%  8 : 8.00%  9 : 9.83%  
Divergence : jsd 0.0018, tvd 0.0376
labels from the first batch :[1, 7, 0, 6, 0, 7, 7, 5, 6, 3, 2, 5, 5, 2, 6, 7, 2, 2, 4, 6, 2, 7, 4, 1, 2, 9, 1, 2, 6, 1, 9, 9]

