Cluster 0 with 10 clients
Cluster communication time : 100
Cluster computation time : 4900
Cluster training time : 5100
Cluster clients : [0, 1, 2, 3, 4, 5, 6, 7, 8, 9]
Label percentage: ['0 : 0.60%', '1 : 0.70%', '2 : 0.62%', '3 : 0.64%', '4 : 0.60%', '5 : 94.36%', '6 : 0.60%', '7 : 0.64%', '8 : 0.60%', '9 : 0.62%']%
Divergence : jsd 0.6238, tvd 0.8532

Cluster 1 with 10 clients
Cluster communication time : 100
Cluster computation time : 4900
Cluster training time : 5100
Cluster clients : [10, 11, 12, 13, 14, 15, 16, 17, 18, 19]
Label percentage: ['0 : 94.89%', '1 : 0.64%', '2 : 0.56%', '3 : 0.57%', '4 : 0.56%', '5 : 0.52%', '6 : 0.56%', '7 : 0.59%', '8 : 0.56%', '9 : 0.56%']%
Divergence : jsd 0.6204, tvd 0.8502

Cluster 2 with 10 clients
Cluster communication time : 100
Cluster computation time : 4900
Cluster training time : 5100
Cluster clients : [20, 21, 22, 23, 24, 25, 26, 27, 28, 29]
Label percentage: ['0 : 0.56%', '1 : 0.65%', '2 : 0.56%', '3 : 0.58%', '4 : 94.82%', '5 : 0.53%', '6 : 0.56%', '7 : 0.60%', '8 : 0.56%', '9 : 0.56%']%
Divergence : jsd 0.6213, tvd 0.8509

Cluster 3 with 10 clients
Cluster communication time : 100
Cluster computation time : 4900
Cluster training time : 5100
Cluster clients : [30, 31, 32, 33, 34, 35, 36, 37, 38, 39]
Label percentage: ['0 : 0.49%', '1 : 95.57%', '2 : 0.49%', '3 : 0.51%', '4 : 0.49%', '5 : 0.45%', '6 : 0.49%', '7 : 0.52%', '8 : 0.49%', '9 : 0.49%']%
Divergence : jsd 0.6123, tvd 0.8433

Cluster 4 with 10 clients
Cluster communication time : 100
Cluster computation time : 4900
Cluster training time : 5100
Cluster clients : [40, 41, 42, 43, 44, 45, 46, 47, 48, 49]
Label percentage: ['0 : 0.55%', '1 : 0.64%', '2 : 0.55%', '3 : 0.57%', '4 : 0.55%', '5 : 0.50%', '6 : 0.55%', '7 : 0.59%', '8 : 0.55%', '9 : 94.93%']%
Divergence : jsd 0.6204, tvd 0.8501

Cluster 5 with 10 clients
Cluster communication time : 100
Cluster computation time : 4900
Cluster training time : 5100
Cluster clients : [50, 51, 52, 53, 54, 55, 56, 57, 58, 59]
Label percentage: ['0 : 0.55%', '1 : 0.64%', '2 : 94.95%', '3 : 0.57%', '4 : 0.55%', '5 : 0.50%', '6 : 0.55%', '7 : 0.59%', '8 : 0.54%', '9 : 0.55%']%
Divergence : jsd 0.6206, tvd 0.8502

Cluster 6 with 10 clients
Cluster communication time : 100
Cluster computation time : 4900
Cluster training time : 5100
Cluster clients : [60, 61, 62, 63, 64, 65, 66, 67, 68, 69]
Label percentage: ['0 : 0.54%', '1 : 0.60%', '2 : 0.54%', '3 : 95.13%', '4 : 0.52%', '5 : 0.49%', '6 : 0.54%', '7 : 0.57%', '8 : 0.52%', '9 : 0.54%']%
Divergence : jsd 0.6196, tvd 0.8491

Cluster 7 with 10 clients
Cluster communication time : 100
Cluster computation time : 4900
Cluster training time : 5100
Cluster clients : [70, 71, 72, 73, 74, 75, 76, 77, 78, 79]
Label percentage: ['0 : 0.56%', '1 : 0.62%', '2 : 0.56%', '3 : 0.57%', '4 : 0.54%', '5 : 0.51%', '6 : 94.95%', '7 : 0.59%', '8 : 0.54%', '9 : 0.56%']%
Divergence : jsd 0.6217, tvd 0.8509

Cluster 8 with 10 clients
Cluster communication time : 100
Cluster computation time : 4900
Cluster training time : 5100
Cluster clients : [80, 81, 82, 83, 84, 85, 86, 87, 88, 89]
Label percentage: ['0 : 0.53%', '1 : 0.59%', '2 : 0.53%', '3 : 0.54%', '4 : 0.51%', '5 : 0.48%', '6 : 0.53%', '7 : 95.25%', '8 : 0.51%', '9 : 0.53%']%
Divergence : jsd 0.6183, tvd 0.8480

Cluster 9 with 10 clients
Cluster communication time : 100
Cluster computation time : 4900
Cluster training time : 5100
Cluster clients : [90, 91, 92, 93, 94, 95, 96, 97, 98, 99]
Label percentage: ['0 : 0.56%', '1 : 0.63%', '2 : 0.56%', '3 : 0.58%', '4 : 0.55%', '5 : 0.51%', '6 : 0.55%', '7 : 0.58%', '8 : 94.91%', '9 : 0.56%']%
Divergence : jsd 0.6228, tvd 0.8516

