-----------------------------------------------------

Central server round 1 started
Model sent from central server with 100msec communication time, with loss :2.31, accuracy : 11.16%
Accuracy per label : ['0:0.00%', '1:0.00%', '2:0.00%', '3:0.00%', '4:0.00%', '5:0.00%', '6:0.00%', '7:0.00%', '8:33.16%', '9:78.59%']
The model is from round 0 from central server, staleness is 0

Cluster round 1 completed, aggregated models from all the clients, time past : 800msec, loss : 2.22, accuracy 42.47%
Accuracy per label : ['0:84.39%', '1:1.15%', '2:34.50%', '3:75.64%', '4:27.70%', '5:0.00%', '6:93.42%', '7:36.38%', '8:75.67%', '9:0.89%']

Cluster round 2 completed, aggregated models from all the clients, time past : 1500msec, loss : 0.58, accuracy 83.47%
Accuracy per label : ['0:93.27%', '1:97.00%', '2:81.78%', '3:89.01%', '4:75.36%', '5:72.20%', '6:89.04%', '7:85.12%', '8:72.48%', '9:76.41%']

Cluster round 3 completed, aggregated models from all the clients, time past : 2200msec, loss : 0.38, accuracy 88.81%
Accuracy per label : ['0:97.35%', '1:98.06%', '2:88.18%', '3:86.73%', '4:83.20%', '5:81.61%', '6:92.69%', '7:88.72%', '8:84.29%', '9:85.43%']

Before aggregation, loss : 2.31, accuracy : 11.16%
Before aggregation, accuracy per label : ['0:0.00%', '1:0.00%', '2:0.00%', '3:0.00%', '4:0.00%', '5:0.00%', '6:0.00%', '7:0.00%', '8:33.16%', '9:78.59%']
Aggregation to central server completed at central server round 1, loss : 0.37, accuracy : 89.00%
Accuracy per label after aggregation : ['0:97.55%', '1:97.44%', '2:88.47%', '3:88.22%', '4:83.20%', '5:80.61%', '6:91.54%', '7:87.55%', '8:85.83%', '9:87.71%']

-----------------------------------------------------

Central server round 2 started
Model sent from central server with 100msec communication time, with loss :0.37, accuracy : 89.00%
Accuracy per label : ['0:97.55%', '1:97.44%', '2:88.47%', '3:88.22%', '4:83.20%', '5:80.61%', '6:91.54%', '7:87.55%', '8:85.83%', '9:87.71%']
The model is from round 1 from central server, staleness is 0

Cluster round 1 completed, aggregated models from all the clients, time past : 800msec, loss : 0.30, accuracy 90.99%
Accuracy per label : ['0:97.24%', '1:98.41%', '2:92.15%', '3:91.78%', '4:84.93%', '5:85.76%', '6:93.53%', '7:90.47%', '8:82.75%', '9:91.18%']

Cluster round 2 completed, aggregated models from all the clients, time past : 1500msec, loss : 0.24, accuracy 92.74%
Accuracy per label : ['0:98.06%', '1:97.89%', '2:92.05%', '3:91.09%', '4:91.75%', '5:90.02%', '6:95.09%', '7:92.32%', '8:88.50%', '9:89.79%']

Cluster round 3 completed, aggregated models from all the clients, time past : 2200msec, loss : 0.21, accuracy 93.93%
Accuracy per label : ['0:98.57%', '1:98.33%', '2:93.12%', '3:94.26%', '4:91.14%', '5:92.15%', '6:95.09%', '7:92.41%', '8:91.07%', '9:92.47%']

Before aggregation, loss : 0.37, accuracy : 89.00%
Before aggregation, accuracy per label : ['0:97.55%', '1:97.44%', '2:88.47%', '3:88.22%', '4:83.20%', '5:80.61%', '6:91.54%', '7:87.55%', '8:85.83%', '9:87.71%']
Aggregation to central server completed at central server round 2, loss : 0.20, accuracy : 93.89%
Accuracy per label after aggregation : ['0:98.37%', '1:98.15%', '2:93.22%', '3:94.16%', '4:92.97%', '5:91.37%', '6:95.09%', '7:92.51%', '8:90.76%', '9:91.58%']

-----------------------------------------------------

Central server round 3 started
Model sent from central server with 100msec communication time, with loss :0.20, accuracy : 93.89%
Accuracy per label : ['0:98.37%', '1:98.15%', '2:93.22%', '3:94.16%', '4:92.97%', '5:91.37%', '6:95.09%', '7:92.51%', '8:90.76%', '9:91.58%']
The model is from round 2 from central server, staleness is 0

Cluster round 1 completed, aggregated models from all the clients, time past : 800msec, loss : 0.18, accuracy 94.68%
Accuracy per label : ['0:98.37%', '1:97.71%', '2:93.12%', '3:94.46%', '4:93.08%', '5:93.27%', '6:96.87%', '7:92.70%', '8:92.09%', '9:94.75%']

Cluster round 2 completed, aggregated models from all the clients, time past : 1500msec, loss : 0.16, accuracy 95.25%
Accuracy per label : ['0:98.47%', '1:98.41%', '2:93.60%', '3:95.54%', '4:95.01%', '5:94.51%', '6:97.60%', '7:94.07%', '8:92.71%', '9:92.27%']

Cluster round 3 completed, aggregated models from all the clients, time past : 2200msec, loss : 0.14, accuracy 95.68%
Accuracy per label : ['0:98.27%', '1:97.80%', '2:92.83%', '3:95.94%', '4:94.20%', '5:96.08%', '6:97.81%', '7:94.07%', '8:94.15%', '9:95.64%']

Before aggregation, loss : 0.20, accuracy : 93.89%
Before aggregation, accuracy per label : ['0:98.37%', '1:98.15%', '2:93.22%', '3:94.16%', '4:92.97%', '5:91.37%', '6:95.09%', '7:92.51%', '8:90.76%', '9:91.58%']
Aggregation to central server completed at central server round 3, loss : 0.14, accuracy : 95.86%
Accuracy per label after aggregation : ['0:98.57%', '1:98.15%', '2:94.57%', '3:95.54%', '4:95.42%', '5:95.29%', '6:97.29%', '7:94.94%', '8:93.84%', '9:94.75%']

-----------------------------------------------------

Central server round 4 started
Model sent from central server with 100msec communication time, with loss :0.14, accuracy : 95.86%
Accuracy per label : ['0:98.57%', '1:98.15%', '2:94.57%', '3:95.54%', '4:95.42%', '5:95.29%', '6:97.29%', '7:94.94%', '8:93.84%', '9:94.75%']
The model is from round 3 from central server, staleness is 0

Cluster round 1 completed, aggregated models from all the clients, time past : 800msec, loss : 0.13, accuracy 96.28%
Accuracy per label : ['0:98.37%', '1:98.68%', '2:94.67%', '3:96.83%', '4:95.01%', '5:95.74%', '6:97.91%', '7:95.72%', '8:94.46%', '9:95.14%']

Cluster round 2 completed, aggregated models from all the clients, time past : 1500msec, loss : 0.12, accuracy 96.42%
Accuracy per label : ['0:98.57%', '1:98.68%', '2:96.51%', '3:96.63%', '4:94.60%', '5:96.52%', '6:98.12%', '7:94.94%', '8:93.63%', '9:95.74%']

Cluster round 3 completed, aggregated models from all the clients, time past : 2200msec, loss : 0.11, accuracy 96.69%
Accuracy per label : ['0:98.78%', '1:98.77%', '2:95.83%', '3:97.13%', '4:96.54%', '5:95.96%', '6:97.91%', '7:95.04%', '8:95.28%', '9:95.44%']

Before aggregation, loss : 0.14, accuracy : 95.86%
Before aggregation, accuracy per label : ['0:98.57%', '1:98.15%', '2:94.57%', '3:95.54%', '4:95.42%', '5:95.29%', '6:97.29%', '7:94.94%', '8:93.84%', '9:94.75%']
Aggregation to central server completed at central server round 4, loss : 0.11, accuracy : 96.83%
Accuracy per label after aggregation : ['0:98.98%', '1:98.33%', '2:97.09%', '3:96.83%', '4:96.44%', '5:96.08%', '6:97.70%', '7:95.91%', '8:95.28%', '9:95.44%']

-----------------------------------------------------

Central server round 5 started
Model sent from central server with 100msec communication time, with loss :0.11, accuracy : 96.83%
Accuracy per label : ['0:98.98%', '1:98.33%', '2:97.09%', '3:96.83%', '4:96.44%', '5:96.08%', '6:97.70%', '7:95.91%', '8:95.28%', '9:95.44%']
The model is from round 4 from central server, staleness is 0

Cluster round 1 completed, aggregated models from all the clients, time past : 800msec, loss : 0.10, accuracy 96.98%
Accuracy per label : ['0:98.78%', '1:98.15%', '2:96.71%', '3:96.63%', '4:96.64%', '5:96.75%', '6:97.91%', '7:96.01%', '8:96.61%', '9:95.54%']

Cluster round 2 completed, aggregated models from all the clients, time past : 1500msec, loss : 0.10, accuracy 96.83%
Accuracy per label : ['0:98.47%', '1:98.33%', '2:97.00%', '3:97.03%', '4:95.11%', '5:96.30%', '6:98.12%', '7:94.07%', '8:97.13%', '9:96.63%']

Cluster round 3 completed, aggregated models from all the clients, time past : 2200msec, loss : 0.10, accuracy 97.11%
Accuracy per label : ['0:98.78%', '1:98.24%', '2:97.38%', '3:97.92%', '4:96.74%', '5:96.30%', '6:98.33%', '7:94.84%', '8:97.23%', '9:95.24%']

Before aggregation, loss : 0.11, accuracy : 96.83%
Before aggregation, accuracy per label : ['0:98.98%', '1:98.33%', '2:97.09%', '3:96.83%', '4:96.44%', '5:96.08%', '6:97.70%', '7:95.91%', '8:95.28%', '9:95.44%']
Aggregation to central server completed at central server round 5, loss : 0.09, accuracy : 97.32%
Accuracy per label after aggregation : ['0:98.98%', '1:98.41%', '2:97.58%', '3:97.43%', '4:97.56%', '5:96.52%', '6:98.02%', '7:96.01%', '8:96.61%', '9:95.94%']

-----------------------------------------------------

Central server round 6 started
Model sent from central server with 100msec communication time, with loss :0.09, accuracy : 97.32%
Accuracy per label : ['0:98.98%', '1:98.41%', '2:97.58%', '3:97.43%', '4:97.56%', '5:96.52%', '6:98.02%', '7:96.01%', '8:96.61%', '9:95.94%']
The model is from round 5 from central server, staleness is 0

Cluster round 1 completed, aggregated models from all the clients, time past : 800msec, loss : 0.09, accuracy 97.37%
Accuracy per label : ['0:99.08%', '1:98.33%', '2:97.87%', '3:97.33%', '4:97.66%', '5:96.75%', '6:98.54%', '7:96.11%', '8:96.41%', '9:95.54%']

Cluster round 2 completed, aggregated models from all the clients, time past : 1500msec, loss : 0.09, accuracy 97.46%
Accuracy per label : ['0:98.98%', '1:98.41%', '2:97.58%', '3:97.82%', '4:97.76%', '5:96.08%', '6:98.43%', '7:95.91%', '8:97.74%', '9:95.74%']

Cluster round 3 completed, aggregated models from all the clients, time past : 2200msec, loss : 0.08, accuracy 97.50%
Accuracy per label : ['0:98.98%', '1:98.85%', '2:97.87%', '3:97.82%', '4:97.66%', '5:97.20%', '6:98.64%', '7:95.91%', '8:95.59%', '9:96.33%']

Before aggregation, loss : 0.09, accuracy : 97.32%
Before aggregation, accuracy per label : ['0:98.98%', '1:98.41%', '2:97.58%', '3:97.43%', '4:97.56%', '5:96.52%', '6:98.02%', '7:96.01%', '8:96.61%', '9:95.94%']
Aggregation to central server completed at central server round 6, loss : 0.08, accuracy : 97.60%
Accuracy per label after aggregation : ['0:99.18%', '1:98.85%', '2:97.58%', '3:97.43%', '4:97.96%', '5:97.09%', '6:98.23%', '7:96.69%', '8:96.82%', '9:96.04%']

-----------------------------------------------------

Central server round 7 started
Model sent from central server with 100msec communication time, with loss :0.08, accuracy : 97.60%
Accuracy per label : ['0:99.18%', '1:98.85%', '2:97.58%', '3:97.43%', '4:97.96%', '5:97.09%', '6:98.23%', '7:96.69%', '8:96.82%', '9:96.04%']
The model is from round 6 from central server, staleness is 0

Cluster round 1 completed, aggregated models from all the clients, time past : 800msec, loss : 0.08, accuracy 97.62%
Accuracy per label : ['0:98.98%', '1:99.21%', '2:97.29%', '3:97.43%', '4:97.66%', '5:97.09%', '6:98.75%', '7:96.50%', '8:96.82%', '9:96.33%']

Cluster round 2 completed, aggregated models from all the clients, time past : 1500msec, loss : 0.08, accuracy 97.54%
Accuracy per label : ['0:98.98%', '1:98.24%', '2:97.67%', '3:97.92%', '4:97.45%', '5:96.64%', '6:98.85%', '7:96.21%', '8:96.92%', '9:96.43%']

Cluster round 3 completed, aggregated models from all the clients, time past : 2200msec, loss : 0.07, accuracy 97.67%
Accuracy per label : ['0:99.08%', '1:99.12%', '2:97.77%', '3:97.82%', '4:98.78%', '5:96.86%', '6:98.64%', '7:96.50%', '8:96.41%', '9:95.54%']

Before aggregation, loss : 0.08, accuracy : 97.60%
Before aggregation, accuracy per label : ['0:99.18%', '1:98.85%', '2:97.58%', '3:97.43%', '4:97.96%', '5:97.09%', '6:98.23%', '7:96.69%', '8:96.82%', '9:96.04%']
Aggregation to central server completed at central server round 7, loss : 0.07, accuracy : 97.83%
Accuracy per label after aggregation : ['0:99.18%', '1:98.94%', '2:98.16%', '3:97.82%', '4:98.07%', '5:97.20%', '6:98.23%', '7:97.08%', '8:97.13%', '9:96.33%']

-----------------------------------------------------

Central server round 8 started
Model sent from central server with 100msec communication time, with loss :0.07, accuracy : 97.83%
Accuracy per label : ['0:99.18%', '1:98.94%', '2:98.16%', '3:97.82%', '4:98.07%', '5:97.20%', '6:98.23%', '7:97.08%', '8:97.13%', '9:96.33%']
The model is from round 7 from central server, staleness is 0

Cluster round 1 completed, aggregated models from all the clients, time past : 800msec, loss : 0.07, accuracy 97.76%
Accuracy per label : ['0:99.08%', '1:99.12%', '2:97.97%', '3:97.92%', '4:98.37%', '5:96.86%', '6:98.75%', '7:96.50%', '8:96.61%', '9:96.23%']

Cluster round 2 completed, aggregated models from all the clients, time past : 1500msec, loss : 0.07, accuracy 97.84%
Accuracy per label : ['0:98.98%', '1:99.12%', '2:98.06%', '3:98.32%', '4:97.56%', '5:97.31%', '6:98.75%', '7:97.18%', '8:96.92%', '9:96.04%']

Cluster round 3 completed, aggregated models from all the clients, time past : 2200msec, loss : 0.07, accuracy 97.84%
Accuracy per label : ['0:99.08%', '1:99.12%', '2:97.38%', '3:98.42%', '4:97.45%', '5:97.42%', '6:98.75%', '7:97.18%', '8:96.82%', '9:96.63%']

Before aggregation, loss : 0.07, accuracy : 97.83%
Before aggregation, accuracy per label : ['0:99.18%', '1:98.94%', '2:98.16%', '3:97.82%', '4:98.07%', '5:97.20%', '6:98.23%', '7:97.08%', '8:97.13%', '9:96.33%']
Aggregation to central server completed at central server round 8, loss : 0.06, accuracy : 98.06%
Accuracy per label after aggregation : ['0:99.39%', '1:99.21%', '2:98.16%', '3:98.32%', '4:98.27%', '5:97.53%', '6:98.33%', '7:97.28%', '8:97.23%', '9:96.73%']

-----------------------------------------------------

Central server round 9 started
Model sent from central server with 100msec communication time, with loss :0.06, accuracy : 98.06%
Accuracy per label : ['0:99.39%', '1:99.21%', '2:98.16%', '3:98.32%', '4:98.27%', '5:97.53%', '6:98.33%', '7:97.28%', '8:97.23%', '9:96.73%']
The model is from round 8 from central server, staleness is 0

Cluster round 1 completed, aggregated models from all the clients, time past : 800msec, loss : 0.07, accuracy 97.90%
Accuracy per label : ['0:98.98%', '1:99.12%', '2:97.77%', '3:98.32%', '4:98.37%', '5:97.53%', '6:98.75%', '7:97.57%', '8:96.00%', '9:96.43%']

Cluster round 2 completed, aggregated models from all the clients, time past : 1500msec, loss : 0.06, accuracy 98.04%
Accuracy per label : ['0:99.18%', '1:99.12%', '2:98.26%', '3:98.22%', '4:98.57%', '5:97.65%', '6:98.54%', '7:97.47%', '8:96.71%', '9:96.53%']

Cluster round 3 completed, aggregated models from all the clients, time past : 2200msec, loss : 0.06, accuracy 97.98%
Accuracy per label : ['0:98.88%', '1:98.94%', '2:97.48%', '3:98.42%', '4:98.27%', '5:97.65%', '6:98.54%', '7:97.18%', '8:97.54%', '9:96.83%']

Before aggregation, loss : 0.06, accuracy : 98.06%
Before aggregation, accuracy per label : ['0:99.39%', '1:99.21%', '2:98.16%', '3:98.32%', '4:98.27%', '5:97.53%', '6:98.33%', '7:97.28%', '8:97.23%', '9:96.73%']
Aggregation to central server completed at central server round 9, loss : 0.06, accuracy : 98.12%
Accuracy per label after aggregation : ['0:99.39%', '1:98.94%', '2:98.55%', '3:98.42%', '4:98.47%', '5:97.53%', '6:98.23%', '7:97.08%', '8:97.64%', '9:96.83%']

-----------------------------------------------------

Central server round 10 started
Model sent from central server with 100msec communication time, with loss :0.06, accuracy : 98.12%
Accuracy per label : ['0:99.39%', '1:98.94%', '2:98.55%', '3:98.42%', '4:98.47%', '5:97.53%', '6:98.23%', '7:97.08%', '8:97.64%', '9:96.83%']
The model is from round 9 from central server, staleness is 0

Cluster round 1 completed, aggregated models from all the clients, time past : 800msec, loss : 0.06, accuracy 97.99%
Accuracy per label : ['0:99.29%', '1:98.68%', '2:98.16%', '3:98.61%', '4:97.66%', '5:97.53%', '6:98.43%', '7:97.47%', '8:97.33%', '9:96.63%']

Cluster round 2 completed, aggregated models from all the clients, time past : 1500msec, loss : 0.06, accuracy 98.04%
Accuracy per label : ['0:99.08%', '1:99.03%', '2:97.58%', '3:98.22%', '4:98.37%', '5:97.87%', '6:98.64%', '7:98.05%', '8:96.92%', '9:96.53%']

Cluster round 3 completed, aggregated models from all the clients, time past : 2200msec, loss : 0.06, accuracy 97.97%
Accuracy per label : ['0:99.18%', '1:99.03%', '2:97.97%', '3:98.32%', '4:97.45%', '5:97.76%', '6:98.54%', '7:97.18%', '8:96.92%', '9:97.22%']

Before aggregation, loss : 0.06, accuracy : 98.12%
Before aggregation, accuracy per label : ['0:99.39%', '1:98.94%', '2:98.55%', '3:98.42%', '4:98.47%', '5:97.53%', '6:98.23%', '7:97.08%', '8:97.64%', '9:96.83%']
Aggregation to central server completed at central server round 10, loss : 0.06, accuracy : 98.24%
Accuracy per label after aggregation : ['0:99.39%', '1:99.21%', '2:98.35%', '3:98.32%', '4:98.57%', '5:97.76%', '6:98.33%', '7:97.57%', '8:97.95%', '9:96.83%']

-----------------------------------------------------

Central server round 11 started
Model sent from central server with 100msec communication time, with loss :0.06, accuracy : 98.24%
Accuracy per label : ['0:99.39%', '1:99.21%', '2:98.35%', '3:98.32%', '4:98.57%', '5:97.76%', '6:98.33%', '7:97.57%', '8:97.95%', '9:96.83%']
The model is from round 10 from central server, staleness is 0

Cluster round 1 completed, aggregated models from all the clients, time past : 800msec, loss : 0.06, accuracy 98.19%
Accuracy per label : ['0:99.29%', '1:98.94%', '2:98.55%', '3:98.42%', '4:98.68%', '5:97.76%', '6:98.64%', '7:97.57%', '8:97.84%', '9:96.13%']

Cluster round 2 completed, aggregated models from all the clients, time past : 1500msec, loss : 0.06, accuracy 98.04%
Accuracy per label : ['0:98.98%', '1:99.03%', '2:98.26%', '3:98.32%', '4:98.27%', '5:97.76%', '6:98.54%', '7:97.86%', '8:96.51%', '9:96.73%']

Cluster round 3 completed, aggregated models from all the clients, time past : 2200msec, loss : 0.06, accuracy 98.12%
Accuracy per label : ['0:99.18%', '1:99.03%', '2:98.26%', '3:98.32%', '4:97.86%', '5:97.65%', '6:98.64%', '7:97.67%', '8:97.84%', '9:96.63%']

Before aggregation, loss : 0.06, accuracy : 98.24%
Before aggregation, accuracy per label : ['0:99.39%', '1:99.21%', '2:98.35%', '3:98.32%', '4:98.57%', '5:97.76%', '6:98.33%', '7:97.57%', '8:97.95%', '9:96.83%']
Aggregation to central server completed at central server round 11, loss : 0.05, accuracy : 98.30%
Accuracy per label after aggregation : ['0:99.39%', '1:99.12%', '2:98.64%', '3:98.51%', '4:98.68%', '5:97.76%', '6:98.43%', '7:97.57%', '8:97.95%', '9:96.83%']

-----------------------------------------------------

Central server round 12 started
Model sent from central server with 100msec communication time, with loss :0.05, accuracy : 98.30%
Accuracy per label : ['0:99.39%', '1:99.12%', '2:98.64%', '3:98.51%', '4:98.68%', '5:97.76%', '6:98.43%', '7:97.57%', '8:97.95%', '9:96.83%']
The model is from round 11 from central server, staleness is 0

Cluster round 1 completed, aggregated models from all the clients, time past : 800msec, loss : 0.05, accuracy 98.20%
Accuracy per label : ['0:99.18%', '1:99.03%', '2:98.74%', '3:98.22%', '4:98.37%', '5:97.76%', '6:98.75%', '7:98.05%', '8:97.13%', '9:96.63%']

Cluster round 2 completed, aggregated models from all the clients, time past : 1500msec, loss : 0.05, accuracy 98.22%
Accuracy per label : ['0:99.39%', '1:98.94%', '2:98.16%', '3:98.32%', '4:98.27%', '5:97.98%', '6:98.43%', '7:97.67%', '8:98.15%', '9:96.83%']

Cluster round 3 completed, aggregated models from all the clients, time past : 2200msec, loss : 0.06, accuracy 98.18%
Accuracy per label : ['0:99.18%', '1:98.94%', '2:98.74%', '3:98.02%', '4:99.08%', '5:97.76%', '6:98.85%', '7:97.86%', '8:97.33%', '9:95.94%']

Before aggregation, loss : 0.05, accuracy : 98.30%
Before aggregation, accuracy per label : ['0:99.39%', '1:99.12%', '2:98.64%', '3:98.51%', '4:98.68%', '5:97.76%', '6:98.43%', '7:97.57%', '8:97.95%', '9:96.83%']
Aggregation to central server completed at central server round 12, loss : 0.05, accuracy : 98.38%
Accuracy per label after aggregation : ['0:99.39%', '1:99.21%', '2:98.64%', '3:98.51%', '4:98.78%', '5:97.87%', '6:98.43%', '7:97.96%', '8:97.95%', '9:96.93%']

-----------------------------------------------------

Central server round 13 started
Model sent from central server with 100msec communication time, with loss :0.05, accuracy : 98.38%
Accuracy per label : ['0:99.39%', '1:99.21%', '2:98.64%', '3:98.51%', '4:98.78%', '5:97.87%', '6:98.43%', '7:97.96%', '8:97.95%', '9:96.93%']
The model is from round 12 from central server, staleness is 0

Cluster round 1 completed, aggregated models from all the clients, time past : 800msec, loss : 0.05, accuracy 98.25%
Accuracy per label : ['0:99.18%', '1:98.94%', '2:98.74%', '3:98.32%', '4:98.17%', '5:97.98%', '6:98.54%', '7:97.86%', '8:98.05%', '9:96.63%']

Cluster round 2 completed, aggregated models from all the clients, time past : 1500msec, loss : 0.06, accuracy 98.12%
Accuracy per label : ['0:99.39%', '1:98.94%', '2:98.45%', '3:98.51%', '4:98.47%', '5:97.42%', '6:98.64%', '7:97.67%', '8:96.82%', '9:96.73%']

Cluster round 3 completed, aggregated models from all the clients, time past : 2200msec, loss : 0.05, accuracy 98.20%
Accuracy per label : ['0:99.18%', '1:99.12%', '2:98.06%', '3:98.32%', '4:98.47%', '5:98.21%', '6:98.64%', '7:97.67%', '8:97.74%', '9:96.53%']

Before aggregation, loss : 0.05, accuracy : 98.38%
Before aggregation, accuracy per label : ['0:99.39%', '1:99.21%', '2:98.64%', '3:98.51%', '4:98.78%', '5:97.87%', '6:98.43%', '7:97.96%', '8:97.95%', '9:96.93%']
Aggregation to central server completed at central server round 13, loss : 0.05, accuracy : 98.45%
Accuracy per label after aggregation : ['0:99.39%', '1:99.30%', '2:98.84%', '3:98.51%', '4:98.78%', '5:97.87%', '6:98.33%', '7:97.96%', '8:98.25%', '9:97.13%']

-----------------------------------------------------

Central server round 14 started
Model sent from central server with 100msec communication time, with loss :0.05, accuracy : 98.45%
Accuracy per label : ['0:99.39%', '1:99.30%', '2:98.84%', '3:98.51%', '4:98.78%', '5:97.87%', '6:98.33%', '7:97.96%', '8:98.25%', '9:97.13%']
The model is from round 13 from central server, staleness is 0

Cluster round 1 completed, aggregated models from all the clients, time past : 800msec, loss : 0.05, accuracy 98.34%
Accuracy per label : ['0:99.29%', '1:99.03%', '2:98.84%', '3:98.32%', '4:98.78%', '5:97.87%', '6:98.54%', '7:97.96%', '8:98.15%', '9:96.53%']

Cluster round 2 completed, aggregated models from all the clients, time past : 1500msec, loss : 0.05, accuracy 98.28%
Accuracy per label : ['0:99.29%', '1:99.03%', '2:98.84%', '3:98.32%', '4:98.47%', '5:97.87%', '6:98.54%', '7:97.76%', '8:97.43%', '9:97.13%']

Cluster round 3 completed, aggregated models from all the clients, time past : 2200msec, loss : 0.05, accuracy 98.24%
Accuracy per label : ['0:99.18%', '1:99.21%', '2:98.64%', '3:98.42%', '4:98.47%', '5:97.87%', '6:98.54%', '7:97.57%', '8:97.23%', '9:97.13%']

Before aggregation, loss : 0.05, accuracy : 98.45%
Before aggregation, accuracy per label : ['0:99.39%', '1:99.30%', '2:98.84%', '3:98.51%', '4:98.78%', '5:97.87%', '6:98.33%', '7:97.96%', '8:98.25%', '9:97.13%']
Aggregation to central server completed at central server round 14, loss : 0.05, accuracy : 98.48%
Accuracy per label after aggregation : ['0:99.39%', '1:99.38%', '2:98.84%', '3:98.61%', '4:98.88%', '5:97.87%', '6:98.23%', '7:97.96%', '8:98.05%', '9:97.42%']

-----------------------------------------------------

Central server round 15 started
Model sent from central server with 100msec communication time, with loss :0.05, accuracy : 98.48%
Accuracy per label : ['0:99.39%', '1:99.38%', '2:98.84%', '3:98.61%', '4:98.88%', '5:97.87%', '6:98.23%', '7:97.96%', '8:98.05%', '9:97.42%']
The model is from round 14 from central server, staleness is 0

Cluster round 1 completed, aggregated models from all the clients, time past : 800msec, loss : 0.05, accuracy 98.36%
Accuracy per label : ['0:99.29%', '1:99.30%', '2:98.84%', '3:98.42%', '4:98.68%', '5:98.09%', '6:98.64%', '7:97.76%', '8:97.43%', '9:97.03%']

Cluster round 2 completed, aggregated models from all the clients, time past : 1500msec, loss : 0.05, accuracy 98.36%
Accuracy per label : ['0:99.29%', '1:99.21%', '2:98.64%', '3:98.61%', '4:98.27%', '5:98.32%', '6:98.54%', '7:97.76%', '8:97.33%', '9:97.52%']

Cluster round 3 completed, aggregated models from all the clients, time past : 2200msec, loss : 0.05, accuracy 98.37%
Accuracy per label : ['0:99.08%', '1:99.03%', '2:98.74%', '3:98.12%', '4:98.47%', '5:98.54%', '6:98.54%', '7:98.05%', '8:97.95%', '9:97.13%']

Before aggregation, loss : 0.05, accuracy : 98.48%
Before aggregation, accuracy per label : ['0:99.39%', '1:99.38%', '2:98.84%', '3:98.61%', '4:98.88%', '5:97.87%', '6:98.23%', '7:97.96%', '8:98.05%', '9:97.42%']
Aggregation to central server completed at central server round 15, loss : 0.05, accuracy : 98.48%
Accuracy per label after aggregation : ['0:99.39%', '1:99.47%', '2:98.84%', '3:98.51%', '4:98.78%', '5:98.21%', '6:98.23%', '7:98.05%', '8:98.05%', '9:97.13%']

-----------------------------------------------------

Central server round 16 started
Model sent from central server with 100msec communication time, with loss :0.05, accuracy : 98.48%
Accuracy per label : ['0:99.39%', '1:99.47%', '2:98.84%', '3:98.51%', '4:98.78%', '5:98.21%', '6:98.23%', '7:98.05%', '8:98.05%', '9:97.13%']
The model is from round 15 from central server, staleness is 0

Cluster round 1 completed, aggregated models from all the clients, time past : 800msec, loss : 0.05, accuracy 98.50%
Accuracy per label : ['0:99.29%', '1:99.30%', '2:98.84%', '3:98.51%', '4:98.78%', '5:98.21%', '6:98.64%', '7:98.35%', '8:97.95%', '9:97.03%']

Cluster round 2 completed, aggregated models from all the clients, time past : 1500msec, loss : 0.05, accuracy 98.42%
Accuracy per label : ['0:99.29%', '1:99.12%', '2:98.93%', '3:98.42%', '4:98.88%', '5:98.21%', '6:98.64%', '7:97.76%', '8:97.43%', '9:97.42%']

Cluster round 3 completed, aggregated models from all the clients, time past : 2200msec, loss : 0.05, accuracy 98.39%
Accuracy per label : ['0:99.18%', '1:99.21%', '2:98.55%', '3:98.51%', '4:98.98%', '5:98.09%', '6:98.43%', '7:98.44%', '8:97.74%', '9:96.63%']

Before aggregation, loss : 0.05, accuracy : 98.48%
Before aggregation, accuracy per label : ['0:99.39%', '1:99.47%', '2:98.84%', '3:98.51%', '4:98.78%', '5:98.21%', '6:98.23%', '7:98.05%', '8:98.05%', '9:97.13%']
Aggregation to central server completed at central server round 16, loss : 0.05, accuracy : 98.48%
Accuracy per label after aggregation : ['0:99.39%', '1:99.56%', '2:98.64%', '3:98.71%', '4:98.68%', '5:97.87%', '6:98.12%', '7:98.15%', '8:98.15%', '9:97.32%']

-----------------------------------------------------

Central server round 17 started
Model sent from central server with 100msec communication time, with loss :0.05, accuracy : 98.48%
Accuracy per label : ['0:99.39%', '1:99.56%', '2:98.64%', '3:98.71%', '4:98.68%', '5:97.87%', '6:98.12%', '7:98.15%', '8:98.15%', '9:97.32%']
The model is from round 16 from central server, staleness is 0

Cluster round 1 completed, aggregated models from all the clients, time past : 800msec, loss : 0.05, accuracy 98.50%
Accuracy per label : ['0:99.29%', '1:99.56%', '2:98.64%', '3:98.81%', '4:99.19%', '5:97.87%', '6:98.64%', '7:97.96%', '8:97.84%', '9:97.03%']

Cluster round 2 completed, aggregated models from all the clients, time past : 1500msec, loss : 0.05, accuracy 98.45%
Accuracy per label : ['0:99.08%', '1:99.12%', '2:98.74%', '3:98.61%', '4:98.68%', '5:98.21%', '6:98.43%', '7:98.25%', '8:98.05%', '9:97.22%']

Cluster round 3 completed, aggregated models from all the clients, time past : 2200msec, loss : 0.05, accuracy 98.43%
Accuracy per label : ['0:99.08%', '1:99.30%', '2:98.74%', '3:98.51%', '4:98.98%', '5:98.21%', '6:98.54%', '7:97.96%', '8:98.05%', '9:96.83%']

Before aggregation, loss : 0.05, accuracy : 98.48%
Before aggregation, accuracy per label : ['0:99.39%', '1:99.56%', '2:98.64%', '3:98.71%', '4:98.68%', '5:97.87%', '6:98.12%', '7:98.15%', '8:98.15%', '9:97.32%']
Aggregation to central server completed at central server round 17, loss : 0.05, accuracy : 98.53%
Accuracy per label after aggregation : ['0:99.39%', '1:99.56%', '2:98.84%', '3:98.81%', '4:98.68%', '5:97.87%', '6:98.12%', '7:98.25%', '8:98.15%', '9:97.42%']

-----------------------------------------------------

Central server round 18 started
Model sent from central server with 100msec communication time, with loss :0.05, accuracy : 98.53%
Accuracy per label : ['0:99.39%', '1:99.56%', '2:98.84%', '3:98.81%', '4:98.68%', '5:97.87%', '6:98.12%', '7:98.25%', '8:98.15%', '9:97.42%']
The model is from round 17 from central server, staleness is 0

Cluster round 1 completed, aggregated models from all the clients, time past : 800msec, loss : 0.05, accuracy 98.52%
Accuracy per label : ['0:99.39%', '1:99.38%', '2:98.84%', '3:98.51%', '4:98.78%', '5:97.98%', '6:98.64%', '7:98.15%', '8:98.05%', '9:97.32%']

Cluster round 2 completed, aggregated models from all the clients, time past : 1500msec, loss : 0.05, accuracy 98.52%
Accuracy per label : ['0:99.18%', '1:99.47%', '2:98.74%', '3:98.51%', '4:98.68%', '5:97.87%', '6:98.54%', '7:98.25%', '8:98.46%', '9:97.32%']

Cluster round 3 completed, aggregated models from all the clients, time past : 2200msec, loss : 0.05, accuracy 98.42%
Accuracy per label : ['0:99.29%', '1:99.03%', '2:98.64%', '3:99.01%', '4:98.88%', '5:97.98%', '6:98.54%', '7:97.86%', '8:98.15%', '9:96.73%']

Before aggregation, loss : 0.05, accuracy : 98.53%
Before aggregation, accuracy per label : ['0:99.39%', '1:99.56%', '2:98.84%', '3:98.81%', '4:98.68%', '5:97.87%', '6:98.12%', '7:98.25%', '8:98.15%', '9:97.42%']
Aggregation to central server completed at central server round 18, loss : 0.05, accuracy : 98.53%
Accuracy per label after aggregation : ['0:99.39%', '1:99.56%', '2:98.64%', '3:98.91%', '4:98.57%', '5:97.87%', '6:98.12%', '7:98.35%', '8:97.95%', '9:97.72%']

-----------------------------------------------------

Central server round 19 started
Model sent from central server with 100msec communication time, with loss :0.05, accuracy : 98.53%
Accuracy per label : ['0:99.39%', '1:99.56%', '2:98.64%', '3:98.91%', '4:98.57%', '5:97.87%', '6:98.12%', '7:98.35%', '8:97.95%', '9:97.72%']
The model is from round 18 from central server, staleness is 0

Cluster round 1 completed, aggregated models from all the clients, time past : 800msec, loss : 0.05, accuracy 98.54%
Accuracy per label : ['0:99.39%', '1:99.21%', '2:98.93%', '3:98.91%', '4:98.68%', '5:97.87%', '6:98.43%', '7:98.44%', '8:98.25%', '9:97.13%']

Cluster round 2 completed, aggregated models from all the clients, time past : 1500msec, loss : 0.05, accuracy 98.50%
Accuracy per label : ['0:99.29%', '1:99.30%', '2:98.93%', '3:98.71%', '4:98.68%', '5:97.98%', '6:98.43%', '7:98.05%', '8:97.84%', '9:97.62%']

Cluster round 3 completed, aggregated models from all the clients, time past : 2200msec, loss : 0.05, accuracy 98.49%
Accuracy per label : ['0:99.08%', '1:99.21%', '2:98.84%', '3:98.81%', '4:98.88%', '5:98.43%', '6:98.64%', '7:97.96%', '8:98.05%', '9:96.93%']

Before aggregation, loss : 0.05, accuracy : 98.53%
Before aggregation, accuracy per label : ['0:99.39%', '1:99.56%', '2:98.64%', '3:98.91%', '4:98.57%', '5:97.87%', '6:98.12%', '7:98.35%', '8:97.95%', '9:97.72%']
Aggregation to central server completed at central server round 19, loss : 0.04, accuracy : 98.55%
Accuracy per label after aggregation : ['0:99.39%', '1:99.47%', '2:98.74%', '3:98.91%', '4:98.57%', '5:98.09%', '6:98.23%', '7:98.35%', '8:98.05%', '9:97.52%']

-----------------------------------------------------

Central server round 20 started
Model sent from central server with 100msec communication time, with loss :0.04, accuracy : 98.55%
Accuracy per label : ['0:99.39%', '1:99.47%', '2:98.74%', '3:98.91%', '4:98.57%', '5:98.09%', '6:98.23%', '7:98.35%', '8:98.05%', '9:97.52%']
The model is from round 19 from central server, staleness is 0

Cluster round 1 completed, aggregated models from all the clients, time past : 800msec, loss : 0.04, accuracy 98.57%
Accuracy per label : ['0:99.29%', '1:99.21%', '2:98.84%', '3:98.81%', '4:98.68%', '5:97.98%', '6:98.54%', '7:98.54%', '8:98.25%', '9:97.42%']

Cluster round 2 completed, aggregated models from all the clients, time past : 1500msec, loss : 0.05, accuracy 98.52%
Accuracy per label : ['0:99.29%', '1:99.21%', '2:98.74%', '3:98.71%', '4:98.98%', '5:97.98%', '6:98.54%', '7:98.05%', '8:98.25%', '9:97.32%']

Cluster round 3 completed, aggregated models from all the clients, time past : 2200msec, loss : 0.05, accuracy 98.52%
Accuracy per label : ['0:99.29%', '1:99.21%', '2:98.84%', '3:98.81%', '4:99.08%', '5:98.09%', '6:98.54%', '7:97.86%', '8:98.15%', '9:97.22%']

Before aggregation, loss : 0.04, accuracy : 98.55%
Before aggregation, accuracy per label : ['0:99.39%', '1:99.47%', '2:98.74%', '3:98.91%', '4:98.57%', '5:98.09%', '6:98.23%', '7:98.35%', '8:98.05%', '9:97.52%']
Aggregation to central server completed at central server round 20, loss : 0.04, accuracy : 98.60%
Accuracy per label after aggregation : ['0:99.39%', '1:99.47%', '2:98.93%', '3:99.01%', '4:98.78%', '5:98.09%', '6:98.23%', '7:98.35%', '8:98.15%', '9:97.42%']

-----------------------------------------------------

Central server round 21 started
Model sent from central server with 100msec communication time, with loss :0.04, accuracy : 98.60%
Accuracy per label : ['0:99.39%', '1:99.47%', '2:98.93%', '3:99.01%', '4:98.78%', '5:98.09%', '6:98.23%', '7:98.35%', '8:98.15%', '9:97.42%']
The model is from round 20 from central server, staleness is 0

Cluster round 1 completed, aggregated models from all the clients, time past : 800msec, loss : 0.04, accuracy 98.54%
Accuracy per label : ['0:99.08%', '1:99.30%', '2:98.74%', '3:98.51%', '4:98.98%', '5:98.09%', '6:98.75%', '7:98.64%', '8:98.15%', '9:97.03%']

Cluster round 2 completed, aggregated models from all the clients, time past : 1500msec, loss : 0.04, accuracy 98.52%
Accuracy per label : ['0:99.29%', '1:99.30%', '2:98.93%', '3:98.71%', '4:98.98%', '5:98.09%', '6:98.54%', '7:98.15%', '8:97.64%', '9:97.42%']

Cluster round 3 completed, aggregated models from all the clients, time past : 2200msec, loss : 0.05, accuracy 98.50%
Accuracy per label : ['0:99.18%', '1:99.47%', '2:98.84%', '3:98.71%', '4:98.98%', '5:98.09%', '6:98.54%', '7:98.25%', '8:97.43%', '9:97.32%']

Before aggregation, loss : 0.04, accuracy : 98.60%
Before aggregation, accuracy per label : ['0:99.39%', '1:99.47%', '2:98.93%', '3:99.01%', '4:98.78%', '5:98.09%', '6:98.23%', '7:98.35%', '8:98.15%', '9:97.42%']
Aggregation to central server completed at central server round 21, loss : 0.04, accuracy : 98.61%
Accuracy per label after aggregation : ['0:99.39%', '1:99.56%', '2:99.03%', '3:99.11%', '4:98.88%', '5:98.09%', '6:98.23%', '7:98.15%', '8:97.84%', '9:97.62%']

-----------------------------------------------------

Central server round 22 started
Model sent from central server with 100msec communication time, with loss :0.04, accuracy : 98.61%
Accuracy per label : ['0:99.39%', '1:99.56%', '2:99.03%', '3:99.11%', '4:98.88%', '5:98.09%', '6:98.23%', '7:98.15%', '8:97.84%', '9:97.62%']
The model is from round 21 from central server, staleness is 0

Cluster round 1 completed, aggregated models from all the clients, time past : 800msec, loss : 0.05, accuracy 98.59%
Accuracy per label : ['0:99.39%', '1:99.47%', '2:99.03%', '3:98.81%', '4:98.88%', '5:97.65%', '6:98.43%', '7:98.44%', '8:98.56%', '9:97.03%']

Cluster round 2 completed, aggregated models from all the clients, time past : 1500msec, loss : 0.05, accuracy 98.57%
Accuracy per label : ['0:99.29%', '1:99.38%', '2:98.84%', '3:99.01%', '4:98.98%', '5:97.87%', '6:98.43%', '7:98.15%', '8:98.36%', '9:97.22%']

Cluster round 3 completed, aggregated models from all the clients, time past : 2200msec, loss : 0.05, accuracy 98.56%
Accuracy per label : ['0:99.29%', '1:99.47%', '2:98.93%', '3:98.81%', '4:99.08%', '5:97.98%', '6:98.43%', '7:98.15%', '8:98.05%', '9:97.22%']

Before aggregation, loss : 0.04, accuracy : 98.61%
Before aggregation, accuracy per label : ['0:99.39%', '1:99.56%', '2:99.03%', '3:99.11%', '4:98.88%', '5:98.09%', '6:98.23%', '7:98.15%', '8:97.84%', '9:97.62%']
Aggregation to central server completed at central server round 22, loss : 0.04, accuracy : 98.63%
Accuracy per label after aggregation : ['0:99.39%', '1:99.47%', '2:98.84%', '3:99.11%', '4:98.78%', '5:98.09%', '6:98.33%', '7:98.35%', '8:98.15%', '9:97.62%']

-----------------------------------------------------

Central server round 23 started
Model sent from central server with 100msec communication time, with loss :0.04, accuracy : 98.63%
Accuracy per label : ['0:99.39%', '1:99.47%', '2:98.84%', '3:99.11%', '4:98.78%', '5:98.09%', '6:98.33%', '7:98.35%', '8:98.15%', '9:97.62%']
The model is from round 22 from central server, staleness is 0

Cluster round 1 completed, aggregated models from all the clients, time past : 800msec, loss : 0.04, accuracy 98.62%
Accuracy per label : ['0:99.29%', '1:99.47%', '2:98.93%', '3:99.01%', '4:98.98%', '5:97.87%', '6:98.75%', '7:98.35%', '8:98.46%', '9:96.93%']

Cluster round 2 completed, aggregated models from all the clients, time past : 1500msec, loss : 0.04, accuracy 98.58%
Accuracy per label : ['0:99.29%', '1:99.38%', '2:98.74%', '3:98.81%', '4:98.98%', '5:98.43%', '6:98.54%', '7:98.35%', '8:98.15%', '9:97.03%']

Cluster round 3 completed, aggregated models from all the clients, time past : 2200msec, loss : 0.05, accuracy 98.55%
Accuracy per label : ['0:99.29%', '1:99.38%', '2:98.74%', '3:98.81%', '4:99.08%', '5:98.09%', '6:98.43%', '7:98.35%', '8:98.05%', '9:97.13%']

Before aggregation, loss : 0.04, accuracy : 98.63%
Before aggregation, accuracy per label : ['0:99.39%', '1:99.47%', '2:98.84%', '3:99.11%', '4:98.78%', '5:98.09%', '6:98.33%', '7:98.35%', '8:98.15%', '9:97.62%']
Aggregation to central server completed at central server round 23, loss : 0.04, accuracy : 98.65%
Accuracy per label after aggregation : ['0:99.29%', '1:99.47%', '2:99.03%', '3:99.11%', '4:98.68%', '5:98.09%', '6:98.33%', '7:98.35%', '8:98.36%', '9:97.62%']

-----------------------------------------------------

Central server round 24 started
Model sent from central server with 100msec communication time, with loss :0.04, accuracy : 98.65%
Accuracy per label : ['0:99.29%', '1:99.47%', '2:99.03%', '3:99.11%', '4:98.68%', '5:98.09%', '6:98.33%', '7:98.35%', '8:98.36%', '9:97.62%']
The model is from round 23 from central server, staleness is 0

Cluster round 1 completed, aggregated models from all the clients, time past : 800msec, loss : 0.04, accuracy 98.60%
Accuracy per label : ['0:99.29%', '1:99.47%', '2:99.03%', '3:98.91%', '4:98.98%', '5:97.98%', '6:98.43%', '7:98.15%', '8:98.46%', '9:97.13%']

Cluster round 2 completed, aggregated models from all the clients, time past : 1500msec, loss : 0.04, accuracy 98.62%
Accuracy per label : ['0:99.29%', '1:99.38%', '2:98.84%', '3:98.91%', '4:99.08%', '5:97.98%', '6:98.64%', '7:98.35%', '8:98.05%', '9:97.52%']

Cluster round 3 completed, aggregated models from all the clients, time past : 2200msec, loss : 0.05, accuracy 98.63%
Accuracy per label : ['0:99.29%', '1:99.56%', '2:98.84%', '3:98.81%', '4:99.08%', '5:98.32%', '6:98.64%', '7:98.54%', '8:98.05%', '9:97.03%']

Before aggregation, loss : 0.04, accuracy : 98.65%
Before aggregation, accuracy per label : ['0:99.29%', '1:99.47%', '2:99.03%', '3:99.11%', '4:98.68%', '5:98.09%', '6:98.33%', '7:98.35%', '8:98.36%', '9:97.62%']
Aggregation to central server completed at central server round 24, loss : 0.04, accuracy : 98.66%
Accuracy per label after aggregation : ['0:99.29%', '1:99.56%', '2:98.84%', '3:99.11%', '4:98.98%', '5:97.98%', '6:98.33%', '7:98.25%', '8:98.56%', '9:97.52%']

-----------------------------------------------------

Central server round 25 started
Model sent from central server with 100msec communication time, with loss :0.04, accuracy : 98.66%
Accuracy per label : ['0:99.29%', '1:99.56%', '2:98.84%', '3:99.11%', '4:98.98%', '5:97.98%', '6:98.33%', '7:98.25%', '8:98.56%', '9:97.52%']
The model is from round 24 from central server, staleness is 0

Cluster round 1 completed, aggregated models from all the clients, time past : 800msec, loss : 0.04, accuracy 98.60%
Accuracy per label : ['0:99.29%', '1:99.30%', '2:98.84%', '3:98.91%', '4:98.98%', '5:97.98%', '6:98.43%', '7:98.64%', '8:98.36%', '9:97.13%']

Cluster round 2 completed, aggregated models from all the clients, time past : 1500msec, loss : 0.04, accuracy 98.65%
Accuracy per label : ['0:99.29%', '1:99.38%', '2:98.93%', '3:98.71%', '4:98.98%', '5:98.32%', '6:98.54%', '7:98.35%', '8:98.05%', '9:97.82%']

Cluster round 3 completed, aggregated models from all the clients, time past : 2200msec, loss : 0.05, accuracy 98.62%
Accuracy per label : ['0:99.29%', '1:99.38%', '2:98.93%', '3:98.81%', '4:99.08%', '5:98.21%', '6:98.64%', '7:98.44%', '8:98.15%', '9:97.13%']

Before aggregation, loss : 0.04, accuracy : 98.66%
Before aggregation, accuracy per label : ['0:99.29%', '1:99.56%', '2:98.84%', '3:99.11%', '4:98.98%', '5:97.98%', '6:98.33%', '7:98.25%', '8:98.56%', '9:97.52%']
Aggregation to central server completed at central server round 25, loss : 0.04, accuracy : 98.68%
Accuracy per label after aggregation : ['0:99.29%', '1:99.56%', '2:99.13%', '3:99.11%', '4:98.98%', '5:97.98%', '6:98.43%', '7:98.35%', '8:98.25%', '9:97.52%']

-----------------------------------------------------

Central server round 26 started
Model sent from central server with 100msec communication time, with loss :0.04, accuracy : 98.68%
Accuracy per label : ['0:99.29%', '1:99.56%', '2:99.13%', '3:99.11%', '4:98.98%', '5:97.98%', '6:98.43%', '7:98.35%', '8:98.25%', '9:97.52%']
The model is from round 25 from central server, staleness is 0

Cluster round 1 completed, aggregated models from all the clients, time past : 800msec, loss : 0.04, accuracy 98.60%
Accuracy per label : ['0:99.29%', '1:99.38%', '2:98.74%', '3:98.91%', '4:98.98%', '5:97.98%', '6:98.54%', '7:98.54%', '8:98.25%', '9:97.22%']

Cluster round 2 completed, aggregated models from all the clients, time past : 1500msec, loss : 0.04, accuracy 98.59%
Accuracy per label : ['0:99.29%', '1:99.38%', '2:98.84%', '3:98.81%', '4:99.08%', '5:97.87%', '6:98.64%', '7:98.44%', '8:98.15%', '9:97.22%']

Cluster round 3 completed, aggregated models from all the clients, time past : 2200msec, loss : 0.04, accuracy 98.62%
Accuracy per label : ['0:99.18%', '1:99.30%', '2:98.74%', '3:98.81%', '4:99.08%', '5:98.43%', '6:98.75%', '7:98.54%', '8:98.15%', '9:97.13%']

Before aggregation, loss : 0.04, accuracy : 98.68%
Before aggregation, accuracy per label : ['0:99.29%', '1:99.56%', '2:99.13%', '3:99.11%', '4:98.98%', '5:97.98%', '6:98.43%', '7:98.35%', '8:98.25%', '9:97.52%']
Aggregation to central server completed at central server round 26, loss : 0.04, accuracy : 98.72%
Accuracy per label after aggregation : ['0:99.29%', '1:99.56%', '2:99.13%', '3:99.11%', '4:99.08%', '5:98.09%', '6:98.54%', '7:98.35%', '8:98.25%', '9:97.62%']

-----------------------------------------------------

Central server round 27 started
Model sent from central server with 100msec communication time, with loss :0.04, accuracy : 98.72%
Accuracy per label : ['0:99.29%', '1:99.56%', '2:99.13%', '3:99.11%', '4:99.08%', '5:98.09%', '6:98.54%', '7:98.35%', '8:98.25%', '9:97.62%']
The model is from round 26 from central server, staleness is 0

Cluster round 1 completed, aggregated models from all the clients, time past : 800msec, loss : 0.04, accuracy 98.64%
Accuracy per label : ['0:99.29%', '1:99.38%', '2:99.13%', '3:98.91%', '4:98.98%', '5:98.09%', '6:98.54%', '7:98.35%', '8:98.36%', '9:97.22%']

Cluster round 2 completed, aggregated models from all the clients, time past : 1500msec, loss : 0.04, accuracy 98.63%
Accuracy per label : ['0:99.29%', '1:99.38%', '2:98.84%', '3:98.81%', '4:99.08%', '5:98.21%', '6:98.75%', '7:98.44%', '8:98.25%', '9:97.13%']

Cluster round 3 completed, aggregated models from all the clients, time past : 2200msec, loss : 0.04, accuracy 98.59%
Accuracy per label : ['0:99.29%', '1:99.38%', '2:98.74%', '3:98.81%', '4:99.08%', '5:98.09%', '6:98.54%', '7:98.54%', '8:98.05%', '9:97.22%']

Before aggregation, loss : 0.04, accuracy : 98.72%
Before aggregation, accuracy per label : ['0:99.29%', '1:99.56%', '2:99.13%', '3:99.11%', '4:99.08%', '5:98.09%', '6:98.54%', '7:98.35%', '8:98.25%', '9:97.62%']
Aggregation to central server completed at central server round 27, loss : 0.04, accuracy : 98.71%
Accuracy per label after aggregation : ['0:99.29%', '1:99.56%', '2:99.13%', '3:99.11%', '4:98.88%', '5:98.09%', '6:98.43%', '7:98.25%', '8:98.46%', '9:97.72%']

-----------------------------------------------------

Central server round 28 started
Model sent from central server with 100msec communication time, with loss :0.04, accuracy : 98.71%
Accuracy per label : ['0:99.29%', '1:99.56%', '2:99.13%', '3:99.11%', '4:98.88%', '5:98.09%', '6:98.43%', '7:98.25%', '8:98.46%', '9:97.72%']
The model is from round 27 from central server, staleness is 0

Cluster round 1 completed, aggregated models from all the clients, time past : 800msec, loss : 0.04, accuracy 98.67%
Accuracy per label : ['0:99.29%', '1:99.38%', '2:99.03%', '3:98.91%', '4:98.98%', '5:97.98%', '6:98.64%', '7:98.35%', '8:98.36%', '9:97.62%']

Cluster round 2 completed, aggregated models from all the clients, time past : 1500msec, loss : 0.04, accuracy 98.63%
Accuracy per label : ['0:99.18%', '1:99.38%', '2:98.84%', '3:98.61%', '4:99.08%', '5:98.32%', '6:98.64%', '7:98.44%', '8:98.15%', '9:97.52%']

Cluster round 3 completed, aggregated models from all the clients, time past : 2200msec, loss : 0.04, accuracy 98.64%
Accuracy per label : ['0:99.29%', '1:99.38%', '2:98.93%', '3:98.81%', '4:98.98%', '5:97.98%', '6:98.64%', '7:98.35%', '8:98.05%', '9:97.82%']

Before aggregation, loss : 0.04, accuracy : 98.71%
Before aggregation, accuracy per label : ['0:99.29%', '1:99.56%', '2:99.13%', '3:99.11%', '4:98.88%', '5:98.09%', '6:98.43%', '7:98.25%', '8:98.46%', '9:97.72%']
Aggregation to central server completed at central server round 28, loss : 0.04, accuracy : 98.74%
Accuracy per label after aggregation : ['0:99.29%', '1:99.56%', '2:99.13%', '3:99.11%', '4:98.98%', '5:98.09%', '6:98.43%', '7:98.44%', '8:98.46%', '9:97.72%']

-----------------------------------------------------

Central server round 29 started
Model sent from central server with 100msec communication time, with loss :0.04, accuracy : 98.74%
Accuracy per label : ['0:99.29%', '1:99.56%', '2:99.13%', '3:99.11%', '4:98.98%', '5:98.09%', '6:98.43%', '7:98.44%', '8:98.46%', '9:97.72%']
The model is from round 28 from central server, staleness is 0

Cluster round 1 completed, aggregated models from all the clients, time past : 800msec, loss : 0.04, accuracy 98.63%
Accuracy per label : ['0:99.29%', '1:99.38%', '2:98.93%', '3:98.81%', '4:98.98%', '5:98.09%', '6:98.64%', '7:98.44%', '8:98.25%', '9:97.32%']

Cluster round 2 completed, aggregated models from all the clients, time past : 1500msec, loss : 0.04, accuracy 98.64%
Accuracy per label : ['0:99.29%', '1:99.47%', '2:99.03%', '3:98.81%', '4:98.98%', '5:97.87%', '6:98.54%', '7:98.54%', '8:98.25%', '9:97.42%']

Cluster round 3 completed, aggregated models from all the clients, time past : 2200msec, loss : 0.04, accuracy 98.61%
Accuracy per label : ['0:99.29%', '1:99.38%', '2:98.93%', '3:98.81%', '4:99.08%', '5:98.09%', '6:98.54%', '7:98.54%', '8:98.15%', '9:97.13%']

Before aggregation, loss : 0.04, accuracy : 98.74%
Before aggregation, accuracy per label : ['0:99.29%', '1:99.56%', '2:99.13%', '3:99.11%', '4:98.98%', '5:98.09%', '6:98.43%', '7:98.44%', '8:98.46%', '9:97.72%']
Aggregation to central server completed at central server round 29, loss : 0.04, accuracy : 98.73%
Accuracy per label after aggregation : ['0:99.29%', '1:99.56%', '2:99.13%', '3:99.11%', '4:98.88%', '5:98.09%', '6:98.43%', '7:98.44%', '8:98.46%', '9:97.72%']

-----------------------------------------------------

Central server round 30 started
Model sent from central server with 100msec communication time, with loss :0.04, accuracy : 98.73%
Accuracy per label : ['0:99.29%', '1:99.56%', '2:99.13%', '3:99.11%', '4:98.88%', '5:98.09%', '6:98.43%', '7:98.44%', '8:98.46%', '9:97.72%']
The model is from round 29 from central server, staleness is 0

Cluster round 1 completed, aggregated models from all the clients, time past : 800msec, loss : 0.04, accuracy 98.66%
Accuracy per label : ['0:99.29%', '1:99.38%', '2:99.03%', '3:98.71%', '4:99.08%', '5:98.09%', '6:98.64%', '7:98.44%', '8:98.25%', '9:97.52%']

Cluster round 2 completed, aggregated models from all the clients, time past : 1500msec, loss : 0.04, accuracy 98.60%
Accuracy per label : ['0:99.29%', '1:99.38%', '2:98.84%', '3:98.71%', '4:99.08%', '5:97.98%', '6:98.54%', '7:98.44%', '8:98.25%', '9:97.32%']

Cluster round 3 completed, aggregated models from all the clients, time past : 2200msec, loss : 0.04, accuracy 98.62%
Accuracy per label : ['0:99.29%', '1:99.38%', '2:98.84%', '3:98.81%', '4:98.88%', '5:98.09%', '6:98.54%', '7:98.35%', '8:97.95%', '9:97.92%']

Before aggregation, loss : 0.04, accuracy : 98.73%
Before aggregation, accuracy per label : ['0:99.29%', '1:99.56%', '2:99.13%', '3:99.11%', '4:98.88%', '5:98.09%', '6:98.43%', '7:98.44%', '8:98.46%', '9:97.72%']
Aggregation to central server completed at central server round 30, loss : 0.04, accuracy : 98.71%
Accuracy per label after aggregation : ['0:99.29%', '1:99.56%', '2:99.13%', '3:99.01%', '4:98.88%', '5:98.09%', '6:98.43%', '7:98.35%', '8:98.46%', '9:97.72%']

-----------------------------------------------------

Central server round 31 started
Model sent from central server with 100msec communication time, with loss :0.04, accuracy : 98.71%
Accuracy per label : ['0:99.29%', '1:99.56%', '2:99.13%', '3:99.01%', '4:98.88%', '5:98.09%', '6:98.43%', '7:98.35%', '8:98.46%', '9:97.72%']
The model is from round 30 from central server, staleness is 0

Cluster round 1 completed, aggregated models from all the clients, time past : 800msec, loss : 0.04, accuracy 98.65%
Accuracy per label : ['0:99.29%', '1:99.47%', '2:99.03%', '3:98.91%', '4:98.78%', '5:98.09%', '6:98.64%', '7:98.44%', '8:98.05%', '9:97.62%']

Cluster round 2 completed, aggregated models from all the clients, time past : 1500msec, loss : 0.04, accuracy 98.64%
Accuracy per label : ['0:99.29%', '1:99.38%', '2:98.93%', '3:98.91%', '4:99.08%', '5:98.09%', '6:98.64%', '7:98.54%', '8:98.05%', '9:97.32%']

Cluster round 3 completed, aggregated models from all the clients, time past : 2200msec, loss : 0.04, accuracy 98.66%
Accuracy per label : ['0:99.29%', '1:99.38%', '2:98.93%', '3:98.81%', '4:98.88%', '5:98.21%', '6:98.64%', '7:98.54%', '8:98.15%', '9:97.62%']

Before aggregation, loss : 0.04, accuracy : 98.71%
Before aggregation, accuracy per label : ['0:99.29%', '1:99.56%', '2:99.13%', '3:99.01%', '4:98.88%', '5:98.09%', '6:98.43%', '7:98.35%', '8:98.46%', '9:97.72%']
Aggregation to central server completed at central server round 31, loss : 0.04, accuracy : 98.71%
Accuracy per label after aggregation : ['0:99.29%', '1:99.56%', '2:98.93%', '3:99.01%', '4:98.88%', '5:98.21%', '6:98.33%', '7:98.54%', '8:98.46%', '9:97.72%']

-----------------------------------------------------

Central server round 32 started
Model sent from central server with 100msec communication time, with loss :0.04, accuracy : 98.71%
Accuracy per label : ['0:99.29%', '1:99.56%', '2:98.93%', '3:99.01%', '4:98.88%', '5:98.21%', '6:98.33%', '7:98.54%', '8:98.46%', '9:97.72%']
The model is from round 31 from central server, staleness is 0

Cluster round 1 completed, aggregated models from all the clients, time past : 800msec, loss : 0.04, accuracy 98.64%
Accuracy per label : ['0:99.29%', '1:99.38%', '2:99.03%', '3:98.91%', '4:98.57%', '5:98.09%', '6:98.64%', '7:98.44%', '8:98.25%', '9:97.62%']

Cluster round 2 completed, aggregated models from all the clients, time past : 1500msec, loss : 0.04, accuracy 98.69%
Accuracy per label : ['0:99.29%', '1:99.30%', '2:99.03%', '3:98.81%', '4:98.88%', '5:98.21%', '6:98.64%', '7:98.44%', '8:98.46%', '9:97.72%']

Cluster round 3 completed, aggregated models from all the clients, time past : 2200msec, loss : 0.04, accuracy 98.60%
Accuracy per label : ['0:99.29%', '1:99.38%', '2:98.93%', '3:98.91%', '4:99.08%', '5:98.09%', '6:98.54%', '7:98.54%', '8:97.74%', '9:97.32%']

Before aggregation, loss : 0.04, accuracy : 98.71%
Before aggregation, accuracy per label : ['0:99.29%', '1:99.56%', '2:98.93%', '3:99.01%', '4:98.88%', '5:98.21%', '6:98.33%', '7:98.54%', '8:98.46%', '9:97.72%']
Aggregation to central server completed at central server round 32, loss : 0.04, accuracy : 98.73%
Accuracy per label after aggregation : ['0:99.29%', '1:99.56%', '2:99.13%', '3:99.01%', '4:98.88%', '5:98.21%', '6:98.43%', '7:98.54%', '8:98.36%', '9:97.72%']

-----------------------------------------------------

Central server round 33 started
Model sent from central server with 100msec communication time, with loss :0.04, accuracy : 98.73%
Accuracy per label : ['0:99.29%', '1:99.56%', '2:99.13%', '3:99.01%', '4:98.88%', '5:98.21%', '6:98.43%', '7:98.54%', '8:98.36%', '9:97.72%']
The model is from round 32 from central server, staleness is 0

Cluster round 1 completed, aggregated models from all the clients, time past : 800msec, loss : 0.04, accuracy 98.64%
Accuracy per label : ['0:99.29%', '1:99.56%', '2:99.03%', '3:98.71%', '4:98.88%', '5:98.43%', '6:98.54%', '7:98.44%', '8:98.05%', '9:97.32%']

Cluster round 2 completed, aggregated models from all the clients, time past : 1500msec, loss : 0.04, accuracy 98.63%
Accuracy per label : ['0:99.29%', '1:99.38%', '2:99.03%', '3:98.81%', '4:99.19%', '5:98.21%', '6:98.54%', '7:98.54%', '8:98.15%', '9:97.03%']

Cluster round 3 completed, aggregated models from all the clients, time past : 2200msec, loss : 0.04, accuracy 98.66%
Accuracy per label : ['0:99.29%', '1:99.38%', '2:99.03%', '3:98.91%', '4:99.19%', '5:98.21%', '6:98.54%', '7:98.54%', '8:98.36%', '9:97.03%']

Before aggregation, loss : 0.04, accuracy : 98.73%
Before aggregation, accuracy per label : ['0:99.29%', '1:99.56%', '2:99.13%', '3:99.01%', '4:98.88%', '5:98.21%', '6:98.43%', '7:98.54%', '8:98.36%', '9:97.72%']
Aggregation to central server completed at central server round 33, loss : 0.04, accuracy : 98.69%
Accuracy per label after aggregation : ['0:99.29%', '1:99.47%', '2:98.93%', '3:99.01%', '4:98.88%', '5:97.98%', '6:98.33%', '7:98.54%', '8:98.56%', '9:97.72%']

-----------------------------------------------------

Central server round 34 started
Model sent from central server with 100msec communication time, with loss :0.04, accuracy : 98.69%
Accuracy per label : ['0:99.29%', '1:99.47%', '2:98.93%', '3:99.01%', '4:98.88%', '5:97.98%', '6:98.33%', '7:98.54%', '8:98.56%', '9:97.72%']
The model is from round 33 from central server, staleness is 0

Cluster round 1 completed, aggregated models from all the clients, time past : 800msec, loss : 0.04, accuracy 98.64%
Accuracy per label : ['0:99.29%', '1:99.30%', '2:99.03%', '3:98.81%', '4:98.88%', '5:98.21%', '6:98.54%', '7:98.44%', '8:98.25%', '9:97.52%']

Cluster round 2 completed, aggregated models from all the clients, time past : 1500msec, loss : 0.04, accuracy 98.71%
Accuracy per label : ['0:99.29%', '1:99.38%', '2:99.03%', '3:98.91%', '4:99.19%', '5:98.21%', '6:98.54%', '7:98.54%', '8:98.46%', '9:97.42%']

Cluster round 3 completed, aggregated models from all the clients, time past : 2200msec, loss : 0.04, accuracy 98.65%
Accuracy per label : ['0:99.29%', '1:99.38%', '2:99.03%', '3:98.81%', '4:99.19%', '5:98.09%', '6:98.64%', '7:98.54%', '8:98.25%', '9:97.13%']

Before aggregation, loss : 0.04, accuracy : 98.69%
Before aggregation, accuracy per label : ['0:99.29%', '1:99.47%', '2:98.93%', '3:99.01%', '4:98.88%', '5:97.98%', '6:98.33%', '7:98.54%', '8:98.56%', '9:97.72%']
Aggregation to central server completed at central server round 34, loss : 0.04, accuracy : 98.69%
Accuracy per label after aggregation : ['0:99.29%', '1:99.56%', '2:98.93%', '3:99.01%', '4:98.88%', '5:97.98%', '6:98.33%', '7:98.54%', '8:98.46%', '9:97.72%']

-----------------------------------------------------

Central server round 35 started
Model sent from central server with 100msec communication time, with loss :0.04, accuracy : 98.69%
Accuracy per label : ['0:99.29%', '1:99.56%', '2:98.93%', '3:99.01%', '4:98.88%', '5:97.98%', '6:98.33%', '7:98.54%', '8:98.46%', '9:97.72%']
The model is from round 34 from central server, staleness is 0

Cluster round 1 completed, aggregated models from all the clients, time past : 800msec, loss : 0.04, accuracy 98.69%
Accuracy per label : ['0:99.29%', '1:99.47%', '2:99.03%', '3:98.61%', '4:99.08%', '5:98.21%', '6:98.54%', '7:98.44%', '8:98.77%', '9:97.32%']

Cluster round 2 completed, aggregated models from all the clients, time past : 1500msec, loss : 0.04, accuracy 98.68%
Accuracy per label : ['0:99.29%', '1:99.12%', '2:99.03%', '3:98.91%', '4:98.98%', '5:98.21%', '6:98.54%', '7:98.44%', '8:98.25%', '9:97.92%']

Cluster round 3 completed, aggregated models from all the clients, time past : 2200msec, loss : 0.04, accuracy 98.70%
Accuracy per label : ['0:99.29%', '1:99.38%', '2:99.03%', '3:98.81%', '4:99.08%', '5:98.32%', '6:98.54%', '7:98.54%', '8:98.46%', '9:97.42%']

Before aggregation, loss : 0.04, accuracy : 98.69%
Before aggregation, accuracy per label : ['0:99.29%', '1:99.56%', '2:98.93%', '3:99.01%', '4:98.88%', '5:97.98%', '6:98.33%', '7:98.54%', '8:98.46%', '9:97.72%']
Aggregation to central server completed at central server round 35, loss : 0.04, accuracy : 98.74%
Accuracy per label after aggregation : ['0:99.29%', '1:99.47%', '2:98.93%', '3:99.01%', '4:99.08%', '5:98.21%', '6:98.33%', '7:98.54%', '8:98.67%', '9:97.72%']

-----------------------------------------------------

Central server round 36 started
Model sent from central server with 100msec communication time, with loss :0.04, accuracy : 98.74%
Accuracy per label : ['0:99.29%', '1:99.47%', '2:98.93%', '3:99.01%', '4:99.08%', '5:98.21%', '6:98.33%', '7:98.54%', '8:98.67%', '9:97.72%']
The model is from round 35 from central server, staleness is 0

Cluster round 1 completed, aggregated models from all the clients, time past : 800msec, loss : 0.04, accuracy 98.66%
Accuracy per label : ['0:99.29%', '1:99.38%', '2:99.03%', '3:98.81%', '4:98.88%', '5:98.21%', '6:98.75%', '7:98.35%', '8:98.15%', '9:97.62%']

Cluster round 2 completed, aggregated models from all the clients, time past : 1500msec, loss : 0.04, accuracy 98.70%
Accuracy per label : ['0:99.29%', '1:99.30%', '2:99.03%', '3:98.81%', '4:98.88%', '5:98.21%', '6:98.64%', '7:98.54%', '8:98.46%', '9:97.72%']

Cluster round 3 completed, aggregated models from all the clients, time past : 2200msec, loss : 0.04, accuracy 98.65%
Accuracy per label : ['0:99.29%', '1:99.30%', '2:98.93%', '3:98.81%', '4:99.19%', '5:98.09%', '6:98.54%', '7:98.54%', '8:98.25%', '9:97.42%']

Before aggregation, loss : 0.04, accuracy : 98.74%
Before aggregation, accuracy per label : ['0:99.29%', '1:99.47%', '2:98.93%', '3:99.01%', '4:99.08%', '5:98.21%', '6:98.33%', '7:98.54%', '8:98.67%', '9:97.72%']
Aggregation to central server completed at central server round 36, loss : 0.04, accuracy : 98.71%
Accuracy per label after aggregation : ['0:99.29%', '1:99.56%', '2:98.93%', '3:99.01%', '4:98.98%', '5:97.98%', '6:98.33%', '7:98.54%', '8:98.56%', '9:97.72%']

-----------------------------------------------------

Central server round 37 started
Model sent from central server with 100msec communication time, with loss :0.04, accuracy : 98.71%
Accuracy per label : ['0:99.29%', '1:99.56%', '2:98.93%', '3:99.01%', '4:98.98%', '5:97.98%', '6:98.33%', '7:98.54%', '8:98.56%', '9:97.72%']
The model is from round 36 from central server, staleness is 0

Cluster round 1 completed, aggregated models from all the clients, time past : 800msec, loss : 0.04, accuracy 98.73%
Accuracy per label : ['0:99.29%', '1:99.56%', '2:99.03%', '3:98.81%', '4:98.78%', '5:98.21%', '6:98.75%', '7:98.44%', '8:98.56%', '9:97.72%']

Cluster round 2 completed, aggregated models from all the clients, time past : 1500msec, loss : 0.04, accuracy 98.65%
Accuracy per label : ['0:99.29%', '1:99.30%', '2:99.03%', '3:98.91%', '4:99.08%', '5:97.98%', '6:98.54%', '7:98.54%', '8:98.15%', '9:97.52%']

Cluster round 3 completed, aggregated models from all the clients, time past : 2200msec, loss : 0.04, accuracy 98.66%
Accuracy per label : ['0:99.29%', '1:99.30%', '2:99.03%', '3:98.91%', '4:98.88%', '5:98.21%', '6:98.54%', '7:98.54%', '8:98.25%', '9:97.52%']

Before aggregation, loss : 0.04, accuracy : 98.71%
Before aggregation, accuracy per label : ['0:99.29%', '1:99.56%', '2:98.93%', '3:99.01%', '4:98.98%', '5:97.98%', '6:98.33%', '7:98.54%', '8:98.56%', '9:97.72%']
Aggregation to central server completed at central server round 37, loss : 0.04, accuracy : 98.73%
Accuracy per label after aggregation : ['0:99.29%', '1:99.47%', '2:98.93%', '3:99.01%', '4:99.08%', '5:98.09%', '6:98.33%', '7:98.64%', '8:98.56%', '9:97.72%']

-----------------------------------------------------

Central server round 38 started
Model sent from central server with 100msec communication time, with loss :0.04, accuracy : 98.73%
Accuracy per label : ['0:99.29%', '1:99.47%', '2:98.93%', '3:99.01%', '4:99.08%', '5:98.09%', '6:98.33%', '7:98.64%', '8:98.56%', '9:97.72%']
The model is from round 37 from central server, staleness is 0

Cluster round 1 completed, aggregated models from all the clients, time past : 800msec, loss : 0.04, accuracy 98.70%
Accuracy per label : ['0:99.29%', '1:99.47%', '2:99.03%', '3:98.81%', '4:98.78%', '5:98.21%', '6:98.75%', '7:98.44%', '8:98.15%', '9:97.92%']

Cluster round 2 completed, aggregated models from all the clients, time past : 1500msec, loss : 0.04, accuracy 98.68%
Accuracy per label : ['0:99.29%', '1:99.30%', '2:99.03%', '3:98.91%', '4:98.98%', '5:98.09%', '6:98.54%', '7:98.54%', '8:98.46%', '9:97.52%']

Cluster round 3 completed, aggregated models from all the clients, time past : 2200msec, loss : 0.04, accuracy 98.68%
Accuracy per label : ['0:99.29%', '1:99.30%', '2:99.03%', '3:98.81%', '4:99.08%', '5:98.32%', '6:98.64%', '7:98.54%', '8:98.15%', '9:97.52%']

Before aggregation, loss : 0.04, accuracy : 98.73%
Before aggregation, accuracy per label : ['0:99.29%', '1:99.47%', '2:98.93%', '3:99.01%', '4:99.08%', '5:98.09%', '6:98.33%', '7:98.64%', '8:98.56%', '9:97.72%']
Aggregation to central server completed at central server round 38, loss : 0.04, accuracy : 98.70%
Accuracy per label after aggregation : ['0:99.29%', '1:99.47%', '2:98.93%', '3:98.91%', '4:98.98%', '5:98.09%', '6:98.33%', '7:98.54%', '8:98.46%', '9:97.82%']

-----------------------------------------------------

Central server round 39 started
Model sent from central server with 100msec communication time, with loss :0.04, accuracy : 98.70%
Accuracy per label : ['0:99.29%', '1:99.47%', '2:98.93%', '3:98.91%', '4:98.98%', '5:98.09%', '6:98.33%', '7:98.54%', '8:98.46%', '9:97.82%']
The model is from round 38 from central server, staleness is 0

Cluster round 1 completed, aggregated models from all the clients, time past : 800msec, loss : 0.04, accuracy 98.68%
Accuracy per label : ['0:99.29%', '1:99.47%', '2:99.03%', '3:99.21%', '4:98.57%', '5:97.98%', '6:98.54%', '7:98.44%', '8:98.15%', '9:97.92%']

Cluster round 2 completed, aggregated models from all the clients, time past : 1500msec, loss : 0.04, accuracy 98.68%
Accuracy per label : ['0:99.29%', '1:99.38%', '2:99.03%', '3:98.91%', '4:99.08%', '5:98.21%', '6:98.64%', '7:98.54%', '8:98.15%', '9:97.42%']

Cluster round 3 completed, aggregated models from all the clients, time past : 2200msec, loss : 0.04, accuracy 98.69%
Accuracy per label : ['0:99.29%', '1:99.30%', '2:99.03%', '3:98.91%', '4:99.19%', '5:98.32%', '6:98.85%', '7:98.54%', '8:98.46%', '9:96.93%']

Before aggregation, loss : 0.04, accuracy : 98.70%
Before aggregation, accuracy per label : ['0:99.29%', '1:99.47%', '2:98.93%', '3:98.91%', '4:98.98%', '5:98.09%', '6:98.33%', '7:98.54%', '8:98.46%', '9:97.82%']
Aggregation to central server completed at central server round 39, loss : 0.04, accuracy : 98.73%
Accuracy per label after aggregation : ['0:99.29%', '1:99.47%', '2:98.93%', '3:98.91%', '4:99.08%', '5:97.98%', '6:98.33%', '7:98.64%', '8:98.67%', '9:97.82%']

-----------------------------------------------------

Central server round 40 started
Model sent from central server with 100msec communication time, with loss :0.04, accuracy : 98.73%
Accuracy per label : ['0:99.29%', '1:99.47%', '2:98.93%', '3:98.91%', '4:99.08%', '5:97.98%', '6:98.33%', '7:98.64%', '8:98.67%', '9:97.82%']
The model is from round 39 from central server, staleness is 0

Cluster round 1 completed, aggregated models from all the clients, time past : 800msec, loss : 0.04, accuracy 98.72%
Accuracy per label : ['0:99.29%', '1:99.47%', '2:99.03%', '3:98.91%', '4:98.78%', '5:98.21%', '6:98.54%', '7:98.54%', '8:98.25%', '9:98.02%']

Cluster round 2 completed, aggregated models from all the clients, time past : 1500msec, loss : 0.04, accuracy 98.72%
Accuracy per label : ['0:99.29%', '1:99.38%', '2:99.03%', '3:99.11%', '4:99.08%', '5:98.21%', '6:98.54%', '7:98.54%', '8:98.15%', '9:97.72%']

Cluster round 3 completed, aggregated models from all the clients, time past : 2200msec, loss : 0.04, accuracy 98.71%
Accuracy per label : ['0:99.29%', '1:99.21%', '2:99.03%', '3:98.91%', '4:98.98%', '5:98.09%', '6:98.64%', '7:98.54%', '8:98.36%', '9:97.92%']

Before aggregation, loss : 0.04, accuracy : 98.73%
Before aggregation, accuracy per label : ['0:99.29%', '1:99.47%', '2:98.93%', '3:98.91%', '4:99.08%', '5:97.98%', '6:98.33%', '7:98.64%', '8:98.67%', '9:97.82%']
Aggregation to central server completed at central server round 40, loss : 0.04, accuracy : 98.73%
Accuracy per label after aggregation : ['0:99.29%', '1:99.47%', '2:98.93%', '3:99.01%', '4:98.98%', '5:97.98%', '6:98.33%', '7:98.64%', '8:98.56%', '9:97.92%']

-----------------------------------------------------

Central server round 41 started
Model sent from central server with 100msec communication time, with loss :0.04, accuracy : 98.73%
Accuracy per label : ['0:99.29%', '1:99.47%', '2:98.93%', '3:99.01%', '4:98.98%', '5:97.98%', '6:98.33%', '7:98.64%', '8:98.56%', '9:97.92%']
The model is from round 40 from central server, staleness is 0

Cluster round 1 completed, aggregated models from all the clients, time past : 800msec, loss : 0.04, accuracy 98.71%
Accuracy per label : ['0:99.29%', '1:99.38%', '2:99.03%', '3:98.81%', '4:98.68%', '5:98.09%', '6:98.75%', '7:98.44%', '8:98.46%', '9:98.02%']

Cluster round 2 completed, aggregated models from all the clients, time past : 1500msec, loss : 0.04, accuracy 98.71%
Accuracy per label : ['0:99.29%', '1:99.38%', '2:99.03%', '3:98.81%', '4:98.88%', '5:98.32%', '6:98.64%', '7:98.54%', '8:98.36%', '9:97.72%']

Cluster round 3 completed, aggregated models from all the clients, time past : 2200msec, loss : 0.04, accuracy 98.74%
Accuracy per label : ['0:99.29%', '1:99.38%', '2:99.03%', '3:98.91%', '4:99.19%', '5:98.09%', '6:98.64%', '7:98.54%', '8:98.56%', '9:97.62%']

Before aggregation, loss : 0.04, accuracy : 98.73%
Before aggregation, accuracy per label : ['0:99.29%', '1:99.47%', '2:98.93%', '3:99.01%', '4:98.98%', '5:97.98%', '6:98.33%', '7:98.64%', '8:98.56%', '9:97.92%']
Aggregation to central server completed at central server round 41, loss : 0.04, accuracy : 98.74%
Accuracy per label after aggregation : ['0:99.29%', '1:99.47%', '2:98.93%', '3:99.11%', '4:99.08%', '5:97.98%', '6:98.33%', '7:98.64%', '8:98.56%', '9:97.82%']

-----------------------------------------------------

Central server round 42 started
Model sent from central server with 100msec communication time, with loss :0.04, accuracy : 98.74%
Accuracy per label : ['0:99.29%', '1:99.47%', '2:98.93%', '3:99.11%', '4:99.08%', '5:97.98%', '6:98.33%', '7:98.64%', '8:98.56%', '9:97.82%']
The model is from round 41 from central server, staleness is 0

Cluster round 1 completed, aggregated models from all the clients, time past : 800msec, loss : 0.04, accuracy 98.71%
Accuracy per label : ['0:99.29%', '1:99.47%', '2:99.03%', '3:98.91%', '4:99.08%', '5:98.09%', '6:98.64%', '7:98.54%', '8:98.05%', '9:97.82%']

Cluster round 2 completed, aggregated models from all the clients, time past : 1500msec, loss : 0.04, accuracy 98.66%
Accuracy per label : ['0:99.29%', '1:99.47%', '2:99.03%', '3:98.91%', '4:99.19%', '5:98.09%', '6:98.64%', '7:98.54%', '8:98.05%', '9:97.22%']

Cluster round 3 completed, aggregated models from all the clients, time past : 2200msec, loss : 0.04, accuracy 98.70%
Accuracy per label : ['0:99.29%', '1:99.30%', '2:99.03%', '3:98.51%', '4:99.39%', '5:98.43%', '6:98.75%', '7:98.54%', '8:98.46%', '9:97.22%']

Before aggregation, loss : 0.04, accuracy : 98.74%
Before aggregation, accuracy per label : ['0:99.29%', '1:99.47%', '2:98.93%', '3:99.11%', '4:99.08%', '5:97.98%', '6:98.33%', '7:98.64%', '8:98.56%', '9:97.82%']
Aggregation to central server completed at central server round 42, loss : 0.04, accuracy : 98.76%
Accuracy per label after aggregation : ['0:99.29%', '1:99.47%', '2:98.93%', '3:99.01%', '4:99.08%', '5:97.98%', '6:98.43%', '7:98.64%', '8:98.67%', '9:97.92%']

-----------------------------------------------------

Central server round 43 started
Model sent from central server with 100msec communication time, with loss :0.04, accuracy : 98.76%
Accuracy per label : ['0:99.29%', '1:99.47%', '2:98.93%', '3:99.01%', '4:99.08%', '5:97.98%', '6:98.43%', '7:98.64%', '8:98.67%', '9:97.92%']
The model is from round 42 from central server, staleness is 0

Cluster round 1 completed, aggregated models from all the clients, time past : 800msec, loss : 0.04, accuracy 98.70%
Accuracy per label : ['0:99.29%', '1:99.38%', '2:99.03%', '3:98.91%', '4:99.08%', '5:98.21%', '6:98.64%', '7:98.44%', '8:98.25%', '9:97.62%']

Cluster round 2 completed, aggregated models from all the clients, time past : 1500msec, loss : 0.04, accuracy 98.72%
Accuracy per label : ['0:99.29%', '1:99.56%', '2:99.03%', '3:99.11%', '4:99.08%', '5:98.21%', '6:98.64%', '7:98.54%', '8:97.95%', '9:97.62%']

Cluster round 3 completed, aggregated models from all the clients, time past : 2200msec, loss : 0.04, accuracy 98.74%
Accuracy per label : ['0:99.29%', '1:99.38%', '2:99.03%', '3:99.11%', '4:99.29%', '5:98.09%', '6:98.64%', '7:98.54%', '8:98.15%', '9:97.72%']

Before aggregation, loss : 0.04, accuracy : 98.76%
Before aggregation, accuracy per label : ['0:99.29%', '1:99.47%', '2:98.93%', '3:99.01%', '4:99.08%', '5:97.98%', '6:98.43%', '7:98.64%', '8:98.67%', '9:97.92%']
Aggregation to central server completed at central server round 43, loss : 0.04, accuracy : 98.82%
Accuracy per label after aggregation : ['0:99.29%', '1:99.56%', '2:98.93%', '3:99.21%', '4:99.08%', '5:97.98%', '6:98.64%', '7:98.64%', '8:98.67%', '9:98.02%']

-----------------------------------------------------

Central server round 44 started
Model sent from central server with 100msec communication time, with loss :0.04, accuracy : 98.82%
Accuracy per label : ['0:99.29%', '1:99.56%', '2:98.93%', '3:99.21%', '4:99.08%', '5:97.98%', '6:98.64%', '7:98.64%', '8:98.67%', '9:98.02%']
The model is from round 43 from central server, staleness is 0

Cluster round 1 completed, aggregated models from all the clients, time past : 800msec, loss : 0.04, accuracy 98.72%
Accuracy per label : ['0:99.29%', '1:99.47%', '2:99.03%', '3:98.91%', '4:99.08%', '5:98.09%', '6:98.64%', '7:98.44%', '8:98.25%', '9:97.82%']

Cluster round 2 completed, aggregated models from all the clients, time past : 1500msec, loss : 0.04, accuracy 98.70%
Accuracy per label : ['0:99.18%', '1:99.38%', '2:99.03%', '3:99.01%', '4:98.98%', '5:98.09%', '6:98.64%', '7:98.54%', '8:98.56%', '9:97.42%']

Cluster round 3 completed, aggregated models from all the clients, time past : 2200msec, loss : 0.04, accuracy 98.70%
Accuracy per label : ['0:99.29%', '1:99.38%', '2:99.03%', '3:98.91%', '4:99.08%', '5:98.09%', '6:98.64%', '7:98.54%', '8:98.36%', '9:97.52%']

Before aggregation, loss : 0.04, accuracy : 98.82%
Before aggregation, accuracy per label : ['0:99.29%', '1:99.56%', '2:98.93%', '3:99.21%', '4:99.08%', '5:97.98%', '6:98.64%', '7:98.64%', '8:98.67%', '9:98.02%']
Aggregation to central server completed at central server round 44, loss : 0.04, accuracy : 98.77%
Accuracy per label after aggregation : ['0:99.29%', '1:99.47%', '2:98.93%', '3:99.21%', '4:99.08%', '5:97.98%', '6:98.43%', '7:98.64%', '8:98.56%', '9:97.92%']

-----------------------------------------------------

Central server round 45 started
Model sent from central server with 100msec communication time, with loss :0.04, accuracy : 98.77%
Accuracy per label : ['0:99.29%', '1:99.47%', '2:98.93%', '3:99.21%', '4:99.08%', '5:97.98%', '6:98.43%', '7:98.64%', '8:98.56%', '9:97.92%']
The model is from round 44 from central server, staleness is 0

Cluster round 1 completed, aggregated models from all the clients, time past : 800msec, loss : 0.04, accuracy 98.76%
Accuracy per label : ['0:99.29%', '1:99.47%', '2:99.03%', '3:98.91%', '4:98.78%', '5:98.32%', '6:98.75%', '7:98.44%', '8:98.67%', '9:97.82%']

Cluster round 2 completed, aggregated models from all the clients, time past : 1500msec, loss : 0.04, accuracy 98.68%
Accuracy per label : ['0:99.18%', '1:99.56%', '2:99.03%', '3:98.51%', '4:98.98%', '5:98.43%', '6:98.75%', '7:98.64%', '8:98.15%', '9:97.42%']

Cluster round 3 completed, aggregated models from all the clients, time past : 2200msec, loss : 0.04, accuracy 98.73%
Accuracy per label : ['0:99.29%', '1:99.30%', '2:99.03%', '3:98.91%', '4:98.78%', '5:98.09%', '6:98.64%', '7:98.54%', '8:98.36%', '9:98.22%']

Before aggregation, loss : 0.04, accuracy : 98.77%
Before aggregation, accuracy per label : ['0:99.29%', '1:99.47%', '2:98.93%', '3:99.21%', '4:99.08%', '5:97.98%', '6:98.43%', '7:98.64%', '8:98.56%', '9:97.92%']
Aggregation to central server completed at central server round 45, loss : 0.04, accuracy : 98.83%
Accuracy per label after aggregation : ['0:99.29%', '1:99.65%', '2:98.93%', '3:99.21%', '4:99.08%', '5:97.98%', '6:98.64%', '7:98.64%', '8:98.56%', '9:98.12%']

-----------------------------------------------------

Central server round 46 started
Model sent from central server with 100msec communication time, with loss :0.04, accuracy : 98.83%
Accuracy per label : ['0:99.29%', '1:99.65%', '2:98.93%', '3:99.21%', '4:99.08%', '5:97.98%', '6:98.64%', '7:98.64%', '8:98.56%', '9:98.12%']
The model is from round 45 from central server, staleness is 0

Cluster round 1 completed, aggregated models from all the clients, time past : 800msec, loss : 0.04, accuracy 98.73%
Accuracy per label : ['0:99.18%', '1:99.38%', '2:99.03%', '3:99.01%', '4:98.98%', '5:98.32%', '6:98.75%', '7:98.54%', '8:98.25%', '9:97.72%']

Cluster round 2 completed, aggregated models from all the clients, time past : 1500msec, loss : 0.04, accuracy 98.72%
Accuracy per label : ['0:99.29%', '1:99.38%', '2:99.03%', '3:99.01%', '4:98.88%', '5:98.32%', '6:98.75%', '7:98.54%', '8:98.15%', '9:97.72%']

Cluster round 3 completed, aggregated models from all the clients, time past : 2200msec, loss : 0.04, accuracy 98.75%
Accuracy per label : ['0:99.29%', '1:99.47%', '2:99.03%', '3:99.01%', '4:99.39%', '5:98.09%', '6:98.64%', '7:98.54%', '8:98.25%', '9:97.62%']

Before aggregation, loss : 0.04, accuracy : 98.83%
Before aggregation, accuracy per label : ['0:99.29%', '1:99.65%', '2:98.93%', '3:99.21%', '4:99.08%', '5:97.98%', '6:98.64%', '7:98.64%', '8:98.56%', '9:98.12%']
Aggregation to central server completed at central server round 46, loss : 0.04, accuracy : 98.79%
Accuracy per label after aggregation : ['0:99.29%', '1:99.56%', '2:98.93%', '3:99.21%', '4:98.98%', '5:97.98%', '6:98.54%', '7:98.64%', '8:98.56%', '9:98.02%']

-----------------------------------------------------

Central server round 47 started
Model sent from central server with 100msec communication time, with loss :0.04, accuracy : 98.79%
Accuracy per label : ['0:99.29%', '1:99.56%', '2:98.93%', '3:99.21%', '4:98.98%', '5:97.98%', '6:98.54%', '7:98.64%', '8:98.56%', '9:98.02%']
The model is from round 46 from central server, staleness is 0

Cluster round 1 completed, aggregated models from all the clients, time past : 800msec, loss : 0.04, accuracy 98.74%
Accuracy per label : ['0:99.29%', '1:99.47%', '2:99.03%', '3:98.91%', '4:99.19%', '5:98.32%', '6:98.64%', '7:98.64%', '8:98.15%', '9:97.62%']

Cluster round 2 completed, aggregated models from all the clients, time past : 1500msec, loss : 0.04, accuracy 98.72%
Accuracy per label : ['0:99.29%', '1:99.38%', '2:99.03%', '3:98.91%', '4:99.29%', '5:98.09%', '6:98.64%', '7:98.54%', '8:98.25%', '9:97.62%']

Cluster round 3 completed, aggregated models from all the clients, time past : 2200msec, loss : 0.04, accuracy 98.73%
Accuracy per label : ['0:99.29%', '1:99.38%', '2:99.03%', '3:98.91%', '4:99.39%', '5:98.21%', '6:98.64%', '7:98.54%', '8:98.25%', '9:97.52%']

Before aggregation, loss : 0.04, accuracy : 98.79%
Before aggregation, accuracy per label : ['0:99.29%', '1:99.56%', '2:98.93%', '3:99.21%', '4:98.98%', '5:97.98%', '6:98.54%', '7:98.64%', '8:98.56%', '9:98.02%']
Aggregation to central server completed at central server round 47, loss : 0.04, accuracy : 98.81%
Accuracy per label after aggregation : ['0:99.29%', '1:99.56%', '2:98.93%', '3:99.21%', '4:99.08%', '5:97.98%', '6:98.64%', '7:98.54%', '8:98.56%', '9:98.12%']

-----------------------------------------------------

Central server round 48 started
Model sent from central server with 100msec communication time, with loss :0.04, accuracy : 98.81%
Accuracy per label : ['0:99.29%', '1:99.56%', '2:98.93%', '3:99.21%', '4:99.08%', '5:97.98%', '6:98.64%', '7:98.54%', '8:98.56%', '9:98.12%']
The model is from round 47 from central server, staleness is 0

Cluster round 1 completed, aggregated models from all the clients, time past : 800msec, loss : 0.04, accuracy 98.75%
Accuracy per label : ['0:99.29%', '1:99.47%', '2:99.03%', '3:98.91%', '4:99.08%', '5:98.21%', '6:98.75%', '7:98.54%', '8:98.36%', '9:97.72%']

Cluster round 2 completed, aggregated models from all the clients, time past : 1500msec, loss : 0.04, accuracy 98.69%
Accuracy per label : ['0:99.18%', '1:99.38%', '2:99.03%', '3:98.71%', '4:99.19%', '5:98.54%', '6:98.75%', '7:98.54%', '8:98.05%', '9:97.42%']

Cluster round 3 completed, aggregated models from all the clients, time past : 2200msec, loss : 0.04, accuracy 98.68%
Accuracy per label : ['0:99.29%', '1:99.30%', '2:99.03%', '3:98.91%', '4:98.88%', '5:98.32%', '6:98.64%', '7:98.54%', '8:98.15%', '9:97.62%']

Before aggregation, loss : 0.04, accuracy : 98.81%
Before aggregation, accuracy per label : ['0:99.29%', '1:99.56%', '2:98.93%', '3:99.21%', '4:99.08%', '5:97.98%', '6:98.64%', '7:98.54%', '8:98.56%', '9:98.12%']
Aggregation to central server completed at central server round 48, loss : 0.04, accuracy : 98.80%
Accuracy per label after aggregation : ['0:99.29%', '1:99.56%', '2:98.93%', '3:99.21%', '4:98.98%', '5:97.98%', '6:98.54%', '7:98.64%', '8:98.56%', '9:98.12%']

-----------------------------------------------------

Central server round 49 started
Model sent from central server with 100msec communication time, with loss :0.04, accuracy : 98.80%
Accuracy per label : ['0:99.29%', '1:99.56%', '2:98.93%', '3:99.21%', '4:98.98%', '5:97.98%', '6:98.54%', '7:98.64%', '8:98.56%', '9:98.12%']
The model is from round 48 from central server, staleness is 0

Cluster round 1 completed, aggregated models from all the clients, time past : 800msec, loss : 0.04, accuracy 98.74%
Accuracy per label : ['0:99.29%', '1:99.47%', '2:99.03%', '3:98.91%', '4:98.78%', '5:98.21%', '6:98.64%', '7:98.54%', '8:98.25%', '9:98.12%']

Cluster round 2 completed, aggregated models from all the clients, time past : 1500msec, loss : 0.04, accuracy 98.76%
Accuracy per label : ['0:99.29%', '1:99.47%', '2:99.03%', '3:99.01%', '4:99.08%', '5:98.32%', '6:98.64%', '7:98.54%', '8:98.25%', '9:97.82%']

Cluster round 3 completed, aggregated models from all the clients, time past : 2200msec, loss : 0.04, accuracy 98.71%
Accuracy per label : ['0:99.18%', '1:99.56%', '2:99.03%', '3:98.81%', '4:99.08%', '5:98.43%', '6:98.64%', '7:98.54%', '8:98.15%', '9:97.52%']

Before aggregation, loss : 0.04, accuracy : 98.80%
Before aggregation, accuracy per label : ['0:99.29%', '1:99.56%', '2:98.93%', '3:99.21%', '4:98.98%', '5:97.98%', '6:98.54%', '7:98.64%', '8:98.56%', '9:98.12%']
Aggregation to central server completed at central server round 49, loss : 0.04, accuracy : 98.85%
Accuracy per label after aggregation : ['0:99.29%', '1:99.65%', '2:99.03%', '3:99.21%', '4:98.98%', '5:98.09%', '6:98.54%', '7:98.64%', '8:98.56%', '9:98.32%']

-----------------------------------------------------

Central server round 50 started
Model sent from central server with 100msec communication time, with loss :0.04, accuracy : 98.85%
Accuracy per label : ['0:99.29%', '1:99.65%', '2:99.03%', '3:99.21%', '4:98.98%', '5:98.09%', '6:98.54%', '7:98.64%', '8:98.56%', '9:98.32%']
The model is from round 49 from central server, staleness is 0

Cluster round 1 completed, aggregated models from all the clients, time past : 800msec, loss : 0.04, accuracy 98.80%
Accuracy per label : ['0:99.39%', '1:99.47%', '2:99.03%', '3:98.91%', '4:99.19%', '5:98.32%', '6:98.85%', '7:98.64%', '8:98.36%', '9:97.72%']

Cluster round 2 completed, aggregated models from all the clients, time past : 1500msec, loss : 0.04, accuracy 98.71%
Accuracy per label : ['0:99.18%', '1:99.38%', '2:99.03%', '3:98.91%', '4:99.19%', '5:98.43%', '6:98.75%', '7:98.54%', '8:98.15%', '9:97.42%']

Cluster round 3 completed, aggregated models from all the clients, time past : 2200msec, loss : 0.04, accuracy 98.70%
Accuracy per label : ['0:99.18%', '1:99.47%', '2:99.03%', '3:99.01%', '4:98.98%', '5:98.21%', '6:98.64%', '7:98.54%', '8:98.15%', '9:97.62%']

Before aggregation, loss : 0.04, accuracy : 98.85%
Before aggregation, accuracy per label : ['0:99.29%', '1:99.65%', '2:99.03%', '3:99.21%', '4:98.98%', '5:98.09%', '6:98.54%', '7:98.64%', '8:98.56%', '9:98.32%']
Aggregation to central server completed at central server round 50, loss : 0.04, accuracy : 98.80%
Accuracy per label after aggregation : ['0:99.29%', '1:99.65%', '2:98.93%', '3:99.21%', '4:98.98%', '5:97.98%', '6:98.54%', '7:98.54%', '8:98.56%', '9:98.12%']

