-----------------------------------------------------

Central server round 4 started
Model sent from central server with 100msec communication time, with loss :2.31, accuracy : 11.16%
Accuracy per label : ['0:0.00%', '1:0.00%', '2:0.00%', '3:0.00%', '4:0.00%', '5:0.00%', '6:0.00%', '7:0.00%', '8:33.16%', '9:78.59%']
The model is from round 0 from central server, staleness is 3

Cluster round 1 completed, aggregated models from all the clients, time past : 1200msec, loss : 2.28, accuracy 14.64%
Accuracy per label : ['0:0.00%', '1:0.00%', '2:0.68%', '3:3.66%', '4:0.00%', '5:0.00%', '6:5.64%', '7:0.00%', '8:96.82%', '9:41.92%']

Cluster round 2 completed, aggregated models from all the clients, time past : 2300msec, loss : 2.10, accuracy 52.44%
Accuracy per label : ['0:90.82%', '1:8.19%', '2:52.23%', '3:82.87%', '4:70.57%', '5:0.00%', '6:76.41%', '7:64.49%', '8:79.98%', '9:1.78%']

Cluster round 3 completed, aggregated models from all the clients, time past : 3400msec, loss : 0.71, accuracy 80.62%
Accuracy per label : ['0:94.18%', '1:96.12%', '2:83.33%', '3:82.18%', '4:76.78%', '5:66.59%', '6:84.45%', '7:83.56%', '8:62.42%', '9:72.75%']

Cluster round 4 completed, aggregated models from all the clients, time past : 4500msec, loss : 0.46, accuracy 86.61%
Accuracy per label : ['0:96.43%', '1:96.30%', '2:87.69%', '3:84.95%', '4:84.11%', '5:79.82%', '6:88.20%', '7:85.89%', '8:76.08%', '9:84.54%']

Cluster round 5 completed, aggregated models from all the clients, time past : 5600msec, loss : 0.38, accuracy 88.51%
Accuracy per label : ['0:97.45%', '1:96.83%', '2:88.86%', '3:87.72%', '4:88.80%', '5:81.95%', '6:89.14%', '7:87.65%', '8:79.06%', '9:85.83%']

Before aggregation, loss : 0.50, accuracy : 90.43%
Before aggregation, accuracy per label : ['0:96.94%', '1:96.65%', '2:88.18%', '3:90.00%', '4:89.51%', '5:81.05%', '6:94.15%', '7:89.79%', '8:87.78%', '9:88.70%']
Aggregation to central server completed at central server round 250, loss : 0.46, accuracy: 90.19%, staleness : 3
Accuracy per label after aggregation : ['0:97.04%', '1:96.65%', '2:88.57%', '3:89.90%', '4:89.61%', '5:81.17%', '6:93.63%', '7:89.30%', '8:86.24%', '9:88.21%']

-----------------------------------------------------

Central server round 10 started
Model sent from central server with 100msec communication time, with loss :0.46, accuracy : 90.19%
Accuracy per label : ['0:97.04%', '1:96.65%', '2:88.57%', '3:89.90%', '4:89.61%', '5:81.17%', '6:93.63%', '7:89.30%', '8:86.24%', '9:88.21%']
The model is from round 4 from central server, staleness is 5

Cluster round 1 completed, aggregated models from all the clients, time past : 1200msec, loss : 0.30, accuracy 91.15%
Accuracy per label : ['0:98.27%', '1:97.80%', '2:90.79%', '3:90.79%', '4:91.65%', '5:86.43%', '6:92.38%', '7:89.49%', '8:83.37%', '9:89.20%']

Cluster round 2 completed, aggregated models from all the clients, time past : 2300msec, loss : 0.26, accuracy 92.20%
Accuracy per label : ['0:98.47%', '1:97.80%', '2:91.96%', '3:91.29%', '4:92.67%', '5:88.90%', '6:93.32%', '7:90.47%', '8:85.73%', '9:90.39%']

Cluster round 3 completed, aggregated models from all the clients, time past : 3400msec, loss : 0.23, accuracy 93.20%
Accuracy per label : ['0:98.57%', '1:97.80%', '2:92.64%', '3:92.28%', '4:93.89%', '5:90.92%', '6:93.74%', '7:91.83%', '8:88.09%', '9:91.48%']

Cluster round 4 completed, aggregated models from all the clients, time past : 4500msec, loss : 0.20, accuracy 93.87%
Accuracy per label : ['0:98.57%', '1:98.06%', '2:93.41%', '3:93.07%', '4:94.70%', '5:92.15%', '6:94.78%', '7:92.41%', '8:89.22%', '9:91.67%']

Cluster round 5 completed, aggregated models from all the clients, time past : 5600msec, loss : 0.19, accuracy 94.45%
Accuracy per label : ['0:98.98%', '1:98.24%', '2:93.99%', '3:93.96%', '4:95.01%', '5:93.27%', '6:95.51%', '7:92.70%', '8:90.04%', '9:92.27%']

Before aggregation, loss : 0.29, accuracy : 92.47%
Before aggregation, accuracy per label : ['0:98.27%', '1:97.44%', '2:91.57%', '3:92.48%', '4:91.85%', '5:87.00%', '6:94.05%', '7:91.34%', '8:89.84%', '9:89.79%']
Aggregation to central server completed at central server round 250, loss : 0.27, accuracy: 92.66%, staleness : 5
Accuracy per label after aggregation : ['0:98.37%', '1:97.53%', '2:91.76%', '3:92.57%', '4:92.16%', '5:87.33%', '6:94.26%', '7:91.54%', '8:89.84%', '9:90.19%']

-----------------------------------------------------

Central server round 16 started
Model sent from central server with 100msec communication time, with loss :0.27, accuracy : 92.66%
Accuracy per label : ['0:98.37%', '1:97.53%', '2:91.76%', '3:92.57%', '4:92.16%', '5:87.33%', '6:94.26%', '7:91.54%', '8:89.84%', '9:90.19%']
The model is from round 10 from central server, staleness is 5

Cluster round 1 completed, aggregated models from all the clients, time past : 1200msec, loss : 0.22, accuracy 93.46%
Accuracy per label : ['0:98.57%', '1:97.97%', '2:93.12%', '3:92.57%', '4:93.99%', '5:91.26%', '6:94.26%', '7:92.12%', '8:88.40%', '9:91.58%']

Cluster round 2 completed, aggregated models from all the clients, time past : 2300msec, loss : 0.20, accuracy 94.03%
Accuracy per label : ['0:98.78%', '1:98.06%', '2:93.51%', '3:93.27%', '4:94.60%', '5:92.26%', '6:95.20%', '7:92.51%', '8:89.32%', '9:92.17%']

Cluster round 3 completed, aggregated models from all the clients, time past : 3400msec, loss : 0.18, accuracy 94.67%
Accuracy per label : ['0:98.98%', '1:98.24%', '2:94.19%', '3:94.36%', '4:95.11%', '5:93.72%', '6:95.82%', '7:92.90%', '8:90.35%', '9:92.57%']

Cluster round 4 completed, aggregated models from all the clients, time past : 4500msec, loss : 0.17, accuracy 95.10%
Accuracy per label : ['0:98.98%', '1:98.24%', '2:94.57%', '3:94.46%', '4:95.21%', '5:94.28%', '6:96.66%', '7:93.68%', '8:91.17%', '9:93.36%']

Cluster round 5 completed, aggregated models from all the clients, time past : 5600msec, loss : 0.15, accuracy 95.42%
Accuracy per label : ['0:98.98%', '1:98.24%', '2:94.86%', '3:94.95%', '4:95.42%', '5:94.73%', '6:96.87%', '7:94.26%', '8:91.79%', '9:93.76%']

Before aggregation, loss : 0.18, accuracy : 94.69%
Before aggregation, accuracy per label : ['0:98.37%', '1:97.89%', '2:93.70%', '3:94.85%', '4:94.81%', '5:92.26%', '6:95.72%', '7:93.00%', '8:93.12%', '9:92.67%']
Aggregation to central server completed at central server round 250, loss : 0.18, accuracy: 94.76%, staleness : 5
Accuracy per label after aggregation : ['0:98.47%', '1:97.97%', '2:93.70%', '3:94.85%', '4:94.91%', '5:92.71%', '6:95.82%', '7:92.90%', '8:93.02%', '9:92.77%']

-----------------------------------------------------

Central server round 22 started
Model sent from central server with 100msec communication time, with loss :0.18, accuracy : 94.76%
Accuracy per label : ['0:98.47%', '1:97.97%', '2:93.70%', '3:94.85%', '4:94.91%', '5:92.71%', '6:95.82%', '7:92.90%', '8:93.02%', '9:92.77%']
The model is from round 16 from central server, staleness is 5

Cluster round 1 completed, aggregated models from all the clients, time past : 1200msec, loss : 0.16, accuracy 95.25%
Accuracy per label : ['0:98.78%', '1:98.24%', '2:94.86%', '3:94.46%', '4:95.32%', '5:94.39%', '6:96.76%', '7:94.07%', '8:91.79%', '9:93.46%']

Cluster round 2 completed, aggregated models from all the clients, time past : 2300msec, loss : 0.15, accuracy 95.67%
Accuracy per label : ['0:98.98%', '1:98.33%', '2:95.45%', '3:95.05%', '4:95.52%', '5:94.73%', '6:96.97%', '7:94.46%', '8:92.71%', '9:94.15%']

Cluster round 3 completed, aggregated models from all the clients, time past : 3400msec, loss : 0.14, accuracy 95.89%
Accuracy per label : ['0:98.98%', '1:98.41%', '2:95.83%', '3:94.95%', '4:95.93%', '5:95.07%', '6:97.29%', '7:94.84%', '8:92.71%', '9:94.55%']

Cluster round 4 completed, aggregated models from all the clients, time past : 4500msec, loss : 0.13, accuracy 96.12%
Accuracy per label : ['0:98.98%', '1:98.41%', '2:96.41%', '3:95.25%', '4:96.13%', '5:95.18%', '6:97.60%', '7:95.04%', '8:92.81%', '9:95.04%']

Cluster round 5 completed, aggregated models from all the clients, time past : 5600msec, loss : 0.12, accuracy 96.30%
Accuracy per label : ['0:98.88%', '1:98.33%', '2:96.51%', '3:95.64%', '4:96.33%', '5:95.63%', '6:97.70%', '7:95.43%', '8:93.12%', '9:95.14%']

Before aggregation, loss : 0.14, accuracy : 95.76%
Before aggregation, accuracy per label : ['0:98.57%', '1:98.06%', '2:95.06%', '3:95.84%', '4:95.42%', '5:94.84%', '6:96.76%', '7:94.07%', '8:94.56%', '9:94.15%']
Aggregation to central server completed at central server round 250, loss : 0.14, accuracy: 95.87%, staleness : 5
Accuracy per label after aggregation : ['0:98.57%', '1:98.06%', '2:95.35%', '3:95.94%', '4:95.42%', '5:94.96%', '6:96.87%', '7:94.36%', '8:94.56%', '9:94.35%']

-----------------------------------------------------

Central server round 27 started
Model sent from central server with 100msec communication time, with loss :0.14, accuracy : 95.87%
Accuracy per label : ['0:98.57%', '1:98.06%', '2:95.35%', '3:95.94%', '4:95.42%', '5:94.96%', '6:96.87%', '7:94.36%', '8:94.56%', '9:94.35%']
The model is from round 22 from central server, staleness is 4

Cluster round 1 completed, aggregated models from all the clients, time past : 1200msec, loss : 0.13, accuracy 96.05%
Accuracy per label : ['0:98.88%', '1:98.33%', '2:96.03%', '3:95.15%', '4:95.93%', '5:95.29%', '6:97.60%', '7:94.84%', '8:93.33%', '9:94.85%']

Cluster round 2 completed, aggregated models from all the clients, time past : 2300msec, loss : 0.13, accuracy 96.22%
Accuracy per label : ['0:98.88%', '1:98.33%', '2:96.41%', '3:95.54%', '4:96.13%', '5:95.29%', '6:97.70%', '7:95.04%', '8:93.43%', '9:95.14%']

Cluster round 3 completed, aggregated models from all the clients, time past : 3400msec, loss : 0.12, accuracy 96.44%
Accuracy per label : ['0:98.88%', '1:98.33%', '2:96.61%', '3:95.84%', '4:96.44%', '5:95.85%', '6:97.81%', '7:95.62%', '8:93.53%', '9:95.24%']

Cluster round 4 completed, aggregated models from all the clients, time past : 4500msec, loss : 0.11, accuracy 96.71%
Accuracy per label : ['0:98.88%', '1:98.50%', '2:97.00%', '3:96.04%', '4:97.05%', '5:96.19%', '6:98.12%', '7:95.82%', '8:93.84%', '9:95.44%']

Cluster round 5 completed, aggregated models from all the clients, time past : 5600msec, loss : 0.11, accuracy 96.86%
Accuracy per label : ['0:98.88%', '1:98.50%', '2:97.38%', '3:96.24%', '4:97.15%', '5:96.19%', '6:98.23%', '7:96.21%', '8:93.94%', '9:95.64%']

Before aggregation, loss : 0.12, accuracy : 96.30%
Before aggregation, accuracy per label : ['0:98.67%', '1:98.06%', '2:95.93%', '3:96.14%', '4:96.13%', '5:95.85%', '6:97.39%', '7:94.75%', '8:95.17%', '9:94.75%']
Aggregation to central server completed at central server round 250, loss : 0.12, accuracy: 96.37%, staleness : 4
Accuracy per label after aggregation : ['0:98.78%', '1:98.06%', '2:95.93%', '3:96.04%', '4:96.33%', '5:95.85%', '6:97.49%', '7:94.94%', '8:95.28%', '9:94.85%']

-----------------------------------------------------

Central server round 33 started
Model sent from central server with 100msec communication time, with loss :0.12, accuracy : 96.37%
Accuracy per label : ['0:98.78%', '1:98.06%', '2:95.93%', '3:96.04%', '4:96.33%', '5:95.85%', '6:97.49%', '7:94.94%', '8:95.28%', '9:94.85%']
The model is from round 27 from central server, staleness is 5

Cluster round 1 completed, aggregated models from all the clients, time past : 1200msec, loss : 0.12, accuracy 96.50%
Accuracy per label : ['0:98.98%', '1:98.33%', '2:96.71%', '3:95.64%', '4:96.74%', '5:95.63%', '6:97.91%', '7:95.43%', '8:94.05%', '9:95.34%']

Cluster round 2 completed, aggregated models from all the clients, time past : 2300msec, loss : 0.11, accuracy 96.67%
Accuracy per label : ['0:98.88%', '1:98.33%', '2:97.00%', '3:95.74%', '4:96.95%', '5:96.19%', '6:98.12%', '7:95.82%', '8:93.94%', '9:95.54%']

Cluster round 3 completed, aggregated models from all the clients, time past : 3400msec, loss : 0.11, accuracy 96.92%
Accuracy per label : ['0:98.88%', '1:98.59%', '2:97.38%', '3:96.14%', '4:97.15%', '5:96.41%', '6:98.23%', '7:96.21%', '8:94.15%', '9:95.84%']

Cluster round 4 completed, aggregated models from all the clients, time past : 4500msec, loss : 0.10, accuracy 97.02%
Accuracy per label : ['0:98.88%', '1:98.59%', '2:97.48%', '3:96.44%', '4:97.25%', '5:96.52%', '6:98.33%', '7:96.40%', '8:94.05%', '9:96.04%']

Cluster round 5 completed, aggregated models from all the clients, time past : 5600msec, loss : 0.10, accuracy 97.11%
Accuracy per label : ['0:98.88%', '1:98.68%', '2:97.58%', '3:96.44%', '4:97.35%', '5:96.64%', '6:98.43%', '7:96.50%', '8:94.15%', '9:96.23%']

Before aggregation, loss : 0.10, accuracy : 97.10%
Before aggregation, accuracy per label : ['0:98.78%', '1:98.50%', '2:96.71%', '3:97.43%', '4:97.35%', '5:96.41%', '6:97.91%', '7:95.53%', '8:96.61%', '9:95.64%']
Aggregation to central server completed at central server round 250, loss : 0.10, accuracy: 97.11%, staleness : 5
Accuracy per label after aggregation : ['0:98.78%', '1:98.59%', '2:97.00%', '3:97.33%', '4:97.25%', '5:96.30%', '6:97.91%', '7:95.53%', '8:96.51%', '9:95.74%']

-----------------------------------------------------

Central server round 39 started
Model sent from central server with 100msec communication time, with loss :0.10, accuracy : 97.11%
Accuracy per label : ['0:98.78%', '1:98.59%', '2:97.00%', '3:97.33%', '4:97.25%', '5:96.30%', '6:97.91%', '7:95.53%', '8:96.51%', '9:95.74%']
The model is from round 33 from central server, staleness is 5

Cluster round 1 completed, aggregated models from all the clients, time past : 1200msec, loss : 0.10, accuracy 97.20%
Accuracy per label : ['0:98.88%', '1:98.94%', '2:97.38%', '3:96.24%', '4:97.66%', '5:96.86%', '6:98.54%', '7:96.60%', '8:94.35%', '9:96.33%']

Cluster round 2 completed, aggregated models from all the clients, time past : 2300msec, loss : 0.09, accuracy 97.24%
Accuracy per label : ['0:98.88%', '1:98.94%', '2:97.67%', '3:96.53%', '4:97.56%', '5:96.86%', '6:98.43%', '7:96.60%', '8:94.35%', '9:96.33%']

Cluster round 3 completed, aggregated models from all the clients, time past : 3400msec, loss : 0.09, accuracy 97.29%
Accuracy per label : ['0:98.88%', '1:98.94%', '2:97.58%', '3:96.53%', '4:97.66%', '5:96.86%', '6:98.43%', '7:96.69%', '8:94.76%', '9:96.33%']

Cluster round 4 completed, aggregated models from all the clients, time past : 4500msec, loss : 0.09, accuracy 97.31%
Accuracy per label : ['0:98.88%', '1:99.12%', '2:97.58%', '3:96.53%', '4:97.45%', '5:96.86%', '6:98.43%', '7:96.69%', '8:94.87%', '9:96.43%']

Cluster round 5 completed, aggregated models from all the clients, time past : 5600msec, loss : 0.09, accuracy 97.35%
Accuracy per label : ['0:98.88%', '1:99.12%', '2:97.67%', '3:96.63%', '4:97.45%', '5:96.86%', '6:98.54%', '7:96.60%', '8:94.97%', '9:96.53%']

Before aggregation, loss : 0.09, accuracy : 97.29%
Before aggregation, accuracy per label : ['0:98.88%', '1:98.77%', '2:97.09%', '3:97.82%', '4:97.56%', '5:96.64%', '6:97.91%', '7:95.62%', '8:96.61%', '9:95.84%']
Aggregation to central server completed at central server round 250, loss : 0.09, accuracy: 97.29%, staleness : 5
Accuracy per label after aggregation : ['0:99.08%', '1:98.77%', '2:97.00%', '3:97.72%', '4:97.56%', '5:96.64%', '6:97.91%', '7:95.72%', '8:96.51%', '9:95.84%']

-----------------------------------------------------

Central server round 45 started
Model sent from central server with 100msec communication time, with loss :0.09, accuracy : 97.29%
Accuracy per label : ['0:99.08%', '1:98.77%', '2:97.00%', '3:97.72%', '4:97.56%', '5:96.64%', '6:97.91%', '7:95.72%', '8:96.51%', '9:95.84%']
The model is from round 39 from central server, staleness is 5

Cluster round 1 completed, aggregated models from all the clients, time past : 1200msec, loss : 0.09, accuracy 97.34%
Accuracy per label : ['0:98.88%', '1:99.03%', '2:97.19%', '3:96.53%', '4:97.66%', '5:96.97%', '6:98.43%', '7:96.98%', '8:95.07%', '9:96.43%']

Cluster round 2 completed, aggregated models from all the clients, time past : 2300msec, loss : 0.09, accuracy 97.37%
Accuracy per label : ['0:98.88%', '1:99.12%', '2:97.38%', '3:96.44%', '4:97.76%', '5:97.09%', '6:98.43%', '7:96.98%', '8:94.97%', '9:96.43%']

Cluster round 3 completed, aggregated models from all the clients, time past : 3400msec, loss : 0.09, accuracy 97.38%
Accuracy per label : ['0:98.88%', '1:99.12%', '2:97.48%', '3:96.44%', '4:97.66%', '5:97.09%', '6:98.43%', '7:96.98%', '8:94.97%', '9:96.53%']

Cluster round 4 completed, aggregated models from all the clients, time past : 4500msec, loss : 0.08, accuracy 97.44%
Accuracy per label : ['0:98.88%', '1:99.12%', '2:97.58%', '3:96.53%', '4:97.76%', '5:96.97%', '6:98.64%', '7:96.89%', '8:95.28%', '9:96.53%']

Cluster round 5 completed, aggregated models from all the clients, time past : 5600msec, loss : 0.08, accuracy 97.44%
Accuracy per label : ['0:98.88%', '1:99.12%', '2:97.58%', '3:96.63%', '4:97.56%', '5:96.97%', '6:98.64%', '7:96.98%', '8:95.07%', '9:96.73%']

Before aggregation, loss : 0.08, accuracy : 97.51%
Before aggregation, accuracy per label : ['0:99.08%', '1:98.77%', '2:97.19%', '3:97.92%', '4:97.76%', '5:97.09%', '6:98.02%', '7:95.91%', '8:96.82%', '9:96.43%']
Aggregation to central server completed at central server round 250, loss : 0.08, accuracy: 97.50%, staleness : 5
Accuracy per label after aggregation : ['0:99.08%', '1:98.77%', '2:97.48%', '3:97.92%', '4:97.76%', '5:96.97%', '6:98.02%', '7:95.91%', '8:96.71%', '9:96.23%']

-----------------------------------------------------

Central server round 52 started
Model sent from central server with 100msec communication time, with loss :0.08, accuracy : 97.50%
Accuracy per label : ['0:99.08%', '1:98.77%', '2:97.48%', '3:97.92%', '4:97.76%', '5:96.97%', '6:98.02%', '7:95.91%', '8:96.71%', '9:96.23%']
The model is from round 45 from central server, staleness is 6

Cluster round 1 completed, aggregated models from all the clients, time past : 1200msec, loss : 0.08, accuracy 97.48%
Accuracy per label : ['0:98.88%', '1:99.12%', '2:97.29%', '3:96.53%', '4:97.96%', '5:97.20%', '6:98.43%', '7:97.08%', '8:95.69%', '9:96.43%']

Cluster round 2 completed, aggregated models from all the clients, time past : 2300msec, loss : 0.08, accuracy 97.53%
Accuracy per label : ['0:98.88%', '1:99.12%', '2:97.48%', '3:96.73%', '4:97.86%', '5:97.20%', '6:98.54%', '7:97.18%', '8:95.48%', '9:96.63%']

Cluster round 3 completed, aggregated models from all the clients, time past : 3400msec, loss : 0.08, accuracy 97.54%
Accuracy per label : ['0:98.88%', '1:99.12%', '2:97.58%', '3:96.73%', '4:97.86%', '5:97.09%', '6:98.64%', '7:97.18%', '8:95.38%', '9:96.73%']

Cluster round 4 completed, aggregated models from all the clients, time past : 4500msec, loss : 0.08, accuracy 97.58%
Accuracy per label : ['0:98.88%', '1:99.12%', '2:97.58%', '3:96.93%', '4:97.96%', '5:97.09%', '6:98.75%', '7:97.08%', '8:95.28%', '9:96.93%']

Cluster round 5 completed, aggregated models from all the clients, time past : 5600msec, loss : 0.08, accuracy 97.59%
Accuracy per label : ['0:98.78%', '1:99.21%', '2:97.58%', '3:97.03%', '4:98.07%', '5:96.97%', '6:98.75%', '7:97.37%', '8:94.87%', '9:97.03%']

Before aggregation, loss : 0.07, accuracy : 97.74%
Before aggregation, accuracy per label : ['0:99.18%', '1:98.77%', '2:97.48%', '3:98.22%', '4:97.96%', '5:97.31%', '6:98.02%', '7:96.21%', '8:97.33%', '9:96.83%']
Aggregation to central server completed at central server round 250, loss : 0.07, accuracy: 97.73%, staleness : 6
Accuracy per label after aggregation : ['0:99.18%', '1:98.77%', '2:97.58%', '3:97.92%', '4:97.96%', '5:97.31%', '6:98.02%', '7:96.30%', '8:97.33%', '9:96.83%']

-----------------------------------------------------

Central server round 57 started
Model sent from central server with 100msec communication time, with loss :0.07, accuracy : 97.73%
Accuracy per label : ['0:99.18%', '1:98.77%', '2:97.58%', '3:97.92%', '4:97.96%', '5:97.31%', '6:98.02%', '7:96.30%', '8:97.33%', '9:96.83%']
The model is from round 52 from central server, staleness is 4

Cluster round 1 completed, aggregated models from all the clients, time past : 1200msec, loss : 0.07, accuracy 97.70%
Accuracy per label : ['0:98.88%', '1:99.30%', '2:97.38%', '3:97.23%', '4:98.27%', '5:96.97%', '6:98.54%', '7:97.37%', '8:95.79%', '9:97.03%']

Cluster round 2 completed, aggregated models from all the clients, time past : 2300msec, loss : 0.07, accuracy 97.71%
Accuracy per label : ['0:98.88%', '1:99.30%', '2:97.38%', '3:97.33%', '4:98.27%', '5:96.97%', '6:98.64%', '7:97.28%', '8:95.79%', '9:97.03%']

Cluster round 3 completed, aggregated models from all the clients, time past : 3400msec, loss : 0.07, accuracy 97.69%
Accuracy per label : ['0:98.88%', '1:99.21%', '2:97.58%', '3:97.33%', '4:98.27%', '5:96.75%', '6:98.75%', '7:97.08%', '8:95.79%', '9:97.03%']

Cluster round 4 completed, aggregated models from all the clients, time past : 4500msec, loss : 0.07, accuracy 97.69%
Accuracy per label : ['0:98.67%', '1:99.21%', '2:97.67%', '3:97.33%', '4:98.27%', '5:96.75%', '6:98.75%', '7:97.28%', '8:95.69%', '9:97.03%']

Cluster round 5 completed, aggregated models from all the clients, time past : 5600msec, loss : 0.07, accuracy 97.73%
Accuracy per label : ['0:98.78%', '1:99.21%', '2:97.87%', '3:97.33%', '4:98.37%', '5:96.97%', '6:98.75%', '7:97.28%', '8:95.69%', '9:96.83%']

Before aggregation, loss : 0.07, accuracy : 97.81%
Before aggregation, accuracy per label : ['0:99.08%', '1:98.77%', '2:97.48%', '3:98.22%', '4:98.07%', '5:97.42%', '6:98.02%', '7:96.50%', '8:97.64%', '9:96.83%']
Aggregation to central server completed at central server round 250, loss : 0.07, accuracy: 97.87%, staleness : 4
Accuracy per label after aggregation : ['0:99.08%', '1:98.85%', '2:97.58%', '3:98.32%', '4:98.27%', '5:97.42%', '6:98.23%', '7:96.50%', '8:97.43%', '9:96.93%']

-----------------------------------------------------

Central server round 63 started
Model sent from central server with 100msec communication time, with loss :0.07, accuracy : 97.87%
Accuracy per label : ['0:99.08%', '1:98.85%', '2:97.58%', '3:98.32%', '4:98.27%', '5:97.42%', '6:98.23%', '7:96.50%', '8:97.43%', '9:96.93%']
The model is from round 57 from central server, staleness is 5

Cluster round 1 completed, aggregated models from all the clients, time past : 1200msec, loss : 0.07, accuracy 97.79%
Accuracy per label : ['0:98.78%', '1:99.30%', '2:97.48%', '3:97.23%', '4:98.37%', '5:97.20%', '6:98.64%', '7:97.57%', '8:96.00%', '9:97.13%']

Cluster round 2 completed, aggregated models from all the clients, time past : 2300msec, loss : 0.07, accuracy 97.79%
Accuracy per label : ['0:98.78%', '1:99.30%', '2:97.58%', '3:97.33%', '4:98.37%', '5:96.97%', '6:98.75%', '7:97.57%', '8:95.89%', '9:97.13%']

Cluster round 3 completed, aggregated models from all the clients, time past : 3400msec, loss : 0.07, accuracy 97.77%
Accuracy per label : ['0:98.67%', '1:99.21%', '2:97.77%', '3:97.33%', '4:98.37%', '5:96.97%', '6:98.75%', '7:97.37%', '8:95.89%', '9:97.13%']

Cluster round 4 completed, aggregated models from all the clients, time past : 4500msec, loss : 0.07, accuracy 97.81%
Accuracy per label : ['0:98.78%', '1:99.21%', '2:97.87%', '3:97.43%', '4:98.47%', '5:96.97%', '6:98.75%', '7:97.47%', '8:95.79%', '9:97.13%']

Cluster round 5 completed, aggregated models from all the clients, time past : 5600msec, loss : 0.07, accuracy 97.82%
Accuracy per label : ['0:98.88%', '1:99.21%', '2:97.87%', '3:97.43%', '4:98.47%', '5:96.97%', '6:98.75%', '7:97.57%', '8:95.79%', '9:97.03%']

Before aggregation, loss : 0.07, accuracy : 97.94%
Before aggregation, accuracy per label : ['0:99.08%', '1:98.85%', '2:97.58%', '3:98.32%', '4:98.27%', '5:97.65%', '6:98.23%', '7:96.50%', '8:97.84%', '9:97.03%']
Aggregation to central server completed at central server round 250, loss : 0.07, accuracy: 97.92%, staleness : 5
Accuracy per label after aggregation : ['0:99.08%', '1:98.85%', '2:97.58%', '3:98.32%', '4:98.27%', '5:97.53%', '6:98.23%', '7:96.69%', '8:97.64%', '9:96.93%']

-----------------------------------------------------

Central server round 69 started
Model sent from central server with 100msec communication time, with loss :0.07, accuracy : 97.92%
Accuracy per label : ['0:99.08%', '1:98.85%', '2:97.58%', '3:98.32%', '4:98.27%', '5:97.53%', '6:98.23%', '7:96.69%', '8:97.64%', '9:96.93%']
The model is from round 63 from central server, staleness is 5

Cluster round 1 completed, aggregated models from all the clients, time past : 1200msec, loss : 0.07, accuracy 97.85%
Accuracy per label : ['0:98.67%', '1:99.30%', '2:97.67%', '3:97.52%', '4:98.57%', '5:97.09%', '6:98.75%', '7:97.67%', '8:96.00%', '9:97.03%']

Cluster round 2 completed, aggregated models from all the clients, time past : 2300msec, loss : 0.07, accuracy 97.89%
Accuracy per label : ['0:98.88%', '1:99.30%', '2:97.87%', '3:97.52%', '4:98.57%', '5:96.97%', '6:98.75%', '7:97.67%', '8:96.00%', '9:97.13%']

Cluster round 3 completed, aggregated models from all the clients, time past : 3400msec, loss : 0.07, accuracy 97.85%
Accuracy per label : ['0:98.88%', '1:99.21%', '2:97.87%', '3:97.52%', '4:98.57%', '5:96.97%', '6:98.75%', '7:97.47%', '8:95.89%', '9:97.13%']

Cluster round 4 completed, aggregated models from all the clients, time past : 4500msec, loss : 0.07, accuracy 97.89%
Accuracy per label : ['0:98.88%', '1:99.21%', '2:98.06%', '3:97.62%', '4:98.57%', '5:96.97%', '6:98.75%', '7:97.57%', '8:95.79%', '9:97.22%']

Cluster round 5 completed, aggregated models from all the clients, time past : 5600msec, loss : 0.07, accuracy 97.91%
Accuracy per label : ['0:98.88%', '1:99.21%', '2:98.06%', '3:97.72%', '4:98.57%', '5:97.09%', '6:98.64%', '7:97.76%', '8:95.89%', '9:97.03%']

Before aggregation, loss : 0.06, accuracy : 97.99%
Before aggregation, accuracy per label : ['0:99.08%', '1:98.77%', '2:97.67%', '3:98.51%', '4:98.47%', '5:97.65%', '6:98.12%', '7:96.79%', '8:97.74%', '9:97.03%']
Aggregation to central server completed at central server round 250, loss : 0.06, accuracy: 98.03%, staleness : 5
Accuracy per label after aggregation : ['0:99.08%', '1:98.85%', '2:97.67%', '3:98.51%', '4:98.47%', '5:97.65%', '6:98.23%', '7:96.98%', '8:97.64%', '9:97.13%']

-----------------------------------------------------

Central server round 75 started
Model sent from central server with 100msec communication time, with loss :0.06, accuracy : 98.03%
Accuracy per label : ['0:99.08%', '1:98.85%', '2:97.67%', '3:98.51%', '4:98.47%', '5:97.65%', '6:98.23%', '7:96.98%', '8:97.64%', '9:97.13%']
The model is from round 69 from central server, staleness is 5

Cluster round 1 completed, aggregated models from all the clients, time past : 1200msec, loss : 0.06, accuracy 97.96%
Accuracy per label : ['0:98.88%', '1:99.30%', '2:97.87%', '3:97.72%', '4:98.57%', '5:97.20%', '6:98.85%', '7:97.86%', '8:96.00%', '9:97.13%']

Cluster round 2 completed, aggregated models from all the clients, time past : 2300msec, loss : 0.06, accuracy 97.95%
Accuracy per label : ['0:98.98%', '1:99.21%', '2:98.16%', '3:97.72%', '4:98.68%', '5:97.09%', '6:98.75%', '7:97.57%', '8:96.00%', '9:97.13%']

Cluster round 3 completed, aggregated models from all the clients, time past : 3400msec, loss : 0.06, accuracy 97.95%
Accuracy per label : ['0:98.88%', '1:99.21%', '2:98.26%', '3:97.62%', '4:98.68%', '5:97.20%', '6:98.75%', '7:97.57%', '8:95.79%', '9:97.32%']

Cluster round 4 completed, aggregated models from all the clients, time past : 4500msec, loss : 0.06, accuracy 97.99%
Accuracy per label : ['0:98.88%', '1:99.21%', '2:98.26%', '3:97.82%', '4:98.68%', '5:97.31%', '6:98.64%', '7:97.76%', '8:95.89%', '9:97.22%']

Cluster round 5 completed, aggregated models from all the clients, time past : 5600msec, loss : 0.06, accuracy 98.00%
Accuracy per label : ['0:98.78%', '1:99.21%', '2:98.35%', '3:97.82%', '4:98.78%', '5:97.31%', '6:98.64%', '7:97.86%', '8:95.89%', '9:97.13%']

Before aggregation, loss : 0.06, accuracy : 98.00%
Before aggregation, accuracy per label : ['0:99.08%', '1:98.77%', '2:97.67%', '3:98.42%', '4:98.47%', '5:97.65%', '6:98.12%', '7:96.89%', '8:97.84%', '9:97.03%']
Aggregation to central server completed at central server round 250, loss : 0.06, accuracy: 98.08%, staleness : 5
Accuracy per label after aggregation : ['0:99.08%', '1:98.77%', '2:97.67%', '3:98.42%', '4:98.57%', '5:97.65%', '6:98.33%', '7:97.37%', '8:97.64%', '9:97.22%']

-----------------------------------------------------

Central server round 82 started
Model sent from central server with 100msec communication time, with loss :0.06, accuracy : 98.08%
Accuracy per label : ['0:99.08%', '1:98.77%', '2:97.67%', '3:98.42%', '4:98.57%', '5:97.65%', '6:98.33%', '7:97.37%', '8:97.64%', '9:97.22%']
The model is from round 75 from central server, staleness is 6

Cluster round 1 completed, aggregated models from all the clients, time past : 1200msec, loss : 0.06, accuracy 98.00%
Accuracy per label : ['0:98.98%', '1:99.30%', '2:98.06%', '3:97.72%', '4:98.88%', '5:97.09%', '6:98.85%', '7:97.76%', '8:96.10%', '9:97.03%']

Cluster round 2 completed, aggregated models from all the clients, time past : 2300msec, loss : 0.06, accuracy 98.05%
Accuracy per label : ['0:98.98%', '1:99.30%', '2:98.26%', '3:97.82%', '4:98.78%', '5:97.42%', '6:98.75%', '7:97.67%', '8:96.00%', '9:97.32%']

Cluster round 3 completed, aggregated models from all the clients, time past : 3400msec, loss : 0.06, accuracy 98.00%
Accuracy per label : ['0:98.98%', '1:99.21%', '2:98.35%', '3:97.92%', '4:98.78%', '5:97.20%', '6:98.64%', '7:97.67%', '8:95.79%', '9:97.22%']

Cluster round 4 completed, aggregated models from all the clients, time past : 4500msec, loss : 0.06, accuracy 98.01%
Accuracy per label : ['0:98.98%', '1:99.21%', '2:98.35%', '3:98.02%', '4:98.78%', '5:97.09%', '6:98.64%', '7:97.76%', '8:95.89%', '9:97.13%']

Cluster round 5 completed, aggregated models from all the clients, time past : 5600msec, loss : 0.06, accuracy 98.02%
Accuracy per label : ['0:98.88%', '1:99.21%', '2:98.45%', '3:98.02%', '4:98.78%', '5:96.97%', '6:98.64%', '7:97.96%', '8:95.89%', '9:97.13%']

Before aggregation, loss : 0.06, accuracy : 98.14%
Before aggregation, accuracy per label : ['0:99.18%', '1:98.94%', '2:97.67%', '3:98.42%', '4:98.78%', '5:97.87%', '6:98.23%', '7:97.28%', '8:97.84%', '9:97.13%']
Aggregation to central server completed at central server round 250, loss : 0.06, accuracy: 98.16%, staleness : 6
Accuracy per label after aggregation : ['0:99.18%', '1:98.85%', '2:97.77%', '3:98.42%', '4:98.68%', '5:97.87%', '6:98.33%', '7:97.37%', '8:97.74%', '9:97.32%']

-----------------------------------------------------

Central server round 86 started
Model sent from central server with 100msec communication time, with loss :0.06, accuracy : 98.16%
Accuracy per label : ['0:99.18%', '1:98.85%', '2:97.77%', '3:98.42%', '4:98.68%', '5:97.87%', '6:98.33%', '7:97.37%', '8:97.74%', '9:97.32%']
The model is from round 82 from central server, staleness is 3

Cluster round 1 completed, aggregated models from all the clients, time past : 1200msec, loss : 0.06, accuracy 98.10%
Accuracy per label : ['0:98.98%', '1:99.30%', '2:98.26%', '3:97.72%', '4:98.88%', '5:97.53%', '6:98.85%', '7:97.67%', '8:96.20%', '9:97.42%']

Cluster round 2 completed, aggregated models from all the clients, time past : 2300msec, loss : 0.06, accuracy 98.05%
Accuracy per label : ['0:98.98%', '1:99.30%', '2:98.26%', '3:97.92%', '4:98.88%', '5:97.31%', '6:98.75%', '7:97.67%', '8:95.89%', '9:97.32%']

Cluster round 3 completed, aggregated models from all the clients, time past : 3400msec, loss : 0.06, accuracy 98.03%
Accuracy per label : ['0:98.98%', '1:99.21%', '2:98.26%', '3:97.82%', '4:98.88%', '5:97.31%', '6:98.75%', '7:97.67%', '8:96.00%', '9:97.22%']

Cluster round 4 completed, aggregated models from all the clients, time past : 4500msec, loss : 0.06, accuracy 98.08%
Accuracy per label : ['0:98.88%', '1:99.21%', '2:98.45%', '3:97.92%', '4:98.88%', '5:97.31%', '6:98.75%', '7:97.86%', '8:96.10%', '9:97.22%']

Cluster round 5 completed, aggregated models from all the clients, time past : 5600msec, loss : 0.06, accuracy 98.08%
Accuracy per label : ['0:98.88%', '1:99.21%', '2:98.45%', '3:97.92%', '4:98.88%', '5:97.20%', '6:98.75%', '7:98.15%', '8:95.89%', '9:97.22%']

Before aggregation, loss : 0.06, accuracy : 98.16%
Before aggregation, accuracy per label : ['0:98.78%', '1:98.94%', '2:97.67%', '3:98.51%', '4:98.78%', '5:97.98%', '6:98.33%', '7:97.47%', '8:97.95%', '9:97.13%']
Aggregation to central server completed at central server round 250, loss : 0.06, accuracy: 98.18%, staleness : 3
Accuracy per label after aggregation : ['0:98.98%', '1:99.12%', '2:97.67%', '3:98.42%', '4:98.78%', '5:97.76%', '6:98.43%', '7:97.47%', '8:97.74%', '9:97.32%']

-----------------------------------------------------

Central server round 92 started
Model sent from central server with 100msec communication time, with loss :0.06, accuracy : 98.18%
Accuracy per label : ['0:98.98%', '1:99.12%', '2:97.67%', '3:98.42%', '4:98.78%', '5:97.76%', '6:98.43%', '7:97.47%', '8:97.74%', '9:97.32%']
The model is from round 86 from central server, staleness is 5

Cluster round 1 completed, aggregated models from all the clients, time past : 1200msec, loss : 0.06, accuracy 98.17%
Accuracy per label : ['0:98.98%', '1:99.21%', '2:98.26%', '3:98.02%', '4:98.98%', '5:97.53%', '6:98.85%', '7:98.05%', '8:96.20%', '9:97.42%']

Cluster round 2 completed, aggregated models from all the clients, time past : 2300msec, loss : 0.06, accuracy 98.11%
Accuracy per label : ['0:98.98%', '1:99.21%', '2:98.26%', '3:98.02%', '4:98.88%', '5:97.42%', '6:98.85%', '7:97.86%', '8:96.10%', '9:97.32%']

Cluster round 3 completed, aggregated models from all the clients, time past : 3400msec, loss : 0.06, accuracy 98.08%
Accuracy per label : ['0:98.98%', '1:99.12%', '2:98.35%', '3:97.82%', '4:98.98%', '5:97.31%', '6:98.75%', '7:98.05%', '8:96.00%', '9:97.22%']

Cluster round 4 completed, aggregated models from all the clients, time past : 4500msec, loss : 0.06, accuracy 98.07%
Accuracy per label : ['0:98.88%', '1:99.12%', '2:98.35%', '3:97.82%', '4:98.98%', '5:97.31%', '6:98.75%', '7:98.05%', '8:96.10%', '9:97.13%']

Cluster round 5 completed, aggregated models from all the clients, time past : 5600msec, loss : 0.06, accuracy 98.10%
Accuracy per label : ['0:98.88%', '1:99.12%', '2:98.45%', '3:97.92%', '4:99.08%', '5:97.31%', '6:98.75%', '7:98.05%', '8:96.10%', '9:97.13%']

Before aggregation, loss : 0.06, accuracy : 98.21%
Before aggregation, accuracy per label : ['0:98.98%', '1:98.94%', '2:97.67%', '3:98.51%', '4:98.78%', '5:98.09%', '6:98.33%', '7:97.57%', '8:97.84%', '9:97.32%']
Aggregation to central server completed at central server round 250, loss : 0.05, accuracy: 98.26%, staleness : 5
Accuracy per label after aggregation : ['0:98.98%', '1:99.12%', '2:97.77%', '3:98.51%', '4:98.78%', '5:98.09%', '6:98.43%', '7:97.57%', '8:97.84%', '9:97.42%']

-----------------------------------------------------

Central server round 99 started
Model sent from central server with 100msec communication time, with loss :0.05, accuracy : 98.26%
Accuracy per label : ['0:98.98%', '1:99.12%', '2:97.77%', '3:98.51%', '4:98.78%', '5:98.09%', '6:98.43%', '7:97.57%', '8:97.84%', '9:97.42%']
The model is from round 92 from central server, staleness is 6

Cluster round 1 completed, aggregated models from all the clients, time past : 1200msec, loss : 0.06, accuracy 98.22%
Accuracy per label : ['0:98.98%', '1:99.21%', '2:98.26%', '3:98.02%', '4:98.98%', '5:97.76%', '6:98.96%', '7:98.15%', '8:96.41%', '9:97.32%']

Cluster round 2 completed, aggregated models from all the clients, time past : 2300msec, loss : 0.06, accuracy 98.15%
Accuracy per label : ['0:98.88%', '1:99.21%', '2:98.26%', '3:97.92%', '4:98.98%', '5:97.53%', '6:98.96%', '7:98.05%', '8:96.20%', '9:97.32%']

Cluster round 3 completed, aggregated models from all the clients, time past : 3400msec, loss : 0.06, accuracy 98.11%
Accuracy per label : ['0:98.98%', '1:99.12%', '2:98.35%', '3:97.82%', '4:99.08%', '5:97.42%', '6:98.75%', '7:98.05%', '8:96.10%', '9:97.22%']

Cluster round 4 completed, aggregated models from all the clients, time past : 4500msec, loss : 0.06, accuracy 98.10%
Accuracy per label : ['0:98.88%', '1:99.12%', '2:98.35%', '3:97.92%', '4:99.08%', '5:97.31%', '6:98.75%', '7:98.05%', '8:96.10%', '9:97.22%']

Cluster round 5 completed, aggregated models from all the clients, time past : 5600msec, loss : 0.06, accuracy 98.08%
Accuracy per label : ['0:98.78%', '1:99.12%', '2:98.45%', '3:97.92%', '4:99.08%', '5:97.31%', '6:98.75%', '7:98.05%', '8:96.10%', '9:97.03%']

Before aggregation, loss : 0.05, accuracy : 98.30%
Before aggregation, accuracy per label : ['0:99.08%', '1:99.21%', '2:97.87%', '3:98.71%', '4:98.78%', '5:98.09%', '6:98.23%', '7:97.67%', '8:97.95%', '9:97.32%']
Aggregation to central server completed at central server round 250, loss : 0.05, accuracy: 98.30%, staleness : 6
Accuracy per label after aggregation : ['0:99.08%', '1:99.21%', '2:97.87%', '3:98.61%', '4:98.78%', '5:98.09%', '6:98.23%', '7:97.67%', '8:97.95%', '9:97.42%']

-----------------------------------------------------

Central server round 105 started
Model sent from central server with 100msec communication time, with loss :0.05, accuracy : 98.30%
Accuracy per label : ['0:99.08%', '1:99.21%', '2:97.87%', '3:98.61%', '4:98.78%', '5:98.09%', '6:98.23%', '7:97.67%', '8:97.95%', '9:97.42%']
The model is from round 99 from central server, staleness is 5

Cluster round 1 completed, aggregated models from all the clients, time past : 1200msec, loss : 0.05, accuracy 98.22%
Accuracy per label : ['0:98.88%', '1:99.21%', '2:98.35%', '3:97.72%', '4:99.08%', '5:97.76%', '6:98.96%', '7:98.35%', '8:96.30%', '9:97.42%']

Cluster round 2 completed, aggregated models from all the clients, time past : 2300msec, loss : 0.06, accuracy 98.20%
Accuracy per label : ['0:98.98%', '1:99.21%', '2:98.35%', '3:98.02%', '4:99.08%', '5:97.53%', '6:98.96%', '7:98.15%', '8:96.20%', '9:97.32%']

Cluster round 3 completed, aggregated models from all the clients, time past : 3400msec, loss : 0.06, accuracy 98.14%
Accuracy per label : ['0:98.88%', '1:99.21%', '2:98.45%', '3:97.92%', '4:98.98%', '5:97.42%', '6:98.75%', '7:98.15%', '8:96.20%', '9:97.22%']

Cluster round 4 completed, aggregated models from all the clients, time past : 4500msec, loss : 0.06, accuracy 98.13%
Accuracy per label : ['0:98.78%', '1:99.21%', '2:98.45%', '3:98.02%', '4:98.98%', '5:97.42%', '6:98.75%', '7:98.15%', '8:96.10%', '9:97.22%']

Cluster round 5 completed, aggregated models from all the clients, time past : 5600msec, loss : 0.06, accuracy 98.15%
Accuracy per label : ['0:98.78%', '1:99.21%', '2:98.55%', '3:98.12%', '4:99.08%', '5:97.53%', '6:98.75%', '7:98.15%', '8:96.10%', '9:97.03%']

Before aggregation, loss : 0.05, accuracy : 98.30%
Before aggregation, accuracy per label : ['0:98.98%', '1:99.12%', '2:97.77%', '3:98.71%', '4:98.98%', '5:98.09%', '6:98.33%', '7:97.67%', '8:98.15%', '9:97.13%']
Aggregation to central server completed at central server round 250, loss : 0.05, accuracy: 98.34%, staleness : 5
Accuracy per label after aggregation : ['0:98.98%', '1:99.21%', '2:97.77%', '3:98.51%', '4:98.98%', '5:98.09%', '6:98.64%', '7:97.76%', '8:98.05%', '9:97.32%']

-----------------------------------------------------

Central server round 111 started
Model sent from central server with 100msec communication time, with loss :0.05, accuracy : 98.34%
Accuracy per label : ['0:98.98%', '1:99.21%', '2:97.77%', '3:98.51%', '4:98.98%', '5:98.09%', '6:98.64%', '7:97.76%', '8:98.05%', '9:97.32%']
The model is from round 105 from central server, staleness is 5

Cluster round 1 completed, aggregated models from all the clients, time past : 1200msec, loss : 0.05, accuracy 98.28%
Accuracy per label : ['0:98.98%', '1:99.30%', '2:98.26%', '3:97.92%', '4:99.08%', '5:97.76%', '6:99.06%', '7:98.35%', '8:96.61%', '9:97.32%']

Cluster round 2 completed, aggregated models from all the clients, time past : 2300msec, loss : 0.05, accuracy 98.21%
Accuracy per label : ['0:98.88%', '1:99.21%', '2:98.35%', '3:98.02%', '4:98.98%', '5:97.65%', '6:98.96%', '7:98.25%', '8:96.41%', '9:97.22%']

Cluster round 3 completed, aggregated models from all the clients, time past : 3400msec, loss : 0.05, accuracy 98.19%
Accuracy per label : ['0:98.88%', '1:99.30%', '2:98.45%', '3:98.22%', '4:98.98%', '5:97.53%', '6:98.85%', '7:98.25%', '8:96.10%', '9:97.13%']

Cluster round 4 completed, aggregated models from all the clients, time past : 4500msec, loss : 0.05, accuracy 98.16%
Accuracy per label : ['0:98.78%', '1:99.30%', '2:98.45%', '3:98.22%', '4:98.98%', '5:97.53%', '6:98.64%', '7:98.15%', '8:96.20%', '9:97.13%']

Cluster round 5 completed, aggregated models from all the clients, time past : 5600msec, loss : 0.05, accuracy 98.16%
Accuracy per label : ['0:98.78%', '1:99.30%', '2:98.55%', '3:98.22%', '4:98.98%', '5:97.53%', '6:98.64%', '7:98.05%', '8:96.20%', '9:97.13%']

Before aggregation, loss : 0.05, accuracy : 98.35%
Before aggregation, accuracy per label : ['0:98.98%', '1:99.12%', '2:97.87%', '3:98.71%', '4:98.98%', '5:98.09%', '6:98.54%', '7:97.76%', '8:98.25%', '9:97.13%']
Aggregation to central server completed at central server round 250, loss : 0.05, accuracy: 98.39%, staleness : 5
Accuracy per label after aggregation : ['0:98.98%', '1:99.21%', '2:97.87%', '3:98.71%', '4:98.98%', '5:98.09%', '6:98.64%', '7:97.96%', '8:98.05%', '9:97.32%']

-----------------------------------------------------

Central server round 117 started
Model sent from central server with 100msec communication time, with loss :0.05, accuracy : 98.39%
Accuracy per label : ['0:98.98%', '1:99.21%', '2:97.87%', '3:98.71%', '4:98.98%', '5:98.09%', '6:98.64%', '7:97.96%', '8:98.05%', '9:97.32%']
The model is from round 111 from central server, staleness is 5

Cluster round 1 completed, aggregated models from all the clients, time past : 1200msec, loss : 0.05, accuracy 98.33%
Accuracy per label : ['0:98.78%', '1:99.38%', '2:98.35%', '3:98.12%', '4:99.19%', '5:97.87%', '6:98.96%', '7:98.44%', '8:96.82%', '9:97.22%']

Cluster round 2 completed, aggregated models from all the clients, time past : 2300msec, loss : 0.05, accuracy 98.24%
Accuracy per label : ['0:98.78%', '1:99.47%', '2:98.35%', '3:98.22%', '4:99.08%', '5:97.65%', '6:98.96%', '7:98.35%', '8:96.20%', '9:97.13%']

Cluster round 3 completed, aggregated models from all the clients, time past : 3400msec, loss : 0.05, accuracy 98.20%
Accuracy per label : ['0:98.67%', '1:99.47%', '2:98.45%', '3:98.22%', '4:98.98%', '5:97.53%', '6:98.85%', '7:98.25%', '8:96.20%', '9:97.13%']

Cluster round 4 completed, aggregated models from all the clients, time past : 4500msec, loss : 0.05, accuracy 98.21%
Accuracy per label : ['0:98.78%', '1:99.38%', '2:98.45%', '3:98.32%', '4:98.98%', '5:97.53%', '6:98.75%', '7:98.25%', '8:96.30%', '9:97.13%']

Cluster round 5 completed, aggregated models from all the clients, time past : 5600msec, loss : 0.05, accuracy 98.18%
Accuracy per label : ['0:98.78%', '1:99.30%', '2:98.45%', '3:98.32%', '4:98.98%', '5:97.53%', '6:98.75%', '7:98.05%', '8:96.30%', '9:97.13%']

Before aggregation, loss : 0.05, accuracy : 98.36%
Before aggregation, accuracy per label : ['0:98.98%', '1:99.30%', '2:97.97%', '3:98.91%', '4:98.78%', '5:97.98%', '6:98.43%', '7:97.86%', '8:98.05%', '9:97.22%']
Aggregation to central server completed at central server round 250, loss : 0.05, accuracy: 98.41%, staleness : 5
Accuracy per label after aggregation : ['0:98.98%', '1:99.30%', '2:97.97%', '3:98.91%', '4:98.78%', '5:98.21%', '6:98.43%', '7:97.96%', '8:98.05%', '9:97.42%']

-----------------------------------------------------

Central server round 122 started
Model sent from central server with 100msec communication time, with loss :0.05, accuracy : 98.41%
Accuracy per label : ['0:98.98%', '1:99.30%', '2:97.97%', '3:98.91%', '4:98.78%', '5:98.21%', '6:98.43%', '7:97.96%', '8:98.05%', '9:97.42%']
The model is from round 117 from central server, staleness is 4

Cluster round 1 completed, aggregated models from all the clients, time past : 1200msec, loss : 0.05, accuracy 98.33%
Accuracy per label : ['0:98.78%', '1:99.38%', '2:98.45%', '3:98.32%', '4:99.19%', '5:97.76%', '6:98.96%', '7:98.35%', '8:96.71%', '9:97.22%']

Cluster round 2 completed, aggregated models from all the clients, time past : 2300msec, loss : 0.05, accuracy 98.31%
Accuracy per label : ['0:98.78%', '1:99.47%', '2:98.55%', '3:98.22%', '4:99.08%', '5:97.65%', '6:98.85%', '7:98.35%', '8:96.71%', '9:97.22%']

Cluster round 3 completed, aggregated models from all the clients, time past : 3400msec, loss : 0.05, accuracy 98.24%
Accuracy per label : ['0:98.67%', '1:99.38%', '2:98.64%', '3:98.32%', '4:99.08%', '5:97.53%', '6:98.85%', '7:98.25%', '8:96.20%', '9:97.22%']

Cluster round 4 completed, aggregated models from all the clients, time past : 4500msec, loss : 0.05, accuracy 98.25%
Accuracy per label : ['0:98.78%', '1:99.38%', '2:98.64%', '3:98.32%', '4:99.08%', '5:97.53%', '6:98.85%', '7:98.15%', '8:96.41%', '9:97.13%']

Cluster round 5 completed, aggregated models from all the clients, time past : 5600msec, loss : 0.05, accuracy 98.22%
Accuracy per label : ['0:98.78%', '1:99.30%', '2:98.55%', '3:98.32%', '4:99.08%', '5:97.53%', '6:98.75%', '7:98.05%', '8:96.41%', '9:97.22%']

Before aggregation, loss : 0.05, accuracy : 98.36%
Before aggregation, accuracy per label : ['0:98.98%', '1:99.38%', '2:97.97%', '3:98.71%', '4:98.78%', '5:97.98%', '6:98.43%', '7:97.96%', '8:98.05%', '9:97.22%']
Aggregation to central server completed at central server round 250, loss : 0.05, accuracy: 98.45%, staleness : 4
Accuracy per label after aggregation : ['0:98.98%', '1:99.30%', '2:97.97%', '3:98.81%', '4:98.88%', '5:98.09%', '6:98.64%', '7:98.05%', '8:98.05%', '9:97.62%']

-----------------------------------------------------

Central server round 128 started
Model sent from central server with 100msec communication time, with loss :0.05, accuracy : 98.45%
Accuracy per label : ['0:98.98%', '1:99.30%', '2:97.97%', '3:98.81%', '4:98.88%', '5:98.09%', '6:98.64%', '7:98.05%', '8:98.05%', '9:97.62%']
The model is from round 122 from central server, staleness is 5

Cluster round 1 completed, aggregated models from all the clients, time past : 1200msec, loss : 0.05, accuracy 98.33%
Accuracy per label : ['0:98.78%', '1:99.47%', '2:98.45%', '3:98.32%', '4:99.19%', '5:97.65%', '6:98.85%', '7:98.35%', '8:96.71%', '9:97.32%']

Cluster round 2 completed, aggregated models from all the clients, time past : 2300msec, loss : 0.05, accuracy 98.31%
Accuracy per label : ['0:98.78%', '1:99.47%', '2:98.55%', '3:98.32%', '4:99.08%', '5:97.65%', '6:98.75%', '7:98.35%', '8:96.61%', '9:97.32%']

Cluster round 3 completed, aggregated models from all the clients, time past : 3400msec, loss : 0.05, accuracy 98.24%
Accuracy per label : ['0:98.67%', '1:99.47%', '2:98.55%', '3:98.32%', '4:99.08%', '5:97.53%', '6:98.85%', '7:98.25%', '8:96.20%', '9:97.22%']

Cluster round 4 completed, aggregated models from all the clients, time past : 4500msec, loss : 0.05, accuracy 98.26%
Accuracy per label : ['0:98.67%', '1:99.47%', '2:98.55%', '3:98.32%', '4:99.08%', '5:97.53%', '6:98.85%', '7:98.25%', '8:96.41%', '9:97.22%']

Cluster round 5 completed, aggregated models from all the clients, time past : 5600msec, loss : 0.05, accuracy 98.28%
Accuracy per label : ['0:98.78%', '1:99.38%', '2:98.64%', '3:98.32%', '4:99.08%', '5:97.53%', '6:98.85%', '7:98.15%', '8:96.51%', '9:97.32%']

Before aggregation, loss : 0.05, accuracy : 98.40%
Before aggregation, accuracy per label : ['0:98.98%', '1:99.38%', '2:97.97%', '3:98.81%', '4:98.88%', '5:98.09%', '6:98.43%', '7:97.96%', '8:98.05%', '9:97.32%']
Aggregation to central server completed at central server round 250, loss : 0.05, accuracy: 98.45%, staleness : 5
Accuracy per label after aggregation : ['0:98.98%', '1:99.38%', '2:98.06%', '3:98.81%', '4:98.88%', '5:98.09%', '6:98.43%', '7:98.05%', '8:98.05%', '9:97.62%']

-----------------------------------------------------

Central server round 135 started
Model sent from central server with 100msec communication time, with loss :0.05, accuracy : 98.45%
Accuracy per label : ['0:98.98%', '1:99.38%', '2:98.06%', '3:98.81%', '4:98.88%', '5:98.09%', '6:98.43%', '7:98.05%', '8:98.05%', '9:97.62%']
The model is from round 128 from central server, staleness is 6

Cluster round 1 completed, aggregated models from all the clients, time past : 1200msec, loss : 0.05, accuracy 98.37%
Accuracy per label : ['0:98.78%', '1:99.56%', '2:98.55%', '3:98.22%', '4:99.19%', '5:97.87%', '6:98.85%', '7:98.35%', '8:96.71%', '9:97.42%']

Cluster round 2 completed, aggregated models from all the clients, time past : 2300msec, loss : 0.05, accuracy 98.30%
Accuracy per label : ['0:98.78%', '1:99.47%', '2:98.55%', '3:98.32%', '4:99.08%', '5:97.65%', '6:98.75%', '7:98.25%', '8:96.61%', '9:97.32%']

Cluster round 3 completed, aggregated models from all the clients, time past : 3400msec, loss : 0.05, accuracy 98.25%
Accuracy per label : ['0:98.67%', '1:99.47%', '2:98.55%', '3:98.32%', '4:99.08%', '5:97.53%', '6:98.85%', '7:98.25%', '8:96.30%', '9:97.22%']

Cluster round 4 completed, aggregated models from all the clients, time past : 4500msec, loss : 0.05, accuracy 98.26%
Accuracy per label : ['0:98.67%', '1:99.47%', '2:98.55%', '3:98.32%', '4:99.08%', '5:97.53%', '6:98.85%', '7:98.15%', '8:96.51%', '9:97.22%']

Cluster round 5 completed, aggregated models from all the clients, time past : 5600msec, loss : 0.05, accuracy 98.30%
Accuracy per label : ['0:98.78%', '1:99.47%', '2:98.55%', '3:98.32%', '4:99.08%', '5:97.65%', '6:98.85%', '7:98.15%', '8:96.51%', '9:97.42%']

Before aggregation, loss : 0.05, accuracy : 98.42%
Before aggregation, accuracy per label : ['0:98.98%', '1:99.38%', '2:98.06%', '3:98.91%', '4:98.98%', '5:98.09%', '6:98.33%', '7:98.05%', '8:98.05%', '9:97.22%']
Aggregation to central server completed at central server round 250, loss : 0.05, accuracy: 98.44%, staleness : 6
Accuracy per label after aggregation : ['0:98.98%', '1:99.38%', '2:98.16%', '3:98.91%', '4:98.98%', '5:98.09%', '6:98.33%', '7:98.05%', '8:98.05%', '9:97.32%']

-----------------------------------------------------

Central server round 139 started
Model sent from central server with 100msec communication time, with loss :0.05, accuracy : 98.44%
Accuracy per label : ['0:98.98%', '1:99.38%', '2:98.16%', '3:98.91%', '4:98.98%', '5:98.09%', '6:98.33%', '7:98.05%', '8:98.05%', '9:97.32%']
The model is from round 135 from central server, staleness is 3

Cluster round 1 completed, aggregated models from all the clients, time past : 1200msec, loss : 0.05, accuracy 98.40%
Accuracy per label : ['0:98.78%', '1:99.56%', '2:98.64%', '3:98.42%', '4:99.08%', '5:97.76%', '6:98.96%', '7:98.25%', '8:96.82%', '9:97.52%']

Cluster round 2 completed, aggregated models from all the clients, time past : 2300msec, loss : 0.05, accuracy 98.37%
Accuracy per label : ['0:98.67%', '1:99.56%', '2:98.64%', '3:98.32%', '4:99.08%', '5:97.76%', '6:98.85%', '7:98.35%', '8:96.71%', '9:97.52%']

Cluster round 3 completed, aggregated models from all the clients, time past : 3400msec, loss : 0.05, accuracy 98.30%
Accuracy per label : ['0:98.67%', '1:99.47%', '2:98.55%', '3:98.32%', '4:99.08%', '5:97.65%', '6:98.85%', '7:98.35%', '8:96.51%', '9:97.32%']

Cluster round 4 completed, aggregated models from all the clients, time past : 4500msec, loss : 0.05, accuracy 98.29%
Accuracy per label : ['0:98.67%', '1:99.47%', '2:98.45%', '3:98.32%', '4:99.08%', '5:97.53%', '6:98.85%', '7:98.35%', '8:96.41%', '9:97.52%']

Cluster round 5 completed, aggregated models from all the clients, time past : 5600msec, loss : 0.05, accuracy 98.30%
Accuracy per label : ['0:98.78%', '1:99.47%', '2:98.45%', '3:98.42%', '4:99.08%', '5:97.53%', '6:98.85%', '7:98.25%', '8:96.41%', '9:97.52%']

Before aggregation, loss : 0.05, accuracy : 98.38%
Before aggregation, accuracy per label : ['0:98.98%', '1:99.38%', '2:98.06%', '3:98.81%', '4:98.88%', '5:98.09%', '6:98.33%', '7:97.96%', '8:98.05%', '9:97.13%']
Aggregation to central server completed at central server round 250, loss : 0.05, accuracy: 98.46%, staleness : 3
Accuracy per label after aggregation : ['0:98.98%', '1:99.38%', '2:98.26%', '3:98.81%', '4:98.98%', '5:98.09%', '6:98.54%', '7:98.15%', '8:97.95%', '9:97.32%']

-----------------------------------------------------

Central server round 145 started
Model sent from central server with 100msec communication time, with loss :0.05, accuracy : 98.46%
Accuracy per label : ['0:98.98%', '1:99.38%', '2:98.26%', '3:98.81%', '4:98.98%', '5:98.09%', '6:98.54%', '7:98.15%', '8:97.95%', '9:97.32%']
The model is from round 139 from central server, staleness is 5

Cluster round 1 completed, aggregated models from all the clients, time past : 1200msec, loss : 0.05, accuracy 98.42%
Accuracy per label : ['0:98.78%', '1:99.56%', '2:98.64%', '3:98.51%', '4:99.08%', '5:97.65%', '6:98.96%', '7:98.25%', '8:96.92%', '9:97.62%']

Cluster round 2 completed, aggregated models from all the clients, time past : 2300msec, loss : 0.05, accuracy 98.35%
Accuracy per label : ['0:98.67%', '1:99.56%', '2:98.74%', '3:98.32%', '4:99.08%', '5:97.76%', '6:98.85%', '7:98.35%', '8:96.51%', '9:97.42%']

Cluster round 3 completed, aggregated models from all the clients, time past : 3400msec, loss : 0.05, accuracy 98.33%
Accuracy per label : ['0:98.67%', '1:99.47%', '2:98.55%', '3:98.32%', '4:99.08%', '5:97.65%', '6:98.85%', '7:98.35%', '8:96.61%', '9:97.52%']

Cluster round 4 completed, aggregated models from all the clients, time past : 4500msec, loss : 0.05, accuracy 98.30%
Accuracy per label : ['0:98.67%', '1:99.47%', '2:98.55%', '3:98.32%', '4:99.08%', '5:97.53%', '6:98.85%', '7:98.35%', '8:96.41%', '9:97.52%']

Cluster round 5 completed, aggregated models from all the clients, time past : 5600msec, loss : 0.05, accuracy 98.27%
Accuracy per label : ['0:98.78%', '1:99.47%', '2:98.55%', '3:98.32%', '4:98.98%', '5:97.65%', '6:98.85%', '7:98.05%', '8:96.41%', '9:97.42%']

Before aggregation, loss : 0.05, accuracy : 98.45%
Before aggregation, accuracy per label : ['0:98.98%', '1:99.38%', '2:98.26%', '3:98.81%', '4:98.98%', '5:98.09%', '6:98.43%', '7:98.05%', '8:98.05%', '9:97.32%']
Aggregation to central server completed at central server round 250, loss : 0.05, accuracy: 98.47%, staleness : 5
Accuracy per label after aggregation : ['0:98.98%', '1:99.38%', '2:98.26%', '3:98.81%', '4:98.98%', '5:98.09%', '6:98.54%', '7:98.15%', '8:97.95%', '9:97.42%']

-----------------------------------------------------

Central server round 152 started
Model sent from central server with 100msec communication time, with loss :0.05, accuracy : 98.47%
Accuracy per label : ['0:98.98%', '1:99.38%', '2:98.26%', '3:98.81%', '4:98.98%', '5:98.09%', '6:98.54%', '7:98.15%', '8:97.95%', '9:97.42%']
The model is from round 145 from central server, staleness is 6

Cluster round 1 completed, aggregated models from all the clients, time past : 1200msec, loss : 0.05, accuracy 98.43%
Accuracy per label : ['0:98.78%', '1:99.56%', '2:98.64%', '3:98.42%', '4:99.19%', '5:97.76%', '6:98.96%', '7:98.25%', '8:96.92%', '9:97.62%']

Cluster round 2 completed, aggregated models from all the clients, time past : 2300msec, loss : 0.05, accuracy 98.36%
Accuracy per label : ['0:98.67%', '1:99.56%', '2:98.74%', '3:98.42%', '4:99.08%', '5:97.76%', '6:98.85%', '7:98.35%', '8:96.51%', '9:97.42%']

Cluster round 3 completed, aggregated models from all the clients, time past : 3400msec, loss : 0.05, accuracy 98.34%
Accuracy per label : ['0:98.67%', '1:99.56%', '2:98.55%', '3:98.32%', '4:99.08%', '5:97.65%', '6:98.85%', '7:98.35%', '8:96.61%', '9:97.52%']

Cluster round 4 completed, aggregated models from all the clients, time past : 4500msec, loss : 0.05, accuracy 98.33%
Accuracy per label : ['0:98.67%', '1:99.56%', '2:98.55%', '3:98.42%', '4:99.08%', '5:97.65%', '6:98.85%', '7:98.25%', '8:96.51%', '9:97.52%']

Cluster round 5 completed, aggregated models from all the clients, time past : 5600msec, loss : 0.05, accuracy 98.29%
Accuracy per label : ['0:98.67%', '1:99.56%', '2:98.64%', '3:98.42%', '4:98.98%', '5:97.65%', '6:98.85%', '7:98.05%', '8:96.41%', '9:97.42%']

Before aggregation, loss : 0.05, accuracy : 98.47%
Before aggregation, accuracy per label : ['0:98.98%', '1:99.38%', '2:98.35%', '3:98.81%', '4:98.98%', '5:98.21%', '6:98.43%', '7:98.05%', '8:97.95%', '9:97.42%']
Aggregation to central server completed at central server round 250, loss : 0.05, accuracy: 98.45%, staleness : 6
Accuracy per label after aggregation : ['0:98.98%', '1:99.38%', '2:98.26%', '3:98.71%', '4:98.98%', '5:98.09%', '6:98.54%', '7:98.15%', '8:97.95%', '9:97.32%']

-----------------------------------------------------

Central server round 158 started
Model sent from central server with 100msec communication time, with loss :0.05, accuracy : 98.45%
Accuracy per label : ['0:98.98%', '1:99.38%', '2:98.26%', '3:98.71%', '4:98.98%', '5:98.09%', '6:98.54%', '7:98.15%', '8:97.95%', '9:97.32%']
The model is from round 152 from central server, staleness is 5

Cluster round 1 completed, aggregated models from all the clients, time past : 1200msec, loss : 0.05, accuracy 98.49%
Accuracy per label : ['0:98.78%', '1:99.65%', '2:98.74%', '3:98.51%', '4:99.19%', '5:97.98%', '6:98.96%', '7:98.25%', '8:97.02%', '9:97.62%']

Cluster round 2 completed, aggregated models from all the clients, time past : 2300msec, loss : 0.05, accuracy 98.39%
Accuracy per label : ['0:98.67%', '1:99.56%', '2:98.74%', '3:98.42%', '4:99.08%', '5:97.76%', '6:98.96%', '7:98.25%', '8:96.61%', '9:97.62%']

Cluster round 3 completed, aggregated models from all the clients, time past : 3400msec, loss : 0.05, accuracy 98.35%
Accuracy per label : ['0:98.67%', '1:99.56%', '2:98.55%', '3:98.42%', '4:99.08%', '5:97.65%', '6:98.75%', '7:98.35%', '8:96.71%', '9:97.52%']

Cluster round 4 completed, aggregated models from all the clients, time past : 4500msec, loss : 0.05, accuracy 98.33%
Accuracy per label : ['0:98.67%', '1:99.56%', '2:98.45%', '3:98.51%', '4:98.98%', '5:97.76%', '6:98.85%', '7:98.25%', '8:96.51%', '9:97.52%']

Cluster round 5 completed, aggregated models from all the clients, time past : 5600msec, loss : 0.05, accuracy 98.34%
Accuracy per label : ['0:98.78%', '1:99.56%', '2:98.35%', '3:98.61%', '4:98.98%', '5:97.87%', '6:98.85%', '7:98.15%', '8:96.41%', '9:97.62%']

Before aggregation, loss : 0.05, accuracy : 98.49%
Before aggregation, accuracy per label : ['0:98.98%', '1:99.38%', '2:98.35%', '3:98.61%', '4:99.19%', '5:98.21%', '6:98.54%', '7:98.15%', '8:98.25%', '9:97.13%']
Aggregation to central server completed at central server round 250, loss : 0.05, accuracy: 98.50%, staleness : 5
Accuracy per label after aggregation : ['0:98.98%', '1:99.38%', '2:98.26%', '3:98.61%', '4:99.08%', '5:98.21%', '6:98.64%', '7:98.15%', '8:98.05%', '9:97.52%']

-----------------------------------------------------

Central server round 165 started
Model sent from central server with 100msec communication time, with loss :0.05, accuracy : 98.50%
Accuracy per label : ['0:98.98%', '1:99.38%', '2:98.26%', '3:98.61%', '4:99.08%', '5:98.21%', '6:98.64%', '7:98.15%', '8:98.05%', '9:97.52%']
The model is from round 158 from central server, staleness is 6

Cluster round 1 completed, aggregated models from all the clients, time past : 1200msec, loss : 0.05, accuracy 98.49%
Accuracy per label : ['0:98.78%', '1:99.65%', '2:98.64%', '3:98.51%', '4:99.19%', '5:97.87%', '6:99.06%', '7:98.35%', '8:97.13%', '9:97.52%']

Cluster round 2 completed, aggregated models from all the clients, time past : 2300msec, loss : 0.05, accuracy 98.39%
Accuracy per label : ['0:98.67%', '1:99.56%', '2:98.55%', '3:98.42%', '4:99.19%', '5:97.65%', '6:99.06%', '7:98.35%', '8:96.82%', '9:97.42%']

Cluster round 3 completed, aggregated models from all the clients, time past : 3400msec, loss : 0.05, accuracy 98.36%
Accuracy per label : ['0:98.67%', '1:99.56%', '2:98.45%', '3:98.51%', '4:99.08%', '5:97.65%', '6:98.96%', '7:98.35%', '8:96.71%', '9:97.42%']

Cluster round 4 completed, aggregated models from all the clients, time past : 4500msec, loss : 0.05, accuracy 98.35%
Accuracy per label : ['0:98.67%', '1:99.56%', '2:98.35%', '3:98.51%', '4:98.98%', '5:97.76%', '6:98.96%', '7:98.35%', '8:96.71%', '9:97.42%']

Cluster round 5 completed, aggregated models from all the clients, time past : 5600msec, loss : 0.05, accuracy 98.34%
Accuracy per label : ['0:98.67%', '1:99.56%', '2:98.35%', '3:98.51%', '4:98.98%', '5:97.76%', '6:98.96%', '7:98.15%', '8:96.61%', '9:97.62%']

Before aggregation, loss : 0.05, accuracy : 98.48%
Before aggregation, accuracy per label : ['0:98.98%', '1:99.38%', '2:98.45%', '3:98.71%', '4:98.98%', '5:98.21%', '6:98.43%', '7:98.25%', '8:98.05%', '9:97.22%']
Aggregation to central server completed at central server round 250, loss : 0.05, accuracy: 98.51%, staleness : 6
Accuracy per label after aggregation : ['0:98.98%', '1:99.38%', '2:98.45%', '3:98.71%', '4:98.98%', '5:98.21%', '6:98.54%', '7:98.25%', '8:98.05%', '9:97.42%']

-----------------------------------------------------

Central server round 169 started
Model sent from central server with 100msec communication time, with loss :0.05, accuracy : 98.51%
Accuracy per label : ['0:98.98%', '1:99.38%', '2:98.45%', '3:98.71%', '4:98.98%', '5:98.21%', '6:98.54%', '7:98.25%', '8:98.05%', '9:97.42%']
The model is from round 165 from central server, staleness is 3

Cluster round 1 completed, aggregated models from all the clients, time past : 1200msec, loss : 0.05, accuracy 98.51%
Accuracy per label : ['0:98.78%', '1:99.65%', '2:98.64%', '3:98.42%', '4:99.29%', '5:97.98%', '6:99.06%', '7:98.35%', '8:97.02%', '9:97.72%']

Cluster round 2 completed, aggregated models from all the clients, time past : 2300msec, loss : 0.05, accuracy 98.45%
Accuracy per label : ['0:98.67%', '1:99.56%', '2:98.64%', '3:98.42%', '4:99.19%', '5:97.65%', '6:99.06%', '7:98.35%', '8:96.92%', '9:97.82%']

Cluster round 3 completed, aggregated models from all the clients, time past : 3400msec, loss : 0.05, accuracy 98.39%
Accuracy per label : ['0:98.67%', '1:99.56%', '2:98.35%', '3:98.51%', '4:98.98%', '5:97.65%', '6:99.06%', '7:98.35%', '8:96.82%', '9:97.72%']

Cluster round 4 completed, aggregated models from all the clients, time past : 4500msec, loss : 0.05, accuracy 98.38%
Accuracy per label : ['0:98.67%', '1:99.56%', '2:98.35%', '3:98.51%', '4:98.98%', '5:97.76%', '6:98.96%', '7:98.25%', '8:96.82%', '9:97.72%']

Cluster round 5 completed, aggregated models from all the clients, time past : 5600msec, loss : 0.05, accuracy 98.34%
Accuracy per label : ['0:98.67%', '1:99.56%', '2:98.35%', '3:98.51%', '4:98.78%', '5:97.76%', '6:98.96%', '7:98.25%', '8:96.61%', '9:97.72%']

Before aggregation, loss : 0.05, accuracy : 98.46%
Before aggregation, accuracy per label : ['0:98.88%', '1:99.38%', '2:98.45%', '3:98.61%', '4:98.98%', '5:98.21%', '6:98.43%', '7:98.35%', '8:98.05%', '9:97.13%']
Aggregation to central server completed at central server round 250, loss : 0.05, accuracy: 98.54%, staleness : 3
Accuracy per label after aggregation : ['0:98.98%', '1:99.56%', '2:98.45%', '3:98.81%', '4:98.98%', '5:98.21%', '6:98.54%', '7:98.25%', '8:98.05%', '9:97.42%']

-----------------------------------------------------

Central server round 175 started
Model sent from central server with 100msec communication time, with loss :0.05, accuracy : 98.54%
Accuracy per label : ['0:98.98%', '1:99.56%', '2:98.45%', '3:98.81%', '4:98.98%', '5:98.21%', '6:98.54%', '7:98.25%', '8:98.05%', '9:97.42%']
The model is from round 169 from central server, staleness is 5

Cluster round 1 completed, aggregated models from all the clients, time past : 1200msec, loss : 0.05, accuracy 98.48%
Accuracy per label : ['0:98.57%', '1:99.65%', '2:98.55%', '3:98.42%', '4:99.19%', '5:97.98%', '6:99.06%', '7:98.44%', '8:97.02%', '9:97.72%']

Cluster round 2 completed, aggregated models from all the clients, time past : 2300msec, loss : 0.05, accuracy 98.42%
Accuracy per label : ['0:98.57%', '1:99.56%', '2:98.45%', '3:98.51%', '4:99.08%', '5:97.65%', '6:99.06%', '7:98.35%', '8:96.92%', '9:97.82%']

Cluster round 3 completed, aggregated models from all the clients, time past : 3400msec, loss : 0.05, accuracy 98.38%
Accuracy per label : ['0:98.67%', '1:99.56%', '2:98.35%', '3:98.51%', '4:98.98%', '5:97.76%', '6:98.96%', '7:98.35%', '8:96.82%', '9:97.62%']

Cluster round 4 completed, aggregated models from all the clients, time past : 4500msec, loss : 0.05, accuracy 98.39%
Accuracy per label : ['0:98.67%', '1:99.56%', '2:98.35%', '3:98.51%', '4:98.88%', '5:97.87%', '6:99.06%', '7:98.15%', '8:96.92%', '9:97.72%']

Cluster round 5 completed, aggregated models from all the clients, time past : 5600msec, loss : 0.05, accuracy 98.39%
Accuracy per label : ['0:98.67%', '1:99.56%', '2:98.35%', '3:98.51%', '4:98.98%', '5:97.98%', '6:98.96%', '7:98.25%', '8:96.71%', '9:97.72%']

Before aggregation, loss : 0.05, accuracy : 98.54%
Before aggregation, accuracy per label : ['0:98.88%', '1:99.47%', '2:98.55%', '3:98.61%', '4:99.08%', '5:98.21%', '6:98.64%', '7:98.25%', '8:98.15%', '9:97.42%']
Aggregation to central server completed at central server round 250, loss : 0.05, accuracy: 98.58%, staleness : 5
Accuracy per label after aggregation : ['0:98.88%', '1:99.65%', '2:98.45%', '3:98.71%', '4:98.98%', '5:98.21%', '6:98.75%', '7:98.35%', '8:98.05%', '9:97.62%']

-----------------------------------------------------

Central server round 182 started
Model sent from central server with 100msec communication time, with loss :0.05, accuracy : 98.58%
Accuracy per label : ['0:98.88%', '1:99.65%', '2:98.45%', '3:98.71%', '4:98.98%', '5:98.21%', '6:98.75%', '7:98.35%', '8:98.05%', '9:97.62%']
The model is from round 175 from central server, staleness is 6

Cluster round 1 completed, aggregated models from all the clients, time past : 1200msec, loss : 0.05, accuracy 98.48%
Accuracy per label : ['0:98.47%', '1:99.65%', '2:98.55%', '3:98.51%', '4:99.19%', '5:97.98%', '6:99.06%', '7:98.44%', '8:97.02%', '9:97.72%']

Cluster round 2 completed, aggregated models from all the clients, time past : 2300msec, loss : 0.05, accuracy 98.45%
Accuracy per label : ['0:98.67%', '1:99.65%', '2:98.45%', '3:98.51%', '4:99.08%', '5:97.76%', '6:99.06%', '7:98.35%', '8:96.92%', '9:97.82%']

Cluster round 3 completed, aggregated models from all the clients, time past : 3400msec, loss : 0.05, accuracy 98.41%
Accuracy per label : ['0:98.67%', '1:99.56%', '2:98.35%', '3:98.61%', '4:98.98%', '5:97.76%', '6:99.16%', '7:98.35%', '8:96.92%', '9:97.52%']

Cluster round 4 completed, aggregated models from all the clients, time past : 4500msec, loss : 0.05, accuracy 98.40%
Accuracy per label : ['0:98.67%', '1:99.56%', '2:98.35%', '3:98.61%', '4:98.88%', '5:97.87%', '6:99.06%', '7:98.25%', '8:96.82%', '9:97.72%']

Cluster round 5 completed, aggregated models from all the clients, time past : 5600msec, loss : 0.05, accuracy 98.40%
Accuracy per label : ['0:98.67%', '1:99.56%', '2:98.35%', '3:98.61%', '4:98.98%', '5:97.87%', '6:98.96%', '7:98.35%', '8:96.71%', '9:97.72%']

Before aggregation, loss : 0.05, accuracy : 98.56%
Before aggregation, accuracy per label : ['0:98.88%', '1:99.56%', '2:98.74%', '3:98.81%', '4:98.98%', '5:98.21%', '6:98.54%', '7:98.25%', '8:98.05%', '9:97.42%']
Aggregation to central server completed at central server round 250, loss : 0.05, accuracy: 98.59%, staleness : 6
Accuracy per label after aggregation : ['0:98.88%', '1:99.56%', '2:98.74%', '3:98.81%', '4:98.98%', '5:98.21%', '6:98.64%', '7:98.25%', '8:98.05%', '9:97.62%']

-----------------------------------------------------

Central server round 187 started
Model sent from central server with 100msec communication time, with loss :0.05, accuracy : 98.59%
Accuracy per label : ['0:98.88%', '1:99.56%', '2:98.74%', '3:98.81%', '4:98.98%', '5:98.21%', '6:98.64%', '7:98.25%', '8:98.05%', '9:97.62%']
The model is from round 182 from central server, staleness is 4

Cluster round 1 completed, aggregated models from all the clients, time past : 1200msec, loss : 0.05, accuracy 98.51%
Accuracy per label : ['0:98.57%', '1:99.65%', '2:98.64%', '3:98.51%', '4:99.08%', '5:97.98%', '6:99.06%', '7:98.44%', '8:97.13%', '9:97.82%']

Cluster round 2 completed, aggregated models from all the clients, time past : 2300msec, loss : 0.05, accuracy 98.46%
Accuracy per label : ['0:98.47%', '1:99.65%', '2:98.45%', '3:98.51%', '4:98.98%', '5:97.87%', '6:99.06%', '7:98.35%', '8:97.02%', '9:98.02%']

Cluster round 3 completed, aggregated models from all the clients, time past : 3400msec, loss : 0.05, accuracy 98.47%
Accuracy per label : ['0:98.67%', '1:99.56%', '2:98.35%', '3:98.51%', '4:98.98%', '5:98.09%', '6:99.16%', '7:98.44%', '8:96.92%', '9:97.82%']

Cluster round 4 completed, aggregated models from all the clients, time past : 4500msec, loss : 0.05, accuracy 98.47%
Accuracy per label : ['0:98.67%', '1:99.56%', '2:98.35%', '3:98.61%', '4:98.98%', '5:97.98%', '6:99.06%', '7:98.35%', '8:97.13%', '9:97.82%']

Cluster round 5 completed, aggregated models from all the clients, time past : 5600msec, loss : 0.05, accuracy 98.40%
Accuracy per label : ['0:98.67%', '1:99.56%', '2:98.26%', '3:98.61%', '4:98.98%', '5:97.98%', '6:98.96%', '7:98.15%', '8:96.92%', '9:97.72%']

Before aggregation, loss : 0.05, accuracy : 98.58%
Before aggregation, accuracy per label : ['0:98.88%', '1:99.56%', '2:98.74%', '3:98.81%', '4:98.98%', '5:98.21%', '6:98.54%', '7:98.25%', '8:98.25%', '9:97.42%']
Aggregation to central server completed at central server round 250, loss : 0.05, accuracy: 98.62%, staleness : 4
Accuracy per label after aggregation : ['0:98.88%', '1:99.65%', '2:98.64%', '3:98.81%', '4:99.08%', '5:98.21%', '6:98.64%', '7:98.35%', '8:98.15%', '9:97.62%']

-----------------------------------------------------

Central server round 193 started
Model sent from central server with 100msec communication time, with loss :0.05, accuracy : 98.62%
Accuracy per label : ['0:98.88%', '1:99.65%', '2:98.64%', '3:98.81%', '4:99.08%', '5:98.21%', '6:98.64%', '7:98.35%', '8:98.15%', '9:97.62%']
The model is from round 187 from central server, staleness is 5

Cluster round 1 completed, aggregated models from all the clients, time past : 1200msec, loss : 0.05, accuracy 98.51%
Accuracy per label : ['0:98.57%', '1:99.65%', '2:98.55%', '3:98.51%', '4:99.08%', '5:97.98%', '6:99.06%', '7:98.54%', '8:97.13%', '9:97.82%']

Cluster round 2 completed, aggregated models from all the clients, time past : 2300msec, loss : 0.05, accuracy 98.48%
Accuracy per label : ['0:98.57%', '1:99.65%', '2:98.45%', '3:98.51%', '4:98.98%', '5:97.98%', '6:99.06%', '7:98.35%', '8:97.13%', '9:97.92%']

Cluster round 3 completed, aggregated models from all the clients, time past : 3400msec, loss : 0.05, accuracy 98.51%
Accuracy per label : ['0:98.67%', '1:99.56%', '2:98.35%', '3:98.61%', '4:98.98%', '5:98.21%', '6:99.16%', '7:98.44%', '8:97.13%', '9:97.82%']

Cluster round 4 completed, aggregated models from all the clients, time past : 4500msec, loss : 0.05, accuracy 98.46%
Accuracy per label : ['0:98.67%', '1:99.56%', '2:98.35%', '3:98.61%', '4:98.98%', '5:97.98%', '6:99.06%', '7:98.35%', '8:97.02%', '9:97.82%']

Cluster round 5 completed, aggregated models from all the clients, time past : 5600msec, loss : 0.05, accuracy 98.40%
Accuracy per label : ['0:98.67%', '1:99.56%', '2:98.26%', '3:98.61%', '4:98.98%', '5:97.98%', '6:98.85%', '7:98.15%', '8:96.92%', '9:97.82%']

Before aggregation, loss : 0.05, accuracy : 98.59%
Before aggregation, accuracy per label : ['0:98.88%', '1:99.65%', '2:98.64%', '3:98.71%', '4:99.08%', '5:98.21%', '6:98.54%', '7:98.35%', '8:98.25%', '9:97.42%']
Aggregation to central server completed at central server round 250, loss : 0.05, accuracy: 98.63%, staleness : 5
Accuracy per label after aggregation : ['0:98.88%', '1:99.74%', '2:98.64%', '3:98.81%', '4:98.98%', '5:98.21%', '6:98.64%', '7:98.35%', '8:98.25%', '9:97.62%']

-----------------------------------------------------

Central server round 199 started
Model sent from central server with 100msec communication time, with loss :0.05, accuracy : 98.63%
Accuracy per label : ['0:98.88%', '1:99.74%', '2:98.64%', '3:98.81%', '4:98.98%', '5:98.21%', '6:98.64%', '7:98.35%', '8:98.25%', '9:97.62%']
The model is from round 193 from central server, staleness is 5

Cluster round 1 completed, aggregated models from all the clients, time past : 1200msec, loss : 0.05, accuracy 98.54%
Accuracy per label : ['0:98.57%', '1:99.65%', '2:98.55%', '3:98.71%', '4:99.19%', '5:97.98%', '6:99.06%', '7:98.54%', '8:97.13%', '9:97.82%']

Cluster round 2 completed, aggregated models from all the clients, time past : 2300msec, loss : 0.05, accuracy 98.50%
Accuracy per label : ['0:98.57%', '1:99.65%', '2:98.45%', '3:98.61%', '4:98.98%', '5:97.98%', '6:99.06%', '7:98.35%', '8:97.23%', '9:97.92%']

Cluster round 3 completed, aggregated models from all the clients, time past : 3400msec, loss : 0.05, accuracy 98.52%
Accuracy per label : ['0:98.67%', '1:99.65%', '2:98.35%', '3:98.71%', '4:98.98%', '5:98.09%', '6:99.16%', '7:98.25%', '8:97.23%', '9:97.92%']

Cluster round 4 completed, aggregated models from all the clients, time past : 4500msec, loss : 0.05, accuracy 98.50%
Accuracy per label : ['0:98.67%', '1:99.56%', '2:98.35%', '3:98.61%', '4:98.98%', '5:98.21%', '6:99.06%', '7:98.35%', '8:97.23%', '9:97.82%']

Cluster round 5 completed, aggregated models from all the clients, time past : 5600msec, loss : 0.05, accuracy 98.42%
Accuracy per label : ['0:98.57%', '1:99.56%', '2:98.16%', '3:98.61%', '4:98.88%', '5:97.98%', '6:98.85%', '7:98.35%', '8:97.13%', '9:97.92%']

Before aggregation, loss : 0.05, accuracy : 98.60%
Before aggregation, accuracy per label : ['0:98.88%', '1:99.56%', '2:98.74%', '3:98.91%', '4:99.08%', '5:98.21%', '6:98.54%', '7:98.25%', '8:98.15%', '9:97.52%']
Aggregation to central server completed at central server round 250, loss : 0.05, accuracy: 98.64%, staleness : 5
Accuracy per label after aggregation : ['0:98.78%', '1:99.74%', '2:98.74%', '3:98.91%', '4:99.08%', '5:98.21%', '6:98.64%', '7:98.25%', '8:98.15%', '9:97.72%']

-----------------------------------------------------

Central server round 204 started
Model sent from central server with 100msec communication time, with loss :0.05, accuracy : 98.64%
Accuracy per label : ['0:98.78%', '1:99.74%', '2:98.74%', '3:98.91%', '4:99.08%', '5:98.21%', '6:98.64%', '7:98.25%', '8:98.15%', '9:97.72%']
The model is from round 199 from central server, staleness is 4

Cluster round 1 completed, aggregated models from all the clients, time past : 1200msec, loss : 0.05, accuracy 98.52%
Accuracy per label : ['0:98.47%', '1:99.65%', '2:98.45%', '3:98.71%', '4:98.98%', '5:97.98%', '6:99.06%', '7:98.54%', '8:97.33%', '9:97.82%']

Cluster round 2 completed, aggregated models from all the clients, time past : 2300msec, loss : 0.05, accuracy 98.54%
Accuracy per label : ['0:98.57%', '1:99.65%', '2:98.45%', '3:98.71%', '4:98.98%', '5:97.98%', '6:99.16%', '7:98.44%', '8:97.33%', '9:97.92%']

Cluster round 3 completed, aggregated models from all the clients, time past : 3400msec, loss : 0.05, accuracy 98.52%
Accuracy per label : ['0:98.67%', '1:99.65%', '2:98.35%', '3:98.71%', '4:98.98%', '5:98.09%', '6:99.06%', '7:98.35%', '8:97.23%', '9:97.92%']

Cluster round 4 completed, aggregated models from all the clients, time past : 4500msec, loss : 0.05, accuracy 98.50%
Accuracy per label : ['0:98.67%', '1:99.65%', '2:98.26%', '3:98.71%', '4:98.98%', '5:98.21%', '6:98.96%', '7:98.35%', '8:97.23%', '9:97.82%']

Cluster round 5 completed, aggregated models from all the clients, time past : 5600msec, loss : 0.05, accuracy 98.50%
Accuracy per label : ['0:98.78%', '1:99.65%', '2:98.35%', '3:98.71%', '4:98.88%', '5:98.09%', '6:98.85%', '7:98.25%', '8:97.33%', '9:97.92%']

Before aggregation, loss : 0.05, accuracy : 98.60%
Before aggregation, accuracy per label : ['0:98.78%', '1:99.74%', '2:98.74%', '3:98.71%', '4:99.08%', '5:98.21%', '6:98.54%', '7:98.25%', '8:98.25%', '9:97.52%']
Aggregation to central server completed at central server round 250, loss : 0.05, accuracy: 98.63%, staleness : 4
Accuracy per label after aggregation : ['0:98.88%', '1:99.74%', '2:98.64%', '3:98.81%', '4:99.08%', '5:98.09%', '6:98.64%', '7:98.35%', '8:98.25%', '9:97.62%']

-----------------------------------------------------

Central server round 211 started
Model sent from central server with 100msec communication time, with loss :0.05, accuracy : 98.63%
Accuracy per label : ['0:98.88%', '1:99.74%', '2:98.64%', '3:98.81%', '4:99.08%', '5:98.09%', '6:98.64%', '7:98.35%', '8:98.25%', '9:97.62%']
The model is from round 204 from central server, staleness is 6

Cluster round 1 completed, aggregated models from all the clients, time past : 1200msec, loss : 0.05, accuracy 98.54%
Accuracy per label : ['0:98.47%', '1:99.65%', '2:98.45%', '3:98.71%', '4:99.08%', '5:97.98%', '6:99.06%', '7:98.54%', '8:97.43%', '9:97.82%']

Cluster round 2 completed, aggregated models from all the clients, time past : 2300msec, loss : 0.05, accuracy 98.55%
Accuracy per label : ['0:98.67%', '1:99.65%', '2:98.45%', '3:98.71%', '4:98.98%', '5:98.09%', '6:99.16%', '7:98.44%', '8:97.23%', '9:97.92%']

Cluster round 3 completed, aggregated models from all the clients, time past : 3400msec, loss : 0.05, accuracy 98.53%
Accuracy per label : ['0:98.67%', '1:99.65%', '2:98.35%', '3:98.71%', '4:98.98%', '5:98.09%', '6:99.06%', '7:98.35%', '8:97.33%', '9:97.92%']

Cluster round 4 completed, aggregated models from all the clients, time past : 4500msec, loss : 0.05, accuracy 98.50%
Accuracy per label : ['0:98.67%', '1:99.65%', '2:98.26%', '3:98.71%', '4:98.88%', '5:98.21%', '6:98.96%', '7:98.35%', '8:97.33%', '9:97.82%']

Cluster round 5 completed, aggregated models from all the clients, time past : 5600msec, loss : 0.05, accuracy 98.49%
Accuracy per label : ['0:98.78%', '1:99.65%', '2:98.26%', '3:98.71%', '4:98.98%', '5:97.98%', '6:98.85%', '7:98.25%', '8:97.33%', '9:97.92%']

Before aggregation, loss : 0.05, accuracy : 98.59%
Before aggregation, accuracy per label : ['0:98.78%', '1:99.74%', '2:98.55%', '3:98.51%', '4:98.98%', '5:98.21%', '6:98.75%', '7:98.25%', '8:98.46%', '9:97.52%']
Aggregation to central server completed at central server round 250, loss : 0.05, accuracy: 98.64%, staleness : 6
Accuracy per label after aggregation : ['0:98.88%', '1:99.74%', '2:98.64%', '3:98.61%', '4:98.98%', '5:98.21%', '6:98.75%', '7:98.35%', '8:98.46%', '9:97.62%']

-----------------------------------------------------

Central server round 218 started
Model sent from central server with 100msec communication time, with loss :0.05, accuracy : 98.64%
Accuracy per label : ['0:98.88%', '1:99.74%', '2:98.64%', '3:98.61%', '4:98.98%', '5:98.21%', '6:98.75%', '7:98.35%', '8:98.46%', '9:97.62%']
The model is from round 211 from central server, staleness is 6

Cluster round 1 completed, aggregated models from all the clients, time past : 1200msec, loss : 0.05, accuracy 98.57%
Accuracy per label : ['0:98.47%', '1:99.65%', '2:98.45%', '3:98.71%', '4:99.29%', '5:97.98%', '6:99.06%', '7:98.64%', '8:97.64%', '9:97.62%']

Cluster round 2 completed, aggregated models from all the clients, time past : 2300msec, loss : 0.05, accuracy 98.55%
Accuracy per label : ['0:98.67%', '1:99.65%', '2:98.45%', '3:98.71%', '4:98.98%', '5:98.09%', '6:99.16%', '7:98.64%', '8:97.13%', '9:97.82%']

Cluster round 3 completed, aggregated models from all the clients, time past : 3400msec, loss : 0.05, accuracy 98.54%
Accuracy per label : ['0:98.67%', '1:99.65%', '2:98.35%', '3:98.71%', '4:98.88%', '5:97.98%', '6:99.06%', '7:98.54%', '8:97.33%', '9:98.02%']

Cluster round 4 completed, aggregated models from all the clients, time past : 4500msec, loss : 0.05, accuracy 98.52%
Accuracy per label : ['0:98.67%', '1:99.65%', '2:98.35%', '3:98.71%', '4:98.88%', '5:97.98%', '6:99.06%', '7:98.35%', '8:97.33%', '9:98.02%']

Cluster round 5 completed, aggregated models from all the clients, time past : 5600msec, loss : 0.05, accuracy 98.52%
Accuracy per label : ['0:98.78%', '1:99.65%', '2:98.26%', '3:98.81%', '4:98.88%', '5:97.98%', '6:98.85%', '7:98.35%', '8:97.33%', '9:98.12%']

Before aggregation, loss : 0.05, accuracy : 98.65%
Before aggregation, accuracy per label : ['0:98.88%', '1:99.74%', '2:98.74%', '3:98.71%', '4:99.19%', '5:98.21%', '6:98.54%', '7:98.44%', '8:98.36%', '9:97.52%']
Aggregation to central server completed at central server round 250, loss : 0.05, accuracy: 98.64%, staleness : 6
Accuracy per label after aggregation : ['0:98.88%', '1:99.74%', '2:98.74%', '3:98.81%', '4:99.08%', '5:98.09%', '6:98.54%', '7:98.35%', '8:98.36%', '9:97.62%']

-----------------------------------------------------

Central server round 223 started
Model sent from central server with 100msec communication time, with loss :0.05, accuracy : 98.64%
Accuracy per label : ['0:98.88%', '1:99.74%', '2:98.74%', '3:98.81%', '4:99.08%', '5:98.09%', '6:98.54%', '7:98.35%', '8:98.36%', '9:97.62%']
The model is from round 218 from central server, staleness is 4

Cluster round 1 completed, aggregated models from all the clients, time past : 1200msec, loss : 0.05, accuracy 98.58%
Accuracy per label : ['0:98.57%', '1:99.65%', '2:98.45%', '3:98.71%', '4:98.98%', '5:97.98%', '6:99.06%', '7:98.64%', '8:97.64%', '9:97.92%']

Cluster round 2 completed, aggregated models from all the clients, time past : 2300msec, loss : 0.05, accuracy 98.59%
Accuracy per label : ['0:98.67%', '1:99.65%', '2:98.45%', '3:98.71%', '4:98.98%', '5:98.09%', '6:99.06%', '7:98.74%', '8:97.43%', '9:97.92%']

Cluster round 3 completed, aggregated models from all the clients, time past : 3400msec, loss : 0.05, accuracy 98.55%
Accuracy per label : ['0:98.67%', '1:99.65%', '2:98.26%', '3:98.81%', '4:98.88%', '5:98.09%', '6:99.06%', '7:98.54%', '8:97.33%', '9:98.02%']

Cluster round 4 completed, aggregated models from all the clients, time past : 4500msec, loss : 0.05, accuracy 98.54%
Accuracy per label : ['0:98.78%', '1:99.65%', '2:98.16%', '3:98.81%', '4:98.88%', '5:98.09%', '6:98.96%', '7:98.44%', '8:97.33%', '9:98.12%']

Cluster round 5 completed, aggregated models from all the clients, time past : 5600msec, loss : 0.05, accuracy 98.52%
Accuracy per label : ['0:98.78%', '1:99.65%', '2:98.16%', '3:98.91%', '4:98.88%', '5:98.09%', '6:98.85%', '7:98.25%', '8:97.43%', '9:98.02%']

Before aggregation, loss : 0.05, accuracy : 98.65%
Before aggregation, accuracy per label : ['0:98.88%', '1:99.65%', '2:98.74%', '3:98.71%', '4:99.08%', '5:98.21%', '6:98.54%', '7:98.54%', '8:98.46%', '9:97.52%']
Aggregation to central server completed at central server round 250, loss : 0.05, accuracy: 98.63%, staleness : 4
Accuracy per label after aggregation : ['0:98.88%', '1:99.74%', '2:98.64%', '3:98.81%', '4:99.08%', '5:98.09%', '6:98.54%', '7:98.44%', '8:98.36%', '9:97.52%']

-----------------------------------------------------

Central server round 228 started
Model sent from central server with 100msec communication time, with loss :0.05, accuracy : 98.63%
Accuracy per label : ['0:98.88%', '1:99.74%', '2:98.64%', '3:98.81%', '4:99.08%', '5:98.09%', '6:98.54%', '7:98.44%', '8:98.36%', '9:97.52%']
The model is from round 223 from central server, staleness is 4

Cluster round 1 completed, aggregated models from all the clients, time past : 1200msec, loss : 0.05, accuracy 98.59%
Accuracy per label : ['0:98.57%', '1:99.65%', '2:98.45%', '3:98.71%', '4:99.08%', '5:97.98%', '6:99.06%', '7:98.74%', '8:97.64%', '9:97.82%']

Cluster round 2 completed, aggregated models from all the clients, time past : 2300msec, loss : 0.05, accuracy 98.58%
Accuracy per label : ['0:98.57%', '1:99.65%', '2:98.45%', '3:98.71%', '4:98.98%', '5:97.98%', '6:99.06%', '7:98.74%', '8:97.54%', '9:97.92%']

Cluster round 3 completed, aggregated models from all the clients, time past : 3400msec, loss : 0.05, accuracy 98.54%
Accuracy per label : ['0:98.67%', '1:99.65%', '2:98.26%', '3:98.81%', '4:98.88%', '5:98.09%', '6:98.85%', '7:98.54%', '8:97.33%', '9:98.12%']

Cluster round 4 completed, aggregated models from all the clients, time past : 4500msec, loss : 0.05, accuracy 98.53%
Accuracy per label : ['0:98.78%', '1:99.65%', '2:98.16%', '3:98.91%', '4:98.88%', '5:98.09%', '6:98.75%', '7:98.44%', '8:97.43%', '9:98.02%']

Cluster round 5 completed, aggregated models from all the clients, time past : 5600msec, loss : 0.05, accuracy 98.51%
Accuracy per label : ['0:98.67%', '1:99.65%', '2:98.16%', '3:98.91%', '4:98.88%', '5:97.98%', '6:98.85%', '7:98.25%', '8:97.54%', '9:98.02%']

Before aggregation, loss : 0.05, accuracy : 98.61%
Before aggregation, accuracy per label : ['0:98.88%', '1:99.65%', '2:98.64%', '3:98.51%', '4:98.98%', '5:98.21%', '6:98.75%', '7:98.25%', '8:98.46%', '9:97.62%']
Aggregation to central server completed at central server round 250, loss : 0.05, accuracy: 98.66%, staleness : 4
Accuracy per label after aggregation : ['0:98.88%', '1:99.65%', '2:98.64%', '3:98.81%', '4:99.08%', '5:98.21%', '6:98.75%', '7:98.35%', '8:98.46%', '9:97.62%']

-----------------------------------------------------

Central server round 235 started
Model sent from central server with 100msec communication time, with loss :0.05, accuracy : 98.66%
Accuracy per label : ['0:98.88%', '1:99.65%', '2:98.64%', '3:98.81%', '4:99.08%', '5:98.21%', '6:98.75%', '7:98.35%', '8:98.46%', '9:97.62%']
The model is from round 228 from central server, staleness is 6

Cluster round 1 completed, aggregated models from all the clients, time past : 1200msec, loss : 0.05, accuracy 98.53%
Accuracy per label : ['0:98.37%', '1:99.65%', '2:98.35%', '3:98.71%', '4:99.19%', '5:98.09%', '6:99.06%', '7:98.74%', '8:97.43%', '9:97.52%']

Cluster round 2 completed, aggregated models from all the clients, time past : 2300msec, loss : 0.05, accuracy 98.58%
Accuracy per label : ['0:98.67%', '1:99.65%', '2:98.45%', '3:98.81%', '4:98.98%', '5:98.09%', '6:99.06%', '7:98.74%', '8:97.23%', '9:97.92%']

Cluster round 3 completed, aggregated models from all the clients, time past : 3400msec, loss : 0.05, accuracy 98.55%
Accuracy per label : ['0:98.67%', '1:99.65%', '2:98.26%', '3:98.71%', '4:98.88%', '5:98.09%', '6:98.96%', '7:98.54%', '8:97.43%', '9:98.12%']

Cluster round 4 completed, aggregated models from all the clients, time past : 4500msec, loss : 0.05, accuracy 98.56%
Accuracy per label : ['0:98.67%', '1:99.65%', '2:98.26%', '3:98.91%', '4:98.88%', '5:98.09%', '6:98.85%', '7:98.44%', '8:97.43%', '9:98.22%']

Cluster round 5 completed, aggregated models from all the clients, time past : 5600msec, loss : 0.05, accuracy 98.56%
Accuracy per label : ['0:98.67%', '1:99.65%', '2:98.16%', '3:98.91%', '4:98.88%', '5:97.87%', '6:98.96%', '7:98.35%', '8:97.84%', '9:98.12%']

Before aggregation, loss : 0.05, accuracy : 98.66%
Before aggregation, accuracy per label : ['0:98.78%', '1:99.65%', '2:98.74%', '3:98.91%', '4:99.08%', '5:98.09%', '6:98.54%', '7:98.54%', '8:98.46%', '9:97.62%']
Aggregation to central server completed at central server round 250, loss : 0.05, accuracy: 98.65%, staleness : 6
Accuracy per label after aggregation : ['0:98.78%', '1:99.74%', '2:98.74%', '3:98.91%', '4:98.98%', '5:98.09%', '6:98.54%', '7:98.44%', '8:98.36%', '9:97.72%']

-----------------------------------------------------

Central server round 240 started
Model sent from central server with 100msec communication time, with loss :0.05, accuracy : 98.65%
Accuracy per label : ['0:98.78%', '1:99.74%', '2:98.74%', '3:98.91%', '4:98.98%', '5:98.09%', '6:98.54%', '7:98.44%', '8:98.36%', '9:97.72%']
The model is from round 235 from central server, staleness is 4

Cluster round 1 completed, aggregated models from all the clients, time past : 1200msec, loss : 0.05, accuracy 98.57%
Accuracy per label : ['0:98.47%', '1:99.65%', '2:98.45%', '3:98.71%', '4:98.98%', '5:97.98%', '6:99.06%', '7:98.74%', '8:97.64%', '9:97.82%']

Cluster round 2 completed, aggregated models from all the clients, time past : 2300msec, loss : 0.05, accuracy 98.57%
Accuracy per label : ['0:98.57%', '1:99.65%', '2:98.35%', '3:98.81%', '4:98.88%', '5:98.09%', '6:99.06%', '7:98.74%', '8:97.43%', '9:97.92%']

Cluster round 3 completed, aggregated models from all the clients, time past : 3400msec, loss : 0.05, accuracy 98.57%
Accuracy per label : ['0:98.67%', '1:99.65%', '2:98.26%', '3:98.81%', '4:98.88%', '5:98.09%', '6:98.75%', '7:98.64%', '8:97.64%', '9:98.12%']

Cluster round 4 completed, aggregated models from all the clients, time past : 4500msec, loss : 0.05, accuracy 98.56%
Accuracy per label : ['0:98.78%', '1:99.65%', '2:98.26%', '3:98.91%', '4:98.88%', '5:98.09%', '6:98.64%', '7:98.44%', '8:97.64%', '9:98.12%']

Cluster round 5 completed, aggregated models from all the clients, time past : 5600msec, loss : 0.05, accuracy 98.55%
Accuracy per label : ['0:98.67%', '1:99.65%', '2:98.16%', '3:98.91%', '4:98.88%', '5:97.98%', '6:98.75%', '7:98.35%', '8:97.84%', '9:98.12%']

Before aggregation, loss : 0.05, accuracy : 98.66%
Before aggregation, accuracy per label : ['0:98.78%', '1:99.65%', '2:98.74%', '3:98.91%', '4:99.08%', '5:98.09%', '6:98.54%', '7:98.54%', '8:98.46%', '9:97.62%']
Aggregation to central server completed at central server round 250, loss : 0.05, accuracy: 98.66%, staleness : 4
Accuracy per label after aggregation : ['0:98.78%', '1:99.74%', '2:98.74%', '3:98.91%', '4:98.98%', '5:98.09%', '6:98.64%', '7:98.44%', '8:98.36%', '9:97.72%']

-----------------------------------------------------

Central server round 247 started
Model sent from central server with 100msec communication time, with loss :0.05, accuracy : 98.66%
Accuracy per label : ['0:98.78%', '1:99.74%', '2:98.74%', '3:98.91%', '4:98.98%', '5:98.09%', '6:98.64%', '7:98.44%', '8:98.36%', '9:97.72%']
The model is from round 240 from central server, staleness is 6

Cluster round 1 completed, aggregated models from all the clients, time past : 1200msec, loss : 0.05, accuracy 98.57%
Accuracy per label : ['0:98.57%', '1:99.65%', '2:98.45%', '3:98.71%', '4:98.98%', '5:97.98%', '6:99.06%', '7:98.74%', '8:97.74%', '9:97.62%']

Cluster round 2 completed, aggregated models from all the clients, time past : 2300msec, loss : 0.05, accuracy 98.61%
Accuracy per label : ['0:98.57%', '1:99.65%', '2:98.35%', '3:98.81%', '4:98.98%', '5:98.09%', '6:99.06%', '7:98.74%', '8:97.64%', '9:98.02%']

Cluster round 3 completed, aggregated models from all the clients, time past : 3400msec, loss : 0.05, accuracy 98.60%
Accuracy per label : ['0:98.78%', '1:99.65%', '2:98.26%', '3:98.91%', '4:98.88%', '5:98.09%', '6:98.85%', '7:98.64%', '8:97.64%', '9:98.12%']

Cluster round 4 completed, aggregated models from all the clients, time past : 4500msec, loss : 0.05, accuracy 98.60%
Accuracy per label : ['0:98.78%', '1:99.65%', '2:98.16%', '3:98.91%', '4:98.88%', '5:98.09%', '6:98.85%', '7:98.44%', '8:97.84%', '9:98.22%']

Cluster round 5 completed, aggregated models from all the clients, time past : 5600msec, loss : 0.05, accuracy 98.59%
Accuracy per label : ['0:98.67%', '1:99.65%', '2:98.26%', '3:98.91%', '4:98.88%', '5:97.98%', '6:98.85%', '7:98.35%', '8:98.05%', '9:98.12%']

Before aggregation, loss : 0.05, accuracy : 98.60%
Before aggregation, accuracy per label : ['0:98.78%', '1:99.56%', '2:98.74%', '3:98.91%', '4:98.98%', '5:97.98%', '6:98.54%', '7:98.44%', '8:98.36%', '9:97.52%']
Aggregation to central server completed at central server round 250, loss : 0.04, accuracy: 98.62%, staleness : 6
Accuracy per label after aggregation : ['0:98.67%', '1:99.65%', '2:98.74%', '3:98.91%', '4:98.88%', '5:97.98%', '6:98.64%', '7:98.44%', '8:98.36%', '9:97.72%']

