-----------------------------------------------------

Central server round 1 started
Model sent from central server with 100msec communication time, with loss :2.31, accuracy : 8.86%
Accuracy per label : ['0:0.00%', '1:0.40%', '2:0.40%', '3:3.80%', '4:0.00%', '5:0.00%', '6:0.00%', '7:0.00%', '8:84.00%', '9:0.00%']
The model is from round 0 from central server, staleness is 0

Cluster round 1 completed, aggregated models from all the clients, time past : 800msec, loss : 2.10, accuracy 24.98%
Accuracy per label : ['0:49.40%', '1:12.50%', '2:0.20%', '3:0.00%', '4:0.30%', '5:33.80%', '6:49.40%', '7:30.40%', '8:9.40%', '9:64.40%']

Before aggregation, loss : 2.31, accuracy : 8.86%
Before aggregation, accuracy per label : ['0:0.00%', '1:0.40%', '2:0.40%', '3:3.80%', '4:0.00%', '5:0.00%', '6:0.00%', '7:0.00%', '8:84.00%', '9:0.00%']
Aggregation to central server completed at central server round 250, loss : 2.19, accuracy: 25.47%, staleness : 0
Accuracy per label after aggregation : ['0:54.30%', '1:12.80%', '2:1.30%', '3:0.10%', '4:0.40%', '5:28.70%', '6:54.30%', '7:24.50%', '8:15.90%', '9:62.40%']

-----------------------------------------------------

Central server round 6 started
Model sent from central server with 100msec communication time, with loss :2.19, accuracy : 25.47%
Accuracy per label : ['0:54.30%', '1:12.80%', '2:1.30%', '3:0.10%', '4:0.40%', '5:28.70%', '6:54.30%', '7:24.50%', '8:15.90%', '9:62.40%']
The model is from round 1 from central server, staleness is 4

Cluster round 1 completed, aggregated models from all the clients, time past : 800msec, loss : 1.93, accuracy 31.21%
Accuracy per label : ['0:42.60%', '1:21.30%', '2:18.80%', '3:11.40%', '4:3.80%', '5:40.90%', '6:48.10%', '7:18.60%', '8:52.00%', '9:54.60%']

Before aggregation, loss : 2.13, accuracy : 25.89%
Before aggregation, accuracy per label : ['0:45.00%', '1:16.80%', '2:1.40%', '3:2.90%', '4:1.50%', '5:47.60%', '6:21.40%', '7:28.30%', '8:38.30%', '9:55.70%']
Aggregation to central server completed at central server round 250, loss : 2.10, accuracy: 26.44%, staleness : 4
Accuracy per label after aggregation : ['0:46.90%', '1:17.30%', '2:3.20%', '3:4.50%', '4:1.50%', '5:48.30%', '6:20.00%', '7:25.80%', '8:40.90%', '9:56.00%']

-----------------------------------------------------

Central server round 11 started
Model sent from central server with 100msec communication time, with loss :2.10, accuracy : 26.44%
Accuracy per label : ['0:46.90%', '1:17.30%', '2:3.20%', '3:4.50%', '4:1.50%', '5:48.30%', '6:20.00%', '7:25.80%', '8:40.90%', '9:56.00%']
The model is from round 6 from central server, staleness is 4

Cluster round 1 completed, aggregated models from all the clients, time past : 800msec, loss : 1.91, accuracy 31.85%
Accuracy per label : ['0:48.50%', '1:33.70%', '2:3.70%', '3:6.80%', '4:6.70%', '5:40.70%', '6:62.20%', '7:24.80%', '8:30.10%', '9:61.30%']

Before aggregation, loss : 2.02, accuracy : 29.62%
Before aggregation, accuracy per label : ['0:52.20%', '1:23.30%', '2:10.00%', '3:6.70%', '4:7.90%', '5:46.60%', '6:30.20%', '7:20.40%', '8:46.10%', '9:52.80%']
Aggregation to central server completed at central server round 250, loss : 2.00, accuracy: 30.01%, staleness : 4
Accuracy per label after aggregation : ['0:52.10%', '1:24.70%', '2:8.40%', '3:6.50%', '4:8.30%', '5:46.20%', '6:33.60%', '7:21.00%', '8:44.90%', '9:54.40%']

-----------------------------------------------------

Central server round 16 started
Model sent from central server with 100msec communication time, with loss :2.00, accuracy : 30.01%
Accuracy per label : ['0:52.10%', '1:24.70%', '2:8.40%', '3:6.50%', '4:8.30%', '5:46.20%', '6:33.60%', '7:21.00%', '8:44.90%', '9:54.40%']
The model is from round 11 from central server, staleness is 4

Cluster round 1 completed, aggregated models from all the clients, time past : 800msec, loss : 1.87, accuracy 33.95%
Accuracy per label : ['0:60.50%', '1:38.40%', '2:9.20%', '3:7.40%', '4:32.10%', '5:41.40%', '6:52.70%', '7:32.70%', '8:27.70%', '9:37.40%']

Before aggregation, loss : 1.94, accuracy : 31.63%
Before aggregation, accuracy per label : ['0:53.90%', '1:27.10%', '2:9.90%', '3:5.50%', '4:12.50%', '5:47.30%', '6:39.90%', '7:23.40%', '8:48.80%', '9:48.00%']
Aggregation to central server completed at central server round 250, loss : 1.93, accuracy: 32.22%, staleness : 4
Accuracy per label after aggregation : ['0:55.90%', '1:28.90%', '2:9.60%', '3:5.80%', '4:15.10%', '5:47.10%', '6:41.60%', '7:25.20%', '8:46.60%', '9:46.40%']

-----------------------------------------------------

Central server round 21 started
Model sent from central server with 100msec communication time, with loss :1.93, accuracy : 32.22%
Accuracy per label : ['0:55.90%', '1:28.90%', '2:9.60%', '3:5.80%', '4:15.10%', '5:47.10%', '6:41.60%', '7:25.20%', '8:46.60%', '9:46.40%']
The model is from round 16 from central server, staleness is 4

Cluster round 1 completed, aggregated models from all the clients, time past : 800msec, loss : 1.83, accuracy 35.70%
Accuracy per label : ['0:55.10%', '1:47.40%', '2:5.20%', '3:9.40%', '4:27.90%', '5:39.80%', '6:54.70%', '7:33.80%', '8:29.70%', '9:54.00%']

Before aggregation, loss : 1.89, accuracy : 33.69%
Before aggregation, accuracy per label : ['0:50.10%', '1:31.20%', '2:9.20%', '3:8.50%', '4:18.30%', '5:42.50%', '6:48.20%', '7:27.70%', '8:53.10%', '9:48.10%']
Aggregation to central server completed at central server round 250, loss : 1.88, accuracy: 34.24%, staleness : 4
Accuracy per label after aggregation : ['0:52.10%', '1:33.10%', '2:8.10%', '3:8.80%', '4:20.30%', '5:42.80%', '6:49.30%', '7:28.80%', '8:51.10%', '9:48.00%']

-----------------------------------------------------

Central server round 26 started
Model sent from central server with 100msec communication time, with loss :1.88, accuracy : 34.24%
Accuracy per label : ['0:52.10%', '1:33.10%', '2:8.10%', '3:8.80%', '4:20.30%', '5:42.80%', '6:49.30%', '7:28.80%', '8:51.10%', '9:48.00%']
The model is from round 21 from central server, staleness is 4

Cluster round 1 completed, aggregated models from all the clients, time past : 800msec, loss : 1.79, accuracy 36.60%
Accuracy per label : ['0:50.30%', '1:45.80%', '2:12.20%', '3:12.30%', '4:26.30%', '5:39.60%', '6:55.40%', '7:47.90%', '8:34.80%', '9:41.40%']

Before aggregation, loss : 1.84, accuracy : 35.59%
Before aggregation, accuracy per label : ['0:49.70%', '1:35.10%', '2:11.60%', '3:9.30%', '4:25.40%', '5:41.40%', '6:51.20%', '7:30.90%', '8:55.00%', '9:46.30%']
Aggregation to central server completed at central server round 250, loss : 1.83, accuracy: 35.94%, staleness : 4
Accuracy per label after aggregation : ['0:50.30%', '1:36.50%', '2:11.60%', '3:9.30%', '4:25.60%', '5:41.40%', '6:51.20%', '7:34.10%', '8:53.10%', '9:46.30%']

-----------------------------------------------------

Central server round 31 started
Model sent from central server with 100msec communication time, with loss :1.83, accuracy : 35.94%
Accuracy per label : ['0:50.30%', '1:36.50%', '2:11.60%', '3:9.30%', '4:25.60%', '5:41.40%', '6:51.20%', '7:34.10%', '8:53.10%', '9:46.30%']
The model is from round 26 from central server, staleness is 4

Cluster round 1 completed, aggregated models from all the clients, time past : 800msec, loss : 1.75, accuracy 37.79%
Accuracy per label : ['0:50.90%', '1:54.40%', '2:7.00%', '3:11.10%', '4:21.20%', '5:39.00%', '6:64.80%', '7:43.20%', '8:44.00%', '9:42.30%']

Before aggregation, loss : 1.80, accuracy : 37.09%
Before aggregation, accuracy per label : ['0:48.80%', '1:40.00%', '2:11.70%', '3:11.90%', '4:27.90%', '5:39.00%', '6:53.70%', '7:35.20%', '8:55.50%', '9:47.20%']
Aggregation to central server completed at central server round 250, loss : 1.80, accuracy: 37.28%, staleness : 4
Accuracy per label after aggregation : ['0:49.10%', '1:41.40%', '2:11.40%', '3:11.90%', '4:27.00%', '5:39.40%', '6:54.80%', '7:36.60%', '8:54.40%', '9:46.80%']

-----------------------------------------------------

Central server round 36 started
Model sent from central server with 100msec communication time, with loss :1.80, accuracy : 37.28%
Accuracy per label : ['0:49.10%', '1:41.40%', '2:11.40%', '3:11.90%', '4:27.00%', '5:39.40%', '6:54.80%', '7:36.60%', '8:54.40%', '9:46.80%']
The model is from round 31 from central server, staleness is 4

Cluster round 1 completed, aggregated models from all the clients, time past : 800msec, loss : 1.73, accuracy 38.27%
Accuracy per label : ['0:54.80%', '1:49.20%', '2:12.40%', '3:11.50%', '4:40.00%', '5:39.90%', '6:51.60%', '7:44.70%', '8:38.20%', '9:40.40%']

Before aggregation, loss : 1.77, accuracy : 37.91%
Before aggregation, accuracy per label : ['0:49.90%', '1:42.50%', '2:10.30%', '3:14.10%', '4:28.10%', '5:38.30%', '6:56.10%', '7:37.10%', '8:56.30%', '9:46.40%']
Aggregation to central server completed at central server round 250, loss : 1.76, accuracy: 38.16%, staleness : 4
Accuracy per label after aggregation : ['0:51.20%', '1:43.60%', '2:10.40%', '3:13.90%', '4:29.50%', '5:38.70%', '6:55.70%', '7:38.50%', '8:54.20%', '9:45.90%']

-----------------------------------------------------

Central server round 41 started
Model sent from central server with 100msec communication time, with loss :1.76, accuracy : 38.16%
Accuracy per label : ['0:51.20%', '1:43.60%', '2:10.40%', '3:13.90%', '4:29.50%', '5:38.70%', '6:55.70%', '7:38.50%', '8:54.20%', '9:45.90%']
The model is from round 36 from central server, staleness is 4

Cluster round 1 completed, aggregated models from all the clients, time past : 800msec, loss : 1.70, accuracy 39.66%
Accuracy per label : ['0:43.70%', '1:57.10%', '2:18.40%', '3:11.70%', '4:34.70%', '5:38.30%', '6:59.50%', '7:45.00%', '8:41.60%', '9:46.60%']

Before aggregation, loss : 1.73, accuracy : 39.32%
Before aggregation, accuracy per label : ['0:50.20%', '1:44.60%', '2:15.30%', '3:17.00%', '4:28.40%', '5:36.10%', '6:59.00%', '7:38.70%', '8:56.60%', '9:47.30%']
Aggregation to central server completed at central server round 250, loss : 1.73, accuracy: 39.40%, staleness : 4
Accuracy per label after aggregation : ['0:49.20%', '1:46.30%', '2:15.60%', '3:16.40%', '4:29.10%', '5:36.20%', '6:59.40%', '7:39.50%', '8:55.00%', '9:47.30%']

-----------------------------------------------------

Central server round 46 started
Model sent from central server with 100msec communication time, with loss :1.73, accuracy : 39.40%
Accuracy per label : ['0:49.20%', '1:46.30%', '2:15.60%', '3:16.40%', '4:29.10%', '5:36.20%', '6:59.40%', '7:39.50%', '8:55.00%', '9:47.30%']
The model is from round 41 from central server, staleness is 4

Cluster round 1 completed, aggregated models from all the clients, time past : 800msec, loss : 1.67, accuracy 40.85%
Accuracy per label : ['0:48.90%', '1:55.90%', '2:9.50%', '3:15.70%', '4:29.30%', '5:36.70%', '6:64.80%', '7:39.60%', '8:57.40%', '9:50.70%']

Before aggregation, loss : 1.70, accuracy : 40.53%
Before aggregation, accuracy per label : ['0:48.40%', '1:51.30%', '2:19.10%', '3:17.40%', '4:27.90%', '5:34.40%', '6:60.10%', '7:43.50%', '8:55.10%', '9:48.10%']
Aggregation to central server completed at central server round 250, loss : 1.70, accuracy: 40.69%, staleness : 4
Accuracy per label after aggregation : ['0:48.70%', '1:51.60%', '2:18.30%', '3:17.20%', '4:28.30%', '5:34.60%', '6:61.10%', '7:43.00%', '8:55.30%', '9:48.80%']

-----------------------------------------------------

Central server round 51 started
Model sent from central server with 100msec communication time, with loss :1.70, accuracy : 40.69%
Accuracy per label : ['0:48.70%', '1:51.60%', '2:18.30%', '3:17.20%', '4:28.30%', '5:34.60%', '6:61.10%', '7:43.00%', '8:55.30%', '9:48.80%']
The model is from round 46 from central server, staleness is 4

Cluster round 1 completed, aggregated models from all the clients, time past : 800msec, loss : 1.67, accuracy 40.94%
Accuracy per label : ['0:48.50%', '1:59.60%', '2:15.50%', '3:16.10%', '4:14.70%', '5:35.70%', '6:70.20%', '7:35.40%', '8:55.60%', '9:58.10%']

Before aggregation, loss : 1.68, accuracy : 41.37%
Before aggregation, accuracy per label : ['0:50.10%', '1:53.10%', '2:15.40%', '3:18.30%', '4:29.80%', '5:34.70%', '6:60.10%', '7:45.10%', '8:56.90%', '9:50.20%']
Aggregation to central server completed at central server round 250, loss : 1.67, accuracy: 41.49%, staleness : 4
Accuracy per label after aggregation : ['0:50.30%', '1:53.40%', '2:16.20%', '3:18.30%', '4:26.40%', '5:34.80%', '6:62.60%', '7:44.10%', '8:56.70%', '9:52.10%']

-----------------------------------------------------

Central server round 56 started
Model sent from central server with 100msec communication time, with loss :1.67, accuracy : 41.49%
Accuracy per label : ['0:50.30%', '1:53.40%', '2:16.20%', '3:18.30%', '4:26.40%', '5:34.80%', '6:62.60%', '7:44.10%', '8:56.70%', '9:52.10%']
The model is from round 51 from central server, staleness is 4

Cluster round 1 completed, aggregated models from all the clients, time past : 800msec, loss : 1.61, accuracy 42.94%
Accuracy per label : ['0:52.70%', '1:47.40%', '2:22.40%', '3:16.40%', '4:42.70%', '5:35.30%', '6:58.30%', '7:47.90%', '8:57.20%', '9:49.10%']

Before aggregation, loss : 1.64, accuracy : 42.23%
Before aggregation, accuracy per label : ['0:51.80%', '1:53.60%', '2:16.70%', '3:18.10%', '4:31.70%', '5:35.50%', '6:62.40%', '7:46.60%', '8:55.90%', '9:50.00%']
Aggregation to central server completed at central server round 250, loss : 1.64, accuracy: 42.43%, staleness : 4
Accuracy per label after aggregation : ['0:52.10%', '1:53.00%', '2:17.60%', '3:17.60%', '4:33.10%', '5:35.70%', '6:62.20%', '7:47.00%', '8:56.00%', '9:50.00%']

-----------------------------------------------------

Central server round 61 started
Model sent from central server with 100msec communication time, with loss :1.64, accuracy : 42.43%
Accuracy per label : ['0:52.10%', '1:53.00%', '2:17.60%', '3:17.60%', '4:33.10%', '5:35.70%', '6:62.20%', '7:47.00%', '8:56.00%', '9:50.00%']
The model is from round 56 from central server, staleness is 4

Cluster round 1 completed, aggregated models from all the clients, time past : 800msec, loss : 1.59, accuracy 43.61%
Accuracy per label : ['0:60.80%', '1:56.90%', '2:29.60%', '3:27.60%', '4:39.80%', '5:28.20%', '6:56.30%', '7:47.10%', '8:47.20%', '9:42.60%']

Before aggregation, loss : 1.62, accuracy : 42.99%
Before aggregation, accuracy per label : ['0:52.10%', '1:54.60%', '2:19.10%', '3:19.60%', '4:32.50%', '5:35.40%', '6:64.20%', '7:45.20%', '8:56.90%', '9:50.30%']
Aggregation to central server completed at central server round 250, loss : 1.61, accuracy: 43.26%, staleness : 4
Accuracy per label after aggregation : ['0:53.20%', '1:54.80%', '2:20.70%', '3:20.80%', '4:33.80%', '5:34.50%', '6:63.70%', '7:45.40%', '8:56.20%', '9:49.50%']

-----------------------------------------------------

Central server round 66 started
Model sent from central server with 100msec communication time, with loss :1.61, accuracy : 43.26%
Accuracy per label : ['0:53.20%', '1:54.80%', '2:20.70%', '3:20.80%', '4:33.80%', '5:34.50%', '6:63.70%', '7:45.40%', '8:56.20%', '9:49.50%']
The model is from round 61 from central server, staleness is 4

Cluster round 1 completed, aggregated models from all the clients, time past : 800msec, loss : 1.56, accuracy 44.12%
Accuracy per label : ['0:57.10%', '1:53.70%', '2:10.50%', '3:22.20%', '4:40.70%', '5:28.90%', '6:70.80%', '7:51.80%', '8:50.30%', '9:55.20%']

Before aggregation, loss : 1.59, accuracy : 43.93%
Before aggregation, accuracy per label : ['0:53.30%', '1:55.10%', '2:23.90%', '3:22.30%', '4:33.40%', '5:33.20%', '6:64.70%', '7:46.20%', '8:57.30%', '9:49.90%']
Aggregation to central server completed at central server round 250, loss : 1.58, accuracy: 44.10%, staleness : 4
Accuracy per label after aggregation : ['0:53.80%', '1:54.90%', '2:22.00%', '3:22.60%', '4:34.20%', '5:33.10%', '6:66.10%', '7:47.10%', '8:56.40%', '9:50.80%']

-----------------------------------------------------

Central server round 71 started
Model sent from central server with 100msec communication time, with loss :1.58, accuracy : 44.10%
Accuracy per label : ['0:53.80%', '1:54.90%', '2:22.00%', '3:22.60%', '4:34.20%', '5:33.10%', '6:66.10%', '7:47.10%', '8:56.40%', '9:50.80%']
The model is from round 66 from central server, staleness is 4

Cluster round 1 completed, aggregated models from all the clients, time past : 800msec, loss : 1.55, accuracy 44.85%
Accuracy per label : ['0:54.10%', '1:59.60%', '2:25.90%', '3:20.50%', '4:45.70%', '5:27.30%', '6:63.90%', '7:51.90%', '8:59.30%', '9:40.30%']

Before aggregation, loss : 1.56, accuracy : 44.94%
Before aggregation, accuracy per label : ['0:54.00%', '1:55.40%', '2:22.90%', '3:24.70%', '4:34.00%', '5:34.20%', '6:64.40%', '7:49.90%', '8:57.80%', '9:52.10%']
Aggregation to central server completed at central server round 250, loss : 1.56, accuracy: 45.06%, staleness : 4
Accuracy per label after aggregation : ['0:54.00%', '1:55.60%', '2:23.90%', '3:24.20%', '4:35.20%', '5:33.80%', '6:64.60%', '7:50.00%', '8:58.30%', '9:51.00%']

-----------------------------------------------------

Central server round 76 started
Model sent from central server with 100msec communication time, with loss :1.56, accuracy : 45.06%
Accuracy per label : ['0:54.00%', '1:55.60%', '2:23.90%', '3:24.20%', '4:35.20%', '5:33.80%', '6:64.60%', '7:50.00%', '8:58.30%', '9:51.00%']
The model is from round 71 from central server, staleness is 4

Cluster round 1 completed, aggregated models from all the clients, time past : 800msec, loss : 1.52, accuracy 46.42%
Accuracy per label : ['0:52.20%', '1:58.30%', '2:29.70%', '3:20.70%', '4:38.80%', '5:33.10%', '6:58.30%', '7:54.40%', '8:66.30%', '9:52.40%']

Before aggregation, loss : 1.54, accuracy : 45.74%
Before aggregation, accuracy per label : ['0:53.20%', '1:55.90%', '2:23.30%', '3:25.40%', '4:36.50%', '5:33.90%', '6:65.60%', '7:49.90%', '8:59.20%', '9:54.50%']
Aggregation to central server completed at central server round 250, loss : 1.53, accuracy: 45.94%, staleness : 4
Accuracy per label after aggregation : ['0:53.20%', '1:56.50%', '2:23.90%', '3:24.60%', '4:37.00%', '5:34.00%', '6:65.30%', '7:50.50%', '8:60.10%', '9:54.30%']

-----------------------------------------------------

Central server round 81 started
Model sent from central server with 100msec communication time, with loss :1.53, accuracy : 45.94%
Accuracy per label : ['0:53.20%', '1:56.50%', '2:23.90%', '3:24.60%', '4:37.00%', '5:34.00%', '6:65.30%', '7:50.50%', '8:60.10%', '9:54.30%']
The model is from round 76 from central server, staleness is 4

Cluster round 1 completed, aggregated models from all the clients, time past : 800msec, loss : 1.52, accuracy 46.21%
Accuracy per label : ['0:52.10%', '1:60.80%', '2:19.10%', '3:26.70%', '4:40.80%', '5:30.50%', '6:65.00%', '7:46.70%', '8:72.30%', '9:48.10%']

Before aggregation, loss : 1.52, accuracy : 46.54%
Before aggregation, accuracy per label : ['0:53.00%', '1:59.10%', '2:24.30%', '3:26.80%', '4:34.80%', '5:35.50%', '6:63.90%', '7:51.90%', '8:59.70%', '9:56.40%']
Aggregation to central server completed at central server round 250, loss : 1.51, accuracy: 46.67%, staleness : 4
Accuracy per label after aggregation : ['0:52.60%', '1:59.90%', '2:23.40%', '3:26.40%', '4:36.00%', '5:35.20%', '6:64.30%', '7:51.30%', '8:61.70%', '9:55.90%']

-----------------------------------------------------

Central server round 86 started
Model sent from central server with 100msec communication time, with loss :1.51, accuracy : 46.67%
Accuracy per label : ['0:52.60%', '1:59.90%', '2:23.40%', '3:26.40%', '4:36.00%', '5:35.20%', '6:64.30%', '7:51.30%', '8:61.70%', '9:55.90%']
The model is from round 81 from central server, staleness is 4

Cluster round 1 completed, aggregated models from all the clients, time past : 800msec, loss : 1.47, accuracy 48.42%
Accuracy per label : ['0:51.00%', '1:58.80%', '2:30.20%', '3:28.90%', '4:35.80%', '5:36.90%', '6:59.20%', '7:60.60%', '8:65.10%', '9:57.70%']

Before aggregation, loss : 1.49, accuracy : 47.21%
Before aggregation, accuracy per label : ['0:52.80%', '1:59.90%', '2:24.30%', '3:27.70%', '4:37.10%', '5:34.10%', '6:64.60%', '7:54.90%', '8:63.70%', '9:53.00%']
Aggregation to central server completed at central server round 250, loss : 1.49, accuracy: 47.30%, staleness : 4
Accuracy per label after aggregation : ['0:52.10%', '1:59.30%', '2:24.60%', '3:28.20%', '4:37.00%', '5:34.60%', '6:63.90%', '7:55.60%', '8:64.00%', '9:53.70%']

-----------------------------------------------------

Central server round 91 started
Model sent from central server with 100msec communication time, with loss :1.49, accuracy : 47.30%
Accuracy per label : ['0:52.10%', '1:59.30%', '2:24.60%', '3:28.20%', '4:37.00%', '5:34.60%', '6:63.90%', '7:55.60%', '8:64.00%', '9:53.70%']
The model is from round 86 from central server, staleness is 4

Cluster round 1 completed, aggregated models from all the clients, time past : 800msec, loss : 1.46, accuracy 48.28%
Accuracy per label : ['0:49.70%', '1:54.60%', '2:21.70%', '3:28.80%', '4:35.90%', '5:48.60%', '6:67.60%', '7:56.40%', '8:62.70%', '9:56.80%']

Before aggregation, loss : 1.47, accuracy : 47.82%
Before aggregation, accuracy per label : ['0:51.60%', '1:61.90%', '2:25.90%', '3:31.20%', '4:36.90%', '5:34.20%', '6:65.50%', '7:54.80%', '8:64.60%', '9:51.60%']
Aggregation to central server completed at central server round 250, loss : 1.47, accuracy: 48.21%, staleness : 4
Accuracy per label after aggregation : ['0:51.50%', '1:61.40%', '2:25.40%', '3:31.20%', '4:37.70%', '5:36.20%', '6:65.60%', '7:55.50%', '8:64.60%', '9:53.00%']

-----------------------------------------------------

Central server round 96 started
Model sent from central server with 100msec communication time, with loss :1.47, accuracy : 48.21%
Accuracy per label : ['0:51.50%', '1:61.40%', '2:25.40%', '3:31.20%', '4:37.70%', '5:36.20%', '6:65.60%', '7:55.50%', '8:64.60%', '9:53.00%']
The model is from round 91 from central server, staleness is 4

Cluster round 1 completed, aggregated models from all the clients, time past : 800msec, loss : 1.45, accuracy 48.91%
Accuracy per label : ['0:56.70%', '1:70.40%', '2:24.70%', '3:39.10%', '4:34.80%', '5:39.70%', '6:55.50%', '7:55.40%', '8:65.30%', '9:47.50%']

Before aggregation, loss : 1.45, accuracy : 48.84%
Before aggregation, accuracy per label : ['0:53.70%', '1:62.40%', '2:28.10%', '3:31.20%', '4:34.90%', '5:37.10%', '6:66.50%', '7:56.60%', '8:63.90%', '9:54.00%']
Aggregation to central server completed at central server round 250, loss : 1.45, accuracy: 48.91%, staleness : 4
Accuracy per label after aggregation : ['0:53.90%', '1:63.40%', '2:27.50%', '3:31.80%', '4:35.20%', '5:37.50%', '6:65.40%', '7:56.70%', '8:64.30%', '9:53.40%']

-----------------------------------------------------

Central server round 101 started
Model sent from central server with 100msec communication time, with loss :1.45, accuracy : 48.91%
Accuracy per label : ['0:53.90%', '1:63.40%', '2:27.50%', '3:31.80%', '4:35.20%', '5:37.50%', '6:65.40%', '7:56.70%', '8:64.30%', '9:53.40%']
The model is from round 96 from central server, staleness is 4

Cluster round 1 completed, aggregated models from all the clients, time past : 800msec, loss : 1.43, accuracy 49.40%
Accuracy per label : ['0:53.70%', '1:70.00%', '2:29.60%', '3:38.60%', '4:29.80%', '5:35.50%', '6:64.10%', '7:53.00%', '8:66.30%', '9:53.40%']

Before aggregation, loss : 1.43, accuracy : 49.35%
Before aggregation, accuracy per label : ['0:55.00%', '1:64.80%', '2:28.90%', '3:31.10%', '4:35.00%', '5:39.00%', '6:65.50%', '7:56.80%', '8:64.20%', '9:53.20%']
Aggregation to central server completed at central server round 250, loss : 1.43, accuracy: 49.44%, staleness : 4
Accuracy per label after aggregation : ['0:55.10%', '1:65.50%', '2:29.40%', '3:31.70%', '4:34.30%', '5:38.60%', '6:65.70%', '7:56.40%', '8:64.20%', '9:53.50%']

-----------------------------------------------------

Central server round 106 started
Model sent from central server with 100msec communication time, with loss :1.43, accuracy : 49.44%
Accuracy per label : ['0:55.10%', '1:65.50%', '2:29.40%', '3:31.70%', '4:34.30%', '5:38.60%', '6:65.70%', '7:56.40%', '8:64.20%', '9:53.50%']
The model is from round 101 from central server, staleness is 4

Cluster round 1 completed, aggregated models from all the clients, time past : 800msec, loss : 1.41, accuracy 49.65%
Accuracy per label : ['0:50.20%', '1:72.40%', '2:36.50%', '3:44.50%', '4:27.90%', '5:33.50%', '6:65.00%', '7:53.60%', '8:61.10%', '9:51.80%']

Before aggregation, loss : 1.42, accuracy : 50.04%
Before aggregation, accuracy per label : ['0:53.80%', '1:66.00%', '2:32.40%', '3:34.40%', '4:33.20%', '5:39.90%', '6:66.20%', '7:55.50%', '8:66.30%', '9:52.70%']
Aggregation to central server completed at central server round 250, loss : 1.41, accuracy: 50.07%, staleness : 4
Accuracy per label after aggregation : ['0:53.70%', '1:66.70%', '2:32.80%', '3:35.60%', '4:32.80%', '5:39.10%', '6:66.20%', '7:55.30%', '8:65.70%', '9:52.80%']

-----------------------------------------------------

Central server round 111 started
Model sent from central server with 100msec communication time, with loss :1.41, accuracy : 50.07%
Accuracy per label : ['0:53.70%', '1:66.70%', '2:32.80%', '3:35.60%', '4:32.80%', '5:39.10%', '6:66.20%', '7:55.30%', '8:65.70%', '9:52.80%']
The model is from round 106 from central server, staleness is 4

Cluster round 1 completed, aggregated models from all the clients, time past : 800msec, loss : 1.40, accuracy 50.29%
Accuracy per label : ['0:56.10%', '1:55.10%', '2:34.70%', '3:20.00%', '4:48.10%', '5:38.70%', '6:62.80%', '7:65.80%', '8:59.20%', '9:62.40%']

Before aggregation, loss : 1.40, accuracy : 50.50%
Before aggregation, accuracy per label : ['0:53.80%', '1:64.30%', '2:33.10%', '3:33.50%', '4:32.80%', '5:41.90%', '6:66.50%', '7:57.80%', '8:66.50%', '9:54.80%']
Aggregation to central server completed at central server round 250, loss : 1.40, accuracy: 50.72%, staleness : 4
Accuracy per label after aggregation : ['0:54.20%', '1:63.50%', '2:34.00%', '3:31.90%', '4:34.80%', '5:41.60%', '6:66.40%', '7:59.30%', '8:65.40%', '9:56.10%']

-----------------------------------------------------

Central server round 116 started
Model sent from central server with 100msec communication time, with loss :1.40, accuracy : 50.72%
Accuracy per label : ['0:54.20%', '1:63.50%', '2:34.00%', '3:31.90%', '4:34.80%', '5:41.60%', '6:66.40%', '7:59.30%', '8:65.40%', '9:56.10%']
The model is from round 111 from central server, staleness is 4

Cluster round 1 completed, aggregated models from all the clients, time past : 800msec, loss : 1.38, accuracy 51.02%
Accuracy per label : ['0:55.20%', '1:63.00%', '2:36.50%', '3:35.90%', '4:32.20%', '5:43.60%', '6:65.70%', '7:59.50%', '8:69.80%', '9:48.80%']

Before aggregation, loss : 1.38, accuracy : 51.03%
Before aggregation, accuracy per label : ['0:54.30%', '1:64.50%', '2:32.60%', '3:33.30%', '4:39.50%', '5:40.60%', '6:66.20%', '7:58.10%', '8:67.40%', '9:53.80%']
Aggregation to central server completed at central server round 250, loss : 1.38, accuracy: 51.16%, staleness : 4
Accuracy per label after aggregation : ['0:54.70%', '1:64.30%', '2:33.60%', '3:33.30%', '4:38.90%', '5:41.00%', '6:66.10%', '7:58.70%', '8:67.90%', '9:53.10%']

-----------------------------------------------------

Central server round 121 started
Model sent from central server with 100msec communication time, with loss :1.38, accuracy : 51.16%
Accuracy per label : ['0:54.70%', '1:64.30%', '2:33.60%', '3:33.30%', '4:38.90%', '5:41.00%', '6:66.10%', '7:58.70%', '8:67.90%', '9:53.10%']
The model is from round 116 from central server, staleness is 4

Cluster round 1 completed, aggregated models from all the clients, time past : 800msec, loss : 1.38, accuracy 50.88%
Accuracy per label : ['0:57.70%', '1:63.00%', '2:44.80%', '3:23.50%', '4:42.50%', '5:39.60%', '6:69.70%', '7:55.80%', '8:58.80%', '9:53.40%']

Before aggregation, loss : 1.37, accuracy : 51.16%
Before aggregation, accuracy per label : ['0:55.60%', '1:64.00%', '2:33.60%', '3:31.00%', '4:40.00%', '5:43.60%', '6:64.90%', '7:58.00%', '8:66.90%', '9:54.00%']
Aggregation to central server completed at central server round 250, loss : 1.37, accuracy: 51.53%, staleness : 4
Accuracy per label after aggregation : ['0:56.70%', '1:63.70%', '2:35.70%', '3:30.90%', '4:40.70%', '5:42.80%', '6:65.90%', '7:58.00%', '8:66.50%', '9:54.40%']

-----------------------------------------------------

Central server round 126 started
Model sent from central server with 100msec communication time, with loss :1.37, accuracy : 51.53%
Accuracy per label : ['0:56.70%', '1:63.70%', '2:35.70%', '3:30.90%', '4:40.70%', '5:42.80%', '6:65.90%', '7:58.00%', '8:66.50%', '9:54.40%']
The model is from round 121 from central server, staleness is 4

Cluster round 1 completed, aggregated models from all the clients, time past : 800msec, loss : 1.36, accuracy 51.81%
Accuracy per label : ['0:64.40%', '1:63.40%', '2:28.00%', '3:32.70%', '4:34.80%', '5:46.00%', '6:62.70%', '7:60.80%', '8:63.60%', '9:61.70%']

Before aggregation, loss : 1.36, accuracy : 51.78%
Before aggregation, accuracy per label : ['0:55.80%', '1:64.20%', '2:35.00%', '3:33.40%', '4:41.10%', '5:42.00%', '6:65.10%', '7:59.00%', '8:67.10%', '9:55.10%']
Aggregation to central server completed at central server round 250, loss : 1.35, accuracy: 51.96%, staleness : 4
Accuracy per label after aggregation : ['0:57.00%', '1:64.40%', '2:34.30%', '3:33.30%', '4:40.50%', '5:42.60%', '6:65.00%', '7:60.00%', '8:66.70%', '9:55.80%']

-----------------------------------------------------

Central server round 131 started
Model sent from central server with 100msec communication time, with loss :1.35, accuracy : 51.96%
Accuracy per label : ['0:57.00%', '1:64.40%', '2:34.30%', '3:33.30%', '4:40.50%', '5:42.60%', '6:65.00%', '7:60.00%', '8:66.70%', '9:55.80%']
The model is from round 126 from central server, staleness is 4

Cluster round 1 completed, aggregated models from all the clients, time past : 800msec, loss : 1.34, accuracy 52.73%
Accuracy per label : ['0:51.10%', '1:60.40%', '2:40.10%', '3:31.00%', '4:45.10%', '5:38.30%', '6:64.10%', '7:66.80%', '8:72.00%', '9:58.40%']

Before aggregation, loss : 1.34, accuracy : 52.37%
Before aggregation, accuracy per label : ['0:57.30%', '1:65.90%', '2:35.60%', '3:37.60%', '4:37.10%', '5:42.00%', '6:64.90%', '7:59.80%', '8:67.60%', '9:55.90%']
Aggregation to central server completed at central server round 250, loss : 1.34, accuracy: 52.47%, staleness : 4
Accuracy per label after aggregation : ['0:57.20%', '1:65.30%', '2:35.80%', '3:36.60%', '4:38.00%', '5:41.90%', '6:64.70%', '7:60.60%', '8:68.20%', '9:56.40%']

-----------------------------------------------------

Central server round 136 started
Model sent from central server with 100msec communication time, with loss :1.34, accuracy : 52.47%
Accuracy per label : ['0:57.20%', '1:65.30%', '2:35.80%', '3:36.60%', '4:38.00%', '5:41.90%', '6:64.70%', '7:60.60%', '8:68.20%', '9:56.40%']
The model is from round 131 from central server, staleness is 4

Cluster round 1 completed, aggregated models from all the clients, time past : 800msec, loss : 1.33, accuracy 52.24%
Accuracy per label : ['0:59.90%', '1:64.20%', '2:29.60%', '3:35.60%', '4:43.00%', '5:32.10%', '6:72.10%', '7:54.50%', '8:69.20%', '9:62.20%']

Before aggregation, loss : 1.33, accuracy : 52.74%
Before aggregation, accuracy per label : ['0:57.90%', '1:65.30%', '2:34.10%', '3:35.60%', '4:40.40%', '5:42.40%', '6:64.90%', '7:62.00%', '8:67.00%', '9:57.80%']
Aggregation to central server completed at central server round 250, loss : 1.33, accuracy: 52.93%, staleness : 4
Accuracy per label after aggregation : ['0:58.70%', '1:65.80%', '2:33.50%', '3:35.60%', '4:40.90%', '5:41.70%', '6:66.20%', '7:60.80%', '8:67.50%', '9:58.60%']

-----------------------------------------------------

Central server round 141 started
Model sent from central server with 100msec communication time, with loss :1.33, accuracy : 52.93%
Accuracy per label : ['0:58.70%', '1:65.80%', '2:33.50%', '3:35.60%', '4:40.90%', '5:41.70%', '6:66.20%', '7:60.80%', '8:67.50%', '9:58.60%']
The model is from round 136 from central server, staleness is 4

Cluster round 1 completed, aggregated models from all the clients, time past : 800msec, loss : 1.32, accuracy 53.50%
Accuracy per label : ['0:58.60%', '1:70.20%', '2:36.80%', '3:28.30%', '4:47.10%', '5:39.80%', '6:65.10%', '7:60.40%', '8:72.30%', '9:56.40%']

Before aggregation, loss : 1.32, accuracy : 53.30%
Before aggregation, accuracy per label : ['0:58.20%', '1:66.90%', '2:36.20%', '3:33.90%', '4:39.80%', '5:42.10%', '6:67.30%', '7:60.80%', '8:68.60%', '9:59.20%']
Aggregation to central server completed at central server round 250, loss : 1.32, accuracy: 53.42%, staleness : 4
Accuracy per label after aggregation : ['0:58.70%', '1:67.50%', '2:35.80%', '3:34.00%', '4:40.60%', '5:42.40%', '6:66.90%', '7:60.80%', '8:69.00%', '9:58.50%']

-----------------------------------------------------

Central server round 146 started
Model sent from central server with 100msec communication time, with loss :1.32, accuracy : 53.42%
Accuracy per label : ['0:58.70%', '1:67.50%', '2:35.80%', '3:34.00%', '4:40.60%', '5:42.40%', '6:66.90%', '7:60.80%', '8:69.00%', '9:58.50%']
The model is from round 141 from central server, staleness is 4

Cluster round 1 completed, aggregated models from all the clients, time past : 800msec, loss : 1.33, accuracy 52.39%
Accuracy per label : ['0:53.80%', '1:77.30%', '2:29.40%', '3:47.00%', '4:31.70%', '5:27.40%', '6:70.90%', '7:63.60%', '8:70.70%', '9:52.10%']

Before aggregation, loss : 1.31, accuracy : 53.60%
Before aggregation, accuracy per label : ['0:59.40%', '1:67.70%', '2:36.30%', '3:34.40%', '4:44.40%', '5:41.30%', '6:66.10%', '7:60.30%', '8:69.00%', '9:57.10%']
Aggregation to central server completed at central server round 250, loss : 1.30, accuracy: 53.59%, staleness : 4
Accuracy per label after aggregation : ['0:59.00%', '1:69.10%', '2:35.60%', '3:36.00%', '4:43.00%', '5:39.90%', '6:67.20%', '7:60.20%', '8:69.30%', '9:56.60%']

-----------------------------------------------------

Central server round 151 started
Model sent from central server with 100msec communication time, with loss :1.30, accuracy : 53.59%
Accuracy per label : ['0:59.00%', '1:69.10%', '2:35.60%', '3:36.00%', '4:43.00%', '5:39.90%', '6:67.20%', '7:60.20%', '8:69.30%', '9:56.60%']
The model is from round 146 from central server, staleness is 4

Cluster round 1 completed, aggregated models from all the clients, time past : 800msec, loss : 1.29, accuracy 54.40%
Accuracy per label : ['0:59.90%', '1:69.80%', '2:41.90%', '3:33.20%', '4:42.60%', '5:39.70%', '6:68.70%', '7:61.60%', '8:67.80%', '9:58.80%']

Before aggregation, loss : 1.29, accuracy : 53.90%
Before aggregation, accuracy per label : ['0:59.50%', '1:68.50%', '2:36.10%', '3:36.40%', '4:43.40%', '5:40.40%', '6:66.50%', '7:60.00%', '8:69.60%', '9:58.60%']
Aggregation to central server completed at central server round 250, loss : 1.29, accuracy: 54.13%, staleness : 4
Accuracy per label after aggregation : ['0:60.00%', '1:68.80%', '2:36.60%', '3:36.40%', '4:43.80%', '5:40.40%', '6:66.90%', '7:60.10%', '8:69.60%', '9:58.70%']

-----------------------------------------------------

Central server round 156 started
Model sent from central server with 100msec communication time, with loss :1.29, accuracy : 54.13%
Accuracy per label : ['0:60.00%', '1:68.80%', '2:36.60%', '3:36.40%', '4:43.80%', '5:40.40%', '6:66.90%', '7:60.10%', '8:69.60%', '9:58.70%']
The model is from round 151 from central server, staleness is 4

Cluster round 1 completed, aggregated models from all the clients, time past : 800msec, loss : 1.30, accuracy 53.49%
Accuracy per label : ['0:63.90%', '1:72.00%', '2:32.00%', '3:28.80%', '4:43.80%', '5:39.90%', '6:77.30%', '7:54.20%', '8:71.30%', '9:51.70%']

Before aggregation, loss : 1.28, accuracy : 54.56%
Before aggregation, accuracy per label : ['0:60.70%', '1:69.40%', '2:38.40%', '3:36.30%', '4:42.60%', '5:40.50%', '6:67.40%', '7:61.50%', '8:70.00%', '9:58.80%']
Aggregation to central server completed at central server round 250, loss : 1.28, accuracy: 54.52%, staleness : 4
Accuracy per label after aggregation : ['0:60.90%', '1:70.00%', '2:37.30%', '3:35.80%', '4:43.40%', '5:40.40%', '6:68.90%', '7:60.40%', '8:70.40%', '9:57.70%']

-----------------------------------------------------

Central server round 161 started
Model sent from central server with 100msec communication time, with loss :1.28, accuracy : 54.52%
Accuracy per label : ['0:60.90%', '1:70.00%', '2:37.30%', '3:35.80%', '4:43.40%', '5:40.40%', '6:68.90%', '7:60.40%', '8:70.40%', '9:57.70%']
The model is from round 156 from central server, staleness is 4

Cluster round 1 completed, aggregated models from all the clients, time past : 800msec, loss : 1.30, accuracy 53.61%
Accuracy per label : ['0:51.10%', '1:60.40%', '2:29.90%', '3:29.10%', '4:48.50%', '5:33.10%', '6:78.30%', '7:64.50%', '8:73.80%', '9:67.40%']

Before aggregation, loss : 1.27, accuracy : 54.77%
Before aggregation, accuracy per label : ['0:59.80%', '1:69.50%', '2:37.30%', '3:35.80%', '4:44.50%', '5:41.40%', '6:69.60%', '7:61.20%', '8:71.50%', '9:57.10%']
Aggregation to central server completed at central server round 250, loss : 1.27, accuracy: 54.86%, staleness : 4
Accuracy per label after aggregation : ['0:59.30%', '1:68.20%', '2:36.50%', '3:35.10%', '4:44.90%', '5:41.00%', '6:71.20%', '7:62.20%', '8:71.80%', '9:58.40%']

-----------------------------------------------------

Central server round 166 started
Model sent from central server with 100msec communication time, with loss :1.27, accuracy : 54.86%
Accuracy per label : ['0:59.30%', '1:68.20%', '2:36.50%', '3:35.10%', '4:44.90%', '5:41.00%', '6:71.20%', '7:62.20%', '8:71.80%', '9:58.40%']
The model is from round 161 from central server, staleness is 4

Cluster round 1 completed, aggregated models from all the clients, time past : 800msec, loss : 1.27, accuracy 54.99%
Accuracy per label : ['0:52.20%', '1:64.00%', '2:36.90%', '3:26.30%', '4:50.80%', '5:50.40%', '6:70.40%', '7:61.60%', '8:67.10%', '9:70.20%']

Before aggregation, loss : 1.26, accuracy : 55.09%
Before aggregation, accuracy per label : ['0:60.30%', '1:68.60%', '2:36.10%', '3:35.20%', '4:46.80%', '5:41.20%', '6:70.10%', '7:60.60%', '8:72.00%', '9:60.00%']
Aggregation to central server completed at central server round 250, loss : 1.26, accuracy: 55.22%, staleness : 4
Accuracy per label after aggregation : ['0:59.60%', '1:68.40%', '2:36.40%', '3:34.30%', '4:47.00%', '5:42.30%', '6:70.10%', '7:60.70%', '8:71.90%', '9:61.50%']

-----------------------------------------------------

Central server round 171 started
Model sent from central server with 100msec communication time, with loss :1.26, accuracy : 55.22%
Accuracy per label : ['0:59.60%', '1:68.40%', '2:36.40%', '3:34.30%', '4:47.00%', '5:42.30%', '6:70.10%', '7:60.70%', '8:71.90%', '9:61.50%']
The model is from round 166 from central server, staleness is 4

Cluster round 1 completed, aggregated models from all the clients, time past : 800msec, loss : 1.30, accuracy 54.90%
Accuracy per label : ['0:73.30%', '1:64.20%', '2:40.50%', '3:30.90%', '4:32.40%', '5:43.80%', '6:64.90%', '7:61.60%', '8:69.10%', '9:68.30%']

Before aggregation, loss : 1.25, accuracy : 55.48%
Before aggregation, accuracy per label : ['0:60.60%', '1:68.70%', '2:36.90%', '3:35.40%', '4:47.50%', '5:42.20%', '6:69.70%', '7:61.00%', '8:72.50%', '9:60.30%']
Aggregation to central server completed at central server round 250, loss : 1.25, accuracy: 55.60%, staleness : 4
Accuracy per label after aggregation : ['0:62.50%', '1:68.50%', '2:37.90%', '3:35.10%', '4:45.60%', '5:42.70%', '6:69.40%', '7:60.90%', '8:72.10%', '9:61.30%']

-----------------------------------------------------

Central server round 176 started
Model sent from central server with 100msec communication time, with loss :1.25, accuracy : 55.60%
Accuracy per label : ['0:62.50%', '1:68.50%', '2:37.90%', '3:35.10%', '4:45.60%', '5:42.70%', '6:69.40%', '7:60.90%', '8:72.10%', '9:61.30%']
The model is from round 171 from central server, staleness is 4

Cluster round 1 completed, aggregated models from all the clients, time past : 800msec, loss : 1.24, accuracy 56.04%
Accuracy per label : ['0:68.50%', '1:70.10%', '2:40.00%', '3:33.70%', '4:44.60%', '5:38.50%', '6:77.50%', '7:63.20%', '8:64.90%', '9:59.40%']

Before aggregation, loss : 1.24, accuracy : 55.76%
Before aggregation, accuracy per label : ['0:62.00%', '1:68.40%', '2:37.20%', '3:35.10%', '4:46.00%', '5:42.30%', '6:70.10%', '7:62.00%', '8:73.80%', '9:60.70%']
Aggregation to central server completed at central server round 250, loss : 1.24, accuracy: 56.12%, staleness : 4
Accuracy per label after aggregation : ['0:63.40%', '1:68.80%', '2:37.60%', '3:36.00%', '4:46.10%', '5:42.60%', '6:70.90%', '7:62.60%', '8:72.70%', '9:60.50%']

-----------------------------------------------------

Central server round 181 started
Model sent from central server with 100msec communication time, with loss :1.24, accuracy : 56.12%
Accuracy per label : ['0:63.40%', '1:68.80%', '2:37.60%', '3:36.00%', '4:46.10%', '5:42.60%', '6:70.90%', '7:62.60%', '8:72.70%', '9:60.50%']
The model is from round 176 from central server, staleness is 4

Cluster round 1 completed, aggregated models from all the clients, time past : 800msec, loss : 1.23, accuracy 56.65%
Accuracy per label : ['0:65.50%', '1:62.00%', '2:42.80%', '3:39.70%', '4:40.90%', '5:38.30%', '6:72.80%', '7:72.20%', '8:63.60%', '9:68.70%']

Before aggregation, loss : 1.22, accuracy : 56.65%
Before aggregation, accuracy per label : ['0:61.00%', '1:70.00%', '2:41.00%', '3:35.00%', '4:45.70%', '5:45.70%', '6:68.80%', '7:64.60%', '8:71.50%', '9:63.20%']
Aggregation to central server completed at central server round 250, loss : 1.22, accuracy: 56.94%, staleness : 4
Accuracy per label after aggregation : ['0:62.10%', '1:69.40%', '2:41.00%', '3:36.00%', '4:45.10%', '5:45.00%', '6:69.40%', '7:66.40%', '8:71.00%', '9:64.00%']

-----------------------------------------------------

Central server round 186 started
Model sent from central server with 100msec communication time, with loss :1.22, accuracy : 56.94%
Accuracy per label : ['0:62.10%', '1:69.40%', '2:41.00%', '3:36.00%', '4:45.10%', '5:45.00%', '6:69.40%', '7:66.40%', '8:71.00%', '9:64.00%']
The model is from round 181 from central server, staleness is 4

Cluster round 1 completed, aggregated models from all the clients, time past : 800msec, loss : 1.23, accuracy 56.65%
Accuracy per label : ['0:70.70%', '1:71.80%', '2:27.50%', '3:35.70%', '4:49.10%', '5:47.80%', '6:72.50%', '7:66.90%', '8:67.70%', '9:56.80%']

Before aggregation, loss : 1.21, accuracy : 57.35%
Before aggregation, accuracy per label : ['0:61.80%', '1:70.90%', '2:41.80%', '3:36.90%', '4:45.90%', '5:45.00%', '6:69.70%', '7:67.10%', '8:71.30%', '9:63.10%']
Aggregation to central server completed at central server round 250, loss : 1.21, accuracy: 57.27%, staleness : 4
Accuracy per label after aggregation : ['0:63.20%', '1:71.50%', '2:39.60%', '3:36.80%', '4:46.10%', '5:45.30%', '6:69.80%', '7:67.00%', '8:71.30%', '9:62.10%']

-----------------------------------------------------

Central server round 191 started
Model sent from central server with 100msec communication time, with loss :1.21, accuracy : 57.27%
Accuracy per label : ['0:63.20%', '1:71.50%', '2:39.60%', '3:36.80%', '4:46.10%', '5:45.30%', '6:69.80%', '7:67.00%', '8:71.30%', '9:62.10%']
The model is from round 186 from central server, staleness is 4

Cluster round 1 completed, aggregated models from all the clients, time past : 800msec, loss : 1.22, accuracy 57.46%
Accuracy per label : ['0:61.50%', '1:75.30%', '2:31.70%', '3:44.30%', '4:50.60%', '5:54.60%', '6:64.70%', '7:68.60%', '8:64.60%', '9:58.70%']

Before aggregation, loss : 1.21, accuracy : 57.29%
Before aggregation, accuracy per label : ['0:64.20%', '1:69.40%', '2:40.50%', '3:34.80%', '4:48.80%', '5:45.50%', '6:70.50%', '7:66.40%', '8:71.60%', '9:61.20%']
Aggregation to central server completed at central server round 250, loss : 1.20, accuracy: 57.52%, staleness : 4
Accuracy per label after aggregation : ['0:64.50%', '1:70.30%', '2:40.00%', '3:35.60%', '4:49.40%', '5:46.80%', '6:69.80%', '7:66.90%', '8:70.80%', '9:61.10%']

-----------------------------------------------------

Central server round 196 started
Model sent from central server with 100msec communication time, with loss :1.20, accuracy : 57.52%
Accuracy per label : ['0:64.50%', '1:70.30%', '2:40.00%', '3:35.60%', '4:49.40%', '5:46.80%', '6:69.80%', '7:66.90%', '8:70.80%', '9:61.10%']
The model is from round 191 from central server, staleness is 4

Cluster round 1 completed, aggregated models from all the clients, time past : 800msec, loss : 1.21, accuracy 57.23%
Accuracy per label : ['0:53.20%', '1:72.70%', '2:43.00%', '3:43.40%', '4:42.60%', '5:53.30%', '6:70.60%', '7:58.40%', '8:73.90%', '9:61.20%']

Before aggregation, loss : 1.19, accuracy : 57.99%
Before aggregation, accuracy per label : ['0:63.20%', '1:70.60%', '2:41.50%', '3:38.60%', '4:48.20%', '5:45.80%', '6:70.90%', '7:66.50%', '8:71.90%', '9:62.70%']
Aggregation to central server completed at central server round 250, loss : 1.19, accuracy: 58.13%, staleness : 4
Accuracy per label after aggregation : ['0:62.40%', '1:71.30%', '2:41.90%', '3:39.40%', '4:47.90%', '5:46.40%', '6:70.90%', '7:65.90%', '8:72.00%', '9:63.20%']

-----------------------------------------------------

Central server round 201 started
Model sent from central server with 100msec communication time, with loss :1.19, accuracy : 58.13%
Accuracy per label : ['0:62.40%', '1:71.30%', '2:41.90%', '3:39.40%', '4:47.90%', '5:46.40%', '6:70.90%', '7:65.90%', '8:72.00%', '9:63.20%']
The model is from round 196 from central server, staleness is 4

Cluster round 1 completed, aggregated models from all the clients, time past : 800msec, loss : 1.23, accuracy 56.16%
Accuracy per label : ['0:51.30%', '1:78.20%', '2:26.60%', '3:20.40%', '4:49.60%', '5:66.60%', '6:74.50%', '7:63.30%', '8:73.70%', '9:57.40%']

Before aggregation, loss : 1.18, accuracy : 58.50%
Before aggregation, accuracy per label : ['0:63.50%', '1:72.30%', '2:42.30%', '3:39.80%', '4:47.30%', '5:47.60%', '6:71.10%', '7:65.10%', '8:72.00%', '9:64.00%']
Aggregation to central server completed at central server round 250, loss : 1.18, accuracy: 58.48%, staleness : 4
Accuracy per label after aggregation : ['0:63.00%', '1:73.20%', '2:40.40%', '3:37.30%', '4:47.80%', '5:49.90%', '6:72.20%', '7:65.30%', '8:72.50%', '9:63.20%']

-----------------------------------------------------

Central server round 206 started
Model sent from central server with 100msec communication time, with loss :1.18, accuracy : 58.48%
Accuracy per label : ['0:63.00%', '1:73.20%', '2:40.40%', '3:37.30%', '4:47.80%', '5:49.90%', '6:72.20%', '7:65.30%', '8:72.50%', '9:63.20%']
The model is from round 201 from central server, staleness is 4

Cluster round 1 completed, aggregated models from all the clients, time past : 800msec, loss : 1.20, accuracy 57.71%
Accuracy per label : ['0:62.20%', '1:66.90%', '2:41.80%', '3:28.20%', '4:59.50%', '5:47.70%', '6:64.30%', '7:73.80%', '8:74.30%', '9:58.40%']

Before aggregation, loss : 1.18, accuracy : 58.60%
Before aggregation, accuracy per label : ['0:63.20%', '1:73.50%', '2:41.50%', '3:38.20%', '4:48.00%', '5:48.20%', '6:72.40%', '7:65.70%', '8:73.70%', '9:61.60%']
Aggregation to central server completed at central server round 250, loss : 1.17, accuracy: 58.59%, staleness : 4
Accuracy per label after aggregation : ['0:63.10%', '1:72.80%', '2:41.60%', '3:36.60%', '4:49.80%', '5:48.00%', '6:71.50%', '7:67.10%', '8:74.10%', '9:61.30%']

-----------------------------------------------------

Central server round 211 started
Model sent from central server with 100msec communication time, with loss :1.17, accuracy : 58.59%
Accuracy per label : ['0:63.10%', '1:72.80%', '2:41.60%', '3:36.60%', '4:49.80%', '5:48.00%', '6:71.50%', '7:67.10%', '8:74.10%', '9:61.30%']
The model is from round 206 from central server, staleness is 4

Cluster round 1 completed, aggregated models from all the clients, time past : 800msec, loss : 1.18, accuracy 58.44%
Accuracy per label : ['0:60.10%', '1:71.10%', '2:37.20%', '3:32.90%', '4:48.10%', '5:57.60%', '6:73.50%', '7:65.40%', '8:69.30%', '9:69.20%']

Before aggregation, loss : 1.17, accuracy : 59.02%
Before aggregation, accuracy per label : ['0:62.70%', '1:73.40%', '2:42.50%', '3:40.70%', '4:51.20%', '5:47.50%', '6:69.60%', '7:66.90%', '8:74.60%', '9:61.10%']
Aggregation to central server completed at central server round 250, loss : 1.17, accuracy: 59.10%, staleness : 4
Accuracy per label after aggregation : ['0:63.10%', '1:73.20%', '2:41.90%', '3:40.20%', '4:50.70%', '5:48.80%', '6:70.00%', '7:66.80%', '8:74.20%', '9:62.10%']

-----------------------------------------------------

Central server round 216 started
Model sent from central server with 100msec communication time, with loss :1.17, accuracy : 59.10%
Accuracy per label : ['0:63.10%', '1:73.20%', '2:41.90%', '3:40.20%', '4:50.70%', '5:48.80%', '6:70.00%', '7:66.80%', '8:74.20%', '9:62.10%']
The model is from round 211 from central server, staleness is 4

Cluster round 1 completed, aggregated models from all the clients, time past : 800msec, loss : 1.18, accuracy 58.70%
Accuracy per label : ['0:60.00%', '1:70.70%', '2:36.30%', '3:33.20%', '4:50.30%', '5:58.50%', '6:72.90%', '7:65.50%', '8:69.70%', '9:69.90%']

Before aggregation, loss : 1.16, accuracy : 59.22%
Before aggregation, accuracy per label : ['0:62.40%', '1:73.40%', '2:42.50%', '3:43.00%', '4:51.60%', '5:47.90%', '6:67.90%', '7:67.00%', '8:75.00%', '9:61.50%']
Aggregation to central server completed at central server round 250, loss : 1.16, accuracy: 59.57%, staleness : 4
Accuracy per label after aggregation : ['0:63.10%', '1:73.60%', '2:42.00%', '3:42.60%', '4:51.50%', '5:49.40%', '6:68.90%', '7:66.90%', '8:74.90%', '9:62.80%']

-----------------------------------------------------

Central server round 221 started
Model sent from central server with 100msec communication time, with loss :1.16, accuracy : 59.57%
Accuracy per label : ['0:63.10%', '1:73.60%', '2:42.00%', '3:42.60%', '4:51.50%', '5:49.40%', '6:68.90%', '7:66.90%', '8:74.90%', '9:62.80%']
The model is from round 216 from central server, staleness is 4

Cluster round 1 completed, aggregated models from all the clients, time past : 800msec, loss : 1.17, accuracy 58.86%
Accuracy per label : ['0:60.40%', '1:70.90%', '2:37.40%', '3:33.50%', '4:49.70%', '5:58.20%', '6:73.10%', '7:65.80%', '8:70.00%', '9:69.60%']

Before aggregation, loss : 1.15, accuracy : 59.48%
Before aggregation, accuracy per label : ['0:62.30%', '1:73.90%', '2:42.40%', '3:44.30%', '4:51.70%', '5:47.90%', '6:67.60%', '7:66.80%', '8:75.70%', '9:62.20%']
Aggregation to central server completed at central server round 250, loss : 1.15, accuracy: 59.62%, staleness : 4
Accuracy per label after aggregation : ['0:62.70%', '1:73.90%', '2:42.10%', '3:43.30%', '4:51.70%', '5:49.20%', '6:68.30%', '7:67.10%', '8:75.00%', '9:62.90%']

-----------------------------------------------------

Central server round 226 started
Model sent from central server with 100msec communication time, with loss :1.15, accuracy : 59.62%
Accuracy per label : ['0:62.70%', '1:73.90%', '2:42.10%', '3:43.30%', '4:51.70%', '5:49.20%', '6:68.30%', '7:67.10%', '8:75.00%', '9:62.90%']
The model is from round 221 from central server, staleness is 4

Cluster round 1 completed, aggregated models from all the clients, time past : 800msec, loss : 1.16, accuracy 59.27%
Accuracy per label : ['0:61.10%', '1:70.90%', '2:37.60%', '3:32.60%', '4:50.80%', '5:59.00%', '6:73.60%', '7:67.10%', '8:70.10%', '9:69.90%']

Before aggregation, loss : 1.15, accuracy : 59.85%
Before aggregation, accuracy per label : ['0:62.60%', '1:74.00%', '2:43.20%', '3:44.50%', '4:52.90%', '5:48.20%', '6:67.70%', '7:67.30%', '8:75.60%', '9:62.50%']
Aggregation to central server completed at central server round 250, loss : 1.15, accuracy: 59.91%, staleness : 4
Accuracy per label after aggregation : ['0:63.00%', '1:73.90%', '2:42.00%', '3:43.60%', '4:52.60%', '5:49.30%', '6:68.40%', '7:67.40%', '8:75.30%', '9:63.60%']

-----------------------------------------------------

Central server round 231 started
Model sent from central server with 100msec communication time, with loss :1.15, accuracy : 59.91%
Accuracy per label : ['0:63.00%', '1:73.90%', '2:42.00%', '3:43.60%', '4:52.60%', '5:49.30%', '6:68.40%', '7:67.40%', '8:75.30%', '9:63.60%']
The model is from round 226 from central server, staleness is 4

Cluster round 1 completed, aggregated models from all the clients, time past : 800msec, loss : 1.16, accuracy 59.33%
Accuracy per label : ['0:60.40%', '1:70.40%', '2:37.60%', '3:32.60%', '4:51.00%', '5:59.40%', '6:73.90%', '7:67.50%', '8:70.10%', '9:70.40%']

Before aggregation, loss : 1.14, accuracy : 60.11%
Before aggregation, accuracy per label : ['0:62.60%', '1:73.60%', '2:43.50%', '3:44.60%', '4:53.60%', '5:48.20%', '6:67.60%', '7:67.70%', '8:75.90%', '9:63.80%']
Aggregation to central server completed at central server round 250, loss : 1.14, accuracy: 60.39%, staleness : 4
Accuracy per label after aggregation : ['0:62.90%', '1:74.00%', '2:42.50%', '3:44.00%', '4:53.30%', '5:50.10%', '6:68.60%', '7:67.90%', '8:75.70%', '9:64.90%']

-----------------------------------------------------

Central server round 236 started
Model sent from central server with 100msec communication time, with loss :1.14, accuracy : 60.39%
Accuracy per label : ['0:62.90%', '1:74.00%', '2:42.50%', '3:44.00%', '4:53.30%', '5:50.10%', '6:68.60%', '7:67.90%', '8:75.70%', '9:64.90%']
The model is from round 231 from central server, staleness is 4

Cluster round 1 completed, aggregated models from all the clients, time past : 800msec, loss : 1.16, accuracy 59.48%
Accuracy per label : ['0:61.00%', '1:70.00%', '2:37.30%', '3:31.80%', '4:51.80%', '5:61.00%', '6:73.30%', '7:67.10%', '8:70.40%', '9:71.10%']

Before aggregation, loss : 1.13, accuracy : 60.41%
Before aggregation, accuracy per label : ['0:62.80%', '1:73.80%', '2:44.10%', '3:44.60%', '4:53.90%', '5:48.60%', '6:67.80%', '7:68.00%', '8:76.20%', '9:64.30%']
Aggregation to central server completed at central server round 250, loss : 1.13, accuracy: 60.69%, staleness : 4
Accuracy per label after aggregation : ['0:62.90%', '1:74.20%', '2:43.40%', '3:43.90%', '4:54.30%', '5:50.10%', '6:68.30%', '7:68.70%', '8:75.80%', '9:65.30%']

-----------------------------------------------------

Central server round 241 started
Model sent from central server with 100msec communication time, with loss :1.13, accuracy : 60.69%
Accuracy per label : ['0:62.90%', '1:74.20%', '2:43.40%', '3:43.90%', '4:54.30%', '5:50.10%', '6:68.30%', '7:68.70%', '8:75.80%', '9:65.30%']
The model is from round 236 from central server, staleness is 4

Cluster round 1 completed, aggregated models from all the clients, time past : 800msec, loss : 1.16, accuracy 59.71%
Accuracy per label : ['0:61.30%', '1:70.90%', '2:36.70%', '3:31.40%', '4:52.60%', '5:60.10%', '6:74.10%', '7:67.50%', '8:70.70%', '9:71.80%']

Before aggregation, loss : 1.13, accuracy : 60.73%
Before aggregation, accuracy per label : ['0:63.30%', '1:74.20%', '2:44.10%', '3:44.60%', '4:54.50%', '5:48.90%', '6:68.00%', '7:68.60%', '8:76.50%', '9:64.60%']
Aggregation to central server completed at central server round 250, loss : 1.13, accuracy: 60.89%, staleness : 4
Accuracy per label after aggregation : ['0:63.10%', '1:74.40%', '2:43.30%', '3:43.60%', '4:55.10%', '5:50.40%', '6:68.60%', '7:68.70%', '8:76.10%', '9:65.60%']

-----------------------------------------------------

Central server round 246 started
Model sent from central server with 100msec communication time, with loss :1.13, accuracy : 60.89%
Accuracy per label : ['0:63.10%', '1:74.40%', '2:43.30%', '3:43.60%', '4:55.10%', '5:50.40%', '6:68.60%', '7:68.70%', '8:76.10%', '9:65.60%']
The model is from round 241 from central server, staleness is 4

Cluster round 1 completed, aggregated models from all the clients, time past : 800msec, loss : 1.15, accuracy 59.80%
Accuracy per label : ['0:60.60%', '1:70.40%', '2:36.00%', '3:31.70%', '4:53.10%', '5:61.80%', '6:73.30%', '7:67.30%', '8:71.00%', '9:72.80%']

Before aggregation, loss : 1.12, accuracy : 60.97%
Before aggregation, accuracy per label : ['0:63.30%', '1:74.70%', '2:44.10%', '3:44.50%', '4:55.00%', '5:49.50%', '6:68.00%', '7:68.90%', '8:77.00%', '9:64.70%']
Aggregation to central server completed at central server round 250, loss : 1.12, accuracy: 60.98%, staleness : 4
Accuracy per label after aggregation : ['0:63.00%', '1:74.30%', '2:43.50%', '3:43.20%', '4:55.60%', '5:50.60%', '6:68.40%', '7:68.90%', '8:76.50%', '9:65.80%']

