-----------------------------------------------------

Central server round 3 started
Model sent from central server with 100msec communication time, with loss :2.31, accuracy : 8.86%
Accuracy per label : ['0:0.00%', '1:0.40%', '2:0.40%', '3:3.80%', '4:0.00%', '5:0.00%', '6:0.00%', '7:0.00%', '8:84.00%', '9:0.00%']
The model is from round 0 from central server, staleness is 2

Cluster round 1 completed, aggregated models from all the clients, time past : 800msec, loss : 2.10, accuracy 23.91%
Accuracy per label : ['0:42.80%', '1:12.20%', '2:6.50%', '3:13.10%', '4:0.10%', '5:47.80%', '6:1.30%', '7:6.00%', '8:50.90%', '9:58.40%']

Before aggregation, loss : 2.16, accuracy : 26.29%
Before aggregation, accuracy per label : ['0:44.60%', '1:15.90%', '2:1.30%', '3:0.20%', '4:1.80%', '5:39.20%', '6:42.60%', '7:30.60%', '8:31.10%', '9:55.60%']
Aggregation to central server completed at central server round 250, loss : 2.14, accuracy: 26.14%, staleness : 2
Accuracy per label after aggregation : ['0:47.30%', '1:16.20%', '2:2.00%', '3:1.90%', '4:2.00%', '5:44.70%', '6:28.70%', '7:25.80%', '8:36.20%', '9:56.60%']

-----------------------------------------------------

Central server round 8 started
Model sent from central server with 100msec communication time, with loss :2.14, accuracy : 26.14%
Accuracy per label : ['0:47.30%', '1:16.20%', '2:2.00%', '3:1.90%', '4:2.00%', '5:44.70%', '6:28.70%', '7:25.80%', '8:36.20%', '9:56.60%']
The model is from round 3 from central server, staleness is 4

Cluster round 1 completed, aggregated models from all the clients, time past : 800msec, loss : 1.92, accuracy 32.64%
Accuracy per label : ['0:45.50%', '1:36.80%', '2:1.80%', '3:8.10%', '4:45.30%', '5:39.00%', '6:39.00%', '7:16.80%', '8:48.20%', '9:45.90%']

Before aggregation, loss : 2.08, accuracy : 27.44%
Before aggregation, accuracy per label : ['0:47.70%', '1:20.40%', '2:5.20%', '3:5.10%', '4:1.90%', '5:47.20%', '6:25.50%', '7:24.00%', '8:42.80%', '9:54.60%']
Aggregation to central server completed at central server round 250, loss : 2.06, accuracy: 28.66%, staleness : 4
Accuracy per label after aggregation : ['0:48.60%', '1:23.40%', '2:7.30%', '3:6.90%', '4:5.90%', '5:46.20%', '6:27.20%', '7:22.40%', '8:45.00%', '9:53.70%']

-----------------------------------------------------

Central server round 13 started
Model sent from central server with 100msec communication time, with loss :2.06, accuracy : 28.66%
Accuracy per label : ['0:48.60%', '1:23.40%', '2:7.30%', '3:6.90%', '4:5.90%', '5:46.20%', '6:27.20%', '7:22.40%', '8:45.00%', '9:53.70%']
The model is from round 8 from central server, staleness is 4

Cluster round 1 completed, aggregated models from all the clients, time past : 800msec, loss : 1.90, accuracy 32.36%
Accuracy per label : ['0:52.40%', '1:24.70%', '2:3.70%', '3:10.00%', '4:28.40%', '5:50.30%', '6:30.30%', '7:25.30%', '8:56.70%', '9:41.80%']

Before aggregation, loss : 1.98, accuracy : 30.95%
Before aggregation, accuracy per label : ['0:51.40%', '1:27.00%', '2:9.80%', '3:4.50%', '4:10.10%', '5:47.30%', '6:39.70%', '7:22.70%', '8:45.10%', '9:51.90%']
Aggregation to central server completed at central server round 250, loss : 1.97, accuracy: 30.96%, staleness : 4
Accuracy per label after aggregation : ['0:51.70%', '1:25.40%', '2:8.70%', '3:5.10%', '4:12.90%', '5:48.50%', '6:37.40%', '7:22.50%', '8:46.60%', '9:50.80%']

-----------------------------------------------------

Central server round 18 started
Model sent from central server with 100msec communication time, with loss :1.97, accuracy : 30.96%
Accuracy per label : ['0:51.70%', '1:25.40%', '2:8.70%', '3:5.10%', '4:12.90%', '5:48.50%', '6:37.40%', '7:22.50%', '8:46.60%', '9:50.80%']
The model is from round 13 from central server, staleness is 4

Cluster round 1 completed, aggregated models from all the clients, time past : 800msec, loss : 1.85, accuracy 34.78%
Accuracy per label : ['0:47.90%', '1:34.00%', '2:5.70%', '3:15.70%', '4:18.70%', '5:37.20%', '6:54.50%', '7:26.10%', '8:50.50%', '9:57.50%']

Before aggregation, loss : 1.92, accuracy : 32.63%
Before aggregation, accuracy per label : ['0:53.90%', '1:30.50%', '2:9.80%', '3:5.10%', '4:15.30%', '5:46.20%', '6:44.90%', '7:26.00%', '8:49.70%', '9:44.90%']
Aggregation to central server completed at central server round 250, loss : 1.91, accuracy: 32.95%, staleness : 4
Accuracy per label after aggregation : ['0:53.40%', '1:30.90%', '2:9.20%', '3:6.20%', '4:14.90%', '5:45.20%', '6:46.80%', '7:26.10%', '8:50.30%', '9:46.50%']

-----------------------------------------------------

Central server round 23 started
Model sent from central server with 100msec communication time, with loss :1.91, accuracy : 32.95%
Accuracy per label : ['0:53.40%', '1:30.90%', '2:9.20%', '3:6.20%', '4:14.90%', '5:45.20%', '6:46.80%', '7:26.10%', '8:50.30%', '9:46.50%']
The model is from round 18 from central server, staleness is 4

Cluster round 1 completed, aggregated models from all the clients, time past : 800msec, loss : 1.84, accuracy 35.02%
Accuracy per label : ['0:51.50%', '1:32.80%', '2:8.70%', '3:12.90%', '4:25.90%', '5:40.50%', '6:39.70%', '7:31.60%', '8:64.60%', '9:42.00%']

Before aggregation, loss : 1.87, accuracy : 34.58%
Before aggregation, accuracy per label : ['0:50.30%', '1:34.30%', '2:9.10%', '3:7.80%', '4:23.00%', '5:43.60%', '6:49.90%', '7:27.30%', '8:52.20%', '9:48.30%']
Aggregation to central server completed at central server round 250, loss : 1.86, accuracy: 34.64%, staleness : 4
Accuracy per label after aggregation : ['0:50.50%', '1:33.80%', '2:9.00%', '3:8.70%', '4:24.00%', '5:43.20%', '6:48.00%', '7:27.90%', '8:53.80%', '9:47.50%']

-----------------------------------------------------

Central server round 28 started
Model sent from central server with 100msec communication time, with loss :1.86, accuracy : 34.64%
Accuracy per label : ['0:50.50%', '1:33.80%', '2:9.00%', '3:8.70%', '4:24.00%', '5:43.20%', '6:48.00%', '7:27.90%', '8:53.80%', '9:47.50%']
The model is from round 23 from central server, staleness is 4

Cluster round 1 completed, aggregated models from all the clients, time past : 800msec, loss : 1.78, accuracy 37.07%
Accuracy per label : ['0:53.30%', '1:42.80%', '2:8.40%', '3:7.20%', '4:34.90%', '5:41.80%', '6:47.50%', '7:46.50%', '8:46.00%', '9:42.30%']

Before aggregation, loss : 1.83, accuracy : 36.15%
Before aggregation, accuracy per label : ['0:50.40%', '1:36.70%', '2:11.50%', '3:9.90%', '4:26.40%', '5:41.10%', '6:50.80%', '7:33.30%', '8:54.60%', '9:46.80%']
Aggregation to central server completed at central server round 250, loss : 1.82, accuracy: 36.40%, staleness : 4
Accuracy per label after aggregation : ['0:50.80%', '1:37.30%', '2:10.50%', '3:9.50%', '4:27.90%', '5:41.90%', '6:50.60%', '7:35.50%', '8:53.50%', '9:46.50%']

-----------------------------------------------------

Central server round 33 started
Model sent from central server with 100msec communication time, with loss :1.82, accuracy : 36.40%
Accuracy per label : ['0:50.80%', '1:37.30%', '2:10.50%', '3:9.50%', '4:27.90%', '5:41.90%', '6:50.60%', '7:35.50%', '8:53.50%', '9:46.50%']
The model is from round 28 from central server, staleness is 4

Cluster round 1 completed, aggregated models from all the clients, time past : 800msec, loss : 1.76, accuracy 37.69%
Accuracy per label : ['0:57.10%', '1:48.70%', '2:6.30%', '3:15.10%', '4:33.20%', '5:37.60%', '6:43.90%', '7:32.90%', '8:54.50%', '9:47.60%']

Before aggregation, loss : 1.79, accuracy : 37.37%
Before aggregation, accuracy per label : ['0:50.70%', '1:42.30%', '2:10.00%', '3:12.10%', '4:26.40%', '5:39.50%', '6:55.70%', '7:36.90%', '8:53.20%', '9:46.90%']
Aggregation to central server completed at central server round 250, loss : 1.78, accuracy: 37.54%, staleness : 4
Accuracy per label after aggregation : ['0:52.00%', '1:42.80%', '2:9.60%', '3:12.40%', '4:27.90%', '5:39.40%', '6:54.50%', '7:36.10%', '8:53.70%', '9:47.00%']

-----------------------------------------------------

Central server round 38 started
Model sent from central server with 100msec communication time, with loss :1.78, accuracy : 37.54%
Accuracy per label : ['0:52.00%', '1:42.80%', '2:9.60%', '3:12.40%', '4:27.90%', '5:39.40%', '6:54.50%', '7:36.10%', '8:53.70%', '9:47.00%']
The model is from round 33 from central server, staleness is 4

Cluster round 1 completed, aggregated models from all the clients, time past : 800msec, loss : 1.71, accuracy 39.34%
Accuracy per label : ['0:58.70%', '1:46.10%', '2:19.40%', '3:29.30%', '4:20.60%', '5:31.00%', '6:61.70%', '7:36.10%', '8:41.90%', '9:48.60%']

Before aggregation, loss : 1.75, accuracy : 38.57%
Before aggregation, accuracy per label : ['0:50.60%', '1:44.20%', '2:11.00%', '3:15.00%', '4:28.70%', '5:37.80%', '6:58.80%', '7:38.50%', '8:55.20%', '9:45.90%']
Aggregation to central server completed at central server round 250, loss : 1.75, accuracy: 38.77%, staleness : 4
Accuracy per label after aggregation : ['0:51.70%', '1:44.20%', '2:11.70%', '3:15.80%', '4:28.30%', '5:37.30%', '6:59.70%', '7:38.50%', '8:54.00%', '9:46.50%']

-----------------------------------------------------

Central server round 43 started
Model sent from central server with 100msec communication time, with loss :1.75, accuracy : 38.77%
Accuracy per label : ['0:51.70%', '1:44.20%', '2:11.70%', '3:15.80%', '4:28.30%', '5:37.30%', '6:59.70%', '7:38.50%', '8:54.00%', '9:46.50%']
The model is from round 38 from central server, staleness is 4

Cluster round 1 completed, aggregated models from all the clients, time past : 800msec, loss : 1.70, accuracy 40.41%
Accuracy per label : ['0:38.90%', '1:62.00%', '2:19.40%', '3:20.10%', '4:26.10%', '5:29.20%', '6:52.30%', '7:54.70%', '8:52.00%', '9:49.40%']

Before aggregation, loss : 1.72, accuracy : 39.63%
Before aggregation, accuracy per label : ['0:49.30%', '1:47.80%', '2:15.40%', '3:16.10%', '4:29.00%', '5:36.60%', '6:60.90%', '7:39.90%', '8:54.90%', '9:46.40%']
Aggregation to central server completed at central server round 250, loss : 1.72, accuracy: 39.98%, staleness : 4
Accuracy per label after aggregation : ['0:48.60%', '1:49.80%', '2:17.10%', '3:16.10%', '4:28.50%', '5:36.20%', '6:60.30%', '7:42.00%', '8:54.40%', '9:46.80%']

-----------------------------------------------------

Central server round 48 started
Model sent from central server with 100msec communication time, with loss :1.72, accuracy : 39.98%
Accuracy per label : ['0:48.60%', '1:49.80%', '2:17.10%', '3:16.10%', '4:28.50%', '5:36.20%', '6:60.30%', '7:42.00%', '8:54.40%', '9:46.80%']
The model is from round 43 from central server, staleness is 4

Cluster round 1 completed, aggregated models from all the clients, time past : 800msec, loss : 1.67, accuracy 41.37%
Accuracy per label : ['0:46.20%', '1:56.40%', '2:11.80%', '3:27.00%', '4:29.90%', '5:29.40%', '6:49.80%', '7:46.50%', '8:66.20%', '9:50.50%']

Before aggregation, loss : 1.69, accuracy : 40.89%
Before aggregation, accuracy per label : ['0:48.50%', '1:50.70%', '2:18.20%', '3:15.00%', '4:29.70%', '5:35.60%', '6:63.40%', '7:42.80%', '8:55.00%', '9:50.00%']
Aggregation to central server completed at central server round 250, loss : 1.69, accuracy: 40.94%, staleness : 4
Accuracy per label after aggregation : ['0:49.10%', '1:50.80%', '2:17.60%', '3:15.70%', '4:30.10%', '5:35.40%', '6:61.00%', '7:43.20%', '8:56.20%', '9:50.30%']

-----------------------------------------------------

Central server round 53 started
Model sent from central server with 100msec communication time, with loss :1.69, accuracy : 40.94%
Accuracy per label : ['0:49.10%', '1:50.80%', '2:17.60%', '3:15.70%', '4:30.10%', '5:35.40%', '6:61.00%', '7:43.20%', '8:56.20%', '9:50.30%']
The model is from round 48 from central server, staleness is 4

Cluster round 1 completed, aggregated models from all the clients, time past : 800msec, loss : 1.63, accuracy 42.18%
Accuracy per label : ['0:53.30%', '1:54.00%', '2:13.70%', '3:25.40%', '4:26.50%', '5:36.90%', '6:52.00%', '7:59.10%', '8:50.30%', '9:50.60%']

Before aggregation, loss : 1.66, accuracy : 41.55%
Before aggregation, accuracy per label : ['0:49.70%', '1:52.60%', '2:16.90%', '3:18.00%', '4:26.70%', '5:35.40%', '6:63.40%', '7:44.20%', '8:57.00%', '9:51.60%']
Aggregation to central server completed at central server round 250, loss : 1.66, accuracy: 41.73%, staleness : 4
Accuracy per label after aggregation : ['0:50.70%', '1:52.50%', '2:16.20%', '3:18.80%', '4:27.50%', '5:35.60%', '6:62.10%', '7:46.10%', '8:56.20%', '9:51.60%']

-----------------------------------------------------

Central server round 58 started
Model sent from central server with 100msec communication time, with loss :1.66, accuracy : 41.73%
Accuracy per label : ['0:50.70%', '1:52.50%', '2:16.20%', '3:18.80%', '4:27.50%', '5:35.60%', '6:62.10%', '7:46.10%', '8:56.20%', '9:51.60%']
The model is from round 53 from central server, staleness is 4

Cluster round 1 completed, aggregated models from all the clients, time past : 800msec, loss : 1.60, accuracy 43.29%
Accuracy per label : ['0:49.90%', '1:49.70%', '2:18.10%', '3:22.20%', '4:34.20%', '5:36.90%', '6:67.40%', '7:45.80%', '8:61.00%', '9:47.70%']

Before aggregation, loss : 1.63, accuracy : 42.55%
Before aggregation, accuracy per label : ['0:51.10%', '1:54.10%', '2:17.70%', '3:17.70%', '4:32.60%', '5:34.90%', '6:65.30%', '7:45.60%', '8:55.90%', '9:50.60%']
Aggregation to central server completed at central server round 250, loss : 1.63, accuracy: 42.65%, staleness : 4
Accuracy per label after aggregation : ['0:51.20%', '1:53.30%', '2:18.00%', '3:17.70%', '4:32.60%', '5:35.40%', '6:65.90%', '7:45.80%', '8:56.30%', '9:50.30%']

-----------------------------------------------------

Central server round 63 started
Model sent from central server with 100msec communication time, with loss :1.63, accuracy : 42.65%
Accuracy per label : ['0:51.20%', '1:53.30%', '2:18.00%', '3:17.70%', '4:32.60%', '5:35.40%', '6:65.90%', '7:45.80%', '8:56.30%', '9:50.30%']
The model is from round 58 from central server, staleness is 4

Cluster round 1 completed, aggregated models from all the clients, time past : 800msec, loss : 1.58, accuracy 43.90%
Accuracy per label : ['0:43.00%', '1:52.80%', '2:24.30%', '3:26.90%', '4:38.90%', '5:39.00%', '6:55.20%', '7:44.00%', '8:72.00%', '9:42.90%']

Before aggregation, loss : 1.60, accuracy : 43.47%
Before aggregation, accuracy per label : ['0:53.60%', '1:55.40%', '2:22.50%', '3:20.00%', '4:32.70%', '5:34.50%', '6:65.50%', '7:45.50%', '8:56.60%', '9:48.40%']
Aggregation to central server completed at central server round 250, loss : 1.60, accuracy: 43.56%, staleness : 4
Accuracy per label after aggregation : ['0:52.50%', '1:55.10%', '2:22.60%', '3:20.20%', '4:32.80%', '5:35.40%', '6:64.50%', '7:45.70%', '8:58.60%', '9:48.20%']

-----------------------------------------------------

Central server round 68 started
Model sent from central server with 100msec communication time, with loss :1.60, accuracy : 43.56%
Accuracy per label : ['0:52.50%', '1:55.10%', '2:22.60%', '3:20.20%', '4:32.80%', '5:35.40%', '6:64.50%', '7:45.70%', '8:58.60%', '9:48.20%']
The model is from round 63 from central server, staleness is 4

Cluster round 1 completed, aggregated models from all the clients, time past : 800msec, loss : 1.55, accuracy 45.07%
Accuracy per label : ['0:51.20%', '1:56.30%', '2:21.70%', '3:24.30%', '4:38.40%', '5:38.80%', '6:57.10%', '7:56.50%', '8:63.10%', '9:43.30%']

Before aggregation, loss : 1.58, accuracy : 44.33%
Before aggregation, accuracy per label : ['0:54.20%', '1:55.60%', '2:23.90%', '3:22.10%', '4:33.50%', '5:34.20%', '6:65.80%', '7:47.30%', '8:54.80%', '9:51.90%']
Aggregation to central server completed at central server round 250, loss : 1.57, accuracy: 44.52%, staleness : 4
Accuracy per label after aggregation : ['0:53.90%', '1:55.80%', '2:23.70%', '3:22.00%', '4:33.80%', '5:34.50%', '6:65.30%', '7:48.50%', '8:56.50%', '9:51.20%']

-----------------------------------------------------

Central server round 73 started
Model sent from central server with 100msec communication time, with loss :1.57, accuracy : 44.52%
Accuracy per label : ['0:53.90%', '1:55.80%', '2:23.70%', '3:22.00%', '4:33.80%', '5:34.50%', '6:65.30%', '7:48.50%', '8:56.50%', '9:51.20%']
The model is from round 68 from central server, staleness is 4

Cluster round 1 completed, aggregated models from all the clients, time past : 800msec, loss : 1.52, accuracy 46.28%
Accuracy per label : ['0:52.20%', '1:53.20%', '2:17.70%', '3:26.20%', '4:41.90%', '5:38.90%', '6:58.80%', '7:50.50%', '8:63.00%', '9:60.40%']

Before aggregation, loss : 1.55, accuracy : 45.43%
Before aggregation, accuracy per label : ['0:53.80%', '1:56.80%', '2:23.30%', '3:25.20%', '4:34.60%', '5:33.80%', '6:66.00%', '7:49.80%', '8:59.30%', '9:51.70%']
Aggregation to central server completed at central server round 250, loss : 1.55, accuracy: 45.43%, staleness : 4
Accuracy per label after aggregation : ['0:53.30%', '1:56.20%', '2:22.40%', '3:25.50%', '4:35.50%', '5:34.00%', '6:65.20%', '7:49.90%', '8:59.20%', '9:53.10%']

-----------------------------------------------------

Central server round 78 started
Model sent from central server with 100msec communication time, with loss :1.55, accuracy : 45.43%
Accuracy per label : ['0:53.30%', '1:56.20%', '2:22.40%', '3:25.50%', '4:35.50%', '5:34.00%', '6:65.20%', '7:49.90%', '8:59.20%', '9:53.10%']
The model is from round 73 from central server, staleness is 4

Cluster round 1 completed, aggregated models from all the clients, time past : 800msec, loss : 1.51, accuracy 46.71%
Accuracy per label : ['0:49.90%', '1:65.70%', '2:29.70%', '3:29.30%', '4:25.60%', '5:37.80%', '6:54.00%', '7:60.70%', '8:59.20%', '9:55.20%']

Before aggregation, loss : 1.53, accuracy : 46.18%
Before aggregation, accuracy per label : ['0:53.10%', '1:56.90%', '2:25.00%', '3:26.70%', '4:35.00%', '5:34.20%', '6:65.10%', '7:49.40%', '8:60.20%', '9:56.20%']
Aggregation to central server completed at central server round 250, loss : 1.52, accuracy: 46.47%, staleness : 4
Accuracy per label after aggregation : ['0:52.60%', '1:57.90%', '2:26.30%', '3:27.20%', '4:34.00%', '5:34.80%', '6:64.10%', '7:51.00%', '8:60.30%', '9:56.50%']

-----------------------------------------------------

Central server round 83 started
Model sent from central server with 100msec communication time, with loss :1.52, accuracy : 46.47%
Accuracy per label : ['0:52.60%', '1:57.90%', '2:26.30%', '3:27.20%', '4:34.00%', '5:34.80%', '6:64.10%', '7:51.00%', '8:60.30%', '9:56.50%']
The model is from round 78 from central server, staleness is 4

Cluster round 1 completed, aggregated models from all the clients, time past : 800msec, loss : 1.49, accuracy 47.18%
Accuracy per label : ['0:47.90%', '1:60.10%', '2:19.00%', '3:27.70%', '4:31.00%', '5:30.20%', '6:69.50%', '7:60.00%', '8:67.10%', '9:59.30%']

Before aggregation, loss : 1.51, accuracy : 46.77%
Before aggregation, accuracy per label : ['0:52.30%', '1:60.20%', '2:24.90%', '3:27.10%', '4:35.60%', '5:34.30%', '6:64.20%', '7:52.40%', '8:63.00%', '9:53.70%']
Aggregation to central server completed at central server round 250, loss : 1.50, accuracy: 46.99%, staleness : 4
Accuracy per label after aggregation : ['0:51.70%', '1:60.20%', '2:24.10%', '3:28.10%', '4:35.50%', '5:34.50%', '6:65.00%', '7:53.30%', '8:63.40%', '9:54.10%']

-----------------------------------------------------

Central server round 88 started
Model sent from central server with 100msec communication time, with loss :1.50, accuracy : 46.99%
Accuracy per label : ['0:51.70%', '1:60.20%', '2:24.10%', '3:28.10%', '4:35.50%', '5:34.50%', '6:65.00%', '7:53.30%', '8:63.40%', '9:54.10%']
The model is from round 83 from central server, staleness is 4

Cluster round 1 completed, aggregated models from all the clients, time past : 800msec, loss : 1.48, accuracy 47.33%
Accuracy per label : ['0:55.50%', '1:59.90%', '2:42.90%', '3:42.00%', '4:27.90%', '5:28.40%', '6:62.90%', '7:48.30%', '8:64.00%', '9:41.50%']

Before aggregation, loss : 1.49, accuracy : 47.44%
Before aggregation, accuracy per label : ['0:51.80%', '1:61.60%', '2:25.60%', '3:29.00%', '4:36.90%', '5:34.50%', '6:64.30%', '7:54.50%', '8:64.90%', '9:51.30%']
Aggregation to central server completed at central server round 250, loss : 1.48, accuracy: 47.80%, staleness : 4
Accuracy per label after aggregation : ['0:52.10%', '1:61.70%', '2:28.60%', '3:31.40%', '4:36.50%', '5:34.70%', '6:64.60%', '7:53.40%', '8:64.70%', '9:50.30%']

-----------------------------------------------------

Central server round 93 started
Model sent from central server with 100msec communication time, with loss :1.48, accuracy : 47.80%
Accuracy per label : ['0:52.10%', '1:61.70%', '2:28.60%', '3:31.40%', '4:36.50%', '5:34.70%', '6:64.60%', '7:53.40%', '8:64.70%', '9:50.30%']
The model is from round 88 from central server, staleness is 4

Cluster round 1 completed, aggregated models from all the clients, time past : 800msec, loss : 1.45, accuracy 48.57%
Accuracy per label : ['0:58.30%', '1:63.40%', '2:25.30%', '3:25.00%', '4:49.10%', '5:37.30%', '6:61.70%', '7:53.20%', '8:61.90%', '9:50.50%']

Before aggregation, loss : 1.46, accuracy : 48.38%
Before aggregation, accuracy per label : ['0:52.10%', '1:61.80%', '2:27.00%', '3:30.30%', '4:35.80%', '5:36.40%', '6:66.90%', '7:55.80%', '8:64.50%', '9:53.20%']
Aggregation to central server completed at central server round 250, loss : 1.46, accuracy: 48.58%, staleness : 4
Accuracy per label after aggregation : ['0:53.20%', '1:62.50%', '2:26.80%', '3:29.90%', '4:37.30%', '5:36.70%', '6:66.30%', '7:55.90%', '8:64.40%', '9:52.80%']

-----------------------------------------------------

Central server round 98 started
Model sent from central server with 100msec communication time, with loss :1.46, accuracy : 48.58%
Accuracy per label : ['0:53.20%', '1:62.50%', '2:26.80%', '3:29.90%', '4:37.30%', '5:36.70%', '6:66.30%', '7:55.90%', '8:64.40%', '9:52.80%']
The model is from round 93 from central server, staleness is 4

Cluster round 1 completed, aggregated models from all the clients, time past : 800msec, loss : 1.44, accuracy 49.42%
Accuracy per label : ['0:53.20%', '1:69.60%', '2:25.80%', '3:35.20%', '4:34.70%', '5:40.20%', '6:58.40%', '7:59.10%', '8:62.20%', '9:55.80%']

Before aggregation, loss : 1.44, accuracy : 49.14%
Before aggregation, accuracy per label : ['0:53.90%', '1:64.00%', '2:28.00%', '3:31.10%', '4:34.90%', '5:37.90%', '6:68.00%', '7:57.30%', '8:63.00%', '9:53.30%']
Aggregation to central server completed at central server round 250, loss : 1.44, accuracy: 49.10%, staleness : 4
Accuracy per label after aggregation : ['0:53.70%', '1:64.90%', '2:28.00%', '3:31.40%', '4:34.90%', '5:38.10%', '6:66.60%', '7:57.20%', '8:63.00%', '9:53.20%']

-----------------------------------------------------

Central server round 103 started
Model sent from central server with 100msec communication time, with loss :1.44, accuracy : 49.10%
Accuracy per label : ['0:53.70%', '1:64.90%', '2:28.00%', '3:31.40%', '4:34.90%', '5:38.10%', '6:66.60%', '7:57.20%', '8:63.00%', '9:53.20%']
The model is from round 98 from central server, staleness is 4

Cluster round 1 completed, aggregated models from all the clients, time past : 800msec, loss : 1.42, accuracy 49.01%
Accuracy per label : ['0:51.70%', '1:63.80%', '2:40.40%', '3:34.20%', '4:27.00%', '5:46.50%', '6:55.70%', '7:52.80%', '8:69.40%', '9:48.60%']

Before aggregation, loss : 1.43, accuracy : 49.46%
Before aggregation, accuracy per label : ['0:55.10%', '1:66.20%', '2:29.70%', '3:31.50%', '4:33.10%', '5:39.30%', '6:66.70%', '7:55.70%', '8:64.60%', '9:52.70%']
Aggregation to central server completed at central server round 250, loss : 1.43, accuracy: 49.64%, staleness : 4
Accuracy per label after aggregation : ['0:54.50%', '1:66.20%', '2:31.10%', '3:32.10%', '4:32.70%', '5:40.70%', '6:65.80%', '7:55.40%', '8:65.40%', '9:52.50%']

-----------------------------------------------------

Central server round 108 started
Model sent from central server with 100msec communication time, with loss :1.43, accuracy : 49.64%
Accuracy per label : ['0:54.50%', '1:66.20%', '2:31.10%', '3:32.10%', '4:32.70%', '5:40.70%', '6:65.80%', '7:55.40%', '8:65.40%', '9:52.50%']
The model is from round 103 from central server, staleness is 4

Cluster round 1 completed, aggregated models from all the clients, time past : 800msec, loss : 1.41, accuracy 49.87%
Accuracy per label : ['0:50.60%', '1:65.50%', '2:33.60%', '3:43.70%', '4:33.00%', '5:36.50%', '6:55.90%', '7:58.20%', '8:74.40%', '9:47.30%']

Before aggregation, loss : 1.41, accuracy : 50.19%
Before aggregation, accuracy per label : ['0:53.80%', '1:66.30%', '2:31.80%', '3:34.90%', '4:32.50%', '5:39.80%', '6:65.50%', '7:57.80%', '8:65.70%', '9:53.80%']
Aggregation to central server completed at central server round 250, loss : 1.41, accuracy: 50.27%, staleness : 4
Accuracy per label after aggregation : ['0:54.10%', '1:66.40%', '2:32.10%', '3:35.70%', '4:32.30%', '5:39.60%', '6:65.30%', '7:57.30%', '8:66.70%', '9:53.20%']

-----------------------------------------------------

Central server round 113 started
Model sent from central server with 100msec communication time, with loss :1.41, accuracy : 50.27%
Accuracy per label : ['0:54.10%', '1:66.40%', '2:32.10%', '3:35.70%', '4:32.30%', '5:39.60%', '6:65.30%', '7:57.30%', '8:66.70%', '9:53.20%']
The model is from round 108 from central server, staleness is 4

Cluster round 1 completed, aggregated models from all the clients, time past : 800msec, loss : 1.39, accuracy 50.40%
Accuracy per label : ['0:53.40%', '1:70.30%', '2:28.30%', '3:22.00%', '4:45.10%', '5:43.70%', '6:65.30%', '7:55.90%', '8:71.50%', '9:48.50%']

Before aggregation, loss : 1.39, accuracy : 50.78%
Before aggregation, accuracy per label : ['0:53.80%', '1:62.90%', '2:34.70%', '3:31.50%', '4:35.80%', '5:42.10%', '6:66.50%', '7:59.20%', '8:65.40%', '9:55.90%']
Aggregation to central server completed at central server round 250, loss : 1.39, accuracy: 50.80%, staleness : 4
Accuracy per label after aggregation : ['0:54.00%', '1:64.10%', '2:33.40%', '3:30.60%', '4:37.00%', '5:42.20%', '6:66.70%', '7:59.30%', '8:66.50%', '9:54.20%']

-----------------------------------------------------

Central server round 118 started
Model sent from central server with 100msec communication time, with loss :1.39, accuracy : 50.80%
Accuracy per label : ['0:54.00%', '1:64.10%', '2:33.40%', '3:30.60%', '4:37.00%', '5:42.20%', '6:66.70%', '7:59.30%', '8:66.50%', '9:54.20%']
The model is from round 113 from central server, staleness is 4

Cluster round 1 completed, aggregated models from all the clients, time past : 800msec, loss : 1.37, accuracy 51.33%
Accuracy per label : ['0:54.40%', '1:67.30%', '2:37.20%', '3:30.30%', '4:36.30%', '5:49.30%', '6:60.30%', '7:54.50%', '8:66.10%', '9:57.60%']

Before aggregation, loss : 1.38, accuracy : 51.09%
Before aggregation, accuracy per label : ['0:55.30%', '1:63.30%', '2:31.70%', '3:33.10%', '4:40.10%', '5:41.40%', '6:66.30%', '7:57.90%', '8:67.20%', '9:54.60%']
Aggregation to central server completed at central server round 250, loss : 1.38, accuracy: 51.15%, staleness : 4
Accuracy per label after aggregation : ['0:55.50%', '1:63.80%', '2:32.90%', '3:32.90%', '4:39.30%', '5:42.40%', '6:65.20%', '7:57.70%', '8:66.90%', '9:54.90%']

-----------------------------------------------------

Central server round 123 started
Model sent from central server with 100msec communication time, with loss :1.38, accuracy : 51.15%
Accuracy per label : ['0:55.50%', '1:63.80%', '2:32.90%', '3:32.90%', '4:39.30%', '5:42.40%', '6:65.20%', '7:57.70%', '8:66.90%', '9:54.90%']
The model is from round 118 from central server, staleness is 4

Cluster round 1 completed, aggregated models from all the clients, time past : 800msec, loss : 1.37, accuracy 51.18%
Accuracy per label : ['0:56.60%', '1:69.50%', '2:22.50%', '3:36.40%', '4:45.10%', '5:36.70%', '6:67.80%', '7:54.30%', '8:73.70%', '9:49.20%']

Before aggregation, loss : 1.37, accuracy : 51.48%
Before aggregation, accuracy per label : ['0:56.70%', '1:63.10%', '2:36.00%', '3:30.00%', '4:42.70%', '5:42.60%', '6:64.60%', '7:58.40%', '8:66.70%', '9:54.00%']
Aggregation to central server completed at central server round 250, loss : 1.36, accuracy: 51.62%, staleness : 4
Accuracy per label after aggregation : ['0:57.20%', '1:64.30%', '2:34.30%', '3:31.10%', '4:43.10%', '5:41.70%', '6:65.10%', '7:58.10%', '8:67.60%', '9:53.70%']

-----------------------------------------------------

Central server round 128 started
Model sent from central server with 100msec communication time, with loss :1.36, accuracy : 51.62%
Accuracy per label : ['0:57.20%', '1:64.30%', '2:34.30%', '3:31.10%', '4:43.10%', '5:41.70%', '6:65.10%', '7:58.10%', '8:67.60%', '9:53.70%']
The model is from round 123 from central server, staleness is 4

Cluster round 1 completed, aggregated models from all the clients, time past : 800msec, loss : 1.37, accuracy 51.75%
Accuracy per label : ['0:61.80%', '1:68.70%', '2:38.50%', '3:40.80%', '4:23.60%', '5:41.40%', '6:58.80%', '7:60.90%', '8:71.00%', '9:52.00%']

Before aggregation, loss : 1.35, accuracy : 52.08%
Before aggregation, accuracy per label : ['0:57.20%', '1:65.10%', '2:33.90%', '3:34.20%', '4:40.40%', '5:42.60%', '6:65.70%', '7:58.80%', '8:66.90%', '9:56.00%']
Aggregation to central server completed at central server round 250, loss : 1.35, accuracy: 52.13%, staleness : 4
Accuracy per label after aggregation : ['0:57.70%', '1:65.90%', '2:34.90%', '3:34.90%', '4:37.60%', '5:42.40%', '6:65.10%', '7:59.80%', '8:67.40%', '9:55.60%']

-----------------------------------------------------

Central server round 133 started
Model sent from central server with 100msec communication time, with loss :1.35, accuracy : 52.13%
Accuracy per label : ['0:57.70%', '1:65.90%', '2:34.90%', '3:34.90%', '4:37.60%', '5:42.40%', '6:65.10%', '7:59.80%', '8:67.40%', '9:55.60%']
The model is from round 128 from central server, staleness is 4

Cluster round 1 completed, aggregated models from all the clients, time past : 800msec, loss : 1.35, accuracy 51.63%
Accuracy per label : ['0:62.70%', '1:67.40%', '2:29.10%', '3:28.20%', '4:50.20%', '5:40.00%', '6:68.60%', '7:56.40%', '8:62.00%', '9:51.70%']

Before aggregation, loss : 1.34, accuracy : 52.56%
Before aggregation, accuracy per label : ['0:56.40%', '1:65.80%', '2:37.20%', '3:36.30%', '4:37.80%', '5:41.90%', '6:64.90%', '7:61.20%', '8:68.40%', '9:55.70%']
Aggregation to central server completed at central server round 250, loss : 1.33, accuracy: 52.62%, staleness : 4
Accuracy per label after aggregation : ['0:57.30%', '1:66.00%', '2:36.40%', '3:35.20%', '4:39.60%', '5:41.70%', '6:66.10%', '7:61.00%', '8:67.50%', '9:55.40%']

-----------------------------------------------------

Central server round 138 started
Model sent from central server with 100msec communication time, with loss :1.33, accuracy : 52.62%
Accuracy per label : ['0:57.30%', '1:66.00%', '2:36.40%', '3:35.20%', '4:39.60%', '5:41.70%', '6:66.10%', '7:61.00%', '8:67.50%', '9:55.40%']
The model is from round 133 from central server, staleness is 4

Cluster round 1 completed, aggregated models from all the clients, time past : 800msec, loss : 1.34, accuracy 52.87%
Accuracy per label : ['0:58.00%', '1:77.60%', '2:35.80%', '3:39.90%', '4:32.90%', '5:39.60%', '6:60.30%', '7:65.80%', '8:66.60%', '9:52.20%']

Before aggregation, loss : 1.32, accuracy : 52.96%
Before aggregation, accuracy per label : ['0:58.60%', '1:65.60%', '2:35.60%', '3:33.90%', '4:40.60%', '5:42.80%', '6:66.50%', '7:60.30%', '8:66.80%', '9:58.90%']
Aggregation to central server completed at central server round 250, loss : 1.32, accuracy: 53.16%, staleness : 4
Accuracy per label after aggregation : ['0:59.10%', '1:66.80%', '2:35.70%', '3:34.90%', '4:39.50%', '5:42.50%', '6:66.40%', '7:61.70%', '8:67.00%', '9:58.00%']

-----------------------------------------------------

Central server round 143 started
Model sent from central server with 100msec communication time, with loss :1.32, accuracy : 53.16%
Accuracy per label : ['0:59.10%', '1:66.80%', '2:35.70%', '3:34.90%', '4:39.50%', '5:42.50%', '6:66.40%', '7:61.70%', '8:67.00%', '9:58.00%']
The model is from round 138 from central server, staleness is 4

Cluster round 1 completed, aggregated models from all the clients, time past : 800msec, loss : 1.32, accuracy 52.65%
Accuracy per label : ['0:48.30%', '1:64.50%', '2:49.40%', '3:44.10%', '4:46.30%', '5:33.50%', '6:56.70%', '7:53.40%', '8:75.60%', '9:54.70%']

Before aggregation, loss : 1.31, accuracy : 53.46%
Before aggregation, accuracy per label : ['0:59.50%', '1:67.70%', '2:35.20%', '3:32.50%', '4:42.50%', '5:42.00%', '6:67.20%', '7:61.40%', '8:69.00%', '9:57.60%']
Aggregation to central server completed at central server round 250, loss : 1.31, accuracy: 53.67%, staleness : 4
Accuracy per label after aggregation : ['0:58.80%', '1:67.40%', '2:37.10%', '3:34.60%', '4:43.70%', '5:41.10%', '6:66.20%', '7:60.60%', '8:69.70%', '9:57.50%']

-----------------------------------------------------

Central server round 148 started
Model sent from central server with 100msec communication time, with loss :1.31, accuracy : 53.67%
Accuracy per label : ['0:58.80%', '1:67.40%', '2:37.10%', '3:34.60%', '4:43.70%', '5:41.10%', '6:66.20%', '7:60.60%', '8:69.70%', '9:57.50%']
The model is from round 143 from central server, staleness is 4

Cluster round 1 completed, aggregated models from all the clients, time past : 800msec, loss : 1.34, accuracy 52.73%
Accuracy per label : ['0:64.20%', '1:74.80%', '2:26.80%', '3:34.50%', '4:35.20%', '5:39.20%', '6:66.40%', '7:62.00%', '8:63.50%', '9:60.70%']

Before aggregation, loss : 1.30, accuracy : 53.97%
Before aggregation, accuracy per label : ['0:60.40%', '1:68.40%', '2:36.10%', '3:35.10%', '4:44.00%', '5:42.30%', '6:66.50%', '7:60.50%', '8:69.50%', '9:56.90%']
Aggregation to central server completed at central server round 250, loss : 1.30, accuracy: 53.91%, staleness : 4
Accuracy per label after aggregation : ['0:61.10%', '1:69.30%', '2:35.60%', '3:34.70%', '4:42.50%', '5:41.70%', '6:66.50%', '7:60.70%', '8:69.20%', '9:57.80%']

-----------------------------------------------------

Central server round 153 started
Model sent from central server with 100msec communication time, with loss :1.30, accuracy : 53.91%
Accuracy per label : ['0:61.10%', '1:69.30%', '2:35.60%', '3:34.70%', '4:42.50%', '5:41.70%', '6:66.50%', '7:60.70%', '8:69.20%', '9:57.80%']
The model is from round 148 from central server, staleness is 4

Cluster round 1 completed, aggregated models from all the clients, time past : 800msec, loss : 1.29, accuracy 53.78%
Accuracy per label : ['0:58.40%', '1:63.80%', '2:37.80%', '3:48.50%', '4:37.10%', '5:32.10%', '6:67.90%', '7:60.00%', '8:74.00%', '9:58.20%']

Before aggregation, loss : 1.29, accuracy : 54.17%
Before aggregation, accuracy per label : ['0:60.50%', '1:69.10%', '2:37.40%', '3:34.70%', '4:42.00%', '5:40.70%', '6:68.20%', '7:61.20%', '8:70.00%', '9:57.90%']
Aggregation to central server completed at central server round 250, loss : 1.29, accuracy: 54.33%, staleness : 4
Accuracy per label after aggregation : ['0:60.20%', '1:68.80%', '2:38.40%', '3:36.10%', '4:41.40%', '5:40.10%', '6:68.30%', '7:61.30%', '8:70.50%', '9:58.20%']

-----------------------------------------------------

Central server round 158 started
Model sent from central server with 100msec communication time, with loss :1.29, accuracy : 54.33%
Accuracy per label : ['0:60.20%', '1:68.80%', '2:38.40%', '3:36.10%', '4:41.40%', '5:40.10%', '6:68.30%', '7:61.30%', '8:70.50%', '9:58.20%']
The model is from round 153 from central server, staleness is 4

Cluster round 1 completed, aggregated models from all the clients, time past : 800msec, loss : 1.28, accuracy 54.60%
Accuracy per label : ['0:63.30%', '1:65.80%', '2:37.00%', '3:41.70%', '4:36.50%', '5:40.60%', '6:72.60%', '7:65.90%', '8:69.90%', '9:52.70%']

Before aggregation, loss : 1.28, accuracy : 54.56%
Before aggregation, accuracy per label : ['0:60.80%', '1:69.90%', '2:36.90%', '3:35.80%', '4:44.70%', '5:40.30%', '6:69.50%', '7:59.80%', '8:71.00%', '9:56.90%']
Aggregation to central server completed at central server round 250, loss : 1.28, accuracy: 54.70%, staleness : 4
Accuracy per label after aggregation : ['0:61.40%', '1:70.00%', '2:37.00%', '3:36.40%', '4:43.60%', '5:40.20%', '6:70.40%', '7:60.60%', '8:70.60%', '9:56.80%']

-----------------------------------------------------

Central server round 163 started
Model sent from central server with 100msec communication time, with loss :1.28, accuracy : 54.70%
Accuracy per label : ['0:61.40%', '1:70.00%', '2:37.00%', '3:36.40%', '4:43.60%', '5:40.20%', '6:70.40%', '7:60.60%', '8:70.60%', '9:56.80%']
The model is from round 158 from central server, staleness is 4

Cluster round 1 completed, aggregated models from all the clients, time past : 800msec, loss : 1.26, accuracy 55.26%
Accuracy per label : ['0:63.60%', '1:71.50%', '2:31.40%', '3:41.80%', '4:47.50%', '5:43.40%', '6:67.60%', '7:58.30%', '8:71.00%', '9:56.50%']

Before aggregation, loss : 1.27, accuracy : 54.98%
Before aggregation, accuracy per label : ['0:59.90%', '1:68.60%', '2:36.60%', '3:33.50%', '4:45.80%', '5:41.50%', '6:71.80%', '7:61.70%', '8:71.70%', '9:58.70%']
Aggregation to central server completed at central server round 250, loss : 1.27, accuracy: 54.93%, staleness : 4
Accuracy per label after aggregation : ['0:60.50%', '1:68.90%', '2:36.10%', '3:34.10%', '4:45.80%', '5:41.30%', '6:71.70%', '7:60.70%', '8:71.60%', '9:58.60%']

-----------------------------------------------------

Central server round 168 started
Model sent from central server with 100msec communication time, with loss :1.27, accuracy : 54.93%
Accuracy per label : ['0:60.50%', '1:68.90%', '2:36.10%', '3:34.10%', '4:45.80%', '5:41.30%', '6:71.70%', '7:60.70%', '8:71.60%', '9:58.60%']
The model is from round 163 from central server, staleness is 4

Cluster round 1 completed, aggregated models from all the clients, time past : 800msec, loss : 1.25, accuracy 55.53%
Accuracy per label : ['0:58.30%', '1:65.50%', '2:36.60%', '3:37.60%', '4:42.80%', '5:43.90%', '6:70.20%', '7:65.90%', '8:73.90%', '9:60.60%']

Before aggregation, loss : 1.26, accuracy : 55.28%
Before aggregation, accuracy per label : ['0:60.60%', '1:69.10%', '2:35.80%', '3:33.70%', '4:49.10%', '5:42.00%', '6:69.50%', '7:61.20%', '8:71.90%', '9:59.90%']
Aggregation to central server completed at central server round 250, loss : 1.25, accuracy: 55.41%, staleness : 4
Accuracy per label after aggregation : ['0:60.80%', '1:68.50%', '2:36.00%', '3:34.40%', '4:48.70%', '5:42.00%', '6:70.10%', '7:61.70%', '8:71.80%', '9:60.10%']

-----------------------------------------------------

Central server round 173 started
Model sent from central server with 100msec communication time, with loss :1.25, accuracy : 55.41%
Accuracy per label : ['0:60.80%', '1:68.50%', '2:36.00%', '3:34.40%', '4:48.70%', '5:42.00%', '6:70.10%', '7:61.70%', '8:71.80%', '9:60.10%']
The model is from round 168 from central server, staleness is 4

Cluster round 1 completed, aggregated models from all the clients, time past : 800msec, loss : 1.26, accuracy 55.94%
Accuracy per label : ['0:66.90%', '1:60.70%', '2:41.80%', '3:32.60%', '4:39.80%', '5:41.60%', '6:71.50%', '7:65.80%', '8:74.10%', '9:64.60%']

Before aggregation, loss : 1.25, accuracy : 55.77%
Before aggregation, accuracy per label : ['0:62.40%', '1:68.30%', '2:37.30%', '3:35.10%', '4:47.20%', '5:43.60%', '6:70.20%', '7:60.40%', '8:71.90%', '9:61.30%']
Aggregation to central server completed at central server round 250, loss : 1.24, accuracy: 55.81%, staleness : 4
Accuracy per label after aggregation : ['0:63.20%', '1:67.40%', '2:38.00%', '3:34.40%', '4:46.80%', '5:43.10%', '6:70.40%', '7:61.20%', '8:71.90%', '9:61.70%']

-----------------------------------------------------

Central server round 178 started
Model sent from central server with 100msec communication time, with loss :1.24, accuracy : 55.81%
Accuracy per label : ['0:63.20%', '1:67.40%', '2:38.00%', '3:34.40%', '4:46.80%', '5:43.10%', '6:70.40%', '7:61.20%', '8:71.90%', '9:61.70%']
The model is from round 173 from central server, staleness is 4

Cluster round 1 completed, aggregated models from all the clients, time past : 800msec, loss : 1.27, accuracy 55.16%
Accuracy per label : ['0:46.70%', '1:67.50%', '2:35.80%', '3:33.00%', '4:43.10%', '5:53.90%', '6:62.70%', '7:75.80%', '8:68.30%', '9:64.80%']

Before aggregation, loss : 1.24, accuracy : 56.17%
Before aggregation, accuracy per label : ['0:63.30%', '1:68.50%', '2:37.90%', '3:34.00%', '4:46.60%', '5:44.00%', '6:70.40%', '7:63.30%', '8:72.40%', '9:61.30%']
Aggregation to central server completed at central server round 250, loss : 1.23, accuracy: 56.41%, staleness : 4
Accuracy per label after aggregation : ['0:62.10%', '1:68.60%', '2:37.70%', '3:34.30%', '4:46.50%', '5:45.10%', '6:69.80%', '7:64.90%', '8:71.80%', '9:63.30%']

-----------------------------------------------------

Central server round 183 started
Model sent from central server with 100msec communication time, with loss :1.23, accuracy : 56.41%
Accuracy per label : ['0:62.10%', '1:68.60%', '2:37.70%', '3:34.30%', '4:46.50%', '5:45.10%', '6:69.80%', '7:64.90%', '8:71.80%', '9:63.30%']
The model is from round 178 from central server, staleness is 4

Cluster round 1 completed, aggregated models from all the clients, time past : 800msec, loss : 1.22, accuracy 56.94%
Accuracy per label : ['0:62.90%', '1:70.60%', '2:39.70%', '3:33.70%', '4:52.60%', '5:43.90%', '6:66.00%', '7:65.80%', '8:68.00%', '9:66.20%']

Before aggregation, loss : 1.22, accuracy : 57.07%
Before aggregation, accuracy per label : ['0:62.70%', '1:70.10%', '2:41.40%', '3:36.30%', '4:45.30%', '5:44.50%', '6:69.40%', '7:67.00%', '8:70.60%', '9:63.40%']
Aggregation to central server completed at central server round 250, loss : 1.22, accuracy: 57.17%, staleness : 4
Accuracy per label after aggregation : ['0:63.10%', '1:70.50%', '2:41.20%', '3:36.00%', '4:46.00%', '5:44.40%', '6:69.60%', '7:66.80%', '8:70.60%', '9:63.50%']

-----------------------------------------------------

Central server round 188 started
Model sent from central server with 100msec communication time, with loss :1.22, accuracy : 57.17%
Accuracy per label : ['0:63.10%', '1:70.50%', '2:41.20%', '3:36.00%', '4:46.00%', '5:44.40%', '6:69.60%', '7:66.80%', '8:70.60%', '9:63.50%']
The model is from round 183 from central server, staleness is 4

Cluster round 1 completed, aggregated models from all the clients, time past : 800msec, loss : 1.25, accuracy 56.20%
Accuracy per label : ['0:68.20%', '1:65.70%', '2:51.00%', '3:42.50%', '4:50.90%', '5:44.70%', '6:65.50%', '7:57.80%', '8:59.90%', '9:55.80%']

Before aggregation, loss : 1.21, accuracy : 57.27%
Before aggregation, accuracy per label : ['0:63.80%', '1:70.70%', '2:40.00%', '3:36.10%', '4:46.90%', '5:45.40%', '6:70.20%', '7:67.40%', '8:71.00%', '9:61.20%']
Aggregation to central server completed at central server round 250, loss : 1.21, accuracy: 57.39%, staleness : 4
Accuracy per label after aggregation : ['0:64.40%', '1:70.30%', '2:41.70%', '3:36.40%', '4:48.00%', '5:45.40%', '6:70.30%', '7:66.30%', '8:70.10%', '9:61.00%']

-----------------------------------------------------

Central server round 193 started
Model sent from central server with 100msec communication time, with loss :1.21, accuracy : 57.39%
Accuracy per label : ['0:64.40%', '1:70.30%', '2:41.70%', '3:36.40%', '4:48.00%', '5:45.40%', '6:70.30%', '7:66.30%', '8:70.10%', '9:61.00%']
The model is from round 188 from central server, staleness is 4

Cluster round 1 completed, aggregated models from all the clients, time past : 800msec, loss : 1.22, accuracy 57.36%
Accuracy per label : ['0:64.40%', '1:68.90%', '2:24.50%', '3:46.50%', '4:50.60%', '5:46.30%', '6:65.10%', '7:69.00%', '8:72.80%', '9:65.50%']

Before aggregation, loss : 1.20, accuracy : 57.72%
Before aggregation, accuracy per label : ['0:64.90%', '1:70.90%', '2:41.80%', '3:36.90%', '4:48.20%', '5:46.70%', '6:70.00%', '7:67.10%', '8:69.90%', '9:60.80%']
Aggregation to central server completed at central server round 250, loss : 1.20, accuracy: 57.79%, staleness : 4
Accuracy per label after aggregation : ['0:64.80%', '1:71.00%', '2:39.30%', '3:38.30%', '4:48.70%', '5:46.80%', '6:69.70%', '7:67.30%', '8:70.50%', '9:61.50%']

-----------------------------------------------------

Central server round 198 started
Model sent from central server with 100msec communication time, with loss :1.20, accuracy : 57.79%
Accuracy per label : ['0:64.80%', '1:71.00%', '2:39.30%', '3:38.30%', '4:48.70%', '5:46.80%', '6:69.70%', '7:67.30%', '8:70.50%', '9:61.50%']
The model is from round 193 from central server, staleness is 4

Cluster round 1 completed, aggregated models from all the clients, time past : 800msec, loss : 1.22, accuracy 57.03%
Accuracy per label : ['0:64.80%', '1:74.00%', '2:43.00%', '3:35.50%', '4:44.00%', '5:45.20%', '6:71.20%', '7:55.70%', '8:74.90%', '9:62.00%']

Before aggregation, loss : 1.19, accuracy : 58.20%
Before aggregation, accuracy per label : ['0:62.60%', '1:71.40%', '2:42.60%', '3:40.10%', '4:46.70%', '5:45.20%', '6:71.80%', '7:65.20%', '8:72.70%', '9:63.70%']
Aggregation to central server completed at central server round 250, loss : 1.19, accuracy: 58.29%, staleness : 4
Accuracy per label after aggregation : ['0:62.90%', '1:71.90%', '2:43.20%', '3:39.10%', '4:46.80%', '5:45.20%', '6:72.30%', '7:64.10%', '8:73.60%', '9:63.80%']

-----------------------------------------------------

Central server round 203 started
Model sent from central server with 100msec communication time, with loss :1.19, accuracy : 58.29%
Accuracy per label : ['0:62.90%', '1:71.90%', '2:43.20%', '3:39.10%', '4:46.80%', '5:45.20%', '6:72.30%', '7:64.10%', '8:73.60%', '9:63.80%']
The model is from round 198 from central server, staleness is 4

Cluster round 1 completed, aggregated models from all the clients, time past : 800msec, loss : 1.20, accuracy 57.92%
Accuracy per label : ['0:63.30%', '1:67.50%', '2:45.50%', '3:36.30%', '4:33.40%', '5:54.70%', '6:74.30%', '7:68.50%', '8:76.10%', '9:59.60%']

Before aggregation, loss : 1.18, accuracy : 58.42%
Before aggregation, accuracy per label : ['0:63.40%', '1:73.30%', '2:41.10%', '3:35.80%', '4:49.30%', '5:48.60%', '6:72.60%', '7:65.00%', '8:72.80%', '9:62.30%']
Aggregation to central server completed at central server round 250, loss : 1.18, accuracy: 58.42%, staleness : 4
Accuracy per label after aggregation : ['0:63.40%', '1:73.00%', '2:41.70%', '3:36.20%', '4:47.00%', '5:49.40%', '6:72.80%', '7:64.80%', '8:73.50%', '9:62.40%']

-----------------------------------------------------

Central server round 208 started
Model sent from central server with 100msec communication time, with loss :1.18, accuracy : 58.42%
Accuracy per label : ['0:63.40%', '1:73.00%', '2:41.70%', '3:36.20%', '4:47.00%', '5:49.40%', '6:72.80%', '7:64.80%', '8:73.50%', '9:62.40%']
The model is from round 203 from central server, staleness is 4

Cluster round 1 completed, aggregated models from all the clients, time past : 800msec, loss : 1.19, accuracy 58.18%
Accuracy per label : ['0:57.90%', '1:66.80%', '2:39.20%', '3:55.90%', '4:52.20%', '5:38.50%', '6:62.80%', '7:69.00%', '8:69.70%', '9:69.80%']

Before aggregation, loss : 1.17, accuracy : 58.69%
Before aggregation, accuracy per label : ['0:64.10%', '1:71.80%', '2:42.80%', '3:37.00%', '4:49.70%', '5:47.80%', '6:70.70%', '7:67.10%', '8:74.00%', '9:61.90%']
Aggregation to central server completed at central server round 250, loss : 1.17, accuracy: 59.22%, staleness : 4
Accuracy per label after aggregation : ['0:63.90%', '1:71.90%', '2:43.00%', '3:40.00%', '4:50.50%', '5:47.60%', '6:70.30%', '7:67.80%', '8:73.70%', '9:63.50%']

-----------------------------------------------------

Central server round 213 started
Model sent from central server with 100msec communication time, with loss :1.17, accuracy : 59.22%
Accuracy per label : ['0:63.90%', '1:71.90%', '2:43.00%', '3:40.00%', '4:50.50%', '5:47.60%', '6:70.30%', '7:67.80%', '8:73.70%', '9:63.50%']
The model is from round 208 from central server, staleness is 4

Cluster round 1 completed, aggregated models from all the clients, time past : 800msec, loss : 1.18, accuracy 58.42%
Accuracy per label : ['0:58.20%', '1:66.90%', '2:39.80%', '3:55.20%', '4:52.60%', '5:39.20%', '6:63.10%', '7:69.50%', '8:69.70%', '9:70.00%']

Before aggregation, loss : 1.16, accuracy : 59.29%
Before aggregation, accuracy per label : ['0:63.60%', '1:72.60%', '2:43.30%', '3:40.70%', '4:50.30%', '5:49.00%', '6:69.30%', '7:66.90%', '8:74.50%', '9:62.70%']
Aggregation to central server completed at central server round 250, loss : 1.16, accuracy: 59.50%, staleness : 4
Accuracy per label after aggregation : ['0:63.50%', '1:72.20%', '2:43.10%', '3:42.80%', '4:51.10%', '5:47.90%', '6:68.80%', '7:67.50%', '8:74.00%', '9:64.10%']

-----------------------------------------------------

Central server round 218 started
Model sent from central server with 100msec communication time, with loss :1.16, accuracy : 59.50%
Accuracy per label : ['0:63.50%', '1:72.20%', '2:43.10%', '3:42.80%', '4:51.10%', '5:47.90%', '6:68.80%', '7:67.50%', '8:74.00%', '9:64.10%']
The model is from round 213 from central server, staleness is 4

Cluster round 1 completed, aggregated models from all the clients, time past : 800msec, loss : 1.18, accuracy 58.66%
Accuracy per label : ['0:59.00%', '1:67.20%', '2:40.50%', '3:55.20%', '4:52.70%', '5:38.70%', '6:63.80%', '7:70.20%', '8:69.80%', '9:69.50%']

Before aggregation, loss : 1.16, accuracy : 59.54%
Before aggregation, accuracy per label : ['0:63.30%', '1:72.60%', '2:43.20%', '3:41.80%', '4:51.40%', '5:49.10%', '6:68.50%', '7:67.00%', '8:74.90%', '9:63.60%']
Aggregation to central server completed at central server round 250, loss : 1.15, accuracy: 59.72%, staleness : 4
Accuracy per label after aggregation : ['0:63.10%', '1:72.50%', '2:43.20%', '3:44.00%', '4:51.50%', '5:48.20%', '6:68.10%', '7:67.80%', '8:74.20%', '9:64.60%']

-----------------------------------------------------

Central server round 223 started
Model sent from central server with 100msec communication time, with loss :1.15, accuracy : 59.72%
Accuracy per label : ['0:63.10%', '1:72.50%', '2:43.20%', '3:44.00%', '4:51.50%', '5:48.20%', '6:68.10%', '7:67.80%', '8:74.20%', '9:64.60%']
The model is from round 218 from central server, staleness is 4

Cluster round 1 completed, aggregated models from all the clients, time past : 800msec, loss : 1.17, accuracy 59.03%
Accuracy per label : ['0:60.10%', '1:67.60%', '2:40.90%', '3:56.30%', '4:52.70%', '5:38.90%', '6:64.30%', '7:70.40%', '8:69.80%', '9:69.30%']

Before aggregation, loss : 1.15, accuracy : 59.77%
Before aggregation, accuracy per label : ['0:62.90%', '1:73.20%', '2:43.70%', '3:42.10%', '4:51.60%', '5:49.30%', '6:68.10%', '7:67.30%', '8:75.40%', '9:64.10%']
Aggregation to central server completed at central server round 250, loss : 1.15, accuracy: 59.99%, staleness : 4
Accuracy per label after aggregation : ['0:63.20%', '1:72.70%', '2:43.20%', '3:45.50%', '4:51.70%', '5:48.20%', '6:67.80%', '7:67.70%', '8:74.90%', '9:65.00%']

-----------------------------------------------------

Central server round 228 started
Model sent from central server with 100msec communication time, with loss :1.15, accuracy : 59.99%
Accuracy per label : ['0:63.20%', '1:72.70%', '2:43.20%', '3:45.50%', '4:51.70%', '5:48.20%', '6:67.80%', '7:67.70%', '8:74.90%', '9:65.00%']
The model is from round 223 from central server, staleness is 4

Cluster round 1 completed, aggregated models from all the clients, time past : 800msec, loss : 1.17, accuracy 59.24%
Accuracy per label : ['0:59.30%', '1:66.40%', '2:42.70%', '3:57.60%', '4:52.20%', '5:39.00%', '6:64.20%', '7:70.50%', '8:69.80%', '9:70.70%']

Before aggregation, loss : 1.14, accuracy : 60.11%
Before aggregation, accuracy per label : ['0:63.40%', '1:73.40%', '2:44.20%', '3:42.70%', '4:52.60%', '5:49.70%', '6:67.70%', '7:67.60%', '8:75.40%', '9:64.40%']
Aggregation to central server completed at central server round 250, loss : 1.14, accuracy: 60.36%, staleness : 4
Accuracy per label after aggregation : ['0:63.50%', '1:73.10%', '2:43.60%', '3:45.50%', '4:52.30%', '5:48.70%', '6:67.80%', '7:68.40%', '8:75.10%', '9:65.60%']

-----------------------------------------------------

Central server round 233 started
Model sent from central server with 100msec communication time, with loss :1.14, accuracy : 60.36%
Accuracy per label : ['0:63.50%', '1:73.10%', '2:43.60%', '3:45.50%', '4:52.30%', '5:48.70%', '6:67.80%', '7:68.40%', '8:75.10%', '9:65.60%']
The model is from round 228 from central server, staleness is 4

Cluster round 1 completed, aggregated models from all the clients, time past : 800msec, loss : 1.17, accuracy 59.38%
Accuracy per label : ['0:59.60%', '1:67.20%', '2:40.90%', '3:57.90%', '4:52.50%', '5:38.90%', '6:65.00%', '7:71.30%', '8:69.80%', '9:70.70%']

Before aggregation, loss : 1.14, accuracy : 60.37%
Before aggregation, accuracy per label : ['0:62.90%', '1:73.50%', '2:44.20%', '3:42.80%', '4:53.20%', '5:50.20%', '6:67.90%', '7:68.30%', '8:75.50%', '9:65.20%']
Aggregation to central server completed at central server round 250, loss : 1.13, accuracy: 60.42%, staleness : 4
Accuracy per label after aggregation : ['0:62.90%', '1:72.80%', '2:44.10%', '3:44.90%', '4:53.20%', '5:48.70%', '6:67.60%', '7:68.90%', '8:75.60%', '9:65.50%']

-----------------------------------------------------

Central server round 238 started
Model sent from central server with 100msec communication time, with loss :1.13, accuracy : 60.42%
Accuracy per label : ['0:62.90%', '1:72.80%', '2:44.10%', '3:44.90%', '4:53.20%', '5:48.70%', '6:67.60%', '7:68.90%', '8:75.60%', '9:65.50%']
The model is from round 233 from central server, staleness is 4

Cluster round 1 completed, aggregated models from all the clients, time past : 800msec, loss : 1.16, accuracy 59.68%
Accuracy per label : ['0:61.10%', '1:66.60%', '2:40.50%', '3:57.70%', '4:53.90%', '5:39.20%', '6:65.40%', '7:72.20%', '8:69.40%', '9:70.80%']

Before aggregation, loss : 1.13, accuracy : 60.71%
Before aggregation, accuracy per label : ['0:63.10%', '1:73.60%', '2:44.40%', '3:42.90%', '4:53.80%', '5:50.50%', '6:68.10%', '7:69.10%', '8:76.00%', '9:65.60%']
Aggregation to central server completed at central server round 250, loss : 1.13, accuracy: 60.55%, staleness : 4
Accuracy per label after aggregation : ['0:63.00%', '1:72.50%', '2:43.90%', '3:44.80%', '4:54.10%', '5:48.80%', '6:67.60%', '7:69.30%', '8:75.80%', '9:65.70%']

-----------------------------------------------------

Central server round 243 started
Model sent from central server with 100msec communication time, with loss :1.13, accuracy : 60.55%
Accuracy per label : ['0:63.00%', '1:72.50%', '2:43.90%', '3:44.80%', '4:54.10%', '5:48.80%', '6:67.60%', '7:69.30%', '8:75.80%', '9:65.70%']
The model is from round 238 from central server, staleness is 4

Cluster round 1 completed, aggregated models from all the clients, time past : 800msec, loss : 1.15, accuracy 59.94%
Accuracy per label : ['0:60.70%', '1:67.60%', '2:42.10%', '3:56.90%', '4:54.00%', '5:39.70%', '6:65.60%', '7:71.80%', '8:70.40%', '9:70.60%']

Before aggregation, loss : 1.13, accuracy : 60.84%
Before aggregation, accuracy per label : ['0:63.60%', '1:73.50%', '2:44.50%', '3:42.40%', '4:54.50%', '5:50.90%', '6:68.30%', '7:68.60%', '8:76.40%', '9:65.70%']
Aggregation to central server completed at central server round 250, loss : 1.12, accuracy: 60.76%, staleness : 4
Accuracy per label after aggregation : ['0:63.40%', '1:72.80%', '2:44.30%', '3:44.40%', '4:54.40%', '5:49.00%', '6:67.80%', '7:69.20%', '8:76.10%', '9:66.20%']

-----------------------------------------------------

Central server round 248 started
Model sent from central server with 100msec communication time, with loss :1.12, accuracy : 60.76%
Accuracy per label : ['0:63.40%', '1:72.80%', '2:44.30%', '3:44.40%', '4:54.40%', '5:49.00%', '6:67.80%', '7:69.20%', '8:76.10%', '9:66.20%']
The model is from round 243 from central server, staleness is 4

Cluster round 1 completed, aggregated models from all the clients, time past : 800msec, loss : 1.16, accuracy 60.07%
Accuracy per label : ['0:61.10%', '1:67.30%', '2:40.20%', '3:57.30%', '4:55.80%', '5:39.00%', '6:66.10%', '7:73.30%', '8:69.90%', '9:70.70%']

Before aggregation, loss : 1.12, accuracy : 60.98%
Before aggregation, accuracy per label : ['0:63.70%', '1:73.90%', '2:44.60%', '3:42.20%', '4:55.00%', '5:51.00%', '6:67.90%', '7:69.00%', '8:76.50%', '9:66.00%']
Aggregation to central server completed at central server round 250, loss : 1.12, accuracy: 60.98%, staleness : 4
Accuracy per label after aggregation : ['0:63.80%', '1:73.00%', '2:44.10%', '3:44.40%', '4:54.50%', '5:50.00%', '6:68.10%', '7:69.40%', '8:76.00%', '9:66.50%']

