-----------------------------------------------------

Central server round 4 started
Model sent from central server with 100msec communication time, with loss :2.31, accuracy : 8.86%
Accuracy per label : ['0:0.00%', '1:0.40%', '2:0.40%', '3:3.80%', '4:0.00%', '5:0.00%', '6:0.00%', '7:0.00%', '8:84.00%', '9:0.00%']
The model is from round 0 from central server, staleness is 3

Cluster round 1 completed, aggregated models from all the clients, time past : 800msec, loss : 2.10, accuracy 23.18%
Accuracy per label : ['0:10.30%', '1:8.10%', '2:0.00%', '3:3.60%', '4:4.40%', '5:52.50%', '6:20.80%', '7:35.90%', '8:37.30%', '9:58.90%']

Before aggregation, loss : 2.14, accuracy : 26.14%
Before aggregation, accuracy per label : ['0:47.30%', '1:16.20%', '2:2.00%', '3:1.90%', '4:2.00%', '5:44.70%', '6:28.70%', '7:25.80%', '8:36.20%', '9:56.60%']
Aggregation to central server completed at central server round 250, loss : 2.14, accuracy: 25.90%, staleness : 3
Accuracy per label after aggregation : ['0:40.20%', '1:15.60%', '2:1.30%', '3:2.20%', '4:1.90%', '5:46.70%', '6:27.00%', '7:29.10%', '8:37.10%', '9:57.90%']

-----------------------------------------------------

Central server round 9 started
Model sent from central server with 100msec communication time, with loss :2.14, accuracy : 25.90%
Accuracy per label : ['0:40.20%', '1:15.60%', '2:1.30%', '3:2.20%', '4:1.90%', '5:46.70%', '6:27.00%', '7:29.10%', '8:37.10%', '9:57.90%']
The model is from round 4 from central server, staleness is 4

Cluster round 1 completed, aggregated models from all the clients, time past : 800msec, loss : 1.94, accuracy 31.34%
Accuracy per label : ['0:56.20%', '1:27.10%', '2:11.60%', '3:5.80%', '4:24.60%', '5:37.70%', '6:31.10%', '7:16.00%', '8:47.90%', '9:55.40%']

Before aggregation, loss : 2.06, accuracy : 28.66%
Before aggregation, accuracy per label : ['0:48.60%', '1:23.40%', '2:7.30%', '3:6.90%', '4:5.90%', '5:46.20%', '6:27.20%', '7:22.40%', '8:45.00%', '9:53.70%']
Aggregation to central server completed at central server round 250, loss : 2.04, accuracy: 29.19%, staleness : 4
Accuracy per label after aggregation : ['0:51.50%', '1:23.50%', '2:8.90%', '3:7.70%', '4:7.90%', '5:45.70%', '6:26.60%', '7:20.10%', '8:45.40%', '9:54.60%']

-----------------------------------------------------

Central server round 14 started
Model sent from central server with 100msec communication time, with loss :2.04, accuracy : 29.19%
Accuracy per label : ['0:51.50%', '1:23.50%', '2:8.90%', '3:7.70%', '4:7.90%', '5:45.70%', '6:26.60%', '7:20.10%', '8:45.40%', '9:54.60%']
The model is from round 9 from central server, staleness is 4

Cluster round 1 completed, aggregated models from all the clients, time past : 800msec, loss : 1.87, accuracy 33.76%
Accuracy per label : ['0:59.30%', '1:33.40%', '2:10.10%', '3:16.10%', '4:17.90%', '5:41.90%', '6:54.00%', '7:27.10%', '8:34.40%', '9:43.40%']

Before aggregation, loss : 1.97, accuracy : 30.96%
Before aggregation, accuracy per label : ['0:51.70%', '1:25.40%', '2:8.70%', '3:5.10%', '4:12.90%', '5:48.50%', '6:37.40%', '7:22.50%', '8:46.60%', '9:50.80%']
Aggregation to central server completed at central server round 250, loss : 1.96, accuracy: 31.48%, staleness : 4
Accuracy per label after aggregation : ['0:53.50%', '1:26.70%', '2:9.00%', '3:6.10%', '4:13.90%', '5:47.90%', '6:39.70%', '7:23.20%', '8:45.40%', '9:49.40%']

-----------------------------------------------------

Central server round 19 started
Model sent from central server with 100msec communication time, with loss :1.96, accuracy : 31.48%
Accuracy per label : ['0:53.50%', '1:26.70%', '2:9.00%', '3:6.10%', '4:13.90%', '5:47.90%', '6:39.70%', '7:23.20%', '8:45.40%', '9:49.40%']
The model is from round 14 from central server, staleness is 4

Cluster round 1 completed, aggregated models from all the clients, time past : 800msec, loss : 1.83, accuracy 36.08%
Accuracy per label : ['0:43.40%', '1:33.40%', '2:12.60%', '3:8.50%', '4:29.00%', '5:40.80%', '6:53.10%', '7:34.90%', '8:56.20%', '9:48.90%']

Before aggregation, loss : 1.91, accuracy : 32.95%
Before aggregation, accuracy per label : ['0:53.40%', '1:30.90%', '2:9.20%', '3:6.20%', '4:14.90%', '5:45.20%', '6:46.80%', '7:26.10%', '8:50.30%', '9:46.50%']
Aggregation to central server completed at central server round 250, loss : 1.90, accuracy: 33.32%, staleness : 4
Accuracy per label after aggregation : ['0:52.10%', '1:30.90%', '2:9.70%', '3:6.00%', '4:16.20%', '5:44.90%', '6:47.90%', '7:26.90%', '8:51.50%', '9:47.10%']

-----------------------------------------------------

Central server round 24 started
Model sent from central server with 100msec communication time, with loss :1.90, accuracy : 33.32%
Accuracy per label : ['0:52.10%', '1:30.90%', '2:9.70%', '3:6.00%', '4:16.20%', '5:44.90%', '6:47.90%', '7:26.90%', '8:51.50%', '9:47.10%']
The model is from round 19 from central server, staleness is 4

Cluster round 1 completed, aggregated models from all the clients, time past : 800msec, loss : 1.80, accuracy 36.61%
Accuracy per label : ['0:50.60%', '1:36.30%', '2:14.30%', '3:11.40%', '4:23.60%', '5:34.90%', '6:57.70%', '7:40.20%', '8:59.80%', '9:37.30%']

Before aggregation, loss : 1.86, accuracy : 34.64%
Before aggregation, accuracy per label : ['0:50.50%', '1:33.80%', '2:9.00%', '3:8.70%', '4:24.00%', '5:43.20%', '6:48.00%', '7:27.90%', '8:53.80%', '9:47.50%']
Aggregation to central server completed at central server round 250, loss : 1.85, accuracy: 35.04%, staleness : 4
Accuracy per label after aggregation : ['0:50.60%', '1:34.10%', '2:9.60%', '3:9.00%', '4:23.90%', '5:42.50%', '6:50.40%', '7:29.00%', '8:55.10%', '9:46.20%']

-----------------------------------------------------

Central server round 29 started
Model sent from central server with 100msec communication time, with loss :1.85, accuracy : 35.04%
Accuracy per label : ['0:50.60%', '1:34.10%', '2:9.60%', '3:9.00%', '4:23.90%', '5:42.50%', '6:50.40%', '7:29.00%', '8:55.10%', '9:46.20%']
The model is from round 24 from central server, staleness is 4

Cluster round 1 completed, aggregated models from all the clients, time past : 800msec, loss : 1.78, accuracy 37.81%
Accuracy per label : ['0:50.20%', '1:55.40%', '2:15.30%', '3:17.90%', '4:24.60%', '5:33.80%', '6:48.70%', '7:31.00%', '8:58.30%', '9:42.90%']

Before aggregation, loss : 1.82, accuracy : 36.40%
Before aggregation, accuracy per label : ['0:50.80%', '1:37.30%', '2:10.50%', '3:9.50%', '4:27.90%', '5:41.90%', '6:50.60%', '7:35.50%', '8:53.50%', '9:46.50%']
Aggregation to central server completed at central server round 250, loss : 1.81, accuracy: 36.69%, staleness : 4
Accuracy per label after aggregation : ['0:51.00%', '1:38.60%', '2:11.20%', '3:10.60%', '4:27.90%', '5:41.10%', '6:51.20%', '7:34.30%', '8:54.50%', '9:46.50%']

-----------------------------------------------------

Central server round 34 started
Model sent from central server with 100msec communication time, with loss :1.81, accuracy : 36.69%
Accuracy per label : ['0:51.00%', '1:38.60%', '2:11.20%', '3:10.60%', '4:27.90%', '5:41.10%', '6:51.20%', '7:34.30%', '8:54.50%', '9:46.50%']
The model is from round 29 from central server, staleness is 4

Cluster round 1 completed, aggregated models from all the clients, time past : 800msec, loss : 1.73, accuracy 39.18%
Accuracy per label : ['0:42.30%', '1:44.40%', '2:7.60%', '3:21.70%', '4:22.80%', '5:33.40%', '6:67.70%', '7:44.20%', '8:60.40%', '9:47.30%']

Before aggregation, loss : 1.78, accuracy : 37.54%
Before aggregation, accuracy per label : ['0:52.00%', '1:42.80%', '2:9.60%', '3:12.40%', '4:27.90%', '5:39.40%', '6:54.50%', '7:36.10%', '8:53.70%', '9:47.00%']
Aggregation to central server completed at central server round 250, loss : 1.78, accuracy: 37.78%, staleness : 4
Accuracy per label after aggregation : ['0:50.40%', '1:43.10%', '2:9.20%', '3:13.50%', '4:27.50%', '5:38.80%', '6:55.60%', '7:37.30%', '8:55.30%', '9:47.10%']

-----------------------------------------------------

Central server round 39 started
Model sent from central server with 100msec communication time, with loss :1.78, accuracy : 37.78%
Accuracy per label : ['0:50.40%', '1:43.10%', '2:9.20%', '3:13.50%', '4:27.50%', '5:38.80%', '6:55.60%', '7:37.30%', '8:55.30%', '9:47.10%']
The model is from round 34 from central server, staleness is 4

Cluster round 1 completed, aggregated models from all the clients, time past : 800msec, loss : 1.70, accuracy 40.63%
Accuracy per label : ['0:48.00%', '1:48.10%', '2:21.90%', '3:21.30%', '4:23.00%', '5:32.30%', '6:57.70%', '7:47.10%', '8:55.80%', '9:51.10%']

Before aggregation, loss : 1.75, accuracy : 38.77%
Before aggregation, accuracy per label : ['0:51.70%', '1:44.20%', '2:11.70%', '3:15.80%', '4:28.30%', '5:37.30%', '6:59.70%', '7:38.50%', '8:54.00%', '9:46.50%']
Aggregation to central server completed at central server round 250, loss : 1.74, accuracy: 39.13%, staleness : 4
Accuracy per label after aggregation : ['0:51.00%', '1:44.80%', '2:13.40%', '3:16.70%', '4:27.40%', '5:36.70%', '6:59.90%', '7:39.50%', '8:54.70%', '9:47.20%']

-----------------------------------------------------

Central server round 44 started
Model sent from central server with 100msec communication time, with loss :1.74, accuracy : 39.13%
Accuracy per label : ['0:51.00%', '1:44.80%', '2:13.40%', '3:16.70%', '4:27.40%', '5:36.70%', '6:59.90%', '7:39.50%', '8:54.70%', '9:47.20%']
The model is from round 39 from central server, staleness is 4

Cluster round 1 completed, aggregated models from all the clients, time past : 800msec, loss : 1.68, accuracy 41.13%
Accuracy per label : ['0:51.00%', '1:49.30%', '2:21.70%', '3:26.20%', '4:32.60%', '5:25.30%', '6:56.30%', '7:38.90%', '8:61.70%', '9:48.30%']

Before aggregation, loss : 1.72, accuracy : 39.98%
Before aggregation, accuracy per label : ['0:48.60%', '1:49.80%', '2:17.10%', '3:16.10%', '4:28.50%', '5:36.20%', '6:60.30%', '7:42.00%', '8:54.40%', '9:46.80%']
Aggregation to central server completed at central server round 250, loss : 1.71, accuracy: 40.41%, staleness : 4
Accuracy per label after aggregation : ['0:48.70%', '1:49.50%', '2:18.40%', '3:17.40%', '4:29.40%', '5:35.10%', '6:60.20%', '7:41.90%', '8:56.10%', '9:47.40%']

-----------------------------------------------------

Central server round 49 started
Model sent from central server with 100msec communication time, with loss :1.71, accuracy : 40.41%
Accuracy per label : ['0:48.70%', '1:49.50%', '2:18.40%', '3:17.40%', '4:29.40%', '5:35.10%', '6:60.20%', '7:41.90%', '8:56.10%', '9:47.40%']
The model is from round 44 from central server, staleness is 4

Cluster round 1 completed, aggregated models from all the clients, time past : 800msec, loss : 1.69, accuracy 40.33%
Accuracy per label : ['0:44.40%', '1:63.20%', '2:9.60%', '3:24.30%', '4:26.90%', '5:29.50%', '6:51.70%', '7:44.80%', '8:52.60%', '9:56.30%']

Before aggregation, loss : 1.69, accuracy : 40.94%
Before aggregation, accuracy per label : ['0:49.10%', '1:50.80%', '2:17.60%', '3:15.70%', '4:30.10%', '5:35.40%', '6:61.00%', '7:43.20%', '8:56.20%', '9:50.30%']
Aggregation to central server completed at central server round 250, loss : 1.68, accuracy: 41.11%, staleness : 4
Accuracy per label after aggregation : ['0:49.30%', '1:52.40%', '2:17.10%', '3:16.50%', '4:29.70%', '5:35.10%', '6:60.50%', '7:43.30%', '8:56.20%', '9:51.00%']

-----------------------------------------------------

Central server round 54 started
Model sent from central server with 100msec communication time, with loss :1.68, accuracy : 41.11%
Accuracy per label : ['0:49.30%', '1:52.40%', '2:17.10%', '3:16.50%', '4:29.70%', '5:35.10%', '6:60.50%', '7:43.30%', '8:56.20%', '9:51.00%']
The model is from round 49 from central server, staleness is 4

Cluster round 1 completed, aggregated models from all the clients, time past : 800msec, loss : 1.61, accuracy 43.09%
Accuracy per label : ['0:52.10%', '1:56.60%', '2:13.60%', '3:21.00%', '4:41.80%', '5:34.00%', '6:62.90%', '7:48.10%', '8:54.70%', '9:46.10%']

Before aggregation, loss : 1.66, accuracy : 41.73%
Before aggregation, accuracy per label : ['0:50.70%', '1:52.50%', '2:16.20%', '3:18.80%', '4:27.50%', '5:35.60%', '6:62.10%', '7:46.10%', '8:56.20%', '9:51.60%']
Aggregation to central server completed at central server round 250, loss : 1.65, accuracy: 41.98%, staleness : 4
Accuracy per label after aggregation : ['0:50.70%', '1:52.90%', '2:16.20%', '3:19.00%', '4:28.90%', '5:35.70%', '6:62.50%', '7:46.30%', '8:56.70%', '9:50.90%']

-----------------------------------------------------

Central server round 59 started
Model sent from central server with 100msec communication time, with loss :1.65, accuracy : 41.98%
Accuracy per label : ['0:50.70%', '1:52.90%', '2:16.20%', '3:19.00%', '4:28.90%', '5:35.70%', '6:62.50%', '7:46.30%', '8:56.70%', '9:50.90%']
The model is from round 54 from central server, staleness is 4

Cluster round 1 completed, aggregated models from all the clients, time past : 800msec, loss : 1.62, accuracy 42.28%
Accuracy per label : ['0:57.30%', '1:58.20%', '2:14.20%', '3:29.80%', '4:21.30%', '5:32.10%', '6:60.50%', '7:44.30%', '8:61.80%', '9:43.30%']

Before aggregation, loss : 1.63, accuracy : 42.65%
Before aggregation, accuracy per label : ['0:51.20%', '1:53.30%', '2:18.00%', '3:17.70%', '4:32.60%', '5:35.40%', '6:65.90%', '7:45.80%', '8:56.30%', '9:50.30%']
Aggregation to central server completed at central server round 250, loss : 1.62, accuracy: 42.79%, staleness : 4
Accuracy per label after aggregation : ['0:52.10%', '1:54.40%', '2:17.90%', '3:18.50%', '4:30.80%', '5:35.30%', '6:65.50%', '7:46.00%', '8:57.60%', '9:49.80%']

-----------------------------------------------------

Central server round 64 started
Model sent from central server with 100msec communication time, with loss :1.62, accuracy : 42.79%
Accuracy per label : ['0:52.10%', '1:54.40%', '2:17.90%', '3:18.50%', '4:30.80%', '5:35.30%', '6:65.50%', '7:46.00%', '8:57.60%', '9:49.80%']
The model is from round 59 from central server, staleness is 4

Cluster round 1 completed, aggregated models from all the clients, time past : 800msec, loss : 1.59, accuracy 43.90%
Accuracy per label : ['0:53.30%', '1:60.20%', '2:19.10%', '3:28.90%', '4:33.10%', '5:23.00%', '6:61.00%', '7:48.20%', '8:50.80%', '9:61.40%']

Before aggregation, loss : 1.60, accuracy : 43.56%
Before aggregation, accuracy per label : ['0:52.50%', '1:55.10%', '2:22.60%', '3:20.20%', '4:32.80%', '5:35.40%', '6:64.50%', '7:45.70%', '8:58.60%', '9:48.20%']
Aggregation to central server completed at central server round 250, loss : 1.59, accuracy: 43.78%, staleness : 4
Accuracy per label after aggregation : ['0:52.50%', '1:56.00%', '2:22.40%', '3:21.90%', '4:33.00%', '5:33.60%', '6:64.30%', '7:45.70%', '8:58.10%', '9:50.30%']

-----------------------------------------------------

Central server round 69 started
Model sent from central server with 100msec communication time, with loss :1.59, accuracy : 43.78%
Accuracy per label : ['0:52.50%', '1:56.00%', '2:22.40%', '3:21.90%', '4:33.00%', '5:33.60%', '6:64.30%', '7:45.70%', '8:58.10%', '9:50.30%']
The model is from round 64 from central server, staleness is 4

Cluster round 1 completed, aggregated models from all the clients, time past : 800msec, loss : 1.54, accuracy 45.08%
Accuracy per label : ['0:53.40%', '1:48.20%', '2:21.30%', '3:23.10%', '4:45.90%', '5:30.90%', '6:60.10%', '7:45.70%', '8:59.20%', '9:63.00%']

Before aggregation, loss : 1.57, accuracy : 44.52%
Before aggregation, accuracy per label : ['0:53.90%', '1:55.80%', '2:23.70%', '3:22.00%', '4:33.80%', '5:34.50%', '6:65.30%', '7:48.50%', '8:56.50%', '9:51.20%']
Aggregation to central server completed at central server round 250, loss : 1.57, accuracy: 44.69%, staleness : 4
Accuracy per label after aggregation : ['0:53.90%', '1:55.10%', '2:23.30%', '3:22.40%', '4:35.10%', '5:33.90%', '6:64.80%', '7:48.60%', '8:56.90%', '9:52.90%']

-----------------------------------------------------

Central server round 74 started
Model sent from central server with 100msec communication time, with loss :1.57, accuracy : 44.69%
Accuracy per label : ['0:53.90%', '1:55.10%', '2:23.30%', '3:22.40%', '4:35.10%', '5:33.90%', '6:64.80%', '7:48.60%', '8:56.90%', '9:52.90%']
The model is from round 69 from central server, staleness is 4

Cluster round 1 completed, aggregated models from all the clients, time past : 800msec, loss : 1.52, accuracy 46.19%
Accuracy per label : ['0:47.70%', '1:48.70%', '2:28.70%', '3:33.40%', '4:35.30%', '5:29.80%', '6:64.20%', '7:49.50%', '8:57.90%', '9:66.70%']

Before aggregation, loss : 1.55, accuracy : 45.43%
Before aggregation, accuracy per label : ['0:53.30%', '1:56.20%', '2:22.40%', '3:25.50%', '4:35.50%', '5:34.00%', '6:65.20%', '7:49.90%', '8:59.20%', '9:53.10%']
Aggregation to central server completed at central server round 250, loss : 1.54, accuracy: 45.62%, staleness : 4
Accuracy per label after aggregation : ['0:53.00%', '1:55.30%', '2:23.50%', '3:26.60%', '4:35.10%', '5:33.40%', '6:65.40%', '7:49.70%', '8:59.20%', '9:55.00%']

-----------------------------------------------------

Central server round 79 started
Model sent from central server with 100msec communication time, with loss :1.54, accuracy : 45.62%
Accuracy per label : ['0:53.00%', '1:55.30%', '2:23.50%', '3:26.60%', '4:35.10%', '5:33.40%', '6:65.40%', '7:49.70%', '8:59.20%', '9:55.00%']
The model is from round 74 from central server, staleness is 4

Cluster round 1 completed, aggregated models from all the clients, time past : 800msec, loss : 1.51, accuracy 46.14%
Accuracy per label : ['0:55.90%', '1:68.00%', '2:18.90%', '3:24.50%', '4:30.60%', '5:42.50%', '6:57.90%', '7:54.30%', '8:59.30%', '9:49.50%']

Before aggregation, loss : 1.52, accuracy : 46.47%
Before aggregation, accuracy per label : ['0:52.60%', '1:57.90%', '2:26.30%', '3:27.20%', '4:34.00%', '5:34.80%', '6:64.10%', '7:51.00%', '8:60.30%', '9:56.50%']
Aggregation to central server completed at central server round 250, loss : 1.52, accuracy: 46.47%, staleness : 4
Accuracy per label after aggregation : ['0:52.80%', '1:59.20%', '2:25.90%', '3:27.10%', '4:34.00%', '5:35.70%', '6:63.70%', '7:51.30%', '8:60.10%', '9:54.90%']

-----------------------------------------------------

Central server round 84 started
Model sent from central server with 100msec communication time, with loss :1.52, accuracy : 46.47%
Accuracy per label : ['0:52.80%', '1:59.20%', '2:25.90%', '3:27.10%', '4:34.00%', '5:35.70%', '6:63.70%', '7:51.30%', '8:60.10%', '9:54.90%']
The model is from round 79 from central server, staleness is 4

Cluster round 1 completed, aggregated models from all the clients, time past : 800msec, loss : 1.48, accuracy 47.17%
Accuracy per label : ['0:52.30%', '1:55.70%', '2:23.60%', '3:25.80%', '4:47.70%', '5:34.60%', '6:58.60%', '7:56.60%', '8:66.90%', '9:49.90%']

Before aggregation, loss : 1.50, accuracy : 46.99%
Before aggregation, accuracy per label : ['0:51.70%', '1:60.20%', '2:24.10%', '3:28.10%', '4:35.50%', '5:34.50%', '6:65.00%', '7:53.30%', '8:63.40%', '9:54.10%']
Aggregation to central server completed at central server round 250, loss : 1.50, accuracy: 47.07%, staleness : 4
Accuracy per label after aggregation : ['0:52.10%', '1:59.60%', '2:23.80%', '3:27.80%', '4:36.90%', '5:34.40%', '6:64.70%', '7:53.70%', '8:64.20%', '9:53.50%']

-----------------------------------------------------

Central server round 89 started
Model sent from central server with 100msec communication time, with loss :1.50, accuracy : 47.07%
Accuracy per label : ['0:52.10%', '1:59.60%', '2:23.80%', '3:27.80%', '4:36.90%', '5:34.40%', '6:64.70%', '7:53.70%', '8:64.20%', '9:53.50%']
The model is from round 84 from central server, staleness is 4

Cluster round 1 completed, aggregated models from all the clients, time past : 800msec, loss : 1.46, accuracy 48.03%
Accuracy per label : ['0:48.70%', '1:57.90%', '2:26.60%', '3:27.60%', '4:35.20%', '5:36.30%', '6:68.70%', '7:59.60%', '8:62.30%', '9:57.40%']

Before aggregation, loss : 1.48, accuracy : 47.80%
Before aggregation, accuracy per label : ['0:52.10%', '1:61.70%', '2:28.60%', '3:31.40%', '4:36.50%', '5:34.70%', '6:64.60%', '7:53.40%', '8:64.70%', '9:50.30%']
Aggregation to central server completed at central server round 250, loss : 1.48, accuracy: 47.89%, staleness : 4
Accuracy per label after aggregation : ['0:51.90%', '1:61.30%', '2:28.50%', '3:31.10%', '4:36.20%', '5:34.70%', '6:65.20%', '7:54.40%', '8:64.40%', '9:51.20%']

-----------------------------------------------------

Central server round 94 started
Model sent from central server with 100msec communication time, with loss :1.48, accuracy : 47.89%
Accuracy per label : ['0:51.90%', '1:61.30%', '2:28.50%', '3:31.10%', '4:36.20%', '5:34.70%', '6:65.20%', '7:54.40%', '8:64.40%', '9:51.20%']
The model is from round 89 from central server, staleness is 4

Cluster round 1 completed, aggregated models from all the clients, time past : 800msec, loss : 1.45, accuracy 48.40%
Accuracy per label : ['0:52.40%', '1:61.90%', '2:30.80%', '3:37.00%', '4:21.60%', '5:39.50%', '6:65.80%', '7:58.30%', '8:57.70%', '9:59.00%']

Before aggregation, loss : 1.46, accuracy : 48.58%
Before aggregation, accuracy per label : ['0:53.20%', '1:62.50%', '2:26.80%', '3:29.90%', '4:37.30%', '5:36.70%', '6:66.30%', '7:55.90%', '8:64.40%', '9:52.80%']
Aggregation to central server completed at central server round 250, loss : 1.46, accuracy: 48.73%, staleness : 4
Accuracy per label after aggregation : ['0:53.30%', '1:62.20%', '2:27.80%', '3:30.70%', '4:35.50%', '5:37.70%', '6:66.50%', '7:56.30%', '8:63.80%', '9:53.50%']

-----------------------------------------------------

Central server round 99 started
Model sent from central server with 100msec communication time, with loss :1.46, accuracy : 48.73%
Accuracy per label : ['0:53.30%', '1:62.20%', '2:27.80%', '3:30.70%', '4:35.50%', '5:37.70%', '6:66.50%', '7:56.30%', '8:63.80%', '9:53.50%']
The model is from round 94 from central server, staleness is 4

Cluster round 1 completed, aggregated models from all the clients, time past : 800msec, loss : 1.43, accuracy 49.46%
Accuracy per label : ['0:59.10%', '1:63.90%', '2:35.80%', '3:27.40%', '4:34.70%', '5:37.80%', '6:63.80%', '7:52.10%', '8:64.70%', '9:55.30%']

Before aggregation, loss : 1.44, accuracy : 49.10%
Before aggregation, accuracy per label : ['0:53.70%', '1:64.90%', '2:28.00%', '3:31.40%', '4:34.90%', '5:38.10%', '6:66.60%', '7:57.20%', '8:63.00%', '9:53.20%']
Aggregation to central server completed at central server round 250, loss : 1.44, accuracy: 49.16%, staleness : 4
Accuracy per label after aggregation : ['0:54.20%', '1:64.80%', '2:28.60%', '3:31.00%', '4:35.10%', '5:38.30%', '6:66.40%', '7:56.80%', '8:63.10%', '9:53.30%']

-----------------------------------------------------

Central server round 104 started
Model sent from central server with 100msec communication time, with loss :1.44, accuracy : 49.16%
Accuracy per label : ['0:54.20%', '1:64.80%', '2:28.60%', '3:31.00%', '4:35.10%', '5:38.30%', '6:66.40%', '7:56.80%', '8:63.10%', '9:53.30%']
The model is from round 99 from central server, staleness is 4

Cluster round 1 completed, aggregated models from all the clients, time past : 800msec, loss : 1.42, accuracy 49.48%
Accuracy per label : ['0:49.60%', '1:66.00%', '2:26.30%', '3:29.30%', '4:36.60%', '5:34.90%', '6:68.00%', '7:58.20%', '8:67.90%', '9:58.00%']

Before aggregation, loss : 1.43, accuracy : 49.64%
Before aggregation, accuracy per label : ['0:54.50%', '1:66.20%', '2:31.10%', '3:32.10%', '4:32.70%', '5:40.70%', '6:65.80%', '7:55.40%', '8:65.40%', '9:52.50%']
Aggregation to central server completed at central server round 250, loss : 1.42, accuracy: 49.76%, staleness : 4
Accuracy per label after aggregation : ['0:53.90%', '1:66.40%', '2:30.70%', '3:32.00%', '4:33.30%', '5:40.00%', '6:66.50%', '7:55.80%', '8:66.10%', '9:52.90%']

-----------------------------------------------------

Central server round 109 started
Model sent from central server with 100msec communication time, with loss :1.42, accuracy : 49.76%
Accuracy per label : ['0:53.90%', '1:66.40%', '2:30.70%', '3:32.00%', '4:33.30%', '5:40.00%', '6:66.50%', '7:55.80%', '8:66.10%', '9:52.90%']
The model is from round 104 from central server, staleness is 4

Cluster round 1 completed, aggregated models from all the clients, time past : 800msec, loss : 1.40, accuracy 50.11%
Accuracy per label : ['0:56.90%', '1:51.10%', '2:27.50%', '3:26.60%', '4:35.90%', '5:47.20%', '6:68.80%', '7:59.20%', '8:65.50%', '9:62.40%']

Before aggregation, loss : 1.41, accuracy : 50.27%
Before aggregation, accuracy per label : ['0:54.10%', '1:66.40%', '2:32.10%', '3:35.70%', '4:32.30%', '5:39.60%', '6:65.30%', '7:57.30%', '8:66.70%', '9:53.20%']
Aggregation to central server completed at central server round 250, loss : 1.41, accuracy: 50.48%, staleness : 4
Accuracy per label after aggregation : ['0:54.70%', '1:64.90%', '2:31.40%', '3:35.20%', '4:33.60%', '5:40.60%', '6:66.00%', '7:57.40%', '8:66.80%', '9:54.20%']

-----------------------------------------------------

Central server round 114 started
Model sent from central server with 100msec communication time, with loss :1.41, accuracy : 50.48%
Accuracy per label : ['0:54.70%', '1:64.90%', '2:31.40%', '3:35.20%', '4:33.60%', '5:40.60%', '6:66.00%', '7:57.40%', '8:66.80%', '9:54.20%']
The model is from round 109 from central server, staleness is 4

Cluster round 1 completed, aggregated models from all the clients, time past : 800msec, loss : 1.39, accuracy 50.62%
Accuracy per label : ['0:54.80%', '1:63.50%', '2:32.40%', '3:45.00%', '4:41.70%', '5:40.60%', '6:57.40%', '7:53.60%', '8:67.50%', '9:49.70%']

Before aggregation, loss : 1.39, accuracy : 50.80%
Before aggregation, accuracy per label : ['0:54.00%', '1:64.10%', '2:33.40%', '3:30.60%', '4:37.00%', '5:42.20%', '6:66.70%', '7:59.30%', '8:66.50%', '9:54.20%']
Aggregation to central server completed at central server round 250, loss : 1.39, accuracy: 50.92%, staleness : 4
Accuracy per label after aggregation : ['0:54.00%', '1:64.10%', '2:33.20%', '3:32.70%', '4:37.70%', '5:42.70%', '6:66.40%', '7:58.20%', '8:66.40%', '9:53.80%']

-----------------------------------------------------

Central server round 119 started
Model sent from central server with 100msec communication time, with loss :1.39, accuracy : 50.92%
Accuracy per label : ['0:54.00%', '1:64.10%', '2:33.20%', '3:32.70%', '4:37.70%', '5:42.70%', '6:66.40%', '7:58.20%', '8:66.40%', '9:53.80%']
The model is from round 114 from central server, staleness is 4

Cluster round 1 completed, aggregated models from all the clients, time past : 800msec, loss : 1.37, accuracy 51.45%
Accuracy per label : ['0:56.40%', '1:67.90%', '2:31.70%', '3:32.30%', '4:42.10%', '5:45.20%', '6:61.40%', '7:56.80%', '8:66.70%', '9:54.00%']

Before aggregation, loss : 1.38, accuracy : 51.15%
Before aggregation, accuracy per label : ['0:55.50%', '1:63.80%', '2:32.90%', '3:32.90%', '4:39.30%', '5:42.40%', '6:65.20%', '7:57.70%', '8:66.90%', '9:54.90%']
Aggregation to central server completed at central server round 250, loss : 1.37, accuracy: 51.10%, staleness : 4
Accuracy per label after aggregation : ['0:55.10%', '1:64.50%', '2:32.30%', '3:33.10%', '4:39.60%', '5:42.70%', '6:65.00%', '7:57.50%', '8:67.00%', '9:54.20%']

-----------------------------------------------------

Central server round 124 started
Model sent from central server with 100msec communication time, with loss :1.37, accuracy : 51.10%
Accuracy per label : ['0:55.10%', '1:64.50%', '2:32.30%', '3:33.10%', '4:39.60%', '5:42.70%', '6:65.00%', '7:57.50%', '8:67.00%', '9:54.20%']
The model is from round 119 from central server, staleness is 4

Cluster round 1 completed, aggregated models from all the clients, time past : 800msec, loss : 1.36, accuracy 51.67%
Accuracy per label : ['0:51.00%', '1:62.40%', '2:36.00%', '3:46.90%', '4:37.00%', '5:37.40%', '6:60.20%', '7:57.20%', '8:73.10%', '9:55.50%']

Before aggregation, loss : 1.36, accuracy : 51.62%
Before aggregation, accuracy per label : ['0:57.20%', '1:64.30%', '2:34.30%', '3:31.10%', '4:43.10%', '5:41.70%', '6:65.10%', '7:58.10%', '8:67.60%', '9:53.70%']
Aggregation to central server completed at central server round 250, loss : 1.36, accuracy: 51.55%, staleness : 4
Accuracy per label after aggregation : ['0:56.80%', '1:64.40%', '2:34.50%', '3:32.80%', '4:41.90%', '5:41.40%', '6:64.80%', '7:57.80%', '8:67.60%', '9:53.50%']

-----------------------------------------------------

Central server round 129 started
Model sent from central server with 100msec communication time, with loss :1.36, accuracy : 51.55%
Accuracy per label : ['0:56.80%', '1:64.40%', '2:34.50%', '3:32.80%', '4:41.90%', '5:41.40%', '6:64.80%', '7:57.80%', '8:67.60%', '9:53.50%']
The model is from round 124 from central server, staleness is 4

Cluster round 1 completed, aggregated models from all the clients, time past : 800msec, loss : 1.36, accuracy 51.94%
Accuracy per label : ['0:57.70%', '1:70.10%', '2:33.50%', '3:37.40%', '4:30.70%', '5:42.80%', '6:64.30%', '7:57.80%', '8:70.20%', '9:54.90%']

Before aggregation, loss : 1.35, accuracy : 52.13%
Before aggregation, accuracy per label : ['0:57.70%', '1:65.90%', '2:34.90%', '3:34.90%', '4:37.60%', '5:42.40%', '6:65.10%', '7:59.80%', '8:67.40%', '9:55.60%']
Aggregation to central server completed at central server round 250, loss : 1.35, accuracy: 52.26%, staleness : 4
Accuracy per label after aggregation : ['0:57.60%', '1:66.60%', '2:34.60%', '3:35.30%', '4:37.10%', '5:42.50%', '6:65.70%', '7:59.50%', '8:68.10%', '9:55.60%']

-----------------------------------------------------

Central server round 134 started
Model sent from central server with 100msec communication time, with loss :1.35, accuracy : 52.26%
Accuracy per label : ['0:57.60%', '1:66.60%', '2:34.60%', '3:35.30%', '4:37.10%', '5:42.50%', '6:65.70%', '7:59.50%', '8:68.10%', '9:55.60%']
The model is from round 129 from central server, staleness is 4

Cluster round 1 completed, aggregated models from all the clients, time past : 800msec, loss : 1.33, accuracy 52.74%
Accuracy per label : ['0:60.10%', '1:64.60%', '2:30.40%', '3:36.70%', '4:45.00%', '5:49.80%', '6:60.30%', '7:58.20%', '8:63.70%', '9:58.60%']

Before aggregation, loss : 1.33, accuracy : 52.62%
Before aggregation, accuracy per label : ['0:57.30%', '1:66.00%', '2:36.40%', '3:35.20%', '4:39.60%', '5:41.70%', '6:66.10%', '7:61.00%', '8:67.50%', '9:55.40%']
Aggregation to central server completed at central server round 250, loss : 1.33, accuracy: 52.64%, staleness : 4
Accuracy per label after aggregation : ['0:57.70%', '1:65.90%', '2:35.50%', '3:35.50%', '4:40.90%', '5:42.60%', '6:65.20%', '7:60.20%', '8:67.10%', '9:55.80%']

-----------------------------------------------------

Central server round 139 started
Model sent from central server with 100msec communication time, with loss :1.33, accuracy : 52.64%
Accuracy per label : ['0:57.70%', '1:65.90%', '2:35.50%', '3:35.50%', '4:40.90%', '5:42.60%', '6:65.20%', '7:60.20%', '8:67.10%', '9:55.80%']
The model is from round 134 from central server, staleness is 4

Cluster round 1 completed, aggregated models from all the clients, time past : 800msec, loss : 1.35, accuracy 51.73%
Accuracy per label : ['0:50.00%', '1:51.90%', '2:36.60%', '3:26.10%', '4:35.90%', '5:40.90%', '6:74.50%', '7:55.80%', '8:77.40%', '9:68.20%']

Before aggregation, loss : 1.32, accuracy : 53.16%
Before aggregation, accuracy per label : ['0:59.10%', '1:66.80%', '2:35.70%', '3:34.90%', '4:39.50%', '5:42.50%', '6:66.40%', '7:61.70%', '8:67.00%', '9:58.00%']
Aggregation to central server completed at central server round 250, loss : 1.32, accuracy: 53.22%, staleness : 4
Accuracy per label after aggregation : ['0:58.40%', '1:65.70%', '2:35.90%', '3:34.40%', '4:39.30%', '5:42.30%', '6:67.60%', '7:60.90%', '8:68.50%', '9:59.20%']

-----------------------------------------------------

Central server round 144 started
Model sent from central server with 100msec communication time, with loss :1.32, accuracy : 53.22%
Accuracy per label : ['0:58.40%', '1:65.70%', '2:35.90%', '3:34.40%', '4:39.30%', '5:42.30%', '6:67.60%', '7:60.90%', '8:68.50%', '9:59.20%']
The model is from round 139 from central server, staleness is 4

Cluster round 1 completed, aggregated models from all the clients, time past : 800msec, loss : 1.33, accuracy 52.65%
Accuracy per label : ['0:69.20%', '1:64.90%', '2:33.30%', '3:28.00%', '4:46.50%', '5:32.10%', '6:73.00%', '7:57.80%', '8:64.90%', '9:56.80%']

Before aggregation, loss : 1.31, accuracy : 53.67%
Before aggregation, accuracy per label : ['0:58.80%', '1:67.40%', '2:37.10%', '3:34.60%', '4:43.70%', '5:41.10%', '6:66.20%', '7:60.60%', '8:69.70%', '9:57.50%']
Aggregation to central server completed at central server round 250, loss : 1.31, accuracy: 53.58%, staleness : 4
Accuracy per label after aggregation : ['0:59.90%', '1:67.10%', '2:36.20%', '3:33.90%', '4:44.20%', '5:40.20%', '6:67.40%', '7:59.90%', '8:69.50%', '9:57.50%']

-----------------------------------------------------

Central server round 149 started
Model sent from central server with 100msec communication time, with loss :1.31, accuracy : 53.58%
Accuracy per label : ['0:59.90%', '1:67.10%', '2:36.20%', '3:33.90%', '4:44.20%', '5:40.20%', '6:67.40%', '7:59.90%', '8:69.50%', '9:57.50%']
The model is from round 144 from central server, staleness is 4

Cluster round 1 completed, aggregated models from all the clients, time past : 800msec, loss : 1.31, accuracy 53.02%
Accuracy per label : ['0:49.10%', '1:61.60%', '2:35.20%', '3:44.50%', '4:43.80%', '5:30.60%', '6:70.60%', '7:57.70%', '8:72.00%', '9:65.10%']

Before aggregation, loss : 1.30, accuracy : 53.91%
Before aggregation, accuracy per label : ['0:61.10%', '1:69.30%', '2:35.60%', '3:34.70%', '4:42.50%', '5:41.70%', '6:66.50%', '7:60.70%', '8:69.20%', '9:57.80%']
Aggregation to central server completed at central server round 250, loss : 1.30, accuracy: 53.82%, staleness : 4
Accuracy per label after aggregation : ['0:59.40%', '1:68.10%', '2:35.40%', '3:36.00%', '4:43.00%', '5:40.50%', '6:67.10%', '7:60.20%', '8:69.70%', '9:58.80%']

-----------------------------------------------------

Central server round 154 started
Model sent from central server with 100msec communication time, with loss :1.30, accuracy : 53.82%
Accuracy per label : ['0:59.40%', '1:68.10%', '2:35.40%', '3:36.00%', '4:43.00%', '5:40.50%', '6:67.10%', '7:60.20%', '8:69.70%', '9:58.80%']
The model is from round 149 from central server, staleness is 4

Cluster round 1 completed, aggregated models from all the clients, time past : 800msec, loss : 1.28, accuracy 54.48%
Accuracy per label : ['0:65.20%', '1:67.60%', '2:36.20%', '3:32.50%', '4:51.20%', '5:46.50%', '6:61.80%', '7:59.00%', '8:64.70%', '9:60.10%']

Before aggregation, loss : 1.29, accuracy : 54.33%
Before aggregation, accuracy per label : ['0:60.20%', '1:68.80%', '2:38.40%', '3:36.10%', '4:41.40%', '5:40.10%', '6:68.30%', '7:61.30%', '8:70.50%', '9:58.20%']
Aggregation to central server completed at central server round 250, loss : 1.28, accuracy: 54.45%, staleness : 4
Accuracy per label after aggregation : ['0:61.20%', '1:68.90%', '2:37.80%', '3:36.00%', '4:42.60%', '5:40.80%', '6:67.60%', '7:61.20%', '8:70.00%', '9:58.40%']

-----------------------------------------------------

Central server round 159 started
Model sent from central server with 100msec communication time, with loss :1.28, accuracy : 54.45%
Accuracy per label : ['0:61.20%', '1:68.90%', '2:37.80%', '3:36.00%', '4:42.60%', '5:40.80%', '6:67.60%', '7:61.20%', '8:70.00%', '9:58.40%']
The model is from round 154 from central server, staleness is 4

Cluster round 1 completed, aggregated models from all the clients, time past : 800msec, loss : 1.28, accuracy 54.41%
Accuracy per label : ['0:52.90%', '1:65.60%', '2:33.20%', '3:37.40%', '4:51.20%', '5:48.50%', '6:59.50%', '7:62.00%', '8:74.50%', '9:59.30%']

Before aggregation, loss : 1.28, accuracy : 54.70%
Before aggregation, accuracy per label : ['0:61.40%', '1:70.00%', '2:37.00%', '3:36.40%', '4:43.60%', '5:40.20%', '6:70.40%', '7:60.60%', '8:70.60%', '9:56.80%']
Aggregation to central server completed at central server round 250, loss : 1.27, accuracy: 54.61%, staleness : 4
Accuracy per label after aggregation : ['0:59.90%', '1:69.30%', '2:36.40%', '3:36.60%', '4:44.60%', '5:40.80%', '6:69.30%', '7:60.60%', '8:71.40%', '9:57.20%']

-----------------------------------------------------

Central server round 164 started
Model sent from central server with 100msec communication time, with loss :1.27, accuracy : 54.61%
Accuracy per label : ['0:59.90%', '1:69.30%', '2:36.40%', '3:36.60%', '4:44.60%', '5:40.80%', '6:69.30%', '7:60.60%', '8:71.40%', '9:57.20%']
The model is from round 159 from central server, staleness is 4

Cluster round 1 completed, aggregated models from all the clients, time past : 800msec, loss : 1.28, accuracy 54.45%
Accuracy per label : ['0:56.20%', '1:58.90%', '2:37.20%', '3:49.30%', '4:42.10%', '5:46.70%', '6:55.70%', '7:60.60%', '8:66.20%', '9:71.60%']

Before aggregation, loss : 1.27, accuracy : 54.93%
Before aggregation, accuracy per label : ['0:60.50%', '1:68.90%', '2:36.10%', '3:34.10%', '4:45.80%', '5:41.30%', '6:71.70%', '7:60.70%', '8:71.60%', '9:58.60%']
Aggregation to central server completed at central server round 250, loss : 1.26, accuracy: 55.13%, staleness : 4
Accuracy per label after aggregation : ['0:59.70%', '1:68.40%', '2:36.50%', '3:36.60%', '4:45.50%', '5:41.50%', '6:70.40%', '7:61.20%', '8:71.40%', '9:60.10%']

-----------------------------------------------------

Central server round 169 started
Model sent from central server with 100msec communication time, with loss :1.26, accuracy : 55.13%
Accuracy per label : ['0:59.70%', '1:68.40%', '2:36.50%', '3:36.60%', '4:45.50%', '5:41.50%', '6:70.40%', '7:61.20%', '8:71.40%', '9:60.10%']
The model is from round 164 from central server, staleness is 4

Cluster round 1 completed, aggregated models from all the clients, time past : 800msec, loss : 1.26, accuracy 55.86%
Accuracy per label : ['0:63.50%', '1:69.20%', '2:45.70%', '3:41.30%', '4:38.80%', '5:39.60%', '6:69.00%', '7:58.70%', '8:73.20%', '9:59.60%']

Before aggregation, loss : 1.25, accuracy : 55.41%
Before aggregation, accuracy per label : ['0:60.80%', '1:68.50%', '2:36.00%', '3:34.40%', '4:48.70%', '5:42.00%', '6:70.10%', '7:61.70%', '8:71.80%', '9:60.10%']
Aggregation to central server completed at central server round 250, loss : 1.25, accuracy: 55.40%, staleness : 4
Accuracy per label after aggregation : ['0:60.30%', '1:68.40%', '2:36.80%', '3:35.50%', '4:47.00%', '5:41.60%', '6:70.40%', '7:61.50%', '8:72.40%', '9:60.10%']

-----------------------------------------------------

Central server round 174 started
Model sent from central server with 100msec communication time, with loss :1.25, accuracy : 55.40%
Accuracy per label : ['0:60.30%', '1:68.40%', '2:36.80%', '3:35.50%', '4:47.00%', '5:41.60%', '6:70.40%', '7:61.50%', '8:72.40%', '9:60.10%']
The model is from round 169 from central server, staleness is 4

Cluster round 1 completed, aggregated models from all the clients, time past : 800msec, loss : 1.25, accuracy 56.05%
Accuracy per label : ['0:61.00%', '1:65.30%', '2:39.60%', '3:33.00%', '4:58.60%', '5:41.40%', '6:64.30%', '7:61.50%', '8:72.80%', '9:63.00%']

Before aggregation, loss : 1.24, accuracy : 55.81%
Before aggregation, accuracy per label : ['0:63.20%', '1:67.40%', '2:38.00%', '3:34.40%', '4:46.80%', '5:43.10%', '6:70.40%', '7:61.20%', '8:71.90%', '9:61.70%']
Aggregation to central server completed at central server round 250, loss : 1.24, accuracy: 55.77%, staleness : 4
Accuracy per label after aggregation : ['0:62.80%', '1:67.00%', '2:37.50%', '3:34.10%', '4:47.50%', '5:42.70%', '6:70.40%', '7:61.20%', '8:72.60%', '9:61.90%']

-----------------------------------------------------

Central server round 179 started
Model sent from central server with 100msec communication time, with loss :1.24, accuracy : 55.77%
Accuracy per label : ['0:62.80%', '1:67.00%', '2:37.50%', '3:34.10%', '4:47.50%', '5:42.70%', '6:70.40%', '7:61.20%', '8:72.60%', '9:61.90%']
The model is from round 174 from central server, staleness is 4

Cluster round 1 completed, aggregated models from all the clients, time past : 800msec, loss : 1.24, accuracy 56.11%
Accuracy per label : ['0:51.10%', '1:74.30%', '2:45.80%', '3:39.00%', '4:41.40%', '5:44.50%', '6:66.70%', '7:65.90%', '8:66.70%', '9:65.70%']

Before aggregation, loss : 1.23, accuracy : 56.41%
Before aggregation, accuracy per label : ['0:62.10%', '1:68.60%', '2:37.70%', '3:34.30%', '4:46.50%', '5:45.10%', '6:69.80%', '7:64.90%', '8:71.80%', '9:63.30%']
Aggregation to central server completed at central server round 250, loss : 1.23, accuracy: 56.54%, staleness : 4
Accuracy per label after aggregation : ['0:60.70%', '1:69.60%', '2:38.70%', '3:35.10%', '4:45.90%', '5:45.20%', '6:69.70%', '7:65.20%', '8:71.60%', '9:63.70%']

-----------------------------------------------------

Central server round 184 started
Model sent from central server with 100msec communication time, with loss :1.23, accuracy : 56.54%
Accuracy per label : ['0:60.70%', '1:69.60%', '2:38.70%', '3:35.10%', '4:45.90%', '5:45.20%', '6:69.70%', '7:65.20%', '8:71.60%', '9:63.70%']
The model is from round 179 from central server, staleness is 4

Cluster round 1 completed, aggregated models from all the clients, time past : 800msec, loss : 1.23, accuracy 57.11%
Accuracy per label : ['0:58.10%', '1:71.40%', '2:41.30%', '3:39.80%', '4:54.80%', '5:47.00%', '6:65.30%', '7:64.80%', '8:67.60%', '9:61.00%']

Before aggregation, loss : 1.22, accuracy : 57.17%
Before aggregation, accuracy per label : ['0:63.10%', '1:70.50%', '2:41.20%', '3:36.00%', '4:46.00%', '5:44.40%', '6:69.60%', '7:66.80%', '8:70.60%', '9:63.50%']
Aggregation to central server completed at central server round 250, loss : 1.22, accuracy: 57.32%, staleness : 4
Accuracy per label after aggregation : ['0:62.50%', '1:70.50%', '2:41.30%', '3:36.40%', '4:47.20%', '5:45.10%', '6:69.60%', '7:66.60%', '8:70.50%', '9:63.50%']

-----------------------------------------------------

Central server round 189 started
Model sent from central server with 100msec communication time, with loss :1.22, accuracy : 57.32%
Accuracy per label : ['0:62.50%', '1:70.50%', '2:41.30%', '3:36.40%', '4:47.20%', '5:45.10%', '6:69.60%', '7:66.60%', '8:70.50%', '9:63.50%']
The model is from round 184 from central server, staleness is 4

Cluster round 1 completed, aggregated models from all the clients, time past : 800msec, loss : 1.22, accuracy 57.06%
Accuracy per label : ['0:66.20%', '1:60.50%', '2:36.00%', '3:37.80%', '4:52.00%', '5:47.50%', '6:62.80%', '7:68.90%', '8:74.40%', '9:64.50%']

Before aggregation, loss : 1.21, accuracy : 57.39%
Before aggregation, accuracy per label : ['0:64.40%', '1:70.30%', '2:41.70%', '3:36.40%', '4:48.00%', '5:45.40%', '6:70.30%', '7:66.30%', '8:70.10%', '9:61.00%']
Aggregation to central server completed at central server round 250, loss : 1.21, accuracy: 57.30%, staleness : 4
Accuracy per label after aggregation : ['0:64.60%', '1:69.40%', '2:40.30%', '3:36.40%', '4:48.50%', '5:45.20%', '6:70.10%', '7:66.60%', '8:70.50%', '9:61.40%']

-----------------------------------------------------

Central server round 194 started
Model sent from central server with 100msec communication time, with loss :1.21, accuracy : 57.30%
Accuracy per label : ['0:64.60%', '1:69.40%', '2:40.30%', '3:36.40%', '4:48.50%', '5:45.20%', '6:70.10%', '7:66.60%', '8:70.50%', '9:61.40%']
The model is from round 189 from central server, staleness is 4

Cluster round 1 completed, aggregated models from all the clients, time past : 800msec, loss : 1.21, accuracy 57.56%
Accuracy per label : ['0:60.70%', '1:65.60%', '2:44.40%', '3:39.60%', '4:49.30%', '5:41.80%', '6:73.00%', '7:65.50%', '8:71.20%', '9:64.50%']

Before aggregation, loss : 1.20, accuracy : 57.79%
Before aggregation, accuracy per label : ['0:64.80%', '1:71.00%', '2:39.30%', '3:38.30%', '4:48.70%', '5:46.80%', '6:69.70%', '7:67.30%', '8:70.50%', '9:61.50%']
Aggregation to central server completed at central server round 250, loss : 1.20, accuracy: 57.84%, staleness : 4
Accuracy per label after aggregation : ['0:64.60%', '1:70.40%', '2:40.30%', '3:38.00%', '4:48.90%', '5:46.10%', '6:69.80%', '7:67.40%', '8:70.70%', '9:62.20%']

-----------------------------------------------------

Central server round 199 started
Model sent from central server with 100msec communication time, with loss :1.20, accuracy : 57.84%
Accuracy per label : ['0:64.60%', '1:70.40%', '2:40.30%', '3:38.00%', '4:48.90%', '5:46.10%', '6:69.80%', '7:67.40%', '8:70.70%', '9:62.20%']
The model is from round 194 from central server, staleness is 4

Cluster round 1 completed, aggregated models from all the clients, time past : 800msec, loss : 1.21, accuracy 57.33%
Accuracy per label : ['0:68.70%', '1:78.70%', '2:42.50%', '3:43.70%', '4:45.70%', '5:54.30%', '6:57.90%', '7:64.60%', '8:63.50%', '9:53.70%']

Before aggregation, loss : 1.19, accuracy : 58.29%
Before aggregation, accuracy per label : ['0:62.90%', '1:71.90%', '2:43.20%', '3:39.10%', '4:46.80%', '5:45.20%', '6:72.30%', '7:64.10%', '8:73.60%', '9:63.80%']
Aggregation to central server completed at central server round 250, loss : 1.19, accuracy: 58.26%, staleness : 4
Accuracy per label after aggregation : ['0:63.70%', '1:72.60%', '2:43.00%', '3:39.70%', '4:46.60%', '5:46.60%', '6:70.80%', '7:64.10%', '8:72.80%', '9:62.70%']

-----------------------------------------------------

Central server round 204 started
Model sent from central server with 100msec communication time, with loss :1.19, accuracy : 58.26%
Accuracy per label : ['0:63.70%', '1:72.60%', '2:43.00%', '3:39.70%', '4:46.60%', '5:46.60%', '6:70.80%', '7:64.10%', '8:72.80%', '9:62.70%']
The model is from round 199 from central server, staleness is 4

Cluster round 1 completed, aggregated models from all the clients, time past : 800msec, loss : 1.20, accuracy 57.66%
Accuracy per label : ['0:57.10%', '1:74.30%', '2:38.90%', '3:47.50%', '4:52.60%', '5:40.70%', '6:72.30%', '7:60.10%', '8:76.90%', '9:56.20%']

Before aggregation, loss : 1.18, accuracy : 58.42%
Before aggregation, accuracy per label : ['0:63.40%', '1:73.00%', '2:41.70%', '3:36.20%', '4:47.00%', '5:49.40%', '6:72.80%', '7:64.80%', '8:73.50%', '9:62.40%']
Aggregation to central server completed at central server round 250, loss : 1.18, accuracy: 58.36%, staleness : 4
Accuracy per label after aggregation : ['0:62.40%', '1:72.90%', '2:41.40%', '3:37.40%', '4:47.70%', '5:48.20%', '6:73.10%', '7:64.50%', '8:74.20%', '9:61.80%']

-----------------------------------------------------

Central server round 209 started
Model sent from central server with 100msec communication time, with loss :1.18, accuracy : 58.36%
Accuracy per label : ['0:62.40%', '1:72.90%', '2:41.40%', '3:37.40%', '4:47.70%', '5:48.20%', '6:73.10%', '7:64.50%', '8:74.20%', '9:61.80%']
The model is from round 204 from central server, staleness is 4

Cluster round 1 completed, aggregated models from all the clients, time past : 800msec, loss : 1.19, accuracy 58.56%
Accuracy per label : ['0:62.60%', '1:76.20%', '2:42.50%', '3:46.90%', '4:50.30%', '5:44.50%', '6:65.10%', '7:63.30%', '8:72.30%', '9:61.90%']

Before aggregation, loss : 1.17, accuracy : 59.22%
Before aggregation, accuracy per label : ['0:63.90%', '1:71.90%', '2:43.00%', '3:40.00%', '4:50.50%', '5:47.60%', '6:70.30%', '7:67.80%', '8:73.70%', '9:63.50%']
Aggregation to central server completed at central server round 250, loss : 1.17, accuracy: 59.20%, staleness : 4
Accuracy per label after aggregation : ['0:63.90%', '1:72.70%', '2:42.70%', '3:40.60%', '4:50.70%', '5:47.20%', '6:69.80%', '7:67.30%', '8:73.70%', '9:63.40%']

-----------------------------------------------------

Central server round 214 started
Model sent from central server with 100msec communication time, with loss :1.17, accuracy : 59.20%
Accuracy per label : ['0:63.90%', '1:72.70%', '2:42.70%', '3:40.60%', '4:50.70%', '5:47.20%', '6:69.80%', '7:67.30%', '8:73.70%', '9:63.40%']
The model is from round 209 from central server, staleness is 4

Cluster round 1 completed, aggregated models from all the clients, time past : 800msec, loss : 1.19, accuracy 58.71%
Accuracy per label : ['0:62.40%', '1:76.40%', '2:44.70%', '3:46.90%', '4:49.20%', '5:45.10%', '6:65.20%', '7:63.00%', '8:72.10%', '9:62.10%']

Before aggregation, loss : 1.16, accuracy : 59.50%
Before aggregation, accuracy per label : ['0:63.50%', '1:72.20%', '2:43.10%', '3:42.80%', '4:51.10%', '5:47.90%', '6:68.80%', '7:67.50%', '8:74.00%', '9:64.10%']
Aggregation to central server completed at central server round 250, loss : 1.16, accuracy: 59.41%, staleness : 4
Accuracy per label after aggregation : ['0:63.10%', '1:72.70%', '2:43.20%', '3:43.50%', '4:50.80%', '5:47.70%', '6:68.10%', '7:67.20%', '8:73.80%', '9:64.00%']

-----------------------------------------------------

Central server round 219 started
Model sent from central server with 100msec communication time, with loss :1.16, accuracy : 59.41%
Accuracy per label : ['0:63.10%', '1:72.70%', '2:43.20%', '3:43.50%', '4:50.80%', '5:47.70%', '6:68.10%', '7:67.20%', '8:73.80%', '9:64.00%']
The model is from round 214 from central server, staleness is 4

Cluster round 1 completed, aggregated models from all the clients, time past : 800msec, loss : 1.18, accuracy 58.87%
Accuracy per label : ['0:63.20%', '1:75.60%', '2:44.30%', '3:48.30%', '4:49.40%', '5:45.10%', '6:63.90%', '7:62.90%', '8:73.00%', '9:63.00%']

Before aggregation, loss : 1.15, accuracy : 59.72%
Before aggregation, accuracy per label : ['0:63.10%', '1:72.50%', '2:43.20%', '3:44.00%', '4:51.50%', '5:48.20%', '6:68.10%', '7:67.80%', '8:74.20%', '9:64.60%']
Aggregation to central server completed at central server round 250, loss : 1.15, accuracy: 59.72%, staleness : 4
Accuracy per label after aggregation : ['0:63.10%', '1:72.90%', '2:43.50%', '3:44.70%', '4:51.30%', '5:47.60%', '6:67.70%', '7:67.40%', '8:74.40%', '9:64.60%']

-----------------------------------------------------

Central server round 224 started
Model sent from central server with 100msec communication time, with loss :1.15, accuracy : 59.72%
Accuracy per label : ['0:63.10%', '1:72.90%', '2:43.50%', '3:44.70%', '4:51.30%', '5:47.60%', '6:67.70%', '7:67.40%', '8:74.40%', '9:64.60%']
The model is from round 219 from central server, staleness is 4

Cluster round 1 completed, aggregated models from all the clients, time past : 800msec, loss : 1.18, accuracy 59.21%
Accuracy per label : ['0:63.60%', '1:76.70%', '2:44.40%', '3:47.20%', '4:49.10%', '5:46.60%', '6:64.60%', '7:64.10%', '8:72.50%', '9:63.30%']

Before aggregation, loss : 1.15, accuracy : 59.99%
Before aggregation, accuracy per label : ['0:63.20%', '1:72.70%', '2:43.20%', '3:45.50%', '4:51.70%', '5:48.20%', '6:67.80%', '7:67.70%', '8:74.90%', '9:65.00%']
Aggregation to central server completed at central server round 250, loss : 1.15, accuracy: 59.99%, staleness : 4
Accuracy per label after aggregation : ['0:63.40%', '1:73.30%', '2:43.70%', '3:45.10%', '4:51.60%', '5:48.40%', '6:67.30%', '7:67.50%', '8:74.50%', '9:65.10%']

-----------------------------------------------------

Central server round 229 started
Model sent from central server with 100msec communication time, with loss :1.15, accuracy : 59.99%
Accuracy per label : ['0:63.40%', '1:73.30%', '2:43.70%', '3:45.10%', '4:51.60%', '5:48.40%', '6:67.30%', '7:67.50%', '8:74.50%', '9:65.10%']
The model is from round 224 from central server, staleness is 4

Cluster round 1 completed, aggregated models from all the clients, time past : 800msec, loss : 1.17, accuracy 59.57%
Accuracy per label : ['0:64.60%', '1:76.20%', '2:45.20%', '3:47.70%', '4:49.30%', '5:46.80%', '6:64.60%', '7:64.50%', '8:73.10%', '9:63.70%']

Before aggregation, loss : 1.14, accuracy : 60.36%
Before aggregation, accuracy per label : ['0:63.50%', '1:73.10%', '2:43.60%', '3:45.50%', '4:52.30%', '5:48.70%', '6:67.80%', '7:68.40%', '8:75.10%', '9:65.60%']
Aggregation to central server completed at central server round 250, loss : 1.14, accuracy: 60.21%, staleness : 4
Accuracy per label after aggregation : ['0:63.50%', '1:73.80%', '2:44.40%', '3:45.10%', '4:51.70%', '5:48.40%', '6:67.20%', '7:67.80%', '8:74.80%', '9:65.40%']

-----------------------------------------------------

Central server round 234 started
Model sent from central server with 100msec communication time, with loss :1.14, accuracy : 60.21%
Accuracy per label : ['0:63.50%', '1:73.80%', '2:44.40%', '3:45.10%', '4:51.70%', '5:48.40%', '6:67.20%', '7:67.80%', '8:74.80%', '9:65.40%']
The model is from round 229 from central server, staleness is 4

Cluster round 1 completed, aggregated models from all the clients, time past : 800msec, loss : 1.17, accuracy 59.77%
Accuracy per label : ['0:65.00%', '1:76.50%', '2:45.40%', '3:47.10%', '4:50.90%', '5:46.60%', '6:64.30%', '7:65.10%', '8:73.30%', '9:63.50%']

Before aggregation, loss : 1.13, accuracy : 60.42%
Before aggregation, accuracy per label : ['0:62.90%', '1:72.80%', '2:44.10%', '3:44.90%', '4:53.20%', '5:48.70%', '6:67.60%', '7:68.90%', '8:75.60%', '9:65.50%']
Aggregation to central server completed at central server round 250, loss : 1.13, accuracy: 60.46%, staleness : 4
Accuracy per label after aggregation : ['0:63.50%', '1:73.90%', '2:44.20%', '3:44.90%', '4:52.70%', '5:48.60%', '6:67.40%', '7:68.60%', '8:75.20%', '9:65.60%']

-----------------------------------------------------

Central server round 239 started
Model sent from central server with 100msec communication time, with loss :1.13, accuracy : 60.46%
Accuracy per label : ['0:63.50%', '1:73.90%', '2:44.20%', '3:44.90%', '4:52.70%', '5:48.60%', '6:67.40%', '7:68.60%', '8:75.20%', '9:65.60%']
The model is from round 234 from central server, staleness is 4

Cluster round 1 completed, aggregated models from all the clients, time past : 800msec, loss : 1.16, accuracy 59.98%
Accuracy per label : ['0:65.00%', '1:76.40%', '2:45.90%', '3:46.90%', '4:49.80%', '5:46.90%', '6:65.00%', '7:65.50%', '8:73.60%', '9:64.80%']

Before aggregation, loss : 1.13, accuracy : 60.55%
Before aggregation, accuracy per label : ['0:63.00%', '1:72.50%', '2:43.90%', '3:44.80%', '4:54.10%', '5:48.80%', '6:67.60%', '7:69.30%', '8:75.80%', '9:65.70%']
Aggregation to central server completed at central server round 250, loss : 1.13, accuracy: 60.61%, staleness : 4
Accuracy per label after aggregation : ['0:63.70%', '1:73.60%', '2:44.50%', '3:44.90%', '4:52.90%', '5:48.70%', '6:67.50%', '7:68.80%', '8:75.50%', '9:66.00%']

-----------------------------------------------------

Central server round 244 started
Model sent from central server with 100msec communication time, with loss :1.13, accuracy : 60.61%
Accuracy per label : ['0:63.70%', '1:73.60%', '2:44.50%', '3:44.90%', '4:52.90%', '5:48.70%', '6:67.50%', '7:68.80%', '8:75.50%', '9:66.00%']
The model is from round 239 from central server, staleness is 4

Cluster round 1 completed, aggregated models from all the clients, time past : 800msec, loss : 1.16, accuracy 60.19%
Accuracy per label : ['0:65.70%', '1:76.10%', '2:46.80%', '3:46.90%', '4:49.10%', '5:48.00%', '6:64.30%', '7:65.80%', '8:73.30%', '9:65.90%']

Before aggregation, loss : 1.12, accuracy : 60.76%
Before aggregation, accuracy per label : ['0:63.40%', '1:72.80%', '2:44.30%', '3:44.40%', '4:54.40%', '5:49.00%', '6:67.80%', '7:69.20%', '8:76.10%', '9:66.20%']
Aggregation to central server completed at central server round 250, loss : 1.12, accuracy: 60.83%, staleness : 4
Accuracy per label after aggregation : ['0:64.00%', '1:73.20%', '2:44.70%', '3:45.20%', '4:53.50%', '5:49.10%', '6:67.80%', '7:68.90%', '8:75.60%', '9:66.30%']

-----------------------------------------------------

Central server round 249 started
Model sent from central server with 100msec communication time, with loss :1.12, accuracy : 60.83%
Accuracy per label : ['0:64.00%', '1:73.20%', '2:44.70%', '3:45.20%', '4:53.50%', '5:49.10%', '6:67.80%', '7:68.90%', '8:75.60%', '9:66.30%']
The model is from round 244 from central server, staleness is 4

Cluster round 1 completed, aggregated models from all the clients, time past : 800msec, loss : 1.15, accuracy 60.46%
Accuracy per label : ['0:65.40%', '1:76.60%', '2:47.60%', '3:46.90%', '4:49.50%', '5:46.70%', '6:65.00%', '7:66.60%', '8:74.30%', '9:66.00%']

Before aggregation, loss : 1.12, accuracy : 60.98%
Before aggregation, accuracy per label : ['0:63.80%', '1:73.00%', '2:44.10%', '3:44.40%', '4:54.50%', '5:50.00%', '6:68.10%', '7:69.40%', '8:76.00%', '9:66.50%']
Aggregation to central server completed at central server round 250, loss : 1.12, accuracy: 61.17%, staleness : 4
Accuracy per label after aggregation : ['0:64.00%', '1:73.40%', '2:45.00%', '3:45.40%', '4:54.20%', '5:49.60%', '6:67.80%', '7:69.20%', '8:75.70%', '9:67.40%']

