-----------------------------------------------------

Central server round 2 started
Model sent from central server with 100msec communication time, with loss :2.31, accuracy : 8.86%
Accuracy per label : ['0:0.00%', '1:0.40%', '2:0.40%', '3:3.80%', '4:0.00%', '5:0.00%', '6:0.00%', '7:0.00%', '8:84.00%', '9:0.00%']
The model is from round 0 from central server, staleness is 1

Cluster round 1 completed, aggregated models from all the clients, time past : 800msec, loss : 2.10, accuracy 26.09%
Accuracy per label : ['0:30.80%', '1:14.70%', '2:1.50%', '3:0.90%', '4:9.40%', '5:49.50%', '6:24.40%', '7:30.60%', '8:58.60%', '9:40.50%']

Before aggregation, loss : 2.19, accuracy : 25.47%
Before aggregation, accuracy per label : ['0:54.30%', '1:12.80%', '2:1.30%', '3:0.10%', '4:0.40%', '5:28.70%', '6:54.30%', '7:24.50%', '8:15.90%', '9:62.40%']
Aggregation to central server completed at central server round 250, loss : 2.16, accuracy: 26.29%, staleness : 1
Accuracy per label after aggregation : ['0:44.60%', '1:15.90%', '2:1.30%', '3:0.20%', '4:1.80%', '5:39.20%', '6:42.60%', '7:30.60%', '8:31.10%', '9:55.60%']

-----------------------------------------------------

Central server round 7 started
Model sent from central server with 100msec communication time, with loss :2.16, accuracy : 26.29%
Accuracy per label : ['0:44.60%', '1:15.90%', '2:1.30%', '3:0.20%', '4:1.80%', '5:39.20%', '6:42.60%', '7:30.60%', '8:31.10%', '9:55.60%']
The model is from round 2 from central server, staleness is 4

Cluster round 1 completed, aggregated models from all the clients, time past : 800msec, loss : 1.92, accuracy 32.13%
Accuracy per label : ['0:45.10%', '1:37.20%', '2:13.40%', '3:8.30%', '4:5.20%', '5:33.30%', '6:65.50%', '7:25.20%', '8:43.80%', '9:44.30%']

Before aggregation, loss : 2.10, accuracy : 26.44%
Before aggregation, accuracy per label : ['0:46.90%', '1:17.30%', '2:3.20%', '3:4.50%', '4:1.50%', '5:48.30%', '6:20.00%', '7:25.80%', '8:40.90%', '9:56.00%']
Aggregation to central server completed at central server round 250, loss : 2.08, accuracy: 27.44%, staleness : 4
Accuracy per label after aggregation : ['0:47.70%', '1:20.40%', '2:5.20%', '3:5.10%', '4:1.90%', '5:47.20%', '6:25.50%', '7:24.00%', '8:42.80%', '9:54.60%']

-----------------------------------------------------

Central server round 12 started
Model sent from central server with 100msec communication time, with loss :2.08, accuracy : 27.44%
Accuracy per label : ['0:47.70%', '1:20.40%', '2:5.20%', '3:5.10%', '4:1.90%', '5:47.20%', '6:25.50%', '7:24.00%', '8:42.80%', '9:54.60%']
The model is from round 7 from central server, staleness is 4

Cluster round 1 completed, aggregated models from all the clients, time past : 800msec, loss : 1.91, accuracy 32.65%
Accuracy per label : ['0:39.90%', '1:35.90%', '2:9.60%', '3:1.30%', '4:13.20%', '5:43.30%', '6:71.40%', '7:30.10%', '8:43.50%', '9:38.30%']

Before aggregation, loss : 2.00, accuracy : 30.01%
Before aggregation, accuracy per label : ['0:52.10%', '1:24.70%', '2:8.40%', '3:6.50%', '4:8.30%', '5:46.20%', '6:33.60%', '7:21.00%', '8:44.90%', '9:54.40%']
Aggregation to central server completed at central server round 250, loss : 1.98, accuracy: 30.95%, staleness : 4
Accuracy per label after aggregation : ['0:51.40%', '1:27.00%', '2:9.80%', '3:4.50%', '4:10.10%', '5:47.30%', '6:39.70%', '7:22.70%', '8:45.10%', '9:51.90%']

-----------------------------------------------------

Central server round 17 started
Model sent from central server with 100msec communication time, with loss :1.98, accuracy : 30.95%
Accuracy per label : ['0:51.40%', '1:27.00%', '2:9.80%', '3:4.50%', '4:10.10%', '5:47.30%', '6:39.70%', '7:22.70%', '8:45.10%', '9:51.90%']
The model is from round 12 from central server, staleness is 4

Cluster round 1 completed, aggregated models from all the clients, time past : 800msec, loss : 1.86, accuracy 33.99%
Accuracy per label : ['0:38.50%', '1:36.90%', '2:10.90%', '3:4.40%', '4:13.30%', '5:38.30%', '6:62.60%', '7:33.00%', '8:67.10%', '9:34.90%']

Before aggregation, loss : 1.93, accuracy : 32.22%
Before aggregation, accuracy per label : ['0:55.90%', '1:28.90%', '2:9.60%', '3:5.80%', '4:15.10%', '5:47.10%', '6:41.60%', '7:25.20%', '8:46.60%', '9:46.40%']
Aggregation to central server completed at central server round 250, loss : 1.92, accuracy: 32.63%, staleness : 4
Accuracy per label after aggregation : ['0:53.90%', '1:30.50%', '2:9.80%', '3:5.10%', '4:15.30%', '5:46.20%', '6:44.90%', '7:26.00%', '8:49.70%', '9:44.90%']

-----------------------------------------------------

Central server round 22 started
Model sent from central server with 100msec communication time, with loss :1.92, accuracy : 32.63%
Accuracy per label : ['0:53.90%', '1:30.50%', '2:9.80%', '3:5.10%', '4:15.30%', '5:46.20%', '6:44.90%', '7:26.00%', '8:49.70%', '9:44.90%']
The model is from round 17 from central server, staleness is 4

Cluster round 1 completed, aggregated models from all the clients, time past : 800msec, loss : 1.82, accuracy 35.39%
Accuracy per label : ['0:39.70%', '1:45.40%', '2:11.70%', '3:4.70%', '4:33.70%', '5:44.50%', '6:52.10%', '7:21.10%', '8:54.00%', '9:47.00%']

Before aggregation, loss : 1.88, accuracy : 34.24%
Before aggregation, accuracy per label : ['0:52.10%', '1:33.10%', '2:8.10%', '3:8.80%', '4:20.30%', '5:42.80%', '6:49.30%', '7:28.80%', '8:51.10%', '9:48.00%']
Aggregation to central server completed at central server round 250, loss : 1.87, accuracy: 34.58%, staleness : 4
Accuracy per label after aggregation : ['0:50.30%', '1:34.30%', '2:9.10%', '3:7.80%', '4:23.00%', '5:43.60%', '6:49.90%', '7:27.30%', '8:52.20%', '9:48.30%']

-----------------------------------------------------

Central server round 27 started
Model sent from central server with 100msec communication time, with loss :1.87, accuracy : 34.58%
Accuracy per label : ['0:50.30%', '1:34.30%', '2:9.10%', '3:7.80%', '4:23.00%', '5:43.60%', '6:49.90%', '7:27.30%', '8:52.20%', '9:48.30%']
The model is from round 22 from central server, staleness is 4

Cluster round 1 completed, aggregated models from all the clients, time past : 800msec, loss : 1.80, accuracy 37.10%
Accuracy per label : ['0:48.00%', '1:39.50%', '2:12.50%', '3:10.10%', '4:30.10%', '5:38.40%', '6:47.60%', '7:32.80%', '8:63.90%', '9:48.10%']

Before aggregation, loss : 1.83, accuracy : 35.94%
Before aggregation, accuracy per label : ['0:50.30%', '1:36.50%', '2:11.60%', '3:9.30%', '4:25.60%', '5:41.40%', '6:51.20%', '7:34.10%', '8:53.10%', '9:46.30%']
Aggregation to central server completed at central server round 250, loss : 1.83, accuracy: 36.15%, staleness : 4
Accuracy per label after aggregation : ['0:50.40%', '1:36.70%', '2:11.50%', '3:9.90%', '4:26.40%', '5:41.10%', '6:50.80%', '7:33.30%', '8:54.60%', '9:46.80%']

-----------------------------------------------------

Central server round 32 started
Model sent from central server with 100msec communication time, with loss :1.83, accuracy : 36.15%
Accuracy per label : ['0:50.40%', '1:36.70%', '2:11.50%', '3:9.90%', '4:26.40%', '5:41.10%', '6:50.80%', '7:33.30%', '8:54.60%', '9:46.80%']
The model is from round 27 from central server, staleness is 4

Cluster round 1 completed, aggregated models from all the clients, time past : 800msec, loss : 1.75, accuracy 38.08%
Accuracy per label : ['0:59.00%', '1:50.10%', '2:6.70%', '3:13.50%', '4:22.80%', '5:38.80%', '6:60.60%', '7:40.10%', '8:44.70%', '9:44.50%']

Before aggregation, loss : 1.80, accuracy : 37.28%
Before aggregation, accuracy per label : ['0:49.10%', '1:41.40%', '2:11.40%', '3:11.90%', '4:27.00%', '5:39.40%', '6:54.80%', '7:36.60%', '8:54.40%', '9:46.80%']
Aggregation to central server completed at central server round 250, loss : 1.79, accuracy: 37.37%, staleness : 4
Accuracy per label after aggregation : ['0:50.70%', '1:42.30%', '2:10.00%', '3:12.10%', '4:26.40%', '5:39.50%', '6:55.70%', '7:36.90%', '8:53.20%', '9:46.90%']

-----------------------------------------------------

Central server round 37 started
Model sent from central server with 100msec communication time, with loss :1.79, accuracy : 37.37%
Accuracy per label : ['0:50.70%', '1:42.30%', '2:10.00%', '3:12.10%', '4:26.40%', '5:39.50%', '6:55.70%', '7:36.90%', '8:53.20%', '9:46.90%']
The model is from round 32 from central server, staleness is 4

Cluster round 1 completed, aggregated models from all the clients, time past : 800msec, loss : 1.72, accuracy 39.89%
Accuracy per label : ['0:43.50%', '1:50.70%', '2:17.20%', '3:23.60%', '4:20.60%', '5:26.70%', '6:70.30%', '7:39.80%', '8:61.00%', '9:45.50%']

Before aggregation, loss : 1.76, accuracy : 38.16%
Before aggregation, accuracy per label : ['0:51.20%', '1:43.60%', '2:10.40%', '3:13.90%', '4:29.50%', '5:38.70%', '6:55.70%', '7:38.50%', '8:54.20%', '9:45.90%']
Aggregation to central server completed at central server round 250, loss : 1.75, accuracy: 38.57%, staleness : 4
Accuracy per label after aggregation : ['0:50.60%', '1:44.20%', '2:11.00%', '3:15.00%', '4:28.70%', '5:37.80%', '6:58.80%', '7:38.50%', '8:55.20%', '9:45.90%']

-----------------------------------------------------

Central server round 42 started
Model sent from central server with 100msec communication time, with loss :1.75, accuracy : 38.57%
Accuracy per label : ['0:50.60%', '1:44.20%', '2:11.00%', '3:15.00%', '4:28.70%', '5:37.80%', '6:58.80%', '7:38.50%', '8:55.20%', '9:45.90%']
The model is from round 37 from central server, staleness is 4

Cluster round 1 completed, aggregated models from all the clients, time past : 800msec, loss : 1.69, accuracy 39.94%
Accuracy per label : ['0:48.00%', '1:56.30%', '2:13.30%', '3:8.70%', '4:25.90%', '5:38.30%', '6:69.60%', '7:43.10%', '8:54.80%', '9:41.40%']

Before aggregation, loss : 1.73, accuracy : 39.40%
Before aggregation, accuracy per label : ['0:49.20%', '1:46.30%', '2:15.60%', '3:16.40%', '4:29.10%', '5:36.20%', '6:59.40%', '7:39.50%', '8:55.00%', '9:47.30%']
Aggregation to central server completed at central server round 250, loss : 1.72, accuracy: 39.63%, staleness : 4
Accuracy per label after aggregation : ['0:49.30%', '1:47.80%', '2:15.40%', '3:16.10%', '4:29.00%', '5:36.60%', '6:60.90%', '7:39.90%', '8:54.90%', '9:46.40%']

-----------------------------------------------------

Central server round 47 started
Model sent from central server with 100msec communication time, with loss :1.72, accuracy : 39.63%
Accuracy per label : ['0:49.30%', '1:47.80%', '2:15.40%', '3:16.10%', '4:29.00%', '5:36.60%', '6:60.90%', '7:39.90%', '8:54.90%', '9:46.40%']
The model is from round 42 from central server, staleness is 4

Cluster round 1 completed, aggregated models from all the clients, time past : 800msec, loss : 1.68, accuracy 40.24%
Accuracy per label : ['0:48.90%', '1:43.40%', '2:17.60%', '3:3.60%', '4:33.30%', '5:40.40%', '6:72.70%', '7:36.90%', '8:47.40%', '9:58.20%']

Before aggregation, loss : 1.70, accuracy : 40.69%
Before aggregation, accuracy per label : ['0:48.70%', '1:51.60%', '2:18.30%', '3:17.20%', '4:28.30%', '5:34.60%', '6:61.10%', '7:43.00%', '8:55.30%', '9:48.80%']
Aggregation to central server completed at central server round 250, loss : 1.69, accuracy: 40.89%, staleness : 4
Accuracy per label after aggregation : ['0:48.50%', '1:50.70%', '2:18.20%', '3:15.00%', '4:29.70%', '5:35.60%', '6:63.40%', '7:42.80%', '8:55.00%', '9:50.00%']

-----------------------------------------------------

Central server round 52 started
Model sent from central server with 100msec communication time, with loss :1.69, accuracy : 40.89%
Accuracy per label : ['0:48.50%', '1:50.70%', '2:18.20%', '3:15.00%', '4:29.70%', '5:35.60%', '6:63.40%', '7:42.80%', '8:55.00%', '9:50.00%']
The model is from round 47 from central server, staleness is 4

Cluster round 1 completed, aggregated models from all the clients, time past : 800msec, loss : 1.64, accuracy 42.10%
Accuracy per label : ['0:46.70%', '1:44.00%', '2:24.70%', '3:16.20%', '4:27.20%', '5:37.50%', '6:68.60%', '7:47.80%', '8:57.40%', '9:50.90%']

Before aggregation, loss : 1.67, accuracy : 41.49%
Before aggregation, accuracy per label : ['0:50.30%', '1:53.40%', '2:16.20%', '3:18.30%', '4:26.40%', '5:34.80%', '6:62.60%', '7:44.10%', '8:56.70%', '9:52.10%']
Aggregation to central server completed at central server round 250, loss : 1.66, accuracy: 41.55%, staleness : 4
Accuracy per label after aggregation : ['0:49.70%', '1:52.60%', '2:16.90%', '3:18.00%', '4:26.70%', '5:35.40%', '6:63.40%', '7:44.20%', '8:57.00%', '9:51.60%']

-----------------------------------------------------

Central server round 57 started
Model sent from central server with 100msec communication time, with loss :1.66, accuracy : 41.55%
Accuracy per label : ['0:49.70%', '1:52.60%', '2:16.90%', '3:18.00%', '4:26.70%', '5:35.40%', '6:63.40%', '7:44.20%', '8:57.00%', '9:51.60%']
The model is from round 52 from central server, staleness is 4

Cluster round 1 completed, aggregated models from all the clients, time past : 800msec, loss : 1.63, accuracy 41.77%
Accuracy per label : ['0:44.80%', '1:62.90%', '2:16.00%', '3:16.00%', '4:26.70%', '5:25.00%', '6:78.40%', '7:39.90%', '8:53.50%', '9:54.50%']

Before aggregation, loss : 1.64, accuracy : 42.43%
Before aggregation, accuracy per label : ['0:52.10%', '1:53.00%', '2:17.60%', '3:17.60%', '4:33.10%', '5:35.70%', '6:62.20%', '7:47.00%', '8:56.00%', '9:50.00%']
Aggregation to central server completed at central server round 250, loss : 1.63, accuracy: 42.55%, staleness : 4
Accuracy per label after aggregation : ['0:51.10%', '1:54.10%', '2:17.70%', '3:17.70%', '4:32.60%', '5:34.90%', '6:65.30%', '7:45.60%', '8:55.90%', '9:50.60%']

-----------------------------------------------------

Central server round 62 started
Model sent from central server with 100msec communication time, with loss :1.63, accuracy : 42.55%
Accuracy per label : ['0:51.10%', '1:54.10%', '2:17.70%', '3:17.70%', '4:32.60%', '5:34.90%', '6:65.30%', '7:45.60%', '8:55.90%', '9:50.60%']
The model is from round 57 from central server, staleness is 4

Cluster round 1 completed, aggregated models from all the clients, time past : 800msec, loss : 1.58, accuracy 43.63%
Accuracy per label : ['0:56.40%', '1:59.70%', '2:33.80%', '3:17.90%', '4:23.70%', '5:32.90%', '6:69.50%', '7:44.60%', '8:56.60%', '9:41.20%']

Before aggregation, loss : 1.61, accuracy : 43.26%
Before aggregation, accuracy per label : ['0:53.20%', '1:54.80%', '2:20.70%', '3:20.80%', '4:33.80%', '5:34.50%', '6:63.70%', '7:45.40%', '8:56.20%', '9:49.50%']
Aggregation to central server completed at central server round 250, loss : 1.60, accuracy: 43.47%, staleness : 4
Accuracy per label after aggregation : ['0:53.60%', '1:55.40%', '2:22.50%', '3:20.00%', '4:32.70%', '5:34.50%', '6:65.50%', '7:45.50%', '8:56.60%', '9:48.40%']

-----------------------------------------------------

Central server round 67 started
Model sent from central server with 100msec communication time, with loss :1.60, accuracy : 43.47%
Accuracy per label : ['0:53.60%', '1:55.40%', '2:22.50%', '3:20.00%', '4:32.70%', '5:34.50%', '6:65.50%', '7:45.50%', '8:56.60%', '9:48.40%']
The model is from round 62 from central server, staleness is 4

Cluster round 1 completed, aggregated models from all the clients, time past : 800msec, loss : 1.56, accuracy 44.52%
Accuracy per label : ['0:50.40%', '1:60.70%', '2:34.50%', '3:19.40%', '4:25.20%', '5:40.40%', '6:62.70%', '7:50.70%', '8:41.70%', '9:59.50%']

Before aggregation, loss : 1.58, accuracy : 44.10%
Before aggregation, accuracy per label : ['0:53.80%', '1:54.90%', '2:22.00%', '3:22.60%', '4:34.20%', '5:33.10%', '6:66.10%', '7:47.10%', '8:56.40%', '9:50.80%']
Aggregation to central server completed at central server round 250, loss : 1.58, accuracy: 44.33%, staleness : 4
Accuracy per label after aggregation : ['0:54.20%', '1:55.60%', '2:23.90%', '3:22.10%', '4:33.50%', '5:34.20%', '6:65.80%', '7:47.30%', '8:54.80%', '9:51.90%']

-----------------------------------------------------

Central server round 72 started
Model sent from central server with 100msec communication time, with loss :1.58, accuracy : 44.33%
Accuracy per label : ['0:54.20%', '1:55.60%', '2:23.90%', '3:22.10%', '4:33.50%', '5:34.20%', '6:65.80%', '7:47.30%', '8:54.80%', '9:51.90%']
The model is from round 67 from central server, staleness is 4

Cluster round 1 completed, aggregated models from all the clients, time past : 800msec, loss : 1.54, accuracy 44.91%
Accuracy per label : ['0:47.40%', '1:60.60%', '2:17.80%', '3:27.70%', '4:26.80%', '5:28.60%', '6:72.80%', '7:47.00%', '8:64.70%', '9:55.70%']

Before aggregation, loss : 1.56, accuracy : 45.06%
Before aggregation, accuracy per label : ['0:54.00%', '1:55.60%', '2:23.90%', '3:24.20%', '4:35.20%', '5:33.80%', '6:64.60%', '7:50.00%', '8:58.30%', '9:51.00%']
Aggregation to central server completed at central server round 250, loss : 1.55, accuracy: 45.43%, staleness : 4
Accuracy per label after aggregation : ['0:53.80%', '1:56.80%', '2:23.30%', '3:25.20%', '4:34.60%', '5:33.80%', '6:66.00%', '7:49.80%', '8:59.30%', '9:51.70%']

-----------------------------------------------------

Central server round 77 started
Model sent from central server with 100msec communication time, with loss :1.55, accuracy : 45.43%
Accuracy per label : ['0:53.80%', '1:56.80%', '2:23.30%', '3:25.20%', '4:34.60%', '5:33.80%', '6:66.00%', '7:49.80%', '8:59.30%', '9:51.70%']
The model is from round 72 from central server, staleness is 4

Cluster round 1 completed, aggregated models from all the clients, time past : 800msec, loss : 1.53, accuracy 45.66%
Accuracy per label : ['0:47.00%', '1:54.60%', '2:30.80%', '3:36.70%', '4:26.00%', '5:33.20%', '6:58.50%', '7:42.90%', '8:60.40%', '9:66.50%']

Before aggregation, loss : 1.53, accuracy : 45.94%
Before aggregation, accuracy per label : ['0:53.20%', '1:56.50%', '2:23.90%', '3:24.60%', '4:37.00%', '5:34.00%', '6:65.30%', '7:50.50%', '8:60.10%', '9:54.30%']
Aggregation to central server completed at central server round 250, loss : 1.53, accuracy: 46.18%, staleness : 4
Accuracy per label after aggregation : ['0:53.10%', '1:56.90%', '2:25.00%', '3:26.70%', '4:35.00%', '5:34.20%', '6:65.10%', '7:49.40%', '8:60.20%', '9:56.20%']

-----------------------------------------------------

Central server round 82 started
Model sent from central server with 100msec communication time, with loss :1.53, accuracy : 46.18%
Accuracy per label : ['0:53.10%', '1:56.90%', '2:25.00%', '3:26.70%', '4:35.00%', '5:34.20%', '6:65.10%', '7:49.40%', '8:60.20%', '9:56.20%']
The model is from round 77 from central server, staleness is 4

Cluster round 1 completed, aggregated models from all the clients, time past : 800msec, loss : 1.49, accuracy 46.87%
Accuracy per label : ['0:50.80%', '1:63.80%', '2:32.90%', '3:29.80%', '4:36.00%', '5:28.70%', '6:62.60%', '7:56.80%', '8:68.20%', '9:39.10%']

Before aggregation, loss : 1.51, accuracy : 46.67%
Before aggregation, accuracy per label : ['0:52.60%', '1:59.90%', '2:23.40%', '3:26.40%', '4:36.00%', '5:35.20%', '6:64.30%', '7:51.30%', '8:61.70%', '9:55.90%']
Aggregation to central server completed at central server round 250, loss : 1.51, accuracy: 46.77%, staleness : 4
Accuracy per label after aggregation : ['0:52.30%', '1:60.20%', '2:24.90%', '3:27.10%', '4:35.60%', '5:34.30%', '6:64.20%', '7:52.40%', '8:63.00%', '9:53.70%']

-----------------------------------------------------

Central server round 87 started
Model sent from central server with 100msec communication time, with loss :1.51, accuracy : 46.77%
Accuracy per label : ['0:52.30%', '1:60.20%', '2:24.90%', '3:27.10%', '4:35.60%', '5:34.30%', '6:64.20%', '7:52.40%', '8:63.00%', '9:53.70%']
The model is from round 82 from central server, staleness is 4

Cluster round 1 completed, aggregated models from all the clients, time past : 800msec, loss : 1.48, accuracy 47.17%
Accuracy per label : ['0:46.60%', '1:75.30%', '2:28.70%', '3:37.50%', '4:37.00%', '5:35.70%', '6:63.00%', '7:42.30%', '8:67.60%', '9:38.00%']

Before aggregation, loss : 1.49, accuracy : 47.30%
Before aggregation, accuracy per label : ['0:52.10%', '1:59.30%', '2:24.60%', '3:28.20%', '4:37.00%', '5:34.60%', '6:63.90%', '7:55.60%', '8:64.00%', '9:53.70%']
Aggregation to central server completed at central server round 250, loss : 1.49, accuracy: 47.44%, staleness : 4
Accuracy per label after aggregation : ['0:51.80%', '1:61.60%', '2:25.60%', '3:29.00%', '4:36.90%', '5:34.50%', '6:64.30%', '7:54.50%', '8:64.90%', '9:51.30%']

-----------------------------------------------------

Central server round 92 started
Model sent from central server with 100msec communication time, with loss :1.49, accuracy : 47.44%
Accuracy per label : ['0:51.80%', '1:61.60%', '2:25.60%', '3:29.00%', '4:36.90%', '5:34.50%', '6:64.30%', '7:54.50%', '8:64.90%', '9:51.30%']
The model is from round 87 from central server, staleness is 4

Cluster round 1 completed, aggregated models from all the clients, time past : 800msec, loss : 1.46, accuracy 47.94%
Accuracy per label : ['0:57.30%', '1:64.10%', '2:27.50%', '3:25.40%', '4:19.90%', '5:41.00%', '6:70.40%', '7:57.70%', '8:62.10%', '9:54.00%']

Before aggregation, loss : 1.47, accuracy : 48.21%
Before aggregation, accuracy per label : ['0:51.50%', '1:61.40%', '2:25.40%', '3:31.20%', '4:37.70%', '5:36.20%', '6:65.60%', '7:55.50%', '8:64.60%', '9:53.00%']
Aggregation to central server completed at central server round 250, loss : 1.46, accuracy: 48.38%, staleness : 4
Accuracy per label after aggregation : ['0:52.10%', '1:61.80%', '2:27.00%', '3:30.30%', '4:35.80%', '5:36.40%', '6:66.90%', '7:55.80%', '8:64.50%', '9:53.20%']

-----------------------------------------------------

Central server round 97 started
Model sent from central server with 100msec communication time, with loss :1.46, accuracy : 48.38%
Accuracy per label : ['0:52.10%', '1:61.80%', '2:27.00%', '3:30.30%', '4:35.80%', '5:36.40%', '6:66.90%', '7:55.80%', '8:64.50%', '9:53.20%']
The model is from round 92 from central server, staleness is 4

Cluster round 1 completed, aggregated models from all the clients, time past : 800msec, loss : 1.46, accuracy 47.77%
Accuracy per label : ['0:52.10%', '1:62.80%', '2:28.70%', '3:21.50%', '4:30.40%', '5:39.70%', '6:79.30%', '7:60.50%', '8:53.90%', '9:48.80%']

Before aggregation, loss : 1.45, accuracy : 48.91%
Before aggregation, accuracy per label : ['0:53.90%', '1:63.40%', '2:27.50%', '3:31.80%', '4:35.20%', '5:37.50%', '6:65.40%', '7:56.70%', '8:64.30%', '9:53.40%']
Aggregation to central server completed at central server round 250, loss : 1.44, accuracy: 49.14%, staleness : 4
Accuracy per label after aggregation : ['0:53.90%', '1:64.00%', '2:28.00%', '3:31.10%', '4:34.90%', '5:37.90%', '6:68.00%', '7:57.30%', '8:63.00%', '9:53.30%']

-----------------------------------------------------

Central server round 102 started
Model sent from central server with 100msec communication time, with loss :1.44, accuracy : 49.14%
Accuracy per label : ['0:53.90%', '1:64.00%', '2:28.00%', '3:31.10%', '4:34.90%', '5:37.90%', '6:68.00%', '7:57.30%', '8:63.00%', '9:53.30%']
The model is from round 97 from central server, staleness is 4

Cluster round 1 completed, aggregated models from all the clients, time past : 800msec, loss : 1.43, accuracy 49.22%
Accuracy per label : ['0:56.00%', '1:69.60%', '2:29.20%', '3:27.90%', '4:24.50%', '5:48.70%', '6:70.80%', '7:51.60%', '8:67.00%', '9:46.90%']

Before aggregation, loss : 1.43, accuracy : 49.44%
Before aggregation, accuracy per label : ['0:55.10%', '1:65.50%', '2:29.40%', '3:31.70%', '4:34.30%', '5:38.60%', '6:65.70%', '7:56.40%', '8:64.20%', '9:53.50%']
Aggregation to central server completed at central server round 250, loss : 1.43, accuracy: 49.46%, staleness : 4
Accuracy per label after aggregation : ['0:55.10%', '1:66.20%', '2:29.70%', '3:31.50%', '4:33.10%', '5:39.30%', '6:66.70%', '7:55.70%', '8:64.60%', '9:52.70%']

-----------------------------------------------------

Central server round 107 started
Model sent from central server with 100msec communication time, with loss :1.43, accuracy : 49.46%
Accuracy per label : ['0:55.10%', '1:66.20%', '2:29.70%', '3:31.50%', '4:33.10%', '5:39.30%', '6:66.70%', '7:55.70%', '8:64.60%', '9:52.70%']
The model is from round 102 from central server, staleness is 4

Cluster round 1 completed, aggregated models from all the clients, time past : 800msec, loss : 1.42, accuracy 49.46%
Accuracy per label : ['0:53.00%', '1:59.40%', '2:21.20%', '3:25.80%', '4:29.70%', '5:48.60%', '6:63.00%', '7:69.80%', '8:62.80%', '9:61.30%']

Before aggregation, loss : 1.41, accuracy : 50.07%
Before aggregation, accuracy per label : ['0:53.70%', '1:66.70%', '2:32.80%', '3:35.60%', '4:32.80%', '5:39.10%', '6:66.20%', '7:55.30%', '8:65.70%', '9:52.80%']
Aggregation to central server completed at central server round 250, loss : 1.41, accuracy: 50.19%, staleness : 4
Accuracy per label after aggregation : ['0:53.80%', '1:66.30%', '2:31.80%', '3:34.90%', '4:32.50%', '5:39.80%', '6:65.50%', '7:57.80%', '8:65.70%', '9:53.80%']

-----------------------------------------------------

Central server round 112 started
Model sent from central server with 100msec communication time, with loss :1.41, accuracy : 50.19%
Accuracy per label : ['0:53.80%', '1:66.30%', '2:31.80%', '3:34.90%', '4:32.50%', '5:39.80%', '6:65.50%', '7:57.80%', '8:65.70%', '9:53.80%']
The model is from round 107 from central server, staleness is 4

Cluster round 1 completed, aggregated models from all the clients, time past : 800msec, loss : 1.40, accuracy 50.26%
Accuracy per label : ['0:51.80%', '1:58.20%', '2:37.60%', '3:28.90%', '4:41.10%', '5:42.40%', '6:67.80%', '7:58.60%', '8:64.70%', '9:51.50%']

Before aggregation, loss : 1.40, accuracy : 50.72%
Before aggregation, accuracy per label : ['0:54.20%', '1:63.50%', '2:34.00%', '3:31.90%', '4:34.80%', '5:41.60%', '6:66.40%', '7:59.30%', '8:65.40%', '9:56.10%']
Aggregation to central server completed at central server round 250, loss : 1.39, accuracy: 50.78%, staleness : 4
Accuracy per label after aggregation : ['0:53.80%', '1:62.90%', '2:34.70%', '3:31.50%', '4:35.80%', '5:42.10%', '6:66.50%', '7:59.20%', '8:65.40%', '9:55.90%']

-----------------------------------------------------

Central server round 117 started
Model sent from central server with 100msec communication time, with loss :1.39, accuracy : 50.78%
Accuracy per label : ['0:53.80%', '1:62.90%', '2:34.70%', '3:31.50%', '4:35.80%', '5:42.10%', '6:66.50%', '7:59.20%', '8:65.40%', '9:55.90%']
The model is from round 112 from central server, staleness is 4

Cluster round 1 completed, aggregated models from all the clients, time past : 800msec, loss : 1.38, accuracy 50.78%
Accuracy per label : ['0:60.10%', '1:54.40%', '2:24.00%', '3:31.10%', '4:49.70%', '5:46.30%', '6:62.80%', '7:55.80%', '8:59.90%', '9:63.70%']

Before aggregation, loss : 1.38, accuracy : 51.16%
Before aggregation, accuracy per label : ['0:54.70%', '1:64.30%', '2:33.60%', '3:33.30%', '4:38.90%', '5:41.00%', '6:66.10%', '7:58.70%', '8:67.90%', '9:53.10%']
Aggregation to central server completed at central server round 250, loss : 1.38, accuracy: 51.09%, staleness : 4
Accuracy per label after aggregation : ['0:55.30%', '1:63.30%', '2:31.70%', '3:33.10%', '4:40.10%', '5:41.40%', '6:66.30%', '7:57.90%', '8:67.20%', '9:54.60%']

-----------------------------------------------------

Central server round 122 started
Model sent from central server with 100msec communication time, with loss :1.38, accuracy : 51.09%
Accuracy per label : ['0:55.30%', '1:63.30%', '2:31.70%', '3:33.10%', '4:40.10%', '5:41.40%', '6:66.30%', '7:57.90%', '8:67.20%', '9:54.60%']
The model is from round 117 from central server, staleness is 4

Cluster round 1 completed, aggregated models from all the clients, time past : 800msec, loss : 1.39, accuracy 50.12%
Accuracy per label : ['0:55.30%', '1:60.70%', '2:38.70%', '3:27.10%', '4:57.40%', '5:34.30%', '6:50.10%', '7:61.20%', '8:64.90%', '9:51.50%']

Before aggregation, loss : 1.37, accuracy : 51.53%
Before aggregation, accuracy per label : ['0:56.70%', '1:63.70%', '2:35.70%', '3:30.90%', '4:40.70%', '5:42.80%', '6:65.90%', '7:58.00%', '8:66.50%', '9:54.40%']
Aggregation to central server completed at central server round 250, loss : 1.37, accuracy: 51.48%, staleness : 4
Accuracy per label after aggregation : ['0:56.70%', '1:63.10%', '2:36.00%', '3:30.00%', '4:42.70%', '5:42.60%', '6:64.60%', '7:58.40%', '8:66.70%', '9:54.00%']

-----------------------------------------------------

Central server round 127 started
Model sent from central server with 100msec communication time, with loss :1.37, accuracy : 51.48%
Accuracy per label : ['0:56.70%', '1:63.10%', '2:36.00%', '3:30.00%', '4:42.70%', '5:42.60%', '6:64.60%', '7:58.40%', '8:66.70%', '9:54.00%']
The model is from round 122 from central server, staleness is 4

Cluster round 1 completed, aggregated models from all the clients, time past : 800msec, loss : 1.35, accuracy 52.05%
Accuracy per label : ['0:58.10%', '1:70.80%', '2:32.10%', '3:36.80%', '4:39.20%', '5:41.00%', '6:67.10%', '7:53.40%', '8:65.00%', '9:57.00%']

Before aggregation, loss : 1.35, accuracy : 51.96%
Before aggregation, accuracy per label : ['0:57.00%', '1:64.40%', '2:34.30%', '3:33.30%', '4:40.50%', '5:42.60%', '6:65.00%', '7:60.00%', '8:66.70%', '9:55.80%']
Aggregation to central server completed at central server round 250, loss : 1.35, accuracy: 52.08%, staleness : 4
Accuracy per label after aggregation : ['0:57.20%', '1:65.10%', '2:33.90%', '3:34.20%', '4:40.40%', '5:42.60%', '6:65.70%', '7:58.80%', '8:66.90%', '9:56.00%']

-----------------------------------------------------

Central server round 132 started
Model sent from central server with 100msec communication time, with loss :1.35, accuracy : 52.08%
Accuracy per label : ['0:57.20%', '1:65.10%', '2:33.90%', '3:34.20%', '4:40.40%', '5:42.60%', '6:65.70%', '7:58.80%', '8:66.90%', '9:56.00%']
The model is from round 127 from central server, staleness is 4

Cluster round 1 completed, aggregated models from all the clients, time past : 800msec, loss : 1.33, accuracy 52.53%
Accuracy per label : ['0:53.90%', '1:69.60%', '2:45.40%', '3:30.10%', '4:35.40%', '5:45.00%', '6:62.70%', '7:64.50%', '8:66.00%', '9:52.70%']

Before aggregation, loss : 1.34, accuracy : 52.47%
Before aggregation, accuracy per label : ['0:57.20%', '1:65.30%', '2:35.80%', '3:36.60%', '4:38.00%', '5:41.90%', '6:64.70%', '7:60.60%', '8:68.20%', '9:56.40%']
Aggregation to central server completed at central server round 250, loss : 1.34, accuracy: 52.56%, staleness : 4
Accuracy per label after aggregation : ['0:56.40%', '1:65.80%', '2:37.20%', '3:36.30%', '4:37.80%', '5:41.90%', '6:64.90%', '7:61.20%', '8:68.40%', '9:55.70%']

-----------------------------------------------------

Central server round 137 started
Model sent from central server with 100msec communication time, with loss :1.34, accuracy : 52.56%
Accuracy per label : ['0:56.40%', '1:65.80%', '2:37.20%', '3:36.30%', '4:37.80%', '5:41.90%', '6:64.90%', '7:61.20%', '8:68.40%', '9:55.70%']
The model is from round 132 from central server, staleness is 4

Cluster round 1 completed, aggregated models from all the clients, time past : 800msec, loss : 1.33, accuracy 52.55%
Accuracy per label : ['0:56.20%', '1:61.30%', '2:48.70%', '3:23.90%', '4:35.30%', '5:56.30%', '6:66.10%', '7:56.00%', '8:61.20%', '9:60.50%']

Before aggregation, loss : 1.33, accuracy : 52.93%
Before aggregation, accuracy per label : ['0:58.70%', '1:65.80%', '2:33.50%', '3:35.60%', '4:40.90%', '5:41.70%', '6:66.20%', '7:60.80%', '8:67.50%', '9:58.60%']
Aggregation to central server completed at central server round 250, loss : 1.32, accuracy: 52.96%, staleness : 4
Accuracy per label after aggregation : ['0:58.60%', '1:65.60%', '2:35.60%', '3:33.90%', '4:40.60%', '5:42.80%', '6:66.50%', '7:60.30%', '8:66.80%', '9:58.90%']

-----------------------------------------------------

Central server round 142 started
Model sent from central server with 100msec communication time, with loss :1.32, accuracy : 52.96%
Accuracy per label : ['0:58.60%', '1:65.60%', '2:35.60%', '3:33.90%', '4:40.60%', '5:42.80%', '6:66.50%', '7:60.30%', '8:66.80%', '9:58.90%']
The model is from round 137 from central server, staleness is 4

Cluster round 1 completed, aggregated models from all the clients, time past : 800msec, loss : 1.33, accuracy 52.43%
Accuracy per label : ['0:66.70%', '1:70.60%', '2:27.90%', '3:22.10%', '4:51.40%', '5:36.50%', '6:66.50%', '7:66.10%', '8:65.30%', '9:51.20%']

Before aggregation, loss : 1.32, accuracy : 53.42%
Before aggregation, accuracy per label : ['0:58.70%', '1:67.50%', '2:35.80%', '3:34.00%', '4:40.60%', '5:42.40%', '6:66.90%', '7:60.80%', '8:69.00%', '9:58.50%']
Aggregation to central server completed at central server round 250, loss : 1.31, accuracy: 53.46%, staleness : 4
Accuracy per label after aggregation : ['0:59.50%', '1:67.70%', '2:35.20%', '3:32.50%', '4:42.50%', '5:42.00%', '6:67.20%', '7:61.40%', '8:69.00%', '9:57.60%']

-----------------------------------------------------

Central server round 147 started
Model sent from central server with 100msec communication time, with loss :1.31, accuracy : 53.46%
Accuracy per label : ['0:59.50%', '1:67.70%', '2:35.20%', '3:32.50%', '4:42.50%', '5:42.00%', '6:67.20%', '7:61.40%', '8:69.00%', '9:57.60%']
The model is from round 142 from central server, staleness is 4

Cluster round 1 completed, aggregated models from all the clients, time past : 800msec, loss : 1.31, accuracy 53.06%
Accuracy per label : ['0:64.00%', '1:62.40%', '2:40.20%', '3:18.40%', '4:44.20%', '5:63.60%', '6:51.80%', '7:61.40%', '8:63.90%', '9:60.70%']

Before aggregation, loss : 1.30, accuracy : 53.59%
Before aggregation, accuracy per label : ['0:59.00%', '1:69.10%', '2:35.60%', '3:36.00%', '4:43.00%', '5:39.90%', '6:67.20%', '7:60.20%', '8:69.30%', '9:56.60%']
Aggregation to central server completed at central server round 250, loss : 1.30, accuracy: 53.97%, staleness : 4
Accuracy per label after aggregation : ['0:60.40%', '1:68.40%', '2:36.10%', '3:35.10%', '4:44.00%', '5:42.30%', '6:66.50%', '7:60.50%', '8:69.50%', '9:56.90%']

-----------------------------------------------------

Central server round 152 started
Model sent from central server with 100msec communication time, with loss :1.30, accuracy : 53.97%
Accuracy per label : ['0:60.40%', '1:68.40%', '2:36.10%', '3:35.10%', '4:44.00%', '5:42.30%', '6:66.50%', '7:60.50%', '8:69.50%', '9:56.90%']
The model is from round 147 from central server, staleness is 4

Cluster round 1 completed, aggregated models from all the clients, time past : 800msec, loss : 1.31, accuracy 53.51%
Accuracy per label : ['0:60.80%', '1:74.10%', '2:44.00%', '3:18.70%', '4:33.50%', '5:41.90%', '6:74.00%', '7:66.30%', '8:68.30%', '9:53.50%']

Before aggregation, loss : 1.29, accuracy : 54.13%
Before aggregation, accuracy per label : ['0:60.00%', '1:68.80%', '2:36.60%', '3:36.40%', '4:43.80%', '5:40.40%', '6:66.90%', '7:60.10%', '8:69.60%', '9:58.70%']
Aggregation to central server completed at central server round 250, loss : 1.29, accuracy: 54.17%, staleness : 4
Accuracy per label after aggregation : ['0:60.50%', '1:69.10%', '2:37.40%', '3:34.70%', '4:42.00%', '5:40.70%', '6:68.20%', '7:61.20%', '8:70.00%', '9:57.90%']

-----------------------------------------------------

Central server round 157 started
Model sent from central server with 100msec communication time, with loss :1.29, accuracy : 54.17%
Accuracy per label : ['0:60.50%', '1:69.10%', '2:37.40%', '3:34.70%', '4:42.00%', '5:40.70%', '6:68.20%', '7:61.20%', '8:70.00%', '9:57.90%']
The model is from round 152 from central server, staleness is 4

Cluster round 1 completed, aggregated models from all the clients, time past : 800msec, loss : 1.28, accuracy 54.09%
Accuracy per label : ['0:59.70%', '1:69.50%', '2:34.50%', '3:35.90%', '4:49.70%', '5:38.80%', '6:72.60%', '7:56.00%', '8:71.60%', '9:52.60%']

Before aggregation, loss : 1.28, accuracy : 54.52%
Before aggregation, accuracy per label : ['0:60.90%', '1:70.00%', '2:37.30%', '3:35.80%', '4:43.40%', '5:40.40%', '6:68.90%', '7:60.40%', '8:70.40%', '9:57.70%']
Aggregation to central server completed at central server round 250, loss : 1.28, accuracy: 54.56%, staleness : 4
Accuracy per label after aggregation : ['0:60.80%', '1:69.90%', '2:36.90%', '3:35.80%', '4:44.70%', '5:40.30%', '6:69.50%', '7:59.80%', '8:71.00%', '9:56.90%']

-----------------------------------------------------

Central server round 162 started
Model sent from central server with 100msec communication time, with loss :1.28, accuracy : 54.56%
Accuracy per label : ['0:60.80%', '1:69.90%', '2:36.90%', '3:35.80%', '4:44.70%', '5:40.30%', '6:69.50%', '7:59.80%', '8:71.00%', '9:56.90%']
The model is from round 157 from central server, staleness is 4

Cluster round 1 completed, aggregated models from all the clients, time past : 800msec, loss : 1.29, accuracy 54.14%
Accuracy per label : ['0:66.70%', '1:66.10%', '2:34.90%', '3:19.90%', '4:52.80%', '5:40.60%', '6:75.50%', '7:58.50%', '8:67.00%', '9:59.40%']

Before aggregation, loss : 1.27, accuracy : 54.86%
Before aggregation, accuracy per label : ['0:59.30%', '1:68.20%', '2:36.50%', '3:35.10%', '4:44.90%', '5:41.00%', '6:71.20%', '7:62.20%', '8:71.80%', '9:58.40%']
Aggregation to central server completed at central server round 250, loss : 1.27, accuracy: 54.98%, staleness : 4
Accuracy per label after aggregation : ['0:59.90%', '1:68.60%', '2:36.60%', '3:33.50%', '4:45.80%', '5:41.50%', '6:71.80%', '7:61.70%', '8:71.70%', '9:58.70%']

-----------------------------------------------------

Central server round 167 started
Model sent from central server with 100msec communication time, with loss :1.27, accuracy : 54.98%
Accuracy per label : ['0:59.90%', '1:68.60%', '2:36.60%', '3:33.50%', '4:45.80%', '5:41.50%', '6:71.80%', '7:61.70%', '8:71.70%', '9:58.70%']
The model is from round 162 from central server, staleness is 4

Cluster round 1 completed, aggregated models from all the clients, time past : 800msec, loss : 1.30, accuracy 53.54%
Accuracy per label : ['0:68.60%', '1:71.80%', '2:28.90%', '3:28.00%', '4:62.00%', '5:32.70%', '6:63.60%', '7:60.10%', '8:71.30%', '9:48.40%']

Before aggregation, loss : 1.26, accuracy : 55.22%
Before aggregation, accuracy per label : ['0:59.60%', '1:68.40%', '2:36.40%', '3:34.30%', '4:47.00%', '5:42.30%', '6:70.10%', '7:60.70%', '8:71.90%', '9:61.50%']
Aggregation to central server completed at central server round 250, loss : 1.26, accuracy: 55.28%, staleness : 4
Accuracy per label after aggregation : ['0:60.60%', '1:69.10%', '2:35.80%', '3:33.70%', '4:49.10%', '5:42.00%', '6:69.50%', '7:61.20%', '8:71.90%', '9:59.90%']

-----------------------------------------------------

Central server round 172 started
Model sent from central server with 100msec communication time, with loss :1.26, accuracy : 55.28%
Accuracy per label : ['0:60.60%', '1:69.10%', '2:35.80%', '3:33.70%', '4:49.10%', '5:42.00%', '6:69.50%', '7:61.20%', '8:71.90%', '9:59.90%']
The model is from round 167 from central server, staleness is 4

Cluster round 1 completed, aggregated models from all the clients, time past : 800msec, loss : 1.26, accuracy 54.82%
Accuracy per label : ['0:58.60%', '1:61.40%', '2:34.40%', '3:28.80%', '4:56.80%', '5:46.80%', '6:73.30%', '7:55.80%', '8:70.10%', '9:62.20%']

Before aggregation, loss : 1.25, accuracy : 55.60%
Before aggregation, accuracy per label : ['0:62.50%', '1:68.50%', '2:37.90%', '3:35.10%', '4:45.60%', '5:42.70%', '6:69.40%', '7:60.90%', '8:72.10%', '9:61.30%']
Aggregation to central server completed at central server round 250, loss : 1.25, accuracy: 55.77%, staleness : 4
Accuracy per label after aggregation : ['0:62.40%', '1:68.30%', '2:37.30%', '3:35.10%', '4:47.20%', '5:43.60%', '6:70.20%', '7:60.40%', '8:71.90%', '9:61.30%']

-----------------------------------------------------

Central server round 177 started
Model sent from central server with 100msec communication time, with loss :1.25, accuracy : 55.77%
Accuracy per label : ['0:62.40%', '1:68.30%', '2:37.30%', '3:35.10%', '4:47.20%', '5:43.60%', '6:70.20%', '7:60.40%', '8:71.90%', '9:61.30%']
The model is from round 172 from central server, staleness is 4

Cluster round 1 completed, aggregated models from all the clients, time past : 800msec, loss : 1.24, accuracy 55.77%
Accuracy per label : ['0:61.80%', '1:62.50%', '2:37.70%', '3:21.00%', '4:51.60%', '5:54.00%', '6:66.70%', '7:69.20%', '8:66.10%', '9:67.10%']

Before aggregation, loss : 1.24, accuracy : 56.12%
Before aggregation, accuracy per label : ['0:63.40%', '1:68.80%', '2:37.60%', '3:36.00%', '4:46.10%', '5:42.60%', '6:70.90%', '7:62.60%', '8:72.70%', '9:60.50%']
Aggregation to central server completed at central server round 250, loss : 1.24, accuracy: 56.17%, staleness : 4
Accuracy per label after aggregation : ['0:63.30%', '1:68.50%', '2:37.90%', '3:34.00%', '4:46.60%', '5:44.00%', '6:70.40%', '7:63.30%', '8:72.40%', '9:61.30%']

-----------------------------------------------------

Central server round 182 started
Model sent from central server with 100msec communication time, with loss :1.24, accuracy : 56.17%
Accuracy per label : ['0:63.30%', '1:68.50%', '2:37.90%', '3:34.00%', '4:46.60%', '5:44.00%', '6:70.40%', '7:63.30%', '8:72.40%', '9:61.30%']
The model is from round 177 from central server, staleness is 4

Cluster round 1 completed, aggregated models from all the clients, time past : 800msec, loss : 1.23, accuracy 56.56%
Accuracy per label : ['0:65.70%', '1:73.40%', '2:41.80%', '3:32.50%', '4:45.30%', '5:42.20%', '6:70.20%', '7:71.00%', '8:69.70%', '9:53.80%']

Before aggregation, loss : 1.22, accuracy : 56.94%
Before aggregation, accuracy per label : ['0:62.10%', '1:69.40%', '2:41.00%', '3:36.00%', '4:45.10%', '5:45.00%', '6:69.40%', '7:66.40%', '8:71.00%', '9:64.00%']
Aggregation to central server completed at central server round 250, loss : 1.22, accuracy: 57.07%, staleness : 4
Accuracy per label after aggregation : ['0:62.70%', '1:70.10%', '2:41.40%', '3:36.30%', '4:45.30%', '5:44.50%', '6:69.40%', '7:67.00%', '8:70.60%', '9:63.40%']

-----------------------------------------------------

Central server round 187 started
Model sent from central server with 100msec communication time, with loss :1.22, accuracy : 57.07%
Accuracy per label : ['0:62.70%', '1:70.10%', '2:41.40%', '3:36.30%', '4:45.30%', '5:44.50%', '6:69.40%', '7:67.00%', '8:70.60%', '9:63.40%']
The model is from round 182 from central server, staleness is 4

Cluster round 1 completed, aggregated models from all the clients, time past : 800msec, loss : 1.25, accuracy 55.55%
Accuracy per label : ['0:66.80%', '1:62.50%', '2:41.00%', '3:26.10%', '4:53.50%', '5:40.00%', '6:75.10%', '7:65.80%', '8:70.20%', '9:54.50%']

Before aggregation, loss : 1.21, accuracy : 57.27%
Before aggregation, accuracy per label : ['0:63.20%', '1:71.50%', '2:39.60%', '3:36.80%', '4:46.10%', '5:45.30%', '6:69.80%', '7:67.00%', '8:71.30%', '9:62.10%']
Aggregation to central server completed at central server round 250, loss : 1.21, accuracy: 57.27%, staleness : 4
Accuracy per label after aggregation : ['0:63.80%', '1:70.70%', '2:40.00%', '3:36.10%', '4:46.90%', '5:45.40%', '6:70.20%', '7:67.40%', '8:71.00%', '9:61.20%']

-----------------------------------------------------

Central server round 192 started
Model sent from central server with 100msec communication time, with loss :1.21, accuracy : 57.27%
Accuracy per label : ['0:63.80%', '1:70.70%', '2:40.00%', '3:36.10%', '4:46.90%', '5:45.40%', '6:70.20%', '7:67.40%', '8:71.00%', '9:61.20%']
The model is from round 187 from central server, staleness is 4

Cluster round 1 completed, aggregated models from all the clients, time past : 800msec, loss : 1.20, accuracy 57.16%
Accuracy per label : ['0:65.30%', '1:72.50%', '2:55.10%', '3:42.40%', '4:38.10%', '5:43.80%', '6:67.80%', '7:63.80%', '8:65.00%', '9:57.80%']

Before aggregation, loss : 1.20, accuracy : 57.52%
Before aggregation, accuracy per label : ['0:64.50%', '1:70.30%', '2:40.00%', '3:35.60%', '4:49.40%', '5:46.80%', '6:69.80%', '7:66.90%', '8:70.80%', '9:61.10%']
Aggregation to central server completed at central server round 250, loss : 1.20, accuracy: 57.72%, staleness : 4
Accuracy per label after aggregation : ['0:64.90%', '1:70.90%', '2:41.80%', '3:36.90%', '4:48.20%', '5:46.70%', '6:70.00%', '7:67.10%', '8:69.90%', '9:60.80%']

-----------------------------------------------------

Central server round 197 started
Model sent from central server with 100msec communication time, with loss :1.20, accuracy : 57.72%
Accuracy per label : ['0:64.90%', '1:70.90%', '2:41.80%', '3:36.90%', '4:48.20%', '5:46.70%', '6:70.00%', '7:67.10%', '8:69.90%', '9:60.80%']
The model is from round 192 from central server, staleness is 4

Cluster round 1 completed, aggregated models from all the clients, time past : 800msec, loss : 1.24, accuracy 56.17%
Accuracy per label : ['0:60.20%', '1:64.40%', '2:43.70%', '3:37.60%', '4:40.40%', '5:33.60%', '6:78.90%', '7:53.50%', '8:78.20%', '9:71.20%']

Before aggregation, loss : 1.19, accuracy : 58.13%
Before aggregation, accuracy per label : ['0:62.40%', '1:71.30%', '2:41.90%', '3:39.40%', '4:47.90%', '5:46.40%', '6:70.90%', '7:65.90%', '8:72.00%', '9:63.20%']
Aggregation to central server completed at central server round 250, loss : 1.19, accuracy: 58.20%, staleness : 4
Accuracy per label after aggregation : ['0:62.60%', '1:71.40%', '2:42.60%', '3:40.10%', '4:46.70%', '5:45.20%', '6:71.80%', '7:65.20%', '8:72.70%', '9:63.70%']

-----------------------------------------------------

Central server round 202 started
Model sent from central server with 100msec communication time, with loss :1.19, accuracy : 58.20%
Accuracy per label : ['0:62.60%', '1:71.40%', '2:42.60%', '3:40.10%', '4:46.70%', '5:45.20%', '6:71.80%', '7:65.20%', '8:72.70%', '9:63.70%']
The model is from round 197 from central server, staleness is 4

Cluster round 1 completed, aggregated models from all the clients, time past : 800msec, loss : 1.21, accuracy 57.11%
Accuracy per label : ['0:65.90%', '1:71.60%', '2:48.10%', '3:27.30%', '4:56.00%', '5:37.60%', '6:74.80%', '7:57.40%', '8:73.20%', '9:59.20%']

Before aggregation, loss : 1.18, accuracy : 58.48%
Before aggregation, accuracy per label : ['0:63.00%', '1:73.20%', '2:40.40%', '3:37.30%', '4:47.80%', '5:49.90%', '6:72.20%', '7:65.30%', '8:72.50%', '9:63.20%']
Aggregation to central server completed at central server round 250, loss : 1.18, accuracy: 58.42%, staleness : 4
Accuracy per label after aggregation : ['0:63.40%', '1:73.30%', '2:41.10%', '3:35.80%', '4:49.30%', '5:48.60%', '6:72.60%', '7:65.00%', '8:72.80%', '9:62.30%']

-----------------------------------------------------

Central server round 207 started
Model sent from central server with 100msec communication time, with loss :1.18, accuracy : 58.42%
Accuracy per label : ['0:63.40%', '1:73.30%', '2:41.10%', '3:35.80%', '4:49.30%', '5:48.60%', '6:72.60%', '7:65.00%', '8:72.80%', '9:62.30%']
The model is from round 202 from central server, staleness is 4

Cluster round 1 completed, aggregated models from all the clients, time past : 800msec, loss : 1.19, accuracy 58.09%
Accuracy per label : ['0:67.80%', '1:65.40%', '2:51.70%', '3:37.60%', '4:47.20%', '5:49.40%', '6:61.30%', '7:61.60%', '8:72.30%', '9:66.60%']

Before aggregation, loss : 1.17, accuracy : 58.59%
Before aggregation, accuracy per label : ['0:63.10%', '1:72.80%', '2:41.60%', '3:36.60%', '4:49.80%', '5:48.00%', '6:71.50%', '7:67.10%', '8:74.10%', '9:61.30%']
Aggregation to central server completed at central server round 250, loss : 1.17, accuracy: 58.69%, staleness : 4
Accuracy per label after aggregation : ['0:64.10%', '1:71.80%', '2:42.80%', '3:37.00%', '4:49.70%', '5:47.80%', '6:70.70%', '7:67.10%', '8:74.00%', '9:61.90%']

-----------------------------------------------------

Central server round 212 started
Model sent from central server with 100msec communication time, with loss :1.17, accuracy : 58.69%
Accuracy per label : ['0:64.10%', '1:71.80%', '2:42.80%', '3:37.00%', '4:49.70%', '5:47.80%', '6:70.70%', '7:67.10%', '8:74.00%', '9:61.90%']
The model is from round 207 from central server, staleness is 4

Cluster round 1 completed, aggregated models from all the clients, time past : 800msec, loss : 1.18, accuracy 58.44%
Accuracy per label : ['0:67.30%', '1:65.40%', '2:52.10%', '3:38.80%', '4:48.90%', '5:48.70%', '6:60.70%', '7:62.90%', '8:72.20%', '9:67.40%']

Before aggregation, loss : 1.17, accuracy : 59.10%
Before aggregation, accuracy per label : ['0:63.10%', '1:73.20%', '2:41.90%', '3:40.20%', '4:50.70%', '5:48.80%', '6:70.00%', '7:66.80%', '8:74.20%', '9:62.10%']
Aggregation to central server completed at central server round 250, loss : 1.16, accuracy: 59.29%, staleness : 4
Accuracy per label after aggregation : ['0:63.60%', '1:72.60%', '2:43.30%', '3:40.70%', '4:50.30%', '5:49.00%', '6:69.30%', '7:66.90%', '8:74.50%', '9:62.70%']

-----------------------------------------------------

Central server round 217 started
Model sent from central server with 100msec communication time, with loss :1.16, accuracy : 59.29%
Accuracy per label : ['0:63.60%', '1:72.60%', '2:43.30%', '3:40.70%', '4:50.30%', '5:49.00%', '6:69.30%', '7:66.90%', '8:74.50%', '9:62.70%']
The model is from round 212 from central server, staleness is 4

Cluster round 1 completed, aggregated models from all the clients, time past : 800msec, loss : 1.17, accuracy 58.66%
Accuracy per label : ['0:67.80%', '1:65.60%', '2:52.70%', '3:38.30%', '4:48.10%', '5:49.90%', '6:61.10%', '7:63.70%', '8:72.80%', '9:66.60%']

Before aggregation, loss : 1.16, accuracy : 59.57%
Before aggregation, accuracy per label : ['0:63.10%', '1:73.60%', '2:42.00%', '3:42.60%', '4:51.50%', '5:49.40%', '6:68.90%', '7:66.90%', '8:74.90%', '9:62.80%']
Aggregation to central server completed at central server round 250, loss : 1.16, accuracy: 59.54%, staleness : 4
Accuracy per label after aggregation : ['0:63.30%', '1:72.60%', '2:43.20%', '3:41.80%', '4:51.40%', '5:49.10%', '6:68.50%', '7:67.00%', '8:74.90%', '9:63.60%']

-----------------------------------------------------

Central server round 222 started
Model sent from central server with 100msec communication time, with loss :1.16, accuracy : 59.54%
Accuracy per label : ['0:63.30%', '1:72.60%', '2:43.20%', '3:41.80%', '4:51.40%', '5:49.10%', '6:68.50%', '7:67.00%', '8:74.90%', '9:63.60%']
The model is from round 217 from central server, staleness is 4

Cluster round 1 completed, aggregated models from all the clients, time past : 800msec, loss : 1.17, accuracy 58.92%
Accuracy per label : ['0:67.70%', '1:65.70%', '2:53.90%', '3:37.70%', '4:49.20%', '5:49.70%', '6:61.60%', '7:63.50%', '8:72.90%', '9:67.30%']

Before aggregation, loss : 1.15, accuracy : 59.62%
Before aggregation, accuracy per label : ['0:62.70%', '1:73.90%', '2:42.10%', '3:43.30%', '4:51.70%', '5:49.20%', '6:68.30%', '7:67.10%', '8:75.00%', '9:62.90%']
Aggregation to central server completed at central server round 250, loss : 1.15, accuracy: 59.77%, staleness : 4
Accuracy per label after aggregation : ['0:62.90%', '1:73.20%', '2:43.70%', '3:42.10%', '4:51.60%', '5:49.30%', '6:68.10%', '7:67.30%', '8:75.40%', '9:64.10%']

-----------------------------------------------------

Central server round 227 started
Model sent from central server with 100msec communication time, with loss :1.15, accuracy : 59.77%
Accuracy per label : ['0:62.90%', '1:73.20%', '2:43.70%', '3:42.10%', '4:51.60%', '5:49.30%', '6:68.10%', '7:67.30%', '8:75.40%', '9:64.10%']
The model is from round 222 from central server, staleness is 4

Cluster round 1 completed, aggregated models from all the clients, time past : 800msec, loss : 1.16, accuracy 59.04%
Accuracy per label : ['0:67.50%', '1:66.10%', '2:53.60%', '3:38.80%', '4:49.60%', '5:49.70%', '6:60.90%', '7:63.80%', '8:73.60%', '9:66.80%']

Before aggregation, loss : 1.15, accuracy : 59.91%
Before aggregation, accuracy per label : ['0:63.00%', '1:73.90%', '2:42.00%', '3:43.60%', '4:52.60%', '5:49.30%', '6:68.40%', '7:67.40%', '8:75.30%', '9:63.60%']
Aggregation to central server completed at central server round 250, loss : 1.14, accuracy: 60.11%, staleness : 4
Accuracy per label after aggregation : ['0:63.40%', '1:73.40%', '2:44.20%', '3:42.70%', '4:52.60%', '5:49.70%', '6:67.70%', '7:67.60%', '8:75.40%', '9:64.40%']

-----------------------------------------------------

Central server round 232 started
Model sent from central server with 100msec communication time, with loss :1.14, accuracy : 60.11%
Accuracy per label : ['0:63.40%', '1:73.40%', '2:44.20%', '3:42.70%', '4:52.60%', '5:49.70%', '6:67.70%', '7:67.60%', '8:75.40%', '9:64.40%']
The model is from round 227 from central server, staleness is 4

Cluster round 1 completed, aggregated models from all the clients, time past : 800msec, loss : 1.16, accuracy 59.24%
Accuracy per label : ['0:66.80%', '1:66.70%', '2:54.40%', '3:38.40%', '4:49.80%', '5:49.30%', '6:61.30%', '7:64.20%', '8:74.90%', '9:66.60%']

Before aggregation, loss : 1.14, accuracy : 60.39%
Before aggregation, accuracy per label : ['0:62.90%', '1:74.00%', '2:42.50%', '3:44.00%', '4:53.30%', '5:50.10%', '6:68.60%', '7:67.90%', '8:75.70%', '9:64.90%']
Aggregation to central server completed at central server round 250, loss : 1.14, accuracy: 60.37%, staleness : 4
Accuracy per label after aggregation : ['0:62.90%', '1:73.50%', '2:44.20%', '3:42.80%', '4:53.20%', '5:50.20%', '6:67.90%', '7:68.30%', '8:75.50%', '9:65.20%']

-----------------------------------------------------

Central server round 237 started
Model sent from central server with 100msec communication time, with loss :1.14, accuracy : 60.37%
Accuracy per label : ['0:62.90%', '1:73.50%', '2:44.20%', '3:42.80%', '4:53.20%', '5:50.20%', '6:67.90%', '7:68.30%', '8:75.50%', '9:65.20%']
The model is from round 232 from central server, staleness is 4

Cluster round 1 completed, aggregated models from all the clients, time past : 800msec, loss : 1.15, accuracy 59.59%
Accuracy per label : ['0:66.60%', '1:66.80%', '2:54.10%', '3:38.10%', '4:51.30%', '5:49.70%', '6:62.90%', '7:64.80%', '8:74.30%', '9:67.30%']

Before aggregation, loss : 1.13, accuracy : 60.69%
Before aggregation, accuracy per label : ['0:62.90%', '1:74.20%', '2:43.40%', '3:43.90%', '4:54.30%', '5:50.10%', '6:68.30%', '7:68.70%', '8:75.80%', '9:65.30%']
Aggregation to central server completed at central server round 250, loss : 1.13, accuracy: 60.71%, staleness : 4
Accuracy per label after aggregation : ['0:63.10%', '1:73.60%', '2:44.40%', '3:42.90%', '4:53.80%', '5:50.50%', '6:68.10%', '7:69.10%', '8:76.00%', '9:65.60%']

-----------------------------------------------------

Central server round 242 started
Model sent from central server with 100msec communication time, with loss :1.13, accuracy : 60.71%
Accuracy per label : ['0:63.10%', '1:73.60%', '2:44.40%', '3:42.90%', '4:53.80%', '5:50.50%', '6:68.10%', '7:69.10%', '8:76.00%', '9:65.60%']
The model is from round 237 from central server, staleness is 4

Cluster round 1 completed, aggregated models from all the clients, time past : 800msec, loss : 1.15, accuracy 59.62%
Accuracy per label : ['0:66.10%', '1:67.40%', '2:54.90%', '3:37.60%', '4:50.70%', '5:50.40%', '6:62.50%', '7:64.90%', '8:75.10%', '9:66.60%']

Before aggregation, loss : 1.13, accuracy : 60.89%
Before aggregation, accuracy per label : ['0:63.10%', '1:74.40%', '2:43.30%', '3:43.60%', '4:55.10%', '5:50.40%', '6:68.60%', '7:68.70%', '8:76.10%', '9:65.60%']
Aggregation to central server completed at central server round 250, loss : 1.13, accuracy: 60.84%, staleness : 4
Accuracy per label after aggregation : ['0:63.60%', '1:73.50%', '2:44.50%', '3:42.40%', '4:54.50%', '5:50.90%', '6:68.30%', '7:68.60%', '8:76.40%', '9:65.70%']

-----------------------------------------------------

Central server round 247 started
Model sent from central server with 100msec communication time, with loss :1.13, accuracy : 60.84%
Accuracy per label : ['0:63.60%', '1:73.50%', '2:44.50%', '3:42.40%', '4:54.50%', '5:50.90%', '6:68.30%', '7:68.60%', '8:76.40%', '9:65.70%']
The model is from round 242 from central server, staleness is 4

Cluster round 1 completed, aggregated models from all the clients, time past : 800msec, loss : 1.15, accuracy 59.81%
Accuracy per label : ['0:66.40%', '1:67.60%', '2:54.90%', '3:36.90%', '4:51.60%', '5:50.00%', '6:63.00%', '7:65.30%', '8:76.00%', '9:66.40%']

Before aggregation, loss : 1.12, accuracy : 60.98%
Before aggregation, accuracy per label : ['0:63.00%', '1:74.30%', '2:43.50%', '3:43.20%', '4:55.60%', '5:50.60%', '6:68.40%', '7:68.90%', '8:76.50%', '9:65.80%']
Aggregation to central server completed at central server round 250, loss : 1.12, accuracy: 60.98%, staleness : 4
Accuracy per label after aggregation : ['0:63.70%', '1:73.90%', '2:44.60%', '3:42.20%', '4:55.00%', '5:51.00%', '6:67.90%', '7:69.00%', '8:76.50%', '9:66.00%']

