Unique id : 0, dataset size : 544
Communication time : 800, Computation time per batch : 10, Training time : 3300
0 : 0.18%  1 : 0.00%  2 : 0.37%  3 : 0.18%  4 : 0.00%  5 : 98.71%  6 : 0.00%  7 : 0.37%  8 : 0.18%  9 : 0.00%  
Divergence : jsd 0.7332, tvd 0.8968
labels from the first batch :[5, 5, 5, 5, 5, 5, 5, 5, 5, 5, 5, 5, 5, 5, 5, 5, 5, 5, 5, 5, 5, 5, 5, 5, 5, 5, 5, 5, 5, 5, 5, 5]

Unique id : 1, dataset size : 544
Communication time : 800, Computation time per batch : 10, Training time : 1430
0 : 0.18%  1 : 0.37%  2 : 0.00%  3 : 0.37%  4 : 0.00%  5 : 98.71%  6 : 0.00%  7 : 0.37%  8 : 0.00%  9 : 0.00%  
Divergence : jsd 0.7346, tvd 0.8968
labels from the first batch :[5, 5, 5, 5, 5, 5, 5, 5, 5, 5, 5, 5, 5, 5, 5, 5, 5, 5, 3, 5, 5, 5, 5, 5, 5, 5, 5, 5, 5, 5, 5, 5]

Unique id : 2, dataset size : 544
Communication time : 800, Computation time per batch : 10, Training time : 1430
0 : 0.18%  1 : 0.00%  2 : 0.18%  3 : 0.00%  4 : 0.18%  5 : 98.71%  6 : 0.18%  7 : 0.00%  8 : 0.18%  9 : 0.37%  
Divergence : jsd 0.7316, tvd 0.8968
labels from the first batch :[5, 5, 5, 5, 5, 5, 5, 5, 5, 5, 5, 5, 5, 5, 5, 5, 5, 5, 5, 5, 5, 5, 5, 5, 5, 5, 5, 5, 5, 5, 5, 5]

Unique id : 3, dataset size : 544
Communication time : 800, Computation time per batch : 10, Training time : 1430
0 : 0.00%  1 : 0.18%  2 : 0.18%  3 : 0.00%  4 : 0.00%  5 : 98.71%  6 : 0.37%  7 : 0.00%  8 : 0.18%  9 : 0.37%  
Divergence : jsd 0.7332, tvd 0.8968
labels from the first batch :[5, 5, 5, 5, 5, 5, 5, 5, 5, 5, 5, 5, 5, 5, 5, 5, 5, 5, 5, 5, 5, 5, 5, 5, 5, 5, 5, 5, 5, 5, 5, 5]

Unique id : 4, dataset size : 543
Communication time : 800, Computation time per batch : 10, Training time : 1430
0 : 0.00%  1 : 0.00%  2 : 0.18%  3 : 0.00%  4 : 0.37%  5 : 98.90%  6 : 0.37%  7 : 0.00%  8 : 0.00%  9 : 0.18%  
Divergence : jsd 0.7399, tvd 0.8986
labels from the first batch :[5, 5, 5, 5, 5, 5, 5, 5, 5, 5, 5, 5, 5, 5, 5, 5, 5, 5, 5, 5, 5, 5, 5, 5, 5, 5, 5, 5, 5, 5, 5, 5]

Unique id : 5, dataset size : 543
Communication time : 800, Computation time per batch : 10, Training time : 1430
0 : 0.37%  1 : 0.37%  2 : 0.00%  3 : 0.37%  4 : 0.00%  5 : 98.90%  6 : 0.00%  7 : 0.00%  8 : 0.00%  9 : 0.00%  
Divergence : jsd 0.7412, tvd 0.8986
labels from the first batch :[5, 5, 5, 5, 5, 5, 5, 5, 5, 5, 5, 5, 5, 5, 5, 5, 5, 5, 5, 5, 5, 5, 5, 5, 5, 5, 5, 5, 5, 5, 5, 5]

Unique id : 6, dataset size : 542
Communication time : 800, Computation time per batch : 10, Training time : 1430
0 : 0.18%  1 : 0.18%  2 : 0.00%  3 : 0.18%  4 : 0.00%  5 : 98.89%  6 : 0.37%  7 : 0.00%  8 : 0.18%  9 : 0.00%  
Divergence : jsd 0.7378, tvd 0.8986
labels from the first batch :[5, 5, 5, 5, 5, 5, 5, 5, 5, 5, 5, 5, 5, 5, 5, 5, 5, 5, 5, 5, 5, 5, 5, 5, 5, 5, 5, 5, 5, 5, 5, 5]

Unique id : 7, dataset size : 542
Communication time : 800, Computation time per batch : 10, Training time : 1430
0 : 0.00%  1 : 0.00%  2 : 0.00%  3 : 0.18%  4 : 0.18%  5 : 98.89%  6 : 0.00%  7 : 0.18%  8 : 0.37%  9 : 0.18%  
Divergence : jsd 0.7379, tvd 0.8986
labels from the first batch :[5, 5, 5, 5, 5, 5, 5, 5, 5, 5, 5, 5, 5, 5, 5, 5, 5, 5, 5, 5, 5, 5, 5, 5, 5, 5, 5, 5, 5, 5, 5, 5]

Unique id : 8, dataset size : 542
Communication time : 800, Computation time per batch : 10, Training time : 1430
0 : 0.18%  1 : 0.18%  2 : 0.18%  3 : 0.00%  4 : 0.18%  5 : 98.89%  6 : 0.00%  7 : 0.37%  8 : 0.00%  9 : 0.00%  
Divergence : jsd 0.7377, tvd 0.8986
labels from the first batch :[5, 5, 5, 5, 5, 5, 5, 5, 5, 5, 5, 5, 5, 5, 5, 5, 5, 5, 5, 5, 5, 5, 5, 5, 5, 5, 5, 5, 5, 5, 5, 5]

Unique id : 9, dataset size : 542
Communication time : 800, Computation time per batch : 10, Training time : 1430
0 : 0.00%  1 : 0.18%  2 : 0.18%  3 : 0.00%  4 : 0.37%  5 : 98.89%  6 : 0.00%  7 : 0.00%  8 : 0.18%  9 : 0.18%  
Divergence : jsd 0.7378, tvd 0.8986
labels from the first batch :[5, 5, 5, 5, 5, 5, 5, 5, 5, 5, 5, 5, 5, 5, 5, 5, 5, 5, 5, 5, 5, 5, 5, 5, 5, 5, 5, 5, 2, 5, 5, 5]

Unique id : 10, dataset size : 594
Communication time : 800, Computation time per batch : 10, Training time : 3500
0 : 98.82%  1 : 0.00%  2 : 0.17%  3 : 0.34%  4 : 0.17%  5 : 0.34%  6 : 0.00%  7 : 0.17%  8 : 0.00%  9 : 0.00%  
Divergence : jsd 0.7215, tvd 0.8895
labels from the first batch :[0, 0, 0, 0, 0, 0, 0, 0, 0, 0, 0, 0, 0, 0, 0, 0, 0, 0, 0, 0, 0, 0, 0, 0, 0, 0, 0, 0, 0, 0, 0, 0]

Unique id : 11, dataset size : 594
Communication time : 800, Computation time per batch : 10, Training time : 1410
0 : 98.82%  1 : 0.17%  2 : 0.00%  3 : 0.00%  4 : 0.17%  5 : 0.17%  6 : 0.00%  7 : 0.17%  8 : 0.51%  9 : 0.00%  
Divergence : jsd 0.7220, tvd 0.8895
labels from the first batch :[0, 0, 5, 0, 0, 0, 0, 0, 0, 0, 0, 0, 0, 0, 0, 0, 0, 0, 0, 0, 0, 0, 0, 0, 0, 0, 0, 0, 0, 0, 0, 0]

Unique id : 12, dataset size : 594
Communication time : 800, Computation time per batch : 10, Training time : 1410
0 : 98.82%  1 : 0.17%  2 : 0.00%  3 : 0.34%  4 : 0.00%  5 : 0.34%  6 : 0.00%  7 : 0.17%  8 : 0.00%  9 : 0.17%  
Divergence : jsd 0.7214, tvd 0.8895
labels from the first batch :[0, 0, 0, 0, 0, 0, 0, 0, 0, 0, 0, 0, 0, 0, 0, 0, 0, 0, 0, 0, 0, 0, 0, 0, 0, 0, 0, 0, 0, 0, 0, 0]

Unique id : 13, dataset size : 593
Communication time : 800, Computation time per batch : 10, Training time : 1410
0 : 98.82%  1 : 0.34%  2 : 0.00%  3 : 0.00%  4 : 0.34%  5 : 0.17%  6 : 0.00%  7 : 0.00%  8 : 0.17%  9 : 0.17%  
Divergence : jsd 0.7212, tvd 0.8895
labels from the first batch :[0, 0, 0, 0, 0, 0, 0, 0, 0, 0, 0, 0, 0, 0, 0, 0, 0, 0, 0, 0, 0, 0, 0, 0, 0, 0, 0, 0, 0, 0, 0, 0]

Unique id : 14, dataset size : 592
Communication time : 800, Computation time per batch : 10, Training time : 1410
0 : 98.99%  1 : 0.17%  2 : 0.51%  3 : 0.00%  4 : 0.17%  5 : 0.00%  6 : 0.17%  7 : 0.00%  8 : 0.00%  9 : 0.00%  
Divergence : jsd 0.7279, tvd 0.8911
labels from the first batch :[0, 0, 0, 0, 0, 0, 0, 0, 0, 0, 0, 0, 0, 0, 0, 0, 0, 0, 0, 0, 0, 0, 0, 0, 0, 0, 0, 0, 0, 0, 0, 0]

Unique id : 15, dataset size : 592
Communication time : 800, Computation time per batch : 10, Training time : 1410
0 : 98.99%  1 : 0.00%  2 : 0.00%  3 : 0.34%  4 : 0.00%  5 : 0.00%  6 : 0.17%  7 : 0.17%  8 : 0.17%  9 : 0.17%  
Divergence : jsd 0.7256, tvd 0.8911
labels from the first batch :[0, 0, 0, 0, 0, 0, 0, 0, 0, 0, 0, 0, 0, 0, 0, 0, 0, 0, 0, 0, 0, 0, 0, 0, 0, 0, 0, 0, 0, 0, 0, 0]

Unique id : 16, dataset size : 592
Communication time : 800, Computation time per batch : 10, Training time : 1410
0 : 98.99%  1 : 0.00%  2 : 0.17%  3 : 0.00%  4 : 0.00%  5 : 0.17%  6 : 0.51%  7 : 0.00%  8 : 0.00%  9 : 0.17%  
Divergence : jsd 0.7281, tvd 0.8911
labels from the first batch :[0, 0, 0, 0, 0, 0, 0, 0, 0, 0, 0, 0, 0, 0, 0, 0, 0, 0, 0, 0, 0, 0, 0, 0, 0, 0, 0, 0, 0, 0, 0, 0]

Unique id : 17, dataset size : 592
Communication time : 800, Computation time per batch : 10, Training time : 1410
0 : 98.99%  1 : 0.17%  2 : 0.00%  3 : 0.17%  4 : 0.17%  5 : 0.00%  6 : 0.00%  7 : 0.17%  8 : 0.34%  9 : 0.00%  
Divergence : jsd 0.7255, tvd 0.8911
labels from the first batch :[0, 0, 0, 0, 0, 0, 0, 0, 0, 0, 0, 0, 0, 0, 0, 0, 0, 0, 0, 0, 0, 0, 0, 0, 0, 0, 0, 0, 0, 0, 0, 0]

Unique id : 18, dataset size : 592
Communication time : 800, Computation time per batch : 10, Training time : 1410
0 : 98.99%  1 : 0.34%  2 : 0.17%  3 : 0.00%  4 : 0.17%  5 : 0.00%  6 : 0.00%  7 : 0.17%  8 : 0.00%  9 : 0.17%  
Divergence : jsd 0.7254, tvd 0.8911
labels from the first batch :[0, 0, 0, 0, 0, 0, 0, 0, 0, 0, 0, 0, 0, 0, 0, 0, 0, 0, 0, 0, 0, 0, 0, 0, 0, 0, 0, 0, 0, 0, 0, 0]

Unique id : 19, dataset size : 592
Communication time : 800, Computation time per batch : 10, Training time : 1410
0 : 98.99%  1 : 0.00%  2 : 0.17%  3 : 0.00%  4 : 0.00%  5 : 0.00%  6 : 0.34%  7 : 0.17%  8 : 0.00%  9 : 0.34%  
Divergence : jsd 0.7273, tvd 0.8911
labels from the first batch :[0, 0, 0, 0, 0, 0, 0, 0, 0, 0, 0, 0, 0, 0, 0, 0, 0, 0, 0, 0, 0, 0, 0, 0, 0, 0, 0, 0, 0, 0, 0, 0]

Unique id : 20, dataset size : 586
Communication time : 800, Computation time per batch : 10, Training time : 3500
0 : 0.00%  1 : 0.17%  2 : 0.34%  3 : 0.00%  4 : 98.81%  5 : 0.17%  6 : 0.00%  7 : 0.17%  8 : 0.00%  9 : 0.34%  
Divergence : jsd 0.7232, tvd 0.8907
labels from the first batch :[4, 4, 4, 4, 4, 4, 4, 4, 4, 4, 4, 4, 4, 4, 4, 4, 4, 4, 4, 4, 4, 4, 4, 4, 4, 4, 4, 4, 4, 4, 4, 4]

Unique id : 21, dataset size : 586
Communication time : 800, Computation time per batch : 10, Training time : 1410
0 : 0.34%  1 : 0.00%  2 : 0.00%  3 : 0.17%  4 : 98.81%  5 : 0.17%  6 : 0.00%  7 : 0.00%  8 : 0.34%  9 : 0.17%  
Divergence : jsd 0.7235, tvd 0.8907
labels from the first batch :[4, 4, 4, 4, 4, 4, 4, 4, 4, 4, 4, 4, 4, 4, 4, 4, 4, 4, 4, 4, 4, 4, 4, 4, 4, 4, 4, 4, 4, 4, 4, 4]

Unique id : 22, dataset size : 586
Communication time : 800, Computation time per batch : 10, Training time : 1410
0 : 0.00%  1 : 0.17%  2 : 0.00%  3 : 0.17%  4 : 98.81%  5 : 0.17%  6 : 0.17%  7 : 0.34%  8 : 0.17%  9 : 0.00%  
Divergence : jsd 0.7215, tvd 0.8907
labels from the first batch :[4, 4, 4, 4, 4, 4, 4, 4, 4, 4, 4, 4, 4, 4, 4, 4, 4, 4, 4, 4, 4, 4, 4, 4, 4, 4, 4, 4, 4, 4, 4, 4]

Unique id : 23, dataset size : 584
Communication time : 800, Computation time per batch : 10, Training time : 1410
0 : 0.00%  1 : 0.17%  2 : 0.00%  3 : 0.51%  4 : 98.97%  5 : 0.00%  6 : 0.17%  7 : 0.00%  8 : 0.00%  9 : 0.17%  
Divergence : jsd 0.7297, tvd 0.8924
labels from the first batch :[4, 4, 4, 4, 4, 4, 4, 4, 4, 4, 4, 4, 4, 4, 4, 4, 4, 4, 4, 4, 4, 4, 4, 4, 4, 4, 4, 4, 3, 4, 4, 4]

Unique id : 24, dataset size : 584
Communication time : 800, Computation time per batch : 10, Training time : 1410
0 : 0.00%  1 : 0.17%  2 : 0.34%  3 : 0.00%  4 : 98.97%  5 : 0.00%  6 : 0.34%  7 : 0.17%  8 : 0.00%  9 : 0.00%  
Divergence : jsd 0.7292, tvd 0.8924
labels from the first batch :[4, 4, 4, 4, 4, 4, 4, 4, 4, 4, 4, 4, 4, 4, 4, 4, 4, 4, 4, 4, 4, 4, 4, 4, 4, 4, 4, 4, 4, 4, 4, 4]

Unique id : 25, dataset size : 584
Communication time : 800, Computation time per batch : 10, Training time : 1410
0 : 0.17%  1 : 0.34%  2 : 0.00%  3 : 0.00%  4 : 98.97%  5 : 0.00%  6 : 0.17%  7 : 0.00%  8 : 0.00%  9 : 0.34%  
Divergence : jsd 0.7291, tvd 0.8924
labels from the first batch :[4, 4, 4, 4, 4, 4, 4, 4, 4, 4, 4, 4, 4, 4, 4, 4, 4, 4, 4, 4, 4, 4, 4, 4, 4, 0, 4, 4, 4, 6, 4, 4]

Unique id : 26, dataset size : 584
Communication time : 800, Computation time per batch : 10, Training time : 1410
0 : 0.17%  1 : 0.17%  2 : 0.17%  3 : 0.00%  4 : 98.97%  5 : 0.17%  6 : 0.17%  7 : 0.00%  8 : 0.17%  9 : 0.00%  
Divergence : jsd 0.7260, tvd 0.8924
labels from the first batch :[4, 4, 4, 4, 4, 4, 4, 4, 4, 4, 4, 4, 4, 4, 4, 4, 4, 4, 4, 4, 4, 4, 4, 4, 4, 4, 4, 4, 4, 4, 4, 4]

Unique id : 27, dataset size : 584
Communication time : 800, Computation time per batch : 10, Training time : 1410
0 : 0.00%  1 : 0.17%  2 : 0.17%  3 : 0.00%  4 : 98.97%  5 : 0.00%  6 : 0.17%  7 : 0.34%  8 : 0.17%  9 : 0.00%  
Divergence : jsd 0.7274, tvd 0.8924
labels from the first batch :[4, 4, 4, 4, 4, 4, 4, 4, 4, 4, 4, 4, 4, 4, 4, 4, 4, 4, 4, 4, 4, 4, 4, 4, 4, 4, 4, 4, 4, 4, 4, 4]

Unique id : 28, dataset size : 584
Communication time : 800, Computation time per batch : 10, Training time : 1410
0 : 0.34%  1 : 0.00%  2 : 0.00%  3 : 0.00%  4 : 98.97%  5 : 0.17%  6 : 0.00%  7 : 0.00%  8 : 0.34%  9 : 0.17%  
Divergence : jsd 0.7295, tvd 0.8924
labels from the first batch :[4, 4, 4, 4, 4, 4, 4, 4, 4, 4, 4, 4, 4, 4, 4, 4, 4, 4, 4, 4, 4, 4, 4, 4, 4, 4, 4, 4, 4, 4, 4, 4]

Unique id : 29, dataset size : 584
Communication time : 800, Computation time per batch : 10, Training time : 1410
0 : 0.17%  1 : 0.00%  2 : 0.17%  3 : 0.34%  4 : 98.97%  5 : 0.17%  6 : 0.00%  7 : 0.17%  8 : 0.00%  9 : 0.00%  
Divergence : jsd 0.7277, tvd 0.8924
labels from the first batch :[4, 4, 4, 4, 4, 4, 4, 4, 4, 4, 4, 4, 4, 4, 4, 4, 4, 4, 4, 5, 4, 4, 4, 4, 4, 4, 4, 4, 4, 4, 4, 4]

Unique id : 30, dataset size : 675
Communication time : 800, Computation time per batch : 10, Training time : 3800
0 : 0.00%  1 : 98.96%  2 : 0.30%  3 : 0.15%  4 : 0.30%  5 : 0.15%  6 : 0.00%  7 : 0.00%  8 : 0.00%  9 : 0.15%  
Divergence : jsd 0.7022, tvd 0.8773
labels from the first batch :[1, 1, 1, 1, 1, 1, 1, 1, 1, 1, 1, 1, 1, 1, 1, 1, 1, 1, 1, 1, 1, 1, 1, 1, 1, 1, 1, 1, 1, 1, 1, 1]

Unique id : 31, dataset size : 675
Communication time : 800, Computation time per batch : 10, Training time : 1380
0 : 0.15%  1 : 98.96%  2 : 0.15%  3 : 0.00%  4 : 0.15%  5 : 0.15%  6 : 0.15%  7 : 0.15%  8 : 0.00%  9 : 0.15%  
Divergence : jsd 0.6993, tvd 0.8773
labels from the first batch :[1, 1, 1, 1, 1, 1, 1, 1, 1, 1, 1, 1, 1, 1, 1, 1, 1, 1, 1, 1, 1, 1, 1, 1, 1, 1, 1, 1, 1, 1, 1, 1]

Unique id : 32, dataset size : 674
Communication time : 800, Computation time per batch : 10, Training time : 1380
0 : 0.15%  1 : 99.11%  2 : 0.00%  3 : 0.00%  4 : 0.00%  5 : 0.00%  6 : 0.00%  7 : 0.15%  8 : 0.45%  9 : 0.15%  
Divergence : jsd 0.7081, tvd 0.8787
labels from the first batch :[1, 1, 1, 1, 1, 1, 1, 1, 1, 1, 1, 1, 1, 1, 1, 1, 1, 1, 1, 1, 1, 1, 1, 1, 1, 1, 1, 1, 1, 1, 1, 1]

Unique id : 33, dataset size : 674
Communication time : 800, Computation time per batch : 10, Training time : 1380
0 : 0.00%  1 : 99.11%  2 : 0.30%  3 : 0.30%  4 : 0.00%  5 : 0.00%  6 : 0.00%  7 : 0.15%  8 : 0.00%  9 : 0.15%  
Divergence : jsd 0.7074, tvd 0.8787
labels from the first batch :[1, 1, 1, 1, 1, 1, 1, 1, 1, 1, 1, 1, 1, 1, 1, 1, 1, 1, 1, 1, 1, 1, 1, 1, 1, 1, 1, 1, 1, 1, 1, 1]

Unique id : 34, dataset size : 673
Communication time : 800, Computation time per batch : 10, Training time : 1380
0 : 0.15%  1 : 99.11%  2 : 0.00%  3 : 0.15%  4 : 0.15%  5 : 0.15%  6 : 0.15%  7 : 0.15%  8 : 0.00%  9 : 0.00%  
Divergence : jsd 0.7046, tvd 0.8787
labels from the first batch :[1, 1, 1, 1, 1, 1, 1, 1, 1, 1, 1, 1, 1, 1, 1, 1, 1, 1, 1, 1, 1, 1, 1, 1, 1, 1, 1, 1, 1, 1, 1, 1]

Unique id : 35, dataset size : 673
Communication time : 800, Computation time per batch : 10, Training time : 1380
0 : 0.15%  1 : 99.11%  2 : 0.00%  3 : 0.00%  4 : 0.00%  5 : 0.15%  6 : 0.30%  7 : 0.00%  8 : 0.00%  9 : 0.30%  
Divergence : jsd 0.7076, tvd 0.8787
labels from the first batch :[1, 1, 1, 1, 1, 1, 1, 1, 1, 1, 1, 9, 1, 1, 1, 1, 1, 1, 1, 1, 1, 1, 1, 1, 1, 1, 1, 1, 1, 1, 1, 1]

Unique id : 36, dataset size : 673
Communication time : 800, Computation time per batch : 10, Training time : 1380
0 : 0.00%  1 : 99.11%  2 : 0.00%  3 : 0.15%  4 : 0.15%  5 : 0.15%  6 : 0.15%  7 : 0.15%  8 : 0.00%  9 : 0.15%  
Divergence : jsd 0.7046, tvd 0.8787
labels from the first batch :[4, 1, 1, 1, 1, 1, 1, 1, 1, 1, 1, 1, 1, 1, 1, 1, 1, 1, 1, 1, 1, 1, 1, 1, 1, 1, 1, 1, 1, 1, 1, 1]

Unique id : 37, dataset size : 673
Communication time : 800, Computation time per batch : 10, Training time : 1380
0 : 0.15%  1 : 99.11%  2 : 0.00%  3 : 0.00%  4 : 0.15%  5 : 0.15%  6 : 0.00%  7 : 0.00%  8 : 0.45%  9 : 0.00%  
Divergence : jsd 0.7082, tvd 0.8787
labels from the first batch :[1, 1, 1, 1, 1, 1, 1, 1, 1, 1, 1, 1, 1, 1, 1, 1, 1, 1, 1, 1, 1, 1, 1, 1, 1, 1, 1, 1, 1, 1, 1, 1]

Unique id : 38, dataset size : 673
Communication time : 800, Computation time per batch : 10, Training time : 1380
0 : 0.00%  1 : 99.11%  2 : 0.15%  3 : 0.30%  4 : 0.00%  5 : 0.00%  6 : 0.15%  7 : 0.15%  8 : 0.15%  9 : 0.00%  
Divergence : jsd 0.7059, tvd 0.8787
labels from the first batch :[1, 1, 1, 1, 1, 1, 1, 1, 1, 1, 1, 1, 1, 1, 1, 1, 1, 1, 1, 1, 1, 1, 1, 1, 1, 1, 1, 1, 1, 1, 1, 1]

Unique id : 39, dataset size : 673
Communication time : 800, Computation time per batch : 10, Training time : 1380
0 : 0.30%  1 : 99.11%  2 : 0.15%  3 : 0.00%  4 : 0.15%  5 : 0.00%  6 : 0.15%  7 : 0.15%  8 : 0.00%  9 : 0.00%  
Divergence : jsd 0.7060, tvd 0.8787
labels from the first batch :[1, 1, 1, 1, 1, 1, 1, 1, 1, 1, 1, 1, 1, 1, 1, 1, 1, 2, 1, 1, 1, 0, 1, 1, 1, 1, 1, 1, 1, 1, 1, 1]

Unique id : 40, dataset size : 596
Communication time : 800, Computation time per batch : 10, Training time : 3500
0 : 0.34%  1 : 0.17%  2 : 0.17%  3 : 0.00%  4 : 0.00%  5 : 0.00%  6 : 0.00%  7 : 0.17%  8 : 0.34%  9 : 98.83%  
Divergence : jsd 0.7206, tvd 0.8891
labels from the first batch :[9, 9, 9, 9, 9, 9, 9, 9, 9, 9, 9, 9, 9, 9, 9, 9, 9, 9, 9, 9, 9, 8, 9, 9, 8, 9, 9, 9, 9, 9, 9, 9]

Unique id : 41, dataset size : 596
Communication time : 800, Computation time per batch : 10, Training time : 1410
0 : 0.34%  1 : 0.00%  2 : 0.50%  3 : 0.00%  4 : 0.17%  5 : 0.00%  6 : 0.17%  7 : 0.00%  8 : 0.00%  9 : 98.83%  
Divergence : jsd 0.7231, tvd 0.8891
labels from the first batch :[9, 9, 9, 9, 9, 9, 9, 9, 9, 9, 9, 9, 9, 9, 9, 9, 9, 9, 9, 9, 9, 9, 9, 9, 9, 9, 9, 9, 9, 9, 9, 9]

Unique id : 42, dataset size : 596
Communication time : 800, Computation time per batch : 10, Training time : 1410
0 : 0.00%  1 : 0.17%  2 : 0.00%  3 : 0.17%  4 : 0.17%  5 : 0.17%  6 : 0.17%  7 : 0.34%  8 : 0.00%  9 : 98.83%  
Divergence : jsd 0.7189, tvd 0.8891
labels from the first batch :[9, 9, 9, 9, 9, 9, 9, 9, 9, 9, 9, 9, 9, 9, 9, 9, 9, 9, 9, 9, 9, 9, 9, 9, 9, 9, 9, 9, 9, 9, 9, 9]

Unique id : 43, dataset size : 595
Communication time : 800, Computation time per batch : 10, Training time : 1410
0 : 0.34%  1 : 0.17%  2 : 0.00%  3 : 0.00%  4 : 0.00%  5 : 0.17%  6 : 0.00%  7 : 0.00%  8 : 0.34%  9 : 98.99%  
Divergence : jsd 0.7268, tvd 0.8908
labels from the first batch :[9, 5, 9, 9, 9, 9, 9, 9, 9, 9, 9, 9, 9, 9, 9, 9, 9, 9, 9, 9, 9, 9, 9, 9, 9, 9, 9, 9, 9, 9, 9, 9]

Unique id : 44, dataset size : 595
Communication time : 800, Computation time per batch : 10, Training time : 1410
0 : 0.00%  1 : 0.34%  2 : 0.00%  3 : 0.17%  4 : 0.00%  5 : 0.00%  6 : 0.34%  7 : 0.17%  8 : 0.00%  9 : 98.99%  
Divergence : jsd 0.7264, tvd 0.8908
labels from the first batch :[9, 9, 9, 9, 9, 9, 9, 9, 9, 9, 9, 9, 9, 9, 9, 9, 9, 9, 9, 9, 9, 9, 9, 9, 9, 9, 9, 9, 9, 9, 9, 9]

Unique id : 45, dataset size : 595
Communication time : 800, Computation time per batch : 10, Training time : 1410
0 : 0.00%  1 : 0.00%  2 : 0.17%  3 : 0.00%  4 : 0.17%  5 : 0.00%  6 : 0.17%  7 : 0.34%  8 : 0.17%  9 : 98.99%  
Divergence : jsd 0.7250, tvd 0.8908
labels from the first batch :[9, 9, 9, 9, 9, 9, 9, 9, 9, 9, 9, 9, 9, 9, 9, 9, 9, 9, 9, 9, 9, 9, 9, 9, 6, 9, 9, 9, 9, 9, 9, 9]

Unique id : 46, dataset size : 595
Communication time : 800, Computation time per batch : 10, Training time : 1410
0 : 0.17%  1 : 0.17%  2 : 0.17%  3 : 0.00%  4 : 0.00%  5 : 0.34%  6 : 0.00%  7 : 0.00%  8 : 0.17%  9 : 98.99%  
Divergence : jsd 0.7252, tvd 0.8908
labels from the first batch :[9, 9, 9, 9, 9, 9, 9, 9, 9, 9, 9, 9, 9, 9, 9, 9, 9, 9, 9, 9, 9, 9, 9, 9, 9, 9, 9, 9, 9, 9, 9, 9]

Unique id : 47, dataset size : 595
Communication time : 800, Computation time per batch : 10, Training time : 1410
0 : 0.00%  1 : 0.00%  2 : 0.00%  3 : 0.34%  4 : 0.17%  5 : 0.17%  6 : 0.17%  7 : 0.17%  8 : 0.00%  9 : 98.99%  
Divergence : jsd 0.7251, tvd 0.8908
labels from the first batch :[9, 9, 9, 9, 9, 9, 9, 9, 9, 9, 9, 9, 9, 9, 9, 9, 9, 9, 9, 9, 9, 9, 9, 9, 9, 9, 9, 9, 9, 9, 9, 9]

Unique id : 48, dataset size : 595
Communication time : 800, Computation time per batch : 10, Training time : 1410
0 : 0.00%  1 : 0.00%  2 : 0.17%  3 : 0.00%  4 : 0.34%  5 : 0.17%  6 : 0.17%  7 : 0.00%  8 : 0.17%  9 : 98.99%  
Divergence : jsd 0.7253, tvd 0.8908
labels from the first batch :[9, 9, 9, 9, 9, 9, 9, 9, 9, 9, 9, 9, 9, 9, 9, 9, 9, 9, 9, 9, 9, 9, 9, 9, 9, 9, 9, 9, 9, 9, 9, 9]

Unique id : 49, dataset size : 594
Communication time : 800, Computation time per batch : 10, Training time : 1410
0 : 0.00%  1 : 0.34%  2 : 0.00%  3 : 0.51%  4 : 0.17%  5 : 0.00%  6 : 0.00%  7 : 0.00%  8 : 0.00%  9 : 98.99%  
Divergence : jsd 0.7286, tvd 0.8907
labels from the first batch :[9, 9, 9, 9, 9, 9, 9, 9, 9, 9, 9, 9, 9, 9, 9, 9, 9, 9, 9, 9, 9, 9, 9, 9, 9, 9, 9, 9, 9, 9, 9, 9]

Unique id : 50, dataset size : 597
Communication time : 800, Computation time per batch : 10, Training time : 3500
0 : 0.00%  1 : 0.17%  2 : 98.83%  3 : 0.00%  4 : 0.17%  5 : 0.00%  6 : 0.34%  7 : 0.50%  8 : 0.00%  9 : 0.00%  
Divergence : jsd 0.7225, tvd 0.8890
labels from the first batch :[2, 2, 2, 2, 2, 2, 2, 2, 2, 2, 2, 2, 2, 2, 2, 2, 2, 2, 2, 2, 2, 2, 2, 2, 2, 2, 2, 2, 2, 2, 2, 4]

Unique id : 51, dataset size : 597
Communication time : 800, Computation time per batch : 10, Training time : 1410
0 : 0.34%  1 : 0.00%  2 : 98.83%  3 : 0.17%  4 : 0.17%  5 : 0.17%  6 : 0.17%  7 : 0.00%  8 : 0.00%  9 : 0.17%  
Divergence : jsd 0.7190, tvd 0.8890
labels from the first batch :[2, 2, 2, 2, 2, 2, 2, 2, 2, 2, 2, 2, 2, 2, 2, 2, 2, 2, 2, 2, 2, 2, 2, 2, 2, 2, 2, 2, 2, 2, 2, 2]

Unique id : 52, dataset size : 596
Communication time : 800, Computation time per batch : 10, Training time : 1410
0 : 0.00%  1 : 0.34%  2 : 98.99%  3 : 0.17%  4 : 0.00%  5 : 0.17%  6 : 0.00%  7 : 0.17%  8 : 0.17%  9 : 0.00%  
Divergence : jsd 0.7246, tvd 0.8906
labels from the first batch :[2, 2, 2, 2, 2, 2, 2, 2, 2, 2, 2, 2, 2, 2, 2, 2, 2, 2, 2, 2, 2, 2, 2, 2, 2, 2, 2, 2, 2, 2, 2, 2]

Unique id : 53, dataset size : 596
Communication time : 800, Computation time per batch : 10, Training time : 1410
0 : 0.00%  1 : 0.17%  2 : 98.99%  3 : 0.00%  4 : 0.17%  5 : 0.17%  6 : 0.00%  7 : 0.00%  8 : 0.34%  9 : 0.17%  
Divergence : jsd 0.7249, tvd 0.8906
labels from the first batch :[2, 2, 2, 2, 2, 2, 2, 2, 2, 2, 2, 2, 2, 2, 2, 2, 2, 2, 2, 2, 2, 2, 2, 2, 2, 2, 2, 2, 2, 2, 2, 2]

Unique id : 54, dataset size : 596
Communication time : 800, Computation time per batch : 10, Training time : 1410
0 : 0.17%  1 : 0.34%  2 : 98.99%  3 : 0.34%  4 : 0.00%  5 : 0.00%  6 : 0.00%  7 : 0.00%  8 : 0.00%  9 : 0.17%  
Divergence : jsd 0.7262, tvd 0.8906
labels from the first batch :[2, 2, 2, 2, 2, 2, 2, 2, 2, 2, 2, 2, 2, 2, 2, 2, 2, 2, 2, 2, 2, 2, 2, 2, 2, 2, 2, 2, 2, 2, 2, 2]

Unique id : 55, dataset size : 596
Communication time : 800, Computation time per batch : 10, Training time : 1410
0 : 0.00%  1 : 0.00%  2 : 98.99%  3 : 0.00%  4 : 0.17%  5 : 0.34%  6 : 0.17%  7 : 0.34%  8 : 0.00%  9 : 0.00%  
Divergence : jsd 0.7267, tvd 0.8906
labels from the first batch :[2, 2, 5, 2, 2, 2, 2, 2, 2, 2, 2, 2, 2, 2, 2, 2, 2, 2, 2, 2, 2, 2, 2, 2, 2, 2, 2, 2, 2, 2, 2, 2]

Unique id : 56, dataset size : 596
Communication time : 800, Computation time per batch : 10, Training time : 1410
0 : 0.17%  1 : 0.00%  2 : 98.99%  3 : 0.17%  4 : 0.17%  5 : 0.00%  6 : 0.00%  7 : 0.17%  8 : 0.00%  9 : 0.34%  
Divergence : jsd 0.7248, tvd 0.8906
labels from the first batch :[2, 2, 2, 2, 2, 2, 2, 2, 2, 3, 2, 2, 4, 2, 2, 2, 2, 2, 2, 2, 2, 2, 9, 2, 2, 2, 2, 2, 2, 2, 2, 2]

Unique id : 57, dataset size : 596
Communication time : 800, Computation time per batch : 10, Training time : 1410
0 : 0.17%  1 : 0.00%  2 : 98.99%  3 : 0.17%  4 : 0.17%  5 : 0.17%  6 : 0.17%  7 : 0.00%  8 : 0.00%  9 : 0.17%  
Divergence : jsd 0.7233, tvd 0.8906
labels from the first batch :[2, 2, 2, 2, 2, 2, 2, 2, 2, 2, 2, 2, 2, 2, 2, 2, 2, 2, 2, 2, 2, 2, 2, 2, 2, 2, 2, 2, 2, 2, 2, 2]

Unique id : 58, dataset size : 595
Communication time : 800, Computation time per batch : 10, Training time : 1410
0 : 0.17%  1 : 0.17%  2 : 98.99%  3 : 0.00%  4 : 0.17%  5 : 0.00%  6 : 0.17%  7 : 0.00%  8 : 0.17%  9 : 0.17%  
Divergence : jsd 0.7231, tvd 0.8906
labels from the first batch :[2, 2, 2, 2, 2, 2, 2, 2, 2, 2, 2, 2, 2, 2, 2, 2, 2, 2, 2, 2, 2, 2, 2, 2, 2, 2, 2, 2, 2, 2, 2, 2]

Unique id : 59, dataset size : 595
Communication time : 800, Computation time per batch : 10, Training time : 1410
0 : 0.17%  1 : 0.17%  2 : 98.99%  3 : 0.17%  4 : 0.00%  5 : 0.00%  6 : 0.17%  7 : 0.00%  8 : 0.34%  9 : 0.00%  
Divergence : jsd 0.7247, tvd 0.8906
labels from the first batch :[2, 2, 2, 2, 2, 2, 2, 2, 2, 2, 2, 2, 2, 2, 2, 2, 2, 2, 2, 2, 2, 2, 2, 2, 2, 2, 2, 2, 2, 2, 2, 2]

Unique id : 60, dataset size : 613
Communication time : 800, Computation time per batch : 10, Training time : 3600
0 : 0.16%  1 : 0.16%  2 : 0.00%  3 : 99.02%  4 : 0.00%  5 : 0.16%  6 : 0.00%  7 : 0.16%  8 : 0.16%  9 : 0.16%  
Divergence : jsd 0.7190, tvd 0.8880
labels from the first batch :[3, 3, 3, 3, 3, 3, 3, 3, 3, 3, 3, 3, 3, 3, 3, 3, 3, 3, 3, 3, 3, 3, 3, 3, 3, 3, 3, 3, 3, 3, 3, 3]

Unique id : 61, dataset size : 613
Communication time : 800, Computation time per batch : 10, Training time : 1400
0 : 0.16%  1 : 0.16%  2 : 0.16%  3 : 99.02%  4 : 0.00%  5 : 0.00%  6 : 0.16%  7 : 0.16%  8 : 0.16%  9 : 0.00%  
Divergence : jsd 0.7189, tvd 0.8880
labels from the first batch :[3, 3, 3, 3, 3, 3, 3, 3, 3, 3, 3, 3, 3, 3, 3, 3, 3, 3, 3, 3, 3, 3, 3, 3, 3, 3, 3, 3, 3, 3, 3, 3]

Unique id : 62, dataset size : 613
Communication time : 800, Computation time per batch : 10, Training time : 1400
0 : 0.16%  1 : 0.16%  2 : 0.00%  3 : 99.02%  4 : 0.16%  5 : 0.00%  6 : 0.00%  7 : 0.16%  8 : 0.00%  9 : 0.33%  
Divergence : jsd 0.7205, tvd 0.8880
labels from the first batch :[3, 3, 3, 3, 3, 3, 3, 3, 3, 3, 3, 3, 3, 3, 3, 3, 3, 3, 3, 3, 3, 3, 3, 3, 3, 3, 3, 3, 3, 3, 3, 3]

Unique id : 63, dataset size : 613
Communication time : 800, Computation time per batch : 10, Training time : 1400
0 : 0.00%  1 : 0.00%  2 : 0.16%  3 : 99.02%  4 : 0.16%  5 : 0.16%  6 : 0.00%  7 : 0.16%  8 : 0.16%  9 : 0.16%  
Divergence : jsd 0.7192, tvd 0.8880
labels from the first batch :[3, 3, 3, 3, 3, 3, 3, 3, 3, 3, 3, 3, 3, 3, 3, 3, 3, 3, 3, 3, 3, 3, 3, 3, 3, 3, 3, 3, 3, 3, 3, 3]

Unique id : 64, dataset size : 613
Communication time : 800, Computation time per batch : 10, Training time : 1400
0 : 0.00%  1 : 0.16%  2 : 0.16%  3 : 99.02%  4 : 0.16%  5 : 0.16%  6 : 0.16%  7 : 0.16%  8 : 0.00%  9 : 0.00%  
Divergence : jsd 0.7190, tvd 0.8880
labels from the first batch :[3, 3, 3, 3, 3, 3, 3, 3, 3, 3, 3, 3, 3, 3, 3, 3, 3, 3, 3, 3, 3, 3, 3, 3, 3, 3, 3, 3, 3, 3, 3, 3]

Unique id : 65, dataset size : 613
Communication time : 800, Computation time per batch : 10, Training time : 1400
0 : 0.00%  1 : 0.33%  2 : 0.00%  3 : 99.02%  4 : 0.16%  5 : 0.16%  6 : 0.16%  7 : 0.00%  8 : 0.16%  9 : 0.00%  
Divergence : jsd 0.7206, tvd 0.8880
labels from the first batch :[3, 3, 3, 3, 3, 3, 3, 3, 3, 3, 3, 3, 3, 3, 3, 3, 3, 3, 3, 3, 3, 3, 3, 3, 3, 3, 3, 3, 3, 3, 3, 3]

Unique id : 66, dataset size : 613
Communication time : 800, Computation time per batch : 10, Training time : 1400
0 : 0.16%  1 : 0.00%  2 : 0.16%  3 : 99.02%  4 : 0.00%  5 : 0.00%  6 : 0.33%  7 : 0.00%  8 : 0.33%  9 : 0.00%  
Divergence : jsd 0.7224, tvd 0.8880
labels from the first batch :[3, 3, 3, 3, 3, 3, 3, 3, 3, 3, 3, 3, 3, 3, 3, 3, 3, 3, 3, 3, 3, 3, 3, 3, 3, 3, 3, 3, 3, 3, 3, 3]

Unique id : 67, dataset size : 613
Communication time : 800, Computation time per batch : 10, Training time : 1400
0 : 0.16%  1 : 0.00%  2 : 0.16%  3 : 99.02%  4 : 0.16%  5 : 0.16%  6 : 0.16%  7 : 0.00%  8 : 0.00%  9 : 0.16%  
Divergence : jsd 0.7192, tvd 0.8880
labels from the first batch :[3, 3, 3, 3, 3, 3, 3, 3, 3, 3, 3, 3, 3, 3, 3, 3, 3, 3, 3, 3, 3, 3, 3, 3, 3, 3, 3, 3, 3, 3, 3, 3]

Unique id : 68, dataset size : 613
Communication time : 800, Computation time per batch : 10, Training time : 1400
0 : 0.16%  1 : 0.00%  2 : 0.16%  3 : 99.02%  4 : 0.16%  5 : 0.16%  6 : 0.00%  7 : 0.16%  8 : 0.00%  9 : 0.16%  
Divergence : jsd 0.7192, tvd 0.8880
labels from the first batch :[3, 3, 3, 3, 3, 3, 3, 3, 3, 3, 3, 3, 3, 3, 3, 3, 3, 3, 3, 3, 3, 3, 3, 3, 3, 3, 3, 3, 3, 3, 3, 3]

Unique id : 69, dataset size : 611
Communication time : 800, Computation time per batch : 10, Training time : 1400
0 : 0.16%  1 : 0.16%  2 : 0.16%  3 : 99.18%  4 : 0.00%  5 : 0.00%  6 : 0.00%  7 : 0.16%  8 : 0.00%  9 : 0.16%  
Divergence : jsd 0.7247, tvd 0.8896
labels from the first batch :[3, 3, 3, 3, 3, 3, 3, 3, 3, 3, 3, 3, 3, 3, 3, 3, 3, 3, 3, 3, 3, 3, 3, 3, 3, 3, 3, 3, 3, 3, 3, 3]

Unique id : 70, dataset size : 592
Communication time : 800, Computation time per batch : 10, Training time : 3500
0 : 0.00%  1 : 0.17%  2 : 0.17%  3 : 0.17%  4 : 0.00%  5 : 0.17%  6 : 98.99%  7 : 0.00%  8 : 0.34%  9 : 0.00%  
Divergence : jsd 0.7258, tvd 0.8912
labels from the first batch :[6, 6, 6, 6, 6, 6, 6, 6, 6, 6, 6, 6, 6, 6, 6, 6, 6, 6, 6, 6, 6, 6, 6, 6, 6, 6, 6, 6, 6, 6, 6, 6]

Unique id : 71, dataset size : 592
Communication time : 800, Computation time per batch : 10, Training time : 1410
0 : 0.17%  1 : 0.17%  2 : 0.00%  3 : 0.17%  4 : 0.17%  5 : 0.00%  6 : 98.99%  7 : 0.34%  8 : 0.00%  9 : 0.00%  
Divergence : jsd 0.7256, tvd 0.8912
labels from the first batch :[6, 6, 6, 6, 6, 6, 6, 6, 6, 6, 6, 6, 6, 6, 6, 6, 6, 6, 6, 6, 6, 6, 6, 6, 6, 6, 6, 6, 6, 6, 1, 6]

Unique id : 72, dataset size : 592
Communication time : 800, Computation time per batch : 10, Training time : 1410
0 : 0.00%  1 : 0.17%  2 : 0.00%  3 : 0.00%  4 : 0.00%  5 : 0.51%  6 : 98.99%  7 : 0.17%  8 : 0.00%  9 : 0.17%  
Divergence : jsd 0.7283, tvd 0.8912
labels from the first batch :[6, 6, 6, 6, 6, 6, 6, 6, 6, 6, 6, 6, 6, 6, 6, 6, 6, 6, 5, 6, 6, 6, 6, 6, 6, 6, 6, 6, 6, 6, 6, 6]

Unique id : 73, dataset size : 592
Communication time : 800, Computation time per batch : 10, Training time : 1410
0 : 0.17%  1 : 0.00%  2 : 0.17%  3 : 0.17%  4 : 0.00%  5 : 0.00%  6 : 98.99%  7 : 0.17%  8 : 0.17%  9 : 0.17%  
Divergence : jsd 0.7241, tvd 0.8912
labels from the first batch :[6, 6, 6, 6, 6, 6, 6, 6, 6, 6, 6, 6, 6, 6, 6, 6, 6, 6, 6, 6, 6, 6, 6, 6, 6, 6, 6, 6, 6, 6, 6, 6]

Unique id : 74, dataset size : 592
Communication time : 800, Computation time per batch : 10, Training time : 1410
0 : 0.17%  1 : 0.17%  2 : 0.17%  3 : 0.00%  4 : 0.34%  5 : 0.00%  6 : 98.99%  7 : 0.00%  8 : 0.00%  9 : 0.17%  
Divergence : jsd 0.7258, tvd 0.8912
labels from the first batch :[6, 6, 6, 6, 6, 6, 6, 6, 6, 6, 6, 6, 6, 6, 6, 6, 6, 6, 6, 6, 6, 6, 6, 6, 6, 6, 6, 6, 6, 6, 6, 6]

Unique id : 75, dataset size : 592
Communication time : 800, Computation time per batch : 10, Training time : 1410
0 : 0.17%  1 : 0.17%  2 : 0.17%  3 : 0.00%  4 : 0.17%  5 : 0.00%  6 : 98.99%  7 : 0.00%  8 : 0.34%  9 : 0.00%  
Divergence : jsd 0.7258, tvd 0.8912
labels from the first batch :[6, 6, 6, 6, 6, 6, 6, 6, 6, 6, 6, 6, 6, 6, 6, 6, 6, 6, 6, 6, 6, 6, 6, 6, 6, 6, 6, 6, 6, 6, 6, 6]

Unique id : 76, dataset size : 592
Communication time : 800, Computation time per batch : 10, Training time : 1410
0 : 0.17%  1 : 0.00%  2 : 0.17%  3 : 0.34%  4 : 0.00%  5 : 0.00%  6 : 98.99%  7 : 0.34%  8 : 0.00%  9 : 0.00%  
Divergence : jsd 0.7273, tvd 0.8912
labels from the first batch :[6, 6, 6, 6, 6, 6, 6, 6, 6, 6, 6, 6, 6, 6, 6, 6, 6, 6, 6, 6, 6, 6, 6, 6, 6, 6, 6, 6, 6, 6, 6, 6]

Unique id : 77, dataset size : 591
Communication time : 800, Computation time per batch : 10, Training time : 1410
0 : 0.00%  1 : 0.17%  2 : 0.17%  3 : 0.17%  4 : 0.00%  5 : 0.17%  6 : 99.15%  7 : 0.00%  8 : 0.00%  9 : 0.17%  
Divergence : jsd 0.7301, tvd 0.8929
labels from the first batch :[6, 6, 6, 6, 6, 6, 6, 6, 6, 6, 6, 6, 6, 6, 6, 6, 6, 6, 6, 6, 6, 6, 6, 6, 6, 6, 6, 6, 6, 6, 6, 6]

Unique id : 78, dataset size : 590
Communication time : 800, Computation time per batch : 10, Training time : 1410
0 : 0.17%  1 : 0.00%  2 : 0.00%  3 : 0.00%  4 : 0.34%  5 : 0.00%  6 : 99.15%  7 : 0.17%  8 : 0.17%  9 : 0.00%  
Divergence : jsd 0.7319, tvd 0.8929
labels from the first batch :[6, 6, 6, 6, 6, 6, 6, 6, 6, 6, 6, 6, 6, 6, 6, 6, 6, 6, 6, 6, 6, 6, 6, 6, 6, 6, 4, 6, 6, 6, 6, 6]

Unique id : 79, dataset size : 590
Communication time : 800, Computation time per batch : 10, Training time : 1410
0 : 0.00%  1 : 0.17%  2 : 0.00%  3 : 0.17%  4 : 0.00%  5 : 0.17%  6 : 99.15%  7 : 0.00%  8 : 0.00%  9 : 0.34%  
Divergence : jsd 0.7318, tvd 0.8929
labels from the first batch :[6, 6, 6, 6, 6, 6, 6, 6, 6, 6, 6, 6, 6, 6, 6, 6, 6, 6, 6, 6, 6, 6, 6, 6, 9, 6, 6, 6, 6, 6, 1, 6]

Unique id : 80, dataset size : 627
Communication time : 800, Computation time per batch : 10, Training time : 3600
0 : 0.32%  1 : 0.16%  2 : 0.00%  3 : 0.00%  4 : 0.16%  5 : 0.16%  6 : 0.00%  7 : 99.04%  8 : 0.00%  9 : 0.16%  
Divergence : jsd 0.7175, tvd 0.8860
labels from the first batch :[7, 7, 7, 7, 7, 7, 7, 7, 7, 7, 7, 7, 7, 7, 7, 7, 7, 7, 7, 7, 7, 7, 7, 7, 7, 7, 7, 7, 7, 7, 7, 7]

Unique id : 81, dataset size : 627
Communication time : 800, Computation time per batch : 10, Training time : 1400
0 : 0.00%  1 : 0.32%  2 : 0.00%  3 : 0.16%  4 : 0.16%  5 : 0.00%  6 : 0.16%  7 : 99.04%  8 : 0.00%  9 : 0.16%  
Divergence : jsd 0.7172, tvd 0.8860
labels from the first batch :[7, 7, 7, 7, 7, 7, 7, 7, 7, 7, 7, 7, 7, 7, 7, 7, 7, 7, 7, 7, 7, 7, 7, 7, 7, 7, 7, 7, 7, 7, 7, 7]

Unique id : 82, dataset size : 626
Communication time : 800, Computation time per batch : 10, Training time : 1400
0 : 0.16%  1 : 0.00%  2 : 0.00%  3 : 0.16%  4 : 0.32%  5 : 0.16%  6 : 0.00%  7 : 99.04%  8 : 0.16%  9 : 0.00%  
Divergence : jsd 0.7176, tvd 0.8860
labels from the first batch :[7, 7, 7, 0, 7, 7, 7, 7, 7, 7, 7, 7, 7, 7, 7, 7, 7, 7, 7, 7, 7, 7, 7, 7, 7, 7, 7, 7, 7, 7, 7, 7]

Unique id : 83, dataset size : 626
Communication time : 800, Computation time per batch : 10, Training time : 1400
0 : 0.16%  1 : 0.16%  2 : 0.16%  3 : 0.00%  4 : 0.16%  5 : 0.00%  6 : 0.00%  7 : 99.04%  8 : 0.00%  9 : 0.32%  
Divergence : jsd 0.7173, tvd 0.8860
labels from the first batch :[7, 7, 7, 7, 7, 7, 7, 7, 7, 7, 7, 7, 7, 7, 7, 7, 7, 7, 7, 7, 7, 7, 7, 7, 7, 7, 7, 7, 4, 7, 7, 7]

Unique id : 84, dataset size : 626
Communication time : 800, Computation time per batch : 10, Training time : 1400
0 : 0.16%  1 : 0.00%  2 : 0.32%  3 : 0.00%  4 : 0.00%  5 : 0.00%  6 : 0.32%  7 : 99.04%  8 : 0.16%  9 : 0.00%  
Divergence : jsd 0.7191, tvd 0.8860
labels from the first batch :[7, 7, 7, 7, 7, 7, 7, 7, 7, 7, 7, 7, 7, 7, 7, 7, 7, 7, 7, 7, 7, 7, 7, 7, 7, 7, 7, 7, 7, 7, 7, 7]

Unique id : 85, dataset size : 626
Communication time : 800, Computation time per batch : 10, Training time : 1400
0 : 0.16%  1 : 0.00%  2 : 0.16%  3 : 0.32%  4 : 0.00%  5 : 0.00%  6 : 0.32%  7 : 99.04%  8 : 0.00%  9 : 0.00%  
Divergence : jsd 0.7190, tvd 0.8860
labels from the first batch :[7, 7, 7, 7, 7, 7, 7, 7, 7, 7, 7, 7, 7, 7, 7, 7, 7, 7, 7, 7, 7, 7, 7, 7, 7, 7, 7, 7, 7, 7, 7, 7]

Unique id : 86, dataset size : 625
Communication time : 800, Computation time per batch : 10, Training time : 1400
0 : 0.00%  1 : 0.00%  2 : 0.32%  3 : 0.00%  4 : 0.00%  5 : 0.32%  6 : 0.00%  7 : 99.20%  8 : 0.00%  9 : 0.16%  
Divergence : jsd 0.7250, tvd 0.8876
labels from the first batch :[7, 7, 7, 7, 7, 7, 7, 7, 7, 7, 7, 7, 7, 7, 7, 7, 7, 7, 7, 7, 7, 7, 7, 7, 7, 7, 7, 7, 7, 7, 7, 7]

Unique id : 87, dataset size : 625
Communication time : 800, Computation time per batch : 10, Training time : 1400
0 : 0.00%  1 : 0.16%  2 : 0.00%  3 : 0.16%  4 : 0.00%  5 : 0.16%  6 : 0.00%  7 : 99.20%  8 : 0.32%  9 : 0.00%  
Divergence : jsd 0.7232, tvd 0.8876
labels from the first batch :[7, 7, 7, 7, 7, 7, 7, 7, 7, 7, 7, 7, 7, 7, 7, 7, 7, 7, 7, 7, 7, 7, 7, 7, 7, 7, 7, 7, 7, 7, 7, 7]

Unique id : 88, dataset size : 625
Communication time : 800, Computation time per batch : 10, Training time : 1400
0 : 0.00%  1 : 0.16%  2 : 0.00%  3 : 0.32%  4 : 0.00%  5 : 0.00%  6 : 0.00%  7 : 99.20%  8 : 0.32%  9 : 0.00%  
Divergence : jsd 0.7246, tvd 0.8876
labels from the first batch :[7, 7, 7, 7, 7, 7, 7, 7, 7, 7, 7, 7, 7, 7, 7, 7, 7, 7, 7, 7, 7, 7, 7, 7, 7, 7, 7, 7, 7, 7, 7, 7]

Unique id : 89, dataset size : 625
Communication time : 800, Computation time per batch : 10, Training time : 1400
0 : 0.00%  1 : 0.16%  2 : 0.00%  3 : 0.00%  4 : 0.16%  5 : 0.16%  6 : 0.16%  7 : 99.20%  8 : 0.00%  9 : 0.16%  
Divergence : jsd 0.7216, tvd 0.8876
labels from the first batch :[7, 7, 7, 7, 7, 7, 7, 7, 7, 7, 7, 1, 7, 7, 7, 7, 7, 7, 7, 7, 7, 7, 7, 7, 7, 7, 7, 7, 7, 7, 7, 7]

Unique id : 90, dataset size : 586
Communication time : 800, Computation time per batch : 10, Training time : 3500
0 : 0.17%  1 : 0.17%  2 : 0.00%  3 : 0.17%  4 : 0.00%  5 : 0.17%  6 : 0.17%  7 : 0.00%  8 : 98.98%  9 : 0.17%  
Divergence : jsd 0.7258, tvd 0.8922
labels from the first batch :[8, 8, 8, 8, 8, 8, 8, 8, 8, 8, 8, 8, 8, 8, 8, 8, 8, 8, 8, 8, 8, 8, 8, 8, 8, 8, 8, 8, 8, 8, 8, 8]

Unique id : 91, dataset size : 586
Communication time : 800, Computation time per batch : 10, Training time : 1410
0 : 0.17%  1 : 0.00%  2 : 0.17%  3 : 0.00%  4 : 0.00%  5 : 0.17%  6 : 0.00%  7 : 0.34%  8 : 98.98%  9 : 0.17%  
Divergence : jsd 0.7275, tvd 0.8922
labels from the first batch :[8, 8, 8, 8, 8, 8, 8, 8, 8, 2, 8, 8, 8, 8, 5, 8, 8, 8, 8, 8, 8, 8, 8, 8, 8, 8, 8, 8, 8, 8, 8, 8]

Unique id : 92, dataset size : 585
Communication time : 800, Computation time per batch : 10, Training time : 1410
0 : 0.17%  1 : 0.17%  2 : 0.00%  3 : 0.00%  4 : 0.17%  5 : 0.00%  6 : 0.17%  7 : 0.34%  8 : 98.97%  9 : 0.00%  
Divergence : jsd 0.7272, tvd 0.8922
labels from the first batch :[8, 8, 8, 8, 8, 7, 8, 8, 8, 8, 8, 8, 8, 8, 8, 8, 8, 8, 8, 8, 8, 8, 8, 8, 8, 8, 8, 8, 8, 8, 8, 8]

Unique id : 93, dataset size : 585
Communication time : 800, Computation time per batch : 10, Training time : 1410
0 : 0.17%  1 : 0.00%  2 : 0.17%  3 : 0.17%  4 : 0.17%  5 : 0.00%  6 : 0.17%  7 : 0.17%  8 : 98.97%  9 : 0.00%  
Divergence : jsd 0.7257, tvd 0.8922
labels from the first batch :[8, 8, 8, 8, 8, 8, 8, 8, 8, 8, 8, 8, 8, 8, 8, 8, 8, 8, 8, 8, 8, 8, 8, 8, 8, 8, 8, 8, 8, 8, 8, 8]

Unique id : 94, dataset size : 585
Communication time : 800, Computation time per batch : 10, Training time : 1410
0 : 0.00%  1 : 0.17%  2 : 0.00%  3 : 0.51%  4 : 0.17%  5 : 0.17%  6 : 0.00%  7 : 0.00%  8 : 98.97%  9 : 0.00%  
Divergence : jsd 0.7297, tvd 0.8922
labels from the first batch :[8, 8, 8, 8, 8, 8, 8, 8, 8, 8, 8, 8, 8, 8, 3, 8, 8, 8, 8, 8, 8, 8, 8, 8, 8, 8, 8, 8, 8, 8, 8, 8]

Unique id : 95, dataset size : 585
Communication time : 800, Computation time per batch : 10, Training time : 1410
0 : 0.17%  1 : 0.34%  2 : 0.00%  3 : 0.17%  4 : 0.00%  5 : 0.17%  6 : 0.00%  7 : 0.00%  8 : 98.97%  9 : 0.17%  
Divergence : jsd 0.7272, tvd 0.8922
labels from the first batch :[8, 8, 8, 8, 8, 8, 8, 8, 8, 8, 8, 8, 8, 8, 8, 8, 8, 1, 8, 8, 8, 8, 8, 8, 8, 8, 8, 8, 8, 8, 8, 8]

Unique id : 96, dataset size : 584
Communication time : 800, Computation time per batch : 10, Training time : 1410
0 : 0.00%  1 : 0.34%  2 : 0.00%  3 : 0.00%  4 : 0.17%  5 : 0.00%  6 : 0.17%  7 : 0.17%  8 : 99.14%  9 : 0.00%  
Divergence : jsd 0.7332, tvd 0.8939
labels from the first batch :[8, 8, 8, 8, 8, 8, 8, 8, 8, 8, 8, 8, 8, 8, 8, 8, 8, 8, 8, 8, 6, 8, 8, 8, 8, 8, 8, 8, 8, 8, 8, 8]

Unique id : 97, dataset size : 584
Communication time : 800, Computation time per batch : 10, Training time : 1410
0 : 0.00%  1 : 0.00%  2 : 0.34%  3 : 0.00%  4 : 0.17%  5 : 0.00%  6 : 0.00%  7 : 0.00%  8 : 99.14%  9 : 0.34%  
Divergence : jsd 0.7353, tvd 0.8939
labels from the first batch :[8, 8, 8, 8, 8, 8, 8, 8, 8, 8, 8, 8, 8, 8, 8, 8, 8, 8, 8, 8, 8, 8, 8, 8, 8, 8, 8, 8, 8, 8, 8, 8]

Unique id : 98, dataset size : 584
Communication time : 800, Computation time per batch : 10, Training time : 1410
0 : 0.00%  1 : 0.00%  2 : 0.34%  3 : 0.00%  4 : 0.00%  5 : 0.17%  6 : 0.17%  7 : 0.00%  8 : 99.14%  9 : 0.17%  
Divergence : jsd 0.7337, tvd 0.8939
labels from the first batch :[8, 8, 8, 8, 8, 8, 8, 8, 8, 8, 8, 8, 8, 8, 8, 8, 8, 5, 8, 8, 8, 8, 8, 8, 8, 8, 8, 8, 8, 8, 8, 8]

Unique id : 99, dataset size : 584
Communication time : 800, Computation time per batch : 10, Training time : 1410
0 : 0.17%  1 : 0.00%  2 : 0.00%  3 : 0.00%  4 : 0.17%  5 : 0.17%  6 : 0.17%  7 : 0.17%  8 : 99.14%  9 : 0.00%  
Divergence : jsd 0.7320, tvd 0.8939
labels from the first batch :[8, 8, 8, 8, 6, 8, 8, 8, 8, 8, 8, 4, 8, 8, 8, 8, 8, 8, 8, 8, 8, 7, 8, 8, 8, 8, 8, 8, 8, 8, 8, 8]

