Client 0 with 5002 data
Communication time : 0, Computation time per batch : 100, Training time : -15700
0 : 0.56%  1 : 0.56%  2 : 0.56%  3 : 0.56%  4 : 0.56%  5 : 0.56%  6 : 94.96%  7 : 0.56%  8 : 0.56%  9 : 0.56%  
Divergence : jsd 0.6197, tvd 0.8496
labels from the first batch :[6, 6, 6, 6, 6, 6, 6, 5, 6, 6, 6, 6, 6, 6, 6, 6, 6, 6, 6, 6, 6, 6, 6, 6, 6, 6, 6, 6, 6, 6, 6, 6]

Client 1 with 5002 data
Communication time : 0, Computation time per batch : 100, Training time : -15700
0 : 0.56%  1 : 0.56%  2 : 0.56%  3 : 0.56%  4 : 0.56%  5 : 0.56%  6 : 0.56%  7 : 0.56%  8 : 0.56%  9 : 94.96%  
Divergence : jsd 0.6197, tvd 0.8496
labels from the first batch :[9, 9, 9, 9, 9, 9, 9, 9, 9, 4, 9, 9, 9, 9, 9, 9, 9, 9, 9, 9, 9, 9, 9, 9, 9, 9, 9, 9, 9, 9, 9, 9]

Client 2 with 5002 data
Communication time : 0, Computation time per batch : 100, Training time : -15700
0 : 0.56%  1 : 0.56%  2 : 0.56%  3 : 0.56%  4 : 94.96%  5 : 0.56%  6 : 0.56%  7 : 0.56%  8 : 0.56%  9 : 0.56%  
Divergence : jsd 0.6197, tvd 0.8496
labels from the first batch :[4, 4, 4, 4, 4, 4, 4, 4, 4, 4, 4, 8, 4, 4, 4, 4, 4, 4, 4, 4, 4, 4, 4, 4, 4, 4, 4, 4, 4, 4, 4, 4]

Client 3 with 5002 data
Communication time : 0, Computation time per batch : 100, Training time : -15700
0 : 0.56%  1 : 94.96%  2 : 0.56%  3 : 0.56%  4 : 0.56%  5 : 0.56%  6 : 0.56%  7 : 0.56%  8 : 0.56%  9 : 0.56%  
Divergence : jsd 0.6197, tvd 0.8496
labels from the first batch :[1, 1, 1, 1, 1, 1, 1, 1, 1, 1, 1, 1, 1, 1, 1, 1, 1, 1, 1, 1, 1, 1, 1, 1, 1, 1, 1, 1, 9, 1, 6, 1]

Client 4 with 5002 data
Communication time : 0, Computation time per batch : 100, Training time : -15700
0 : 0.56%  1 : 0.56%  2 : 94.96%  3 : 0.56%  4 : 0.56%  5 : 0.56%  6 : 0.56%  7 : 0.56%  8 : 0.56%  9 : 0.56%  
Divergence : jsd 0.6197, tvd 0.8496
labels from the first batch :[2, 2, 2, 2, 2, 2, 2, 2, 2, 2, 2, 2, 2, 2, 2, 2, 2, 2, 2, 2, 2, 2, 2, 2, 2, 2, 2, 1, 2, 2, 7, 2]

Client 5 with 5002 data
Communication time : 0, Computation time per batch : 50, Training time : -7850
0 : 0.56%  1 : 0.56%  2 : 0.56%  3 : 0.56%  4 : 0.56%  5 : 0.56%  6 : 0.56%  7 : 94.96%  8 : 0.56%  9 : 0.56%  
Divergence : jsd 0.6197, tvd 0.8496
labels from the first batch :[7, 7, 7, 7, 7, 7, 7, 7, 7, 7, 7, 7, 7, 7, 7, 7, 7, 7, 7, 7, 7, 7, 7, 7, 7, 7, 7, 7, 7, 7, 7, 7]

Client 6 with 5002 data
Communication time : 0, Computation time per batch : 50, Training time : -7850
0 : 0.56%  1 : 0.56%  2 : 0.56%  3 : 0.56%  4 : 0.56%  5 : 0.56%  6 : 0.56%  7 : 0.56%  8 : 94.96%  9 : 0.56%  
Divergence : jsd 0.6197, tvd 0.8496
labels from the first batch :[8, 8, 8, 8, 8, 8, 8, 8, 8, 8, 8, 8, 8, 8, 8, 8, 8, 8, 8, 8, 8, 8, 8, 8, 8, 8, 8, 8, 8, 8, 8, 4]

Client 7 with 5000 data
Communication time : 0, Computation time per batch : 50, Training time : -7850
0 : 0.54%  1 : 0.56%  2 : 0.56%  3 : 95.00%  4 : 0.56%  5 : 0.54%  6 : 0.56%  7 : 0.56%  8 : 0.56%  9 : 0.56%  
Divergence : jsd 0.6205, tvd 0.8500
labels from the first batch :[3, 7, 3, 3, 3, 3, 2, 3, 3, 3, 3, 7, 3, 3, 3, 3, 3, 3, 3, 3, 3, 3, 3, 3, 3, 3, 3, 3, 3, 3, 3, 4]

Client 8 with 4993 data
Communication time : 0, Computation time per batch : 50, Training time : -7850
0 : 0.54%  1 : 0.54%  2 : 0.54%  3 : 0.54%  4 : 0.54%  5 : 95.13%  6 : 0.54%  7 : 0.54%  8 : 0.54%  9 : 0.54%  
Divergence : jsd 0.6232, tvd 0.8513
labels from the first batch :[5, 5, 5, 5, 5, 7, 5, 5, 5, 5, 5, 5, 7, 5, 5, 5, 5, 5, 5, 5, 5, 5, 5, 5, 5, 5, 5, 5, 5, 5, 5, 4]

Client 9 with 4993 data
Communication time : 0, Computation time per batch : 50, Training time : -7850
0 : 95.13%  1 : 0.54%  2 : 0.54%  3 : 0.54%  4 : 0.54%  5 : 0.54%  6 : 0.54%  7 : 0.54%  8 : 0.54%  9 : 0.54%  
Divergence : jsd 0.6232, tvd 0.8513
labels from the first batch :[0, 0, 0, 0, 0, 0, 0, 0, 0, 0, 0, 0, 0, 0, 0, 0, 0, 0, 0, 0, 0, 0, 0, 0, 0, 0, 0, 0, 0, 0, 0, 0]

