Starting cluster federated learning
Cluster num : 1, Cluster size : 10, Client num : 10
Central server epoch : 1, Cluster server epoch : 100, Local epoch : 5
Intra clustering type : sync, Inter clustering type : sync
Data heterogeneity type : onelabeldominant, Dominant percentage : 95
Model name : cnncifar10, Dataset name : cifar10, Optimizer name : sgd, Learning rate : 0.01, Batch size : 32
Random seed : 1

----------------------------------------------------------------------------------------------------

Central server round 1, loss : 2.31, accuracy :9.71%
['0:0.00%', '1:0.00%', '2:0.00%', '3:0.40%', '4:2.10%', '5:94.60%', '6:0.00%', '7:0.00%', '8:0.00%', '9:0.00%']
                                          ->0msec
                                                     -> Cluster 0, loss : 2.31, accuracy 9.71%, model from round 0
                                                     ['0:0.00%', '1:0.00%', '2:0.00%', '3:0.40%', '4:2.10%', '5:94.60%', '6:0.00%', '7:0.00%', '8:0.00%', '9:0.00%']
                                                                                              <-> Client 0, global : from 9.71% to 10.00%, local : from 0.54% to 94.96%, training time : 15700msec
                                                                                              <-> Client 1, global : from 9.71% to 10.00%, local : from 0.58% to 94.96%, training time : 15700msec
                                                                                              <-> Client 2, global : from 9.71% to 10.00%, local : from 2.82% to 94.96%, training time : 15700msec
                                                                                              <-> Client 3, global : from 9.71% to 10.00%, local : from 0.54% to 94.96%, training time : 15700msec
                                                                                              <-> Client 4, global : from 9.71% to 10.00%, local : from 0.56% to 94.96%, training time : 15700msec
                                                                                              <-> Client 5, global : from 9.71% to 10.00%, local : from 0.56% to 94.96%, training time : 7850msec
                                                                                              <-> Client 6, global : from 9.71% to 10.00%, local : from 0.54% to 94.96%, training time : 7850msec
                                                                                              <-> Client 7, global : from 9.71% to 10.00%, local : from 0.64% to 95.00%, training time : 7850msec
                                                                                              <-> Client 8, global : from 9.71% to 10.00%, local : from 90.53% to 95.13%, training time : 7850msec
                                                                                              <-> Client 9, global : from 9.71% to 10.00%, local : from 0.58% to 95.13%, training time : 7850msec
                                                     Cluster 0, round 1, loss : 2.30, accuracy 11.50% <-
                                                     Time past : 15700msec
                                                     ['0:0.00%', '1:0.00%', '2:0.00%', '3:0.00%', '4:0.10%', '5:0.20%', '6:99.20%', '7:0.00%', '8:8.60%', '9:6.90%']
                                                                                              <-> Client 0, global : from 11.50% to 10.00%, local : from 94.20% to 94.96%, training time : 15700msec
                                                                                              <-> Client 1, global : from 11.50% to 10.00%, local : from 9.32% to 94.96%, training time : 15700msec
                                                                                              <-> Client 2, global : from 11.50% to 10.00%, local : from 0.68% to 94.96%, training time : 15700msec
                                                                                              <-> Client 3, global : from 11.50% to 10.00%, local : from 0.64% to 94.96%, training time : 15700msec
                                                                                              <-> Client 4, global : from 11.50% to 10.00%, local : from 0.62% to 94.96%, training time : 15700msec
                                                                                              <-> Client 5, global : from 11.50% to 10.00%, local : from 0.70% to 94.96%, training time : 7850msec
                                                                                              <-> Client 6, global : from 11.50% to 10.00%, local : from 8.04% to 94.96%, training time : 7850msec
                                                                                              <-> Client 7, global : from 11.50% to 10.00%, local : from 0.72% to 95.00%, training time : 7850msec
                                                                                              <-> Client 8, global : from 11.50% to 10.00%, local : from 0.96% to 95.13%, training time : 7850msec
                                                                                              <-> Client 9, global : from 11.50% to 10.00%, local : from 0.62% to 95.13%, training time : 7850msec
                                                     Cluster 0, round 2, loss : 2.28, accuracy 15.87% <-
                                                     Time past : 31400msec
                                                     ['0:0.00%', '1:0.20%', '2:0.00%', '3:0.00%', '4:0.00%', '5:0.50%', '6:74.10%', '7:2.10%', '8:81.20%', '9:0.60%']
                                                                                              <-> Client 0, global : from 15.87% to 10.00%, local : from 73.63% to 94.96%, training time : 15700msec
                                                                                              <-> Client 1, global : from 15.87% to 10.00%, local : from 1.78% to 94.96%, training time : 15700msec
                                                                                              <-> Client 2, global : from 15.87% to 10.00%, local : from 0.88% to 94.96%, training time : 15700msec
                                                                                              <-> Client 3, global : from 15.87% to 10.00%, local : from 1.18% to 94.96%, training time : 15700msec
                                                                                              <-> Client 4, global : from 15.87% to 10.00%, local : from 0.90% to 94.96%, training time : 15700msec
                                                                                              <-> Client 5, global : from 15.87% to 10.00%, local : from 3.34% to 94.96%, training time : 7850msec
                                                                                              <-> Client 6, global : from 15.87% to 10.00%, local : from 77.03% to 94.96%, training time : 7850msec
                                                                                              <-> Client 7, global : from 15.87% to 10.00%, local : from 0.92% to 95.00%, training time : 7850msec
                                                                                              <-> Client 8, global : from 15.87% to 10.00%, local : from 1.34% to 95.13%, training time : 7850msec
                                                                                              <-> Client 9, global : from 15.87% to 10.13%, local : from 0.84% to 2.16%, training time : 7850msec
                                                     Cluster 0, round 3, loss : 2.27, accuracy 16.88% <-
                                                     Time past : 47100msec
                                                     ['0:0.00%', '1:0.90%', '2:0.00%', '3:0.00%', '4:0.00%', '5:2.10%', '6:73.30%', '7:11.00%', '8:80.60%', '9:0.90%']
