-----------------------------------------------------

Central server round 12 started
Model sent from central server with 100msec communication time, with loss :2.30, accuracy : 11.91%
Accuracy per label : ['0:52.04%', '1:3.26%', '2:0.00%', '3:63.76%', '4:0.00%', '5:0.00%', '6:0.00%', '7:0.00%', '8:0.00%', '9:0.00%']
The model is from round 0 from central server, staleness is 11

Cluster round 1 completed, aggregated models from all the clients, time past : 3800msec, loss : 2.32, accuracy 10.13%
Accuracy per label : ['0:0.00%', '1:0.00%', '2:0.00%', '3:99.90%', '4:0.00%', '5:0.00%', '6:0.00%', '7:0.00%', '8:0.41%', '9:0.00%']

Cluster round 2 completed, aggregated models from all the clients, time past : 7500msec, loss : 2.29, accuracy 14.36%
Accuracy per label : ['0:0.00%', '1:0.00%', '2:0.00%', '3:60.99%', '4:0.00%', '5:0.00%', '6:1.77%', '7:2.04%', '8:80.29%', '9:0.00%']

Before aggregation, loss : 2.23, accuracy : 14.95%
Before aggregation, accuracy per label : ['0:6.02%', '1:19.82%', '2:0.00%', '3:59.21%', '4:0.10%', '5:0.00%', '6:1.15%', '7:47.18%', '8:2.87%', '9:8.72%']
Aggregation to central server completed at central server round 1000, loss : 2.24, accuracy: 14.13%, staleness : 11
Accuracy per label after aggregation : ['0:1.94%', '1:16.65%', '2:0.00%', '3:63.76%', '4:0.10%', '5:0.00%', '6:1.25%', '7:39.88%', '8:4.93%', '9:8.92%']

-----------------------------------------------------

Central server round 30 started
Model sent from central server with 100msec communication time, with loss :2.24, accuracy : 14.13%
Accuracy per label : ['0:1.94%', '1:16.65%', '2:0.00%', '3:63.76%', '4:0.10%', '5:0.00%', '6:1.25%', '7:39.88%', '8:4.93%', '9:8.92%']
The model is from round 12 from central server, staleness is 17

Cluster round 1 completed, aggregated models from all the clients, time past : 3800msec, loss : 2.19, accuracy 15.44%
Accuracy per label : ['0:0.00%', '1:11.72%', '2:92.93%', '3:14.85%', '4:0.00%', '5:0.00%', '6:1.67%', '7:0.68%', '8:11.60%', '9:16.45%']

Cluster round 2 completed, aggregated models from all the clients, time past : 7500msec, loss : 2.15, accuracy 15.70%
Accuracy per label : ['0:0.10%', '1:24.05%', '2:97.09%', '3:7.23%', '4:0.00%', '5:0.00%', '6:1.04%', '7:0.00%', '8:9.75%', '9:11.50%']

Before aggregation, loss : 2.11, accuracy : 44.79%
Before aggregation, accuracy per label : ['0:94.59%', '1:63.52%', '2:36.14%', '3:40.79%', '4:38.80%', '5:0.00%', '6:59.92%', '7:51.46%', '8:0.00%', '9:55.70%']
Aggregation to central server completed at central server round 1000, loss : 2.11, accuracy: 44.95%, staleness : 17
Accuracy per label after aggregation : ['0:93.47%', '1:62.47%', '2:40.50%', '3:42.87%', '4:37.58%', '5:0.00%', '6:60.54%', '7:48.83%', '8:0.10%', '9:56.19%']

-----------------------------------------------------

Central server round 48 started
Model sent from central server with 100msec communication time, with loss :2.11, accuracy : 44.95%
Accuracy per label : ['0:93.47%', '1:62.47%', '2:40.50%', '3:42.87%', '4:37.58%', '5:0.00%', '6:60.54%', '7:48.83%', '8:0.10%', '9:56.19%']
The model is from round 30 from central server, staleness is 17

Cluster round 1 completed, aggregated models from all the clients, time past : 3800msec, loss : 2.06, accuracy 26.84%
Accuracy per label : ['0:19.08%', '1:63.96%', '2:95.06%', '3:16.93%', '4:0.00%', '5:0.00%', '6:16.60%', '7:2.24%', '8:19.40%', '9:24.58%']

Cluster round 2 completed, aggregated models from all the clients, time past : 7500msec, loss : 1.97, accuracy 33.35%
Accuracy per label : ['0:33.57%', '1:71.98%', '2:94.48%', '3:22.97%', '4:0.31%', '5:0.00%', '6:32.05%', '7:4.77%', '8:31.83%', '9:31.02%']

Before aggregation, loss : 1.92, accuracy : 56.22%
Before aggregation, accuracy per label : ['0:96.94%', '1:91.37%', '2:64.44%', '3:49.60%', '4:58.66%', '5:0.00%', '6:70.46%', '7:59.44%', '8:0.31%', '9:59.86%']
Aggregation to central server completed at central server round 1000, loss : 1.93, accuracy: 56.35%, staleness : 17
Accuracy per label after aggregation : ['0:96.33%', '1:91.37%', '2:66.09%', '3:50.30%', '4:57.54%', '5:0.00%', '6:71.40%', '7:57.88%', '8:0.41%', '9:61.05%']

-----------------------------------------------------

Central server round 65 started
Model sent from central server with 100msec communication time, with loss :1.93, accuracy : 56.35%
Accuracy per label : ['0:96.33%', '1:91.37%', '2:66.09%', '3:50.30%', '4:57.54%', '5:0.00%', '6:71.40%', '7:57.88%', '8:0.41%', '9:61.05%']
The model is from round 48 from central server, staleness is 16

Cluster round 1 completed, aggregated models from all the clients, time past : 3800msec, loss : 1.84, accuracy 47.30%
Accuracy per label : ['0:65.71%', '1:84.32%', '2:93.02%', '3:36.24%', '4:10.90%', '5:0.22%', '6:53.55%', '7:31.91%', '8:41.38%', '9:44.60%']

Cluster round 2 completed, aggregated models from all the clients, time past : 7500msec, loss : 1.72, accuracy 54.97%
Accuracy per label : ['0:75.51%', '1:87.67%', '2:92.34%', '3:43.86%', '4:26.68%', '5:0.90%', '6:65.87%', '7:40.37%', '8:50.62%', '9:55.20%']

Before aggregation, loss : 1.65, accuracy : 61.85%
Before aggregation, accuracy per label : ['0:96.94%', '1:95.59%', '2:69.86%', '3:65.15%', '4:63.34%', '5:0.67%', '6:78.29%', '7:70.14%', '8:2.87%', '9:63.83%']
Aggregation to central server completed at central server round 1000, loss : 1.65, accuracy: 61.90%, staleness : 16
Accuracy per label after aggregation : ['0:96.84%', '1:95.51%', '2:70.74%', '3:65.25%', '4:62.73%', '5:0.56%', '6:78.81%', '7:69.55%', '8:3.08%', '9:64.12%']

-----------------------------------------------------

Central server round 81 started
Model sent from central server with 100msec communication time, with loss :1.65, accuracy : 61.90%
Accuracy per label : ['0:96.84%', '1:95.51%', '2:70.74%', '3:65.25%', '4:62.73%', '5:0.56%', '6:78.81%', '7:69.55%', '8:3.08%', '9:64.12%']
The model is from round 65 from central server, staleness is 15

Cluster round 1 completed, aggregated models from all the clients, time past : 3800msec, loss : 1.53, accuracy 62.90%
Accuracy per label : ['0:83.78%', '1:91.54%', '2:90.70%', '3:53.17%', '4:43.99%', '5:6.05%', '6:74.22%', '7:60.41%', '8:52.26%', '9:62.44%']

Cluster round 2 completed, aggregated models from all the clients, time past : 7500msec, loss : 1.39, accuracy 67.08%
Accuracy per label : ['0:86.94%', '1:92.51%', '2:89.34%', '3:59.90%', '4:51.02%', '5:12.11%', '6:79.02%', '7:64.49%', '8:57.80%', '9:68.09%']

Before aggregation, loss : 1.39, accuracy : 66.35%
Before aggregation, accuracy per label : ['0:96.12%', '1:96.04%', '2:72.38%', '3:73.96%', '4:64.46%', '5:6.39%', '6:82.46%', '7:76.46%', '8:17.04%', '9:67.10%']
Aggregation to central server completed at central server round 1000, loss : 1.39, accuracy: 66.42%, staleness : 15
Accuracy per label after aggregation : ['0:96.02%', '1:95.86%', '2:72.87%', '3:73.66%', '4:63.85%', '5:6.61%', '6:82.78%', '7:75.68%', '8:18.69%', '9:67.20%']

-----------------------------------------------------

Central server round 99 started
Model sent from central server with 100msec communication time, with loss :1.39, accuracy : 66.42%
Accuracy per label : ['0:96.02%', '1:95.86%', '2:72.87%', '3:73.66%', '4:63.85%', '5:6.61%', '6:82.78%', '7:75.68%', '8:18.69%', '9:67.20%']
The model is from round 81 from central server, staleness is 17

Cluster round 1 completed, aggregated models from all the clients, time past : 3800msec, loss : 1.27, accuracy 69.58%
Accuracy per label : ['0:88.88%', '1:93.13%', '2:88.66%', '3:62.48%', '4:52.85%', '5:19.73%', '6:81.11%', '7:70.72%', '8:58.83%', '9:70.56%']

Cluster round 2 completed, aggregated models from all the clients, time past : 7500msec, loss : 1.15, accuracy 71.92%
Accuracy per label : ['0:89.18%', '1:93.22%', '2:88.37%', '3:65.74%', '4:54.89%', '5:29.26%', '6:83.40%', '7:71.89%', '8:61.50%', '9:74.03%']

Before aggregation, loss : 1.11, accuracy : 71.74%
Before aggregation, accuracy per label : ['0:95.82%', '1:95.68%', '2:76.26%', '3:80.40%', '4:64.87%', '5:24.44%', '6:84.97%', '7:78.50%', '8:35.73%', '9:71.95%']
Aggregation to central server completed at central server round 1000, loss : 1.11, accuracy: 71.81%, staleness : 17
Accuracy per label after aggregation : ['0:95.71%', '1:95.59%', '2:76.65%', '3:80.10%', '4:64.77%', '5:24.55%', '6:85.07%', '7:78.11%', '8:36.86%', '9:71.95%']

-----------------------------------------------------

Central server round 118 started
Model sent from central server with 100msec communication time, with loss :1.11, accuracy : 71.81%
Accuracy per label : ['0:95.71%', '1:95.59%', '2:76.65%', '3:80.10%', '4:64.77%', '5:24.55%', '6:85.07%', '7:78.11%', '8:36.86%', '9:71.95%']
The model is from round 99 from central server, staleness is 18

Cluster round 1 completed, aggregated models from all the clients, time past : 3800msec, loss : 1.02, accuracy 73.97%
Accuracy per label : ['0:90.10%', '1:93.30%', '2:88.18%', '3:67.52%', '4:57.23%', '5:39.35%', '6:83.92%', '7:74.90%', '8:63.14%', '9:75.42%']

Cluster round 2 completed, aggregated models from all the clients, time past : 7500msec, loss : 0.93, accuracy 74.99%
Accuracy per label : ['0:90.00%', '1:93.04%', '2:87.69%', '3:69.41%', '4:57.54%', '5:44.96%', '6:84.97%', '7:75.39%', '8:63.66%', '9:77.30%']

Before aggregation, loss : 0.91, accuracy : 75.13%
Before aggregation, accuracy per label : ['0:95.20%', '1:95.24%', '2:78.39%', '3:83.07%', '4:65.78%', '5:39.91%', '6:85.59%', '7:80.64%', '8:45.07%', '9:75.42%']
Aggregation to central server completed at central server round 1000, loss : 0.91, accuracy: 75.24%, staleness : 18
Accuracy per label after aggregation : ['0:95.20%', '1:95.15%', '2:78.49%', '3:82.77%', '4:65.58%', '5:40.25%', '6:85.59%', '7:80.54%', '8:46.51%', '9:75.42%']

-----------------------------------------------------

Central server round 135 started
Model sent from central server with 100msec communication time, with loss :0.91, accuracy : 75.24%
Accuracy per label : ['0:95.20%', '1:95.15%', '2:78.49%', '3:82.77%', '4:65.58%', '5:40.25%', '6:85.59%', '7:80.54%', '8:46.51%', '9:75.42%']
The model is from round 118 from central server, staleness is 16

Cluster round 1 completed, aggregated models from all the clients, time past : 3800msec, loss : 0.85, accuracy 76.49%
Accuracy per label : ['0:90.51%', '1:92.78%', '2:87.79%', '3:70.89%', '4:60.39%', '5:51.46%', '6:85.70%', '7:77.14%', '8:65.91%', '9:77.21%']

Cluster round 2 completed, aggregated models from all the clients, time past : 7500msec, loss : 0.80, accuracy 77.40%
Accuracy per label : ['0:90.41%', '1:92.60%', '2:87.79%', '3:71.88%', '4:61.51%', '5:56.17%', '6:86.43%', '7:77.82%', '8:66.94%', '9:77.90%']

Before aggregation, loss : 0.78, accuracy : 77.61%
Before aggregation, accuracy per label : ['0:95.00%', '1:95.07%', '2:80.23%', '3:84.36%', '4:65.17%', '5:52.58%', '6:86.33%', '7:81.71%', '8:50.51%', '9:79.58%']
Aggregation to central server completed at central server round 1000, loss : 0.78, accuracy: 77.66%, staleness : 16
Accuracy per label after aggregation : ['0:95.00%', '1:95.15%', '2:80.23%', '3:83.96%', '4:65.07%', '5:52.69%', '6:86.43%', '7:81.71%', '8:51.33%', '9:79.48%']

-----------------------------------------------------

Central server round 152 started
Model sent from central server with 100msec communication time, with loss :0.78, accuracy : 77.66%
Accuracy per label : ['0:95.00%', '1:95.15%', '2:80.23%', '3:83.96%', '4:65.07%', '5:52.69%', '6:86.43%', '7:81.71%', '8:51.33%', '9:79.48%']
The model is from round 135 from central server, staleness is 16

Cluster round 1 completed, aggregated models from all the clients, time past : 3800msec, loss : 0.75, accuracy 78.34%
Accuracy per label : ['0:91.22%', '1:92.78%', '2:88.08%', '3:71.58%', '4:63.75%', '5:60.31%', '6:86.64%', '7:78.60%', '8:68.38%', '9:78.00%']

Cluster round 2 completed, aggregated models from all the clients, time past : 7500msec, loss : 0.71, accuracy 78.97%
Accuracy per label : ['0:91.63%', '1:92.69%', '2:87.79%', '3:72.87%', '4:65.48%', '5:61.32%', '6:87.68%', '7:78.40%', '8:69.30%', '9:78.69%']

Before aggregation, loss : 0.69, accuracy : 79.63%
Before aggregation, accuracy per label : ['0:95.31%', '1:94.98%', '2:81.69%', '3:84.75%', '4:68.13%', '5:60.65%', '6:86.33%', '7:82.68%', '8:56.57%', '9:80.67%']
Aggregation to central server completed at central server round 1000, loss : 0.69, accuracy: 79.65%, staleness : 16
Accuracy per label after aggregation : ['0:95.10%', '1:94.98%', '2:82.07%', '3:84.55%', '4:67.92%', '5:60.54%', '6:86.33%', '7:82.49%', '8:57.49%', '9:80.48%']

-----------------------------------------------------

Central server round 169 started
Model sent from central server with 100msec communication time, with loss :0.69, accuracy : 79.65%
Accuracy per label : ['0:95.10%', '1:94.98%', '2:82.07%', '3:84.55%', '4:67.92%', '5:60.54%', '6:86.33%', '7:82.49%', '8:57.49%', '9:80.48%']
The model is from round 152 from central server, staleness is 16

Cluster round 1 completed, aggregated models from all the clients, time past : 3800msec, loss : 0.68, accuracy 79.85%
Accuracy per label : ['0:92.04%', '1:93.04%', '2:88.18%', '3:72.57%', '4:67.72%', '5:64.91%', '6:88.00%', '7:79.18%', '8:70.33%', '9:79.09%']

Cluster round 2 completed, aggregated models from all the clients, time past : 7500msec, loss : 0.65, accuracy 80.17%
Accuracy per label : ['0:92.24%', '1:92.86%', '2:87.79%', '3:73.76%', '4:67.92%', '5:66.14%', '6:88.31%', '7:79.09%', '8:71.25%', '9:79.09%']

Before aggregation, loss : 0.62, accuracy : 81.01%
Before aggregation, accuracy per label : ['0:95.41%', '1:94.89%', '2:82.46%', '3:84.46%', '4:67.72%', '5:66.93%', '6:86.43%', '7:82.30%', '8:63.24%', '9:82.56%']
Aggregation to central server completed at central server round 1000, loss : 0.62, accuracy: 81.06%, staleness : 16
Accuracy per label after aggregation : ['0:95.31%', '1:94.89%', '2:82.75%', '3:84.06%', '4:67.92%', '5:66.93%', '6:86.43%', '7:82.30%', '8:63.86%', '9:82.46%']

-----------------------------------------------------

Central server round 186 started
Model sent from central server with 100msec communication time, with loss :0.62, accuracy : 81.06%
Accuracy per label : ['0:95.31%', '1:94.89%', '2:82.75%', '3:84.06%', '4:67.92%', '5:66.93%', '6:86.43%', '7:82.30%', '8:63.86%', '9:82.46%']
The model is from round 169 from central server, staleness is 16

Cluster round 1 completed, aggregated models from all the clients, time past : 3800msec, loss : 0.62, accuracy 81.33%
Accuracy per label : ['0:92.65%', '1:93.48%', '2:88.66%', '3:74.36%', '4:70.77%', '5:69.28%', '6:88.83%', '7:79.38%', '8:74.44%', '9:78.59%']

Cluster round 2 completed, aggregated models from all the clients, time past : 7500msec, loss : 0.60, accuracy 81.44%
Accuracy per label : ['0:92.65%', '1:93.04%', '2:88.37%', '3:74.55%', '4:71.08%', '5:70.40%', '6:88.83%', '7:79.38%', '8:74.85%', '9:78.59%']

Before aggregation, loss : 0.58, accuracy : 81.96%
Before aggregation, accuracy per label : ['0:95.61%', '1:95.15%', '2:83.43%', '3:84.46%', '4:68.64%', '5:69.62%', '6:86.85%', '7:82.68%', '8:66.53%', '9:83.25%']
Aggregation to central server completed at central server round 1000, loss : 0.58, accuracy: 82.01%, staleness : 16
Accuracy per label after aggregation : ['0:95.61%', '1:95.07%', '2:83.72%', '3:84.16%', '4:69.14%', '5:69.62%', '6:86.85%', '7:82.39%', '8:67.15%', '9:83.05%']

-----------------------------------------------------

Central server round 204 started
Model sent from central server with 100msec communication time, with loss :0.58, accuracy : 82.01%
Accuracy per label : ['0:95.61%', '1:95.07%', '2:83.72%', '3:84.16%', '4:69.14%', '5:69.62%', '6:86.85%', '7:82.39%', '8:67.15%', '9:83.05%']
The model is from round 186 from central server, staleness is 17

Cluster round 1 completed, aggregated models from all the clients, time past : 3800msec, loss : 0.58, accuracy 82.42%
Accuracy per label : ['0:92.96%', '1:93.57%', '2:88.76%', '3:75.94%', '4:72.71%', '5:72.53%', '6:89.46%', '7:79.57%', '8:77.10%', '9:79.19%']

Cluster round 2 completed, aggregated models from all the clients, time past : 7500msec, loss : 0.56, accuracy 82.54%
Accuracy per label : ['0:93.16%', '1:93.57%', '2:88.86%', '3:76.83%', '4:72.61%', '5:73.54%', '6:88.94%', '7:79.67%', '8:76.80%', '9:79.09%']

Before aggregation, loss : 0.54, accuracy : 82.96%
Before aggregation, accuracy per label : ['0:95.61%', '1:95.15%', '2:84.50%', '3:84.16%', '4:70.88%', '5:73.21%', '6:87.27%', '7:82.88%', '8:69.10%', '9:83.94%']
Aggregation to central server completed at central server round 1000, loss : 0.54, accuracy: 83.06%, staleness : 17
Accuracy per label after aggregation : ['0:95.51%', '1:95.15%', '2:84.50%', '3:84.16%', '4:71.38%', '5:73.21%', '6:87.37%', '7:82.88%', '8:70.02%', '9:83.55%']

-----------------------------------------------------

Central server round 221 started
Model sent from central server with 100msec communication time, with loss :0.54, accuracy : 83.06%
Accuracy per label : ['0:95.51%', '1:95.15%', '2:84.50%', '3:84.16%', '4:71.38%', '5:73.21%', '6:87.37%', '7:82.88%', '8:70.02%', '9:83.55%']
The model is from round 204 from central server, staleness is 16

Cluster round 1 completed, aggregated models from all the clients, time past : 3800msec, loss : 0.55, accuracy 83.14%
Accuracy per label : ['0:93.37%', '1:93.66%', '2:89.05%', '3:76.83%', '4:74.13%', '5:74.33%', '6:89.56%', '7:80.06%', '8:79.06%', '9:79.19%']

Cluster round 2 completed, aggregated models from all the clients, time past : 7500msec, loss : 0.54, accuracy 83.26%
Accuracy per label : ['0:93.88%', '1:93.66%', '2:89.34%', '3:77.43%', '4:74.44%', '5:74.66%', '6:89.98%', '7:79.96%', '8:78.64%', '9:78.49%']

Before aggregation, loss : 0.52, accuracy : 83.75%
Before aggregation, accuracy per label : ['0:95.61%', '1:95.24%', '2:84.88%', '3:84.85%', '4:72.91%', '5:74.89%', '6:87.68%', '7:83.37%', '8:71.36%', '9:84.04%']
Aggregation to central server completed at central server round 1000, loss : 0.52, accuracy: 83.75%, staleness : 16
Accuracy per label after aggregation : ['0:95.51%', '1:95.24%', '2:84.98%', '3:84.65%', '4:72.91%', '5:75.11%', '6:87.89%', '7:83.17%', '8:71.56%', '9:83.85%']

-----------------------------------------------------

Central server round 240 started
Model sent from central server with 100msec communication time, with loss :0.52, accuracy : 83.75%
Accuracy per label : ['0:95.51%', '1:95.24%', '2:84.98%', '3:84.65%', '4:72.91%', '5:75.11%', '6:87.89%', '7:83.17%', '8:71.56%', '9:83.85%']
The model is from round 221 from central server, staleness is 18

Cluster round 1 completed, aggregated models from all the clients, time past : 3800msec, loss : 0.52, accuracy 83.95%
Accuracy per label : ['0:93.88%', '1:94.27%', '2:89.73%', '3:77.52%', '4:75.66%', '5:76.46%', '6:89.87%', '7:80.54%', '8:80.18%', '9:79.39%']

Cluster round 2 completed, aggregated models from all the clients, time past : 7500msec, loss : 0.51, accuracy 83.98%
Accuracy per label : ['0:93.98%', '1:93.83%', '2:89.53%', '3:77.92%', '4:75.97%', '5:75.67%', '6:90.19%', '7:80.54%', '8:81.01%', '9:79.19%']

Before aggregation, loss : 0.49, accuracy : 84.43%
Before aggregation, accuracy per label : ['0:95.82%', '1:95.24%', '2:84.79%', '3:84.85%', '4:74.44%', '5:77.47%', '6:88.52%', '7:83.46%', '8:72.79%', '9:84.64%']
Aggregation to central server completed at central server round 1000, loss : 0.49, accuracy: 84.41%, staleness : 18
Accuracy per label after aggregation : ['0:95.82%', '1:95.24%', '2:84.88%', '3:84.65%', '4:74.44%', '5:77.47%', '6:88.62%', '7:83.37%', '8:73.00%', '9:84.34%']

-----------------------------------------------------

Central server round 255 started
Model sent from central server with 100msec communication time, with loss :0.49, accuracy : 84.41%
Accuracy per label : ['0:95.82%', '1:95.24%', '2:84.88%', '3:84.65%', '4:74.44%', '5:77.47%', '6:88.62%', '7:83.37%', '8:73.00%', '9:84.34%']
The model is from round 240 from central server, staleness is 14

Cluster round 1 completed, aggregated models from all the clients, time past : 3800msec, loss : 0.49, accuracy 84.69%
Accuracy per label : ['0:94.18%', '1:94.63%', '2:89.73%', '3:78.51%', '4:77.19%', '5:77.35%', '6:90.40%', '7:80.74%', '8:81.62%', '9:80.67%']

Cluster round 2 completed, aggregated models from all the clients, time past : 7500msec, loss : 0.49, accuracy 84.97%
Accuracy per label : ['0:94.49%', '1:94.63%', '2:89.92%', '3:79.11%', '4:77.19%', '5:77.58%', '6:90.71%', '7:80.84%', '8:82.03%', '9:81.37%']

Before aggregation, loss : 0.47, accuracy : 85.04%
Before aggregation, accuracy per label : ['0:95.92%', '1:95.42%', '2:85.27%', '3:84.16%', '4:76.17%', '5:79.04%', '6:88.31%', '7:83.66%', '8:74.95%', '9:85.43%']
Aggregation to central server completed at central server round 1000, loss : 0.47, accuracy: 85.12%, staleness : 14
Accuracy per label after aggregation : ['0:95.92%', '1:95.42%', '2:85.66%', '3:84.06%', '4:76.27%', '5:78.92%', '6:88.62%', '7:83.46%', '8:75.36%', '9:85.43%']

-----------------------------------------------------

Central server round 273 started
Model sent from central server with 100msec communication time, with loss :0.47, accuracy : 85.12%
Accuracy per label : ['0:95.92%', '1:95.42%', '2:85.66%', '3:84.06%', '4:76.27%', '5:78.92%', '6:88.62%', '7:83.46%', '8:75.36%', '9:85.43%']
The model is from round 255 from central server, staleness is 17

Cluster round 1 completed, aggregated models from all the clients, time past : 3800msec, loss : 0.47, accuracy 85.21%
Accuracy per label : ['0:94.29%', '1:94.71%', '2:89.44%', '3:79.70%', '4:78.21%', '5:78.03%', '6:90.71%', '7:81.03%', '8:82.55%', '9:81.67%']

Cluster round 2 completed, aggregated models from all the clients, time past : 7500msec, loss : 0.47, accuracy 85.39%
Accuracy per label : ['0:94.39%', '1:94.89%', '2:89.24%', '3:80.10%', '4:78.31%', '5:78.36%', '6:91.34%', '7:80.93%', '8:82.85%', '9:81.76%']

Before aggregation, loss : 0.45, accuracy : 85.69%
Before aggregation, accuracy per label : ['0:96.12%', '1:95.68%', '2:85.47%', '3:84.06%', '4:77.09%', '5:80.94%', '6:88.83%', '7:83.85%', '8:76.59%', '9:86.42%']
Aggregation to central server completed at central server round 1000, loss : 0.45, accuracy: 85.71%, staleness : 17
Accuracy per label after aggregation : ['0:96.12%', '1:95.59%', '2:85.95%', '3:83.96%', '4:77.19%', '5:80.83%', '6:88.83%', '7:83.75%', '8:76.69%', '9:86.32%']

-----------------------------------------------------

Central server round 291 started
Model sent from central server with 100msec communication time, with loss :0.45, accuracy : 85.71%
Accuracy per label : ['0:96.12%', '1:95.59%', '2:85.95%', '3:83.96%', '4:77.19%', '5:80.83%', '6:88.83%', '7:83.75%', '8:76.69%', '9:86.32%']
The model is from round 273 from central server, staleness is 17

Cluster round 1 completed, aggregated models from all the clients, time past : 3800msec, loss : 0.45, accuracy 85.80%
Accuracy per label : ['0:94.39%', '1:94.98%', '2:89.34%', '3:80.89%', '4:79.02%', '5:78.25%', '6:91.23%', '7:81.42%', '8:84.29%', '9:82.46%']

Cluster round 2 completed, aggregated models from all the clients, time past : 7500msec, loss : 0.45, accuracy 85.91%
Accuracy per label : ['0:95.00%', '1:95.15%', '2:88.86%', '3:81.29%', '4:79.12%', '5:78.59%', '6:91.65%', '7:81.32%', '8:83.88%', '9:82.56%']

Before aggregation, loss : 0.44, accuracy : 86.25%
Before aggregation, accuracy per label : ['0:96.22%', '1:95.77%', '2:86.05%', '3:85.54%', '4:78.00%', '5:81.73%', '6:89.46%', '7:84.14%', '8:78.03%', '9:85.83%']
Aggregation to central server completed at central server round 1000, loss : 0.44, accuracy: 86.17%, staleness : 17
Accuracy per label after aggregation : ['0:96.22%', '1:95.77%', '2:86.24%', '3:85.25%', '4:77.90%', '5:81.61%', '6:89.46%', '7:83.85%', '8:78.13%', '9:85.53%']

-----------------------------------------------------

Central server round 307 started
Model sent from central server with 100msec communication time, with loss :0.44, accuracy : 86.17%
Accuracy per label : ['0:96.22%', '1:95.77%', '2:86.24%', '3:85.25%', '4:77.90%', '5:81.61%', '6:89.46%', '7:83.85%', '8:78.13%', '9:85.53%']
The model is from round 291 from central server, staleness is 15

Cluster round 1 completed, aggregated models from all the clients, time past : 3800msec, loss : 0.44, accuracy 86.22%
Accuracy per label : ['0:95.10%', '1:95.24%', '2:89.15%', '3:82.28%', '4:80.04%', '5:78.36%', '6:91.34%', '7:81.52%', '8:84.39%', '9:83.05%']

Cluster round 2 completed, aggregated models from all the clients, time past : 7500msec, loss : 0.43, accuracy 86.32%
Accuracy per label : ['0:95.10%', '1:95.51%', '2:88.76%', '3:82.38%', '4:79.53%', '5:79.04%', '6:91.65%', '7:81.71%', '8:84.50%', '9:83.35%']

Before aggregation, loss : 0.42, accuracy : 86.58%
Before aggregation, accuracy per label : ['0:96.33%', '1:95.95%', '2:85.95%', '3:85.74%', '4:79.23%', '5:81.73%', '6:89.56%', '7:84.73%', '8:78.64%', '9:86.22%']
Aggregation to central server completed at central server round 1000, loss : 0.42, accuracy: 86.61%, staleness : 15
Accuracy per label after aggregation : ['0:96.33%', '1:95.95%', '2:86.14%', '3:85.74%', '4:79.23%', '5:81.73%', '6:89.67%', '7:84.53%', '8:78.85%', '9:86.22%']

-----------------------------------------------------

Central server round 325 started
Model sent from central server with 100msec communication time, with loss :0.42, accuracy : 86.61%
Accuracy per label : ['0:96.33%', '1:95.95%', '2:86.14%', '3:85.74%', '4:79.23%', '5:81.73%', '6:89.67%', '7:84.53%', '8:78.85%', '9:86.22%']
The model is from round 307 from central server, staleness is 17

Cluster round 1 completed, aggregated models from all the clients, time past : 3800msec, loss : 0.42, accuracy 86.62%
Accuracy per label : ['0:95.10%', '1:95.59%', '2:88.95%', '3:83.07%', '4:80.65%', '5:78.59%', '6:91.44%', '7:81.81%', '8:85.11%', '9:84.14%']

Cluster round 2 completed, aggregated models from all the clients, time past : 7500msec, loss : 0.42, accuracy 86.73%
Accuracy per label : ['0:95.41%', '1:95.68%', '2:89.05%', '3:83.17%', '4:80.45%', '5:78.92%', '6:91.86%', '7:81.91%', '8:84.70%', '9:84.44%']

Before aggregation, loss : 0.41, accuracy : 87.09%
Before aggregation, accuracy per label : ['0:96.63%', '1:96.12%', '2:85.95%', '3:85.45%', '4:79.33%', '5:82.40%', '6:90.08%', '7:84.73%', '8:80.80%', '9:87.81%']
Aggregation to central server completed at central server round 1000, loss : 0.41, accuracy: 87.12%, staleness : 17
Accuracy per label after aggregation : ['0:96.43%', '1:96.12%', '2:86.05%', '3:85.54%', '4:79.53%', '5:82.51%', '6:90.19%', '7:84.63%', '8:80.90%', '9:87.71%']

-----------------------------------------------------

Central server round 344 started
Model sent from central server with 100msec communication time, with loss :0.41, accuracy : 87.12%
Accuracy per label : ['0:96.43%', '1:96.12%', '2:86.05%', '3:85.54%', '4:79.53%', '5:82.51%', '6:90.19%', '7:84.63%', '8:80.90%', '9:87.71%']
The model is from round 325 from central server, staleness is 18

Cluster round 1 completed, aggregated models from all the clients, time past : 3800msec, loss : 0.41, accuracy 87.13%
Accuracy per label : ['0:95.41%', '1:96.04%', '2:89.15%', '3:83.66%', '4:80.96%', '5:79.15%', '6:92.17%', '7:82.20%', '8:85.83%', '9:85.03%']

Cluster round 2 completed, aggregated models from all the clients, time past : 7500msec, loss : 0.41, accuracy 87.18%
Accuracy per label : ['0:95.51%', '1:95.86%', '2:89.15%', '3:83.96%', '4:81.06%', '5:79.71%', '6:92.48%', '7:81.71%', '8:85.42%', '9:85.33%']

Before aggregation, loss : 0.40, accuracy : 87.56%
Before aggregation, accuracy per label : ['0:96.53%', '1:96.30%', '2:86.53%', '3:85.35%', '4:81.36%', '5:82.85%', '6:90.71%', '7:84.82%', '8:81.83%', '9:87.81%']
Aggregation to central server completed at central server round 1000, loss : 0.40, accuracy: 87.56%, staleness : 18
Accuracy per label after aggregation : ['0:96.53%', '1:96.30%', '2:86.63%', '3:85.35%', '4:81.36%', '5:82.62%', '6:90.71%', '7:84.63%', '8:82.24%', '9:87.71%']

-----------------------------------------------------

Central server round 360 started
Model sent from central server with 100msec communication time, with loss :0.40, accuracy : 87.56%
Accuracy per label : ['0:96.53%', '1:96.30%', '2:86.63%', '3:85.35%', '4:81.36%', '5:82.62%', '6:90.71%', '7:84.63%', '8:82.24%', '9:87.71%']
The model is from round 344 from central server, staleness is 15

Cluster round 1 completed, aggregated models from all the clients, time past : 3800msec, loss : 0.40, accuracy 87.67%
Accuracy per label : ['0:95.61%', '1:96.30%', '2:89.24%', '3:84.16%', '4:82.38%', '5:80.27%', '6:92.59%', '7:82.30%', '8:86.55%', '9:85.73%']

Cluster round 2 completed, aggregated models from all the clients, time past : 7500msec, loss : 0.40, accuracy 87.66%
Accuracy per label : ['0:95.51%', '1:96.04%', '2:88.95%', '3:84.85%', '4:82.18%', '5:80.49%', '6:92.90%', '7:82.00%', '8:86.24%', '9:85.93%']

Before aggregation, loss : 0.39, accuracy : 87.81%
Before aggregation, accuracy per label : ['0:96.53%', '1:96.30%', '2:86.72%', '3:85.54%', '4:82.08%', '5:82.74%', '6:90.81%', '7:84.82%', '8:82.96%', '9:88.11%']
Aggregation to central server completed at central server round 1000, loss : 0.39, accuracy: 87.82%, staleness : 15
Accuracy per label after aggregation : ['0:96.53%', '1:96.30%', '2:87.02%', '3:85.54%', '4:81.98%', '5:82.51%', '6:91.02%', '7:84.53%', '8:83.16%', '9:88.11%']

-----------------------------------------------------

Central server round 377 started
Model sent from central server with 100msec communication time, with loss :0.39, accuracy : 87.82%
Accuracy per label : ['0:96.53%', '1:96.30%', '2:87.02%', '3:85.54%', '4:81.98%', '5:82.51%', '6:91.02%', '7:84.53%', '8:83.16%', '9:88.11%']
The model is from round 360 from central server, staleness is 16

Cluster round 1 completed, aggregated models from all the clients, time past : 3800msec, loss : 0.39, accuracy 87.96%
Accuracy per label : ['0:95.71%', '1:96.48%', '2:89.05%', '3:85.05%', '4:82.99%', '5:80.61%', '6:93.11%', '7:82.10%', '8:87.06%', '9:85.93%']

Cluster round 2 completed, aggregated models from all the clients, time past : 7500msec, loss : 0.39, accuracy 87.86%
Accuracy per label : ['0:95.71%', '1:96.39%', '2:88.95%', '3:84.95%', '4:82.59%', '5:80.94%', '6:93.22%', '7:82.20%', '8:86.45%', '9:85.73%']

Before aggregation, loss : 0.38, accuracy : 88.14%
Before aggregation, accuracy per label : ['0:96.94%', '1:96.48%', '2:87.11%', '3:85.54%', '4:82.69%', '5:83.18%', '6:91.02%', '7:84.92%', '8:83.88%', '9:88.21%']
Aggregation to central server completed at central server round 1000, loss : 0.38, accuracy: 88.08%, staleness : 16
Accuracy per label after aggregation : ['0:96.73%', '1:96.48%', '2:87.11%', '3:85.45%', '4:82.59%', '5:82.96%', '6:91.13%', '7:84.63%', '8:84.09%', '9:88.21%']

-----------------------------------------------------

Central server round 396 started
Model sent from central server with 100msec communication time, with loss :0.38, accuracy : 88.08%
Accuracy per label : ['0:96.73%', '1:96.48%', '2:87.11%', '3:85.45%', '4:82.59%', '5:82.96%', '6:91.13%', '7:84.63%', '8:84.09%', '9:88.21%']
The model is from round 377 from central server, staleness is 18

Cluster round 1 completed, aggregated models from all the clients, time past : 3800msec, loss : 0.38, accuracy 88.12%
Accuracy per label : ['0:95.71%', '1:96.83%', '2:88.95%', '3:85.25%', '4:83.30%', '5:80.49%', '6:93.22%', '7:82.30%', '8:87.58%', '9:86.03%']

Cluster round 2 completed, aggregated models from all the clients, time past : 7500msec, loss : 0.38, accuracy 88.14%
Accuracy per label : ['0:95.92%', '1:96.65%', '2:89.05%', '3:85.05%', '4:83.20%', '5:81.17%', '6:93.63%', '7:82.39%', '8:86.96%', '9:85.93%']

Before aggregation, loss : 0.37, accuracy : 88.39%
Before aggregation, accuracy per label : ['0:97.24%', '1:96.56%', '2:87.21%', '3:85.54%', '4:83.20%', '5:84.08%', '6:91.13%', '7:85.41%', '8:83.98%', '9:88.21%']
Aggregation to central server completed at central server round 1000, loss : 0.37, accuracy: 88.36%, staleness : 18
Accuracy per label after aggregation : ['0:97.04%', '1:96.56%', '2:87.31%', '3:85.54%', '4:83.10%', '5:83.97%', '6:91.34%', '7:85.21%', '8:83.98%', '9:88.21%']

-----------------------------------------------------

Central server round 412 started
Model sent from central server with 100msec communication time, with loss :0.37, accuracy : 88.36%
Accuracy per label : ['0:97.04%', '1:96.56%', '2:87.31%', '3:85.54%', '4:83.10%', '5:83.97%', '6:91.34%', '7:85.21%', '8:83.98%', '9:88.21%']
The model is from round 396 from central server, staleness is 15

Cluster round 1 completed, aggregated models from all the clients, time past : 3800msec, loss : 0.37, accuracy 88.38%
Accuracy per label : ['0:96.02%', '1:96.92%', '2:88.57%', '3:86.04%', '4:83.91%', '5:81.05%', '6:93.53%', '7:82.39%', '8:87.37%', '9:86.52%']

Cluster round 2 completed, aggregated models from all the clients, time past : 7500msec, loss : 0.37, accuracy 88.41%
Accuracy per label : ['0:96.12%', '1:97.09%', '2:88.57%', '3:86.14%', '4:84.22%', '5:81.28%', '6:93.53%', '7:82.49%', '8:87.17%', '9:86.03%']

Before aggregation, loss : 0.36, accuracy : 88.54%
Before aggregation, accuracy per label : ['0:96.84%', '1:96.65%', '2:87.21%', '3:85.25%', '4:83.40%', '5:83.97%', '6:91.34%', '7:85.12%', '8:85.52%', '9:88.80%']
Aggregation to central server completed at central server round 1000, loss : 0.36, accuracy: 88.59%, staleness : 15
Accuracy per label after aggregation : ['0:96.84%', '1:96.74%', '2:87.21%', '3:85.25%', '4:83.60%', '5:83.86%', '6:91.54%', '7:85.02%', '8:85.63%', '9:88.90%']

-----------------------------------------------------

Central server round 428 started
Model sent from central server with 100msec communication time, with loss :0.36, accuracy : 88.59%
Accuracy per label : ['0:96.84%', '1:96.74%', '2:87.21%', '3:85.25%', '4:83.60%', '5:83.86%', '6:91.54%', '7:85.02%', '8:85.63%', '9:88.90%']
The model is from round 412 from central server, staleness is 15

Cluster round 1 completed, aggregated models from all the clients, time past : 3800msec, loss : 0.37, accuracy 88.58%
Accuracy per label : ['0:96.02%', '1:97.00%', '2:88.76%', '3:86.34%', '4:84.42%', '5:81.39%', '6:93.53%', '7:82.00%', '8:88.19%', '9:86.72%']

Cluster round 2 completed, aggregated models from all the clients, time past : 7500msec, loss : 0.36, accuracy 88.68%
Accuracy per label : ['0:96.33%', '1:97.53%', '2:88.57%', '3:86.53%', '4:84.52%', '5:81.84%', '6:93.53%', '7:82.30%', '8:87.99%', '9:86.22%']

Before aggregation, loss : 0.36, accuracy : 88.86%
Before aggregation, accuracy per label : ['0:97.04%', '1:96.92%', '2:87.31%', '3:85.45%', '4:83.81%', '5:83.86%', '6:91.34%', '7:85.80%', '8:86.14%', '9:89.59%']
Aggregation to central server completed at central server round 1000, loss : 0.36, accuracy: 88.85%, staleness : 15
Accuracy per label after aggregation : ['0:97.04%', '1:96.92%', '2:87.31%', '3:85.45%', '4:83.81%', '5:83.86%', '6:91.54%', '7:85.60%', '8:86.34%', '9:89.30%']

-----------------------------------------------------

Central server round 445 started
Model sent from central server with 100msec communication time, with loss :0.36, accuracy : 88.85%
Accuracy per label : ['0:97.04%', '1:96.92%', '2:87.31%', '3:85.45%', '4:83.81%', '5:83.86%', '6:91.54%', '7:85.60%', '8:86.34%', '9:89.30%']
The model is from round 428 from central server, staleness is 16

Cluster round 1 completed, aggregated models from all the clients, time past : 3800msec, loss : 0.36, accuracy 88.81%
Accuracy per label : ['0:96.43%', '1:97.27%', '2:88.47%', '3:86.44%', '4:84.73%', '5:81.95%', '6:93.63%', '7:82.20%', '8:88.71%', '9:86.92%']

Cluster round 2 completed, aggregated models from all the clients, time past : 7500msec, loss : 0.36, accuracy 88.87%
Accuracy per label : ['0:96.43%', '1:97.62%', '2:88.76%', '3:86.93%', '4:84.73%', '5:82.06%', '6:93.74%', '7:82.39%', '8:88.40%', '9:86.22%']

Before aggregation, loss : 0.35, accuracy : 89.08%
Before aggregation, accuracy per label : ['0:97.14%', '1:97.00%', '2:87.60%', '3:85.45%', '4:84.42%', '5:83.74%', '6:91.54%', '7:86.09%', '8:86.55%', '9:89.89%']
Aggregation to central server completed at central server round 1000, loss : 0.35, accuracy: 89.16%, staleness : 16
Accuracy per label after aggregation : ['0:97.04%', '1:97.18%', '2:87.60%', '3:85.74%', '4:84.42%', '5:83.97%', '6:91.75%', '7:86.09%', '8:86.55%', '9:89.89%']

-----------------------------------------------------

Central server round 464 started
Model sent from central server with 100msec communication time, with loss :0.35, accuracy : 89.16%
Accuracy per label : ['0:97.04%', '1:97.18%', '2:87.60%', '3:85.74%', '4:84.42%', '5:83.97%', '6:91.75%', '7:86.09%', '8:86.55%', '9:89.89%']
The model is from round 445 from central server, staleness is 18

Cluster round 1 completed, aggregated models from all the clients, time past : 3800msec, loss : 0.35, accuracy 88.99%
Accuracy per label : ['0:96.63%', '1:97.44%', '2:88.66%', '3:86.63%', '4:85.34%', '5:81.95%', '6:93.53%', '7:82.68%', '8:88.71%', '9:86.92%']

Cluster round 2 completed, aggregated models from all the clients, time past : 7500msec, loss : 0.35, accuracy 89.07%
Accuracy per label : ['0:96.63%', '1:97.62%', '2:89.05%', '3:87.23%', '4:85.34%', '5:82.29%', '6:93.63%', '7:82.49%', '8:88.71%', '9:86.32%']

Before aggregation, loss : 0.34, accuracy : 89.38%
Before aggregation, accuracy per label : ['0:97.55%', '1:97.00%', '2:87.40%', '3:86.44%', '4:85.13%', '5:83.63%', '6:91.75%', '7:86.28%', '8:87.06%', '9:90.19%']
Aggregation to central server completed at central server round 1000, loss : 0.34, accuracy: 89.39%, staleness : 18
Accuracy per label after aggregation : ['0:97.55%', '1:96.92%', '2:87.50%', '3:86.44%', '4:85.23%', '5:83.74%', '6:91.96%', '7:86.19%', '8:86.96%', '9:90.09%']

-----------------------------------------------------

Central server round 483 started
Model sent from central server with 100msec communication time, with loss :0.34, accuracy : 89.39%
Accuracy per label : ['0:97.55%', '1:96.92%', '2:87.50%', '3:86.44%', '4:85.23%', '5:83.74%', '6:91.96%', '7:86.19%', '8:86.96%', '9:90.09%']
The model is from round 464 from central server, staleness is 18

Cluster round 1 completed, aggregated models from all the clients, time past : 3800msec, loss : 0.35, accuracy 89.19%
Accuracy per label : ['0:96.73%', '1:97.44%', '2:88.66%', '3:87.43%', '4:85.85%', '5:81.84%', '6:93.63%', '7:82.59%', '8:89.22%', '9:87.12%']

Cluster round 2 completed, aggregated models from all the clients, time past : 7500msec, loss : 0.35, accuracy 89.30%
Accuracy per label : ['0:97.04%', '1:97.71%', '2:88.95%', '3:87.62%', '4:85.54%', '5:82.51%', '6:93.95%', '7:82.68%', '8:88.91%', '9:86.72%']

Before aggregation, loss : 0.33, accuracy : 89.62%
Before aggregation, accuracy per label : ['0:97.65%', '1:97.27%', '2:87.60%', '3:86.93%', '4:85.74%', '5:84.19%', '6:92.28%', '7:86.67%', '8:86.34%', '9:90.19%']
Aggregation to central server completed at central server round 1000, loss : 0.33, accuracy: 89.62%, staleness : 18
Accuracy per label after aggregation : ['0:97.65%', '1:97.18%', '2:87.60%', '3:87.03%', '4:85.85%', '5:84.19%', '6:92.38%', '7:86.58%', '8:86.45%', '9:89.99%']

-----------------------------------------------------

Central server round 497 started
Model sent from central server with 100msec communication time, with loss :0.33, accuracy : 89.62%
Accuracy per label : ['0:97.65%', '1:97.18%', '2:87.60%', '3:87.03%', '4:85.85%', '5:84.19%', '6:92.38%', '7:86.58%', '8:86.45%', '9:89.99%']
The model is from round 483 from central server, staleness is 13

Cluster round 1 completed, aggregated models from all the clients, time past : 3800msec, loss : 0.34, accuracy 89.46%
Accuracy per label : ['0:97.04%', '1:97.71%', '2:88.95%', '3:87.72%', '4:85.95%', '5:82.40%', '6:93.74%', '7:82.88%', '8:89.53%', '9:87.31%']

Cluster round 2 completed, aggregated models from all the clients, time past : 7500msec, loss : 0.34, accuracy 89.42%
Accuracy per label : ['0:97.14%', '1:97.80%', '2:89.05%', '3:87.92%', '4:85.74%', '5:82.40%', '6:93.95%', '7:82.78%', '8:89.01%', '9:87.02%']

Before aggregation, loss : 0.33, accuracy : 89.72%
Before aggregation, accuracy per label : ['0:97.65%', '1:97.27%', '2:87.89%', '3:86.93%', '4:85.95%', '5:84.19%', '6:92.38%', '7:86.96%', '8:86.55%', '9:90.09%']
Aggregation to central server completed at central server round 1000, loss : 0.33, accuracy: 89.78%, staleness : 13
Accuracy per label after aggregation : ['0:97.65%', '1:97.27%', '2:87.98%', '3:87.13%', '4:86.15%', '5:84.42%', '6:92.59%', '7:86.67%', '8:86.76%', '9:89.89%']

-----------------------------------------------------

Central server round 515 started
Model sent from central server with 100msec communication time, with loss :0.33, accuracy : 89.78%
Accuracy per label : ['0:97.65%', '1:97.27%', '2:87.98%', '3:87.13%', '4:86.15%', '5:84.42%', '6:92.59%', '7:86.67%', '8:86.76%', '9:89.89%']
The model is from round 497 from central server, staleness is 17

Cluster round 1 completed, aggregated models from all the clients, time past : 3800msec, loss : 0.34, accuracy 89.65%
Accuracy per label : ['0:97.14%', '1:97.71%', '2:88.95%', '3:88.22%', '4:86.15%', '5:82.96%', '6:93.84%', '7:82.88%', '8:89.53%', '9:87.81%']

Cluster round 2 completed, aggregated models from all the clients, time past : 7500msec, loss : 0.34, accuracy 89.62%
Accuracy per label : ['0:97.14%', '1:97.89%', '2:89.05%', '3:88.12%', '4:86.25%', '5:83.07%', '6:94.05%', '7:82.98%', '8:89.12%', '9:87.22%']

Before aggregation, loss : 0.33, accuracy : 89.93%
Before aggregation, accuracy per label : ['0:97.65%', '1:97.27%', '2:87.98%', '3:86.83%', '4:85.95%', '5:84.64%', '6:92.48%', '7:86.87%', '8:87.47%', '9:90.88%']
Aggregation to central server completed at central server round 1000, loss : 0.33, accuracy: 89.92%, staleness : 17
Accuracy per label after aggregation : ['0:97.65%', '1:97.27%', '2:88.08%', '3:86.93%', '4:85.85%', '5:84.64%', '6:92.69%', '7:86.67%', '8:87.47%', '9:90.68%']

-----------------------------------------------------

Central server round 534 started
Model sent from central server with 100msec communication time, with loss :0.33, accuracy : 89.92%
Accuracy per label : ['0:97.65%', '1:97.27%', '2:88.08%', '3:86.93%', '4:85.85%', '5:84.64%', '6:92.69%', '7:86.67%', '8:87.47%', '9:90.68%']
The model is from round 515 from central server, staleness is 18

Cluster round 1 completed, aggregated models from all the clients, time past : 3800msec, loss : 0.33, accuracy 89.80%
Accuracy per label : ['0:97.04%', '1:97.80%', '2:89.05%', '3:88.32%', '4:86.46%', '5:82.96%', '6:93.95%', '7:83.07%', '8:89.63%', '9:88.40%']

Cluster round 2 completed, aggregated models from all the clients, time past : 7500msec, loss : 0.33, accuracy 89.71%
Accuracy per label : ['0:97.24%', '1:97.89%', '2:89.05%', '3:88.32%', '4:86.35%', '5:83.30%', '6:93.95%', '7:83.17%', '8:89.12%', '9:87.41%']

Before aggregation, loss : 0.32, accuracy : 90.10%
Before aggregation, accuracy per label : ['0:97.65%', '1:97.36%', '2:88.37%', '3:87.13%', '4:86.25%', '5:84.98%', '6:92.80%', '7:86.96%', '8:87.37%', '9:90.88%']
Aggregation to central server completed at central server round 1000, loss : 0.32, accuracy: 90.14%, staleness : 18
Accuracy per label after aggregation : ['0:97.65%', '1:97.36%', '2:88.37%', '3:87.33%', '4:86.46%', '5:85.09%', '6:93.01%', '7:86.77%', '8:87.37%', '9:90.78%']

-----------------------------------------------------

Central server round 550 started
Model sent from central server with 100msec communication time, with loss :0.32, accuracy : 90.14%
Accuracy per label : ['0:97.65%', '1:97.36%', '2:88.37%', '3:87.33%', '4:86.46%', '5:85.09%', '6:93.01%', '7:86.77%', '8:87.37%', '9:90.78%']
The model is from round 534 from central server, staleness is 15

Cluster round 1 completed, aggregated models from all the clients, time past : 3800msec, loss : 0.33, accuracy 90.02%
Accuracy per label : ['0:97.14%', '1:97.80%', '2:89.15%', '3:88.51%', '4:86.66%', '5:83.41%', '6:94.15%', '7:83.17%', '8:90.04%', '9:88.90%']

Cluster round 2 completed, aggregated models from all the clients, time past : 7500msec, loss : 0.33, accuracy 89.93%
Accuracy per label : ['0:97.24%', '1:97.97%', '2:89.05%', '3:89.11%', '4:86.76%', '5:83.52%', '6:94.05%', '7:83.37%', '8:89.43%', '9:87.51%']

Before aggregation, loss : 0.32, accuracy : 90.17%
Before aggregation, accuracy per label : ['0:97.65%', '1:97.27%', '2:88.18%', '3:86.73%', '4:86.25%', '5:84.98%', '6:92.80%', '7:86.87%', '8:88.30%', '9:91.48%']
Aggregation to central server completed at central server round 1000, loss : 0.32, accuracy: 90.20%, staleness : 15
Accuracy per label after aggregation : ['0:97.55%', '1:97.36%', '2:88.37%', '3:86.83%', '4:86.35%', '5:84.98%', '6:93.01%', '7:86.67%', '8:88.30%', '9:91.38%']

-----------------------------------------------------

Central server round 568 started
Model sent from central server with 100msec communication time, with loss :0.32, accuracy : 90.20%
Accuracy per label : ['0:97.55%', '1:97.36%', '2:88.37%', '3:86.83%', '4:86.35%', '5:84.98%', '6:93.01%', '7:86.67%', '8:88.30%', '9:91.38%']
The model is from round 550 from central server, staleness is 17

Cluster round 1 completed, aggregated models from all the clients, time past : 3800msec, loss : 0.32, accuracy 90.10%
Accuracy per label : ['0:97.24%', '1:97.71%', '2:89.05%', '3:88.71%', '4:86.76%', '5:83.63%', '6:94.15%', '7:83.27%', '8:90.25%', '9:89.00%']

Cluster round 2 completed, aggregated models from all the clients, time past : 7500msec, loss : 0.32, accuracy 90.09%
Accuracy per label : ['0:97.24%', '1:98.06%', '2:89.05%', '3:89.21%', '4:87.07%', '5:83.86%', '6:94.05%', '7:83.46%', '8:89.84%', '9:87.81%']

Before aggregation, loss : 0.31, accuracy : 90.40%
Before aggregation, accuracy per label : ['0:97.65%', '1:97.44%', '2:88.28%', '3:87.62%', '4:86.76%', '5:85.20%', '6:93.01%', '7:87.45%', '8:88.19%', '9:91.18%']
Aggregation to central server completed at central server round 1000, loss : 0.31, accuracy: 90.41%, staleness : 17
Accuracy per label after aggregation : ['0:97.76%', '1:97.44%', '2:88.28%', '3:87.72%', '4:86.76%', '5:85.20%', '6:93.01%', '7:87.45%', '8:88.09%', '9:91.18%']

-----------------------------------------------------

Central server round 586 started
Model sent from central server with 100msec communication time, with loss :0.31, accuracy : 90.41%
Accuracy per label : ['0:97.76%', '1:97.44%', '2:88.28%', '3:87.72%', '4:86.76%', '5:85.20%', '6:93.01%', '7:87.45%', '8:88.09%', '9:91.18%']
The model is from round 568 from central server, staleness is 17

Cluster round 1 completed, aggregated models from all the clients, time past : 3800msec, loss : 0.32, accuracy 90.19%
Accuracy per label : ['0:97.24%', '1:97.80%', '2:88.86%', '3:89.11%', '4:87.07%', '5:84.08%', '6:94.15%', '7:83.37%', '8:90.14%', '9:88.90%']

Cluster round 2 completed, aggregated models from all the clients, time past : 7500msec, loss : 0.32, accuracy 90.18%
Accuracy per label : ['0:97.24%', '1:98.06%', '2:88.95%', '3:89.41%', '4:87.47%', '5:84.19%', '6:94.15%', '7:83.56%', '8:89.84%', '9:87.71%']

Before aggregation, loss : 0.31, accuracy : 90.50%
Before aggregation, accuracy per label : ['0:97.65%', '1:97.44%', '2:88.76%', '3:87.03%', '4:86.86%', '5:85.76%', '6:92.90%', '7:87.45%', '8:88.40%', '9:91.58%']
Aggregation to central server completed at central server round 1000, loss : 0.31, accuracy: 90.50%, staleness : 17
Accuracy per label after aggregation : ['0:97.76%', '1:97.44%', '2:88.57%', '3:87.23%', '4:86.86%', '5:85.65%', '6:93.01%', '7:87.26%', '8:88.50%', '9:91.58%']

-----------------------------------------------------

Central server round 602 started
Model sent from central server with 100msec communication time, with loss :0.31, accuracy : 90.50%
Accuracy per label : ['0:97.76%', '1:97.44%', '2:88.57%', '3:87.23%', '4:86.86%', '5:85.65%', '6:93.01%', '7:87.26%', '8:88.50%', '9:91.58%']
The model is from round 586 from central server, staleness is 15

Cluster round 1 completed, aggregated models from all the clients, time past : 3800msec, loss : 0.31, accuracy 90.34%
Accuracy per label : ['0:97.24%', '1:97.89%', '2:88.95%', '3:89.11%', '4:87.37%', '5:84.42%', '6:94.15%', '7:83.56%', '8:90.35%', '9:89.20%']

Cluster round 2 completed, aggregated models from all the clients, time past : 7500msec, loss : 0.31, accuracy 90.30%
Accuracy per label : ['0:97.24%', '1:98.06%', '2:88.95%', '3:89.60%', '4:87.58%', '5:84.30%', '6:94.26%', '7:83.95%', '8:90.04%', '9:87.81%']

Before aggregation, loss : 0.30, accuracy : 90.53%
Before aggregation, accuracy per label : ['0:97.65%', '1:97.44%', '2:88.76%', '3:87.03%', '4:86.97%', '5:85.65%', '6:93.01%', '7:87.45%', '8:88.40%', '9:91.77%']
Aggregation to central server completed at central server round 1000, loss : 0.30, accuracy: 90.58%, staleness : 15
Accuracy per label after aggregation : ['0:97.65%', '1:97.44%', '2:88.76%', '3:87.33%', '4:86.97%', '5:85.65%', '6:93.01%', '7:87.35%', '8:88.71%', '9:91.77%']

-----------------------------------------------------

Central server round 620 started
Model sent from central server with 100msec communication time, with loss :0.30, accuracy : 90.58%
Accuracy per label : ['0:97.65%', '1:97.44%', '2:88.76%', '3:87.33%', '4:86.97%', '5:85.65%', '6:93.01%', '7:87.35%', '8:88.71%', '9:91.77%']
The model is from round 602 from central server, staleness is 17

Cluster round 1 completed, aggregated models from all the clients, time past : 3800msec, loss : 0.31, accuracy 90.47%
Accuracy per label : ['0:97.24%', '1:97.97%', '2:88.76%', '3:89.41%', '4:87.88%', '5:84.53%', '6:94.26%', '7:83.95%', '8:90.45%', '9:89.10%']

Cluster round 2 completed, aggregated models from all the clients, time past : 7500msec, loss : 0.31, accuracy 90.38%
Accuracy per label : ['0:97.24%', '1:98.06%', '2:89.15%', '3:89.50%', '4:87.88%', '5:84.42%', '6:94.36%', '7:83.75%', '8:90.14%', '9:88.11%']

Before aggregation, loss : 0.30, accuracy : 90.67%
Before aggregation, accuracy per label : ['0:97.65%', '1:97.44%', '2:88.66%', '3:87.52%', '4:87.17%', '5:85.43%', '6:93.11%', '7:87.74%', '8:88.60%', '9:92.17%']
Aggregation to central server completed at central server round 1000, loss : 0.30, accuracy: 90.67%, staleness : 17
Accuracy per label after aggregation : ['0:97.65%', '1:97.44%', '2:88.76%', '3:87.62%', '4:87.27%', '5:85.43%', '6:93.11%', '7:87.74%', '8:88.60%', '9:91.87%']

-----------------------------------------------------

Central server round 638 started
Model sent from central server with 100msec communication time, with loss :0.30, accuracy : 90.67%
Accuracy per label : ['0:97.65%', '1:97.44%', '2:88.76%', '3:87.62%', '4:87.27%', '5:85.43%', '6:93.11%', '7:87.74%', '8:88.60%', '9:91.87%']
The model is from round 620 from central server, staleness is 17

Cluster round 1 completed, aggregated models from all the clients, time past : 3800msec, loss : 0.31, accuracy 90.61%
Accuracy per label : ['0:97.45%', '1:97.97%', '2:88.95%', '3:89.41%', '4:88.09%', '5:84.53%', '6:94.36%', '7:84.14%', '8:90.45%', '9:89.59%']

Cluster round 2 completed, aggregated models from all the clients, time past : 7500msec, loss : 0.31, accuracy 90.50%
Accuracy per label : ['0:97.35%', '1:98.06%', '2:89.15%', '3:89.50%', '4:88.19%', '5:84.53%', '6:94.36%', '7:83.95%', '8:90.35%', '9:88.40%']

Before aggregation, loss : 0.29, accuracy : 90.87%
Before aggregation, accuracy per label : ['0:97.76%', '1:97.62%', '2:88.86%', '3:88.22%', '4:87.37%', '5:85.99%', '6:93.11%', '7:88.13%', '8:88.50%', '9:91.97%']
Aggregation to central server completed at central server round 1000, loss : 0.29, accuracy: 90.87%, staleness : 17
Accuracy per label after aggregation : ['0:97.65%', '1:97.62%', '2:88.86%', '3:88.42%', '4:87.37%', '5:85.99%', '6:93.11%', '7:87.94%', '8:88.60%', '9:91.97%']

-----------------------------------------------------

Central server round 655 started
Model sent from central server with 100msec communication time, with loss :0.29, accuracy : 90.87%
Accuracy per label : ['0:97.65%', '1:97.62%', '2:88.86%', '3:88.42%', '4:87.37%', '5:85.99%', '6:93.11%', '7:87.94%', '8:88.60%', '9:91.97%']
The model is from round 638 from central server, staleness is 16

Cluster round 1 completed, aggregated models from all the clients, time past : 3800msec, loss : 0.30, accuracy 90.65%
Accuracy per label : ['0:97.55%', '1:97.97%', '2:88.95%', '3:89.41%', '4:88.29%', '5:84.64%', '6:94.36%', '7:84.05%', '8:90.55%', '9:89.59%']

Cluster round 2 completed, aggregated models from all the clients, time past : 7500msec, loss : 0.30, accuracy 90.56%
Accuracy per label : ['0:97.35%', '1:98.06%', '2:89.05%', '3:89.60%', '4:88.29%', '5:84.87%', '6:94.47%', '7:83.95%', '8:90.45%', '9:88.40%']

Before aggregation, loss : 0.29, accuracy : 90.90%
Before aggregation, accuracy per label : ['0:97.65%', '1:97.53%', '2:88.86%', '3:87.62%', '4:87.58%', '5:85.99%', '6:93.01%', '7:87.94%', '8:88.81%', '9:92.86%']
Aggregation to central server completed at central server round 1000, loss : 0.29, accuracy: 90.88%, staleness : 16
Accuracy per label after aggregation : ['0:97.65%', '1:97.53%', '2:88.86%', '3:87.82%', '4:87.58%', '5:85.87%', '6:93.11%', '7:87.74%', '8:88.81%', '9:92.67%']

-----------------------------------------------------

Central server round 671 started
Model sent from central server with 100msec communication time, with loss :0.29, accuracy : 90.88%
Accuracy per label : ['0:97.65%', '1:97.53%', '2:88.86%', '3:87.82%', '4:87.58%', '5:85.87%', '6:93.11%', '7:87.74%', '8:88.81%', '9:92.67%']
The model is from round 655 from central server, staleness is 15

Cluster round 1 completed, aggregated models from all the clients, time past : 3800msec, loss : 0.30, accuracy 90.74%
Accuracy per label : ['0:97.65%', '1:97.97%', '2:88.47%', '3:89.50%', '4:88.39%', '5:84.53%', '6:94.36%', '7:84.24%', '8:91.07%', '9:90.09%']

Cluster round 2 completed, aggregated models from all the clients, time past : 7500msec, loss : 0.30, accuracy 90.61%
Accuracy per label : ['0:97.45%', '1:98.06%', '2:89.05%', '3:89.70%', '4:88.49%', '5:84.42%', '6:94.68%', '7:83.95%', '8:90.55%', '9:88.60%']

Before aggregation, loss : 0.29, accuracy : 91.09%
Before aggregation, accuracy per label : ['0:97.65%', '1:97.44%', '2:89.05%', '3:88.12%', '4:87.58%', '5:86.43%', '6:93.11%', '7:88.42%', '8:89.32%', '9:92.67%']
Aggregation to central server completed at central server round 1000, loss : 0.29, accuracy: 91.06%, staleness : 15
Accuracy per label after aggregation : ['0:97.65%', '1:97.44%', '2:89.05%', '3:88.22%', '4:87.68%', '5:86.32%', '6:93.11%', '7:88.13%', '8:89.22%', '9:92.67%']

-----------------------------------------------------

Central server round 690 started
Model sent from central server with 100msec communication time, with loss :0.29, accuracy : 91.06%
Accuracy per label : ['0:97.65%', '1:97.44%', '2:89.05%', '3:88.22%', '4:87.68%', '5:86.32%', '6:93.11%', '7:88.13%', '8:89.22%', '9:92.67%']
The model is from round 671 from central server, staleness is 18

Cluster round 1 completed, aggregated models from all the clients, time past : 3800msec, loss : 0.30, accuracy 90.83%
Accuracy per label : ['0:97.65%', '1:97.97%', '2:88.66%', '3:89.60%', '4:88.49%', '5:84.75%', '6:94.36%', '7:84.82%', '8:91.07%', '9:89.79%']

Cluster round 2 completed, aggregated models from all the clients, time past : 7500msec, loss : 0.30, accuracy 90.76%
Accuracy per label : ['0:97.45%', '1:98.06%', '2:88.95%', '3:89.80%', '4:88.70%', '5:84.98%', '6:94.68%', '7:84.24%', '8:90.66%', '9:89.00%']

Before aggregation, loss : 0.28, accuracy : 91.17%
Before aggregation, accuracy per label : ['0:97.76%', '1:97.53%', '2:89.15%', '3:88.02%', '4:88.29%', '5:86.88%', '6:93.11%', '7:88.23%', '8:89.01%', '9:92.67%']
Aggregation to central server completed at central server round 1000, loss : 0.28, accuracy: 91.16%, staleness : 18
Accuracy per label after aggregation : ['0:97.65%', '1:97.53%', '2:89.15%', '3:88.22%', '4:88.29%', '5:86.88%', '6:93.22%', '7:88.04%', '8:89.01%', '9:92.57%']

-----------------------------------------------------

Central server round 706 started
Model sent from central server with 100msec communication time, with loss :0.28, accuracy : 91.16%
Accuracy per label : ['0:97.65%', '1:97.53%', '2:89.15%', '3:88.22%', '4:88.29%', '5:86.88%', '6:93.22%', '7:88.04%', '8:89.01%', '9:92.57%']
The model is from round 690 from central server, staleness is 15

Cluster round 1 completed, aggregated models from all the clients, time past : 3800msec, loss : 0.29, accuracy 90.90%
Accuracy per label : ['0:97.65%', '1:97.97%', '2:88.86%', '3:89.60%', '4:88.49%', '5:84.75%', '6:94.36%', '7:84.92%', '8:91.07%', '9:90.19%']

Cluster round 2 completed, aggregated models from all the clients, time past : 7500msec, loss : 0.29, accuracy 90.86%
Accuracy per label : ['0:97.45%', '1:98.06%', '2:89.15%', '3:89.90%', '4:88.70%', '5:84.98%', '6:94.68%', '7:84.44%', '8:90.76%', '9:89.40%']

Before aggregation, loss : 0.28, accuracy : 91.36%
Before aggregation, accuracy per label : ['0:97.86%', '1:97.71%', '2:89.24%', '3:88.51%', '4:88.19%', '5:87.44%', '6:93.22%', '7:88.81%', '8:89.01%', '9:92.57%']
Aggregation to central server completed at central server round 1000, loss : 0.28, accuracy: 91.31%, staleness : 15
Accuracy per label after aggregation : ['0:97.76%', '1:97.71%', '2:89.24%', '3:88.51%', '4:88.19%', '5:87.22%', '6:93.42%', '7:88.81%', '8:88.91%', '9:92.27%']

-----------------------------------------------------

Central server round 725 started
Model sent from central server with 100msec communication time, with loss :0.28, accuracy : 91.31%
Accuracy per label : ['0:97.76%', '1:97.71%', '2:89.24%', '3:88.51%', '4:88.19%', '5:87.22%', '6:93.42%', '7:88.81%', '8:88.91%', '9:92.27%']
The model is from round 706 from central server, staleness is 18

Cluster round 1 completed, aggregated models from all the clients, time past : 3800msec, loss : 0.29, accuracy 90.91%
Accuracy per label : ['0:97.76%', '1:97.97%', '2:88.86%', '3:89.60%', '4:88.59%', '5:84.98%', '6:94.26%', '7:84.82%', '8:91.17%', '9:89.99%']

Cluster round 2 completed, aggregated models from all the clients, time past : 7500msec, loss : 0.29, accuracy 90.92%
Accuracy per label : ['0:97.45%', '1:98.06%', '2:89.15%', '3:90.00%', '4:88.80%', '5:85.20%', '6:94.68%', '7:84.53%', '8:90.97%', '9:89.30%']

Before aggregation, loss : 0.27, accuracy : 91.54%
Before aggregation, accuracy per label : ['0:97.86%', '1:97.80%', '2:89.53%', '3:88.32%', '4:88.59%', '5:88.23%', '6:93.53%', '7:88.81%', '8:88.91%', '9:92.86%']
Aggregation to central server completed at central server round 1000, loss : 0.27, accuracy: 91.50%, staleness : 18
Accuracy per label after aggregation : ['0:97.86%', '1:97.80%', '2:89.53%', '3:88.42%', '4:88.59%', '5:88.00%', '6:93.53%', '7:88.72%', '8:88.91%', '9:92.67%']

-----------------------------------------------------

Central server round 741 started
Model sent from central server with 100msec communication time, with loss :0.27, accuracy : 91.50%
Accuracy per label : ['0:97.86%', '1:97.80%', '2:89.53%', '3:88.42%', '4:88.59%', '5:88.00%', '6:93.53%', '7:88.72%', '8:88.91%', '9:92.67%']
The model is from round 725 from central server, staleness is 15

Cluster round 1 completed, aggregated models from all the clients, time past : 3800msec, loss : 0.29, accuracy 91.00%
Accuracy per label : ['0:97.76%', '1:97.97%', '2:88.95%', '3:89.80%', '4:88.70%', '5:84.87%', '6:94.26%', '7:85.02%', '8:91.58%', '9:89.99%']

Cluster round 2 completed, aggregated models from all the clients, time past : 7500msec, loss : 0.29, accuracy 91.02%
Accuracy per label : ['0:97.65%', '1:98.06%', '2:89.15%', '3:90.20%', '4:88.80%', '5:85.43%', '6:94.68%', '7:84.53%', '8:91.17%', '9:89.49%']

Before aggregation, loss : 0.27, accuracy : 91.53%
Before aggregation, accuracy per label : ['0:97.86%', '1:97.80%', '2:89.44%', '3:88.61%', '4:88.39%', '5:88.12%', '6:93.42%', '7:88.72%', '8:89.01%', '9:92.96%']
Aggregation to central server completed at central server round 1000, loss : 0.27, accuracy: 91.54%, staleness : 15
Accuracy per label after aggregation : ['0:97.86%', '1:97.80%', '2:89.44%', '3:88.61%', '4:88.49%', '5:88.12%', '6:93.53%', '7:88.62%', '8:89.01%', '9:92.96%']

-----------------------------------------------------

Central server round 757 started
Model sent from central server with 100msec communication time, with loss :0.27, accuracy : 91.54%
Accuracy per label : ['0:97.86%', '1:97.80%', '2:89.44%', '3:88.61%', '4:88.49%', '5:88.12%', '6:93.53%', '7:88.62%', '8:89.01%', '9:92.96%']
The model is from round 741 from central server, staleness is 15

Cluster round 1 completed, aggregated models from all the clients, time past : 3800msec, loss : 0.28, accuracy 91.13%
Accuracy per label : ['0:97.76%', '1:97.97%', '2:89.05%', '3:90.20%', '4:88.70%', '5:85.31%', '6:94.57%', '7:84.92%', '8:91.58%', '9:90.19%']

Cluster round 2 completed, aggregated models from all the clients, time past : 7500msec, loss : 0.28, accuracy 91.06%
Accuracy per label : ['0:97.65%', '1:97.97%', '2:89.24%', '3:90.20%', '4:88.80%', '5:85.65%', '6:94.78%', '7:84.53%', '8:91.17%', '9:89.59%']

Before aggregation, loss : 0.27, accuracy : 91.49%
Before aggregation, accuracy per label : ['0:97.65%', '1:97.62%', '2:89.34%', '3:87.62%', '4:88.70%', '5:88.00%', '6:93.42%', '7:88.42%', '8:90.04%', '9:93.16%']
Aggregation to central server completed at central server round 1000, loss : 0.27, accuracy: 91.52%, staleness : 15
Accuracy per label after aggregation : ['0:97.65%', '1:97.62%', '2:89.34%', '3:88.02%', '4:88.70%', '5:87.89%', '6:93.42%', '7:88.42%', '8:89.94%', '9:93.26%']

-----------------------------------------------------

Central server round 776 started
Model sent from central server with 100msec communication time, with loss :0.27, accuracy : 91.52%
Accuracy per label : ['0:97.65%', '1:97.62%', '2:89.34%', '3:88.02%', '4:88.70%', '5:87.89%', '6:93.42%', '7:88.42%', '8:89.94%', '9:93.26%']
The model is from round 757 from central server, staleness is 18

Cluster round 1 completed, aggregated models from all the clients, time past : 3800msec, loss : 0.28, accuracy 91.18%
Accuracy per label : ['0:97.76%', '1:97.97%', '2:88.95%', '3:90.50%', '4:88.90%', '5:85.09%', '6:94.78%', '7:85.02%', '8:91.58%', '9:90.19%']

Cluster round 2 completed, aggregated models from all the clients, time past : 7500msec, loss : 0.28, accuracy 91.14%
Accuracy per label : ['0:97.76%', '1:97.97%', '2:89.15%', '3:90.59%', '4:89.00%', '5:85.65%', '6:94.78%', '7:84.63%', '8:91.27%', '9:89.59%']

Before aggregation, loss : 0.26, accuracy : 91.74%
Before aggregation, accuracy per label : ['0:97.96%', '1:97.80%', '2:89.63%', '3:89.01%', '4:88.70%', '5:88.34%', '6:93.95%', '7:89.40%', '8:88.91%', '9:92.77%']
Aggregation to central server completed at central server round 1000, loss : 0.26, accuracy: 91.77%, staleness : 18
Accuracy per label after aggregation : ['0:97.96%', '1:97.80%', '2:89.63%', '3:89.21%', '4:88.70%', '5:88.34%', '6:93.95%', '7:89.40%', '8:89.01%', '9:92.77%']

-----------------------------------------------------

Central server round 793 started
Model sent from central server with 100msec communication time, with loss :0.26, accuracy : 91.77%
Accuracy per label : ['0:97.96%', '1:97.80%', '2:89.63%', '3:89.21%', '4:88.70%', '5:88.34%', '6:93.95%', '7:89.40%', '8:89.01%', '9:92.77%']
The model is from round 776 from central server, staleness is 16

Cluster round 1 completed, aggregated models from all the clients, time past : 3800msec, loss : 0.28, accuracy 91.28%
Accuracy per label : ['0:97.76%', '1:97.97%', '2:89.24%', '3:90.40%', '4:89.21%', '5:85.76%', '6:94.68%', '7:85.31%', '8:91.58%', '9:89.89%']

Cluster round 2 completed, aggregated models from all the clients, time past : 7500msec, loss : 0.28, accuracy 91.22%
Accuracy per label : ['0:97.76%', '1:98.06%', '2:89.24%', '3:90.59%', '4:89.41%', '5:85.76%', '6:94.78%', '7:84.73%', '8:91.27%', '9:89.59%']

Before aggregation, loss : 0.26, accuracy : 91.85%
Before aggregation, accuracy per label : ['0:97.96%', '1:97.71%', '2:89.63%', '3:89.21%', '4:88.90%', '5:88.23%', '6:93.95%', '7:89.40%', '8:89.63%', '9:92.96%']
Aggregation to central server completed at central server round 1000, loss : 0.26, accuracy: 91.86%, staleness : 16
Accuracy per label after aggregation : ['0:97.96%', '1:97.71%', '2:89.53%', '3:89.31%', '4:88.90%', '5:88.23%', '6:93.95%', '7:89.40%', '8:89.84%', '9:92.86%']

-----------------------------------------------------

Central server round 811 started
Model sent from central server with 100msec communication time, with loss :0.26, accuracy : 91.86%
Accuracy per label : ['0:97.96%', '1:97.71%', '2:89.53%', '3:89.31%', '4:88.90%', '5:88.23%', '6:93.95%', '7:89.40%', '8:89.84%', '9:92.86%']
The model is from round 793 from central server, staleness is 17

Cluster round 1 completed, aggregated models from all the clients, time past : 3800msec, loss : 0.27, accuracy 91.36%
Accuracy per label : ['0:97.76%', '1:97.97%', '2:89.24%', '3:90.59%', '4:89.31%', '5:85.76%', '6:94.78%', '7:85.41%', '8:91.79%', '9:89.99%']

Cluster round 2 completed, aggregated models from all the clients, time past : 7500msec, loss : 0.27, accuracy 91.27%
Accuracy per label : ['0:97.76%', '1:98.06%', '2:89.34%', '3:90.69%', '4:89.31%', '5:85.87%', '6:94.78%', '7:84.73%', '8:91.48%', '9:89.69%']

Before aggregation, loss : 0.26, accuracy : 91.96%
Before aggregation, accuracy per label : ['0:97.96%', '1:97.71%', '2:89.83%', '3:89.31%', '4:89.10%', '5:88.23%', '6:93.95%', '7:89.59%', '8:89.94%', '9:93.06%']
Aggregation to central server completed at central server round 1000, loss : 0.26, accuracy: 91.97%, staleness : 17
Accuracy per label after aggregation : ['0:97.96%', '1:97.71%', '2:89.92%', '3:89.41%', '4:89.00%', '5:88.34%', '6:93.95%', '7:89.40%', '8:90.04%', '9:93.06%']

-----------------------------------------------------

Central server round 829 started
Model sent from central server with 100msec communication time, with loss :0.26, accuracy : 91.97%
Accuracy per label : ['0:97.96%', '1:97.71%', '2:89.92%', '3:89.41%', '4:89.00%', '5:88.34%', '6:93.95%', '7:89.40%', '8:90.04%', '9:93.06%']
The model is from round 811 from central server, staleness is 17

Cluster round 1 completed, aggregated models from all the clients, time past : 3800msec, loss : 0.27, accuracy 91.52%
Accuracy per label : ['0:97.76%', '1:97.97%', '2:89.44%', '3:90.69%', '4:89.51%', '5:86.32%', '6:94.68%', '7:85.80%', '8:91.89%', '9:90.19%']

Cluster round 2 completed, aggregated models from all the clients, time past : 7500msec, loss : 0.27, accuracy 91.41%
Accuracy per label : ['0:97.76%', '1:98.06%', '2:89.34%', '3:90.99%', '4:89.31%', '5:86.32%', '6:94.89%', '7:85.02%', '8:91.58%', '9:89.89%']

Before aggregation, loss : 0.26, accuracy : 92.00%
Before aggregation, accuracy per label : ['0:97.96%', '1:97.71%', '2:89.92%', '3:89.21%', '4:89.10%', '5:88.45%', '6:94.05%', '7:89.40%', '8:90.14%', '9:93.16%']
Aggregation to central server completed at central server round 1000, loss : 0.26, accuracy: 91.97%, staleness : 17
Accuracy per label after aggregation : ['0:97.96%', '1:97.71%', '2:89.92%', '3:89.31%', '4:89.10%', '5:88.45%', '6:94.05%', '7:89.01%', '8:90.14%', '9:93.16%']

-----------------------------------------------------

Central server round 845 started
Model sent from central server with 100msec communication time, with loss :0.26, accuracy : 91.97%
Accuracy per label : ['0:97.96%', '1:97.71%', '2:89.92%', '3:89.31%', '4:89.10%', '5:88.45%', '6:94.05%', '7:89.01%', '8:90.14%', '9:93.16%']
The model is from round 829 from central server, staleness is 15

Cluster round 1 completed, aggregated models from all the clients, time past : 3800msec, loss : 0.27, accuracy 91.59%
Accuracy per label : ['0:97.76%', '1:97.97%', '2:89.63%', '3:90.69%', '4:89.41%', '5:86.43%', '6:94.78%', '7:85.70%', '8:91.99%', '9:90.58%']

Cluster round 2 completed, aggregated models from all the clients, time past : 7500msec, loss : 0.27, accuracy 91.62%
Accuracy per label : ['0:97.76%', '1:98.06%', '2:89.63%', '3:91.39%', '4:89.51%', '5:86.88%', '6:94.89%', '7:85.41%', '8:91.79%', '9:89.99%']

Before aggregation, loss : 0.25, accuracy : 92.11%
Before aggregation, accuracy per label : ['0:97.96%', '1:97.71%', '2:90.21%', '3:89.31%', '4:89.10%', '5:89.01%', '6:94.05%', '7:89.88%', '8:90.14%', '9:92.86%']
Aggregation to central server completed at central server round 1000, loss : 0.25, accuracy: 92.08%, staleness : 15
Accuracy per label after aggregation : ['0:97.96%', '1:97.71%', '2:90.21%', '3:89.31%', '4:89.00%', '5:89.01%', '6:94.05%', '7:89.49%', '8:90.25%', '9:92.96%']

-----------------------------------------------------

Central server round 862 started
Model sent from central server with 100msec communication time, with loss :0.25, accuracy : 92.08%
Accuracy per label : ['0:97.96%', '1:97.71%', '2:90.21%', '3:89.31%', '4:89.00%', '5:89.01%', '6:94.05%', '7:89.49%', '8:90.25%', '9:92.96%']
The model is from round 845 from central server, staleness is 16

Cluster round 1 completed, aggregated models from all the clients, time past : 3800msec, loss : 0.27, accuracy 91.72%
Accuracy per label : ['0:97.76%', '1:97.89%', '2:89.73%', '3:90.79%', '4:89.61%', '5:86.66%', '6:94.78%', '7:86.09%', '8:92.20%', '9:90.78%']

Cluster round 2 completed, aggregated models from all the clients, time past : 7500msec, loss : 0.27, accuracy 91.74%
Accuracy per label : ['0:97.76%', '1:98.06%', '2:89.73%', '3:91.29%', '4:89.92%', '5:86.88%', '6:94.99%', '7:85.89%', '8:91.99%', '9:89.99%']

Before aggregation, loss : 0.25, accuracy : 92.11%
Before aggregation, accuracy per label : ['0:97.96%', '1:97.71%', '2:90.12%', '3:89.21%', '4:89.31%', '5:89.01%', '6:93.84%', '7:89.59%', '8:90.25%', '9:93.26%']
Aggregation to central server completed at central server round 1000, loss : 0.25, accuracy: 92.11%, staleness : 16
Accuracy per label after aggregation : ['0:97.96%', '1:97.71%', '2:90.21%', '3:89.31%', '4:89.31%', '5:88.90%', '6:93.84%', '7:89.49%', '8:90.35%', '9:93.16%']

-----------------------------------------------------

Central server round 881 started
Model sent from central server with 100msec communication time, with loss :0.25, accuracy : 92.11%
Accuracy per label : ['0:97.96%', '1:97.71%', '2:90.21%', '3:89.31%', '4:89.31%', '5:88.90%', '6:93.84%', '7:89.49%', '8:90.35%', '9:93.16%']
The model is from round 862 from central server, staleness is 18

Cluster round 1 completed, aggregated models from all the clients, time past : 3800msec, loss : 0.26, accuracy 91.79%
Accuracy per label : ['0:97.76%', '1:97.80%', '2:89.73%', '3:90.69%', '4:89.71%', '5:86.66%', '6:94.99%', '7:86.19%', '8:92.61%', '9:90.88%']

Cluster round 2 completed, aggregated models from all the clients, time past : 7500msec, loss : 0.26, accuracy 91.89%
Accuracy per label : ['0:97.76%', '1:98.06%', '2:90.02%', '3:91.39%', '4:90.12%', '5:87.11%', '6:95.09%', '7:86.19%', '8:92.20%', '9:90.09%']

Before aggregation, loss : 0.25, accuracy : 92.18%
Before aggregation, accuracy per label : ['0:97.96%', '1:97.71%', '2:90.41%', '3:89.41%', '4:89.00%', '5:89.46%', '6:93.84%', '7:89.59%', '8:90.35%', '9:93.26%']
Aggregation to central server completed at central server round 1000, loss : 0.25, accuracy: 92.20%, staleness : 18
Accuracy per label after aggregation : ['0:97.96%', '1:97.80%', '2:90.41%', '3:89.41%', '4:89.21%', '5:89.46%', '6:93.95%', '7:89.59%', '8:90.45%', '9:92.96%']

-----------------------------------------------------

Central server round 897 started
Model sent from central server with 100msec communication time, with loss :0.25, accuracy : 92.20%
Accuracy per label : ['0:97.96%', '1:97.80%', '2:90.41%', '3:89.41%', '4:89.21%', '5:89.46%', '6:93.95%', '7:89.59%', '8:90.45%', '9:92.96%']
The model is from round 881 from central server, staleness is 15

Cluster round 1 completed, aggregated models from all the clients, time past : 3800msec, loss : 0.26, accuracy 91.91%
Accuracy per label : ['0:97.86%', '1:97.80%', '2:90.02%', '3:90.79%', '4:89.61%', '5:87.00%', '6:94.68%', '7:86.48%', '8:93.12%', '9:90.88%']

Cluster round 2 completed, aggregated models from all the clients, time past : 7500msec, loss : 0.26, accuracy 91.93%
Accuracy per label : ['0:97.76%', '1:97.97%', '2:90.21%', '3:90.99%', '4:90.12%', '5:87.22%', '6:94.89%', '7:86.28%', '8:92.51%', '9:90.49%']

Before aggregation, loss : 0.25, accuracy : 92.20%
Before aggregation, accuracy per label : ['0:97.96%', '1:97.71%', '2:90.41%', '3:89.41%', '4:89.21%', '5:89.24%', '6:93.84%', '7:89.69%', '8:90.45%', '9:93.26%']
Aggregation to central server completed at central server round 1000, loss : 0.25, accuracy: 92.22%, staleness : 15
Accuracy per label after aggregation : ['0:97.96%', '1:97.80%', '2:90.50%', '3:89.60%', '4:89.10%', '5:89.13%', '6:93.95%', '7:89.59%', '8:90.45%', '9:93.26%']

-----------------------------------------------------

Central server round 912 started
Model sent from central server with 100msec communication time, with loss :0.25, accuracy : 92.22%
Accuracy per label : ['0:97.96%', '1:97.80%', '2:90.50%', '3:89.60%', '4:89.10%', '5:89.13%', '6:93.95%', '7:89.59%', '8:90.45%', '9:93.26%']
The model is from round 897 from central server, staleness is 14

Cluster round 1 completed, aggregated models from all the clients, time past : 3800msec, loss : 0.26, accuracy 92.01%
Accuracy per label : ['0:97.86%', '1:97.80%', '2:90.12%', '3:90.99%', '4:89.71%', '5:87.00%', '6:94.78%', '7:86.58%', '8:93.22%', '9:91.18%']

Cluster round 2 completed, aggregated models from all the clients, time past : 7500msec, loss : 0.26, accuracy 91.99%
Accuracy per label : ['0:97.86%', '1:97.97%', '2:90.12%', '3:91.39%', '4:90.12%', '5:87.00%', '6:94.99%', '7:86.38%', '8:92.51%', '9:90.68%']

Before aggregation, loss : 0.24, accuracy : 92.30%
Before aggregation, accuracy per label : ['0:97.96%', '1:97.71%', '2:90.50%', '3:89.70%', '4:89.31%', '5:89.24%', '6:94.05%', '7:89.88%', '8:90.45%', '9:93.36%']
Aggregation to central server completed at central server round 1000, loss : 0.24, accuracy: 92.27%, staleness : 14
Accuracy per label after aggregation : ['0:97.96%', '1:97.71%', '2:90.60%', '3:89.80%', '4:89.41%', '5:89.13%', '6:94.05%', '7:89.69%', '8:90.45%', '9:93.06%']

-----------------------------------------------------

Central server round 932 started
Model sent from central server with 100msec communication time, with loss :0.24, accuracy : 92.27%
Accuracy per label : ['0:97.96%', '1:97.71%', '2:90.60%', '3:89.80%', '4:89.41%', '5:89.13%', '6:94.05%', '7:89.69%', '8:90.45%', '9:93.06%']
The model is from round 912 from central server, staleness is 19

Cluster round 1 completed, aggregated models from all the clients, time past : 3800msec, loss : 0.26, accuracy 92.05%
Accuracy per label : ['0:97.86%', '1:97.80%', '2:90.12%', '3:91.49%', '4:89.71%', '5:86.88%', '6:94.78%', '7:86.67%', '8:93.02%', '9:91.28%']

Cluster round 2 completed, aggregated models from all the clients, time past : 7500msec, loss : 0.26, accuracy 92.05%
Accuracy per label : ['0:97.86%', '1:97.89%', '2:90.31%', '3:91.39%', '4:90.33%', '5:87.33%', '6:94.89%', '7:86.48%', '8:92.51%', '9:90.68%']

Before aggregation, loss : 0.24, accuracy : 92.39%
Before aggregation, accuracy per label : ['0:97.96%', '1:97.71%', '2:90.70%', '3:90.10%', '4:89.31%', '5:89.46%', '6:94.15%', '7:90.08%', '8:90.45%', '9:93.16%']
Aggregation to central server completed at central server round 1000, loss : 0.24, accuracy: 92.36%, staleness : 19
Accuracy per label after aggregation : ['0:97.96%', '1:97.80%', '2:90.60%', '3:90.20%', '4:89.31%', '5:89.46%', '6:94.05%', '7:89.88%', '8:90.45%', '9:93.06%']

-----------------------------------------------------

Central server round 949 started
Model sent from central server with 100msec communication time, with loss :0.24, accuracy : 92.36%
Accuracy per label : ['0:97.96%', '1:97.80%', '2:90.60%', '3:90.20%', '4:89.31%', '5:89.46%', '6:94.05%', '7:89.88%', '8:90.45%', '9:93.06%']
The model is from round 932 from central server, staleness is 16

Cluster round 1 completed, aggregated models from all the clients, time past : 3800msec, loss : 0.25, accuracy 92.15%
Accuracy per label : ['0:97.86%', '1:97.80%', '2:90.31%', '3:91.29%', '4:89.92%', '5:87.33%', '6:94.99%', '7:86.87%', '8:93.02%', '9:91.28%']

Cluster round 2 completed, aggregated models from all the clients, time past : 7500msec, loss : 0.25, accuracy 92.16%
Accuracy per label : ['0:97.86%', '1:97.89%', '2:90.41%', '3:91.58%', '4:90.53%', '5:87.44%', '6:95.09%', '7:86.67%', '8:92.51%', '9:90.78%']

Before aggregation, loss : 0.24, accuracy : 92.39%
Before aggregation, accuracy per label : ['0:97.96%', '1:97.71%', '2:90.79%', '3:90.00%', '4:89.41%', '5:89.13%', '6:94.15%', '7:89.98%', '8:90.45%', '9:93.46%']
Aggregation to central server completed at central server round 1000, loss : 0.24, accuracy: 92.38%, staleness : 16
Accuracy per label after aggregation : ['0:97.96%', '1:97.80%', '2:90.70%', '3:90.00%', '4:89.41%', '5:89.24%', '6:94.15%', '7:89.88%', '8:90.45%', '9:93.36%']

-----------------------------------------------------

Central server round 968 started
Model sent from central server with 100msec communication time, with loss :0.24, accuracy : 92.38%
Accuracy per label : ['0:97.96%', '1:97.80%', '2:90.70%', '3:90.00%', '4:89.41%', '5:89.24%', '6:94.15%', '7:89.88%', '8:90.45%', '9:93.36%']
The model is from round 949 from central server, staleness is 18

Cluster round 1 completed, aggregated models from all the clients, time past : 3800msec, loss : 0.25, accuracy 92.24%
Accuracy per label : ['0:97.86%', '1:97.89%', '2:90.31%', '3:91.58%', '4:89.82%', '5:87.56%', '6:94.99%', '7:87.16%', '8:93.12%', '9:91.28%']

Cluster round 2 completed, aggregated models from all the clients, time past : 7500msec, loss : 0.25, accuracy 92.20%
Accuracy per label : ['0:97.86%', '1:97.89%', '2:90.41%', '3:91.49%', '4:90.63%', '5:87.67%', '6:94.99%', '7:86.77%', '8:92.71%', '9:90.78%']

Before aggregation, loss : 0.24, accuracy : 92.49%
Before aggregation, accuracy per label : ['0:97.96%', '1:97.71%', '2:91.18%', '3:90.20%', '4:89.21%', '5:89.80%', '6:94.15%', '7:89.98%', '8:90.45%', '9:93.46%']
Aggregation to central server completed at central server round 1000, loss : 0.24, accuracy: 92.50%, staleness : 18
Accuracy per label after aggregation : ['0:97.96%', '1:97.80%', '2:91.18%', '3:90.30%', '4:89.21%', '5:89.69%', '6:94.15%', '7:89.98%', '8:90.45%', '9:93.46%']

-----------------------------------------------------

Central server round 984 started
Model sent from central server with 100msec communication time, with loss :0.24, accuracy : 92.50%
Accuracy per label : ['0:97.96%', '1:97.80%', '2:91.18%', '3:90.30%', '4:89.21%', '5:89.69%', '6:94.15%', '7:89.98%', '8:90.45%', '9:93.46%']
The model is from round 968 from central server, staleness is 15

Cluster round 1 completed, aggregated models from all the clients, time past : 3800msec, loss : 0.25, accuracy 92.32%
Accuracy per label : ['0:97.86%', '1:97.89%', '2:90.31%', '3:91.68%', '4:89.92%', '5:87.67%', '6:95.09%', '7:87.16%', '8:93.43%', '9:91.38%']

Cluster round 2 completed, aggregated models from all the clients, time past : 7500msec, loss : 0.25, accuracy 92.23%
Accuracy per label : ['0:97.86%', '1:97.89%', '2:90.60%', '3:91.49%', '4:90.73%', '5:87.78%', '6:94.99%', '7:86.67%', '8:92.61%', '9:90.88%']

Before aggregation, loss : 0.23, accuracy : 92.50%
Before aggregation, accuracy per label : ['0:98.06%', '1:97.80%', '2:90.99%', '3:90.40%', '4:89.31%', '5:89.80%', '6:94.15%', '7:90.18%', '8:90.35%', '9:93.16%']
Aggregation to central server completed at central server round 1000, loss : 0.23, accuracy: 92.54%, staleness : 15
Accuracy per label after aggregation : ['0:98.06%', '1:97.80%', '2:90.89%', '3:90.50%', '4:89.31%', '5:89.80%', '6:94.26%', '7:90.18%', '8:90.55%', '9:93.26%']

-----------------------------------------------------

Central server round 1000 started
Model sent from central server with 100msec communication time, with loss :0.23, accuracy : 92.54%
Accuracy per label : ['0:98.06%', '1:97.80%', '2:90.89%', '3:90.50%', '4:89.31%', '5:89.80%', '6:94.26%', '7:90.18%', '8:90.55%', '9:93.26%']
The model is from round 984 from central server, staleness is 15

Cluster round 1 completed, aggregated models from all the clients, time past : 3800msec, loss : 0.25, accuracy 92.37%
Accuracy per label : ['0:97.86%', '1:97.89%', '2:90.31%', '3:91.78%', '4:90.02%', '5:87.78%', '6:95.09%', '7:87.35%', '8:93.33%', '9:91.48%']

Cluster round 2 completed, aggregated models from all the clients, time past : 7500msec, loss : 0.25, accuracy 92.27%
Accuracy per label : ['0:97.86%', '1:97.89%', '2:90.60%', '3:91.68%', '4:90.73%', '5:87.78%', '6:94.99%', '7:86.77%', '8:92.71%', '9:90.88%']

Before aggregation, loss : 0.23, accuracy : 92.59%
Before aggregation, accuracy per label : ['0:97.96%', '1:97.71%', '2:91.18%', '3:90.20%', '4:89.41%', '5:90.02%', '6:94.15%', '7:90.27%', '8:90.76%', '9:93.46%']
Aggregation to central server completed at central server round 1000, loss : 0.23, accuracy: 92.54%, staleness : 15
Accuracy per label after aggregation : ['0:97.96%', '1:97.71%', '2:91.18%', '3:90.30%', '4:89.31%', '5:89.91%', '6:94.26%', '7:90.08%', '8:90.76%', '9:93.16%']

