-----------------------------------------------------

Central server round 20 started
Model sent from central server with 100msec communication time, with loss :2.30, accuracy : 11.91%
Accuracy per label : ['0:52.04%', '1:3.26%', '2:0.00%', '3:63.76%', '4:0.00%', '5:0.00%', '6:0.00%', '7:0.00%', '8:0.00%', '9:0.00%']
The model is from round 0 from central server, staleness is 19

Cluster round 1 completed, aggregated models from all the clients, time past : 5300msec, loss : 2.32, accuracy 10.37%
Accuracy per label : ['0:0.00%', '1:0.00%', '2:0.00%', '3:99.21%', '4:0.00%', '5:0.00%', '6:0.00%', '7:0.00%', '8:3.59%', '9:0.00%']

Cluster round 2 completed, aggregated models from all the clients, time past : 10500msec, loss : 2.31, accuracy 11.87%
Accuracy per label : ['0:0.00%', '1:0.09%', '2:0.00%', '3:8.22%', '4:0.00%', '5:0.00%', '6:0.00%', '7:14.20%', '8:98.25%', '9:0.00%']

Before aggregation, loss : 2.19, accuracy : 24.19%
Before aggregation, accuracy per label : ['0:56.43%', '1:14.98%', '2:1.55%', '3:34.36%', '4:3.46%', '5:0.00%', '6:33.09%', '7:67.22%', '8:0.31%', '9:28.54%']
Aggregation to central server completed at central server round 1000, loss : 2.20, accuracy: 22.48%, staleness : 19
Accuracy per label after aggregation : ['0:47.35%', '1:14.63%', '2:0.78%', '3:35.54%', '4:2.55%', '5:0.00%', '6:27.14%', '7:66.63%', '8:1.33%', '9:26.56%']

-----------------------------------------------------

Central server round 44 started
Model sent from central server with 100msec communication time, with loss :2.20, accuracy : 22.48%
Accuracy per label : ['0:47.35%', '1:14.63%', '2:0.78%', '3:35.54%', '4:2.55%', '5:0.00%', '6:27.14%', '7:66.63%', '8:1.33%', '9:26.56%']
The model is from round 20 from central server, staleness is 23

Cluster round 1 completed, aggregated models from all the clients, time past : 5300msec, loss : 2.16, accuracy 27.70%
Accuracy per label : ['0:34.59%', '1:60.79%', '2:0.00%', '3:8.71%', '4:3.36%', '5:0.00%', '6:8.66%', '7:50.78%', '8:98.56%', '9:5.45%']

Cluster round 2 completed, aggregated models from all the clients, time past : 10500msec, loss : 2.10, accuracy 31.69%
Accuracy per label : ['0:54.18%', '1:75.77%', '2:0.10%', '3:8.71%', '4:8.55%', '5:0.00%', '6:9.29%', '7:51.95%', '8:100.00%', '9:0.79%']

Before aggregation, loss : 1.96, accuracy : 54.39%
Before aggregation, accuracy per label : ['0:96.22%', '1:87.67%', '2:62.50%', '3:42.48%', '4:53.67%', '5:0.00%', '6:70.77%', '7:56.42%', '8:0.00%', '9:63.63%']
Aggregation to central server completed at central server round 1000, loss : 1.96, accuracy: 54.27%, staleness : 23
Accuracy per label after aggregation : ['0:95.92%', '1:87.67%', '2:60.76%', '3:42.57%', '4:53.56%', '5:0.00%', '6:71.29%', '7:56.52%', '8:0.00%', '9:63.92%']

-----------------------------------------------------

Central server round 67 started
Model sent from central server with 100msec communication time, with loss :1.96, accuracy : 54.27%
Accuracy per label : ['0:95.92%', '1:87.67%', '2:60.76%', '3:42.57%', '4:53.56%', '5:0.00%', '6:71.29%', '7:56.52%', '8:0.00%', '9:63.92%']
The model is from round 44 from central server, staleness is 22

Cluster round 1 completed, aggregated models from all the clients, time past : 5300msec, loss : 1.88, accuracy 51.32%
Accuracy per label : ['0:88.78%', '1:92.07%', '2:9.40%', '3:35.64%', '4:48.37%', '5:0.00%', '6:41.02%', '7:76.46%', '8:94.76%', '9:18.14%']

Cluster round 2 completed, aggregated models from all the clients, time past : 10500msec, loss : 1.77, accuracy 54.99%
Accuracy per label : ['0:91.73%', '1:94.19%', '2:12.31%', '3:41.98%', '4:54.28%', '5:0.00%', '6:50.10%', '7:80.06%', '8:93.02%', '9:23.59%']

Before aggregation, loss : 1.63, accuracy : 61.88%
Before aggregation, accuracy per label : ['0:96.63%', '1:95.42%', '2:70.54%', '3:63.56%', '4:61.30%', '5:0.78%', '6:79.02%', '7:71.79%', '8:2.77%', '9:65.11%']
Aggregation to central server completed at central server round 1000, loss : 1.63, accuracy: 61.94%, staleness : 22
Accuracy per label after aggregation : ['0:96.63%', '1:95.51%', '2:69.86%', '3:63.96%', '4:61.41%', '5:0.56%', '6:79.12%', '7:72.08%', '8:3.39%', '9:65.01%']

-----------------------------------------------------

Central server round 92 started
Model sent from central server with 100msec communication time, with loss :1.63, accuracy : 61.94%
Accuracy per label : ['0:96.63%', '1:95.51%', '2:69.86%', '3:63.96%', '4:61.41%', '5:0.56%', '6:79.12%', '7:72.08%', '8:3.39%', '9:65.01%']
The model is from round 67 from central server, staleness is 24

Cluster round 1 completed, aggregated models from all the clients, time past : 5300msec, loss : 1.52, accuracy 63.25%
Accuracy per label : ['0:95.10%', '1:96.39%', '2:28.29%', '3:58.61%', '4:64.36%', '5:0.00%', '6:69.83%', '7:83.95%', '8:85.22%', '9:41.72%']

Cluster round 2 completed, aggregated models from all the clients, time past : 10500msec, loss : 1.40, accuracy 65.44%
Accuracy per label : ['0:95.61%', '1:96.48%', '2:32.56%', '3:64.16%', '4:66.80%', '5:0.00%', '6:73.70%', '7:85.31%', '8:83.37%', '9:47.27%']

Before aggregation, loss : 1.21, accuracy : 69.83%
Before aggregation, accuracy per label : ['0:95.82%', '1:95.77%', '2:74.71%', '3:78.42%', '4:64.05%', '5:18.39%', '6:84.86%', '7:77.24%', '8:27.82%', '9:71.66%']
Aggregation to central server completed at central server round 1000, loss : 1.21, accuracy: 69.86%, staleness : 24
Accuracy per label after aggregation : ['0:95.82%', '1:95.86%', '2:73.93%', '3:78.51%', '4:64.15%', '5:17.04%', '6:84.86%', '7:77.63%', '8:29.77%', '9:71.36%']

-----------------------------------------------------

Central server round 117 started
Model sent from central server with 100msec communication time, with loss :1.21, accuracy : 69.86%
Accuracy per label : ['0:95.82%', '1:95.86%', '2:73.93%', '3:78.51%', '4:64.15%', '5:17.04%', '6:84.86%', '7:77.63%', '8:29.77%', '9:71.36%']
The model is from round 92 from central server, staleness is 24

Cluster round 1 completed, aggregated models from all the clients, time past : 5300msec, loss : 1.12, accuracy 70.20%
Accuracy per label : ['0:95.00%', '1:95.42%', '2:49.90%', '3:77.23%', '4:70.26%', '5:0.22%', '6:79.54%', '7:86.96%', '8:79.47%', '9:58.37%']

Cluster round 2 completed, aggregated models from all the clients, time past : 10500msec, loss : 1.02, accuracy 71.36%
Accuracy per label : ['0:95.00%', '1:95.07%', '2:53.88%', '3:79.60%', '4:69.65%', '5:1.23%', '6:80.06%', '7:85.89%', '8:79.36%', '9:64.22%']

Before aggregation, loss : 0.91, accuracy : 75.15%
Before aggregation, accuracy per label : ['0:95.20%', '1:95.24%', '2:78.39%', '3:83.07%', '4:65.68%', '5:41.14%', '6:85.49%', '7:80.54%', '8:44.46%', '9:75.42%']
Aggregation to central server completed at central server round 1000, loss : 0.91, accuracy: 75.13%, staleness : 24
Accuracy per label after aggregation : ['0:95.20%', '1:95.24%', '2:78.39%', '3:83.07%', '4:65.78%', '5:39.91%', '6:85.59%', '7:80.64%', '8:45.07%', '9:75.42%']

-----------------------------------------------------

Central server round 140 started
Model sent from central server with 100msec communication time, with loss :0.91, accuracy : 75.13%
Accuracy per label : ['0:95.20%', '1:95.24%', '2:78.39%', '3:83.07%', '4:65.78%', '5:39.91%', '6:85.59%', '7:80.64%', '8:45.07%', '9:75.42%']
The model is from round 117 from central server, staleness is 22

Cluster round 1 completed, aggregated models from all the clients, time past : 5300msec, loss : 0.86, accuracy 74.25%
Accuracy per label : ['0:94.90%', '1:93.74%', '2:65.12%', '3:82.67%', '4:70.88%', '5:9.08%', '6:81.84%', '7:84.92%', '8:81.11%', '9:69.38%']

Cluster round 2 completed, aggregated models from all the clients, time past : 10500msec, loss : 0.80, accuracy 74.90%
Accuracy per label : ['0:94.59%', '1:93.30%', '2:67.83%', '3:83.47%', '4:70.37%', '5:12.33%', '6:81.94%', '7:84.14%', '8:81.21%', '9:71.26%']

Before aggregation, loss : 0.75, accuracy : 78.10%
Before aggregation, accuracy per label : ['0:94.90%', '1:94.98%', '2:81.01%', '3:84.26%', '4:66.19%', '5:54.15%', '6:86.33%', '7:82.00%', '8:52.77%', '9:79.09%']
Aggregation to central server completed at central server round 1000, loss : 0.75, accuracy: 78.05%, staleness : 22
Accuracy per label after aggregation : ['0:94.90%', '1:94.89%', '2:80.81%', '3:84.26%', '4:66.40%', '5:52.80%', '6:86.12%', '7:82.10%', '8:53.80%', '9:78.99%']

-----------------------------------------------------

Central server round 165 started
Model sent from central server with 100msec communication time, with loss :0.75, accuracy : 78.05%
Accuracy per label : ['0:94.90%', '1:94.89%', '2:80.81%', '3:84.26%', '4:66.40%', '5:52.80%', '6:86.12%', '7:82.10%', '8:53.80%', '9:78.99%']
The model is from round 140 from central server, staleness is 24

Cluster round 1 completed, aggregated models from all the clients, time past : 5300msec, loss : 0.73, accuracy 76.50%
Accuracy per label : ['0:94.08%', '1:93.04%', '2:71.12%', '3:83.76%', '4:71.18%', '5:21.08%', '6:82.25%', '7:84.53%', '8:82.55%', '9:73.74%']

Cluster round 2 completed, aggregated models from all the clients, time past : 10500msec, loss : 0.70, accuracy 77.20%
Accuracy per label : ['0:93.78%', '1:93.04%', '2:72.29%', '3:85.05%', '4:72.30%', '5:26.01%', '6:82.46%', '7:83.56%', '8:82.34%', '9:74.03%']

Before aggregation, loss : 0.63, accuracy : 80.58%
Before aggregation, accuracy per label : ['0:95.10%', '1:94.71%', '2:82.46%', '3:84.06%', '4:66.80%', '5:66.48%', '6:86.33%', '7:82.00%', '8:61.50%', '9:82.56%']
Aggregation to central server completed at central server round 1000, loss : 0.63, accuracy: 80.77%, staleness : 24
Accuracy per label after aggregation : ['0:95.10%', '1:94.71%', '2:82.46%', '3:84.26%', '4:67.52%', '5:66.03%', '6:86.33%', '7:82.00%', '8:62.94%', '9:82.56%']

-----------------------------------------------------

Central server round 189 started
Model sent from central server with 100msec communication time, with loss :0.63, accuracy : 80.77%
Accuracy per label : ['0:95.10%', '1:94.71%', '2:82.46%', '3:84.26%', '4:67.52%', '5:66.03%', '6:86.33%', '7:82.00%', '8:62.94%', '9:82.56%']
The model is from round 165 from central server, staleness is 23

Cluster round 1 completed, aggregated models from all the clients, time past : 5300msec, loss : 0.63, accuracy 79.71%
Accuracy per label : ['0:93.47%', '1:93.04%', '2:75.97%', '3:86.04%', '4:73.93%', '5:39.35%', '6:83.40%', '7:83.46%', '8:84.70%', '9:78.00%']

Cluster round 2 completed, aggregated models from all the clients, time past : 10500msec, loss : 0.61, accuracy 80.32%
Accuracy per label : ['0:93.37%', '1:93.30%', '2:76.36%', '3:86.53%', '4:74.24%', '5:45.29%', '6:83.82%', '7:82.78%', '8:84.09%', '9:78.30%']

Before aggregation, loss : 0.57, accuracy : 82.20%
Before aggregation, accuracy per label : ['0:95.51%', '1:95.07%', '2:84.11%', '3:84.16%', '4:69.76%', '5:69.96%', '6:86.95%', '7:82.39%', '8:67.66%', '9:83.15%']
Aggregation to central server completed at central server round 1000, loss : 0.57, accuracy: 82.27%, staleness : 23
Accuracy per label after aggregation : ['0:95.51%', '1:94.98%', '2:83.82%', '3:84.16%', '4:70.16%', '5:69.51%', '6:86.85%', '7:82.49%', '8:68.89%', '9:83.05%']

-----------------------------------------------------

Central server round 213 started
Model sent from central server with 100msec communication time, with loss :0.57, accuracy : 82.27%
Accuracy per label : ['0:95.51%', '1:94.98%', '2:83.82%', '3:84.16%', '4:70.16%', '5:69.51%', '6:86.85%', '7:82.49%', '8:68.89%', '9:83.05%']
The model is from round 189 from central server, staleness is 23

Cluster round 1 completed, aggregated models from all the clients, time past : 5300msec, loss : 0.57, accuracy 81.45%
Accuracy per label : ['0:93.47%', '1:93.57%', '2:77.03%', '3:86.53%', '4:76.17%', '5:49.33%', '6:84.45%', '7:83.17%', '8:86.45%', '9:79.68%']

Cluster round 2 completed, aggregated models from all the clients, time past : 10500msec, loss : 0.56, accuracy 81.86%
Accuracy per label : ['0:93.37%', '1:93.39%', '2:77.23%', '3:86.83%', '4:76.37%', '5:54.15%', '6:84.55%', '7:83.07%', '8:85.52%', '9:79.98%']

Before aggregation, loss : 0.53, accuracy : 83.50%
Before aggregation, accuracy per label : ['0:95.61%', '1:95.07%', '2:84.88%', '3:84.26%', '4:73.12%', '5:75.11%', '6:87.47%', '7:83.27%', '8:70.53%', '9:83.05%']
Aggregation to central server completed at central server round 1000, loss : 0.53, accuracy: 83.52%, staleness : 23
Accuracy per label after aggregation : ['0:95.61%', '1:95.07%', '2:84.79%', '3:84.36%', '4:73.12%', '5:74.89%', '6:87.47%', '7:83.17%', '8:71.15%', '9:82.95%']

-----------------------------------------------------

Central server round 238 started
Model sent from central server with 100msec communication time, with loss :0.53, accuracy : 83.52%
Accuracy per label : ['0:95.61%', '1:95.07%', '2:84.79%', '3:84.36%', '4:73.12%', '5:74.89%', '6:87.47%', '7:83.17%', '8:71.15%', '9:82.95%']
The model is from round 213 from central server, staleness is 24

Cluster round 1 completed, aggregated models from all the clients, time past : 5300msec, loss : 0.54, accuracy 82.62%
Accuracy per label : ['0:93.47%', '1:93.66%', '2:78.78%', '3:86.53%', '4:76.68%', '5:56.73%', '6:84.86%', '7:83.66%', '8:87.27%', '9:80.67%']

Cluster round 2 completed, aggregated models from all the clients, time past : 10500msec, loss : 0.53, accuracy 82.96%
Accuracy per label : ['0:93.37%', '1:93.83%', '2:78.59%', '3:86.73%', '4:77.60%', '5:59.87%', '6:85.07%', '7:83.56%', '8:86.45%', '9:80.97%']

Before aggregation, loss : 0.49, accuracy : 84.34%
Before aggregation, accuracy per label : ['0:95.92%', '1:95.24%', '2:84.69%', '3:84.75%', '4:73.42%', '5:77.91%', '6:88.31%', '7:83.46%', '8:72.28%', '9:85.13%']
Aggregation to central server completed at central server round 1000, loss : 0.49, accuracy: 84.37%, staleness : 24
Accuracy per label after aggregation : ['0:95.82%', '1:95.24%', '2:84.69%', '3:84.75%', '4:73.52%', '5:77.35%', '6:88.20%', '7:83.46%', '8:73.20%', '9:85.13%']

-----------------------------------------------------

Central server round 261 started
Model sent from central server with 100msec communication time, with loss :0.49, accuracy : 84.37%
Accuracy per label : ['0:95.82%', '1:95.24%', '2:84.69%', '3:84.75%', '4:73.52%', '5:77.35%', '6:88.20%', '7:83.46%', '8:73.20%', '9:85.13%']
The model is from round 238 from central server, staleness is 22

Cluster round 1 completed, aggregated models from all the clients, time past : 5300msec, loss : 0.50, accuracy 83.98%
Accuracy per label : ['0:93.47%', '1:94.19%', '2:79.84%', '3:87.03%', '4:78.31%', '5:63.90%', '6:86.01%', '7:83.95%', '8:87.78%', '9:82.16%']

Cluster round 2 completed, aggregated models from all the clients, time past : 10500msec, loss : 0.49, accuracy 84.32%
Accuracy per label : ['0:93.47%', '1:93.83%', '2:80.04%', '3:87.62%', '4:79.23%', '5:66.59%', '6:86.12%', '7:83.85%', '8:87.68%', '9:81.96%']

Before aggregation, loss : 0.47, accuracy : 85.40%
Before aggregation, accuracy per label : ['0:96.22%', '1:95.59%', '2:85.56%', '3:84.95%', '4:76.17%', '5:79.60%', '6:88.83%', '7:84.05%', '8:75.36%', '9:85.63%']
Aggregation to central server completed at central server round 1000, loss : 0.47, accuracy: 85.32%, staleness : 22
Accuracy per label after aggregation : ['0:96.12%', '1:95.51%', '2:85.27%', '3:85.15%', '4:76.37%', '5:79.04%', '6:88.83%', '7:83.95%', '8:75.46%', '9:85.43%']

-----------------------------------------------------

Central server round 285 started
Model sent from central server with 100msec communication time, with loss :0.47, accuracy : 85.32%
Accuracy per label : ['0:96.12%', '1:95.51%', '2:85.27%', '3:85.15%', '4:76.37%', '5:79.04%', '6:88.83%', '7:83.95%', '8:75.46%', '9:85.43%']
The model is from round 261 from central server, staleness is 23

Cluster round 1 completed, aggregated models from all the clients, time past : 5300msec, loss : 0.47, accuracy 84.98%
Accuracy per label : ['0:93.88%', '1:94.45%', '2:81.20%', '3:87.52%', '4:78.82%', '5:68.27%', '6:87.27%', '7:84.05%', '8:88.50%', '9:83.15%']

Cluster round 2 completed, aggregated models from all the clients, time past : 10500msec, loss : 0.47, accuracy 85.09%
Accuracy per label : ['0:94.08%', '1:94.10%', '2:81.20%', '3:87.43%', '4:79.53%', '5:69.39%', '6:87.27%', '7:84.14%', '8:88.81%', '9:82.46%']

Before aggregation, loss : 0.44, accuracy : 85.96%
Before aggregation, accuracy per label : ['0:96.22%', '1:95.77%', '2:85.66%', '3:85.45%', '4:77.39%', '5:81.50%', '6:89.25%', '7:84.34%', '8:76.28%', '9:85.93%']
Aggregation to central server completed at central server round 1000, loss : 0.44, accuracy: 86.01%, staleness : 23
Accuracy per label after aggregation : ['0:96.12%', '1:95.77%', '2:85.47%', '3:85.64%', '4:77.60%', '5:81.39%', '6:89.25%', '7:84.34%', '8:76.90%', '9:85.83%']

-----------------------------------------------------

Central server round 311 started
Model sent from central server with 100msec communication time, with loss :0.44, accuracy : 86.01%
Accuracy per label : ['0:96.12%', '1:95.77%', '2:85.47%', '3:85.64%', '4:77.60%', '5:81.39%', '6:89.25%', '7:84.34%', '8:76.90%', '9:85.83%']
The model is from round 285 from central server, staleness is 25

Cluster round 1 completed, aggregated models from all the clients, time past : 5300msec, loss : 0.45, accuracy 85.71%
Accuracy per label : ['0:94.29%', '1:94.63%', '2:81.78%', '3:87.52%', '4:80.35%', '5:71.30%', '6:87.79%', '7:84.24%', '8:88.91%', '9:83.94%']

Cluster round 2 completed, aggregated models from all the clients, time past : 10500msec, loss : 0.44, accuracy 85.69%
Accuracy per label : ['0:94.18%', '1:94.54%', '2:81.88%', '3:87.82%', '4:80.35%', '5:71.52%', '6:88.00%', '7:84.14%', '8:88.91%', '9:83.25%']

Before aggregation, loss : 0.42, accuracy : 86.65%
Before aggregation, accuracy per label : ['0:96.22%', '1:95.95%', '2:86.14%', '3:85.45%', '4:79.33%', '5:81.73%', '6:89.67%', '7:84.44%', '8:79.47%', '9:86.42%']
Aggregation to central server completed at central server round 1000, loss : 0.42, accuracy: 86.65%, staleness : 25
Accuracy per label after aggregation : ['0:96.22%', '1:95.95%', '2:86.14%', '3:85.54%', '4:79.33%', '5:81.39%', '6:89.67%', '7:84.44%', '8:79.77%', '9:86.32%']

-----------------------------------------------------

Central server round 335 started
Model sent from central server with 100msec communication time, with loss :0.42, accuracy : 86.65%
Accuracy per label : ['0:96.22%', '1:95.95%', '2:86.14%', '3:85.54%', '4:79.33%', '5:81.39%', '6:89.67%', '7:84.44%', '8:79.77%', '9:86.32%']
The model is from round 311 from central server, staleness is 23

Cluster round 1 completed, aggregated models from all the clients, time past : 5300msec, loss : 0.43, accuracy 86.36%
Accuracy per label : ['0:95.00%', '1:94.71%', '2:82.75%', '3:87.52%', '4:81.57%', '5:73.54%', '6:88.41%', '7:84.34%', '8:89.12%', '9:84.54%']

Cluster round 2 completed, aggregated models from all the clients, time past : 10500msec, loss : 0.42, accuracy 86.53%
Accuracy per label : ['0:95.00%', '1:95.07%', '2:82.36%', '3:87.43%', '4:81.77%', '5:75.22%', '6:88.73%', '7:84.14%', '8:89.01%', '9:84.64%']

Before aggregation, loss : 0.40, accuracy : 87.28%
Before aggregation, accuracy per label : ['0:96.84%', '1:96.30%', '2:86.24%', '3:85.64%', '4:80.35%', '5:82.51%', '6:90.40%', '7:84.73%', '8:81.01%', '9:87.22%']
Aggregation to central server completed at central server round 1000, loss : 0.40, accuracy: 87.26%, staleness : 23
Accuracy per label after aggregation : ['0:96.84%', '1:96.21%', '2:86.05%', '3:85.74%', '4:80.45%', '5:82.29%', '6:90.40%', '7:84.73%', '8:81.21%', '9:87.12%']

-----------------------------------------------------

Central server round 359 started
Model sent from central server with 100msec communication time, with loss :0.40, accuracy : 87.26%
Accuracy per label : ['0:96.84%', '1:96.21%', '2:86.05%', '3:85.74%', '4:80.45%', '5:82.29%', '6:90.40%', '7:84.73%', '8:81.21%', '9:87.12%']
The model is from round 335 from central server, staleness is 23

Cluster round 1 completed, aggregated models from all the clients, time past : 5300msec, loss : 0.41, accuracy 86.92%
Accuracy per label : ['0:95.00%', '1:94.89%', '2:82.95%', '3:87.52%', '4:82.69%', '5:76.12%', '6:88.73%', '7:84.63%', '8:89.22%', '9:85.63%']

Cluster round 2 completed, aggregated models from all the clients, time past : 10500msec, loss : 0.41, accuracy 87.07%
Accuracy per label : ['0:95.10%', '1:95.33%', '2:82.66%', '3:87.92%', '4:82.89%', '5:76.79%', '6:88.83%', '7:84.82%', '8:89.32%', '9:85.23%']

Before aggregation, loss : 0.39, accuracy : 87.81%
Before aggregation, accuracy per label : ['0:96.73%', '1:96.30%', '2:86.72%', '3:85.35%', '4:82.08%', '5:82.96%', '6:90.81%', '7:84.82%', '8:82.75%', '9:88.11%']
Aggregation to central server completed at central server round 1000, loss : 0.39, accuracy: 87.81%, staleness : 23
Accuracy per label after aggregation : ['0:96.53%', '1:96.30%', '2:86.72%', '3:85.54%', '4:82.08%', '5:82.74%', '6:90.81%', '7:84.82%', '8:82.96%', '9:88.11%']

-----------------------------------------------------

Central server round 383 started
Model sent from central server with 100msec communication time, with loss :0.39, accuracy : 87.81%
Accuracy per label : ['0:96.53%', '1:96.30%', '2:86.72%', '3:85.54%', '4:82.08%', '5:82.74%', '6:90.81%', '7:84.82%', '8:82.96%', '9:88.11%']
The model is from round 359 from central server, staleness is 23

Cluster round 1 completed, aggregated models from all the clients, time past : 5300msec, loss : 0.39, accuracy 87.51%
Accuracy per label : ['0:95.31%', '1:95.33%', '2:83.33%', '3:88.02%', '4:83.30%', '5:78.14%', '6:89.56%', '7:84.73%', '8:89.22%', '9:86.52%']

Cluster round 2 completed, aggregated models from all the clients, time past : 10500msec, loss : 0.39, accuracy 87.58%
Accuracy per label : ['0:95.10%', '1:95.42%', '2:82.95%', '3:88.02%', '4:83.50%', '5:78.70%', '6:89.77%', '7:85.02%', '8:89.32%', '9:86.42%']

Before aggregation, loss : 0.38, accuracy : 88.18%
Before aggregation, accuracy per label : ['0:96.94%', '1:96.48%', '2:87.02%', '3:85.45%', '4:82.99%', '5:83.30%', '6:91.13%', '7:85.02%', '8:83.88%', '9:88.21%']
Aggregation to central server completed at central server round 1000, loss : 0.38, accuracy: 88.14%, staleness : 23
Accuracy per label after aggregation : ['0:96.73%', '1:96.48%', '2:87.02%', '3:85.45%', '4:82.99%', '5:83.18%', '6:91.02%', '7:85.02%', '8:83.88%', '9:88.21%']

-----------------------------------------------------

Central server round 407 started
Model sent from central server with 100msec communication time, with loss :0.38, accuracy : 88.14%
Accuracy per label : ['0:96.73%', '1:96.48%', '2:87.02%', '3:85.45%', '4:82.99%', '5:83.18%', '6:91.02%', '7:85.02%', '8:83.88%', '9:88.21%']
The model is from round 383 from central server, staleness is 23

Cluster round 1 completed, aggregated models from all the clients, time past : 5300msec, loss : 0.38, accuracy 87.87%
Accuracy per label : ['0:95.51%', '1:95.42%', '2:83.53%', '3:88.02%', '4:84.52%', '5:78.92%', '6:89.87%', '7:84.92%', '8:89.63%', '9:86.82%']

Cluster round 2 completed, aggregated models from all the clients, time past : 10500msec, loss : 0.38, accuracy 87.92%
Accuracy per label : ['0:95.51%', '1:95.59%', '2:83.43%', '3:88.02%', '4:84.01%', '5:79.60%', '6:89.98%', '7:85.02%', '8:89.32%', '9:87.22%']

Before aggregation, loss : 0.36, accuracy : 88.53%
Before aggregation, accuracy per label : ['0:97.24%', '1:96.56%', '2:87.21%', '3:85.84%', '4:83.50%', '5:84.19%', '6:91.54%', '7:85.41%', '8:84.29%', '9:88.21%']
Aggregation to central server completed at central server round 1000, loss : 0.36, accuracy: 88.52%, staleness : 23
Accuracy per label after aggregation : ['0:97.24%', '1:96.56%', '2:87.21%', '3:86.04%', '4:83.50%', '5:83.86%', '6:91.44%', '7:85.41%', '8:84.39%', '9:88.21%']

-----------------------------------------------------

Central server round 432 started
Model sent from central server with 100msec communication time, with loss :0.36, accuracy : 88.52%
Accuracy per label : ['0:97.24%', '1:96.56%', '2:87.21%', '3:86.04%', '4:83.50%', '5:83.86%', '6:91.44%', '7:85.41%', '8:84.39%', '9:88.21%']
The model is from round 407 from central server, staleness is 24

Cluster round 1 completed, aggregated models from all the clients, time past : 5300msec, loss : 0.37, accuracy 88.29%
Accuracy per label : ['0:95.61%', '1:95.77%', '2:83.82%', '3:88.12%', '4:84.93%', '5:79.71%', '6:90.92%', '7:85.21%', '8:89.73%', '9:87.61%']

Cluster round 2 completed, aggregated models from all the clients, time past : 10500msec, loss : 0.37, accuracy 88.33%
Accuracy per label : ['0:95.41%', '1:95.86%', '2:84.01%', '3:88.42%', '4:84.83%', '5:80.49%', '6:90.61%', '7:85.02%', '8:89.43%', '9:87.81%']

Before aggregation, loss : 0.35, accuracy : 88.91%
Before aggregation, accuracy per label : ['0:97.14%', '1:96.92%', '2:87.31%', '3:85.94%', '4:84.42%', '5:83.74%', '6:91.75%', '7:85.89%', '8:85.73%', '9:88.90%']
Aggregation to central server completed at central server round 1000, loss : 0.35, accuracy: 88.90%, staleness : 24
Accuracy per label after aggregation : ['0:97.04%', '1:96.92%', '2:87.31%', '3:86.04%', '4:84.42%', '5:83.52%', '6:91.75%', '7:85.89%', '8:85.83%', '9:88.90%']

-----------------------------------------------------

Central server round 453 started
Model sent from central server with 100msec communication time, with loss :0.35, accuracy : 88.90%
Accuracy per label : ['0:97.04%', '1:96.92%', '2:87.31%', '3:86.04%', '4:84.42%', '5:83.52%', '6:91.75%', '7:85.89%', '8:85.83%', '9:88.90%']
The model is from round 432 from central server, staleness is 20

Cluster round 1 completed, aggregated models from all the clients, time past : 5300msec, loss : 0.36, accuracy 88.65%
Accuracy per label : ['0:95.61%', '1:96.04%', '2:84.21%', '3:88.22%', '4:85.64%', '5:80.83%', '6:91.23%', '7:85.60%', '8:89.63%', '9:88.11%']

Cluster round 2 completed, aggregated models from all the clients, time past : 10500msec, loss : 0.36, accuracy 88.67%
Accuracy per label : ['0:95.31%', '1:96.21%', '2:84.40%', '3:88.32%', '4:85.23%', '5:81.61%', '6:90.92%', '7:85.41%', '8:89.73%', '9:88.21%']

Before aggregation, loss : 0.35, accuracy : 89.16%
Before aggregation, accuracy per label : ['0:97.14%', '1:97.00%', '2:87.69%', '3:84.95%', '4:84.52%', '5:83.86%', '6:91.34%', '7:85.51%', '8:87.47%', '9:90.78%']
Aggregation to central server completed at central server round 1000, loss : 0.35, accuracy: 89.11%, staleness : 20
Accuracy per label after aggregation : ['0:97.04%', '1:97.00%', '2:87.40%', '3:84.85%', '4:84.52%', '5:83.86%', '6:91.34%', '7:85.51%', '8:87.58%', '9:90.68%']

-----------------------------------------------------

Central server round 479 started
Model sent from central server with 100msec communication time, with loss :0.35, accuracy : 89.11%
Accuracy per label : ['0:97.04%', '1:97.00%', '2:87.40%', '3:84.85%', '4:84.52%', '5:83.86%', '6:91.34%', '7:85.51%', '8:87.58%', '9:90.68%']
The model is from round 453 from central server, staleness is 25

Cluster round 1 completed, aggregated models from all the clients, time past : 5300msec, loss : 0.35, accuracy 88.92%
Accuracy per label : ['0:95.82%', '1:96.56%', '2:84.50%', '3:87.92%', '4:85.74%', '5:81.39%', '6:91.13%', '7:85.99%', '8:89.94%', '9:88.80%']

Cluster round 2 completed, aggregated models from all the clients, time past : 10500msec, loss : 0.35, accuracy 88.94%
Accuracy per label : ['0:95.61%', '1:96.65%', '2:84.50%', '3:88.81%', '4:85.54%', '5:81.84%', '6:90.92%', '7:85.70%', '8:89.53%', '9:88.90%']

Before aggregation, loss : 0.34, accuracy : 89.54%
Before aggregation, accuracy per label : ['0:97.65%', '1:97.09%', '2:87.60%', '3:86.44%', '4:85.13%', '5:84.08%', '6:91.96%', '7:86.58%', '8:86.96%', '9:90.58%']
Aggregation to central server completed at central server round 1000, loss : 0.34, accuracy: 89.53%, staleness : 25
Accuracy per label after aggregation : ['0:97.55%', '1:97.09%', '2:87.60%', '3:86.63%', '4:85.13%', '5:84.08%', '6:91.96%', '7:86.48%', '8:86.96%', '9:90.49%']

-----------------------------------------------------

Central server round 503 started
Model sent from central server with 100msec communication time, with loss :0.34, accuracy : 89.53%
Accuracy per label : ['0:97.55%', '1:97.09%', '2:87.60%', '3:86.63%', '4:85.13%', '5:84.08%', '6:91.96%', '7:86.48%', '8:86.96%', '9:90.49%']
The model is from round 479 from central server, staleness is 23

Cluster round 1 completed, aggregated models from all the clients, time past : 5300msec, loss : 0.34, accuracy 89.17%
Accuracy per label : ['0:95.82%', '1:96.56%', '2:84.69%', '3:88.42%', '4:86.15%', '5:81.84%', '6:91.23%', '7:85.99%', '8:90.04%', '9:89.59%']

Cluster round 2 completed, aggregated models from all the clients, time past : 10500msec, loss : 0.34, accuracy 89.27%
Accuracy per label : ['0:95.82%', '1:97.00%', '2:84.69%', '3:89.01%', '4:85.74%', '5:82.40%', '6:91.34%', '7:86.28%', '8:89.63%', '9:89.40%']

Before aggregation, loss : 0.33, accuracy : 89.77%
Before aggregation, accuracy per label : ['0:97.65%', '1:97.18%', '2:87.79%', '3:86.63%', '4:85.64%', '5:84.19%', '6:92.38%', '7:86.67%', '8:87.27%', '9:90.98%']
Aggregation to central server completed at central server round 1000, loss : 0.33, accuracy: 89.80%, staleness : 23
Accuracy per label after aggregation : ['0:97.65%', '1:97.18%', '2:87.79%', '3:86.93%', '4:85.64%', '5:84.19%', '6:92.38%', '7:86.67%', '8:87.37%', '9:90.88%']

-----------------------------------------------------

Central server round 527 started
Model sent from central server with 100msec communication time, with loss :0.33, accuracy : 89.80%
Accuracy per label : ['0:97.65%', '1:97.18%', '2:87.79%', '3:86.93%', '4:85.64%', '5:84.19%', '6:92.38%', '7:86.67%', '8:87.37%', '9:90.88%']
The model is from round 503 from central server, staleness is 23

Cluster round 1 completed, aggregated models from all the clients, time past : 5300msec, loss : 0.33, accuracy 89.40%
Accuracy per label : ['0:95.92%', '1:96.83%', '2:84.88%', '3:88.61%', '4:86.05%', '5:82.40%', '6:91.65%', '7:86.38%', '8:89.94%', '9:89.99%']

Cluster round 2 completed, aggregated models from all the clients, time past : 10500msec, loss : 0.33, accuracy 89.40%
Accuracy per label : ['0:95.71%', '1:97.00%', '2:84.69%', '3:89.21%', '4:85.54%', '5:82.51%', '6:91.65%', '7:86.58%', '8:89.73%', '9:89.99%']

Before aggregation, loss : 0.32, accuracy : 90.05%
Before aggregation, accuracy per label : ['0:97.65%', '1:97.36%', '2:88.28%', '3:87.13%', '4:86.25%', '5:84.98%', '6:92.69%', '7:86.96%', '8:87.27%', '9:90.68%']
Aggregation to central server completed at central server round 1000, loss : 0.32, accuracy: 90.06%, staleness : 23
Accuracy per label after aggregation : ['0:97.65%', '1:97.36%', '2:88.18%', '3:87.33%', '4:86.25%', '5:84.98%', '6:92.69%', '7:86.96%', '8:87.37%', '9:90.58%']

-----------------------------------------------------

Central server round 552 started
Model sent from central server with 100msec communication time, with loss :0.32, accuracy : 90.06%
Accuracy per label : ['0:97.65%', '1:97.36%', '2:88.18%', '3:87.33%', '4:86.25%', '5:84.98%', '6:92.69%', '7:86.96%', '8:87.37%', '9:90.58%']
The model is from round 527 from central server, staleness is 24

Cluster round 1 completed, aggregated models from all the clients, time past : 5300msec, loss : 0.33, accuracy 89.66%
Accuracy per label : ['0:96.02%', '1:97.09%', '2:85.37%', '3:88.42%', '4:86.15%', '5:83.07%', '6:91.86%', '7:86.87%', '8:90.25%', '9:90.19%']

Cluster round 2 completed, aggregated models from all the clients, time past : 10500msec, loss : 0.32, accuracy 89.66%
Accuracy per label : ['0:95.82%', '1:97.18%', '2:85.37%', '3:89.01%', '4:85.74%', '5:82.85%', '6:91.65%', '7:86.96%', '8:90.04%', '9:90.58%']

Before aggregation, loss : 0.32, accuracy : 90.26%
Before aggregation, accuracy per label : ['0:97.76%', '1:97.36%', '2:88.37%', '3:87.23%', '4:86.15%', '5:85.09%', '6:93.01%', '7:86.77%', '8:88.19%', '9:91.48%']
Aggregation to central server completed at central server round 1000, loss : 0.32, accuracy: 90.25%, staleness : 24
Accuracy per label after aggregation : ['0:97.76%', '1:97.36%', '2:88.28%', '3:87.23%', '4:86.15%', '5:85.09%', '6:93.01%', '7:86.87%', '8:88.19%', '9:91.38%']

-----------------------------------------------------

Central server round 576 started
Model sent from central server with 100msec communication time, with loss :0.32, accuracy : 90.25%
Accuracy per label : ['0:97.76%', '1:97.36%', '2:88.28%', '3:87.23%', '4:86.15%', '5:85.09%', '6:93.01%', '7:86.87%', '8:88.19%', '9:91.38%']
The model is from round 552 from central server, staleness is 23

Cluster round 1 completed, aggregated models from all the clients, time past : 5300msec, loss : 0.32, accuracy 89.86%
Accuracy per label : ['0:96.12%', '1:97.18%', '2:85.66%', '3:88.61%', '4:85.95%', '5:83.30%', '6:92.07%', '7:86.87%', '8:90.35%', '9:91.18%']

Cluster round 2 completed, aggregated models from all the clients, time past : 10500msec, loss : 0.32, accuracy 89.81%
Accuracy per label : ['0:95.82%', '1:97.27%', '2:85.47%', '3:89.31%', '4:85.74%', '5:82.96%', '6:91.96%', '7:86.96%', '8:90.35%', '9:90.88%']

Before aggregation, loss : 0.31, accuracy : 90.30%
Before aggregation, accuracy per label : ['0:97.65%', '1:97.44%', '2:88.28%', '3:86.83%', '4:86.56%', '5:85.09%', '6:93.01%', '7:86.96%', '8:88.30%', '9:91.67%']
Aggregation to central server completed at central server round 1000, loss : 0.31, accuracy: 90.31%, staleness : 23
Accuracy per label after aggregation : ['0:97.65%', '1:97.44%', '2:88.28%', '3:86.83%', '4:86.56%', '5:85.09%', '6:93.01%', '7:86.96%', '8:88.40%', '9:91.67%']

-----------------------------------------------------

Central server round 599 started
Model sent from central server with 100msec communication time, with loss :0.31, accuracy : 90.31%
Accuracy per label : ['0:97.65%', '1:97.44%', '2:88.28%', '3:86.83%', '4:86.56%', '5:85.09%', '6:93.01%', '7:86.96%', '8:88.40%', '9:91.67%']
The model is from round 576 from central server, staleness is 22

Cluster round 1 completed, aggregated models from all the clients, time past : 5300msec, loss : 0.31, accuracy 90.05%
Accuracy per label : ['0:96.22%', '1:97.27%', '2:86.05%', '3:88.71%', '4:86.05%', '5:83.74%', '6:92.38%', '7:86.87%', '8:90.35%', '9:91.58%']

Cluster round 2 completed, aggregated models from all the clients, time past : 10500msec, loss : 0.31, accuracy 89.98%
Accuracy per label : ['0:96.02%', '1:97.27%', '2:85.95%', '3:89.41%', '4:85.74%', '5:83.18%', '6:92.07%', '7:86.87%', '8:90.55%', '9:91.38%']

Before aggregation, loss : 0.30, accuracy : 90.55%
Before aggregation, accuracy per label : ['0:97.65%', '1:97.44%', '2:88.66%', '3:87.52%', '4:86.97%', '5:85.65%', '6:93.01%', '7:87.55%', '8:88.19%', '9:91.67%']
Aggregation to central server completed at central server round 1000, loss : 0.30, accuracy: 90.55%, staleness : 22
Accuracy per label after aggregation : ['0:97.65%', '1:97.44%', '2:88.66%', '3:87.52%', '4:86.97%', '5:85.65%', '6:93.01%', '7:87.55%', '8:88.19%', '9:91.67%']

-----------------------------------------------------

Central server round 625 started
Model sent from central server with 100msec communication time, with loss :0.30, accuracy : 90.55%
Accuracy per label : ['0:97.65%', '1:97.44%', '2:88.66%', '3:87.52%', '4:86.97%', '5:85.65%', '6:93.01%', '7:87.55%', '8:88.19%', '9:91.67%']
The model is from round 599 from central server, staleness is 25

Cluster round 1 completed, aggregated models from all the clients, time past : 5300msec, loss : 0.31, accuracy 90.28%
Accuracy per label : ['0:96.33%', '1:97.27%', '2:86.53%', '3:89.11%', '4:86.05%', '5:83.97%', '6:92.48%', '7:87.16%', '8:90.76%', '9:91.87%']

Cluster round 2 completed, aggregated models from all the clients, time past : 10500msec, loss : 0.30, accuracy 90.19%
Accuracy per label : ['0:96.02%', '1:97.36%', '2:85.95%', '3:89.80%', '4:85.64%', '5:83.63%', '6:92.38%', '7:87.16%', '8:90.86%', '9:91.77%']

Before aggregation, loss : 0.30, accuracy : 90.76%
Before aggregation, accuracy per label : ['0:97.65%', '1:97.44%', '2:89.05%', '3:87.62%', '4:87.37%', '5:85.87%', '6:93.01%', '7:87.74%', '8:88.81%', '9:91.87%']
Aggregation to central server completed at central server round 1000, loss : 0.30, accuracy: 90.75%, staleness : 25
Accuracy per label after aggregation : ['0:97.65%', '1:97.44%', '2:88.95%', '3:87.52%', '4:87.37%', '5:85.99%', '6:93.01%', '7:87.74%', '8:88.81%', '9:91.87%']

-----------------------------------------------------

Central server round 649 started
Model sent from central server with 100msec communication time, with loss :0.30, accuracy : 90.75%
Accuracy per label : ['0:97.65%', '1:97.44%', '2:88.95%', '3:87.52%', '4:87.37%', '5:85.99%', '6:93.01%', '7:87.74%', '8:88.81%', '9:91.87%']
The model is from round 625 from central server, staleness is 23

Cluster round 1 completed, aggregated models from all the clients, time past : 5300msec, loss : 0.30, accuracy 90.47%
Accuracy per label : ['0:96.53%', '1:97.27%', '2:87.11%', '3:89.50%', '4:85.85%', '5:83.97%', '6:92.48%', '7:87.35%', '8:91.17%', '9:92.17%']

Cluster round 2 completed, aggregated models from all the clients, time past : 10500msec, loss : 0.30, accuracy 90.40%
Accuracy per label : ['0:96.12%', '1:97.44%', '2:86.53%', '3:90.00%', '4:85.64%', '5:83.86%', '6:92.69%', '7:87.26%', '8:91.07%', '9:92.07%']

Before aggregation, loss : 0.29, accuracy : 90.94%
Before aggregation, accuracy per label : ['0:97.65%', '1:97.53%', '2:88.95%', '3:88.02%', '4:87.68%', '5:86.32%', '6:93.11%', '7:88.13%', '8:88.81%', '9:92.07%']
Aggregation to central server completed at central server round 1000, loss : 0.29, accuracy: 90.99%, staleness : 23
Accuracy per label after aggregation : ['0:97.65%', '1:97.53%', '2:88.95%', '3:88.02%', '4:87.68%', '5:86.43%', '6:93.11%', '7:88.13%', '8:89.01%', '9:92.27%']

-----------------------------------------------------

Central server round 673 started
Model sent from central server with 100msec communication time, with loss :0.29, accuracy : 90.99%
Accuracy per label : ['0:97.65%', '1:97.53%', '2:88.95%', '3:88.02%', '4:87.68%', '5:86.43%', '6:93.11%', '7:88.13%', '8:89.01%', '9:92.27%']
The model is from round 649 from central server, staleness is 23

Cluster round 1 completed, aggregated models from all the clients, time past : 5300msec, loss : 0.29, accuracy 90.66%
Accuracy per label : ['0:96.73%', '1:97.36%', '2:87.40%', '3:89.60%', '4:85.85%', '5:84.87%', '6:92.69%', '7:87.55%', '8:91.17%', '9:92.17%']

Cluster round 2 completed, aggregated models from all the clients, time past : 10500msec, loss : 0.29, accuracy 90.66%
Accuracy per label : ['0:96.33%', '1:97.44%', '2:87.02%', '3:89.90%', '4:85.95%', '5:84.64%', '6:92.69%', '7:87.74%', '8:91.27%', '9:92.37%']

Before aggregation, loss : 0.29, accuracy : 91.15%
Before aggregation, accuracy per label : ['0:97.65%', '1:97.89%', '2:89.15%', '3:88.22%', '4:87.78%', '5:86.88%', '6:93.11%', '7:88.33%', '8:88.81%', '9:92.57%']
Aggregation to central server completed at central server round 1000, loss : 0.29, accuracy: 91.15%, staleness : 23
Accuracy per label after aggregation : ['0:97.65%', '1:97.89%', '2:89.15%', '3:88.22%', '4:87.78%', '5:86.88%', '6:93.11%', '7:88.33%', '8:88.81%', '9:92.57%']

-----------------------------------------------------

Central server round 697 started
Model sent from central server with 100msec communication time, with loss :0.29, accuracy : 91.15%
Accuracy per label : ['0:97.65%', '1:97.89%', '2:89.15%', '3:88.22%', '4:87.78%', '5:86.88%', '6:93.11%', '7:88.33%', '8:88.81%', '9:92.57%']
The model is from round 673 from central server, staleness is 23

Cluster round 1 completed, aggregated models from all the clients, time past : 5300msec, loss : 0.29, accuracy 90.92%
Accuracy per label : ['0:96.73%', '1:97.27%', '2:87.79%', '3:89.60%', '4:86.25%', '5:85.99%', '6:92.80%', '7:87.94%', '8:91.38%', '9:92.37%']

Cluster round 2 completed, aggregated models from all the clients, time past : 10500msec, loss : 0.29, accuracy 90.99%
Accuracy per label : ['0:96.73%', '1:97.71%', '2:87.31%', '3:89.80%', '4:86.25%', '5:86.10%', '6:92.90%', '7:88.04%', '8:91.58%', '9:92.37%']

Before aggregation, loss : 0.28, accuracy : 91.25%
Before aggregation, accuracy per label : ['0:97.65%', '1:97.62%', '2:89.15%', '3:88.12%', '4:88.09%', '5:87.00%', '6:93.11%', '7:88.62%', '8:89.12%', '9:92.96%']
Aggregation to central server completed at central server round 1000, loss : 0.28, accuracy: 91.27%, staleness : 23
Accuracy per label after aggregation : ['0:97.65%', '1:97.62%', '2:89.15%', '3:88.42%', '4:87.98%', '5:87.11%', '6:93.11%', '7:88.62%', '8:89.12%', '9:92.86%']

-----------------------------------------------------

Central server round 721 started
Model sent from central server with 100msec communication time, with loss :0.28, accuracy : 91.27%
Accuracy per label : ['0:97.65%', '1:97.62%', '2:89.15%', '3:88.42%', '4:87.98%', '5:87.11%', '6:93.11%', '7:88.62%', '8:89.12%', '9:92.86%']
The model is from round 697 from central server, staleness is 23

Cluster round 1 completed, aggregated models from all the clients, time past : 5300msec, loss : 0.28, accuracy 91.15%
Accuracy per label : ['0:96.84%', '1:97.36%', '2:88.28%', '3:89.50%', '4:86.56%', '5:86.88%', '6:92.90%', '7:88.13%', '8:91.48%', '9:92.57%']

Cluster round 2 completed, aggregated models from all the clients, time past : 10500msec, loss : 0.28, accuracy 91.10%
Accuracy per label : ['0:96.84%', '1:97.71%', '2:87.60%', '3:89.60%', '4:86.25%', '5:86.55%', '6:92.90%', '7:88.33%', '8:91.79%', '9:92.37%']

Before aggregation, loss : 0.28, accuracy : 91.47%
Before aggregation, accuracy per label : ['0:97.86%', '1:97.71%', '2:89.15%', '3:89.01%', '4:88.39%', '5:87.33%', '6:93.32%', '7:88.81%', '8:89.12%', '9:92.96%']
Aggregation to central server completed at central server round 1000, loss : 0.28, accuracy: 91.48%, staleness : 23
Accuracy per label after aggregation : ['0:97.76%', '1:97.71%', '2:89.15%', '3:89.11%', '4:88.29%', '5:87.33%', '6:93.32%', '7:88.81%', '8:89.32%', '9:92.96%']

-----------------------------------------------------

Central server round 746 started
Model sent from central server with 100msec communication time, with loss :0.28, accuracy : 91.48%
Accuracy per label : ['0:97.76%', '1:97.71%', '2:89.15%', '3:89.11%', '4:88.29%', '5:87.33%', '6:93.32%', '7:88.81%', '8:89.32%', '9:92.96%']
The model is from round 721 from central server, staleness is 24

Cluster round 1 completed, aggregated models from all the clients, time past : 5300msec, loss : 0.28, accuracy 91.38%
Accuracy per label : ['0:97.14%', '1:97.44%', '2:88.66%', '3:89.50%', '4:86.66%', '5:87.67%', '6:93.11%', '7:88.42%', '8:91.58%', '9:92.67%']

Cluster round 2 completed, aggregated models from all the clients, time past : 10500msec, loss : 0.27, accuracy 91.30%
Accuracy per label : ['0:97.04%', '1:97.80%', '2:87.89%', '3:89.50%', '4:86.66%', '5:87.44%', '6:93.01%', '7:88.52%', '8:91.89%', '9:92.27%']

Before aggregation, loss : 0.27, accuracy : 91.57%
Before aggregation, accuracy per label : ['0:97.86%', '1:97.80%', '2:89.24%', '3:88.91%', '4:88.39%', '5:88.12%', '6:93.42%', '7:89.01%', '8:89.12%', '9:92.86%']
Aggregation to central server completed at central server round 1000, loss : 0.27, accuracy: 91.59%, staleness : 24
Accuracy per label after aggregation : ['0:97.86%', '1:97.80%', '2:89.24%', '3:89.11%', '4:88.39%', '5:88.12%', '6:93.42%', '7:89.01%', '8:89.12%', '9:92.86%']

-----------------------------------------------------

Central server round 770 started
Model sent from central server with 100msec communication time, with loss :0.27, accuracy : 91.59%
Accuracy per label : ['0:97.86%', '1:97.80%', '2:89.24%', '3:89.11%', '4:88.39%', '5:88.12%', '6:93.42%', '7:89.01%', '8:89.12%', '9:92.86%']
The model is from round 746 from central server, staleness is 23

Cluster round 1 completed, aggregated models from all the clients, time past : 5300msec, loss : 0.27, accuracy 91.51%
Accuracy per label : ['0:97.24%', '1:97.53%', '2:88.57%', '3:89.60%', '4:86.97%', '5:88.00%', '6:93.22%', '7:88.72%', '8:91.79%', '9:92.57%']

Cluster round 2 completed, aggregated models from all the clients, time past : 10500msec, loss : 0.27, accuracy 91.46%
Accuracy per label : ['0:97.14%', '1:97.71%', '2:88.08%', '3:89.90%', '4:86.56%', '5:87.67%', '6:93.11%', '7:88.91%', '8:92.09%', '9:92.47%']

Before aggregation, loss : 0.27, accuracy : 91.66%
Before aggregation, accuracy per label : ['0:97.96%', '1:97.80%', '2:89.44%', '3:88.81%', '4:88.70%', '5:88.23%', '6:93.53%', '7:89.01%', '8:89.32%', '9:92.86%']
Aggregation to central server completed at central server round 1000, loss : 0.27, accuracy: 91.66%, staleness : 23
Accuracy per label after aggregation : ['0:97.86%', '1:97.80%', '2:89.44%', '3:88.91%', '4:88.70%', '5:88.23%', '6:93.53%', '7:89.01%', '8:89.32%', '9:92.86%']

-----------------------------------------------------

Central server round 795 started
Model sent from central server with 100msec communication time, with loss :0.27, accuracy : 91.66%
Accuracy per label : ['0:97.86%', '1:97.80%', '2:89.44%', '3:88.91%', '4:88.70%', '5:88.23%', '6:93.53%', '7:89.01%', '8:89.32%', '9:92.86%']
The model is from round 770 from central server, staleness is 24

Cluster round 1 completed, aggregated models from all the clients, time past : 5300msec, loss : 0.27, accuracy 91.63%
Accuracy per label : ['0:97.24%', '1:97.53%', '2:88.86%', '3:89.50%', '4:87.07%', '5:88.00%', '6:93.53%', '7:88.91%', '8:92.09%', '9:92.67%']

Cluster round 2 completed, aggregated models from all the clients, time past : 10500msec, loss : 0.26, accuracy 91.64%
Accuracy per label : ['0:97.14%', '1:97.71%', '2:88.47%', '3:90.20%', '4:86.35%', '5:88.12%', '6:93.32%', '7:89.20%', '8:92.30%', '9:92.67%']

Before aggregation, loss : 0.26, accuracy : 91.85%
Before aggregation, accuracy per label : ['0:97.96%', '1:97.71%', '2:89.73%', '3:89.31%', '4:89.00%', '5:88.34%', '6:93.95%', '7:89.40%', '8:89.84%', '9:92.37%']
Aggregation to central server completed at central server round 1000, loss : 0.26, accuracy: 91.88%, staleness : 24
Accuracy per label after aggregation : ['0:97.96%', '1:97.71%', '2:89.63%', '3:89.31%', '4:89.00%', '5:88.34%', '6:94.05%', '7:89.40%', '8:89.84%', '9:92.67%']

-----------------------------------------------------

Central server round 818 started
Model sent from central server with 100msec communication time, with loss :0.26, accuracy : 91.88%
Accuracy per label : ['0:97.96%', '1:97.71%', '2:89.63%', '3:89.31%', '4:89.00%', '5:88.34%', '6:94.05%', '7:89.40%', '8:89.84%', '9:92.67%']
The model is from round 795 from central server, staleness is 22

Cluster round 1 completed, aggregated models from all the clients, time past : 5300msec, loss : 0.26, accuracy 91.79%
Accuracy per label : ['0:97.35%', '1:97.62%', '2:89.05%', '3:89.80%', '4:87.27%', '5:88.57%', '6:93.74%', '7:88.91%', '8:91.79%', '9:92.96%']

Cluster round 2 completed, aggregated models from all the clients, time past : 10500msec, loss : 0.26, accuracy 91.77%
Accuracy per label : ['0:97.14%', '1:97.71%', '2:89.05%', '3:90.10%', '4:86.56%', '5:88.57%', '6:93.32%', '7:89.30%', '8:92.20%', '9:92.86%']

Before aggregation, loss : 0.26, accuracy : 91.94%
Before aggregation, accuracy per label : ['0:97.96%', '1:97.71%', '2:89.83%', '3:89.31%', '4:89.10%', '5:88.23%', '6:94.05%', '7:89.20%', '8:89.94%', '9:93.16%']
Aggregation to central server completed at central server round 1000, loss : 0.26, accuracy: 91.94%, staleness : 22
Accuracy per label after aggregation : ['0:97.96%', '1:97.71%', '2:89.83%', '3:89.31%', '4:89.10%', '5:88.23%', '6:93.95%', '7:89.30%', '8:89.94%', '9:93.16%']

-----------------------------------------------------

Central server round 842 started
Model sent from central server with 100msec communication time, with loss :0.26, accuracy : 91.94%
Accuracy per label : ['0:97.96%', '1:97.71%', '2:89.83%', '3:89.31%', '4:89.10%', '5:88.23%', '6:93.95%', '7:89.30%', '8:89.94%', '9:93.16%']
The model is from round 818 from central server, staleness is 23

Cluster round 1 completed, aggregated models from all the clients, time past : 5300msec, loss : 0.26, accuracy 91.86%
Accuracy per label : ['0:97.24%', '1:97.62%', '2:89.15%', '3:89.90%', '4:86.97%', '5:88.90%', '6:93.74%', '7:89.30%', '8:91.79%', '9:93.16%']

Cluster round 2 completed, aggregated models from all the clients, time past : 10500msec, loss : 0.26, accuracy 91.96%
Accuracy per label : ['0:97.24%', '1:97.71%', '2:89.53%', '3:90.10%', '4:86.56%', '5:89.01%', '6:93.32%', '7:89.49%', '8:92.51%', '9:93.26%']

Before aggregation, loss : 0.25, accuracy : 92.10%
Before aggregation, accuracy per label : ['0:97.96%', '1:97.71%', '2:90.02%', '3:89.41%', '4:89.10%', '5:89.13%', '6:94.15%', '7:89.88%', '8:89.94%', '9:92.86%']
Aggregation to central server completed at central server round 1000, loss : 0.25, accuracy: 92.09%, staleness : 23
Accuracy per label after aggregation : ['0:97.96%', '1:97.71%', '2:90.02%', '3:89.41%', '4:89.10%', '5:89.13%', '6:94.05%', '7:89.88%', '8:90.04%', '9:92.77%']

-----------------------------------------------------

Central server round 866 started
Model sent from central server with 100msec communication time, with loss :0.25, accuracy : 92.09%
Accuracy per label : ['0:97.96%', '1:97.71%', '2:90.02%', '3:89.41%', '4:89.10%', '5:89.13%', '6:94.05%', '7:89.88%', '8:90.04%', '9:92.77%']
The model is from round 842 from central server, staleness is 23

Cluster round 1 completed, aggregated models from all the clients, time past : 5300msec, loss : 0.25, accuracy 91.99%
Accuracy per label : ['0:97.24%', '1:97.71%', '2:89.53%', '3:90.10%', '4:87.37%', '5:89.13%', '6:93.63%', '7:89.40%', '8:91.79%', '9:93.16%']

Cluster round 2 completed, aggregated models from all the clients, time past : 10500msec, loss : 0.25, accuracy 92.07%
Accuracy per label : ['0:97.24%', '1:97.71%', '2:89.73%', '3:90.30%', '4:86.97%', '5:89.24%', '6:93.42%', '7:89.69%', '8:92.40%', '9:93.16%']

Before aggregation, loss : 0.25, accuracy : 92.14%
Before aggregation, accuracy per label : ['0:97.96%', '1:97.80%', '2:90.02%', '3:89.50%', '4:89.31%', '5:88.79%', '6:94.15%', '7:89.69%', '8:90.04%', '9:93.26%']
Aggregation to central server completed at central server round 1000, loss : 0.25, accuracy: 92.14%, staleness : 23
Accuracy per label after aggregation : ['0:97.96%', '1:97.80%', '2:90.02%', '3:89.50%', '4:89.21%', '5:88.90%', '6:94.15%', '7:89.69%', '8:90.04%', '9:93.26%']

-----------------------------------------------------

Central server round 890 started
Model sent from central server with 100msec communication time, with loss :0.25, accuracy : 92.14%
Accuracy per label : ['0:97.96%', '1:97.80%', '2:90.02%', '3:89.50%', '4:89.21%', '5:88.90%', '6:94.15%', '7:89.69%', '8:90.04%', '9:93.26%']
The model is from round 866 from central server, staleness is 23

Cluster round 1 completed, aggregated models from all the clients, time past : 5300msec, loss : 0.25, accuracy 92.15%
Accuracy per label : ['0:97.24%', '1:97.62%', '2:89.73%', '3:90.40%', '4:87.68%', '5:89.46%', '6:93.84%', '7:89.49%', '8:91.79%', '9:93.46%']

Cluster round 2 completed, aggregated models from all the clients, time past : 10500msec, loss : 0.25, accuracy 92.24%
Accuracy per label : ['0:97.24%', '1:97.71%', '2:89.83%', '3:90.50%', '4:87.37%', '5:89.91%', '6:93.53%', '7:89.79%', '8:92.40%', '9:93.36%']

Before aggregation, loss : 0.25, accuracy : 92.17%
Before aggregation, accuracy per label : ['0:97.96%', '1:97.71%', '2:90.60%', '3:89.31%', '4:89.31%', '5:89.35%', '6:93.95%', '7:89.11%', '8:90.35%', '9:93.26%']
Aggregation to central server completed at central server round 1000, loss : 0.25, accuracy: 92.19%, staleness : 23
Accuracy per label after aggregation : ['0:97.96%', '1:97.71%', '2:90.60%', '3:89.21%', '4:89.31%', '5:89.35%', '6:94.05%', '7:89.20%', '8:90.45%', '9:93.26%']

-----------------------------------------------------

Central server round 913 started
Model sent from central server with 100msec communication time, with loss :0.25, accuracy : 92.19%
Accuracy per label : ['0:97.96%', '1:97.71%', '2:90.60%', '3:89.21%', '4:89.31%', '5:89.35%', '6:94.05%', '7:89.20%', '8:90.45%', '9:93.26%']
The model is from round 890 from central server, staleness is 22

Cluster round 1 completed, aggregated models from all the clients, time past : 5300msec, loss : 0.25, accuracy 92.22%
Accuracy per label : ['0:97.24%', '1:97.62%', '2:90.02%', '3:90.40%', '4:87.58%', '5:89.57%', '6:93.74%', '7:89.79%', '8:91.99%', '9:93.46%']

Cluster round 2 completed, aggregated models from all the clients, time past : 10500msec, loss : 0.24, accuracy 92.29%
Accuracy per label : ['0:97.24%', '1:97.80%', '2:90.21%', '3:90.59%', '4:87.17%', '5:89.91%', '6:93.42%', '7:89.88%', '8:92.40%', '9:93.46%']

Before aggregation, loss : 0.24, accuracy : 92.27%
Before aggregation, accuracy per label : ['0:97.96%', '1:97.71%', '2:90.60%', '3:89.80%', '4:89.41%', '5:89.13%', '6:94.05%', '7:89.69%', '8:90.45%', '9:93.06%']
Aggregation to central server completed at central server round 1000, loss : 0.24, accuracy: 92.30%, staleness : 22
Accuracy per label after aggregation : ['0:97.96%', '1:97.71%', '2:90.60%', '3:89.80%', '4:89.31%', '5:89.46%', '6:94.05%', '7:89.69%', '8:90.45%', '9:93.16%']

-----------------------------------------------------

Central server round 939 started
Model sent from central server with 100msec communication time, with loss :0.24, accuracy : 92.30%
Accuracy per label : ['0:97.96%', '1:97.71%', '2:90.60%', '3:89.80%', '4:89.31%', '5:89.46%', '6:94.05%', '7:89.69%', '8:90.45%', '9:93.16%']
The model is from round 913 from central server, staleness is 25

Cluster round 1 completed, aggregated models from all the clients, time past : 5300msec, loss : 0.24, accuracy 92.32%
Accuracy per label : ['0:97.24%', '1:97.62%', '2:90.31%', '3:90.40%', '4:87.58%', '5:89.80%', '6:93.74%', '7:89.88%', '8:92.20%', '9:93.66%']

Cluster round 2 completed, aggregated models from all the clients, time past : 10500msec, loss : 0.24, accuracy 92.37%
Accuracy per label : ['0:97.24%', '1:97.80%', '2:90.41%', '3:90.69%', '4:87.27%', '5:90.13%', '6:93.63%', '7:89.98%', '8:92.30%', '9:93.46%']

Before aggregation, loss : 0.24, accuracy : 92.36%
Before aggregation, accuracy per label : ['0:97.96%', '1:97.71%', '2:90.99%', '3:89.70%', '4:89.31%', '5:89.57%', '6:93.95%', '7:89.79%', '8:90.45%', '9:93.36%']
Aggregation to central server completed at central server round 1000, loss : 0.24, accuracy: 92.36%, staleness : 25
Accuracy per label after aggregation : ['0:97.96%', '1:97.71%', '2:90.99%', '3:89.70%', '4:89.21%', '5:89.69%', '6:93.95%', '7:89.79%', '8:90.45%', '9:93.36%']

-----------------------------------------------------

Central server round 964 started
Model sent from central server with 100msec communication time, with loss :0.24, accuracy : 92.36%
Accuracy per label : ['0:97.96%', '1:97.71%', '2:90.99%', '3:89.70%', '4:89.21%', '5:89.69%', '6:93.95%', '7:89.79%', '8:90.45%', '9:93.36%']
The model is from round 939 from central server, staleness is 24

Cluster round 1 completed, aggregated models from all the clients, time past : 5300msec, loss : 0.24, accuracy 92.51%
Accuracy per label : ['0:97.24%', '1:97.62%', '2:90.79%', '3:90.89%', '4:87.58%', '5:90.36%', '6:93.95%', '7:89.98%', '8:92.20%', '9:93.76%']

Cluster round 2 completed, aggregated models from all the clients, time past : 10500msec, loss : 0.24, accuracy 92.52%
Accuracy per label : ['0:97.24%', '1:97.80%', '2:90.50%', '3:90.89%', '4:87.68%', '5:90.36%', '6:93.63%', '7:90.27%', '8:92.51%', '9:93.56%']

Before aggregation, loss : 0.24, accuracy : 92.47%
Before aggregation, accuracy per label : ['0:97.96%', '1:97.71%', '2:91.09%', '3:90.10%', '4:89.31%', '5:89.91%', '6:94.15%', '7:90.08%', '8:90.45%', '9:93.16%']
Aggregation to central server completed at central server round 1000, loss : 0.24, accuracy: 92.45%, staleness : 24
Accuracy per label after aggregation : ['0:97.96%', '1:97.71%', '2:90.89%', '3:90.10%', '4:89.31%', '5:89.91%', '6:94.15%', '7:90.08%', '8:90.45%', '9:93.16%']

-----------------------------------------------------

Central server round 987 started
Model sent from central server with 100msec communication time, with loss :0.24, accuracy : 92.45%
Accuracy per label : ['0:97.96%', '1:97.71%', '2:90.89%', '3:90.10%', '4:89.31%', '5:89.91%', '6:94.15%', '7:90.08%', '8:90.45%', '9:93.16%']
The model is from round 964 from central server, staleness is 22

Cluster round 1 completed, aggregated models from all the clients, time past : 5300msec, loss : 0.24, accuracy 92.65%
Accuracy per label : ['0:97.45%', '1:97.71%', '2:90.89%', '3:90.99%', '4:87.98%', '5:90.70%', '6:93.95%', '7:90.37%', '8:92.20%', '9:93.56%']

Cluster round 2 completed, aggregated models from all the clients, time past : 10500msec, loss : 0.23, accuracy 92.68%
Accuracy per label : ['0:97.35%', '1:97.80%', '2:90.70%', '3:90.99%', '4:87.98%', '5:91.03%', '6:93.74%', '7:90.37%', '8:92.51%', '9:93.66%']

Before aggregation, loss : 0.23, accuracy : 92.53%
Before aggregation, accuracy per label : ['0:98.06%', '1:97.80%', '2:91.09%', '3:90.20%', '4:89.31%', '5:89.80%', '6:94.26%', '7:90.18%', '8:90.55%', '9:93.26%']
Aggregation to central server completed at central server round 1000, loss : 0.23, accuracy: 92.51%, staleness : 22
Accuracy per label after aggregation : ['0:98.06%', '1:97.80%', '2:90.99%', '3:90.20%', '4:89.31%', '5:89.80%', '6:94.26%', '7:90.18%', '8:90.55%', '9:93.16%']

