-----------------------------------------------------

Central server round 15 started
Model sent from central server with 100msec communication time, with loss :2.30, accuracy : 11.91%
Accuracy per label : ['0:52.04%', '1:3.26%', '2:0.00%', '3:63.76%', '4:0.00%', '5:0.00%', '6:0.00%', '7:0.00%', '8:0.00%', '9:0.00%']
The model is from round 0 from central server, staleness is 14

Cluster round 1 completed, aggregated models from all the clients, time past : 4300msec, loss : 2.32, accuracy 10.14%
Accuracy per label : ['0:0.00%', '1:0.00%', '2:0.00%', '3:99.80%', '4:0.00%', '5:0.00%', '6:0.00%', '7:0.19%', '8:0.41%', '9:0.00%']

Cluster round 2 completed, aggregated models from all the clients, time past : 8500msec, loss : 2.30, accuracy 10.18%
Accuracy per label : ['0:0.00%', '1:0.00%', '2:0.00%', '3:1.58%', '4:0.00%', '5:0.11%', '6:0.00%', '7:93.19%', '8:4.41%', '9:0.00%']

Before aggregation, loss : 2.22, accuracy : 17.46%
Before aggregation, accuracy per label : ['0:22.14%', '1:13.66%', '2:0.00%', '3:43.96%', '4:0.51%', '5:0.00%', '6:9.50%', '7:60.51%', '8:1.64%', '9:19.43%']
Aggregation to central server completed at central server round 1000, loss : 2.22, accuracy: 16.26%, staleness : 14
Accuracy per label after aggregation : ['0:14.49%', '1:13.74%', '2:0.00%', '3:41.78%', '4:0.51%', '5:0.00%', '6:7.31%', '7:63.52%', '8:2.36%', '9:15.36%']

-----------------------------------------------------

Central server round 34 started
Model sent from central server with 100msec communication time, with loss :2.22, accuracy : 16.26%
Accuracy per label : ['0:14.49%', '1:13.74%', '2:0.00%', '3:41.78%', '4:0.51%', '5:0.00%', '6:7.31%', '7:63.52%', '8:2.36%', '9:15.36%']
The model is from round 15 from central server, staleness is 18

Cluster round 1 completed, aggregated models from all the clients, time past : 4300msec, loss : 2.18, accuracy 27.83%
Accuracy per label : ['0:12.24%', '1:58.85%', '2:35.66%', '3:0.50%', '4:8.25%', '5:8.97%', '6:21.71%', '7:97.67%', '8:25.46%', '9:0.10%']

Cluster round 2 completed, aggregated models from all the clients, time past : 8500msec, loss : 2.13, accuracy 38.27%
Accuracy per label : ['0:15.92%', '1:67.22%', '2:55.62%', '3:1.09%', '4:39.41%', '5:34.08%', '6:45.51%', '7:94.84%', '8:22.59%', '9:0.10%']

Before aggregation, loss : 2.08, accuracy : 47.40%
Before aggregation, accuracy per label : ['0:95.10%', '1:69.87%', '2:52.23%', '3:35.94%', '4:39.82%', '5:0.00%', '6:62.00%', '7:53.31%', '8:0.00%', '9:57.48%']
Aggregation to central server completed at central server round 1000, loss : 2.08, accuracy: 47.51%, staleness : 18
Accuracy per label after aggregation : ['0:94.39%', '1:70.22%', '2:53.68%', '3:35.84%', '4:41.14%', '5:0.00%', '6:62.32%', '7:55.06%', '8:0.00%', '9:54.11%']

-----------------------------------------------------

Central server round 54 started
Model sent from central server with 100msec communication time, with loss :2.08, accuracy : 47.51%
Accuracy per label : ['0:94.39%', '1:70.22%', '2:53.68%', '3:35.84%', '4:41.14%', '5:0.00%', '6:62.32%', '7:55.06%', '8:0.00%', '9:54.11%']
The model is from round 34 from central server, staleness is 19

Cluster round 1 completed, aggregated models from all the clients, time past : 4300msec, loss : 2.01, accuracy 52.94%
Accuracy per label : ['0:75.31%', '1:82.38%', '2:69.57%', '3:8.81%', '4:57.03%', '5:25.90%', '6:65.76%', '7:90.47%', '8:46.30%', '9:1.19%']

Cluster round 2 completed, aggregated models from all the clients, time past : 8500msec, loss : 1.93, accuracy 56.74%
Accuracy per label : ['0:69.29%', '1:86.34%', '2:68.02%', '3:19.80%', '4:71.69%', '5:44.17%', '6:71.71%', '7:89.98%', '8:41.17%', '9:0.20%']

Before aggregation, loss : 1.81, accuracy : 58.86%
Before aggregation, accuracy per label : ['0:96.73%', '1:94.80%', '2:68.12%', '3:57.43%', '4:61.81%', '5:0.00%', '6:73.90%', '7:59.24%', '8:0.51%', '9:64.42%']
Aggregation to central server completed at central server round 1000, loss : 1.81, accuracy: 59.07%, staleness : 19
Accuracy per label after aggregation : ['0:96.73%', '1:94.80%', '2:68.70%', '3:58.02%', '4:63.34%', '5:0.00%', '6:74.11%', '7:60.60%', '8:0.51%', '9:62.24%']

-----------------------------------------------------

Central server round 75 started
Model sent from central server with 100msec communication time, with loss :1.81, accuracy : 59.07%
Accuracy per label : ['0:96.73%', '1:94.80%', '2:68.70%', '3:58.02%', '4:63.34%', '5:0.00%', '6:74.11%', '7:60.60%', '8:0.51%', '9:62.24%']
The model is from round 54 from central server, staleness is 20

Cluster round 1 completed, aggregated models from all the clients, time past : 4300msec, loss : 1.70, accuracy 64.12%
Accuracy per label : ['0:88.88%', '1:92.25%', '2:70.45%', '3:49.21%', '4:77.60%', '5:35.31%', '6:79.44%', '7:87.06%', '8:51.75%', '9:3.27%']

Cluster round 2 completed, aggregated models from all the clients, time past : 8500msec, loss : 1.58, accuracy 66.34%
Accuracy per label : ['0:87.65%', '1:93.30%', '2:70.54%', '3:59.80%', '4:81.06%', '5:43.61%', '6:81.21%', '7:87.65%', '8:50.21%', '9:3.07%']

Before aggregation, loss : 1.52, accuracy : 64.20%
Before aggregation, accuracy per label : ['0:96.73%', '1:95.86%', '2:71.41%', '3:70.40%', '4:64.36%', '5:2.13%', '6:80.90%', '7:75.19%', '8:10.99%', '9:62.44%']
Aggregation to central server completed at central server round 1000, loss : 1.52, accuracy: 64.43%, staleness : 20
Accuracy per label after aggregation : ['0:96.53%', '1:95.86%', '2:71.61%', '3:70.30%', '4:65.27%', '5:2.80%', '6:80.79%', '7:75.78%', '8:12.73%', '9:61.15%']

-----------------------------------------------------

Central server round 93 started
Model sent from central server with 100msec communication time, with loss :1.52, accuracy : 64.43%
Accuracy per label : ['0:96.53%', '1:95.86%', '2:71.61%', '3:70.30%', '4:65.27%', '5:2.80%', '6:80.79%', '7:75.78%', '8:12.73%', '9:61.15%']
The model is from round 75 from central server, staleness is 17

Cluster round 1 completed, aggregated models from all the clients, time past : 4300msec, loss : 1.40, accuracy 68.96%
Accuracy per label : ['0:90.61%', '1:94.36%', '2:73.26%', '3:69.60%', '4:82.08%', '5:39.01%', '6:82.88%', '7:87.16%', '8:55.85%', '9:8.92%']

Cluster round 2 completed, aggregated models from all the clients, time past : 8500msec, loss : 1.28, accuracy 70.70%
Accuracy per label : ['0:90.31%', '1:94.01%', '2:74.90%', '3:75.64%', '4:84.32%', '5:44.62%', '6:84.13%', '7:87.84%', '8:55.03%', '9:10.90%']

Before aggregation, loss : 1.21, accuracy : 69.86%
Before aggregation, accuracy per label : ['0:95.82%', '1:95.86%', '2:73.93%', '3:78.51%', '4:64.15%', '5:17.04%', '6:84.86%', '7:77.63%', '8:29.77%', '9:71.36%']
Aggregation to central server completed at central server round 1000, loss : 1.21, accuracy: 70.17%, staleness : 17
Accuracy per label after aggregation : ['0:95.71%', '1:95.86%', '2:73.93%', '3:78.81%', '4:65.38%', '5:18.16%', '6:84.86%', '7:78.11%', '8:31.21%', '9:70.17%']

-----------------------------------------------------

Central server round 113 started
Model sent from central server with 100msec communication time, with loss :1.21, accuracy : 70.17%
Accuracy per label : ['0:95.71%', '1:95.86%', '2:73.93%', '3:78.81%', '4:65.38%', '5:18.16%', '6:84.86%', '7:78.11%', '8:31.21%', '9:70.17%']
The model is from round 93 from central server, staleness is 19

Cluster round 1 completed, aggregated models from all the clients, time past : 4300msec, loss : 1.10, accuracy 73.14%
Accuracy per label : ['0:92.04%', '1:94.10%', '2:77.62%', '3:80.59%', '4:82.79%', '5:43.95%', '6:85.18%', '7:87.55%', '8:57.80%', '9:24.28%']

Cluster round 2 completed, aggregated models from all the clients, time past : 8500msec, loss : 1.01, accuracy 74.56%
Accuracy per label : ['0:92.04%', '1:93.74%', '2:78.59%', '3:82.57%', '4:84.01%', '5:50.67%', '6:85.59%', '7:88.23%', '8:57.49%', '9:27.85%']

Before aggregation, loss : 0.94, accuracy : 74.47%
Before aggregation, accuracy per label : ['0:95.41%', '1:95.51%', '2:77.71%', '3:82.97%', '4:65.68%', '5:37.11%', '6:85.07%', '7:80.25%', '8:43.22%', '9:74.43%']
Aggregation to central server completed at central server round 1000, loss : 0.94, accuracy: 74.60%, staleness : 19
Accuracy per label after aggregation : ['0:95.31%', '1:95.33%', '2:77.81%', '3:83.07%', '4:66.70%', '5:37.44%', '6:85.18%', '7:80.64%', '8:43.63%', '9:73.64%']

-----------------------------------------------------

Central server round 133 started
Model sent from central server with 100msec communication time, with loss :0.94, accuracy : 74.60%
Accuracy per label : ['0:95.31%', '1:95.33%', '2:77.81%', '3:83.07%', '4:66.70%', '5:37.44%', '6:85.18%', '7:80.64%', '8:43.63%', '9:73.64%']
The model is from round 113 from central server, staleness is 19

Cluster round 1 completed, aggregated models from all the clients, time past : 4300msec, loss : 0.87, accuracy 76.76%
Accuracy per label : ['0:92.65%', '1:93.48%', '2:80.91%', '3:84.36%', '4:82.38%', '5:55.49%', '6:85.39%', '7:88.13%', '8:60.37%', '9:40.04%']

Cluster round 2 completed, aggregated models from all the clients, time past : 8500msec, loss : 0.81, accuracy 77.64%
Accuracy per label : ['0:92.45%', '1:93.57%', '2:81.30%', '3:84.46%', '4:82.99%', '5:61.43%', '6:85.39%', '7:87.45%', '8:61.09%', '9:42.52%']

Before aggregation, loss : 0.79, accuracy : 77.43%
Before aggregation, accuracy per label : ['0:95.00%', '1:95.24%', '2:80.14%', '3:84.36%', '4:64.77%', '5:51.79%', '6:86.33%', '7:81.81%', '8:49.69%', '9:79.48%']
Aggregation to central server completed at central server round 1000, loss : 0.79, accuracy: 77.53%, staleness : 19
Accuracy per label after aggregation : ['0:95.00%', '1:95.15%', '2:80.23%', '3:84.46%', '4:65.89%', '5:52.24%', '6:86.33%', '7:81.91%', '8:50.21%', '9:78.30%']

-----------------------------------------------------

Central server round 154 started
Model sent from central server with 100msec communication time, with loss :0.79, accuracy : 77.53%
Accuracy per label : ['0:95.00%', '1:95.15%', '2:80.23%', '3:84.46%', '4:65.89%', '5:52.24%', '6:86.33%', '7:81.91%', '8:50.21%', '9:78.30%']
The model is from round 133 from central server, staleness is 20

Cluster round 1 completed, aggregated models from all the clients, time past : 4300msec, loss : 0.74, accuracy 78.88%
Accuracy per label : ['0:92.86%', '1:93.48%', '2:81.98%', '3:85.25%', '4:81.57%', '5:63.12%', '6:85.91%', '7:86.87%', '8:64.17%', '9:50.05%']

Cluster round 2 completed, aggregated models from all the clients, time past : 8500msec, loss : 0.70, accuracy 79.73%
Accuracy per label : ['0:93.27%', '1:93.74%', '2:82.66%', '3:85.45%', '4:82.28%', '5:65.92%', '6:86.12%', '7:86.28%', '8:66.84%', '9:51.54%']

Before aggregation, loss : 0.68, accuracy : 79.67%
Before aggregation, accuracy per label : ['0:95.31%', '1:94.89%', '2:81.88%', '3:84.36%', '4:67.11%', '5:61.43%', '6:86.33%', '7:82.00%', '8:57.91%', '9:81.07%']
Aggregation to central server completed at central server round 1000, loss : 0.68, accuracy: 79.78%, staleness : 20
Accuracy per label after aggregation : ['0:95.20%', '1:94.89%', '2:81.88%', '3:84.36%', '4:67.82%', '5:61.32%', '6:86.43%', '7:82.59%', '8:58.42%', '9:80.48%']

-----------------------------------------------------

Central server round 172 started
Model sent from central server with 100msec communication time, with loss :0.68, accuracy : 79.78%
Accuracy per label : ['0:95.20%', '1:94.89%', '2:81.88%', '3:84.36%', '4:67.82%', '5:61.32%', '6:86.43%', '7:82.59%', '8:58.42%', '9:80.48%']
The model is from round 154 from central server, staleness is 17

Cluster round 1 completed, aggregated models from all the clients, time past : 4300msec, loss : 0.65, accuracy 80.53%
Accuracy per label : ['0:93.57%', '1:93.66%', '2:82.66%', '3:85.94%', '4:81.16%', '5:67.38%', '6:86.12%', '7:85.80%', '8:70.23%', '9:55.80%']

Cluster round 2 completed, aggregated models from all the clients, time past : 8500msec, loss : 0.63, accuracy 81.12%
Accuracy per label : ['0:93.67%', '1:93.74%', '2:83.04%', '3:85.94%', '4:81.67%', '5:69.51%', '6:86.95%', '7:85.60%', '8:70.53%', '9:57.78%']

Before aggregation, loss : 0.62, accuracy : 81.03%
Before aggregation, accuracy per label : ['0:95.31%', '1:94.98%', '2:82.56%', '3:83.96%', '4:67.41%', '5:67.15%', '6:86.53%', '7:82.10%', '8:63.55%', '9:83.05%']
Aggregation to central server completed at central server round 1000, loss : 0.62, accuracy: 81.13%, staleness : 17
Accuracy per label after aggregation : ['0:95.31%', '1:94.89%', '2:82.56%', '3:84.16%', '4:68.23%', '5:67.26%', '6:86.53%', '7:82.30%', '8:63.96%', '9:82.46%']

-----------------------------------------------------

Central server round 192 started
Model sent from central server with 100msec communication time, with loss :0.62, accuracy : 81.13%
Accuracy per label : ['0:95.31%', '1:94.89%', '2:82.56%', '3:84.16%', '4:68.23%', '5:67.26%', '6:86.53%', '7:82.30%', '8:63.96%', '9:82.46%']
The model is from round 172 from central server, staleness is 19

Cluster round 1 completed, aggregated models from all the clients, time past : 4300msec, loss : 0.59, accuracy 81.98%
Accuracy per label : ['0:93.88%', '1:93.74%', '2:83.33%', '3:86.04%', '4:81.16%', '5:71.52%', '6:86.85%', '7:85.51%', '8:73.82%', '9:61.45%']

Cluster round 2 completed, aggregated models from all the clients, time past : 8500msec, loss : 0.57, accuracy 82.63%
Accuracy per label : ['0:94.29%', '1:93.66%', '2:84.40%', '3:86.24%', '4:81.77%', '5:73.43%', '6:87.68%', '7:85.51%', '8:74.33%', '9:62.74%']

Before aggregation, loss : 0.57, accuracy : 82.46%
Before aggregation, accuracy per label : ['0:95.20%', '1:95.07%', '2:84.21%', '3:84.16%', '4:70.67%', '5:70.63%', '6:87.06%', '7:82.68%', '8:68.89%', '9:82.85%']
Aggregation to central server completed at central server round 1000, loss : 0.57, accuracy: 82.48%, staleness : 19
Accuracy per label after aggregation : ['0:95.20%', '1:95.07%', '2:84.21%', '3:84.16%', '4:71.18%', '5:70.85%', '6:87.06%', '7:82.68%', '8:68.99%', '9:82.26%']

-----------------------------------------------------

Central server round 211 started
Model sent from central server with 100msec communication time, with loss :0.57, accuracy : 82.48%
Accuracy per label : ['0:95.20%', '1:95.07%', '2:84.21%', '3:84.16%', '4:71.18%', '5:70.85%', '6:87.06%', '7:82.68%', '8:68.99%', '9:82.26%']
The model is from round 192 from central server, staleness is 18

Cluster round 1 completed, aggregated models from all the clients, time past : 4300msec, loss : 0.55, accuracy 83.28%
Accuracy per label : ['0:95.00%', '1:94.10%', '2:84.59%', '3:86.24%', '4:81.26%', '5:74.55%', '6:87.47%', '7:85.80%', '8:75.46%', '9:66.11%']

Cluster round 2 completed, aggregated models from all the clients, time past : 8500msec, loss : 0.53, accuracy 83.68%
Accuracy per label : ['0:95.10%', '1:93.83%', '2:85.27%', '3:86.14%', '4:82.48%', '5:75.67%', '6:88.00%', '7:85.60%', '8:76.69%', '9:66.01%']

Before aggregation, loss : 0.53, accuracy : 83.33%
Before aggregation, accuracy per label : ['0:95.61%', '1:95.07%', '2:84.40%', '3:84.36%', '4:71.28%', '5:74.89%', '6:87.27%', '7:82.98%', '8:70.53%', '9:84.24%']
Aggregation to central server completed at central server round 1000, loss : 0.53, accuracy: 83.33%, staleness : 18
Accuracy per label after aggregation : ['0:95.61%', '1:95.07%', '2:84.50%', '3:84.26%', '4:71.59%', '5:74.89%', '6:87.27%', '7:83.27%', '8:70.64%', '9:83.55%']

-----------------------------------------------------

Central server round 230 started
Model sent from central server with 100msec communication time, with loss :0.53, accuracy : 83.33%
Accuracy per label : ['0:95.61%', '1:95.07%', '2:84.50%', '3:84.26%', '4:71.59%', '5:74.89%', '6:87.27%', '7:83.27%', '8:70.64%', '9:83.55%']
The model is from round 211 from central server, staleness is 18

Cluster round 1 completed, aggregated models from all the clients, time past : 4300msec, loss : 0.51, accuracy 84.34%
Accuracy per label : ['0:95.51%', '1:94.27%', '2:85.27%', '3:86.24%', '4:81.87%', '5:76.91%', '6:88.41%', '7:85.60%', '8:78.13%', '9:69.28%']

Cluster round 2 completed, aggregated models from all the clients, time past : 8500msec, loss : 0.50, accuracy 84.58%
Accuracy per label : ['0:95.51%', '1:94.19%', '2:85.76%', '3:85.64%', '4:81.98%', '5:78.14%', '6:89.04%', '7:85.51%', '8:78.85%', '9:69.47%']

Before aggregation, loss : 0.50, accuracy : 84.02%
Before aggregation, accuracy per label : ['0:95.51%', '1:95.15%', '2:84.79%', '3:83.96%', '4:72.91%', '5:76.79%', '6:87.89%', '7:83.37%', '8:71.87%', '9:85.53%']
Aggregation to central server completed at central server round 1000, loss : 0.50, accuracy: 84.02%, staleness : 18
Accuracy per label after aggregation : ['0:95.51%', '1:95.15%', '2:84.79%', '3:83.96%', '4:73.42%', '5:76.68%', '6:87.89%', '7:83.46%', '8:71.97%', '9:84.94%']

-----------------------------------------------------

Central server round 250 started
Model sent from central server with 100msec communication time, with loss :0.50, accuracy : 84.02%
Accuracy per label : ['0:95.51%', '1:95.15%', '2:84.79%', '3:83.96%', '4:73.42%', '5:76.68%', '6:87.89%', '7:83.46%', '8:71.97%', '9:84.94%']
The model is from round 230 from central server, staleness is 19

Cluster round 1 completed, aggregated models from all the clients, time past : 4300msec, loss : 0.49, accuracy 84.82%
Accuracy per label : ['0:95.71%', '1:94.36%', '2:85.66%', '3:85.45%', '4:82.28%', '5:78.25%', '6:88.83%', '7:85.80%', '8:78.85%', '9:71.26%']

Cluster round 2 completed, aggregated models from all the clients, time past : 8500msec, loss : 0.48, accuracy 85.29%
Accuracy per label : ['0:96.02%', '1:94.27%', '2:86.05%', '3:85.64%', '4:82.79%', '5:79.82%', '6:89.56%', '7:85.60%', '8:79.57%', '9:72.05%']

Before aggregation, loss : 0.47, accuracy : 85.02%
Before aggregation, accuracy per label : ['0:96.22%', '1:95.59%', '2:85.27%', '3:84.95%', '4:75.46%', '5:78.14%', '6:88.10%', '7:84.05%', '8:74.64%', '9:85.53%']
Aggregation to central server completed at central server round 1000, loss : 0.47, accuracy: 85.02%, staleness : 19
Accuracy per label after aggregation : ['0:96.12%', '1:95.51%', '2:85.37%', '3:84.85%', '4:75.66%', '5:78.25%', '6:88.10%', '7:84.05%', '8:74.85%', '9:85.23%']

-----------------------------------------------------

Central server round 271 started
Model sent from central server with 100msec communication time, with loss :0.47, accuracy : 85.02%
Accuracy per label : ['0:96.12%', '1:95.51%', '2:85.37%', '3:84.85%', '4:75.66%', '5:78.25%', '6:88.10%', '7:84.05%', '8:74.85%', '9:85.23%']
The model is from round 250 from central server, staleness is 20

Cluster round 1 completed, aggregated models from all the clients, time past : 4300msec, loss : 0.46, accuracy 85.68%
Accuracy per label : ['0:96.12%', '1:94.45%', '2:85.85%', '3:85.84%', '4:83.50%', '5:80.83%', '6:89.46%', '7:85.89%', '8:80.60%', '9:72.84%']

Cluster round 2 completed, aggregated models from all the clients, time past : 8500msec, loss : 0.46, accuracy 85.93%
Accuracy per label : ['0:96.22%', '1:94.45%', '2:86.43%', '3:85.94%', '4:84.11%', '5:81.28%', '6:89.98%', '7:85.70%', '8:81.11%', '9:72.75%']

Before aggregation, loss : 0.45, accuracy : 85.57%
Before aggregation, accuracy per label : ['0:96.22%', '1:95.59%', '2:85.47%', '3:84.85%', '4:76.78%', '5:80.72%', '6:88.62%', '7:83.85%', '8:75.87%', '9:85.83%']
Aggregation to central server completed at central server round 1000, loss : 0.45, accuracy: 85.56%, staleness : 20
Accuracy per label after aggregation : ['0:96.22%', '1:95.59%', '2:85.47%', '3:84.85%', '4:77.19%', '5:80.61%', '6:88.73%', '7:83.95%', '8:75.87%', '9:85.23%']

-----------------------------------------------------

Central server round 290 started
Model sent from central server with 100msec communication time, with loss :0.45, accuracy : 85.56%
Accuracy per label : ['0:96.22%', '1:95.59%', '2:85.47%', '3:84.85%', '4:77.19%', '5:80.61%', '6:88.73%', '7:83.95%', '8:75.87%', '9:85.23%']
The model is from round 271 from central server, staleness is 18

Cluster round 1 completed, aggregated models from all the clients, time past : 4300msec, loss : 0.45, accuracy 86.28%
Accuracy per label : ['0:96.43%', '1:94.63%', '2:86.24%', '3:86.14%', '4:84.11%', '5:81.17%', '6:89.98%', '7:85.80%', '8:81.93%', '9:75.02%']

Cluster round 2 completed, aggregated models from all the clients, time past : 8500msec, loss : 0.44, accuracy 86.48%
Accuracy per label : ['0:96.33%', '1:94.80%', '2:86.53%', '3:85.64%', '4:84.73%', '5:81.84%', '6:90.50%', '7:85.80%', '8:82.34%', '9:75.02%']

Before aggregation, loss : 0.44, accuracy : 86.18%
Before aggregation, accuracy per label : ['0:96.22%', '1:95.77%', '2:85.95%', '3:85.45%', '4:77.80%', '5:81.61%', '6:89.35%', '7:84.24%', '8:77.52%', '9:86.12%']
Aggregation to central server completed at central server round 1000, loss : 0.44, accuracy: 86.25%, staleness : 18
Accuracy per label after aggregation : ['0:96.22%', '1:95.77%', '2:86.05%', '3:85.54%', '4:78.00%', '5:81.73%', '6:89.46%', '7:84.14%', '8:78.03%', '9:85.83%']

-----------------------------------------------------

Central server round 309 started
Model sent from central server with 100msec communication time, with loss :0.44, accuracy : 86.25%
Accuracy per label : ['0:96.22%', '1:95.77%', '2:86.05%', '3:85.54%', '4:78.00%', '5:81.73%', '6:89.46%', '7:84.14%', '8:78.03%', '9:85.83%']
The model is from round 290 from central server, staleness is 18

Cluster round 1 completed, aggregated models from all the clients, time past : 4300msec, loss : 0.43, accuracy 86.77%
Accuracy per label : ['0:96.33%', '1:94.89%', '2:86.63%', '3:85.94%', '4:84.52%', '5:82.85%', '6:90.40%', '7:85.80%', '8:82.75%', '9:76.41%']

Cluster round 2 completed, aggregated models from all the clients, time past : 8500msec, loss : 0.43, accuracy 86.91%
Accuracy per label : ['0:96.43%', '1:94.89%', '2:86.63%', '3:85.45%', '4:85.74%', '5:83.30%', '6:90.81%', '7:85.99%', '8:82.96%', '9:75.82%']

Before aggregation, loss : 0.42, accuracy : 86.60%
Before aggregation, accuracy per label : ['0:96.22%', '1:95.86%', '2:86.05%', '3:85.45%', '4:78.82%', '5:81.84%', '6:89.67%', '7:84.34%', '8:79.47%', '9:86.62%']
Aggregation to central server completed at central server round 1000, loss : 0.42, accuracy: 86.64%, staleness : 18
Accuracy per label after aggregation : ['0:96.22%', '1:95.77%', '2:86.05%', '3:85.45%', '4:79.33%', '5:81.95%', '6:89.67%', '7:84.44%', '8:79.47%', '9:86.42%']

-----------------------------------------------------

Central server round 330 started
Model sent from central server with 100msec communication time, with loss :0.42, accuracy : 86.64%
Accuracy per label : ['0:96.22%', '1:95.77%', '2:86.05%', '3:85.45%', '4:79.33%', '5:81.95%', '6:89.67%', '7:84.44%', '8:79.47%', '9:86.42%']
The model is from round 309 from central server, staleness is 20

Cluster round 1 completed, aggregated models from all the clients, time past : 4300msec, loss : 0.42, accuracy 87.13%
Accuracy per label : ['0:96.22%', '1:95.15%', '2:86.72%', '3:85.94%', '4:84.93%', '5:83.41%', '6:90.92%', '7:85.80%', '8:83.16%', '9:77.90%']

Cluster round 2 completed, aggregated models from all the clients, time past : 8500msec, loss : 0.41, accuracy 87.35%
Accuracy per label : ['0:96.53%', '1:94.98%', '2:86.72%', '3:85.84%', '4:86.15%', '5:84.42%', '6:91.13%', '7:85.89%', '8:83.26%', '9:77.60%']

Before aggregation, loss : 0.41, accuracy : 87.11%
Before aggregation, accuracy per label : ['0:96.22%', '1:96.12%', '2:86.34%', '3:85.25%', '4:80.35%', '5:82.74%', '6:89.98%', '7:84.73%', '8:80.80%', '9:87.02%']
Aggregation to central server completed at central server round 1000, loss : 0.41, accuracy: 87.21%, staleness : 20
Accuracy per label after aggregation : ['0:96.33%', '1:96.12%', '2:86.34%', '3:85.54%', '4:80.65%', '5:82.85%', '6:90.29%', '7:84.73%', '8:80.80%', '9:86.92%']

-----------------------------------------------------

Central server round 349 started
Model sent from central server with 100msec communication time, with loss :0.41, accuracy : 87.21%
Accuracy per label : ['0:96.33%', '1:96.12%', '2:86.34%', '3:85.54%', '4:80.65%', '5:82.85%', '6:90.29%', '7:84.73%', '8:80.80%', '9:86.92%']
The model is from round 330 from central server, staleness is 18

Cluster round 1 completed, aggregated models from all the clients, time past : 4300msec, loss : 0.40, accuracy 87.58%
Accuracy per label : ['0:96.53%', '1:95.24%', '2:87.21%', '3:85.84%', '4:85.74%', '5:83.86%', '6:91.23%', '7:86.09%', '8:83.98%', '9:78.99%']

Cluster round 2 completed, aggregated models from all the clients, time past : 8500msec, loss : 0.40, accuracy 87.75%
Accuracy per label : ['0:96.73%', '1:95.07%', '2:87.40%', '3:85.74%', '4:86.15%', '5:85.20%', '6:91.54%', '7:85.89%', '8:84.09%', '9:78.79%']

Before aggregation, loss : 0.39, accuracy : 87.64%
Before aggregation, accuracy per label : ['0:96.84%', '1:96.30%', '2:86.34%', '3:85.84%', '4:81.47%', '5:82.74%', '6:90.71%', '7:85.02%', '8:81.93%', '9:87.71%']
Aggregation to central server completed at central server round 1000, loss : 0.39, accuracy: 87.68%, staleness : 18
Accuracy per label after aggregation : ['0:96.84%', '1:96.30%', '2:86.43%', '3:85.74%', '4:81.67%', '5:82.74%', '6:90.81%', '7:84.92%', '8:82.14%', '9:87.71%']

-----------------------------------------------------

Central server round 369 started
Model sent from central server with 100msec communication time, with loss :0.39, accuracy : 87.68%
Accuracy per label : ['0:96.84%', '1:96.30%', '2:86.43%', '3:85.74%', '4:81.67%', '5:82.74%', '6:90.81%', '7:84.92%', '8:82.14%', '9:87.71%']
The model is from round 349 from central server, staleness is 19

Cluster round 1 completed, aggregated models from all the clients, time past : 4300msec, loss : 0.39, accuracy 87.97%
Accuracy per label : ['0:96.63%', '1:95.42%', '2:87.60%', '3:86.24%', '4:85.85%', '5:85.09%', '6:91.65%', '7:86.19%', '8:84.19%', '9:79.88%']

Cluster round 2 completed, aggregated models from all the clients, time past : 8500msec, loss : 0.39, accuracy 88.04%
Accuracy per label : ['0:96.63%', '1:95.24%', '2:87.79%', '3:86.04%', '4:86.15%', '5:86.10%', '6:91.65%', '7:85.80%', '8:84.50%', '9:79.68%']

Before aggregation, loss : 0.38, accuracy : 87.86%
Before aggregation, accuracy per label : ['0:96.63%', '1:96.39%', '2:86.63%', '3:85.45%', '4:82.28%', '5:83.07%', '6:90.92%', '7:84.73%', '8:82.75%', '9:88.31%']
Aggregation to central server completed at central server round 1000, loss : 0.38, accuracy: 87.90%, staleness : 19
Accuracy per label after aggregation : ['0:96.73%', '1:96.30%', '2:86.82%', '3:85.54%', '4:82.38%', '5:83.07%', '6:91.02%', '7:84.73%', '8:82.85%', '9:88.11%']

-----------------------------------------------------

Central server round 388 started
Model sent from central server with 100msec communication time, with loss :0.38, accuracy : 87.90%
Accuracy per label : ['0:96.73%', '1:96.30%', '2:86.82%', '3:85.54%', '4:82.38%', '5:83.07%', '6:91.02%', '7:84.73%', '8:82.85%', '9:88.11%']
The model is from round 369 from central server, staleness is 18

Cluster round 1 completed, aggregated models from all the clients, time past : 4300msec, loss : 0.38, accuracy 88.32%
Accuracy per label : ['0:96.84%', '1:95.68%', '2:87.79%', '3:85.94%', '4:86.15%', '5:85.76%', '6:91.86%', '7:86.09%', '8:85.52%', '9:80.67%']

Cluster round 2 completed, aggregated models from all the clients, time past : 8500msec, loss : 0.38, accuracy 88.38%
Accuracy per label : ['0:96.84%', '1:95.68%', '2:87.89%', '3:85.84%', '4:86.56%', '5:86.21%', '6:91.65%', '7:85.89%', '8:85.93%', '9:80.48%']

Before aggregation, loss : 0.37, accuracy : 88.24%
Before aggregation, accuracy per label : ['0:96.94%', '1:96.48%', '2:87.21%', '3:85.25%', '4:83.10%', '5:83.86%', '6:91.02%', '7:84.92%', '8:84.19%', '9:88.11%']
Aggregation to central server completed at central server round 1000, loss : 0.37, accuracy: 88.29%, staleness : 18
Accuracy per label after aggregation : ['0:96.94%', '1:96.48%', '2:87.21%', '3:85.45%', '4:83.10%', '5:83.97%', '6:91.02%', '7:85.02%', '8:84.29%', '9:88.11%']

-----------------------------------------------------

Central server round 408 started
Model sent from central server with 100msec communication time, with loss :0.37, accuracy : 88.29%
Accuracy per label : ['0:96.94%', '1:96.48%', '2:87.21%', '3:85.45%', '4:83.10%', '5:83.97%', '6:91.02%', '7:85.02%', '8:84.29%', '9:88.11%']
The model is from round 388 from central server, staleness is 19

Cluster round 1 completed, aggregated models from all the clients, time past : 4300msec, loss : 0.37, accuracy 88.64%
Accuracy per label : ['0:96.94%', '1:95.86%', '2:88.08%', '3:85.84%', '4:86.35%', '5:85.87%', '6:91.96%', '7:86.28%', '8:86.24%', '9:82.06%']

Cluster round 2 completed, aggregated models from all the clients, time past : 8500msec, loss : 0.37, accuracy 88.63%
Accuracy per label : ['0:97.04%', '1:95.77%', '2:88.37%', '3:85.94%', '4:86.46%', '5:86.43%', '6:91.86%', '7:85.99%', '8:86.24%', '9:81.37%']

Before aggregation, loss : 0.36, accuracy : 88.52%
Before aggregation, accuracy per label : ['0:97.24%', '1:96.56%', '2:87.21%', '3:86.04%', '4:83.50%', '5:83.86%', '6:91.44%', '7:85.41%', '8:84.39%', '9:88.21%']
Aggregation to central server completed at central server round 1000, loss : 0.36, accuracy: 88.57%, staleness : 19
Accuracy per label after aggregation : ['0:97.24%', '1:96.56%', '2:87.21%', '3:86.04%', '4:83.81%', '5:83.97%', '6:91.44%', '7:85.51%', '8:84.39%', '9:88.21%']

-----------------------------------------------------

Central server round 426 started
Model sent from central server with 100msec communication time, with loss :0.36, accuracy : 88.57%
Accuracy per label : ['0:97.24%', '1:96.56%', '2:87.21%', '3:86.04%', '4:83.81%', '5:83.97%', '6:91.44%', '7:85.51%', '8:84.39%', '9:88.21%']
The model is from round 408 from central server, staleness is 17

Cluster round 1 completed, aggregated models from all the clients, time past : 4300msec, loss : 0.36, accuracy 88.80%
Accuracy per label : ['0:97.14%', '1:95.95%', '2:88.18%', '3:85.94%', '4:86.56%', '5:85.99%', '6:91.96%', '7:86.58%', '8:86.45%', '9:82.36%']

Cluster round 2 completed, aggregated models from all the clients, time past : 8500msec, loss : 0.36, accuracy 88.84%
Accuracy per label : ['0:97.14%', '1:95.86%', '2:88.57%', '3:86.04%', '4:86.56%', '5:86.77%', '6:92.17%', '7:85.99%', '8:86.55%', '9:81.96%']

Before aggregation, loss : 0.36, accuracy : 88.82%
Before aggregation, accuracy per label : ['0:96.94%', '1:96.83%', '2:87.11%', '3:85.45%', '4:83.91%', '5:83.63%', '6:91.34%', '7:85.31%', '8:86.14%', '9:90.19%']
Aggregation to central server completed at central server round 1000, loss : 0.36, accuracy: 88.84%, staleness : 17
Accuracy per label after aggregation : ['0:97.04%', '1:96.74%', '2:87.11%', '3:85.45%', '4:83.91%', '5:83.97%', '6:91.34%', '7:85.41%', '8:86.34%', '9:89.79%']

-----------------------------------------------------

Central server round 447 started
Model sent from central server with 100msec communication time, with loss :0.36, accuracy : 88.84%
Accuracy per label : ['0:97.04%', '1:96.74%', '2:87.11%', '3:85.45%', '4:83.91%', '5:83.97%', '6:91.34%', '7:85.41%', '8:86.34%', '9:89.79%']
The model is from round 426 from central server, staleness is 20

Cluster round 1 completed, aggregated models from all the clients, time past : 4300msec, loss : 0.36, accuracy 89.07%
Accuracy per label : ['0:97.14%', '1:95.95%', '2:88.47%', '3:86.14%', '4:86.66%', '5:86.66%', '6:92.07%', '7:86.58%', '8:87.27%', '9:82.95%']

Cluster round 2 completed, aggregated models from all the clients, time past : 8500msec, loss : 0.35, accuracy 89.11%
Accuracy per label : ['0:97.24%', '1:95.95%', '2:88.86%', '3:85.94%', '4:86.76%', '5:87.00%', '6:92.28%', '7:86.19%', '8:87.68%', '9:82.46%']

Before aggregation, loss : 0.35, accuracy : 89.14%
Before aggregation, accuracy per label : ['0:97.24%', '1:97.09%', '2:87.69%', '3:86.04%', '4:84.11%', '5:83.86%', '6:91.86%', '7:85.99%', '8:86.45%', '9:89.69%']
Aggregation to central server completed at central server round 1000, loss : 0.35, accuracy: 89.17%, staleness : 20
Accuracy per label after aggregation : ['0:97.24%', '1:96.92%', '2:87.69%', '3:86.04%', '4:84.52%', '5:83.97%', '6:91.86%', '7:86.09%', '8:86.45%', '9:89.59%']

-----------------------------------------------------

Central server round 467 started
Model sent from central server with 100msec communication time, with loss :0.35, accuracy : 89.17%
Accuracy per label : ['0:97.24%', '1:96.92%', '2:87.69%', '3:86.04%', '4:84.52%', '5:83.97%', '6:91.86%', '7:86.09%', '8:86.45%', '9:89.59%']
The model is from round 447 from central server, staleness is 19

Cluster round 1 completed, aggregated models from all the clients, time past : 4300msec, loss : 0.35, accuracy 89.28%
Accuracy per label : ['0:97.14%', '1:95.95%', '2:88.95%', '3:86.24%', '4:86.66%', '5:86.77%', '6:92.07%', '7:86.67%', '8:88.09%', '9:83.45%']

Cluster round 2 completed, aggregated models from all the clients, time past : 8500msec, loss : 0.35, accuracy 89.38%
Accuracy per label : ['0:97.45%', '1:96.04%', '2:89.34%', '3:86.34%', '4:86.86%', '5:86.77%', '6:92.48%', '7:86.28%', '8:88.40%', '9:83.05%']

Before aggregation, loss : 0.34, accuracy : 89.37%
Before aggregation, accuracy per label : ['0:97.45%', '1:97.00%', '2:87.50%', '3:86.04%', '4:85.13%', '5:83.97%', '6:91.65%', '7:85.99%', '8:87.06%', '9:90.58%']
Aggregation to central server completed at central server round 1000, loss : 0.34, accuracy: 89.38%, staleness : 19
Accuracy per label after aggregation : ['0:97.45%', '1:97.00%', '2:87.50%', '3:86.04%', '4:85.34%', '5:84.08%', '6:91.75%', '7:86.09%', '8:87.06%', '9:90.19%']

-----------------------------------------------------

Central server round 486 started
Model sent from central server with 100msec communication time, with loss :0.34, accuracy : 89.38%
Accuracy per label : ['0:97.45%', '1:97.00%', '2:87.50%', '3:86.04%', '4:85.34%', '5:84.08%', '6:91.75%', '7:86.09%', '8:87.06%', '9:90.19%']
The model is from round 467 from central server, staleness is 18

Cluster round 1 completed, aggregated models from all the clients, time past : 4300msec, loss : 0.34, accuracy 89.48%
Accuracy per label : ['0:97.55%', '1:96.04%', '2:89.24%', '3:86.53%', '4:86.56%', '5:87.11%', '6:92.17%', '7:86.77%', '8:88.30%', '9:83.75%']

Cluster round 2 completed, aggregated models from all the clients, time past : 8500msec, loss : 0.34, accuracy 89.66%
Accuracy per label : ['0:97.55%', '1:96.21%', '2:89.44%', '3:86.83%', '4:86.97%', '5:87.22%', '6:92.28%', '7:86.67%', '8:88.71%', '9:83.94%']

Before aggregation, loss : 0.33, accuracy : 89.62%
Before aggregation, accuracy per label : ['0:97.55%', '1:97.09%', '2:87.69%', '3:86.73%', '4:85.74%', '5:84.19%', '6:92.17%', '7:86.38%', '8:86.86%', '9:90.49%']
Aggregation to central server completed at central server round 1000, loss : 0.33, accuracy: 89.60%, staleness : 18
Accuracy per label after aggregation : ['0:97.55%', '1:97.09%', '2:87.69%', '3:86.73%', '4:85.95%', '5:84.19%', '6:92.17%', '7:86.28%', '8:87.06%', '9:89.99%']

-----------------------------------------------------

Central server round 506 started
Model sent from central server with 100msec communication time, with loss :0.33, accuracy : 89.60%
Accuracy per label : ['0:97.55%', '1:97.09%', '2:87.69%', '3:86.73%', '4:85.95%', '5:84.19%', '6:92.17%', '7:86.28%', '8:87.06%', '9:89.99%']
The model is from round 486 from central server, staleness is 19

Cluster round 1 completed, aggregated models from all the clients, time past : 4300msec, loss : 0.34, accuracy 89.67%
Accuracy per label : ['0:97.55%', '1:96.39%', '2:89.44%', '3:86.53%', '4:86.86%', '5:87.44%', '6:92.38%', '7:86.67%', '8:88.60%', '9:84.04%']

Cluster round 2 completed, aggregated models from all the clients, time past : 8500msec, loss : 0.33, accuracy 89.85%
Accuracy per label : ['0:97.76%', '1:96.21%', '2:89.73%', '3:86.73%', '4:87.17%', '5:87.67%', '6:92.28%', '7:86.96%', '8:89.12%', '9:84.14%']

Before aggregation, loss : 0.33, accuracy : 89.87%
Before aggregation, accuracy per label : ['0:97.65%', '1:97.36%', '2:88.08%', '3:87.03%', '4:85.74%', '5:84.42%', '6:92.48%', '7:87.06%', '8:87.17%', '9:90.39%']
Aggregation to central server completed at central server round 1000, loss : 0.33, accuracy: 89.90%, staleness : 19
Accuracy per label after aggregation : ['0:97.65%', '1:97.36%', '2:88.08%', '3:87.13%', '4:85.95%', '5:84.42%', '6:92.59%', '7:87.06%', '8:87.17%', '9:90.29%']

-----------------------------------------------------

Central server round 526 started
Model sent from central server with 100msec communication time, with loss :0.33, accuracy : 89.90%
Accuracy per label : ['0:97.65%', '1:97.36%', '2:88.08%', '3:87.13%', '4:85.95%', '5:84.42%', '6:92.59%', '7:87.06%', '8:87.17%', '9:90.29%']
The model is from round 506 from central server, staleness is 19

Cluster round 1 completed, aggregated models from all the clients, time past : 4300msec, loss : 0.33, accuracy 89.82%
Accuracy per label : ['0:97.76%', '1:96.30%', '2:89.34%', '3:86.83%', '4:87.07%', '5:87.56%', '6:92.48%', '7:86.67%', '8:89.22%', '9:84.24%']

Cluster round 2 completed, aggregated models from all the clients, time past : 8500msec, loss : 0.33, accuracy 90.04%
Accuracy per label : ['0:97.76%', '1:96.30%', '2:90.12%', '3:86.73%', '4:87.47%', '5:88.12%', '6:92.48%', '7:86.96%', '8:89.22%', '9:84.54%']

Before aggregation, loss : 0.32, accuracy : 90.04%
Before aggregation, accuracy per label : ['0:97.65%', '1:97.27%', '2:88.18%', '3:87.03%', '4:86.15%', '5:84.98%', '6:92.80%', '7:86.87%', '8:87.27%', '9:90.98%']
Aggregation to central server completed at central server round 1000, loss : 0.32, accuracy: 90.05%, staleness : 19
Accuracy per label after aggregation : ['0:97.65%', '1:97.36%', '2:88.28%', '3:87.13%', '4:86.25%', '5:84.98%', '6:92.69%', '7:86.96%', '8:87.27%', '9:90.68%']

-----------------------------------------------------

Central server round 545 started
Model sent from central server with 100msec communication time, with loss :0.32, accuracy : 90.05%
Accuracy per label : ['0:97.65%', '1:97.36%', '2:88.28%', '3:87.13%', '4:86.25%', '5:84.98%', '6:92.69%', '7:86.96%', '8:87.27%', '9:90.68%']
The model is from round 526 from central server, staleness is 18

Cluster round 1 completed, aggregated models from all the clients, time past : 4300msec, loss : 0.32, accuracy 89.97%
Accuracy per label : ['0:97.65%', '1:96.30%', '2:89.53%', '3:86.83%', '4:87.58%', '5:87.67%', '6:92.59%', '7:86.96%', '8:89.43%', '9:84.44%']

Cluster round 2 completed, aggregated models from all the clients, time past : 8500msec, loss : 0.32, accuracy 90.24%
Accuracy per label : ['0:97.76%', '1:96.48%', '2:90.21%', '3:86.73%', '4:87.88%', '5:88.57%', '6:92.48%', '7:87.16%', '8:89.53%', '9:84.94%']

Before aggregation, loss : 0.32, accuracy : 90.19%
Before aggregation, accuracy per label : ['0:97.76%', '1:97.62%', '2:88.18%', '3:87.13%', '4:86.56%', '5:85.43%', '6:92.80%', '7:86.96%', '8:87.06%', '9:91.18%']
Aggregation to central server completed at central server round 1000, loss : 0.32, accuracy: 90.18%, staleness : 18
Accuracy per label after aggregation : ['0:97.76%', '1:97.62%', '2:88.28%', '3:87.23%', '4:86.56%', '5:85.43%', '6:92.80%', '7:86.96%', '8:87.06%', '9:90.88%']

-----------------------------------------------------

Central server round 563 started
Model sent from central server with 100msec communication time, with loss :0.32, accuracy : 90.18%
Accuracy per label : ['0:97.76%', '1:97.62%', '2:88.28%', '3:87.23%', '4:86.56%', '5:85.43%', '6:92.80%', '7:86.96%', '8:87.06%', '9:90.88%']
The model is from round 545 from central server, staleness is 17

Cluster round 1 completed, aggregated models from all the clients, time past : 4300msec, loss : 0.32, accuracy 90.12%
Accuracy per label : ['0:97.65%', '1:96.39%', '2:89.63%', '3:86.83%', '4:87.88%', '5:87.89%', '6:92.48%', '7:87.06%', '8:89.63%', '9:85.03%']

Cluster round 2 completed, aggregated models from all the clients, time past : 8500msec, loss : 0.32, accuracy 90.35%
Accuracy per label : ['0:97.76%', '1:96.48%', '2:90.31%', '3:86.83%', '4:87.78%', '5:88.90%', '6:92.48%', '7:87.16%', '8:89.73%', '9:85.43%']

Before aggregation, loss : 0.31, accuracy : 90.41%
Before aggregation, accuracy per label : ['0:97.65%', '1:97.53%', '2:88.37%', '3:87.72%', '4:86.35%', '5:85.20%', '6:93.01%', '7:87.55%', '8:87.99%', '9:91.48%']
Aggregation to central server completed at central server round 1000, loss : 0.31, accuracy: 90.38%, staleness : 17
Accuracy per label after aggregation : ['0:97.76%', '1:97.44%', '2:88.37%', '3:87.72%', '4:86.35%', '5:85.20%', '6:93.01%', '7:87.45%', '8:88.09%', '9:91.18%']

-----------------------------------------------------

Central server round 585 started
Model sent from central server with 100msec communication time, with loss :0.31, accuracy : 90.38%
Accuracy per label : ['0:97.76%', '1:97.44%', '2:88.37%', '3:87.72%', '4:86.35%', '5:85.20%', '6:93.01%', '7:87.45%', '8:88.09%', '9:91.18%']
The model is from round 563 from central server, staleness is 21

Cluster round 1 completed, aggregated models from all the clients, time past : 4300msec, loss : 0.31, accuracy 90.30%
Accuracy per label : ['0:97.76%', '1:96.56%', '2:89.83%', '3:87.13%', '4:88.19%', '5:88.34%', '6:92.69%', '7:86.96%', '8:89.63%', '9:85.23%']

Cluster round 2 completed, aggregated models from all the clients, time past : 8500msec, loss : 0.31, accuracy 90.45%
Accuracy per label : ['0:97.86%', '1:96.65%', '2:90.21%', '3:87.03%', '4:87.98%', '5:88.68%', '6:92.80%', '7:87.16%', '8:90.04%', '9:85.43%']

Before aggregation, loss : 0.31, accuracy : 90.49%
Before aggregation, accuracy per label : ['0:97.65%', '1:97.44%', '2:88.76%', '3:87.03%', '4:86.76%', '5:85.76%', '6:93.01%', '7:87.35%', '8:88.30%', '9:91.67%']
Aggregation to central server completed at central server round 1000, loss : 0.31, accuracy: 90.50%, staleness : 21
Accuracy per label after aggregation : ['0:97.65%', '1:97.44%', '2:88.76%', '3:87.03%', '4:86.86%', '5:85.76%', '6:92.90%', '7:87.45%', '8:88.40%', '9:91.58%']

-----------------------------------------------------

Central server round 604 started
Model sent from central server with 100msec communication time, with loss :0.31, accuracy : 90.50%
Accuracy per label : ['0:97.65%', '1:97.44%', '2:88.76%', '3:87.03%', '4:86.86%', '5:85.76%', '6:92.90%', '7:87.45%', '8:88.40%', '9:91.58%']
The model is from round 585 from central server, staleness is 18

Cluster round 1 completed, aggregated models from all the clients, time past : 4300msec, loss : 0.31, accuracy 90.50%
Accuracy per label : ['0:97.76%', '1:96.83%', '2:90.12%', '3:87.23%', '4:88.19%', '5:88.68%', '6:92.59%', '7:87.06%', '8:90.25%', '9:85.63%']

Cluster round 2 completed, aggregated models from all the clients, time past : 8500msec, loss : 0.31, accuracy 90.59%
Accuracy per label : ['0:97.76%', '1:96.74%', '2:90.21%', '3:86.73%', '4:88.29%', '5:89.13%', '6:92.90%', '7:87.26%', '8:90.45%', '9:85.83%']

Before aggregation, loss : 0.30, accuracy : 90.61%
Before aggregation, accuracy per label : ['0:97.65%', '1:97.44%', '2:88.57%', '3:87.82%', '4:86.97%', '5:85.65%', '6:93.01%', '7:87.84%', '8:88.30%', '9:91.67%']
Aggregation to central server completed at central server round 1000, loss : 0.30, accuracy: 90.63%, staleness : 18
Accuracy per label after aggregation : ['0:97.65%', '1:97.44%', '2:88.57%', '3:87.82%', '4:86.97%', '5:85.65%', '6:93.01%', '7:87.84%', '8:88.60%', '9:91.58%']

-----------------------------------------------------

Central server round 623 started
Model sent from central server with 100msec communication time, with loss :0.30, accuracy : 90.63%
Accuracy per label : ['0:97.65%', '1:97.44%', '2:88.57%', '3:87.82%', '4:86.97%', '5:85.65%', '6:93.01%', '7:87.84%', '8:88.60%', '9:91.58%']
The model is from round 604 from central server, staleness is 18

Cluster round 1 completed, aggregated models from all the clients, time past : 4300msec, loss : 0.30, accuracy 90.64%
Accuracy per label : ['0:97.76%', '1:96.83%', '2:90.21%', '3:87.43%', '4:88.19%', '5:88.68%', '6:92.80%', '7:87.26%', '8:90.35%', '9:86.22%']

Cluster round 2 completed, aggregated models from all the clients, time past : 8500msec, loss : 0.30, accuracy 90.75%
Accuracy per label : ['0:97.86%', '1:96.83%', '2:90.21%', '3:87.03%', '4:88.29%', '5:89.35%', '6:93.01%', '7:87.45%', '8:90.55%', '9:86.32%']

Before aggregation, loss : 0.30, accuracy : 90.69%
Before aggregation, accuracy per label : ['0:97.65%', '1:97.44%', '2:88.76%', '3:87.62%', '4:87.47%', '5:85.99%', '6:93.11%', '7:87.26%', '8:88.50%', '9:91.97%']
Aggregation to central server completed at central server round 1000, loss : 0.30, accuracy: 90.69%, staleness : 18
Accuracy per label after aggregation : ['0:97.65%', '1:97.44%', '2:88.86%', '3:87.62%', '4:87.37%', '5:85.99%', '6:93.11%', '7:87.35%', '8:88.50%', '9:91.87%']

-----------------------------------------------------

Central server round 643 started
Model sent from central server with 100msec communication time, with loss :0.30, accuracy : 90.69%
Accuracy per label : ['0:97.65%', '1:97.44%', '2:88.86%', '3:87.62%', '4:87.37%', '5:85.99%', '6:93.11%', '7:87.35%', '8:88.50%', '9:91.87%']
The model is from round 623 from central server, staleness is 19

Cluster round 1 completed, aggregated models from all the clients, time past : 4300msec, loss : 0.30, accuracy 90.81%
Accuracy per label : ['0:97.86%', '1:97.00%', '2:90.21%', '3:87.72%', '4:88.39%', '5:88.90%', '6:92.80%', '7:87.45%', '8:90.55%', '9:86.52%']

Cluster round 2 completed, aggregated models from all the clients, time past : 8500msec, loss : 0.30, accuracy 90.85%
Accuracy per label : ['0:98.06%', '1:96.83%', '2:90.12%', '3:87.52%', '4:88.29%', '5:89.46%', '6:92.80%', '7:87.45%', '8:90.76%', '9:86.62%']

Before aggregation, loss : 0.29, accuracy : 90.77%
Before aggregation, accuracy per label : ['0:97.65%', '1:97.36%', '2:89.05%', '3:86.93%', '4:87.47%', '5:85.87%', '6:93.01%', '7:87.26%', '8:89.53%', '9:92.47%']
Aggregation to central server completed at central server round 1000, loss : 0.29, accuracy: 90.84%, staleness : 19
Accuracy per label after aggregation : ['0:97.65%', '1:97.36%', '2:89.15%', '3:87.23%', '4:87.58%', '5:85.87%', '6:93.01%', '7:87.45%', '8:89.63%', '9:92.37%']

-----------------------------------------------------

Central server round 663 started
Model sent from central server with 100msec communication time, with loss :0.29, accuracy : 90.84%
Accuracy per label : ['0:97.65%', '1:97.36%', '2:89.15%', '3:87.23%', '4:87.58%', '5:85.87%', '6:93.01%', '7:87.45%', '8:89.63%', '9:92.37%']
The model is from round 643 from central server, staleness is 19

Cluster round 1 completed, aggregated models from all the clients, time past : 4300msec, loss : 0.29, accuracy 90.99%
Accuracy per label : ['0:97.86%', '1:97.18%', '2:90.21%', '3:87.82%', '4:88.29%', '5:89.35%', '6:92.80%', '7:87.65%', '8:90.86%', '9:87.22%']

Cluster round 2 completed, aggregated models from all the clients, time past : 8500msec, loss : 0.29, accuracy 90.99%
Accuracy per label : ['0:98.06%', '1:97.00%', '2:90.41%', '3:87.62%', '4:88.29%', '5:89.80%', '6:92.69%', '7:87.65%', '8:90.86%', '9:86.92%']

Before aggregation, loss : 0.29, accuracy : 91.03%
Before aggregation, accuracy per label : ['0:97.65%', '1:97.53%', '2:88.95%', '3:88.22%', '4:87.78%', '5:86.55%', '6:93.11%', '7:88.13%', '8:88.81%', '9:92.47%']
Aggregation to central server completed at central server round 1000, loss : 0.29, accuracy: 91.05%, staleness : 19
Accuracy per label after aggregation : ['0:97.65%', '1:97.53%', '2:89.05%', '3:88.22%', '4:87.78%', '5:86.66%', '6:93.11%', '7:88.13%', '8:88.91%', '9:92.37%']

-----------------------------------------------------

Central server round 682 started
Model sent from central server with 100msec communication time, with loss :0.29, accuracy : 91.05%
Accuracy per label : ['0:97.65%', '1:97.53%', '2:89.05%', '3:88.22%', '4:87.78%', '5:86.66%', '6:93.11%', '7:88.13%', '8:88.91%', '9:92.37%']
The model is from round 663 from central server, staleness is 18

Cluster round 1 completed, aggregated models from all the clients, time past : 4300msec, loss : 0.29, accuracy 91.08%
Accuracy per label : ['0:97.96%', '1:97.18%', '2:90.21%', '3:87.92%', '4:88.39%', '5:89.46%', '6:92.80%', '7:87.65%', '8:91.27%', '9:87.31%']

Cluster round 2 completed, aggregated models from all the clients, time past : 8500msec, loss : 0.29, accuracy 91.07%
Accuracy per label : ['0:98.06%', '1:97.00%', '2:90.60%', '3:87.62%', '4:88.29%', '5:89.69%', '6:92.59%', '7:87.84%', '8:91.17%', '9:87.22%']

Before aggregation, loss : 0.29, accuracy : 90.95%
Before aggregation, accuracy per label : ['0:97.65%', '1:97.44%', '2:89.05%', '3:86.83%', '4:87.88%', '5:85.87%', '6:93.22%', '7:87.35%', '8:89.63%', '9:93.46%']
Aggregation to central server completed at central server round 1000, loss : 0.29, accuracy: 91.02%, staleness : 18
Accuracy per label after aggregation : ['0:97.65%', '1:97.44%', '2:89.15%', '3:86.93%', '4:88.09%', '5:86.21%', '6:93.22%', '7:87.45%', '8:89.73%', '9:93.26%']

-----------------------------------------------------

Central server round 703 started
Model sent from central server with 100msec communication time, with loss :0.29, accuracy : 91.02%
Accuracy per label : ['0:97.65%', '1:97.44%', '2:89.15%', '3:86.93%', '4:88.09%', '5:86.21%', '6:93.22%', '7:87.45%', '8:89.73%', '9:93.26%']
The model is from round 682 from central server, staleness is 20

Cluster round 1 completed, aggregated models from all the clients, time past : 4300msec, loss : 0.29, accuracy 91.15%
Accuracy per label : ['0:97.96%', '1:97.18%', '2:90.31%', '3:88.02%', '4:88.39%', '5:89.69%', '6:92.69%', '7:87.65%', '8:91.48%', '9:87.51%']

Cluster round 2 completed, aggregated models from all the clients, time past : 8500msec, loss : 0.29, accuracy 91.15%
Accuracy per label : ['0:98.06%', '1:97.00%', '2:90.60%', '3:87.72%', '4:88.39%', '5:90.13%', '6:92.59%', '7:87.74%', '8:91.58%', '9:87.12%']

Before aggregation, loss : 0.28, accuracy : 91.39%
Before aggregation, accuracy per label : ['0:97.86%', '1:97.89%', '2:89.24%', '3:88.91%', '4:88.09%', '5:87.22%', '6:93.22%', '7:88.91%', '8:88.81%', '9:92.67%']
Aggregation to central server completed at central server round 1000, loss : 0.28, accuracy: 91.40%, staleness : 20
Accuracy per label after aggregation : ['0:97.86%', '1:97.89%', '2:89.34%', '3:88.71%', '4:88.09%', '5:87.44%', '6:93.22%', '7:88.91%', '8:88.91%', '9:92.57%']

-----------------------------------------------------

Central server round 722 started
Model sent from central server with 100msec communication time, with loss :0.28, accuracy : 91.40%
Accuracy per label : ['0:97.86%', '1:97.89%', '2:89.34%', '3:88.71%', '4:88.09%', '5:87.44%', '6:93.22%', '7:88.91%', '8:88.91%', '9:92.57%']
The model is from round 703 from central server, staleness is 18

Cluster round 1 completed, aggregated models from all the clients, time past : 4300msec, loss : 0.28, accuracy 91.25%
Accuracy per label : ['0:98.06%', '1:97.09%', '2:90.41%', '3:88.22%', '4:88.39%', '5:90.02%', '6:92.80%', '7:87.94%', '8:91.48%', '9:87.51%']

Cluster round 2 completed, aggregated models from all the clients, time past : 8500msec, loss : 0.28, accuracy 91.31%
Accuracy per label : ['0:98.06%', '1:97.00%', '2:90.79%', '3:87.82%', '4:88.59%', '5:90.36%', '6:92.80%', '7:87.84%', '8:91.58%', '9:87.71%']

Before aggregation, loss : 0.28, accuracy : 91.48%
Before aggregation, accuracy per label : ['0:97.76%', '1:97.71%', '2:89.15%', '3:89.11%', '4:88.29%', '5:87.33%', '6:93.32%', '7:88.81%', '8:89.32%', '9:92.96%']
Aggregation to central server completed at central server round 1000, loss : 0.28, accuracy: 91.47%, staleness : 18
Accuracy per label after aggregation : ['0:97.76%', '1:97.71%', '2:89.24%', '3:88.91%', '4:88.39%', '5:87.44%', '6:93.32%', '7:88.81%', '8:89.32%', '9:92.77%']

-----------------------------------------------------

Central server round 742 started
Model sent from central server with 100msec communication time, with loss :0.28, accuracy : 91.47%
Accuracy per label : ['0:97.76%', '1:97.71%', '2:89.24%', '3:88.91%', '4:88.39%', '5:87.44%', '6:93.32%', '7:88.81%', '8:89.32%', '9:92.77%']
The model is from round 722 from central server, staleness is 19

Cluster round 1 completed, aggregated models from all the clients, time past : 4300msec, loss : 0.28, accuracy 91.42%
Accuracy per label : ['0:98.06%', '1:97.00%', '2:90.60%', '3:88.32%', '4:88.59%', '5:90.13%', '6:92.90%', '7:87.94%', '8:91.79%', '9:88.31%']

Cluster round 2 completed, aggregated models from all the clients, time past : 8500msec, loss : 0.28, accuracy 91.41%
Accuracy per label : ['0:97.96%', '1:97.00%', '2:90.99%', '3:87.92%', '4:88.49%', '5:90.58%', '6:92.90%', '7:87.94%', '8:91.79%', '9:88.01%']

Before aggregation, loss : 0.27, accuracy : 91.54%
Before aggregation, accuracy per label : ['0:97.86%', '1:97.80%', '2:89.44%', '3:88.61%', '4:88.49%', '5:88.12%', '6:93.53%', '7:88.62%', '8:89.01%', '9:92.96%']
Aggregation to central server completed at central server round 1000, loss : 0.27, accuracy: 91.56%, staleness : 19
Accuracy per label after aggregation : ['0:97.86%', '1:97.80%', '2:89.63%', '3:88.61%', '4:88.59%', '5:88.12%', '6:93.53%', '7:88.62%', '8:89.12%', '9:92.77%']

-----------------------------------------------------

Central server round 760 started
Model sent from central server with 100msec communication time, with loss :0.27, accuracy : 91.56%
Accuracy per label : ['0:97.86%', '1:97.80%', '2:89.63%', '3:88.61%', '4:88.59%', '5:88.12%', '6:93.53%', '7:88.62%', '8:89.12%', '9:92.77%']
The model is from round 742 from central server, staleness is 17

Cluster round 1 completed, aggregated models from all the clients, time past : 4300msec, loss : 0.28, accuracy 91.49%
Accuracy per label : ['0:98.06%', '1:97.18%', '2:90.79%', '3:88.12%', '4:88.70%', '5:90.58%', '6:93.01%', '7:87.94%', '8:91.79%', '9:88.21%']

Cluster round 2 completed, aggregated models from all the clients, time past : 8500msec, loss : 0.27, accuracy 91.41%
Accuracy per label : ['0:97.96%', '1:97.00%', '2:91.09%', '3:87.72%', '4:88.49%', '5:90.70%', '6:92.90%', '7:87.84%', '8:91.89%', '9:88.01%']

Before aggregation, loss : 0.27, accuracy : 91.72%
Before aggregation, accuracy per label : ['0:97.76%', '1:97.80%', '2:89.24%', '3:89.21%', '4:88.49%', '5:88.12%', '6:93.42%', '7:89.30%', '8:89.84%', '9:93.06%']
Aggregation to central server completed at central server round 1000, loss : 0.27, accuracy: 91.67%, staleness : 17
Accuracy per label after aggregation : ['0:97.86%', '1:97.62%', '2:89.34%', '3:88.91%', '4:88.39%', '5:88.23%', '6:93.42%', '7:89.11%', '8:90.04%', '9:92.86%']

-----------------------------------------------------

Central server round 781 started
Model sent from central server with 100msec communication time, with loss :0.27, accuracy : 91.67%
Accuracy per label : ['0:97.86%', '1:97.62%', '2:89.34%', '3:88.91%', '4:88.39%', '5:88.23%', '6:93.42%', '7:89.11%', '8:90.04%', '9:92.86%']
The model is from round 760 from central server, staleness is 20

Cluster round 1 completed, aggregated models from all the clients, time past : 4300msec, loss : 0.27, accuracy 91.64%
Accuracy per label : ['0:98.06%', '1:97.18%', '2:90.79%', '3:88.22%', '4:88.80%', '5:90.70%', '6:93.32%', '7:88.23%', '8:92.09%', '9:88.50%']

Cluster round 2 completed, aggregated models from all the clients, time past : 8500msec, loss : 0.27, accuracy 91.60%
Accuracy per label : ['0:97.96%', '1:97.09%', '2:91.18%', '3:87.92%', '4:88.59%', '5:90.81%', '6:93.22%', '7:87.84%', '8:92.51%', '9:88.40%']

Before aggregation, loss : 0.26, accuracy : 91.74%
Before aggregation, accuracy per label : ['0:97.96%', '1:97.71%', '2:89.73%', '3:88.61%', '4:88.90%', '5:88.23%', '6:93.63%', '7:88.81%', '8:89.84%', '9:93.06%']
Aggregation to central server completed at central server round 1000, loss : 0.26, accuracy: 91.73%, staleness : 20
Accuracy per label after aggregation : ['0:97.86%', '1:97.71%', '2:89.73%', '3:88.61%', '4:88.90%', '5:88.23%', '6:93.74%', '7:88.81%', '8:90.04%', '9:92.77%']

-----------------------------------------------------

Central server round 799 started
Model sent from central server with 100msec communication time, with loss :0.26, accuracy : 91.73%
Accuracy per label : ['0:97.86%', '1:97.71%', '2:89.73%', '3:88.61%', '4:88.90%', '5:88.23%', '6:93.74%', '7:88.81%', '8:90.04%', '9:92.77%']
The model is from round 781 from central server, staleness is 17

Cluster round 1 completed, aggregated models from all the clients, time past : 4300msec, loss : 0.27, accuracy 91.73%
Accuracy per label : ['0:98.06%', '1:97.18%', '2:90.89%', '3:88.32%', '4:88.90%', '5:91.14%', '6:93.53%', '7:88.23%', '8:92.09%', '9:88.50%']

Cluster round 2 completed, aggregated models from all the clients, time past : 8500msec, loss : 0.27, accuracy 91.69%
Accuracy per label : ['0:97.96%', '1:97.18%', '2:91.38%', '3:88.02%', '4:88.80%', '5:91.14%', '6:93.42%', '7:87.84%', '8:92.40%', '9:88.31%']

Before aggregation, loss : 0.26, accuracy : 91.84%
Before aggregation, accuracy per label : ['0:97.96%', '1:97.62%', '2:89.63%', '3:88.91%', '4:89.00%', '5:88.23%', '6:93.63%', '7:88.91%', '8:90.25%', '9:93.36%']
Aggregation to central server completed at central server round 1000, loss : 0.26, accuracy: 91.78%, staleness : 17
Accuracy per label after aggregation : ['0:97.96%', '1:97.62%', '2:89.63%', '3:88.61%', '4:89.10%', '5:88.23%', '6:93.63%', '7:88.62%', '8:90.35%', '9:93.16%']

-----------------------------------------------------

Central server round 819 started
Model sent from central server with 100msec communication time, with loss :0.26, accuracy : 91.78%
Accuracy per label : ['0:97.96%', '1:97.62%', '2:89.63%', '3:88.61%', '4:89.10%', '5:88.23%', '6:93.63%', '7:88.62%', '8:90.35%', '9:93.16%']
The model is from round 799 from central server, staleness is 19

Cluster round 1 completed, aggregated models from all the clients, time past : 4300msec, loss : 0.27, accuracy 91.88%
Accuracy per label : ['0:98.06%', '1:97.18%', '2:91.09%', '3:88.32%', '4:88.90%', '5:91.59%', '6:93.53%', '7:88.23%', '8:92.51%', '9:89.00%']

Cluster round 2 completed, aggregated models from all the clients, time past : 8500msec, loss : 0.26, accuracy 91.90%
Accuracy per label : ['0:97.96%', '1:97.18%', '2:91.57%', '3:88.32%', '4:89.21%', '5:91.70%', '6:93.42%', '7:87.65%', '8:92.71%', '9:88.90%']

Before aggregation, loss : 0.26, accuracy : 91.94%
Before aggregation, accuracy per label : ['0:97.96%', '1:97.71%', '2:89.83%', '3:89.31%', '4:89.10%', '5:88.23%', '6:93.95%', '7:89.30%', '8:89.94%', '9:93.16%']
Aggregation to central server completed at central server round 1000, loss : 0.26, accuracy: 91.95%, staleness : 19
Accuracy per label after aggregation : ['0:97.96%', '1:97.71%', '2:89.83%', '3:89.21%', '4:89.00%', '5:88.34%', '6:94.05%', '7:89.30%', '8:90.04%', '9:93.16%']

-----------------------------------------------------

Central server round 840 started
Model sent from central server with 100msec communication time, with loss :0.26, accuracy : 91.95%
Accuracy per label : ['0:97.96%', '1:97.71%', '2:89.83%', '3:89.21%', '4:89.00%', '5:88.34%', '6:94.05%', '7:89.30%', '8:90.04%', '9:93.16%']
The model is from round 819 from central server, staleness is 20

Cluster round 1 completed, aggregated models from all the clients, time past : 4300msec, loss : 0.26, accuracy 92.07%
Accuracy per label : ['0:98.06%', '1:97.27%', '2:91.47%', '3:88.51%', '4:89.10%', '5:91.48%', '6:93.53%', '7:88.52%', '8:92.81%', '9:89.49%']

Cluster round 2 completed, aggregated models from all the clients, time past : 8500msec, loss : 0.26, accuracy 91.92%
Accuracy per label : ['0:97.96%', '1:97.18%', '2:91.67%', '3:88.22%', '4:89.21%', '5:91.59%', '6:93.42%', '7:87.65%', '8:92.71%', '9:89.20%']

Before aggregation, loss : 0.25, accuracy : 92.04%
Before aggregation, accuracy per label : ['0:97.96%', '1:97.71%', '2:90.02%', '3:89.11%', '4:89.21%', '5:89.13%', '6:93.95%', '7:89.30%', '8:90.04%', '9:93.16%']
Aggregation to central server completed at central server round 1000, loss : 0.25, accuracy: 92.06%, staleness : 20
Accuracy per label after aggregation : ['0:97.96%', '1:97.71%', '2:90.21%', '3:89.21%', '4:89.10%', '5:89.24%', '6:94.05%', '7:89.20%', '8:90.04%', '9:93.06%']

-----------------------------------------------------

Central server round 859 started
Model sent from central server with 100msec communication time, with loss :0.25, accuracy : 92.06%
Accuracy per label : ['0:97.96%', '1:97.71%', '2:90.21%', '3:89.21%', '4:89.10%', '5:89.24%', '6:94.05%', '7:89.20%', '8:90.04%', '9:93.06%']
The model is from round 840 from central server, staleness is 18

Cluster round 1 completed, aggregated models from all the clients, time past : 4300msec, loss : 0.26, accuracy 92.10%
Accuracy per label : ['0:98.06%', '1:97.18%', '2:91.67%', '3:88.42%', '4:89.31%', '5:91.48%', '6:93.53%', '7:88.33%', '8:92.81%', '9:89.79%']

Cluster round 2 completed, aggregated models from all the clients, time past : 8500msec, loss : 0.26, accuracy 92.00%
Accuracy per label : ['0:97.86%', '1:97.18%', '2:91.76%', '3:88.51%', '4:89.51%', '5:91.70%', '6:93.53%', '7:87.45%', '8:92.81%', '9:89.30%']

Before aggregation, loss : 0.25, accuracy : 92.12%
Before aggregation, accuracy per label : ['0:97.96%', '1:97.80%', '2:89.92%', '3:89.50%', '4:89.31%', '5:88.68%', '6:94.15%', '7:89.79%', '8:89.94%', '9:93.26%']
Aggregation to central server completed at central server round 1000, loss : 0.25, accuracy: 92.15%, staleness : 18
Accuracy per label after aggregation : ['0:97.96%', '1:97.71%', '2:90.12%', '3:89.41%', '4:89.21%', '5:88.90%', '6:94.15%', '7:89.79%', '8:90.14%', '9:93.26%']

-----------------------------------------------------

Central server round 878 started
Model sent from central server with 100msec communication time, with loss :0.25, accuracy : 92.15%
Accuracy per label : ['0:97.96%', '1:97.71%', '2:90.12%', '3:89.41%', '4:89.21%', '5:88.90%', '6:94.15%', '7:89.79%', '8:90.14%', '9:93.26%']
The model is from round 859 from central server, staleness is 18

Cluster round 1 completed, aggregated models from all the clients, time past : 4300msec, loss : 0.26, accuracy 92.21%
Accuracy per label : ['0:98.06%', '1:97.18%', '2:91.76%', '3:88.61%', '4:89.41%', '5:91.70%', '6:93.74%', '7:88.33%', '8:92.71%', '9:90.19%']

Cluster round 2 completed, aggregated models from all the clients, time past : 8500msec, loss : 0.26, accuracy 92.09%
Accuracy per label : ['0:97.86%', '1:97.18%', '2:91.96%', '3:88.81%', '4:89.71%', '5:91.93%', '6:93.53%', '7:87.55%', '8:92.81%', '9:89.20%']

Before aggregation, loss : 0.25, accuracy : 92.25%
Before aggregation, accuracy per label : ['0:97.96%', '1:97.80%', '2:90.31%', '3:89.90%', '4:89.10%', '5:89.46%', '6:94.26%', '7:89.59%', '8:90.04%', '9:93.26%']
Aggregation to central server completed at central server round 1000, loss : 0.25, accuracy: 92.25%, staleness : 18
Accuracy per label after aggregation : ['0:97.96%', '1:97.71%', '2:90.41%', '3:89.70%', '4:89.31%', '5:89.57%', '6:94.26%', '7:89.59%', '8:90.14%', '9:93.06%']

-----------------------------------------------------

Central server round 899 started
Model sent from central server with 100msec communication time, with loss :0.25, accuracy : 92.25%
Accuracy per label : ['0:97.96%', '1:97.71%', '2:90.41%', '3:89.70%', '4:89.31%', '5:89.57%', '6:94.26%', '7:89.59%', '8:90.14%', '9:93.06%']
The model is from round 878 from central server, staleness is 20

Cluster round 1 completed, aggregated models from all the clients, time past : 4300msec, loss : 0.25, accuracy 92.23%
Accuracy per label : ['0:98.06%', '1:97.18%', '2:91.86%', '3:88.61%', '4:89.21%', '5:91.82%', '6:93.95%', '7:88.23%', '8:92.81%', '9:90.19%']

Cluster round 2 completed, aggregated models from all the clients, time past : 8500msec, loss : 0.25, accuracy 92.22%
Accuracy per label : ['0:97.86%', '1:97.18%', '2:92.15%', '3:89.01%', '4:89.82%', '5:91.93%', '6:93.95%', '7:87.65%', '8:93.02%', '9:89.30%']

Before aggregation, loss : 0.25, accuracy : 92.24%
Before aggregation, accuracy per label : ['0:97.96%', '1:97.80%', '2:90.41%', '3:89.60%', '4:89.10%', '5:89.46%', '6:93.95%', '7:89.59%', '8:90.45%', '9:93.26%']
Aggregation to central server completed at central server round 1000, loss : 0.25, accuracy: 92.24%, staleness : 20
Accuracy per label after aggregation : ['0:97.96%', '1:97.80%', '2:90.50%', '3:89.60%', '4:89.10%', '5:89.69%', '6:93.95%', '7:89.59%', '8:90.45%', '9:92.96%']

-----------------------------------------------------

Central server round 919 started
Model sent from central server with 100msec communication time, with loss :0.25, accuracy : 92.24%
Accuracy per label : ['0:97.96%', '1:97.80%', '2:90.50%', '3:89.60%', '4:89.10%', '5:89.69%', '6:93.95%', '7:89.59%', '8:90.45%', '9:92.96%']
The model is from round 899 from central server, staleness is 19

Cluster round 1 completed, aggregated models from all the clients, time past : 4300msec, loss : 0.25, accuracy 92.30%
Accuracy per label : ['0:97.96%', '1:97.18%', '2:92.05%', '3:88.71%', '4:89.21%', '5:91.82%', '6:93.95%', '7:88.23%', '8:93.12%', '9:90.39%']

Cluster round 2 completed, aggregated models from all the clients, time past : 8500msec, loss : 0.25, accuracy 92.32%
Accuracy per label : ['0:97.96%', '1:97.18%', '2:92.54%', '3:89.11%', '4:89.82%', '5:91.82%', '6:94.05%', '7:87.45%', '8:93.22%', '9:89.69%']

Before aggregation, loss : 0.24, accuracy : 92.30%
Before aggregation, accuracy per label : ['0:97.96%', '1:97.71%', '2:90.70%', '3:90.00%', '4:89.31%', '5:89.35%', '6:93.95%', '7:89.88%', '8:90.25%', '9:93.06%']
Aggregation to central server completed at central server round 1000, loss : 0.24, accuracy: 92.31%, staleness : 19
Accuracy per label after aggregation : ['0:97.96%', '1:97.71%', '2:90.70%', '3:90.00%', '4:89.31%', '5:89.69%', '6:93.95%', '7:89.88%', '8:90.25%', '9:92.86%']

-----------------------------------------------------

Central server round 936 started
Model sent from central server with 100msec communication time, with loss :0.24, accuracy : 92.31%
Accuracy per label : ['0:97.96%', '1:97.71%', '2:90.70%', '3:90.00%', '4:89.31%', '5:89.69%', '6:93.95%', '7:89.88%', '8:90.25%', '9:92.86%']
The model is from round 919 from central server, staleness is 16

Cluster round 1 completed, aggregated models from all the clients, time past : 4300msec, loss : 0.25, accuracy 92.40%
Accuracy per label : ['0:97.96%', '1:97.18%', '2:92.34%', '3:88.71%', '4:89.51%', '5:92.04%', '6:93.95%', '7:88.33%', '8:93.22%', '9:90.39%']

Cluster round 2 completed, aggregated models from all the clients, time past : 8500msec, loss : 0.25, accuracy 92.37%
Accuracy per label : ['0:97.86%', '1:97.18%', '2:92.54%', '3:89.21%', '4:89.92%', '5:92.04%', '6:94.05%', '7:87.55%', '8:93.22%', '9:89.79%']

Before aggregation, loss : 0.25, accuracy : 92.26%
Before aggregation, accuracy per label : ['0:97.96%', '1:97.62%', '2:90.89%', '3:88.71%', '4:89.71%', '5:89.24%', '6:94.05%', '7:89.30%', '8:90.55%', '9:93.76%']
Aggregation to central server completed at central server round 1000, loss : 0.24, accuracy: 92.32%, staleness : 16
Accuracy per label after aggregation : ['0:97.96%', '1:97.62%', '2:91.18%', '3:88.71%', '4:89.71%', '5:89.46%', '6:94.05%', '7:89.30%', '8:90.86%', '9:93.56%']

-----------------------------------------------------

Central server round 957 started
Model sent from central server with 100msec communication time, with loss :0.24, accuracy : 92.32%
Accuracy per label : ['0:97.96%', '1:97.62%', '2:91.18%', '3:88.71%', '4:89.71%', '5:89.46%', '6:94.05%', '7:89.30%', '8:90.86%', '9:93.56%']
The model is from round 936 from central server, staleness is 20

Cluster round 1 completed, aggregated models from all the clients, time past : 4300msec, loss : 0.25, accuracy 92.41%
Accuracy per label : ['0:97.96%', '1:97.18%', '2:92.34%', '3:88.91%', '4:89.21%', '5:92.04%', '6:94.05%', '7:88.23%', '8:93.02%', '9:90.78%']

Cluster round 2 completed, aggregated models from all the clients, time past : 8500msec, loss : 0.24, accuracy 92.50%
Accuracy per label : ['0:97.96%', '1:97.18%', '2:92.83%', '3:89.60%', '4:89.92%', '5:91.93%', '6:94.15%', '7:87.55%', '8:93.22%', '9:90.29%']

Before aggregation, loss : 0.24, accuracy : 92.44%
Before aggregation, accuracy per label : ['0:97.96%', '1:97.80%', '2:90.99%', '3:90.10%', '4:89.21%', '5:89.46%', '6:94.15%', '7:90.08%', '8:90.45%', '9:93.36%']
Aggregation to central server completed at central server round 1000, loss : 0.24, accuracy: 92.42%, staleness : 20
Accuracy per label after aggregation : ['0:97.96%', '1:97.71%', '2:90.89%', '3:90.10%', '4:89.31%', '5:89.46%', '6:94.15%', '7:90.08%', '8:90.55%', '9:93.16%']

-----------------------------------------------------

Central server round 976 started
Model sent from central server with 100msec communication time, with loss :0.24, accuracy : 92.42%
Accuracy per label : ['0:97.96%', '1:97.71%', '2:90.89%', '3:90.10%', '4:89.31%', '5:89.46%', '6:94.15%', '7:90.08%', '8:90.55%', '9:93.16%']
The model is from round 957 from central server, staleness is 18

Cluster round 1 completed, aggregated models from all the clients, time past : 4300msec, loss : 0.24, accuracy 92.56%
Accuracy per label : ['0:97.96%', '1:97.18%', '2:92.54%', '3:89.31%', '4:89.21%', '5:92.15%', '6:94.47%', '7:88.23%', '8:93.22%', '9:90.98%']

Cluster round 2 completed, aggregated models from all the clients, time past : 8500msec, loss : 0.24, accuracy 92.55%
Accuracy per label : ['0:97.96%', '1:97.18%', '2:92.93%', '3:89.80%', '4:89.92%', '5:91.82%', '6:94.26%', '7:87.74%', '8:93.22%', '9:90.29%']

Before aggregation, loss : 0.24, accuracy : 92.52%
Before aggregation, accuracy per label : ['0:98.06%', '1:97.71%', '2:90.99%', '3:90.20%', '4:89.41%', '5:89.80%', '6:94.15%', '7:90.27%', '8:90.66%', '9:93.16%']
Aggregation to central server completed at central server round 1000, loss : 0.24, accuracy: 92.54%, staleness : 18
Accuracy per label after aggregation : ['0:98.06%', '1:97.71%', '2:91.09%', '3:90.20%', '4:89.41%', '5:89.91%', '6:94.15%', '7:90.27%', '8:90.76%', '9:93.06%']

-----------------------------------------------------

Central server round 996 started
Model sent from central server with 100msec communication time, with loss :0.24, accuracy : 92.54%
Accuracy per label : ['0:98.06%', '1:97.71%', '2:91.09%', '3:90.20%', '4:89.41%', '5:89.91%', '6:94.15%', '7:90.27%', '8:90.76%', '9:93.06%']
The model is from round 976 from central server, staleness is 19

Cluster round 1 completed, aggregated models from all the clients, time past : 4300msec, loss : 0.24, accuracy 92.65%
Accuracy per label : ['0:97.96%', '1:97.18%', '2:92.54%', '3:89.70%', '4:89.61%', '5:92.15%', '6:94.36%', '7:88.42%', '8:93.22%', '9:90.98%']

Cluster round 2 completed, aggregated models from all the clients, time past : 8500msec, loss : 0.24, accuracy 92.66%
Accuracy per label : ['0:98.06%', '1:97.18%', '2:93.12%', '3:89.90%', '4:89.92%', '5:92.04%', '6:94.26%', '7:87.94%', '8:93.53%', '9:90.29%']

Before aggregation, loss : 0.23, accuracy : 92.58%
Before aggregation, accuracy per label : ['0:97.96%', '1:97.71%', '2:91.47%', '3:90.20%', '4:89.41%', '5:89.91%', '6:94.15%', '7:89.98%', '8:90.66%', '9:93.56%']
Aggregation to central server completed at central server round 1000, loss : 0.23, accuracy: 92.54%, staleness : 19
Accuracy per label after aggregation : ['0:97.96%', '1:97.71%', '2:91.38%', '3:90.20%', '4:89.31%', '5:89.91%', '6:94.15%', '7:89.98%', '8:90.76%', '9:93.26%']

