-----------------------------------------------------

Central server round 1 started
Model sent from central server with 500msec communication time, with loss :2.30, accuracy : 10.90%
Accuracy per label : ['0:0.00%', '1:0.00%', '2:40.90%', '3:65.90%', '4:0.00%', '5:0.00%', '6:0.00%', '7:0.10%', '8:0.00%', '9:2.10%']
The model is from round 0 from central server, staleness is 0

Cluster round 1 completed, aggregated models from all the clients, time past : 27200msec, loss : 2.53, accuracy 10.04%
Accuracy per label : ['0:0.00%', '1:0.00%', '2:0.00%', '3:0.00%', '4:0.00%', '5:0.00%', '6:100.00%', '7:0.00%', '8:0.00%', '9:0.40%']

Cluster round 2 completed, aggregated models from all the clients, time past : 53900msec, loss : 2.69, accuracy 14.79%
Accuracy per label : ['0:0.00%', '1:0.00%', '2:0.00%', '3:0.00%', '4:0.00%', '5:0.00%', '6:65.30%', '7:0.00%', '8:0.00%', '9:82.60%']

Cluster round 3 completed, aggregated models from all the clients, time past : 80600msec, loss : 2.67, accuracy 14.07%
Accuracy per label : ['0:0.00%', '1:0.00%', '2:0.00%', '3:0.00%', '4:0.20%', '5:0.00%', '6:52.90%', '7:0.00%', '8:0.00%', '9:87.60%']

Cluster round 4 completed, aggregated models from all the clients, time past : 107300msec, loss : 2.64, accuracy 14.48%
Accuracy per label : ['0:0.00%', '1:0.00%', '2:0.00%', '3:0.00%', '4:1.20%', '5:0.00%', '6:57.60%', '7:0.00%', '8:0.00%', '9:86.00%']

Cluster round 5 completed, aggregated models from all the clients, time past : 134000msec, loss : 2.61, accuracy 14.66%
Accuracy per label : ['0:0.00%', '1:0.00%', '2:0.00%', '3:0.00%', '4:1.80%', '5:0.00%', '6:59.50%', '7:0.00%', '8:0.00%', '9:85.30%']

Cluster round 6 completed, aggregated models from all the clients, time past : 160700msec, loss : 2.59, accuracy 14.84%
Accuracy per label : ['0:0.00%', '1:0.00%', '2:0.00%', '3:0.00%', '4:3.10%', '5:0.00%', '6:61.00%', '7:0.00%', '8:0.00%', '9:84.30%']

Cluster round 7 completed, aggregated models from all the clients, time past : 187400msec, loss : 2.57, accuracy 14.92%
Accuracy per label : ['0:0.00%', '1:0.00%', '2:0.00%', '3:0.00%', '4:3.50%', '5:0.00%', '6:62.50%', '7:0.00%', '8:0.00%', '9:83.20%']

Cluster round 8 completed, aggregated models from all the clients, time past : 214100msec, loss : 2.56, accuracy 15.11%
Accuracy per label : ['0:0.00%', '1:0.00%', '2:0.00%', '3:0.00%', '4:4.60%', '5:0.00%', '6:63.50%', '7:0.00%', '8:0.00%', '9:83.00%']

Cluster round 9 completed, aggregated models from all the clients, time past : 240800msec, loss : 2.55, accuracy 15.12%
Accuracy per label : ['0:0.00%', '1:0.00%', '2:0.00%', '3:0.00%', '4:5.30%', '5:0.00%', '6:63.30%', '7:0.00%', '8:0.00%', '9:82.60%']

