-----------------------------------------------------

Central server round 1 started
Model sent from central server with 100msec communication time, with loss :2.31, accuracy : 8.86%
Accuracy per label : ['0:0.00%', '1:0.40%', '2:0.40%', '3:3.80%', '4:0.00%', '5:0.00%', '6:0.00%', '7:0.00%', '8:84.00%', '9:0.00%']
The model is from round 0 from central server, staleness is 0

Cluster round 1 completed, aggregated models from all the clients, time past : 800msec, loss : 2.10, accuracy 23.47%
Accuracy per label : ['0:26.60%', '1:14.60%', '2:0.30%', '3:29.30%', '4:0.00%', '5:35.10%', '6:1.30%', '7:27.30%', '8:45.70%', '9:54.50%']

Before aggregation, loss : 2.31, accuracy : 8.86%
Before aggregation, accuracy per label : ['0:0.00%', '1:0.40%', '2:0.40%', '3:3.80%', '4:0.00%', '5:0.00%', '6:0.00%', '7:0.00%', '8:84.00%', '9:0.00%']
Aggregation to central server completed at central server round 1, loss : 2.10, accuracy : 24.87%
Accuracy per label after aggregation : ['0:45.10%', '1:17.30%', '2:0.30%', '3:7.10%', '4:0.70%', '5:47.00%', '6:5.30%', '7:25.00%', '8:56.50%', '9:44.40%']

-----------------------------------------------------

Central server round 2 started
Model sent from central server with 100msec communication time, with loss :2.10, accuracy : 24.87%
Accuracy per label : ['0:45.10%', '1:17.30%', '2:0.30%', '3:7.10%', '4:0.70%', '5:47.00%', '6:5.30%', '7:25.00%', '8:56.50%', '9:44.40%']
The model is from round 1 from central server, staleness is 0

Cluster round 1 completed, aggregated models from all the clients, time past : 800msec, loss : 1.91, accuracy 32.32%
Accuracy per label : ['0:49.90%', '1:29.10%', '2:2.10%', '3:26.60%', '4:2.30%', '5:34.90%', '6:58.40%', '7:28.80%', '8:49.00%', '9:42.10%']

Before aggregation, loss : 2.10, accuracy : 24.87%
Before aggregation, accuracy per label : ['0:45.10%', '1:17.30%', '2:0.30%', '3:7.10%', '4:0.70%', '5:47.00%', '6:5.30%', '7:25.00%', '8:56.50%', '9:44.40%']
Aggregation to central server completed at central server round 2, loss : 1.90, accuracy : 33.22%
Accuracy per label after aggregation : ['0:42.60%', '1:31.10%', '2:11.40%', '3:6.60%', '4:12.40%', '5:41.10%', '6:61.80%', '7:25.90%', '8:49.70%', '9:49.60%']

-----------------------------------------------------

Central server round 3 started
Model sent from central server with 100msec communication time, with loss :1.90, accuracy : 33.22%
Accuracy per label : ['0:42.60%', '1:31.10%', '2:11.40%', '3:6.60%', '4:12.40%', '5:41.10%', '6:61.80%', '7:25.90%', '8:49.70%', '9:49.60%']
The model is from round 2 from central server, staleness is 0

Cluster round 1 completed, aggregated models from all the clients, time past : 800msec, loss : 1.83, accuracy 34.95%
Accuracy per label : ['0:58.60%', '1:42.30%', '2:8.90%', '3:13.70%', '4:28.20%', '5:47.20%', '6:41.80%', '7:34.70%', '8:43.30%', '9:30.80%']

Before aggregation, loss : 1.90, accuracy : 33.22%
Before aggregation, accuracy per label : ['0:42.60%', '1:31.10%', '2:11.40%', '3:6.60%', '4:12.40%', '5:41.10%', '6:61.80%', '7:25.90%', '8:49.70%', '9:49.60%']
Aggregation to central server completed at central server round 3, loss : 1.82, accuracy : 36.00%
Accuracy per label after aggregation : ['0:59.70%', '1:42.40%', '2:12.00%', '3:12.70%', '4:17.30%', '5:37.70%', '6:59.70%', '7:32.30%', '8:41.70%', '9:44.50%']

-----------------------------------------------------

Central server round 4 started
Model sent from central server with 100msec communication time, with loss :1.82, accuracy : 36.00%
Accuracy per label : ['0:59.70%', '1:42.40%', '2:12.00%', '3:12.70%', '4:17.30%', '5:37.70%', '6:59.70%', '7:32.30%', '8:41.70%', '9:44.50%']
The model is from round 3 from central server, staleness is 0

Cluster round 1 completed, aggregated models from all the clients, time past : 800msec, loss : 1.74, accuracy 38.67%
Accuracy per label : ['0:49.80%', '1:53.20%', '2:20.90%', '3:12.40%', '4:33.20%', '5:39.60%', '6:46.50%', '7:37.30%', '8:55.30%', '9:38.50%']

Before aggregation, loss : 1.82, accuracy : 36.00%
Before aggregation, accuracy per label : ['0:59.70%', '1:42.40%', '2:12.00%', '3:12.70%', '4:17.30%', '5:37.70%', '6:59.70%', '7:32.30%', '8:41.70%', '9:44.50%']
Aggregation to central server completed at central server round 4, loss : 1.74, accuracy : 38.90%
Accuracy per label after aggregation : ['0:50.10%', '1:48.10%', '2:14.60%', '3:12.10%', '4:34.90%', '5:37.10%', '6:55.00%', '7:41.70%', '8:53.50%', '9:41.90%']

-----------------------------------------------------

Central server round 5 started
Model sent from central server with 100msec communication time, with loss :1.74, accuracy : 38.90%
Accuracy per label : ['0:50.10%', '1:48.10%', '2:14.60%', '3:12.10%', '4:34.90%', '5:37.10%', '6:55.00%', '7:41.70%', '8:53.50%', '9:41.90%']
The model is from round 4 from central server, staleness is 0

Cluster round 1 completed, aggregated models from all the clients, time past : 800msec, loss : 1.68, accuracy 41.06%
Accuracy per label : ['0:53.10%', '1:52.50%', '2:17.30%', '3:22.90%', '4:25.50%', '5:37.00%', '6:60.90%', '7:40.70%', '8:61.30%', '9:39.40%']

Before aggregation, loss : 1.74, accuracy : 38.90%
Before aggregation, accuracy per label : ['0:50.10%', '1:48.10%', '2:14.60%', '3:12.10%', '4:34.90%', '5:37.10%', '6:55.00%', '7:41.70%', '8:53.50%', '9:41.90%']
Aggregation to central server completed at central server round 5, loss : 1.67, accuracy : 41.31%
Accuracy per label after aggregation : ['0:51.20%', '1:46.70%', '2:19.50%', '3:16.00%', '4:31.30%', '5:36.70%', '6:60.20%', '7:43.70%', '8:61.50%', '9:46.30%']

-----------------------------------------------------

Central server round 6 started
Model sent from central server with 100msec communication time, with loss :1.67, accuracy : 41.31%
Accuracy per label : ['0:51.20%', '1:46.70%', '2:19.50%', '3:16.00%', '4:31.30%', '5:36.70%', '6:60.20%', '7:43.70%', '8:61.50%', '9:46.30%']
The model is from round 5 from central server, staleness is 0

Cluster round 1 completed, aggregated models from all the clients, time past : 800msec, loss : 1.62, accuracy 42.41%
Accuracy per label : ['0:46.20%', '1:47.50%', '2:22.30%', '3:21.20%', '4:39.70%', '5:35.60%', '6:56.80%', '7:41.60%', '8:71.00%', '9:42.20%']

Before aggregation, loss : 1.67, accuracy : 41.31%
Before aggregation, accuracy per label : ['0:51.20%', '1:46.70%', '2:19.50%', '3:16.00%', '4:31.30%', '5:36.70%', '6:60.20%', '7:43.70%', '8:61.50%', '9:46.30%']
Aggregation to central server completed at central server round 6, loss : 1.60, accuracy : 43.38%
Accuracy per label after aggregation : ['0:50.20%', '1:49.50%', '2:21.30%', '3:21.20%', '4:37.00%', '5:35.90%', '6:63.50%', '7:48.00%', '8:59.40%', '9:47.80%']

-----------------------------------------------------

Central server round 7 started
Model sent from central server with 100msec communication time, with loss :1.60, accuracy : 43.38%
Accuracy per label : ['0:50.20%', '1:49.50%', '2:21.30%', '3:21.20%', '4:37.00%', '5:35.90%', '6:63.50%', '7:48.00%', '8:59.40%', '9:47.80%']
The model is from round 6 from central server, staleness is 0

Cluster round 1 completed, aggregated models from all the clients, time past : 800msec, loss : 1.56, accuracy 44.67%
Accuracy per label : ['0:49.00%', '1:59.50%', '2:23.80%', '3:39.20%', '4:20.10%', '5:30.00%', '6:67.00%', '7:43.30%', '8:58.60%', '9:56.20%']

Before aggregation, loss : 1.60, accuracy : 43.38%
Before aggregation, accuracy per label : ['0:50.20%', '1:49.50%', '2:21.30%', '3:21.20%', '4:37.00%', '5:35.90%', '6:63.50%', '7:48.00%', '8:59.40%', '9:47.80%']
Aggregation to central server completed at central server round 7, loss : 1.55, accuracy : 45.12%
Accuracy per label after aggregation : ['0:47.50%', '1:55.40%', '2:26.20%', '3:26.50%', '4:27.80%', '5:32.60%', '6:73.00%', '7:49.50%', '8:66.10%', '9:46.60%']

-----------------------------------------------------

Central server round 8 started
Model sent from central server with 100msec communication time, with loss :1.55, accuracy : 45.12%
Accuracy per label : ['0:47.50%', '1:55.40%', '2:26.20%', '3:26.50%', '4:27.80%', '5:32.60%', '6:73.00%', '7:49.50%', '8:66.10%', '9:46.60%']
The model is from round 7 from central server, staleness is 0

Cluster round 1 completed, aggregated models from all the clients, time past : 800msec, loss : 1.51, accuracy 46.64%
Accuracy per label : ['0:57.50%', '1:56.90%', '2:24.20%', '3:27.50%', '4:39.70%', '5:38.40%', '6:61.90%', '7:55.30%', '8:61.40%', '9:43.60%']

Before aggregation, loss : 1.55, accuracy : 45.12%
Before aggregation, accuracy per label : ['0:47.50%', '1:55.40%', '2:26.20%', '3:26.50%', '4:27.80%', '5:32.60%', '6:73.00%', '7:49.50%', '8:66.10%', '9:46.60%']
Aggregation to central server completed at central server round 8, loss : 1.50, accuracy : 46.47%
Accuracy per label after aggregation : ['0:52.50%', '1:55.10%', '2:27.30%', '3:22.30%', '4:45.00%', '5:31.40%', '6:67.40%', '7:49.70%', '8:63.00%', '9:51.00%']

-----------------------------------------------------

Central server round 9 started
Model sent from central server with 100msec communication time, with loss :1.50, accuracy : 46.47%
Accuracy per label : ['0:52.50%', '1:55.10%', '2:27.30%', '3:22.30%', '4:45.00%', '5:31.40%', '6:67.40%', '7:49.70%', '8:63.00%', '9:51.00%']
The model is from round 8 from central server, staleness is 0

Cluster round 1 completed, aggregated models from all the clients, time past : 800msec, loss : 1.48, accuracy 46.87%
Accuracy per label : ['0:47.50%', '1:59.10%', '2:35.50%', '3:20.60%', '4:40.20%', '5:35.90%', '6:71.20%', '7:45.00%', '8:66.60%', '9:47.10%']

Before aggregation, loss : 1.50, accuracy : 46.47%
Before aggregation, accuracy per label : ['0:52.50%', '1:55.10%', '2:27.30%', '3:22.30%', '4:45.00%', '5:31.40%', '6:67.40%', '7:49.70%', '8:63.00%', '9:51.00%']
Aggregation to central server completed at central server round 9, loss : 1.45, accuracy : 48.89%
Accuracy per label after aggregation : ['0:52.40%', '1:60.60%', '2:27.80%', '3:29.10%', '4:36.50%', '5:40.90%', '6:67.80%', '7:53.40%', '8:66.00%', '9:54.40%']

-----------------------------------------------------

Central server round 10 started
Model sent from central server with 100msec communication time, with loss :1.45, accuracy : 48.89%
Accuracy per label : ['0:52.40%', '1:60.60%', '2:27.80%', '3:29.10%', '4:36.50%', '5:40.90%', '6:67.80%', '7:53.40%', '8:66.00%', '9:54.40%']
The model is from round 9 from central server, staleness is 0

Cluster round 1 completed, aggregated models from all the clients, time past : 800msec, loss : 1.44, accuracy 48.95%
Accuracy per label : ['0:66.30%', '1:67.10%', '2:37.30%', '3:42.90%', '4:32.00%', '5:36.50%', '6:50.80%', '7:51.60%', '8:59.60%', '9:45.40%']

Before aggregation, loss : 1.45, accuracy : 48.89%
Before aggregation, accuracy per label : ['0:52.40%', '1:60.60%', '2:27.80%', '3:29.10%', '4:36.50%', '5:40.90%', '6:67.80%', '7:53.40%', '8:66.00%', '9:54.40%']
Aggregation to central server completed at central server round 10, loss : 1.41, accuracy : 50.14%
Accuracy per label after aggregation : ['0:55.80%', '1:62.30%', '2:36.90%', '3:32.50%', '4:34.80%', '5:40.50%', '6:62.90%', '7:55.20%', '8:66.30%', '9:54.20%']

-----------------------------------------------------

Central server round 11 started
Model sent from central server with 100msec communication time, with loss :1.41, accuracy : 50.14%
Accuracy per label : ['0:55.80%', '1:62.30%', '2:36.90%', '3:32.50%', '4:34.80%', '5:40.50%', '6:62.90%', '7:55.20%', '8:66.30%', '9:54.20%']
The model is from round 10 from central server, staleness is 0

Cluster round 1 completed, aggregated models from all the clients, time past : 800msec, loss : 1.40, accuracy 50.80%
Accuracy per label : ['0:61.80%', '1:61.70%', '2:39.10%', '3:35.30%', '4:28.30%', '5:41.80%', '6:62.00%', '7:58.60%', '8:69.20%', '9:50.20%']

Before aggregation, loss : 1.41, accuracy : 50.14%
Before aggregation, accuracy per label : ['0:55.80%', '1:62.30%', '2:36.90%', '3:32.50%', '4:34.80%', '5:40.50%', '6:62.90%', '7:55.20%', '8:66.30%', '9:54.20%']
Aggregation to central server completed at central server round 11, loss : 1.37, accuracy : 51.27%
Accuracy per label after aggregation : ['0:56.00%', '1:63.90%', '2:34.20%', '3:32.00%', '4:40.50%', '5:40.90%', '6:65.30%', '7:57.30%', '8:68.60%', '9:54.00%']

-----------------------------------------------------

Central server round 12 started
Model sent from central server with 100msec communication time, with loss :1.37, accuracy : 51.27%
Accuracy per label : ['0:56.00%', '1:63.90%', '2:34.20%', '3:32.00%', '4:40.50%', '5:40.90%', '6:65.30%', '7:57.30%', '8:68.60%', '9:54.00%']
The model is from round 11 from central server, staleness is 0

Cluster round 1 completed, aggregated models from all the clients, time past : 800msec, loss : 1.37, accuracy 51.11%
Accuracy per label : ['0:60.70%', '1:72.80%', '2:32.90%', '3:36.70%', '4:29.90%', '5:36.90%', '6:69.50%', '7:63.50%', '8:48.40%', '9:59.80%']

Before aggregation, loss : 1.37, accuracy : 51.27%
Before aggregation, accuracy per label : ['0:56.00%', '1:63.90%', '2:34.20%', '3:32.00%', '4:40.50%', '5:40.90%', '6:65.30%', '7:57.30%', '8:68.60%', '9:54.00%']
Aggregation to central server completed at central server round 12, loss : 1.34, accuracy : 52.42%
Accuracy per label after aggregation : ['0:58.10%', '1:67.20%', '2:34.40%', '3:32.70%', '4:37.80%', '5:37.80%', '6:71.20%', '7:62.30%', '8:67.60%', '9:55.10%']

-----------------------------------------------------

Central server round 13 started
Model sent from central server with 100msec communication time, with loss :1.34, accuracy : 52.42%
Accuracy per label : ['0:58.10%', '1:67.20%', '2:34.40%', '3:32.70%', '4:37.80%', '5:37.80%', '6:71.20%', '7:62.30%', '8:67.60%', '9:55.10%']
The model is from round 12 from central server, staleness is 0

Cluster round 1 completed, aggregated models from all the clients, time past : 800msec, loss : 1.33, accuracy 52.97%
Accuracy per label : ['0:60.30%', '1:67.80%', '2:36.90%', '3:40.70%', '4:35.60%', '5:48.40%', '6:52.20%', '7:67.40%', '8:62.80%', '9:57.60%']

Before aggregation, loss : 1.34, accuracy : 52.42%
Before aggregation, accuracy per label : ['0:58.10%', '1:67.20%', '2:34.40%', '3:32.70%', '4:37.80%', '5:37.80%', '6:71.20%', '7:62.30%', '8:67.60%', '9:55.10%']
Aggregation to central server completed at central server round 13, loss : 1.31, accuracy : 53.39%
Accuracy per label after aggregation : ['0:58.70%', '1:65.70%', '2:33.60%', '3:36.70%', '4:43.00%', '5:38.40%', '6:67.40%', '7:63.30%', '8:69.50%', '9:57.60%']

-----------------------------------------------------

Central server round 14 started
Model sent from central server with 100msec communication time, with loss :1.31, accuracy : 53.39%
Accuracy per label : ['0:58.70%', '1:65.70%', '2:33.60%', '3:36.70%', '4:43.00%', '5:38.40%', '6:67.40%', '7:63.30%', '8:69.50%', '9:57.60%']
The model is from round 13 from central server, staleness is 0

Cluster round 1 completed, aggregated models from all the clients, time past : 800msec, loss : 1.31, accuracy 53.14%
Accuracy per label : ['0:53.20%', '1:77.00%', '2:29.80%', '3:41.90%', '4:36.50%', '5:44.80%', '6:66.90%', '7:57.70%', '8:73.60%', '9:50.00%']

Before aggregation, loss : 1.31, accuracy : 53.39%
Before aggregation, accuracy per label : ['0:58.70%', '1:65.70%', '2:33.60%', '3:36.70%', '4:43.00%', '5:38.40%', '6:67.40%', '7:63.30%', '8:69.50%', '9:57.60%']
Aggregation to central server completed at central server round 14, loss : 1.29, accuracy : 54.33%
Accuracy per label after aggregation : ['0:57.30%', '1:65.50%', '2:38.30%', '3:36.60%', '4:41.30%', '5:40.00%', '6:68.60%', '7:63.20%', '8:72.50%', '9:60.00%']

-----------------------------------------------------

Central server round 15 started
Model sent from central server with 100msec communication time, with loss :1.29, accuracy : 54.33%
Accuracy per label : ['0:57.30%', '1:65.50%', '2:38.30%', '3:36.60%', '4:41.30%', '5:40.00%', '6:68.60%', '7:63.20%', '8:72.50%', '9:60.00%']
The model is from round 14 from central server, staleness is 0

Cluster round 1 completed, aggregated models from all the clients, time past : 800msec, loss : 1.27, accuracy 54.65%
Accuracy per label : ['0:53.90%', '1:69.50%', '2:37.10%', '3:32.10%', '4:40.30%', '5:47.30%', '6:71.80%', '7:59.00%', '8:70.20%', '9:65.30%']

Before aggregation, loss : 1.29, accuracy : 54.33%
Before aggregation, accuracy per label : ['0:57.30%', '1:65.50%', '2:38.30%', '3:36.60%', '4:41.30%', '5:40.00%', '6:68.60%', '7:63.20%', '8:72.50%', '9:60.00%']
Aggregation to central server completed at central server round 15, loss : 1.26, accuracy : 55.31%
Accuracy per label after aggregation : ['0:61.00%', '1:64.80%', '2:35.20%', '3:35.50%', '4:45.70%', '5:44.30%', '6:70.90%', '7:60.00%', '8:71.60%', '9:64.10%']

-----------------------------------------------------

Central server round 16 started
Model sent from central server with 100msec communication time, with loss :1.26, accuracy : 55.31%
Accuracy per label : ['0:61.00%', '1:64.80%', '2:35.20%', '3:35.50%', '4:45.70%', '5:44.30%', '6:70.90%', '7:60.00%', '8:71.60%', '9:64.10%']
The model is from round 15 from central server, staleness is 0

Cluster round 1 completed, aggregated models from all the clients, time past : 800msec, loss : 1.24, accuracy 55.85%
Accuracy per label : ['0:66.00%', '1:66.10%', '2:43.20%', '3:39.90%', '4:41.70%', '5:41.60%', '6:69.40%', '7:60.80%', '8:68.30%', '9:61.50%']

Before aggregation, loss : 1.26, accuracy : 55.31%
Before aggregation, accuracy per label : ['0:61.00%', '1:64.80%', '2:35.20%', '3:35.50%', '4:45.70%', '5:44.30%', '6:70.90%', '7:60.00%', '8:71.60%', '9:64.10%']
Aggregation to central server completed at central server round 16, loss : 1.23, accuracy : 56.45%
Accuracy per label after aggregation : ['0:64.60%', '1:68.80%', '2:45.50%', '3:39.60%', '4:43.40%', '5:42.40%', '6:70.40%', '7:61.20%', '8:65.80%', '9:62.80%']

-----------------------------------------------------

Central server round 17 started
Model sent from central server with 100msec communication time, with loss :1.23, accuracy : 56.45%
Accuracy per label : ['0:64.60%', '1:68.80%', '2:45.50%', '3:39.60%', '4:43.40%', '5:42.40%', '6:70.40%', '7:61.20%', '8:65.80%', '9:62.80%']
The model is from round 16 from central server, staleness is 0

Cluster round 1 completed, aggregated models from all the clients, time past : 800msec, loss : 1.27, accuracy 55.43%
Accuracy per label : ['0:63.10%', '1:74.80%', '2:36.50%', '3:30.90%', '4:48.40%', '5:41.50%', '6:66.10%', '7:57.10%', '8:74.30%', '9:61.60%']

Before aggregation, loss : 1.23, accuracy : 56.45%
Before aggregation, accuracy per label : ['0:64.60%', '1:68.80%', '2:45.50%', '3:39.60%', '4:43.40%', '5:42.40%', '6:70.40%', '7:61.20%', '8:65.80%', '9:62.80%']
Aggregation to central server completed at central server round 17, loss : 1.21, accuracy : 57.19%
Accuracy per label after aggregation : ['0:67.40%', '1:69.40%', '2:38.20%', '3:40.90%', '4:42.90%', '5:43.50%', '6:73.20%', '7:64.50%', '8:70.00%', '9:61.90%']

-----------------------------------------------------

Central server round 18 started
Model sent from central server with 100msec communication time, with loss :1.21, accuracy : 57.19%
Accuracy per label : ['0:67.40%', '1:69.40%', '2:38.20%', '3:40.90%', '4:42.90%', '5:43.50%', '6:73.20%', '7:64.50%', '8:70.00%', '9:61.90%']
The model is from round 17 from central server, staleness is 0

Cluster round 1 completed, aggregated models from all the clients, time past : 800msec, loss : 1.23, accuracy 56.68%
Accuracy per label : ['0:63.90%', '1:73.20%', '2:45.50%', '3:29.60%', '4:43.60%', '5:46.70%', '6:68.50%', '7:62.50%', '8:77.80%', '9:55.50%']

Before aggregation, loss : 1.21, accuracy : 57.19%
Before aggregation, accuracy per label : ['0:67.40%', '1:69.40%', '2:38.20%', '3:40.90%', '4:42.90%', '5:43.50%', '6:73.20%', '7:64.50%', '8:70.00%', '9:61.90%']
Aggregation to central server completed at central server round 18, loss : 1.19, accuracy : 58.20%
Accuracy per label after aggregation : ['0:63.40%', '1:73.50%', '2:43.50%', '3:39.50%', '4:45.20%', '5:45.20%', '6:71.80%', '7:65.00%', '8:74.80%', '9:60.10%']

-----------------------------------------------------

Central server round 19 started
Model sent from central server with 100msec communication time, with loss :1.19, accuracy : 58.20%
Accuracy per label : ['0:63.40%', '1:73.50%', '2:43.50%', '3:39.50%', '4:45.20%', '5:45.20%', '6:71.80%', '7:65.00%', '8:74.80%', '9:60.10%']
The model is from round 18 from central server, staleness is 0

Cluster round 1 completed, aggregated models from all the clients, time past : 800msec, loss : 1.19, accuracy 58.10%
Accuracy per label : ['0:64.30%', '1:72.40%', '2:41.30%', '3:34.20%', '4:39.90%', '5:48.50%', '6:73.70%', '7:73.00%', '8:71.20%', '9:62.50%']

Before aggregation, loss : 1.19, accuracy : 58.20%
Before aggregation, accuracy per label : ['0:63.40%', '1:73.50%', '2:43.50%', '3:39.50%', '4:45.20%', '5:45.20%', '6:71.80%', '7:65.00%', '8:74.80%', '9:60.10%']
Aggregation to central server completed at central server round 19, loss : 1.17, accuracy : 58.98%
Accuracy per label after aggregation : ['0:63.60%', '1:72.50%', '2:44.70%', '3:33.40%', '4:48.80%', '5:47.70%', '6:73.60%', '7:69.20%', '8:74.20%', '9:62.10%']

-----------------------------------------------------

Central server round 20 started
Model sent from central server with 100msec communication time, with loss :1.17, accuracy : 58.98%
Accuracy per label : ['0:63.60%', '1:72.50%', '2:44.70%', '3:33.40%', '4:48.80%', '5:47.70%', '6:73.60%', '7:69.20%', '8:74.20%', '9:62.10%']
The model is from round 19 from central server, staleness is 0

Cluster round 1 completed, aggregated models from all the clients, time past : 800msec, loss : 1.19, accuracy 57.95%
Accuracy per label : ['0:60.10%', '1:77.50%', '2:31.20%', '3:37.60%', '4:47.90%', '5:54.50%', '6:65.70%', '7:69.30%', '8:78.90%', '9:56.80%']

Before aggregation, loss : 1.17, accuracy : 58.98%
Before aggregation, accuracy per label : ['0:63.60%', '1:72.50%', '2:44.70%', '3:33.40%', '4:48.80%', '5:47.70%', '6:73.60%', '7:69.20%', '8:74.20%', '9:62.10%']
Aggregation to central server completed at central server round 20, loss : 1.15, accuracy : 59.57%
Accuracy per label after aggregation : ['0:64.90%', '1:74.80%', '2:44.20%', '3:41.10%', '4:50.10%', '5:45.20%', '6:74.40%', '7:62.90%', '8:76.20%', '9:61.90%']

-----------------------------------------------------

Central server round 21 started
Model sent from central server with 100msec communication time, with loss :1.15, accuracy : 59.57%
Accuracy per label : ['0:64.90%', '1:74.80%', '2:44.20%', '3:41.10%', '4:50.10%', '5:45.20%', '6:74.40%', '7:62.90%', '8:76.20%', '9:61.90%']
The model is from round 20 from central server, staleness is 0

Cluster round 1 completed, aggregated models from all the clients, time past : 800msec, loss : 1.18, accuracy 58.52%
Accuracy per label : ['0:61.70%', '1:66.90%', '2:44.20%', '3:35.40%', '4:54.30%', '5:51.10%', '6:60.10%', '7:67.30%', '8:82.60%', '9:61.60%']

Before aggregation, loss : 1.15, accuracy : 59.57%
Before aggregation, accuracy per label : ['0:64.90%', '1:74.80%', '2:44.20%', '3:41.10%', '4:50.10%', '5:45.20%', '6:74.40%', '7:62.90%', '8:76.20%', '9:61.90%']
Aggregation to central server completed at central server round 21, loss : 1.14, accuracy : 60.19%
Accuracy per label after aggregation : ['0:64.80%', '1:71.50%', '2:42.20%', '3:38.60%', '4:54.90%', '5:46.80%', '6:71.60%', '7:70.80%', '8:77.20%', '9:63.50%']

-----------------------------------------------------

Central server round 22 started
Model sent from central server with 100msec communication time, with loss :1.14, accuracy : 60.19%
Accuracy per label : ['0:64.80%', '1:71.50%', '2:42.20%', '3:38.60%', '4:54.90%', '5:46.80%', '6:71.60%', '7:70.80%', '8:77.20%', '9:63.50%']
The model is from round 21 from central server, staleness is 0

Cluster round 1 completed, aggregated models from all the clients, time past : 800msec, loss : 1.13, accuracy 60.38%
Accuracy per label : ['0:68.30%', '1:69.60%', '2:52.30%', '3:40.20%', '4:48.00%', '5:48.00%', '6:67.70%', '7:69.60%', '8:73.40%', '9:66.70%']

Before aggregation, loss : 1.14, accuracy : 60.19%
Before aggregation, accuracy per label : ['0:64.80%', '1:71.50%', '2:42.20%', '3:38.60%', '4:54.90%', '5:46.80%', '6:71.60%', '7:70.80%', '8:77.20%', '9:63.50%']
Aggregation to central server completed at central server round 22, loss : 1.12, accuracy : 60.97%
Accuracy per label after aggregation : ['0:67.50%', '1:71.20%', '2:42.60%', '3:43.00%', '4:53.80%', '5:44.30%', '6:74.80%', '7:70.80%', '8:75.70%', '9:66.00%']

-----------------------------------------------------

Central server round 23 started
Model sent from central server with 100msec communication time, with loss :1.12, accuracy : 60.97%
Accuracy per label : ['0:67.50%', '1:71.20%', '2:42.60%', '3:43.00%', '4:53.80%', '5:44.30%', '6:74.80%', '7:70.80%', '8:75.70%', '9:66.00%']
The model is from round 22 from central server, staleness is 0

Cluster round 1 completed, aggregated models from all the clients, time past : 800msec, loss : 1.16, accuracy 60.53%
Accuracy per label : ['0:67.50%', '1:70.40%', '2:41.90%', '3:42.50%', '4:43.20%', '5:62.50%', '6:61.70%', '7:72.00%', '8:73.00%', '9:70.60%']

Before aggregation, loss : 1.12, accuracy : 60.97%
Before aggregation, accuracy per label : ['0:67.50%', '1:71.20%', '2:42.60%', '3:43.00%', '4:53.80%', '5:44.30%', '6:74.80%', '7:70.80%', '8:75.70%', '9:66.00%']
Aggregation to central server completed at central server round 23, loss : 1.11, accuracy : 61.76%
Accuracy per label after aggregation : ['0:66.20%', '1:72.30%', '2:45.70%', '3:44.70%', '4:52.20%', '5:48.60%', '6:73.90%', '7:69.50%', '8:76.50%', '9:68.00%']

-----------------------------------------------------

Central server round 24 started
Model sent from central server with 100msec communication time, with loss :1.11, accuracy : 61.76%
Accuracy per label : ['0:66.20%', '1:72.30%', '2:45.70%', '3:44.70%', '4:52.20%', '5:48.60%', '6:73.90%', '7:69.50%', '8:76.50%', '9:68.00%']
The model is from round 23 from central server, staleness is 0

Cluster round 1 completed, aggregated models from all the clients, time past : 800msec, loss : 1.15, accuracy 60.29%
Accuracy per label : ['0:62.60%', '1:66.70%', '2:50.80%', '3:37.90%', '4:52.90%', '5:43.50%', '6:77.30%', '7:64.20%', '8:83.10%', '9:63.90%']

Before aggregation, loss : 1.11, accuracy : 61.76%
Before aggregation, accuracy per label : ['0:66.20%', '1:72.30%', '2:45.70%', '3:44.70%', '4:52.20%', '5:48.60%', '6:73.90%', '7:69.50%', '8:76.50%', '9:68.00%']
Aggregation to central server completed at central server round 24, loss : 1.10, accuracy : 62.13%
Accuracy per label after aggregation : ['0:65.70%', '1:73.30%', '2:44.80%', '3:39.70%', '4:57.70%', '5:55.50%', '6:72.60%', '7:68.40%', '8:77.80%', '9:65.80%']

-----------------------------------------------------

Central server round 25 started
Model sent from central server with 100msec communication time, with loss :1.10, accuracy : 62.13%
Accuracy per label : ['0:65.70%', '1:73.30%', '2:44.80%', '3:39.70%', '4:57.70%', '5:55.50%', '6:72.60%', '7:68.40%', '8:77.80%', '9:65.80%']
The model is from round 24 from central server, staleness is 0

Cluster round 1 completed, aggregated models from all the clients, time past : 800msec, loss : 1.14, accuracy 61.27%
Accuracy per label : ['0:63.30%', '1:80.00%', '2:48.50%', '3:39.70%', '4:45.80%', '5:54.30%', '6:72.00%', '7:75.70%', '8:75.80%', '9:57.60%']

Before aggregation, loss : 1.10, accuracy : 62.13%
Before aggregation, accuracy per label : ['0:65.70%', '1:73.30%', '2:44.80%', '3:39.70%', '4:57.70%', '5:55.50%', '6:72.60%', '7:68.40%', '8:77.80%', '9:65.80%']
Aggregation to central server completed at central server round 25, loss : 1.09, accuracy : 62.31%
Accuracy per label after aggregation : ['0:67.20%', '1:77.30%', '2:50.00%', '3:40.60%', '4:54.90%', '5:52.10%', '6:72.00%', '7:71.10%', '8:77.50%', '9:60.40%']

-----------------------------------------------------

Central server round 26 started
Model sent from central server with 100msec communication time, with loss :1.09, accuracy : 62.31%
Accuracy per label : ['0:67.20%', '1:77.30%', '2:50.00%', '3:40.60%', '4:54.90%', '5:52.10%', '6:72.00%', '7:71.10%', '8:77.50%', '9:60.40%']
The model is from round 25 from central server, staleness is 0

Cluster round 1 completed, aggregated models from all the clients, time past : 800msec, loss : 1.14, accuracy 62.01%
Accuracy per label : ['0:59.30%', '1:73.10%', '2:46.20%', '3:41.30%', '4:59.70%', '5:49.90%', '6:77.10%', '7:71.60%', '8:73.30%', '9:68.60%']

Before aggregation, loss : 1.09, accuracy : 62.31%
Before aggregation, accuracy per label : ['0:67.20%', '1:77.30%', '2:50.00%', '3:40.60%', '4:54.90%', '5:52.10%', '6:72.00%', '7:71.10%', '8:77.50%', '9:60.40%']
Aggregation to central server completed at central server round 26, loss : 1.09, accuracy : 62.60%
Accuracy per label after aggregation : ['0:64.90%', '1:74.80%', '2:50.80%', '3:40.30%', '4:55.70%', '5:48.60%', '6:76.50%', '7:70.90%', '8:77.60%', '9:65.90%']

-----------------------------------------------------

Central server round 27 started
Model sent from central server with 100msec communication time, with loss :1.09, accuracy : 62.60%
Accuracy per label : ['0:64.90%', '1:74.80%', '2:50.80%', '3:40.30%', '4:55.70%', '5:48.60%', '6:76.50%', '7:70.90%', '8:77.60%', '9:65.90%']
The model is from round 26 from central server, staleness is 0

Cluster round 1 completed, aggregated models from all the clients, time past : 800msec, loss : 1.12, accuracy 61.99%
Accuracy per label : ['0:71.90%', '1:74.90%', '2:44.10%', '3:37.00%', '4:64.60%', '5:58.20%', '6:66.70%', '7:60.70%', '8:76.60%', '9:65.20%']

Before aggregation, loss : 1.09, accuracy : 62.60%
Before aggregation, accuracy per label : ['0:64.90%', '1:74.80%', '2:50.80%', '3:40.30%', '4:55.70%', '5:48.60%', '6:76.50%', '7:70.90%', '8:77.60%', '9:65.90%']
Aggregation to central server completed at central server round 27, loss : 1.10, accuracy : 62.55%
Accuracy per label after aggregation : ['0:69.00%', '1:76.80%', '2:46.00%', '3:35.10%', '4:58.30%', '5:52.00%', '6:77.10%', '7:66.90%', '8:78.20%', '9:66.10%']

-----------------------------------------------------

Central server round 28 started
Model sent from central server with 100msec communication time, with loss :1.10, accuracy : 62.55%
Accuracy per label : ['0:69.00%', '1:76.80%', '2:46.00%', '3:35.10%', '4:58.30%', '5:52.00%', '6:77.10%', '7:66.90%', '8:78.20%', '9:66.10%']
The model is from round 27 from central server, staleness is 0

Cluster round 1 completed, aggregated models from all the clients, time past : 800msec, loss : 1.12, accuracy 62.79%
Accuracy per label : ['0:60.40%', '1:76.90%', '2:49.90%', '3:46.80%', '4:50.70%', '5:48.80%', '6:69.70%', '7:77.00%', '8:77.50%', '9:70.20%']

Before aggregation, loss : 1.10, accuracy : 62.55%
Before aggregation, accuracy per label : ['0:69.00%', '1:76.80%', '2:46.00%', '3:35.10%', '4:58.30%', '5:52.00%', '6:77.10%', '7:66.90%', '8:78.20%', '9:66.10%']
Aggregation to central server completed at central server round 28, loss : 1.09, accuracy : 63.82%
Accuracy per label after aggregation : ['0:68.40%', '1:76.60%', '2:46.10%', '3:42.50%', '4:58.50%', '5:54.30%', '6:72.60%', '7:75.50%', '8:75.40%', '9:68.30%']

-----------------------------------------------------

Central server round 29 started
Model sent from central server with 100msec communication time, with loss :1.09, accuracy : 63.82%
Accuracy per label : ['0:68.40%', '1:76.60%', '2:46.10%', '3:42.50%', '4:58.50%', '5:54.30%', '6:72.60%', '7:75.50%', '8:75.40%', '9:68.30%']
The model is from round 28 from central server, staleness is 0

Cluster round 1 completed, aggregated models from all the clients, time past : 800msec, loss : 1.14, accuracy 62.50%
Accuracy per label : ['0:68.80%', '1:75.60%', '2:38.80%', '3:35.00%', '4:64.80%', '5:53.60%', '6:77.80%', '7:68.60%', '8:75.30%', '9:66.70%']

Before aggregation, loss : 1.09, accuracy : 63.82%
Before aggregation, accuracy per label : ['0:68.40%', '1:76.60%', '2:46.10%', '3:42.50%', '4:58.50%', '5:54.30%', '6:72.60%', '7:75.50%', '8:75.40%', '9:68.30%']
Aggregation to central server completed at central server round 29, loss : 1.09, accuracy : 63.90%
Accuracy per label after aggregation : ['0:68.70%', '1:74.90%', '2:47.10%', '3:43.60%', '4:58.30%', '5:52.80%', '6:75.10%', '7:73.40%', '8:74.70%', '9:70.40%']

-----------------------------------------------------

Central server round 30 started
Model sent from central server with 100msec communication time, with loss :1.09, accuracy : 63.90%
Accuracy per label : ['0:68.70%', '1:74.90%', '2:47.10%', '3:43.60%', '4:58.30%', '5:52.80%', '6:75.10%', '7:73.40%', '8:74.70%', '9:70.40%']
The model is from round 29 from central server, staleness is 0

Cluster round 1 completed, aggregated models from all the clients, time past : 800msec, loss : 1.16, accuracy 62.42%
Accuracy per label : ['0:66.90%', '1:79.60%', '2:37.30%', '3:38.60%', '4:54.40%', '5:63.10%', '6:68.80%', '7:71.60%', '8:80.30%', '9:63.60%']

Before aggregation, loss : 1.09, accuracy : 63.90%
Before aggregation, accuracy per label : ['0:68.70%', '1:74.90%', '2:47.10%', '3:43.60%', '4:58.30%', '5:52.80%', '6:75.10%', '7:73.40%', '8:74.70%', '9:70.40%']
Aggregation to central server completed at central server round 30, loss : 1.09, accuracy : 64.24%
Accuracy per label after aggregation : ['0:71.20%', '1:75.10%', '2:44.80%', '3:37.90%', '4:57.00%', '5:61.20%', '6:75.60%', '7:73.70%', '8:76.90%', '9:69.00%']

-----------------------------------------------------

Central server round 31 started
Model sent from central server with 100msec communication time, with loss :1.09, accuracy : 64.24%
Accuracy per label : ['0:71.20%', '1:75.10%', '2:44.80%', '3:37.90%', '4:57.00%', '5:61.20%', '6:75.60%', '7:73.70%', '8:76.90%', '9:69.00%']
The model is from round 30 from central server, staleness is 0

Cluster round 1 completed, aggregated models from all the clients, time past : 800msec, loss : 1.14, accuracy 63.56%
Accuracy per label : ['0:72.10%', '1:71.00%', '2:56.60%', '3:39.00%', '4:42.90%', '5:53.60%', '6:79.00%', '7:72.30%', '8:74.60%', '9:74.50%']

Before aggregation, loss : 1.09, accuracy : 64.24%
Before aggregation, accuracy per label : ['0:71.20%', '1:75.10%', '2:44.80%', '3:37.90%', '4:57.00%', '5:61.20%', '6:75.60%', '7:73.70%', '8:76.90%', '9:69.00%']
Aggregation to central server completed at central server round 31, loss : 1.10, accuracy : 64.53%
Accuracy per label after aggregation : ['0:69.60%', '1:75.00%', '2:47.80%', '3:41.10%', '4:54.90%', '5:55.50%', '6:79.90%', '7:71.00%', '8:79.80%', '9:70.70%']

-----------------------------------------------------

Central server round 32 started
Model sent from central server with 100msec communication time, with loss :1.10, accuracy : 64.53%
Accuracy per label : ['0:69.60%', '1:75.00%', '2:47.80%', '3:41.10%', '4:54.90%', '5:55.50%', '6:79.90%', '7:71.00%', '8:79.80%', '9:70.70%']
The model is from round 31 from central server, staleness is 0

Cluster round 1 completed, aggregated models from all the clients, time past : 800msec, loss : 1.15, accuracy 63.64%
Accuracy per label : ['0:68.70%', '1:77.30%', '2:38.70%', '3:41.70%', '4:60.50%', '5:53.10%', '6:72.00%', '7:79.10%', '8:77.60%', '9:67.70%']

Before aggregation, loss : 1.10, accuracy : 64.53%
Before aggregation, accuracy per label : ['0:69.60%', '1:75.00%', '2:47.80%', '3:41.10%', '4:54.90%', '5:55.50%', '6:79.90%', '7:71.00%', '8:79.80%', '9:70.70%']
Aggregation to central server completed at central server round 32, loss : 1.10, accuracy : 64.82%
Accuracy per label after aggregation : ['0:70.30%', '1:77.10%', '2:48.70%', '3:44.20%', '4:62.30%', '5:50.90%', '6:74.30%', '7:74.10%', '8:77.70%', '9:68.60%']

-----------------------------------------------------

Central server round 33 started
Model sent from central server with 100msec communication time, with loss :1.10, accuracy : 64.82%
Accuracy per label : ['0:70.30%', '1:77.10%', '2:48.70%', '3:44.20%', '4:62.30%', '5:50.90%', '6:74.30%', '7:74.10%', '8:77.70%', '9:68.60%']
The model is from round 32 from central server, staleness is 0

Cluster round 1 completed, aggregated models from all the clients, time past : 800msec, loss : 1.14, accuracy 64.26%
Accuracy per label : ['0:71.70%', '1:75.80%', '2:59.30%', '3:38.60%', '4:55.90%', '5:55.70%', '6:73.50%', '7:67.70%', '8:77.40%', '9:67.00%']

Before aggregation, loss : 1.10, accuracy : 64.82%
Before aggregation, accuracy per label : ['0:70.30%', '1:77.10%', '2:48.70%', '3:44.20%', '4:62.30%', '5:50.90%', '6:74.30%', '7:74.10%', '8:77.70%', '9:68.60%']
Aggregation to central server completed at central server round 33, loss : 1.10, accuracy : 65.27%
Accuracy per label after aggregation : ['0:71.10%', '1:76.90%', '2:53.00%', '3:42.50%', '4:58.50%', '5:54.80%', '6:75.50%', '7:73.80%', '8:78.00%', '9:68.60%']

-----------------------------------------------------

Central server round 34 started
Model sent from central server with 100msec communication time, with loss :1.10, accuracy : 65.27%
Accuracy per label : ['0:71.10%', '1:76.90%', '2:53.00%', '3:42.50%', '4:58.50%', '5:54.80%', '6:75.50%', '7:73.80%', '8:78.00%', '9:68.60%']
The model is from round 33 from central server, staleness is 0

Cluster round 1 completed, aggregated models from all the clients, time past : 800msec, loss : 1.15, accuracy 64.26%
Accuracy per label : ['0:69.30%', '1:76.60%', '2:49.10%', '3:47.80%', '4:61.70%', '5:50.90%', '6:68.40%', '7:68.90%', '8:79.60%', '9:70.30%']

Before aggregation, loss : 1.10, accuracy : 65.27%
Before aggregation, accuracy per label : ['0:71.10%', '1:76.90%', '2:53.00%', '3:42.50%', '4:58.50%', '5:54.80%', '6:75.50%', '7:73.80%', '8:78.00%', '9:68.60%']
Aggregation to central server completed at central server round 34, loss : 1.11, accuracy : 65.36%
Accuracy per label after aggregation : ['0:69.70%', '1:74.20%', '2:46.10%', '3:43.00%', '4:64.40%', '5:54.10%', '6:76.70%', '7:73.30%', '8:79.00%', '9:73.10%']

-----------------------------------------------------

Central server round 35 started
Model sent from central server with 100msec communication time, with loss :1.11, accuracy : 65.36%
Accuracy per label : ['0:69.70%', '1:74.20%', '2:46.10%', '3:43.00%', '4:64.40%', '5:54.10%', '6:76.70%', '7:73.30%', '8:79.00%', '9:73.10%']
The model is from round 34 from central server, staleness is 0

Cluster round 1 completed, aggregated models from all the clients, time past : 800msec, loss : 1.15, accuracy 64.59%
Accuracy per label : ['0:69.80%', '1:76.70%', '2:46.50%', '3:43.70%', '4:58.80%', '5:57.50%', '6:73.40%', '7:69.00%', '8:77.00%', '9:73.50%']

Before aggregation, loss : 1.11, accuracy : 65.36%
Before aggregation, accuracy per label : ['0:69.70%', '1:74.20%', '2:46.10%', '3:43.00%', '4:64.40%', '5:54.10%', '6:76.70%', '7:73.30%', '8:79.00%', '9:73.10%']
Aggregation to central server completed at central server round 35, loss : 1.11, accuracy : 65.47%
Accuracy per label after aggregation : ['0:68.90%', '1:76.70%', '2:48.40%', '3:46.10%', '4:60.70%', '5:55.50%', '6:75.80%', '7:71.10%', '8:80.00%', '9:71.50%']

-----------------------------------------------------

Central server round 36 started
Model sent from central server with 100msec communication time, with loss :1.11, accuracy : 65.47%
Accuracy per label : ['0:68.90%', '1:76.70%', '2:48.40%', '3:46.10%', '4:60.70%', '5:55.50%', '6:75.80%', '7:71.10%', '8:80.00%', '9:71.50%']
The model is from round 35 from central server, staleness is 0

Cluster round 1 completed, aggregated models from all the clients, time past : 800msec, loss : 1.15, accuracy 64.81%
Accuracy per label : ['0:69.20%', '1:73.30%', '2:54.40%', '3:46.50%', '4:54.30%', '5:53.60%', '6:76.60%', '7:68.50%', '8:80.10%', '9:71.60%']

Before aggregation, loss : 1.11, accuracy : 65.47%
Before aggregation, accuracy per label : ['0:68.90%', '1:76.70%', '2:48.40%', '3:46.10%', '4:60.70%', '5:55.50%', '6:75.80%', '7:71.10%', '8:80.00%', '9:71.50%']
Aggregation to central server completed at central server round 36, loss : 1.13, accuracy : 65.51%
Accuracy per label after aggregation : ['0:70.70%', '1:76.50%', '2:46.00%', '3:41.90%', '4:58.20%', '5:60.90%', '6:76.80%', '7:73.40%', '8:79.50%', '9:71.20%']

-----------------------------------------------------

Central server round 37 started
Model sent from central server with 100msec communication time, with loss :1.13, accuracy : 65.51%
Accuracy per label : ['0:70.70%', '1:76.50%', '2:46.00%', '3:41.90%', '4:58.20%', '5:60.90%', '6:76.80%', '7:73.40%', '8:79.50%', '9:71.20%']
The model is from round 36 from central server, staleness is 0

Cluster round 1 completed, aggregated models from all the clients, time past : 800msec, loss : 1.17, accuracy 64.64%
Accuracy per label : ['0:70.90%', '1:72.20%', '2:54.10%', '3:38.40%', '4:58.00%', '5:61.00%', '6:72.30%', '7:66.20%', '8:77.80%', '9:75.50%']

Before aggregation, loss : 1.13, accuracy : 65.51%
Before aggregation, accuracy per label : ['0:70.70%', '1:76.50%', '2:46.00%', '3:41.90%', '4:58.20%', '5:60.90%', '6:76.80%', '7:73.40%', '8:79.50%', '9:71.20%']
Aggregation to central server completed at central server round 37, loss : 1.13, accuracy : 65.93%
Accuracy per label after aggregation : ['0:72.80%', '1:75.50%', '2:48.50%', '3:43.20%', '4:62.50%', '5:56.60%', '6:76.50%', '7:73.10%', '8:78.10%', '9:72.50%']

-----------------------------------------------------

Central server round 38 started
Model sent from central server with 100msec communication time, with loss :1.13, accuracy : 65.93%
Accuracy per label : ['0:72.80%', '1:75.50%', '2:48.50%', '3:43.20%', '4:62.50%', '5:56.60%', '6:76.50%', '7:73.10%', '8:78.10%', '9:72.50%']
The model is from round 37 from central server, staleness is 0

Cluster round 1 completed, aggregated models from all the clients, time past : 800msec, loss : 1.19, accuracy 64.98%
Accuracy per label : ['0:73.60%', '1:78.20%', '2:42.80%', '3:39.30%', '4:65.10%', '5:58.60%', '6:73.70%', '7:74.20%', '8:73.00%', '9:71.30%']

Before aggregation, loss : 1.13, accuracy : 65.93%
Before aggregation, accuracy per label : ['0:72.80%', '1:75.50%', '2:48.50%', '3:43.20%', '4:62.50%', '5:56.60%', '6:76.50%', '7:73.10%', '8:78.10%', '9:72.50%']
Aggregation to central server completed at central server round 38, loss : 1.13, accuracy : 65.80%
Accuracy per label after aggregation : ['0:72.50%', '1:78.30%', '2:49.30%', '3:43.30%', '4:59.10%', '5:58.20%', '6:74.80%', '7:74.80%', '8:77.30%', '9:70.40%']

-----------------------------------------------------

Central server round 39 started
Model sent from central server with 100msec communication time, with loss :1.13, accuracy : 65.80%
Accuracy per label : ['0:72.50%', '1:78.30%', '2:49.30%', '3:43.30%', '4:59.10%', '5:58.20%', '6:74.80%', '7:74.80%', '8:77.30%', '9:70.40%']
The model is from round 38 from central server, staleness is 0

Cluster round 1 completed, aggregated models from all the clients, time past : 800msec, loss : 1.18, accuracy 65.18%
Accuracy per label : ['0:73.10%', '1:74.40%', '2:47.20%', '3:47.10%', '4:57.80%', '5:55.20%', '6:70.90%', '7:73.60%', '8:78.20%', '9:74.30%']

Before aggregation, loss : 1.13, accuracy : 65.80%
Before aggregation, accuracy per label : ['0:72.50%', '1:78.30%', '2:49.30%', '3:43.30%', '4:59.10%', '5:58.20%', '6:74.80%', '7:74.80%', '8:77.30%', '9:70.40%']
Aggregation to central server completed at central server round 39, loss : 1.14, accuracy : 66.01%
Accuracy per label after aggregation : ['0:70.50%', '1:76.70%', '2:50.70%', '3:46.30%', '4:60.90%', '5:55.50%', '6:75.50%', '7:73.90%', '8:78.90%', '9:71.20%']

-----------------------------------------------------

Central server round 40 started
Model sent from central server with 100msec communication time, with loss :1.14, accuracy : 66.01%
Accuracy per label : ['0:70.50%', '1:76.70%', '2:50.70%', '3:46.30%', '4:60.90%', '5:55.50%', '6:75.50%', '7:73.90%', '8:78.90%', '9:71.20%']
The model is from round 39 from central server, staleness is 0

Cluster round 1 completed, aggregated models from all the clients, time past : 800msec, loss : 1.18, accuracy 65.71%
Accuracy per label : ['0:73.70%', '1:75.30%', '2:48.10%', '3:40.10%', '4:60.60%', '5:59.00%', '6:75.40%', '7:73.80%', '8:78.40%', '9:72.70%']

Before aggregation, loss : 1.14, accuracy : 66.01%
Before aggregation, accuracy per label : ['0:70.50%', '1:76.70%', '2:50.70%', '3:46.30%', '4:60.90%', '5:55.50%', '6:75.50%', '7:73.90%', '8:78.90%', '9:71.20%']
Aggregation to central server completed at central server round 40, loss : 1.15, accuracy : 65.88%
Accuracy per label after aggregation : ['0:72.90%', '1:76.60%', '2:50.80%', '3:43.90%', '4:60.80%', '5:55.90%', '6:75.10%', '7:73.50%', '8:78.70%', '9:70.60%']

-----------------------------------------------------

Central server round 41 started
Model sent from central server with 100msec communication time, with loss :1.15, accuracy : 65.88%
Accuracy per label : ['0:72.90%', '1:76.60%', '2:50.80%', '3:43.90%', '4:60.80%', '5:55.90%', '6:75.10%', '7:73.50%', '8:78.70%', '9:70.60%']
The model is from round 40 from central server, staleness is 0

Cluster round 1 completed, aggregated models from all the clients, time past : 800msec, loss : 1.21, accuracy 65.18%
Accuracy per label : ['0:71.50%', '1:73.10%', '2:48.20%', '3:41.00%', '4:51.70%', '5:57.70%', '6:83.10%', '7:73.10%', '8:77.60%', '9:74.80%']

Before aggregation, loss : 1.15, accuracy : 65.88%
Before aggregation, accuracy per label : ['0:72.90%', '1:76.60%', '2:50.80%', '3:43.90%', '4:60.80%', '5:55.90%', '6:75.10%', '7:73.50%', '8:78.70%', '9:70.60%']
Aggregation to central server completed at central server round 41, loss : 1.16, accuracy : 66.06%
Accuracy per label after aggregation : ['0:71.20%', '1:76.30%', '2:50.50%', '3:44.10%', '4:60.40%', '5:55.10%', '6:79.10%', '7:73.80%', '8:79.00%', '9:71.10%']

-----------------------------------------------------

Central server round 42 started
Model sent from central server with 100msec communication time, with loss :1.16, accuracy : 66.06%
Accuracy per label : ['0:71.20%', '1:76.30%', '2:50.50%', '3:44.10%', '4:60.40%', '5:55.10%', '6:79.10%', '7:73.80%', '8:79.00%', '9:71.10%']
The model is from round 41 from central server, staleness is 0

Cluster round 1 completed, aggregated models from all the clients, time past : 800msec, loss : 1.19, accuracy 65.39%
Accuracy per label : ['0:69.60%', '1:74.10%', '2:45.70%', '3:48.90%', '4:61.90%', '5:54.60%', '6:72.10%', '7:72.00%', '8:80.60%', '9:74.40%']

Before aggregation, loss : 1.16, accuracy : 66.06%
Before aggregation, accuracy per label : ['0:71.20%', '1:76.30%', '2:50.50%', '3:44.10%', '4:60.40%', '5:55.10%', '6:79.10%', '7:73.80%', '8:79.00%', '9:71.10%']
Aggregation to central server completed at central server round 42, loss : 1.16, accuracy : 65.98%
Accuracy per label after aggregation : ['0:71.20%', '1:76.50%', '2:48.80%', '3:45.80%', '4:61.10%', '5:56.50%', '6:74.90%', '7:74.80%', '8:78.90%', '9:71.30%']

-----------------------------------------------------

Central server round 43 started
Model sent from central server with 100msec communication time, with loss :1.16, accuracy : 65.98%
Accuracy per label : ['0:71.20%', '1:76.50%', '2:48.80%', '3:45.80%', '4:61.10%', '5:56.50%', '6:74.90%', '7:74.80%', '8:78.90%', '9:71.30%']
The model is from round 42 from central server, staleness is 0

Cluster round 1 completed, aggregated models from all the clients, time past : 800msec, loss : 1.20, accuracy 65.67%
Accuracy per label : ['0:71.30%', '1:75.90%', '2:49.00%', '3:45.30%', '4:60.90%', '5:57.60%', '6:72.60%', '7:71.30%', '8:79.50%', '9:73.30%']

Before aggregation, loss : 1.16, accuracy : 65.98%
Before aggregation, accuracy per label : ['0:71.20%', '1:76.50%', '2:48.80%', '3:45.80%', '4:61.10%', '5:56.50%', '6:74.90%', '7:74.80%', '8:78.90%', '9:71.30%']
Aggregation to central server completed at central server round 43, loss : 1.17, accuracy : 66.18%
Accuracy per label after aggregation : ['0:71.00%', '1:76.10%', '2:48.50%', '3:44.70%', '4:64.70%', '5:56.00%', '6:76.10%', '7:74.50%', '8:79.20%', '9:71.00%']

-----------------------------------------------------

Central server round 44 started
Model sent from central server with 100msec communication time, with loss :1.17, accuracy : 66.18%
Accuracy per label : ['0:71.00%', '1:76.10%', '2:48.50%', '3:44.70%', '4:64.70%', '5:56.00%', '6:76.10%', '7:74.50%', '8:79.20%', '9:71.00%']
The model is from round 43 from central server, staleness is 0

Cluster round 1 completed, aggregated models from all the clients, time past : 800msec, loss : 1.20, accuracy 65.92%
Accuracy per label : ['0:72.40%', '1:76.90%', '2:50.60%', '3:48.00%', '4:57.90%', '5:53.70%', '6:76.10%', '7:73.10%', '8:78.50%', '9:72.00%']

Before aggregation, loss : 1.17, accuracy : 66.18%
Before aggregation, accuracy per label : ['0:71.00%', '1:76.10%', '2:48.50%', '3:44.70%', '4:64.70%', '5:56.00%', '6:76.10%', '7:74.50%', '8:79.20%', '9:71.00%']
Aggregation to central server completed at central server round 44, loss : 1.17, accuracy : 66.44%
Accuracy per label after aggregation : ['0:72.80%', '1:76.60%', '2:50.70%', '3:44.20%', '4:60.60%', '5:57.20%', '6:77.90%', '7:73.50%', '8:78.60%', '9:72.30%']

-----------------------------------------------------

Central server round 45 started
Model sent from central server with 100msec communication time, with loss :1.17, accuracy : 66.44%
Accuracy per label : ['0:72.80%', '1:76.60%', '2:50.70%', '3:44.20%', '4:60.60%', '5:57.20%', '6:77.90%', '7:73.50%', '8:78.60%', '9:72.30%']
The model is from round 44 from central server, staleness is 0

Cluster round 1 completed, aggregated models from all the clients, time past : 800msec, loss : 1.22, accuracy 65.62%
Accuracy per label : ['0:70.70%', '1:76.10%', '2:57.90%', '3:39.80%', '4:56.90%', '5:57.30%', '6:75.00%', '7:72.50%', '8:79.20%', '9:70.80%']

Before aggregation, loss : 1.17, accuracy : 66.44%
Before aggregation, accuracy per label : ['0:72.80%', '1:76.60%', '2:50.70%', '3:44.20%', '4:60.60%', '5:57.20%', '6:77.90%', '7:73.50%', '8:78.60%', '9:72.30%']
Aggregation to central server completed at central server round 45, loss : 1.18, accuracy : 66.33%
Accuracy per label after aggregation : ['0:71.80%', '1:76.70%', '2:50.90%', '3:43.00%', '4:60.90%', '5:58.90%', '6:77.00%', '7:73.70%', '8:78.80%', '9:71.60%']

-----------------------------------------------------

Central server round 46 started
Model sent from central server with 100msec communication time, with loss :1.18, accuracy : 66.33%
Accuracy per label : ['0:71.80%', '1:76.70%', '2:50.90%', '3:43.00%', '4:60.90%', '5:58.90%', '6:77.00%', '7:73.70%', '8:78.80%', '9:71.60%']
The model is from round 45 from central server, staleness is 0

Cluster round 1 completed, aggregated models from all the clients, time past : 800msec, loss : 1.22, accuracy 65.95%
Accuracy per label : ['0:72.10%', '1:77.30%', '2:49.50%', '3:47.50%', '4:57.10%', '5:54.40%', '6:75.40%', '7:74.70%', '8:79.80%', '9:71.70%']

Before aggregation, loss : 1.18, accuracy : 66.33%
Before aggregation, accuracy per label : ['0:71.80%', '1:76.70%', '2:50.90%', '3:43.00%', '4:60.90%', '5:58.90%', '6:77.00%', '7:73.70%', '8:78.80%', '9:71.60%']
Aggregation to central server completed at central server round 46, loss : 1.19, accuracy : 66.23%
Accuracy per label after aggregation : ['0:72.00%', '1:77.40%', '2:50.30%', '3:46.70%', '4:59.30%', '5:56.00%', '6:75.90%', '7:74.70%', '8:78.60%', '9:71.40%']

-----------------------------------------------------

Central server round 47 started
Model sent from central server with 100msec communication time, with loss :1.19, accuracy : 66.23%
Accuracy per label : ['0:72.00%', '1:77.40%', '2:50.30%', '3:46.70%', '4:59.30%', '5:56.00%', '6:75.90%', '7:74.70%', '8:78.60%', '9:71.40%']
The model is from round 46 from central server, staleness is 0

Cluster round 1 completed, aggregated models from all the clients, time past : 800msec, loss : 1.22, accuracy 65.99%
Accuracy per label : ['0:73.30%', '1:76.30%', '2:48.80%', '3:47.30%', '4:55.90%', '5:55.30%', '6:77.10%', '7:74.20%', '8:80.10%', '9:71.60%']

Before aggregation, loss : 1.19, accuracy : 66.23%
Before aggregation, accuracy per label : ['0:72.00%', '1:77.40%', '2:50.30%', '3:46.70%', '4:59.30%', '5:56.00%', '6:75.90%', '7:74.70%', '8:78.60%', '9:71.40%']
Aggregation to central server completed at central server round 47, loss : 1.19, accuracy : 66.43%
Accuracy per label after aggregation : ['0:71.20%', '1:76.60%', '2:50.80%', '3:45.20%', '4:60.50%', '5:57.20%', '6:76.60%', '7:75.50%', '8:79.20%', '9:71.50%']

-----------------------------------------------------

Central server round 48 started
Model sent from central server with 100msec communication time, with loss :1.19, accuracy : 66.43%
Accuracy per label : ['0:71.20%', '1:76.60%', '2:50.80%', '3:45.20%', '4:60.50%', '5:57.20%', '6:76.60%', '7:75.50%', '8:79.20%', '9:71.50%']
The model is from round 47 from central server, staleness is 0

Cluster round 1 completed, aggregated models from all the clients, time past : 800msec, loss : 1.23, accuracy 66.09%
Accuracy per label : ['0:74.60%', '1:77.30%', '2:47.50%', '3:47.60%', '4:57.70%', '5:56.00%', '6:78.20%', '7:70.50%', '8:78.30%', '9:73.20%']

Before aggregation, loss : 1.19, accuracy : 66.43%
Before aggregation, accuracy per label : ['0:71.20%', '1:76.60%', '2:50.80%', '3:45.20%', '4:60.50%', '5:57.20%', '6:76.60%', '7:75.50%', '8:79.20%', '9:71.50%']
Aggregation to central server completed at central server round 48, loss : 1.20, accuracy : 66.67%
Accuracy per label after aggregation : ['0:72.30%', '1:77.40%', '2:48.00%', '3:45.40%', '4:65.10%', '5:56.70%', '6:76.30%', '7:73.60%', '8:78.80%', '9:73.10%']

-----------------------------------------------------

Central server round 49 started
Model sent from central server with 100msec communication time, with loss :1.20, accuracy : 66.67%
Accuracy per label : ['0:72.30%', '1:77.40%', '2:48.00%', '3:45.40%', '4:65.10%', '5:56.70%', '6:76.30%', '7:73.60%', '8:78.80%', '9:73.10%']
The model is from round 48 from central server, staleness is 0

Cluster round 1 completed, aggregated models from all the clients, time past : 800msec, loss : 1.24, accuracy 66.13%
Accuracy per label : ['0:72.10%', '1:76.50%', '2:52.60%', '3:43.60%', '4:56.60%', '5:54.00%', '6:78.70%', '7:73.70%', '8:80.50%', '9:73.00%']

Before aggregation, loss : 1.20, accuracy : 66.67%
Before aggregation, accuracy per label : ['0:72.30%', '1:77.40%', '2:48.00%', '3:45.40%', '4:65.10%', '5:56.70%', '6:76.30%', '7:73.60%', '8:78.80%', '9:73.10%']
Aggregation to central server completed at central server round 49, loss : 1.21, accuracy : 66.58%
Accuracy per label after aggregation : ['0:72.60%', '1:76.00%', '2:51.10%', '3:43.90%', '4:60.80%', '5:57.30%', '6:78.30%', '7:73.70%', '8:78.80%', '9:73.30%']

-----------------------------------------------------

Central server round 50 started
Model sent from central server with 100msec communication time, with loss :1.21, accuracy : 66.58%
Accuracy per label : ['0:72.60%', '1:76.00%', '2:51.10%', '3:43.90%', '4:60.80%', '5:57.30%', '6:78.30%', '7:73.70%', '8:78.80%', '9:73.30%']
The model is from round 49 from central server, staleness is 0

Cluster round 1 completed, aggregated models from all the clients, time past : 800msec, loss : 1.23, accuracy 65.94%
Accuracy per label : ['0:72.50%', '1:78.20%', '2:52.10%', '3:46.30%', '4:59.30%', '5:55.30%', '6:73.10%', '7:71.40%', '8:79.90%', '9:71.30%']

Before aggregation, loss : 1.21, accuracy : 66.58%
Before aggregation, accuracy per label : ['0:72.60%', '1:76.00%', '2:51.10%', '3:43.90%', '4:60.80%', '5:57.30%', '6:78.30%', '7:73.70%', '8:78.80%', '9:73.30%']
Aggregation to central server completed at central server round 50, loss : 1.21, accuracy : 66.70%
Accuracy per label after aggregation : ['0:74.70%', '1:77.10%', '2:50.50%', '3:45.90%', '4:61.40%', '5:57.00%', '6:76.30%', '7:73.10%', '8:78.50%', '9:72.50%']

