Cluster 0 with 10 clients
Cluster communication time : 100
Cluster computation time : 1400
Cluster training time : 1600
Cluster clients : [0, 10, 20, 30, 40, 50, 60, 70, 80, 90]
Label percentage: ['0 : 9.89%', '1 : 11.25%', '2 : 9.97%', '3 : 10.20%', '4 : 9.79%', '5 : 8.92%', '6 : 9.87%', '7 : 10.42%', '8 : 9.65%', '9 : 10.05%']%
Divergence : jsd 0.0000, tvd 0.0026

Cluster 1 with 10 clients
Cluster communication time : 100
Cluster computation time : 2400
Cluster training time : 2600
Cluster clients : [1, 11, 21, 31, 41, 51, 61, 71, 81, 91]
Label percentage: ['0 : 9.86%', '1 : 11.09%', '2 : 9.92%', '3 : 10.16%', '4 : 9.69%', '5 : 9.12%', '6 : 9.96%', '7 : 10.59%', '8 : 9.64%', '9 : 9.97%']%
Divergence : jsd 0.0000, tvd 0.0039

Cluster 2 with 10 clients
Cluster communication time : 100
Cluster computation time : 3400
Cluster training time : 3600
Cluster clients : [2, 12, 22, 32, 42, 52, 62, 72, 82, 92]
Label percentage: ['0 : 9.98%', '1 : 11.41%', '2 : 9.83%', '3 : 10.28%', '4 : 9.88%', '5 : 8.99%', '6 : 9.74%', '7 : 10.36%', '8 : 9.68%', '9 : 9.86%']%
Divergence : jsd 0.0000, tvd 0.0048

Cluster 3 with 10 clients
Cluster communication time : 100
Cluster computation time : 4400
Cluster training time : 4600
Cluster clients : [3, 13, 23, 33, 43, 53, 63, 73, 83, 93]
Label percentage: ['0 : 9.91%', '1 : 11.26%', '2 : 9.98%', '3 : 10.26%', '4 : 9.71%', '5 : 9.05%', '6 : 9.76%', '7 : 10.33%', '8 : 9.73%', '9 : 10.00%']%
Divergence : jsd 0.0000, tvd 0.0026

Cluster 4 with 10 clients
Cluster communication time : 100
Cluster computation time : 5400
Cluster training time : 5600
Cluster clients : [4, 14, 24, 34, 44, 54, 64, 74, 84, 94]
Label percentage: ['0 : 9.95%', '1 : 11.15%', '2 : 10.07%', '3 : 10.13%', '4 : 9.73%', '5 : 9.02%', '6 : 9.83%', '7 : 10.47%', '8 : 9.85%', '9 : 9.80%']%
Divergence : jsd 0.0000, tvd 0.0034

Cluster 5 with 10 clients
Cluster communication time : 100
Cluster computation time : 6400
Cluster training time : 6600
Cluster clients : [5, 15, 25, 35, 45, 55, 65, 75, 85, 95]
Label percentage: ['0 : 9.88%', '1 : 11.27%', '2 : 9.97%', '3 : 10.18%', '4 : 9.70%', '5 : 9.12%', '6 : 9.90%', '7 : 10.45%', '8 : 9.73%', '9 : 9.80%']%
Divergence : jsd 0.0000, tvd 0.0021

Cluster 6 with 10 clients
Cluster communication time : 100
Cluster computation time : 7400
Cluster training time : 7600
Cluster clients : [6, 16, 26, 36, 46, 56, 66, 76, 86, 96]
Label percentage: ['0 : 9.70%', '1 : 11.15%', '2 : 10.07%', '3 : 10.29%', '4 : 9.72%', '5 : 9.05%', '6 : 9.95%', '7 : 10.29%', '8 : 9.80%', '9 : 9.98%']%
Divergence : jsd 0.0000, tvd 0.0043

Cluster 7 with 10 clients
Cluster communication time : 100
Cluster computation time : 8400
Cluster training time : 8600
Cluster clients : [7, 17, 27, 37, 47, 57, 67, 77, 87, 97]
Label percentage: ['0 : 9.77%', '1 : 11.14%', '2 : 9.99%', '3 : 10.16%', '4 : 9.84%', '5 : 9.10%', '6 : 9.89%', '7 : 10.57%', '8 : 9.72%', '9 : 9.82%']%
Divergence : jsd 0.0000, tvd 0.0038

Cluster 8 with 10 clients
Cluster communication time : 100
Cluster computation time : 9400
Cluster training time : 9600
Cluster clients : [8, 18, 28, 38, 48, 58, 68, 78, 88, 98]
Label percentage: ['0 : 9.99%', '1 : 11.33%', '2 : 9.74%', '3 : 10.31%', '4 : 9.63%', '5 : 9.08%', '6 : 9.88%', '7 : 10.46%', '8 : 9.74%', '9 : 9.83%']%
Divergence : jsd 0.0000, tvd 0.0039

Cluster 9 with 10 clients
Cluster communication time : 100
Cluster computation time : 10400
Cluster training time : 10600
Cluster clients : [9, 19, 29, 39, 49, 59, 69, 79, 89, 99]
Label percentage: ['0 : 9.78%', '1 : 11.32%', '2 : 9.77%', '3 : 10.22%', '4 : 9.68%', '5 : 8.90%', '6 : 9.85%', '7 : 10.48%', '8 : 9.97%', '9 : 10.03%']%
Divergence : jsd 0.0000, tvd 0.0046

