-----------------------------------------------------

Central server round 1 started
Model sent from central server with 100msec communication time, with loss :2.31, accuracy : 8.86%
Accuracy per label : ['0:0.00%', '1:0.40%', '2:0.40%', '3:3.80%', '4:0.00%', '5:0.00%', '6:0.00%', '7:0.00%', '8:84.00%', '9:0.00%']
The model is from round 0 from central server, staleness is 0

Cluster round 1 completed, aggregated models from all the clients, time past : 800msec, loss : 2.09, accuracy 25.35%
Accuracy per label : ['0:46.10%', '1:25.90%', '2:0.60%', '3:7.70%', '4:0.80%', '5:51.60%', '6:24.60%', '7:23.60%', '8:19.60%', '9:53.00%']

Cluster round 2 completed, aggregated models from all the clients, time past : 1500msec, loss : 1.92, accuracy 31.63%
Accuracy per label : ['0:41.90%', '1:26.30%', '2:7.30%', '3:8.20%', '4:5.60%', '5:30.50%', '6:77.60%', '7:24.60%', '8:39.00%', '9:55.30%']

Cluster round 3 completed, aggregated models from all the clients, time past : 2200msec, loss : 1.82, accuracy 35.59%
Accuracy per label : ['0:37.10%', '1:39.40%', '2:15.80%', '3:16.80%', '4:14.80%', '5:33.00%', '6:57.70%', '7:34.30%', '8:64.80%', '9:42.20%']

Before aggregation, loss : 2.31, accuracy : 8.86%
Before aggregation, accuracy per label : ['0:0.00%', '1:0.40%', '2:0.40%', '3:3.80%', '4:0.00%', '5:0.00%', '6:0.00%', '7:0.00%', '8:84.00%', '9:0.00%']
Aggregation to central server completed at central server round 1, loss : 1.82, accuracy : 36.16%
Accuracy per label after aggregation : ['0:45.00%', '1:38.10%', '2:7.10%', '3:15.40%', '4:18.70%', '5:38.40%', '6:58.30%', '7:33.60%', '8:57.80%', '9:49.20%']

-----------------------------------------------------

Central server round 2 started
Model sent from central server with 100msec communication time, with loss :1.82, accuracy : 36.16%
Accuracy per label : ['0:45.00%', '1:38.10%', '2:7.10%', '3:15.40%', '4:18.70%', '5:38.40%', '6:58.30%', '7:33.60%', '8:57.80%', '9:49.20%']
The model is from round 1 from central server, staleness is 0

Cluster round 1 completed, aggregated models from all the clients, time past : 800msec, loss : 1.75, accuracy 37.74%
Accuracy per label : ['0:29.50%', '1:43.00%', '2:23.10%', '3:16.20%', '4:28.30%', '5:31.80%', '6:63.80%', '7:31.30%', '8:68.10%', '9:42.30%']

Cluster round 2 completed, aggregated models from all the clients, time past : 1500msec, loss : 1.68, accuracy 40.65%
Accuracy per label : ['0:55.70%', '1:55.20%', '2:31.40%', '3:27.30%', '4:20.50%', '5:30.70%', '6:53.60%', '7:44.10%', '8:49.00%', '9:39.00%']

Cluster round 3 completed, aggregated models from all the clients, time past : 2200msec, loss : 1.62, accuracy 42.02%
Accuracy per label : ['0:51.80%', '1:54.90%', '2:17.70%', '3:23.70%', '4:47.00%', '5:29.20%', '6:52.90%', '7:43.30%', '8:63.00%', '9:36.70%']

Before aggregation, loss : 1.82, accuracy : 36.16%
Before aggregation, accuracy per label : ['0:45.00%', '1:38.10%', '2:7.10%', '3:15.40%', '4:18.70%', '5:38.40%', '6:58.30%', '7:33.60%', '8:57.80%', '9:49.20%']
Aggregation to central server completed at central server round 2, loss : 1.60, accuracy : 43.46%
Accuracy per label after aggregation : ['0:54.90%', '1:54.90%', '2:22.00%', '3:22.40%', '4:38.80%', '5:33.50%', '6:55.00%', '7:47.10%', '8:54.00%', '9:52.00%']

-----------------------------------------------------

Central server round 3 started
Model sent from central server with 100msec communication time, with loss :1.60, accuracy : 43.46%
Accuracy per label : ['0:54.90%', '1:54.90%', '2:22.00%', '3:22.40%', '4:38.80%', '5:33.50%', '6:55.00%', '7:47.10%', '8:54.00%', '9:52.00%']
The model is from round 2 from central server, staleness is 0

Cluster round 1 completed, aggregated models from all the clients, time past : 800msec, loss : 1.55, accuracy 44.95%
Accuracy per label : ['0:53.80%', '1:60.70%', '2:29.00%', '3:26.40%', '4:24.50%', '5:38.70%', '6:62.20%', '7:45.30%', '8:61.00%', '9:47.90%']

Cluster round 2 completed, aggregated models from all the clients, time past : 1500msec, loss : 1.51, accuracy 46.78%
Accuracy per label : ['0:49.50%', '1:60.40%', '2:24.90%', '3:32.70%', '4:26.60%', '5:32.20%', '6:64.60%', '7:62.80%', '8:55.30%', '9:58.80%']

Cluster round 3 completed, aggregated models from all the clients, time past : 2200msec, loss : 1.47, accuracy 48.09%
Accuracy per label : ['0:49.70%', '1:63.40%', '2:31.10%', '3:27.30%', '4:28.90%', '5:37.20%', '6:63.00%', '7:62.30%', '8:71.30%', '9:46.70%']

Before aggregation, loss : 1.60, accuracy : 43.46%
Before aggregation, accuracy per label : ['0:54.90%', '1:54.90%', '2:22.00%', '3:22.40%', '4:38.80%', '5:33.50%', '6:55.00%', '7:47.10%', '8:54.00%', '9:52.00%']
Aggregation to central server completed at central server round 3, loss : 1.44, accuracy : 49.06%
Accuracy per label after aggregation : ['0:54.60%', '1:62.60%', '2:30.50%', '3:27.70%', '4:37.30%', '5:40.20%', '6:63.20%', '7:55.90%', '8:63.70%', '9:54.90%']

-----------------------------------------------------

Central server round 4 started
Model sent from central server with 100msec communication time, with loss :1.44, accuracy : 49.06%
Accuracy per label : ['0:54.60%', '1:62.60%', '2:30.50%', '3:27.70%', '4:37.30%', '5:40.20%', '6:63.20%', '7:55.90%', '8:63.70%', '9:54.90%']
The model is from round 3 from central server, staleness is 0

Cluster round 1 completed, aggregated models from all the clients, time past : 800msec, loss : 1.42, accuracy 49.14%
Accuracy per label : ['0:51.10%', '1:67.50%', '2:24.90%', '3:34.50%', '4:42.60%', '5:30.30%', '6:70.10%', '7:54.40%', '8:71.50%', '9:44.50%']

Cluster round 2 completed, aggregated models from all the clients, time past : 1500msec, loss : 1.41, accuracy 50.09%
Accuracy per label : ['0:48.60%', '1:46.70%', '2:38.40%', '3:39.50%', '4:39.10%', '5:31.50%', '6:66.70%', '7:57.40%', '8:71.20%', '9:61.80%']

Cluster round 3 completed, aggregated models from all the clients, time past : 2200msec, loss : 1.36, accuracy 51.41%
Accuracy per label : ['0:49.90%', '1:68.30%', '2:43.00%', '3:36.10%', '4:34.80%', '5:41.50%', '6:58.20%', '7:55.00%', '8:66.10%', '9:61.20%']

Before aggregation, loss : 1.44, accuracy : 49.06%
Before aggregation, accuracy per label : ['0:54.60%', '1:62.60%', '2:30.50%', '3:27.70%', '4:37.30%', '5:40.20%', '6:63.20%', '7:55.90%', '8:63.70%', '9:54.90%']
Aggregation to central server completed at central server round 4, loss : 1.34, accuracy : 52.48%
Accuracy per label after aggregation : ['0:53.80%', '1:68.50%', '2:33.20%', '3:38.40%', '4:42.80%', '5:39.20%', '6:62.80%', '7:56.70%', '8:71.10%', '9:58.30%']

-----------------------------------------------------

Central server round 5 started
Model sent from central server with 100msec communication time, with loss :1.34, accuracy : 52.48%
Accuracy per label : ['0:53.80%', '1:68.50%', '2:33.20%', '3:38.40%', '4:42.80%', '5:39.20%', '6:62.80%', '7:56.70%', '8:71.10%', '9:58.30%']
The model is from round 4 from central server, staleness is 0

Cluster round 1 completed, aggregated models from all the clients, time past : 800msec, loss : 1.33, accuracy 52.56%
Accuracy per label : ['0:54.80%', '1:57.30%', '2:30.80%', '3:28.40%', '4:42.80%', '5:44.80%', '6:66.90%', '7:70.00%', '8:63.20%', '9:66.60%']

Cluster round 2 completed, aggregated models from all the clients, time past : 1500msec, loss : 1.32, accuracy 53.29%
Accuracy per label : ['0:47.10%', '1:66.20%', '2:30.60%', '3:40.00%', '4:43.30%', '5:40.20%', '6:66.40%', '7:59.60%', '8:74.20%', '9:65.30%']

Cluster round 3 completed, aggregated models from all the clients, time past : 2200msec, loss : 1.29, accuracy 54.38%
Accuracy per label : ['0:64.40%', '1:69.00%', '2:43.90%', '3:41.90%', '4:35.20%', '5:34.20%', '6:72.00%', '7:55.70%', '8:70.70%', '9:56.80%']

Before aggregation, loss : 1.34, accuracy : 52.48%
Before aggregation, accuracy per label : ['0:53.80%', '1:68.50%', '2:33.20%', '3:38.40%', '4:42.80%', '5:39.20%', '6:62.80%', '7:56.70%', '8:71.10%', '9:58.30%']
Aggregation to central server completed at central server round 5, loss : 1.25, accuracy : 55.59%
Accuracy per label after aggregation : ['0:61.00%', '1:69.30%', '2:38.30%', '3:41.20%', '4:45.00%', '5:37.20%', '6:72.80%', '7:62.00%', '8:71.60%', '9:57.50%']

-----------------------------------------------------

Central server round 6 started
Model sent from central server with 100msec communication time, with loss :1.25, accuracy : 55.59%
Accuracy per label : ['0:61.00%', '1:69.30%', '2:38.30%', '3:41.20%', '4:45.00%', '5:37.20%', '6:72.80%', '7:62.00%', '8:71.60%', '9:57.50%']
The model is from round 5 from central server, staleness is 0

Cluster round 1 completed, aggregated models from all the clients, time past : 800msec, loss : 1.25, accuracy 56.36%
Accuracy per label : ['0:66.10%', '1:72.70%', '2:36.80%', '3:32.40%', '4:51.00%', '5:46.10%', '6:64.60%', '7:64.00%', '8:70.60%', '9:59.30%']

Cluster round 2 completed, aggregated models from all the clients, time past : 1500msec, loss : 1.24, accuracy 56.40%
Accuracy per label : ['0:66.70%', '1:67.50%', '2:37.20%', '3:25.90%', '4:45.90%', '5:52.00%', '6:75.20%', '7:67.10%', '8:67.70%', '9:58.80%']

Cluster round 3 completed, aggregated models from all the clients, time past : 2200msec, loss : 1.27, accuracy 55.65%
Accuracy per label : ['0:67.20%', '1:70.50%', '2:30.20%', '3:23.90%', '4:47.00%', '5:63.60%', '6:58.60%', '7:60.60%', '8:75.00%', '9:59.90%']

Before aggregation, loss : 1.25, accuracy : 55.59%
Before aggregation, accuracy per label : ['0:61.00%', '1:69.30%', '2:38.30%', '3:41.20%', '4:45.00%', '5:37.20%', '6:72.80%', '7:62.00%', '8:71.60%', '9:57.50%']
Aggregation to central server completed at central server round 6, loss : 1.19, accuracy : 58.06%
Accuracy per label after aggregation : ['0:64.70%', '1:72.10%', '2:43.50%', '3:30.10%', '4:50.00%', '5:48.80%', '6:73.30%', '7:64.00%', '8:75.30%', '9:58.80%']

-----------------------------------------------------

Central server round 7 started
Model sent from central server with 100msec communication time, with loss :1.19, accuracy : 58.06%
Accuracy per label : ['0:64.70%', '1:72.10%', '2:43.50%', '3:30.10%', '4:50.00%', '5:48.80%', '6:73.30%', '7:64.00%', '8:75.30%', '9:58.80%']
The model is from round 6 from central server, staleness is 0

Cluster round 1 completed, aggregated models from all the clients, time past : 800msec, loss : 1.23, accuracy 56.22%
Accuracy per label : ['0:70.50%', '1:77.70%', '2:40.10%', '3:30.60%', '4:59.00%', '5:30.40%', '6:74.90%', '7:65.10%', '8:68.20%', '9:45.70%']

Cluster round 2 completed, aggregated models from all the clients, time past : 1500msec, loss : 1.21, accuracy 57.95%
Accuracy per label : ['0:72.50%', '1:69.50%', '2:48.40%', '3:32.50%', '4:44.00%', '5:43.20%', '6:74.20%', '7:61.00%', '8:73.40%', '9:60.80%']

Cluster round 3 completed, aggregated models from all the clients, time past : 2200msec, loss : 1.23, accuracy 57.97%
Accuracy per label : ['0:71.20%', '1:76.80%', '2:35.30%', '3:29.60%', '4:50.40%', '5:61.50%', '6:63.50%', '7:64.40%', '8:71.00%', '9:56.00%']

Before aggregation, loss : 1.19, accuracy : 58.06%
Before aggregation, accuracy per label : ['0:64.70%', '1:72.10%', '2:43.50%', '3:30.10%', '4:50.00%', '5:48.80%', '6:73.30%', '7:64.00%', '8:75.30%', '9:58.80%']
Aggregation to central server completed at central server round 7, loss : 1.14, accuracy : 60.51%
Accuracy per label after aggregation : ['0:68.30%', '1:71.80%', '2:45.40%', '3:34.90%', '4:53.80%', '5:55.40%', '6:71.10%', '7:66.20%', '8:73.80%', '9:64.40%']

-----------------------------------------------------

Central server round 8 started
Model sent from central server with 100msec communication time, with loss :1.14, accuracy : 60.51%
Accuracy per label : ['0:68.30%', '1:71.80%', '2:45.40%', '3:34.90%', '4:53.80%', '5:55.40%', '6:71.10%', '7:66.20%', '8:73.80%', '9:64.40%']
The model is from round 7 from central server, staleness is 0

Cluster round 1 completed, aggregated models from all the clients, time past : 800msec, loss : 1.19, accuracy 59.34%
Accuracy per label : ['0:52.10%', '1:69.10%', '2:48.50%', '3:28.50%', '4:40.90%', '5:58.30%', '6:79.70%', '7:65.30%', '8:81.50%', '9:69.50%']

Cluster round 2 completed, aggregated models from all the clients, time past : 1500msec, loss : 1.18, accuracy 59.43%
Accuracy per label : ['0:66.50%', '1:76.50%', '2:46.70%', '3:36.30%', '4:55.40%', '5:43.60%', '6:74.50%', '7:66.50%', '8:75.30%', '9:53.00%']

Cluster round 3 completed, aggregated models from all the clients, time past : 2200msec, loss : 1.23, accuracy 59.16%
Accuracy per label : ['0:60.50%', '1:75.80%', '2:32.20%', '3:54.20%', '4:60.20%', '5:37.90%', '6:72.60%', '7:62.40%', '8:75.30%', '9:60.50%']

Before aggregation, loss : 1.14, accuracy : 60.51%
Before aggregation, accuracy per label : ['0:68.30%', '1:71.80%', '2:45.40%', '3:34.90%', '4:53.80%', '5:55.40%', '6:71.10%', '7:66.20%', '8:73.80%', '9:64.40%']
Aggregation to central server completed at central server round 8, loss : 1.14, accuracy : 61.67%
Accuracy per label after aggregation : ['0:63.50%', '1:73.40%', '2:44.20%', '3:47.30%', '4:56.30%', '5:42.40%', '6:73.60%', '7:71.40%', '8:78.00%', '9:66.60%']

-----------------------------------------------------

Central server round 9 started
Model sent from central server with 100msec communication time, with loss :1.14, accuracy : 61.67%
Accuracy per label : ['0:63.50%', '1:73.40%', '2:44.20%', '3:47.30%', '4:56.30%', '5:42.40%', '6:73.60%', '7:71.40%', '8:78.00%', '9:66.60%']
The model is from round 8 from central server, staleness is 0

Cluster round 1 completed, aggregated models from all the clients, time past : 800msec, loss : 1.15, accuracy 61.21%
Accuracy per label : ['0:63.50%', '1:78.60%', '2:35.60%', '3:43.60%', '4:60.60%', '5:52.80%', '6:68.80%', '7:70.70%', '8:74.80%', '9:63.10%']

Cluster round 2 completed, aggregated models from all the clients, time past : 1500msec, loss : 1.19, accuracy 60.97%
Accuracy per label : ['0:72.40%', '1:69.10%', '2:44.60%', '3:33.60%', '4:57.70%', '5:46.80%', '6:70.00%', '7:73.20%', '8:72.60%', '9:69.70%']

Cluster round 3 completed, aggregated models from all the clients, time past : 2200msec, loss : 1.25, accuracy 60.59%
Accuracy per label : ['0:63.40%', '1:74.70%', '2:43.50%', '3:31.10%', '4:50.10%', '5:63.70%', '6:64.20%', '7:76.10%', '8:74.80%', '9:64.30%']

Before aggregation, loss : 1.14, accuracy : 61.67%
Before aggregation, accuracy per label : ['0:63.50%', '1:73.40%', '2:44.20%', '3:47.30%', '4:56.30%', '5:42.40%', '6:73.60%', '7:71.40%', '8:78.00%', '9:66.60%']
Aggregation to central server completed at central server round 9, loss : 1.14, accuracy : 63.15%
Accuracy per label after aggregation : ['0:67.70%', '1:74.30%', '2:46.30%', '3:36.30%', '4:59.30%', '5:55.70%', '6:73.10%', '7:73.00%', '8:76.80%', '9:69.00%']

-----------------------------------------------------

Central server round 10 started
Model sent from central server with 100msec communication time, with loss :1.14, accuracy : 63.15%
Accuracy per label : ['0:67.70%', '1:74.30%', '2:46.30%', '3:36.30%', '4:59.30%', '5:55.70%', '6:73.10%', '7:73.00%', '8:76.80%', '9:69.00%']
The model is from round 9 from central server, staleness is 0

Cluster round 1 completed, aggregated models from all the clients, time past : 800msec, loss : 1.16, accuracy 62.10%
Accuracy per label : ['0:65.80%', '1:73.20%', '2:41.90%', '3:44.70%', '4:59.30%', '5:50.60%', '6:72.20%', '7:70.60%', '8:69.60%', '9:73.10%']

Cluster round 2 completed, aggregated models from all the clients, time past : 1500msec, loss : 1.19, accuracy 62.15%
Accuracy per label : ['0:67.10%', '1:75.10%', '2:53.30%', '3:38.80%', '4:50.80%', '5:53.80%', '6:68.50%', '7:71.70%', '8:77.70%', '9:64.70%']

Cluster round 3 completed, aggregated models from all the clients, time past : 2200msec, loss : 1.25, accuracy 61.43%
Accuracy per label : ['0:61.60%', '1:79.20%', '2:54.10%', '3:52.70%', '4:43.70%', '5:45.70%', '6:71.20%', '7:67.30%', '8:73.90%', '9:64.90%']

Before aggregation, loss : 1.14, accuracy : 63.15%
Before aggregation, accuracy per label : ['0:67.70%', '1:74.30%', '2:46.30%', '3:36.30%', '4:59.30%', '5:55.70%', '6:73.10%', '7:73.00%', '8:76.80%', '9:69.00%']
Aggregation to central server completed at central server round 10, loss : 1.14, accuracy : 64.03%
Accuracy per label after aggregation : ['0:68.20%', '1:76.70%', '2:48.20%', '3:45.50%', '4:59.50%', '5:54.30%', '6:74.00%', '7:67.50%', '8:77.80%', '9:68.60%']

-----------------------------------------------------

Central server round 11 started
Model sent from central server with 100msec communication time, with loss :1.14, accuracy : 64.03%
Accuracy per label : ['0:68.20%', '1:76.70%', '2:48.20%', '3:45.50%', '4:59.50%', '5:54.30%', '6:74.00%', '7:67.50%', '8:77.80%', '9:68.60%']
The model is from round 10 from central server, staleness is 0

Cluster round 1 completed, aggregated models from all the clients, time past : 800msec, loss : 1.17, accuracy 63.17%
Accuracy per label : ['0:69.80%', '1:78.90%', '2:40.80%', '3:45.70%', '4:58.20%', '5:55.70%', '6:74.10%', '7:70.10%', '8:73.10%', '9:65.30%']

Cluster round 2 completed, aggregated models from all the clients, time past : 1500msec, loss : 1.21, accuracy 63.37%
Accuracy per label : ['0:66.30%', '1:74.60%', '2:51.30%', '3:39.00%', '4:54.20%', '5:55.80%', '6:77.60%', '7:70.50%', '8:76.30%', '9:68.10%']

Cluster round 3 completed, aggregated models from all the clients, time past : 2200msec, loss : 1.27, accuracy 62.67%
Accuracy per label : ['0:68.80%', '1:77.30%', '2:40.20%', '3:39.20%', '4:63.50%', '5:56.00%', '6:70.30%', '7:68.60%', '8:76.20%', '9:66.60%']

Before aggregation, loss : 1.14, accuracy : 64.03%
Before aggregation, accuracy per label : ['0:68.20%', '1:76.70%', '2:48.20%', '3:45.50%', '4:59.50%', '5:54.30%', '6:74.00%', '7:67.50%', '8:77.80%', '9:68.60%']
Aggregation to central server completed at central server round 11, loss : 1.17, accuracy : 64.43%
Accuracy per label after aggregation : ['0:69.10%', '1:76.60%', '2:45.40%', '3:41.80%', '4:61.30%', '5:53.20%', '6:75.50%', '7:73.10%', '8:79.70%', '9:68.60%']

-----------------------------------------------------

Central server round 12 started
Model sent from central server with 100msec communication time, with loss :1.17, accuracy : 64.43%
Accuracy per label : ['0:69.10%', '1:76.60%', '2:45.40%', '3:41.80%', '4:61.30%', '5:53.20%', '6:75.50%', '7:73.10%', '8:79.70%', '9:68.60%']
The model is from round 11 from central server, staleness is 0

Cluster round 1 completed, aggregated models from all the clients, time past : 800msec, loss : 1.18, accuracy 63.56%
Accuracy per label : ['0:72.60%', '1:77.90%', '2:43.50%', '3:46.00%', '4:56.90%', '5:52.80%', '6:73.60%', '7:71.30%', '8:75.60%', '9:65.40%']

Cluster round 2 completed, aggregated models from all the clients, time past : 1500msec, loss : 1.25, accuracy 63.43%
Accuracy per label : ['0:70.90%', '1:72.80%', '2:41.30%', '3:42.30%', '4:58.10%', '5:52.40%', '6:75.20%', '7:73.70%', '8:74.50%', '9:73.10%']

Cluster round 3 completed, aggregated models from all the clients, time past : 2200msec, loss : 1.29, accuracy 63.40%
Accuracy per label : ['0:68.60%', '1:73.00%', '2:44.90%', '3:47.40%', '4:58.30%', '5:48.50%', '6:75.70%', '7:68.10%', '8:78.30%', '9:71.20%']

Before aggregation, loss : 1.17, accuracy : 64.43%
Before aggregation, accuracy per label : ['0:69.10%', '1:76.60%', '2:45.40%', '3:41.80%', '4:61.30%', '5:53.20%', '6:75.50%', '7:73.10%', '8:79.70%', '9:68.60%']
Aggregation to central server completed at central server round 12, loss : 1.19, accuracy : 65.04%
Accuracy per label after aggregation : ['0:68.80%', '1:76.60%', '2:46.80%', '3:44.10%', '4:61.20%', '5:55.30%', '6:76.30%', '7:73.10%', '8:79.40%', '9:68.80%']

-----------------------------------------------------

Central server round 13 started
Model sent from central server with 100msec communication time, with loss :1.19, accuracy : 65.04%
Accuracy per label : ['0:68.80%', '1:76.60%', '2:46.80%', '3:44.10%', '4:61.20%', '5:55.30%', '6:76.30%', '7:73.10%', '8:79.40%', '9:68.80%']
The model is from round 12 from central server, staleness is 0

Cluster round 1 completed, aggregated models from all the clients, time past : 800msec, loss : 1.22, accuracy 64.07%
Accuracy per label : ['0:69.30%', '1:79.00%', '2:44.10%', '3:47.20%', '4:54.20%', '5:54.60%', '6:73.40%', '7:73.80%', '8:80.80%', '9:64.30%']

Cluster round 2 completed, aggregated models from all the clients, time past : 1500msec, loss : 1.25, accuracy 64.22%
Accuracy per label : ['0:70.10%', '1:73.50%', '2:48.60%', '3:42.30%', '4:57.00%', '5:54.60%', '6:74.50%', '7:72.70%', '8:76.60%', '9:72.30%']

Cluster round 3 completed, aggregated models from all the clients, time past : 2200msec, loss : 1.31, accuracy 63.67%
Accuracy per label : ['0:72.20%', '1:78.10%', '2:43.60%', '3:43.00%', '4:60.30%', '5:52.20%', '6:76.00%', '7:70.40%', '8:74.00%', '9:66.90%']

Before aggregation, loss : 1.19, accuracy : 65.04%
Before aggregation, accuracy per label : ['0:68.80%', '1:76.60%', '2:46.80%', '3:44.10%', '4:61.20%', '5:55.30%', '6:76.30%', '7:73.10%', '8:79.40%', '9:68.80%']
Aggregation to central server completed at central server round 13, loss : 1.22, accuracy : 65.40%
Accuracy per label after aggregation : ['0:70.60%', '1:76.20%', '2:44.60%', '3:44.70%', '4:62.60%', '5:53.20%', '6:78.00%', '7:74.40%', '8:77.90%', '9:71.80%']

-----------------------------------------------------

Central server round 14 started
Model sent from central server with 100msec communication time, with loss :1.22, accuracy : 65.40%
Accuracy per label : ['0:70.60%', '1:76.20%', '2:44.60%', '3:44.70%', '4:62.60%', '5:53.20%', '6:78.00%', '7:74.40%', '8:77.90%', '9:71.80%']
The model is from round 13 from central server, staleness is 0

Cluster round 1 completed, aggregated models from all the clients, time past : 800msec, loss : 1.23, accuracy 64.61%
Accuracy per label : ['0:68.60%', '1:78.30%', '2:43.70%', '3:41.40%', '4:59.30%', '5:60.20%', '6:74.90%', '7:71.80%', '8:79.00%', '9:68.90%']

Cluster round 2 completed, aggregated models from all the clients, time past : 1500msec, loss : 1.28, accuracy 64.44%
Accuracy per label : ['0:68.60%', '1:77.20%', '2:49.00%', '3:44.10%', '4:57.80%', '5:51.70%', '6:76.70%', '7:71.80%', '8:77.90%', '9:69.60%']

Cluster round 3 completed, aggregated models from all the clients, time past : 2200msec, loss : 1.32, accuracy 64.16%
Accuracy per label : ['0:72.10%', '1:77.00%', '2:46.70%', '3:41.90%', '4:61.10%', '5:53.30%', '6:74.80%', '7:70.10%', '8:77.00%', '9:67.60%']

Before aggregation, loss : 1.22, accuracy : 65.40%
Before aggregation, accuracy per label : ['0:70.60%', '1:76.20%', '2:44.60%', '3:44.70%', '4:62.60%', '5:53.20%', '6:78.00%', '7:74.40%', '8:77.90%', '9:71.80%']
Aggregation to central server completed at central server round 14, loss : 1.23, accuracy : 65.69%
Accuracy per label after aggregation : ['0:70.50%', '1:76.90%', '2:46.70%', '3:45.00%', '4:59.70%', '5:57.40%', '6:76.70%', '7:74.20%', '8:79.50%', '9:70.30%']

-----------------------------------------------------

Central server round 15 started
Model sent from central server with 100msec communication time, with loss :1.23, accuracy : 65.69%
Accuracy per label : ['0:70.50%', '1:76.90%', '2:46.70%', '3:45.00%', '4:59.70%', '5:57.40%', '6:76.70%', '7:74.20%', '8:79.50%', '9:70.30%']
The model is from round 14 from central server, staleness is 0

Cluster round 1 completed, aggregated models from all the clients, time past : 800msec, loss : 1.24, accuracy 65.30%
Accuracy per label : ['0:72.60%', '1:76.30%', '2:46.60%', '3:45.40%', '4:59.20%', '5:54.60%', '6:74.60%', '7:74.00%', '8:77.00%', '9:72.70%']

Cluster round 2 completed, aggregated models from all the clients, time past : 1500msec, loss : 1.29, accuracy 64.88%
Accuracy per label : ['0:71.10%', '1:77.40%', '2:47.50%', '3:45.50%', '4:59.60%', '5:53.20%', '6:74.30%', '7:72.10%', '8:78.60%', '9:69.50%']

Cluster round 3 completed, aggregated models from all the clients, time past : 2200msec, loss : 1.35, accuracy 64.34%
Accuracy per label : ['0:71.90%', '1:75.80%', '2:46.10%', '3:42.70%', '4:58.00%', '5:55.50%', '6:72.00%', '7:72.00%', '8:79.70%', '9:69.70%']

Before aggregation, loss : 1.23, accuracy : 65.69%
Before aggregation, accuracy per label : ['0:70.50%', '1:76.90%', '2:46.70%', '3:45.00%', '4:59.70%', '5:57.40%', '6:76.70%', '7:74.20%', '8:79.50%', '9:70.30%']
Aggregation to central server completed at central server round 15, loss : 1.25, accuracy : 65.79%
Accuracy per label after aggregation : ['0:71.30%', '1:76.30%', '2:48.40%', '3:42.60%', '4:62.10%', '5:57.40%', '6:75.70%', '7:73.90%', '8:78.60%', '9:71.60%']

-----------------------------------------------------

Central server round 16 started
Model sent from central server with 100msec communication time, with loss :1.25, accuracy : 65.79%
Accuracy per label : ['0:71.30%', '1:76.30%', '2:48.40%', '3:42.60%', '4:62.10%', '5:57.40%', '6:75.70%', '7:73.90%', '8:78.60%', '9:71.60%']
The model is from round 15 from central server, staleness is 0

Cluster round 1 completed, aggregated models from all the clients, time past : 800msec, loss : 1.26, accuracy 65.50%
Accuracy per label : ['0:72.50%', '1:77.40%', '2:47.90%', '3:45.20%', '4:58.10%', '5:57.60%', '6:75.90%', '7:71.10%', '8:78.70%', '9:70.60%']

Cluster round 2 completed, aggregated models from all the clients, time past : 1500msec, loss : 1.31, accuracy 65.15%
Accuracy per label : ['0:74.40%', '1:75.40%', '2:46.90%', '3:41.00%', '4:60.90%', '5:56.70%', '6:75.30%', '7:72.20%', '8:78.60%', '9:70.10%']

Cluster round 3 completed, aggregated models from all the clients, time past : 2200msec, loss : 1.35, accuracy 64.80%
Accuracy per label : ['0:71.00%', '1:75.20%', '2:49.80%', '3:45.70%', '4:58.10%', '5:52.30%', '6:73.00%', '7:73.10%', '8:78.70%', '9:71.10%']

Before aggregation, loss : 1.25, accuracy : 65.79%
Before aggregation, accuracy per label : ['0:71.30%', '1:76.30%', '2:48.40%', '3:42.60%', '4:62.10%', '5:57.40%', '6:75.70%', '7:73.90%', '8:78.60%', '9:71.60%']
Aggregation to central server completed at central server round 16, loss : 1.26, accuracy : 65.87%
Accuracy per label after aggregation : ['0:71.60%', '1:76.20%', '2:50.40%', '3:43.20%', '4:60.20%', '5:56.70%', '6:76.00%', '7:73.80%', '8:79.40%', '9:71.20%']

-----------------------------------------------------

Central server round 17 started
Model sent from central server with 100msec communication time, with loss :1.26, accuracy : 65.87%
Accuracy per label : ['0:71.60%', '1:76.20%', '2:50.40%', '3:43.20%', '4:60.20%', '5:56.70%', '6:76.00%', '7:73.80%', '8:79.40%', '9:71.20%']
The model is from round 16 from central server, staleness is 0

Cluster round 1 completed, aggregated models from all the clients, time past : 800msec, loss : 1.27, accuracy 65.40%
Accuracy per label : ['0:72.70%', '1:75.50%', '2:48.30%', '3:41.90%', '4:60.70%', '5:56.00%', '6:75.30%', '7:73.60%', '8:79.90%', '9:70.10%']

Cluster round 2 completed, aggregated models from all the clients, time past : 1500msec, loss : 1.31, accuracy 65.27%
Accuracy per label : ['0:75.00%', '1:76.10%', '2:51.20%', '3:44.40%', '4:57.20%', '5:55.00%', '6:75.10%', '7:71.20%', '8:77.10%', '9:70.40%']

Cluster round 3 completed, aggregated models from all the clients, time past : 2200msec, loss : 1.35, accuracy 65.20%
Accuracy per label : ['0:73.60%', '1:75.80%', '2:47.80%', '3:42.40%', '4:61.30%', '5:56.10%', '6:73.20%', '7:72.30%', '8:77.50%', '9:72.00%']

Before aggregation, loss : 1.26, accuracy : 65.87%
Before aggregation, accuracy per label : ['0:71.60%', '1:76.20%', '2:50.40%', '3:43.20%', '4:60.20%', '5:56.70%', '6:76.00%', '7:73.80%', '8:79.40%', '9:71.20%']
Aggregation to central server completed at central server round 17, loss : 1.28, accuracy : 66.12%
Accuracy per label after aggregation : ['0:72.90%', '1:75.80%', '2:51.10%', '3:44.40%', '4:58.70%', '5:55.90%', '6:77.80%', '7:72.70%', '8:79.00%', '9:72.90%']

-----------------------------------------------------

Central server round 18 started
Model sent from central server with 100msec communication time, with loss :1.28, accuracy : 66.12%
Accuracy per label : ['0:72.90%', '1:75.80%', '2:51.10%', '3:44.40%', '4:58.70%', '5:55.90%', '6:77.80%', '7:72.70%', '8:79.00%', '9:72.90%']
The model is from round 17 from central server, staleness is 0

Cluster round 1 completed, aggregated models from all the clients, time past : 800msec, loss : 1.29, accuracy 65.59%
Accuracy per label : ['0:74.60%', '1:77.30%', '2:47.20%', '3:43.00%', '4:60.70%', '5:54.40%', '6:76.20%', '7:72.90%', '8:78.90%', '9:70.70%']

Cluster round 2 completed, aggregated models from all the clients, time past : 1500msec, loss : 1.34, accuracy 65.51%
Accuracy per label : ['0:73.10%', '1:77.00%', '2:47.60%', '3:42.30%', '4:62.10%', '5:56.30%', '6:74.80%', '7:72.50%', '8:78.70%', '9:70.70%']

Cluster round 3 completed, aggregated models from all the clients, time past : 2200msec, loss : 1.38, accuracy 65.32%
Accuracy per label : ['0:73.30%', '1:76.10%', '2:49.50%', '3:42.50%', '4:59.70%', '5:56.70%', '6:75.90%', '7:71.10%', '8:77.70%', '9:70.70%']

Before aggregation, loss : 1.28, accuracy : 66.12%
Before aggregation, accuracy per label : ['0:72.90%', '1:75.80%', '2:51.10%', '3:44.40%', '4:58.70%', '5:55.90%', '6:77.80%', '7:72.70%', '8:79.00%', '9:72.90%']
Aggregation to central server completed at central server round 18, loss : 1.29, accuracy : 66.42%
Accuracy per label after aggregation : ['0:73.20%', '1:76.70%', '2:51.70%', '3:45.00%', '4:59.70%', '5:55.40%', '6:77.10%', '7:73.30%', '8:79.20%', '9:72.90%']

-----------------------------------------------------

Central server round 19 started
Model sent from central server with 100msec communication time, with loss :1.29, accuracy : 66.42%
Accuracy per label : ['0:73.20%', '1:76.70%', '2:51.70%', '3:45.00%', '4:59.70%', '5:55.40%', '6:77.10%', '7:73.30%', '8:79.20%', '9:72.90%']
The model is from round 18 from central server, staleness is 0

Cluster round 1 completed, aggregated models from all the clients, time past : 800msec, loss : 1.29, accuracy 66.05%
Accuracy per label : ['0:72.40%', '1:77.60%', '2:51.70%', '3:42.80%', '4:60.10%', '5:56.00%', '6:75.40%', '7:73.70%', '8:79.80%', '9:71.00%']

Cluster round 2 completed, aggregated models from all the clients, time past : 1500msec, loss : 1.35, accuracy 65.92%
Accuracy per label : ['0:75.10%', '1:77.50%', '2:45.20%', '3:46.40%', '4:64.50%', '5:55.90%', '6:76.10%', '7:70.30%', '8:78.10%', '9:70.10%']

Cluster round 3 completed, aggregated models from all the clients, time past : 2200msec, loss : 1.40, accuracy 65.57%
Accuracy per label : ['0:75.20%', '1:77.00%', '2:48.30%', '3:42.10%', '4:60.30%', '5:56.90%', '6:75.80%', '7:72.80%', '8:77.60%', '9:69.70%']

Before aggregation, loss : 1.29, accuracy : 66.42%
Before aggregation, accuracy per label : ['0:73.20%', '1:76.70%', '2:51.70%', '3:45.00%', '4:59.70%', '5:55.40%', '6:77.10%', '7:73.30%', '8:79.20%', '9:72.90%']
Aggregation to central server completed at central server round 19, loss : 1.30, accuracy : 66.28%
Accuracy per label after aggregation : ['0:73.10%', '1:76.80%', '2:50.20%', '3:44.40%', '4:61.20%', '5:56.00%', '6:76.60%', '7:73.50%', '8:78.70%', '9:72.30%']

-----------------------------------------------------

Central server round 20 started
Model sent from central server with 100msec communication time, with loss :1.30, accuracy : 66.28%
Accuracy per label : ['0:73.10%', '1:76.80%', '2:50.20%', '3:44.40%', '4:61.20%', '5:56.00%', '6:76.60%', '7:73.50%', '8:78.70%', '9:72.30%']
The model is from round 19 from central server, staleness is 0

Cluster round 1 completed, aggregated models from all the clients, time past : 800msec, loss : 1.32, accuracy 65.97%
Accuracy per label : ['0:73.50%', '1:76.40%', '2:50.70%', '3:39.90%', '4:61.00%', '5:57.40%', '6:76.50%', '7:73.60%', '8:79.60%', '9:71.10%']

Cluster round 2 completed, aggregated models from all the clients, time past : 1500msec, loss : 1.36, accuracy 65.84%
Accuracy per label : ['0:73.70%', '1:76.00%', '2:49.60%', '3:46.70%', '4:57.60%', '5:56.00%', '6:75.70%', '7:73.20%', '8:78.80%', '9:71.10%']

Cluster round 3 completed, aggregated models from all the clients, time past : 2200msec, loss : 1.40, accuracy 65.70%
Accuracy per label : ['0:72.20%', '1:76.50%', '2:49.40%', '3:43.40%', '4:60.40%', '5:56.40%', '6:76.50%', '7:71.80%', '8:80.20%', '9:70.20%']

Before aggregation, loss : 1.30, accuracy : 66.28%
Before aggregation, accuracy per label : ['0:73.10%', '1:76.80%', '2:50.20%', '3:44.40%', '4:61.20%', '5:56.00%', '6:76.60%', '7:73.50%', '8:78.70%', '9:72.30%']
Aggregation to central server completed at central server round 20, loss : 1.32, accuracy : 66.60%
Accuracy per label after aggregation : ['0:73.00%', '1:76.50%', '2:51.00%', '3:45.10%', '4:60.80%', '5:56.40%', '6:77.30%', '7:73.00%', '8:79.70%', '9:73.20%']

-----------------------------------------------------

Central server round 21 started
Model sent from central server with 100msec communication time, with loss :1.32, accuracy : 66.60%
Accuracy per label : ['0:73.00%', '1:76.50%', '2:51.00%', '3:45.10%', '4:60.80%', '5:56.40%', '6:77.30%', '7:73.00%', '8:79.70%', '9:73.20%']
The model is from round 20 from central server, staleness is 0

Cluster round 1 completed, aggregated models from all the clients, time past : 800msec, loss : 1.33, accuracy 66.09%
Accuracy per label : ['0:74.20%', '1:76.60%', '2:49.50%', '3:42.80%', '4:60.40%', '5:56.80%', '6:76.70%', '7:73.60%', '8:79.60%', '9:70.70%']

Cluster round 2 completed, aggregated models from all the clients, time past : 1500msec, loss : 1.38, accuracy 65.89%
Accuracy per label : ['0:73.00%', '1:76.80%', '2:49.20%', '3:41.80%', '4:61.10%', '5:57.20%', '6:76.80%', '7:72.10%', '8:80.80%', '9:70.10%']

Cluster round 3 completed, aggregated models from all the clients, time past : 2200msec, loss : 1.42, accuracy 65.55%
Accuracy per label : ['0:72.10%', '1:77.10%', '2:49.70%', '3:44.20%', '4:60.70%', '5:54.90%', '6:76.70%', '7:71.80%', '8:79.10%', '9:69.20%']

Before aggregation, loss : 1.32, accuracy : 66.60%
Before aggregation, accuracy per label : ['0:73.00%', '1:76.50%', '2:51.00%', '3:45.10%', '4:60.80%', '5:56.40%', '6:77.30%', '7:73.00%', '8:79.70%', '9:73.20%']
Aggregation to central server completed at central server round 21, loss : 1.33, accuracy : 66.72%
Accuracy per label after aggregation : ['0:73.00%', '1:76.70%', '2:51.10%', '3:45.30%', '4:60.10%', '5:57.00%', '6:77.70%', '7:73.80%', '8:79.60%', '9:72.90%']

-----------------------------------------------------

Central server round 22 started
Model sent from central server with 100msec communication time, with loss :1.33, accuracy : 66.72%
Accuracy per label : ['0:73.00%', '1:76.70%', '2:51.10%', '3:45.30%', '4:60.10%', '5:57.00%', '6:77.70%', '7:73.80%', '8:79.60%', '9:72.90%']
The model is from round 21 from central server, staleness is 0

Cluster round 1 completed, aggregated models from all the clients, time past : 800msec, loss : 1.34, accuracy 66.04%
Accuracy per label : ['0:74.20%', '1:76.80%', '2:48.30%', '3:45.10%', '4:61.10%', '5:53.90%', '6:76.90%', '7:73.10%', '8:79.70%', '9:71.30%']

Cluster round 2 completed, aggregated models from all the clients, time past : 1500msec, loss : 1.40, accuracy 65.92%
Accuracy per label : ['0:75.40%', '1:76.60%', '2:48.30%', '3:41.40%', '4:61.90%', '5:55.70%', '6:75.90%', '7:73.00%', '8:79.60%', '9:71.40%']

Cluster round 3 completed, aggregated models from all the clients, time past : 2200msec, loss : 1.43, accuracy 65.74%
Accuracy per label : ['0:73.50%', '1:77.10%', '2:49.80%', '3:43.10%', '4:61.00%', '5:55.40%', '6:74.00%', '7:72.50%', '8:79.60%', '9:71.40%']

Before aggregation, loss : 1.33, accuracy : 66.72%
Before aggregation, accuracy per label : ['0:73.00%', '1:76.70%', '2:51.10%', '3:45.30%', '4:60.10%', '5:57.00%', '6:77.70%', '7:73.80%', '8:79.60%', '9:72.90%']
Aggregation to central server completed at central server round 22, loss : 1.35, accuracy : 66.71%
Accuracy per label after aggregation : ['0:72.70%', '1:76.20%', '2:51.00%', '3:47.10%', '4:60.00%', '5:56.40%', '6:76.30%', '7:74.20%', '8:79.60%', '9:73.60%']

-----------------------------------------------------

Central server round 23 started
Model sent from central server with 100msec communication time, with loss :1.35, accuracy : 66.71%
Accuracy per label : ['0:72.70%', '1:76.20%', '2:51.00%', '3:47.10%', '4:60.00%', '5:56.40%', '6:76.30%', '7:74.20%', '8:79.60%', '9:73.60%']
The model is from round 22 from central server, staleness is 0

Cluster round 1 completed, aggregated models from all the clients, time past : 800msec, loss : 1.37, accuracy 65.94%
Accuracy per label : ['0:74.20%', '1:77.50%', '2:53.00%', '3:38.30%', '4:59.80%', '5:55.40%', '6:77.60%', '7:74.20%', '8:80.20%', '9:69.20%']

Cluster round 2 completed, aggregated models from all the clients, time past : 1500msec, loss : 1.42, accuracy 65.83%
Accuracy per label : ['0:74.00%', '1:74.90%', '2:50.70%', '3:41.30%', '4:60.40%', '5:57.10%', '6:75.50%', '7:73.50%', '8:78.80%', '9:72.10%']

Cluster round 3 completed, aggregated models from all the clients, time past : 2200msec, loss : 1.45, accuracy 65.83%
Accuracy per label : ['0:74.00%', '1:76.30%', '2:49.00%', '3:44.10%', '4:60.60%', '5:55.10%', '6:76.20%', '7:72.80%', '8:79.00%', '9:71.20%']

Before aggregation, loss : 1.35, accuracy : 66.71%
Before aggregation, accuracy per label : ['0:72.70%', '1:76.20%', '2:51.00%', '3:47.10%', '4:60.00%', '5:56.40%', '6:76.30%', '7:74.20%', '8:79.60%', '9:73.60%']
Aggregation to central server completed at central server round 23, loss : 1.37, accuracy : 66.61%
Accuracy per label after aggregation : ['0:73.30%', '1:75.30%', '2:49.30%', '3:44.60%', '4:60.50%', '5:57.70%', '6:77.70%', '7:74.30%', '8:78.80%', '9:74.60%']

-----------------------------------------------------

Central server round 24 started
Model sent from central server with 100msec communication time, with loss :1.37, accuracy : 66.61%
Accuracy per label : ['0:73.30%', '1:75.30%', '2:49.30%', '3:44.60%', '4:60.50%', '5:57.70%', '6:77.70%', '7:74.30%', '8:78.80%', '9:74.60%']
The model is from round 23 from central server, staleness is 0

Cluster round 1 completed, aggregated models from all the clients, time past : 800msec, loss : 1.38, accuracy 66.13%
Accuracy per label : ['0:73.80%', '1:76.70%', '2:48.00%', '3:41.90%', '4:62.80%', '5:56.40%', '6:77.20%', '7:73.00%', '8:79.70%', '9:71.80%']

Cluster round 2 completed, aggregated models from all the clients, time past : 1500msec, loss : 1.43, accuracy 65.95%
Accuracy per label : ['0:73.30%', '1:77.30%', '2:49.20%', '3:45.50%', '4:62.90%', '5:54.30%', '6:75.70%', '7:72.10%', '8:78.50%', '9:70.70%']

Cluster round 3 completed, aggregated models from all the clients, time past : 2200msec, loss : 1.47, accuracy 66.02%
Accuracy per label : ['0:73.60%', '1:75.70%', '2:49.50%', '3:42.30%', '4:62.40%', '5:56.10%', '6:74.70%', '7:72.20%', '8:81.00%', '9:72.70%']

Before aggregation, loss : 1.37, accuracy : 66.61%
Before aggregation, accuracy per label : ['0:73.30%', '1:75.30%', '2:49.30%', '3:44.60%', '4:60.50%', '5:57.70%', '6:77.70%', '7:74.30%', '8:78.80%', '9:74.60%']
Aggregation to central server completed at central server round 24, loss : 1.39, accuracy : 66.77%
Accuracy per label after aggregation : ['0:72.40%', '1:76.40%', '2:50.10%', '3:45.70%', '4:62.10%', '5:57.60%', '6:76.10%', '7:73.60%', '8:79.50%', '9:74.20%']

-----------------------------------------------------

Central server round 25 started
Model sent from central server with 100msec communication time, with loss :1.39, accuracy : 66.77%
Accuracy per label : ['0:72.40%', '1:76.40%', '2:50.10%', '3:45.70%', '4:62.10%', '5:57.60%', '6:76.10%', '7:73.60%', '8:79.50%', '9:74.20%']
The model is from round 24 from central server, staleness is 0

Cluster round 1 completed, aggregated models from all the clients, time past : 800msec, loss : 1.40, accuracy 66.40%
Accuracy per label : ['0:73.50%', '1:77.00%', '2:49.80%', '3:44.70%', '4:60.10%', '5:57.60%', '6:75.60%', '7:74.30%', '8:79.60%', '9:71.80%']

Cluster round 2 completed, aggregated models from all the clients, time past : 1500msec, loss : 1.44, accuracy 66.09%
Accuracy per label : ['0:74.00%', '1:76.30%', '2:47.70%', '3:45.50%', '4:63.30%', '5:56.40%', '6:75.50%', '7:71.70%', '8:79.10%', '9:71.40%']

Cluster round 3 completed, aggregated models from all the clients, time past : 2200msec, loss : 1.49, accuracy 65.77%
Accuracy per label : ['0:75.20%', '1:75.60%', '2:48.00%', '3:46.60%', '4:61.50%', '5:53.90%', '6:73.80%', '7:73.00%', '8:79.10%', '9:71.00%']

Before aggregation, loss : 1.39, accuracy : 66.77%
Before aggregation, accuracy per label : ['0:72.40%', '1:76.40%', '2:50.10%', '3:45.70%', '4:62.10%', '5:57.60%', '6:76.10%', '7:73.60%', '8:79.50%', '9:74.20%']
Aggregation to central server completed at central server round 25, loss : 1.40, accuracy : 66.96%
Accuracy per label after aggregation : ['0:73.60%', '1:77.00%', '2:50.10%', '3:45.10%', '4:61.00%', '5:58.10%', '6:77.30%', '7:74.00%', '8:79.60%', '9:73.80%']

-----------------------------------------------------

Central server round 26 started
Model sent from central server with 100msec communication time, with loss :1.40, accuracy : 66.96%
Accuracy per label : ['0:73.60%', '1:77.00%', '2:50.10%', '3:45.10%', '4:61.00%', '5:58.10%', '6:77.30%', '7:74.00%', '8:79.60%', '9:73.80%']
The model is from round 25 from central server, staleness is 0

Cluster round 1 completed, aggregated models from all the clients, time past : 800msec, loss : 1.42, accuracy 66.24%
Accuracy per label : ['0:73.00%', '1:75.00%', '2:47.80%', '3:45.60%', '4:60.30%', '5:55.40%', '6:78.20%', '7:74.70%', '8:79.20%', '9:73.20%']

Cluster round 2 completed, aggregated models from all the clients, time past : 1500msec, loss : 1.46, accuracy 65.90%
Accuracy per label : ['0:73.60%', '1:76.00%', '2:49.40%', '3:42.20%', '4:60.10%', '5:55.20%', '6:76.40%', '7:74.40%', '8:78.30%', '9:73.40%']

Cluster round 3 completed, aggregated models from all the clients, time past : 2200msec, loss : 1.49, accuracy 65.98%
Accuracy per label : ['0:73.90%', '1:76.90%', '2:49.10%', '3:45.40%', '4:61.00%', '5:55.30%', '6:73.20%', '7:73.30%', '8:80.00%', '9:71.70%']

Before aggregation, loss : 1.40, accuracy : 66.96%
Before aggregation, accuracy per label : ['0:73.60%', '1:77.00%', '2:50.10%', '3:45.10%', '4:61.00%', '5:58.10%', '6:77.30%', '7:74.00%', '8:79.60%', '9:73.80%']
Aggregation to central server completed at central server round 26, loss : 1.42, accuracy : 66.76%
Accuracy per label after aggregation : ['0:73.10%', '1:76.40%', '2:49.70%', '3:45.00%', '4:62.00%', '5:57.30%', '6:76.40%', '7:74.10%', '8:80.00%', '9:73.60%']

-----------------------------------------------------

Central server round 27 started
Model sent from central server with 100msec communication time, with loss :1.42, accuracy : 66.76%
Accuracy per label : ['0:73.10%', '1:76.40%', '2:49.70%', '3:45.00%', '4:62.00%', '5:57.30%', '6:76.40%', '7:74.10%', '8:80.00%', '9:73.60%']
The model is from round 26 from central server, staleness is 0

Cluster round 1 completed, aggregated models from all the clients, time past : 800msec, loss : 1.42, accuracy 65.97%
Accuracy per label : ['0:72.90%', '1:76.50%', '2:48.90%', '3:45.00%', '4:60.90%', '5:57.30%', '6:76.00%', '7:72.30%', '8:80.00%', '9:69.90%']

Cluster round 2 completed, aggregated models from all the clients, time past : 1500msec, loss : 1.48, accuracy 66.12%
Accuracy per label : ['0:74.90%', '1:77.40%', '2:48.40%', '3:45.70%', '4:62.80%', '5:53.70%', '6:75.80%', '7:72.60%', '8:79.30%', '9:70.60%']

Cluster round 3 completed, aggregated models from all the clients, time past : 2200msec, loss : 1.52, accuracy 66.24%
Accuracy per label : ['0:74.80%', '1:74.90%', '2:47.70%', '3:43.40%', '4:62.10%', '5:57.30%', '6:75.90%', '7:72.70%', '8:80.30%', '9:73.30%']

Before aggregation, loss : 1.42, accuracy : 66.76%
Before aggregation, accuracy per label : ['0:73.10%', '1:76.40%', '2:49.70%', '3:45.00%', '4:62.00%', '5:57.30%', '6:76.40%', '7:74.10%', '8:80.00%', '9:73.60%']
Aggregation to central server completed at central server round 27, loss : 1.44, accuracy : 66.72%
Accuracy per label after aggregation : ['0:73.20%', '1:76.50%', '2:49.80%', '3:44.90%', '4:61.40%', '5:57.20%', '6:76.80%', '7:73.80%', '8:79.30%', '9:74.30%']

-----------------------------------------------------

Central server round 28 started
Model sent from central server with 100msec communication time, with loss :1.44, accuracy : 66.72%
Accuracy per label : ['0:73.20%', '1:76.50%', '2:49.80%', '3:44.90%', '4:61.40%', '5:57.20%', '6:76.80%', '7:73.80%', '8:79.30%', '9:74.30%']
The model is from round 27 from central server, staleness is 0

Cluster round 1 completed, aggregated models from all the clients, time past : 800msec, loss : 1.44, accuracy 66.17%
Accuracy per label : ['0:73.40%', '1:76.40%', '2:52.10%', '3:43.00%', '4:60.00%', '5:52.00%', '6:76.60%', '7:76.70%', '8:80.70%', '9:70.80%']

Cluster round 2 completed, aggregated models from all the clients, time past : 1500msec, loss : 1.49, accuracy 66.48%
Accuracy per label : ['0:74.70%', '1:75.60%', '2:51.20%', '3:45.00%', '4:60.50%', '5:54.90%', '6:77.20%', '7:73.70%', '8:79.60%', '9:72.40%']

Cluster round 3 completed, aggregated models from all the clients, time past : 2200msec, loss : 1.54, accuracy 66.39%
Accuracy per label : ['0:73.50%', '1:78.20%', '2:49.90%', '3:44.60%', '4:61.10%', '5:56.60%', '6:76.70%', '7:72.00%', '8:80.20%', '9:71.10%']

Before aggregation, loss : 1.44, accuracy : 66.72%
Before aggregation, accuracy per label : ['0:73.20%', '1:76.50%', '2:49.80%', '3:44.90%', '4:61.40%', '5:57.20%', '6:76.80%', '7:73.80%', '8:79.30%', '9:74.30%']
Aggregation to central server completed at central server round 28, loss : 1.46, accuracy : 66.78%
Accuracy per label after aggregation : ['0:73.60%', '1:77.00%', '2:50.10%', '3:45.10%', '4:61.00%', '5:57.70%', '6:76.80%', '7:73.60%', '8:79.10%', '9:73.80%']

-----------------------------------------------------

Central server round 29 started
Model sent from central server with 100msec communication time, with loss :1.46, accuracy : 66.78%
Accuracy per label : ['0:73.60%', '1:77.00%', '2:50.10%', '3:45.10%', '4:61.00%', '5:57.70%', '6:76.80%', '7:73.60%', '8:79.10%', '9:73.80%']
The model is from round 28 from central server, staleness is 0

Cluster round 1 completed, aggregated models from all the clients, time past : 800msec, loss : 1.46, accuracy 66.26%
Accuracy per label : ['0:73.20%', '1:76.30%', '2:49.40%', '3:42.30%', '4:61.80%', '5:58.60%', '6:76.20%', '7:72.90%', '8:79.30%', '9:72.60%']

Cluster round 2 completed, aggregated models from all the clients, time past : 1500msec, loss : 1.51, accuracy 66.45%
Accuracy per label : ['0:74.40%', '1:75.30%', '2:51.80%', '3:45.80%', '4:61.00%', '5:56.80%', '6:75.70%', '7:72.50%', '8:79.50%', '9:71.70%']

Cluster round 3 completed, aggregated models from all the clients, time past : 2200msec, loss : 1.56, accuracy 66.18%
Accuracy per label : ['0:74.60%', '1:76.50%', '2:48.80%', '3:45.90%', '4:61.40%', '5:53.60%', '6:76.90%', '7:73.30%', '8:80.30%', '9:70.50%']

Before aggregation, loss : 1.46, accuracy : 66.78%
Before aggregation, accuracy per label : ['0:73.60%', '1:77.00%', '2:50.10%', '3:45.10%', '4:61.00%', '5:57.70%', '6:76.80%', '7:73.60%', '8:79.10%', '9:73.80%']
Aggregation to central server completed at central server round 29, loss : 1.48, accuracy : 66.70%
Accuracy per label after aggregation : ['0:73.00%', '1:76.80%', '2:50.60%', '3:44.50%', '4:61.40%', '5:57.70%', '6:77.50%', '7:73.90%', '8:79.30%', '9:72.30%']

-----------------------------------------------------

Central server round 30 started
Model sent from central server with 100msec communication time, with loss :1.48, accuracy : 66.70%
Accuracy per label : ['0:73.00%', '1:76.80%', '2:50.60%', '3:44.50%', '4:61.40%', '5:57.70%', '6:77.50%', '7:73.90%', '8:79.30%', '9:72.30%']
The model is from round 29 from central server, staleness is 0

Cluster round 1 completed, aggregated models from all the clients, time past : 800msec, loss : 1.47, accuracy 66.18%
Accuracy per label : ['0:74.20%', '1:77.40%', '2:51.30%', '3:44.20%', '4:60.80%', '5:54.10%', '6:74.20%', '7:73.40%', '8:80.80%', '9:71.40%']

Cluster round 2 completed, aggregated models from all the clients, time past : 1500msec, loss : 1.52, accuracy 66.38%
Accuracy per label : ['0:74.70%', '1:77.20%', '2:49.70%', '3:43.30%', '4:62.40%', '5:57.90%', '6:74.70%', '7:73.40%', '8:79.80%', '9:70.70%']

Cluster round 3 completed, aggregated models from all the clients, time past : 2200msec, loss : 1.58, accuracy 66.18%
Accuracy per label : ['0:75.60%', '1:75.30%', '2:47.90%', '3:42.20%', '4:63.10%', '5:57.40%', '6:75.50%', '7:73.50%', '8:80.50%', '9:70.80%']

Before aggregation, loss : 1.48, accuracy : 66.70%
Before aggregation, accuracy per label : ['0:73.00%', '1:76.80%', '2:50.60%', '3:44.50%', '4:61.40%', '5:57.70%', '6:77.50%', '7:73.90%', '8:79.30%', '9:72.30%']
Aggregation to central server completed at central server round 30, loss : 1.49, accuracy : 66.79%
Accuracy per label after aggregation : ['0:74.10%', '1:77.40%', '2:50.90%', '3:43.90%', '4:61.40%', '5:58.10%', '6:76.60%', '7:74.10%', '8:78.90%', '9:72.50%']

-----------------------------------------------------

Central server round 31 started
Model sent from central server with 100msec communication time, with loss :1.49, accuracy : 66.79%
Accuracy per label : ['0:74.10%', '1:77.40%', '2:50.90%', '3:43.90%', '4:61.40%', '5:58.10%', '6:76.60%', '7:74.10%', '8:78.90%', '9:72.50%']
The model is from round 30 from central server, staleness is 0

Cluster round 1 completed, aggregated models from all the clients, time past : 800msec, loss : 1.49, accuracy 66.21%
Accuracy per label : ['0:73.20%', '1:77.00%', '2:48.60%', '3:44.00%', '4:61.90%', '5:56.10%', '6:74.90%', '7:74.30%', '8:80.60%', '9:71.50%']

Cluster round 2 completed, aggregated models from all the clients, time past : 1500msec, loss : 1.54, accuracy 66.41%
Accuracy per label : ['0:73.60%', '1:76.50%', '2:50.50%', '3:44.30%', '4:61.70%', '5:57.60%', '6:74.90%', '7:72.70%', '8:80.60%', '9:71.70%']

Cluster round 3 completed, aggregated models from all the clients, time past : 2200msec, loss : 1.58, accuracy 66.27%
Accuracy per label : ['0:74.40%', '1:77.20%', '2:51.30%', '3:45.40%', '4:62.00%', '5:55.30%', '6:73.50%', '7:73.30%', '8:79.70%', '9:70.60%']

Before aggregation, loss : 1.49, accuracy : 66.79%
Before aggregation, accuracy per label : ['0:74.10%', '1:77.40%', '2:50.90%', '3:43.90%', '4:61.40%', '5:58.10%', '6:76.60%', '7:74.10%', '8:78.90%', '9:72.50%']
Aggregation to central server completed at central server round 31, loss : 1.51, accuracy : 66.68%
Accuracy per label after aggregation : ['0:72.60%', '1:76.20%', '2:51.70%', '3:45.60%', '4:61.20%', '5:57.30%', '6:76.10%', '7:73.80%', '8:79.60%', '9:72.70%']

-----------------------------------------------------

Central server round 32 started
Model sent from central server with 100msec communication time, with loss :1.51, accuracy : 66.68%
Accuracy per label : ['0:72.60%', '1:76.20%', '2:51.70%', '3:45.60%', '4:61.20%', '5:57.30%', '6:76.10%', '7:73.80%', '8:79.60%', '9:72.70%']
The model is from round 31 from central server, staleness is 0

Cluster round 1 completed, aggregated models from all the clients, time past : 800msec, loss : 1.50, accuracy 66.29%
Accuracy per label : ['0:73.90%', '1:76.60%', '2:51.60%', '3:43.90%', '4:60.20%', '5:56.40%', '6:76.60%', '7:72.50%', '8:80.40%', '9:70.80%']

Cluster round 2 completed, aggregated models from all the clients, time past : 1500msec, loss : 1.57, accuracy 66.23%
Accuracy per label : ['0:73.40%', '1:76.80%', '2:50.20%', '3:45.10%', '4:62.70%', '5:55.00%', '6:74.80%', '7:73.30%', '8:79.40%', '9:71.60%']

Cluster round 3 completed, aggregated models from all the clients, time past : 2200msec, loss : 1.60, accuracy 66.15%
Accuracy per label : ['0:74.10%', '1:76.80%', '2:50.10%', '3:43.10%', '4:61.50%', '5:56.20%', '6:74.70%', '7:73.40%', '8:79.40%', '9:72.20%']

Before aggregation, loss : 1.51, accuracy : 66.68%
Before aggregation, accuracy per label : ['0:72.60%', '1:76.20%', '2:51.70%', '3:45.60%', '4:61.20%', '5:57.30%', '6:76.10%', '7:73.80%', '8:79.60%', '9:72.70%']
Aggregation to central server completed at central server round 32, loss : 1.53, accuracy : 66.74%
Accuracy per label after aggregation : ['0:73.40%', '1:76.90%', '2:50.70%', '3:45.00%', '4:61.10%', '5:57.40%', '6:76.90%', '7:73.50%', '8:79.30%', '9:73.20%']

-----------------------------------------------------

Central server round 33 started
Model sent from central server with 100msec communication time, with loss :1.53, accuracy : 66.74%
Accuracy per label : ['0:73.40%', '1:76.90%', '2:50.70%', '3:45.00%', '4:61.10%', '5:57.40%', '6:76.90%', '7:73.50%', '8:79.30%', '9:73.20%']
The model is from round 32 from central server, staleness is 0

Cluster round 1 completed, aggregated models from all the clients, time past : 800msec, loss : 1.53, accuracy 66.38%
Accuracy per label : ['0:74.50%', '1:76.40%', '2:49.00%', '3:44.40%', '4:60.60%', '5:56.50%', '6:75.30%', '7:76.60%', '8:79.70%', '9:70.80%']

Cluster round 2 completed, aggregated models from all the clients, time past : 1500msec, loss : 1.58, accuracy 66.08%
Accuracy per label : ['0:74.20%', '1:77.10%', '2:51.10%', '3:43.90%', '4:61.20%', '5:54.20%', '6:74.60%', '7:74.00%', '8:80.80%', '9:69.70%']

Cluster round 3 completed, aggregated models from all the clients, time past : 2200msec, loss : 1.62, accuracy 66.43%
Accuracy per label : ['0:73.00%', '1:76.80%', '2:51.30%', '3:45.50%', '4:62.00%', '5:54.40%', '6:75.20%', '7:74.00%', '8:79.70%', '9:72.40%']

Before aggregation, loss : 1.53, accuracy : 66.74%
Before aggregation, accuracy per label : ['0:73.40%', '1:76.90%', '2:50.70%', '3:45.00%', '4:61.10%', '5:57.40%', '6:76.90%', '7:73.50%', '8:79.30%', '9:73.20%']
Aggregation to central server completed at central server round 33, loss : 1.54, accuracy : 66.67%
Accuracy per label after aggregation : ['0:73.00%', '1:76.40%', '2:52.30%', '3:46.10%', '4:60.90%', '5:55.80%', '6:75.60%', '7:74.50%', '8:78.90%', '9:73.20%']

-----------------------------------------------------

Central server round 34 started
Model sent from central server with 100msec communication time, with loss :1.54, accuracy : 66.67%
Accuracy per label : ['0:73.00%', '1:76.40%', '2:52.30%', '3:46.10%', '4:60.90%', '5:55.80%', '6:75.60%', '7:74.50%', '8:78.90%', '9:73.20%']
The model is from round 33 from central server, staleness is 0

Cluster round 1 completed, aggregated models from all the clients, time past : 800msec, loss : 1.54, accuracy 66.15%
Accuracy per label : ['0:73.00%', '1:75.00%', '2:50.30%', '3:44.50%', '4:61.90%', '5:54.40%', '6:76.20%', '7:73.10%', '8:80.40%', '9:72.70%']

Cluster round 2 completed, aggregated models from all the clients, time past : 1500msec, loss : 1.60, accuracy 66.15%
Accuracy per label : ['0:73.70%', '1:76.90%', '2:48.90%', '3:45.60%', '4:63.50%', '5:53.90%', '6:75.90%', '7:72.90%', '8:79.90%', '9:70.30%']

Cluster round 3 completed, aggregated models from all the clients, time past : 2200msec, loss : 1.64, accuracy 66.39%
Accuracy per label : ['0:74.00%', '1:75.70%', '2:51.20%', '3:42.60%', '4:60.80%', '5:57.00%', '6:76.00%', '7:73.60%', '8:79.80%', '9:73.20%']

Before aggregation, loss : 1.54, accuracy : 66.67%
Before aggregation, accuracy per label : ['0:73.00%', '1:76.40%', '2:52.30%', '3:46.10%', '4:60.90%', '5:55.80%', '6:75.60%', '7:74.50%', '8:78.90%', '9:73.20%']
Aggregation to central server completed at central server round 34, loss : 1.56, accuracy : 66.86%
Accuracy per label after aggregation : ['0:73.40%', '1:76.60%', '2:51.50%', '3:44.30%', '4:61.70%', '5:57.80%', '6:76.40%', '7:74.10%', '8:79.60%', '9:73.20%']

-----------------------------------------------------

Central server round 35 started
Model sent from central server with 100msec communication time, with loss :1.56, accuracy : 66.86%
Accuracy per label : ['0:73.40%', '1:76.60%', '2:51.50%', '3:44.30%', '4:61.70%', '5:57.80%', '6:76.40%', '7:74.10%', '8:79.60%', '9:73.20%']
The model is from round 34 from central server, staleness is 0

Cluster round 1 completed, aggregated models from all the clients, time past : 800msec, loss : 1.55, accuracy 66.13%
Accuracy per label : ['0:74.70%', '1:77.00%', '2:50.20%', '3:42.50%', '4:59.70%', '5:56.40%', '6:76.30%', '7:74.40%', '8:79.80%', '9:70.30%']

Cluster round 2 completed, aggregated models from all the clients, time past : 1500msec, loss : 1.60, accuracy 66.43%
Accuracy per label : ['0:74.70%', '1:77.50%', '2:51.70%', '3:44.20%', '4:59.60%', '5:55.30%', '6:76.20%', '7:72.90%', '8:80.10%', '9:72.10%']

Cluster round 3 completed, aggregated models from all the clients, time past : 2200msec, loss : 1.63, accuracy 66.31%
Accuracy per label : ['0:74.20%', '1:76.40%', '2:51.80%', '3:45.20%', '4:61.10%', '5:56.50%', '6:75.00%', '7:71.90%', '8:79.70%', '9:71.30%']

Before aggregation, loss : 1.56, accuracy : 66.86%
Before aggregation, accuracy per label : ['0:73.40%', '1:76.60%', '2:51.50%', '3:44.30%', '4:61.70%', '5:57.80%', '6:76.40%', '7:74.10%', '8:79.60%', '9:73.20%']
Aggregation to central server completed at central server round 35, loss : 1.56, accuracy : 66.63%
Accuracy per label after aggregation : ['0:72.80%', '1:77.10%', '2:52.60%', '3:45.00%', '4:61.10%', '5:56.00%', '6:75.60%', '7:74.00%', '8:79.80%', '9:72.30%']

-----------------------------------------------------

Central server round 36 started
Model sent from central server with 100msec communication time, with loss :1.56, accuracy : 66.63%
Accuracy per label : ['0:72.80%', '1:77.10%', '2:52.60%', '3:45.00%', '4:61.10%', '5:56.00%', '6:75.60%', '7:74.00%', '8:79.80%', '9:72.30%']
The model is from round 35 from central server, staleness is 0

Cluster round 1 completed, aggregated models from all the clients, time past : 800msec, loss : 1.59, accuracy 66.28%
Accuracy per label : ['0:73.80%', '1:76.30%', '2:51.20%', '3:42.40%', '4:62.10%', '5:55.40%', '6:76.00%', '7:72.90%', '8:80.20%', '9:72.50%']

Cluster round 2 completed, aggregated models from all the clients, time past : 1500msec, loss : 1.63, accuracy 66.53%
Accuracy per label : ['0:75.20%', '1:77.70%', '2:51.00%', '3:45.70%', '4:61.30%', '5:54.20%', '6:75.50%', '7:73.00%', '8:79.30%', '9:72.40%']

Cluster round 3 completed, aggregated models from all the clients, time past : 2200msec, loss : 1.66, accuracy 66.21%
Accuracy per label : ['0:74.90%', '1:77.50%', '2:50.20%', '3:43.90%', '4:61.20%', '5:58.20%', '6:74.10%', '7:73.00%', '8:79.80%', '9:69.30%']

Before aggregation, loss : 1.56, accuracy : 66.63%
Before aggregation, accuracy per label : ['0:72.80%', '1:77.10%', '2:52.60%', '3:45.00%', '4:61.10%', '5:56.00%', '6:75.60%', '7:74.00%', '8:79.80%', '9:72.30%']
Aggregation to central server completed at central server round 36, loss : 1.59, accuracy : 66.65%
Accuracy per label after aggregation : ['0:73.90%', '1:76.30%', '2:51.20%', '3:44.40%', '4:61.30%', '5:58.50%', '6:75.70%', '7:73.50%', '8:79.70%', '9:72.00%']

-----------------------------------------------------

Central server round 37 started
Model sent from central server with 100msec communication time, with loss :1.59, accuracy : 66.65%
Accuracy per label : ['0:73.90%', '1:76.30%', '2:51.20%', '3:44.40%', '4:61.30%', '5:58.50%', '6:75.70%', '7:73.50%', '8:79.70%', '9:72.00%']
The model is from round 36 from central server, staleness is 0

Cluster round 1 completed, aggregated models from all the clients, time past : 800msec, loss : 1.59, accuracy 66.46%
Accuracy per label : ['0:74.30%', '1:78.50%', '2:49.90%', '3:43.00%', '4:61.00%', '5:57.00%', '6:75.90%', '7:74.30%', '8:79.50%', '9:71.20%']

Cluster round 2 completed, aggregated models from all the clients, time past : 1500msec, loss : 1.63, accuracy 66.18%
Accuracy per label : ['0:72.90%', '1:76.80%', '2:50.40%', '3:45.90%', '4:60.10%', '5:55.20%', '6:74.90%', '7:73.00%', '8:79.90%', '9:72.70%']

Cluster round 3 completed, aggregated models from all the clients, time past : 2200msec, loss : 1.67, accuracy 66.34%
Accuracy per label : ['0:74.10%', '1:76.80%', '2:50.20%', '3:46.20%', '4:61.40%', '5:53.80%', '6:75.60%', '7:73.50%', '8:79.90%', '9:71.90%']

Before aggregation, loss : 1.59, accuracy : 66.65%
Before aggregation, accuracy per label : ['0:73.90%', '1:76.30%', '2:51.20%', '3:44.40%', '4:61.30%', '5:58.50%', '6:75.70%', '7:73.50%', '8:79.70%', '9:72.00%']
Aggregation to central server completed at central server round 37, loss : 1.60, accuracy : 66.62%
Accuracy per label after aggregation : ['0:73.70%', '1:76.80%', '2:51.40%', '3:45.10%', '4:61.40%', '5:56.10%', '6:76.70%', '7:73.40%', '8:79.50%', '9:72.10%']

-----------------------------------------------------

Central server round 38 started
Model sent from central server with 100msec communication time, with loss :1.60, accuracy : 66.62%
Accuracy per label : ['0:73.70%', '1:76.80%', '2:51.40%', '3:45.10%', '4:61.40%', '5:56.10%', '6:76.70%', '7:73.40%', '8:79.50%', '9:72.10%']
The model is from round 37 from central server, staleness is 0

Cluster round 1 completed, aggregated models from all the clients, time past : 800msec, loss : 1.61, accuracy 66.24%
Accuracy per label : ['0:72.70%', '1:77.20%', '2:49.90%', '3:47.20%', '4:63.30%', '5:52.70%', '6:74.50%', '7:73.80%', '8:80.10%', '9:71.00%']

Cluster round 2 completed, aggregated models from all the clients, time past : 1500msec, loss : 1.65, accuracy 66.27%
Accuracy per label : ['0:74.30%', '1:75.80%', '2:51.30%', '3:46.10%', '4:60.20%', '5:53.10%', '6:76.70%', '7:73.40%', '8:79.70%', '9:72.10%']

Cluster round 3 completed, aggregated models from all the clients, time past : 2200msec, loss : 1.68, accuracy 66.25%
Accuracy per label : ['0:74.20%', '1:77.00%', '2:50.50%', '3:44.00%', '4:60.10%', '5:55.60%', '6:76.00%', '7:74.10%', '8:80.40%', '9:70.60%']

Before aggregation, loss : 1.60, accuracy : 66.62%
Before aggregation, accuracy per label : ['0:73.70%', '1:76.80%', '2:51.40%', '3:45.10%', '4:61.40%', '5:56.10%', '6:76.70%', '7:73.40%', '8:79.50%', '9:72.10%']
Aggregation to central server completed at central server round 38, loss : 1.62, accuracy : 66.59%
Accuracy per label after aggregation : ['0:73.80%', '1:75.90%', '2:51.50%', '3:44.60%', '4:61.70%', '5:56.80%', '6:76.20%', '7:73.30%', '8:79.90%', '9:72.20%']

-----------------------------------------------------

Central server round 39 started
Model sent from central server with 100msec communication time, with loss :1.62, accuracy : 66.59%
Accuracy per label : ['0:73.80%', '1:75.90%', '2:51.50%', '3:44.60%', '4:61.70%', '5:56.80%', '6:76.20%', '7:73.30%', '8:79.90%', '9:72.20%']
The model is from round 38 from central server, staleness is 0

Cluster round 1 completed, aggregated models from all the clients, time past : 800msec, loss : 1.62, accuracy 66.11%
Accuracy per label : ['0:74.70%', '1:76.40%', '2:50.50%', '3:43.80%', '4:60.50%', '5:57.40%', '6:74.40%', '7:73.90%', '8:78.80%', '9:70.70%']

Cluster round 2 completed, aggregated models from all the clients, time past : 1500msec, loss : 1.66, accuracy 66.46%
Accuracy per label : ['0:74.60%', '1:77.50%', '2:51.50%', '3:44.90%', '4:61.10%', '5:57.20%', '6:75.00%', '7:72.30%', '8:79.40%', '9:71.10%']

Cluster round 3 completed, aggregated models from all the clients, time past : 2200msec, loss : 1.71, accuracy 66.19%
Accuracy per label : ['0:75.00%', '1:76.50%', '2:49.60%', '3:43.80%', '4:59.60%', '5:57.80%', '6:75.70%', '7:72.70%', '8:79.20%', '9:72.00%']

Before aggregation, loss : 1.62, accuracy : 66.59%
Before aggregation, accuracy per label : ['0:73.80%', '1:75.90%', '2:51.50%', '3:44.60%', '4:61.70%', '5:56.80%', '6:76.20%', '7:73.30%', '8:79.90%', '9:72.20%']
Aggregation to central server completed at central server round 39, loss : 1.63, accuracy : 66.82%
Accuracy per label after aggregation : ['0:74.50%', '1:76.80%', '2:51.50%', '3:44.60%', '4:60.90%', '5:57.50%', '6:76.20%', '7:73.50%', '8:79.30%', '9:73.40%']

-----------------------------------------------------

Central server round 40 started
Model sent from central server with 100msec communication time, with loss :1.63, accuracy : 66.82%
Accuracy per label : ['0:74.50%', '1:76.80%', '2:51.50%', '3:44.60%', '4:60.90%', '5:57.50%', '6:76.20%', '7:73.50%', '8:79.30%', '9:73.40%']
The model is from round 39 from central server, staleness is 0

Cluster round 1 completed, aggregated models from all the clients, time past : 800msec, loss : 1.64, accuracy 66.16%
Accuracy per label : ['0:71.50%', '1:76.90%', '2:50.00%', '3:47.00%', '4:60.30%', '5:55.70%', '6:75.20%', '7:72.60%', '8:80.70%', '9:71.70%']

Cluster round 2 completed, aggregated models from all the clients, time past : 1500msec, loss : 1.68, accuracy 66.14%
Accuracy per label : ['0:73.30%', '1:76.50%', '2:50.70%', '3:46.40%', '4:60.20%', '5:55.50%', '6:75.60%', '7:72.50%', '8:79.20%', '9:71.50%']

Cluster round 3 completed, aggregated models from all the clients, time past : 2200msec, loss : 1.71, accuracy 66.15%
Accuracy per label : ['0:73.80%', '1:77.10%', '2:51.10%', '3:45.50%', '4:60.80%', '5:55.60%', '6:74.50%', '7:72.20%', '8:80.30%', '9:70.60%']

Before aggregation, loss : 1.63, accuracy : 66.82%
Before aggregation, accuracy per label : ['0:74.50%', '1:76.80%', '2:51.50%', '3:44.60%', '4:60.90%', '5:57.50%', '6:76.20%', '7:73.50%', '8:79.30%', '9:73.40%']
Aggregation to central server completed at central server round 40, loss : 1.65, accuracy : 66.81%
Accuracy per label after aggregation : ['0:74.40%', '1:76.10%', '2:51.60%', '3:45.80%', '4:60.90%', '5:56.90%', '6:76.10%', '7:73.90%', '8:79.40%', '9:73.00%']

-----------------------------------------------------

Central server round 41 started
Model sent from central server with 100msec communication time, with loss :1.65, accuracy : 66.81%
Accuracy per label : ['0:74.40%', '1:76.10%', '2:51.60%', '3:45.80%', '4:60.90%', '5:56.90%', '6:76.10%', '7:73.90%', '8:79.40%', '9:73.00%']
The model is from round 40 from central server, staleness is 0

Cluster round 1 completed, aggregated models from all the clients, time past : 800msec, loss : 1.67, accuracy 66.13%
Accuracy per label : ['0:71.30%', '1:77.40%', '2:50.20%', '3:42.10%', '4:63.20%', '5:56.50%', '6:75.20%', '7:73.70%', '8:81.10%', '9:70.60%']

Cluster round 2 completed, aggregated models from all the clients, time past : 1500msec, loss : 1.71, accuracy 66.19%
Accuracy per label : ['0:75.30%', '1:77.70%', '2:49.80%', '3:42.70%', '4:62.20%', '5:56.00%', '6:75.30%', '7:72.90%', '8:79.50%', '9:70.50%']

Cluster round 3 completed, aggregated models from all the clients, time past : 2200msec, loss : 1.73, accuracy 66.22%
Accuracy per label : ['0:74.70%', '1:77.30%', '2:49.90%', '3:43.60%', '4:61.70%', '5:56.80%', '6:74.60%', '7:72.60%', '8:79.20%', '9:71.80%']

Before aggregation, loss : 1.65, accuracy : 66.81%
Before aggregation, accuracy per label : ['0:74.40%', '1:76.10%', '2:51.60%', '3:45.80%', '4:60.90%', '5:56.90%', '6:76.10%', '7:73.90%', '8:79.40%', '9:73.00%']
Aggregation to central server completed at central server round 41, loss : 1.66, accuracy : 66.69%
Accuracy per label after aggregation : ['0:74.10%', '1:76.20%', '2:51.00%', '3:45.10%', '4:61.50%', '5:56.70%', '6:76.20%', '7:73.60%', '8:79.70%', '9:72.80%']

-----------------------------------------------------

Central server round 42 started
Model sent from central server with 100msec communication time, with loss :1.66, accuracy : 66.69%
Accuracy per label : ['0:74.10%', '1:76.20%', '2:51.00%', '3:45.10%', '4:61.50%', '5:56.70%', '6:76.20%', '7:73.60%', '8:79.70%', '9:72.80%']
The model is from round 41 from central server, staleness is 0

Cluster round 1 completed, aggregated models from all the clients, time past : 800msec, loss : 1.68, accuracy 66.09%
Accuracy per label : ['0:74.30%', '1:74.10%', '2:50.30%', '3:43.60%', '4:60.40%', '5:57.60%', '6:77.80%', '7:70.30%', '8:80.00%', '9:72.50%']

Cluster round 2 completed, aggregated models from all the clients, time past : 1500msec, loss : 1.73, accuracy 66.20%
Accuracy per label : ['0:75.40%', '1:77.50%', '2:50.30%', '3:42.40%', '4:61.50%', '5:55.50%', '6:75.30%', '7:73.10%', '8:79.40%', '9:71.60%']

Cluster round 3 completed, aggregated models from all the clients, time past : 2200msec, loss : 1.75, accuracy 66.11%
Accuracy per label : ['0:74.80%', '1:76.70%', '2:50.70%', '3:45.30%', '4:60.60%', '5:54.20%', '6:74.90%', '7:73.60%', '8:79.50%', '9:70.80%']

Before aggregation, loss : 1.66, accuracy : 66.69%
Before aggregation, accuracy per label : ['0:74.10%', '1:76.20%', '2:51.00%', '3:45.10%', '4:61.50%', '5:56.70%', '6:76.20%', '7:73.60%', '8:79.70%', '9:72.80%']
Aggregation to central server completed at central server round 42, loss : 1.68, accuracy : 66.80%
Accuracy per label after aggregation : ['0:75.40%', '1:76.30%', '2:51.30%', '3:45.50%', '4:61.90%', '5:56.30%', '6:75.20%', '7:73.80%', '8:79.50%', '9:72.80%']

-----------------------------------------------------

Central server round 43 started
Model sent from central server with 100msec communication time, with loss :1.68, accuracy : 66.80%
Accuracy per label : ['0:75.40%', '1:76.30%', '2:51.30%', '3:45.50%', '4:61.90%', '5:56.30%', '6:75.20%', '7:73.80%', '8:79.50%', '9:72.80%']
The model is from round 42 from central server, staleness is 0

Cluster round 1 completed, aggregated models from all the clients, time past : 800msec, loss : 1.70, accuracy 66.22%
Accuracy per label : ['0:76.50%', '1:74.50%', '2:48.20%', '3:44.30%', '4:61.00%', '5:56.80%', '6:74.90%', '7:73.50%', '8:80.00%', '9:72.50%']

Cluster round 2 completed, aggregated models from all the clients, time past : 1500msec, loss : 1.73, accuracy 66.16%
Accuracy per label : ['0:74.70%', '1:77.30%', '2:50.60%', '3:46.10%', '4:60.70%', '5:54.50%', '6:74.30%', '7:73.30%', '8:79.10%', '9:71.00%']

Cluster round 3 completed, aggregated models from all the clients, time past : 2200msec, loss : 1.76, accuracy 66.20%
Accuracy per label : ['0:75.20%', '1:77.10%', '2:49.80%', '3:44.60%', '4:62.50%', '5:55.20%', '6:75.00%', '7:71.90%', '8:78.80%', '9:71.90%']

Before aggregation, loss : 1.68, accuracy : 66.80%
Before aggregation, accuracy per label : ['0:75.40%', '1:76.30%', '2:51.30%', '3:45.50%', '4:61.90%', '5:56.30%', '6:75.20%', '7:73.80%', '8:79.50%', '9:72.80%']
Aggregation to central server completed at central server round 43, loss : 1.69, accuracy : 66.93%
Accuracy per label after aggregation : ['0:74.10%', '1:76.60%', '2:52.20%', '3:45.80%', '4:61.40%', '5:57.40%', '6:75.40%', '7:73.80%', '8:79.30%', '9:73.30%']

-----------------------------------------------------

Central server round 44 started
Model sent from central server with 100msec communication time, with loss :1.69, accuracy : 66.93%
Accuracy per label : ['0:74.10%', '1:76.60%', '2:52.20%', '3:45.80%', '4:61.40%', '5:57.40%', '6:75.40%', '7:73.80%', '8:79.30%', '9:73.30%']
The model is from round 43 from central server, staleness is 0

Cluster round 1 completed, aggregated models from all the clients, time past : 800msec, loss : 1.72, accuracy 66.16%
Accuracy per label : ['0:74.10%', '1:78.00%', '2:50.10%', '3:42.00%', '4:58.90%', '5:58.10%', '6:77.20%', '7:73.70%', '8:79.20%', '9:70.30%']

Cluster round 2 completed, aggregated models from all the clients, time past : 1500msec, loss : 1.76, accuracy 66.40%
Accuracy per label : ['0:74.80%', '1:78.50%', '2:49.90%', '3:43.60%', '4:60.80%', '5:56.90%', '6:75.40%', '7:73.60%', '8:80.40%', '9:70.10%']

Cluster round 3 completed, aggregated models from all the clients, time past : 2200msec, loss : 1.78, accuracy 66.30%
Accuracy per label : ['0:74.40%', '1:78.00%', '2:50.50%', '3:43.20%', '4:60.80%', '5:56.50%', '6:75.60%', '7:73.20%', '8:79.40%', '9:71.40%']

Before aggregation, loss : 1.69, accuracy : 66.93%
Before aggregation, accuracy per label : ['0:74.10%', '1:76.60%', '2:52.20%', '3:45.80%', '4:61.40%', '5:57.40%', '6:75.40%', '7:73.80%', '8:79.30%', '9:73.30%']
Aggregation to central server completed at central server round 44, loss : 1.71, accuracy : 66.86%
Accuracy per label after aggregation : ['0:74.00%', '1:76.70%', '2:51.50%', '3:46.60%', '4:61.50%', '5:56.80%', '6:75.40%', '7:73.50%', '8:79.60%', '9:73.00%']

-----------------------------------------------------

Central server round 45 started
Model sent from central server with 100msec communication time, with loss :1.71, accuracy : 66.86%
Accuracy per label : ['0:74.00%', '1:76.70%', '2:51.50%', '3:46.60%', '4:61.50%', '5:56.80%', '6:75.40%', '7:73.50%', '8:79.60%', '9:73.00%']
The model is from round 44 from central server, staleness is 0

Cluster round 1 completed, aggregated models from all the clients, time past : 800msec, loss : 1.73, accuracy 66.20%
Accuracy per label : ['0:74.90%', '1:76.90%', '2:49.70%', '3:41.60%', '4:61.00%', '5:56.70%', '6:75.50%', '7:74.70%', '8:80.30%', '9:70.70%']

Cluster round 2 completed, aggregated models from all the clients, time past : 1500msec, loss : 1.76, accuracy 66.29%
Accuracy per label : ['0:73.90%', '1:75.90%', '2:52.10%', '3:46.70%', '4:59.70%', '5:55.70%', '6:74.30%', '7:73.00%', '8:79.90%', '9:71.70%']

Cluster round 3 completed, aggregated models from all the clients, time past : 2200msec, loss : 1.80, accuracy 66.24%
Accuracy per label : ['0:74.50%', '1:77.40%', '2:50.60%', '3:44.50%', '4:60.80%', '5:57.60%', '6:72.70%', '7:73.20%', '8:79.50%', '9:71.60%']

Before aggregation, loss : 1.71, accuracy : 66.86%
Before aggregation, accuracy per label : ['0:74.00%', '1:76.70%', '2:51.50%', '3:46.60%', '4:61.50%', '5:56.80%', '6:75.40%', '7:73.50%', '8:79.60%', '9:73.00%']
Aggregation to central server completed at central server round 45, loss : 1.72, accuracy : 66.67%
Accuracy per label after aggregation : ['0:73.90%', '1:76.30%', '2:52.10%', '3:45.30%', '4:61.90%', '5:55.70%', '6:76.00%', '7:73.20%', '8:79.70%', '9:72.60%']

-----------------------------------------------------

Central server round 46 started
Model sent from central server with 100msec communication time, with loss :1.72, accuracy : 66.67%
Accuracy per label : ['0:73.90%', '1:76.30%', '2:52.10%', '3:45.30%', '4:61.90%', '5:55.70%', '6:76.00%', '7:73.20%', '8:79.70%', '9:72.60%']
The model is from round 45 from central server, staleness is 0

Cluster round 1 completed, aggregated models from all the clients, time past : 800msec, loss : 1.74, accuracy 66.19%
Accuracy per label : ['0:74.50%', '1:77.70%', '2:51.30%', '3:46.80%', '4:58.20%', '5:52.60%', '6:76.40%', '7:73.40%', '8:80.10%', '9:70.90%']

Cluster round 2 completed, aggregated models from all the clients, time past : 1500msec, loss : 1.77, accuracy 66.44%
Accuracy per label : ['0:75.10%', '1:77.00%', '2:49.40%', '3:46.30%', '4:61.50%', '5:54.40%', '6:75.80%', '7:73.90%', '8:80.10%', '9:70.90%']

Cluster round 3 completed, aggregated models from all the clients, time past : 2200msec, loss : 1.79, accuracy 66.17%
Accuracy per label : ['0:74.60%', '1:77.60%', '2:50.60%', '3:45.60%', '4:60.80%', '5:54.40%', '6:75.10%', '7:72.80%', '8:79.40%', '9:70.80%']

Before aggregation, loss : 1.72, accuracy : 66.67%
Before aggregation, accuracy per label : ['0:73.90%', '1:76.30%', '2:52.10%', '3:45.30%', '4:61.90%', '5:55.70%', '6:76.00%', '7:73.20%', '8:79.70%', '9:72.60%']
Aggregation to central server completed at central server round 46, loss : 1.73, accuracy : 66.82%
Accuracy per label after aggregation : ['0:73.90%', '1:75.90%', '2:51.70%', '3:45.80%', '4:61.10%', '5:56.10%', '6:76.60%', '7:73.60%', '8:79.50%', '9:74.00%']

-----------------------------------------------------

Central server round 47 started
Model sent from central server with 100msec communication time, with loss :1.73, accuracy : 66.82%
Accuracy per label : ['0:73.90%', '1:75.90%', '2:51.70%', '3:45.80%', '4:61.10%', '5:56.10%', '6:76.60%', '7:73.60%', '8:79.50%', '9:74.00%']
The model is from round 46 from central server, staleness is 0

Cluster round 1 completed, aggregated models from all the clients, time past : 800msec, loss : 1.76, accuracy 66.01%
Accuracy per label : ['0:75.50%', '1:78.60%', '2:50.50%', '3:44.90%', '4:60.60%', '5:54.80%', '6:73.30%', '7:74.40%', '8:80.30%', '9:67.20%']

Cluster round 2 completed, aggregated models from all the clients, time past : 1500msec, loss : 1.79, accuracy 66.22%
Accuracy per label : ['0:75.20%', '1:77.30%', '2:51.60%', '3:45.40%', '4:60.40%', '5:53.60%', '6:74.70%', '7:73.40%', '8:78.70%', '9:71.90%']

Cluster round 3 completed, aggregated models from all the clients, time past : 2200msec, loss : 1.82, accuracy 66.56%
Accuracy per label : ['0:74.50%', '1:78.00%', '2:52.40%', '3:45.50%', '4:59.70%', '5:54.90%', '6:75.70%', '7:73.80%', '8:79.50%', '9:71.60%']

Before aggregation, loss : 1.73, accuracy : 66.82%
Before aggregation, accuracy per label : ['0:73.90%', '1:75.90%', '2:51.70%', '3:45.80%', '4:61.10%', '5:56.10%', '6:76.60%', '7:73.60%', '8:79.50%', '9:74.00%']
Aggregation to central server completed at central server round 47, loss : 1.75, accuracy : 66.78%
Accuracy per label after aggregation : ['0:74.20%', '1:76.30%', '2:51.20%', '3:45.60%', '4:61.60%', '5:55.80%', '6:76.00%', '7:74.20%', '8:79.70%', '9:73.20%']

-----------------------------------------------------

Central server round 48 started
Model sent from central server with 100msec communication time, with loss :1.75, accuracy : 66.78%
Accuracy per label : ['0:74.20%', '1:76.30%', '2:51.20%', '3:45.60%', '4:61.60%', '5:55.80%', '6:76.00%', '7:74.20%', '8:79.70%', '9:73.20%']
The model is from round 47 from central server, staleness is 0

Cluster round 1 completed, aggregated models from all the clients, time past : 800msec, loss : 1.76, accuracy 66.16%
Accuracy per label : ['0:73.00%', '1:75.90%', '2:50.40%', '3:49.70%', '4:59.10%', '5:57.80%', '6:71.70%', '7:71.00%', '8:80.40%', '9:72.60%']

Cluster round 2 completed, aggregated models from all the clients, time past : 1500msec, loss : 1.79, accuracy 66.05%
Accuracy per label : ['0:74.30%', '1:77.10%', '2:50.40%', '3:46.10%', '4:61.00%', '5:53.50%', '6:75.10%', '7:72.60%', '8:79.20%', '9:71.20%']

Cluster round 3 completed, aggregated models from all the clients, time past : 2200msec, loss : 1.82, accuracy 66.28%
Accuracy per label : ['0:74.80%', '1:77.40%', '2:50.30%', '3:44.50%', '4:60.90%', '5:54.90%', '6:74.90%', '7:72.70%', '8:80.50%', '9:71.90%']

Before aggregation, loss : 1.75, accuracy : 66.78%
Before aggregation, accuracy per label : ['0:74.20%', '1:76.30%', '2:51.20%', '3:45.60%', '4:61.60%', '5:55.80%', '6:76.00%', '7:74.20%', '8:79.70%', '9:73.20%']
Aggregation to central server completed at central server round 48, loss : 1.75, accuracy : 66.85%
Accuracy per label after aggregation : ['0:74.20%', '1:76.40%', '2:51.70%', '3:45.80%', '4:61.20%', '5:56.70%', '6:75.30%', '7:73.70%', '8:79.90%', '9:73.60%']

-----------------------------------------------------

Central server round 49 started
Model sent from central server with 100msec communication time, with loss :1.75, accuracy : 66.85%
Accuracy per label : ['0:74.20%', '1:76.40%', '2:51.70%', '3:45.80%', '4:61.20%', '5:56.70%', '6:75.30%', '7:73.70%', '8:79.90%', '9:73.60%']
The model is from round 48 from central server, staleness is 0

Cluster round 1 completed, aggregated models from all the clients, time past : 800msec, loss : 1.77, accuracy 66.62%
Accuracy per label : ['0:74.40%', '1:76.90%', '2:51.00%', '3:45.40%', '4:61.50%', '5:55.60%', '6:75.30%', '7:72.80%', '8:80.70%', '9:72.60%']

Cluster round 2 completed, aggregated models from all the clients, time past : 1500msec, loss : 1.81, accuracy 66.33%
Accuracy per label : ['0:74.60%', '1:76.60%', '2:49.60%', '3:45.90%', '4:60.20%', '5:56.20%', '6:75.10%', '7:73.50%', '8:80.00%', '9:71.60%']

Cluster round 3 completed, aggregated models from all the clients, time past : 2200msec, loss : 1.84, accuracy 66.35%
Accuracy per label : ['0:75.50%', '1:76.50%', '2:50.50%', '3:44.70%', '4:60.40%', '5:56.60%', '6:74.80%', '7:73.40%', '8:79.30%', '9:71.80%']

Before aggregation, loss : 1.75, accuracy : 66.85%
Before aggregation, accuracy per label : ['0:74.20%', '1:76.40%', '2:51.70%', '3:45.80%', '4:61.20%', '5:56.70%', '6:75.30%', '7:73.70%', '8:79.90%', '9:73.60%']
Aggregation to central server completed at central server round 49, loss : 1.77, accuracy : 66.69%
Accuracy per label after aggregation : ['0:74.40%', '1:76.00%', '2:51.70%', '3:45.50%', '4:60.90%', '5:57.10%', '6:75.40%', '7:73.50%', '8:79.50%', '9:72.90%']

-----------------------------------------------------

Central server round 50 started
Model sent from central server with 100msec communication time, with loss :1.77, accuracy : 66.69%
Accuracy per label : ['0:74.40%', '1:76.00%', '2:51.70%', '3:45.50%', '4:60.90%', '5:57.10%', '6:75.40%', '7:73.50%', '8:79.50%', '9:72.90%']
The model is from round 49 from central server, staleness is 0

Cluster round 1 completed, aggregated models from all the clients, time past : 800msec, loss : 1.77, accuracy 66.25%
Accuracy per label : ['0:73.40%', '1:79.70%', '2:49.50%', '3:44.70%', '4:61.80%', '5:55.80%', '6:73.40%', '7:74.60%', '8:79.40%', '9:70.20%']

Cluster round 2 completed, aggregated models from all the clients, time past : 1500msec, loss : 1.80, accuracy 66.40%
Accuracy per label : ['0:73.80%', '1:77.90%', '2:51.20%', '3:47.40%', '4:59.90%', '5:54.80%', '6:74.90%', '7:72.80%', '8:79.80%', '9:71.50%']

Cluster round 3 completed, aggregated models from all the clients, time past : 2200msec, loss : 1.84, accuracy 66.52%
Accuracy per label : ['0:75.30%', '1:77.70%', '2:51.40%', '3:46.50%', '4:60.40%', '5:55.50%', '6:75.50%', '7:72.60%', '8:79.00%', '9:71.30%']

Before aggregation, loss : 1.77, accuracy : 66.69%
Before aggregation, accuracy per label : ['0:74.40%', '1:76.00%', '2:51.70%', '3:45.50%', '4:60.90%', '5:57.10%', '6:75.40%', '7:73.50%', '8:79.50%', '9:72.90%']
Aggregation to central server completed at central server round 50, loss : 1.78, accuracy : 66.78%
Accuracy per label after aggregation : ['0:74.70%', '1:76.10%', '2:52.00%', '3:46.00%', '4:61.70%', '5:56.10%', '6:75.50%', '7:73.20%', '8:79.90%', '9:72.60%']

