Unique id : 0, dataset size : 1326
Communication time : 100, Computation time per batch : 500, Training time : 63200
['0:9.35%', '1:0.23%', '2:0.00%', '3:15.23%', '4:0.00%', '5:25.11%', '6:46.83%', '7:0.00%', '8:3.09%', '9:0.15%']
Divergence : jsd 0.3739, tvd 0.5718
labels from the first batch :[3, 6, 5, 0, 0, 5, 5, 6, 5, 6, 3, 5, 5, 0, 5, 6, 6, 3, 0, 6, 5, 5, 3, 6, 6, 0, 6, 6, 6, 5, 3, 6]

Unique id : 1, dataset size : 390
Communication time : 100, Computation time per batch : 200, Training time : 8000
['0:0.00%', '1:0.00%', '2:1.28%', '3:0.00%', '4:0.00%', '5:0.00%', '6:84.10%', '7:14.62%', '8:0.00%', '9:0.00%']
Divergence : jsd 0.6214, tvd 0.7872
labels from the first batch :[6, 6, 7, 6, 7, 6, 6, 6, 6, 7, 6, 6, 6, 7, 6, 7, 6, 6, 7, 6, 6, 6, 7, 6, 6, 6, 6, 6, 6, 6, 6, 6]

Unique id : 2, dataset size : 33
Communication time : 100, Computation time per batch : 500, Training time : 3200
['0:63.64%', '1:0.00%', '2:3.03%', '3:3.03%', '4:0.00%', '5:0.00%', '6:3.03%', '7:27.27%', '8:0.00%', '9:0.00%']
Divergence : jsd 0.4797, tvd 0.7091
labels from the first batch :[0, 0, 0, 7, 0, 0, 7, 0, 2, 7, 0, 0, 0, 0, 0, 6, 0, 0, 0, 0, 7, 0, 0, 0, 7, 3, 0, 7, 0, 0, 7, 7]

Unique id : 3, dataset size : 32
Communication time : 100, Computation time per batch : 100, Training time : 500
['0:3.12%', '1:0.00%', '2:0.00%', '3:43.75%', '4:0.00%', '5:0.00%', '6:0.00%', '7:21.88%', '8:0.00%', '9:31.25%']
Divergence : jsd 0.4539, tvd 0.6687
labels from the first batch :[3, 7, 3, 9, 3, 9, 3, 0, 3, 3, 9, 9, 9, 9, 3, 3, 9, 7, 3, 7, 9, 3, 7, 3, 9, 9, 7, 3, 7, 3, 3, 7]

Unique id : 4, dataset size : 615
Communication time : 100, Computation time per batch : 300, Training time : 18200
['0:47.64%', '1:0.49%', '2:51.87%', '3:0.00%', '4:0.00%', '5:0.00%', '6:0.00%', '7:0.00%', '8:0.00%', '9:0.00%']
Divergence : jsd 0.5965, tvd 0.7951
labels from the first batch :[2, 2, 2, 0, 0, 0, 0, 0, 2, 0, 2, 2, 0, 2, 2, 0, 2, 0, 2, 2, 0, 2, 0, 2, 0, 0, 2, 0, 2, 2, 0, 0]

Unique id : 5, dataset size : 689
Communication time : 100, Computation time per batch : 100, Training time : 6800
['0:0.00%', '1:2.47%', '2:0.00%', '3:0.00%', '4:0.00%', '5:0.15%', '6:28.59%', '7:68.36%', '8:0.44%', '9:0.00%']
Divergence : jsd 0.5616, tvd 0.7695
labels from the first batch :[6, 7, 7, 6, 7, 7, 6, 7, 7, 7, 7, 7, 6, 7, 7, 7, 7, 7, 7, 6, 6, 7, 7, 7, 7, 6, 7, 6, 6, 7, 6, 7]

Unique id : 6, dataset size : 106
Communication time : 100, Computation time per batch : 400, Training time : 5000
['0:33.96%', '1:5.66%', '2:0.00%', '3:2.83%', '4:0.00%', '5:53.77%', '6:0.00%', '7:0.00%', '8:3.77%', '9:0.00%']
Divergence : jsd 0.4491, tvd 0.6774
labels from the first batch :[5, 5, 5, 0, 0, 0, 0, 5, 5, 0, 5, 0, 5, 5, 0, 5, 5, 0, 0, 0, 1, 5, 5, 0, 0, 5, 5, 5, 0, 8, 5, 0]

Unique id : 7, dataset size : 436
Communication time : 100, Computation time per batch : 500, Training time : 21200
['0:0.00%', '1:0.00%', '2:5.05%', '3:54.82%', '4:35.78%', '5:0.00%', '6:1.83%', '7:0.23%', '8:2.06%', '9:0.23%']
Divergence : jsd 0.4639, tvd 0.7060
labels from the first batch :[3, 3, 3, 3, 4, 4, 8, 4, 3, 3, 4, 3, 6, 4, 3, 3, 2, 4, 4, 3, 3, 3, 3, 3, 4, 4, 3, 4, 3, 3, 4, 4]

Unique id : 8, dataset size : 127
Communication time : 100, Computation time per batch : 300, Training time : 3800
['0:0.00%', '1:0.00%', '2:0.00%', '3:0.79%', '4:0.79%', '5:0.79%', '6:85.83%', '7:0.00%', '8:11.81%', '9:0.00%']
Divergence : jsd 0.5992, tvd 0.7764
labels from the first batch :[8, 6, 6, 6, 8, 8, 6, 6, 6, 6, 6, 8, 6, 6, 8, 8, 6, 6, 6, 6, 6, 6, 8, 6, 6, 6, 6, 6, 6, 6, 6, 6]

Unique id : 9, dataset size : 199
Communication time : 100, Computation time per batch : 500, Training time : 10700
['0:0.50%', '1:0.00%', '2:0.00%', '3:0.00%', '4:85.43%', '5:1.01%', '6:7.54%', '7:0.00%', '8:0.00%', '9:5.53%']
Divergence : jsd 0.5709, tvd 0.7543
labels from the first batch :[4, 4, 4, 4, 4, 4, 4, 4, 4, 9, 4, 9, 4, 4, 4, 4, 4, 4, 4, 9, 4, 4, 4, 4, 4, 4, 4, 6, 4, 4, 5, 4]

Unique id : 10, dataset size : 182
Communication time : 100, Computation time per batch : 500, Training time : 9200
['0:0.00%', '1:0.00%', '2:18.68%', '3:0.00%', '4:0.00%', '5:0.00%', '6:79.12%', '7:1.10%', '8:0.00%', '9:1.10%']
Divergence : jsd 0.5888, tvd 0.7780
labels from the first batch :[2, 6, 6, 2, 2, 6, 6, 6, 6, 6, 6, 6, 6, 6, 6, 6, 6, 6, 6, 6, 6, 6, 6, 6, 2, 6, 6, 6, 6, 2, 6, 6]

Unique id : 11, dataset size : 171
Communication time : 100, Computation time per batch : 200, Training time : 3800
['0:0.00%', '1:91.81%', '2:0.00%', '3:3.51%', '4:0.00%', '5:0.00%', '6:0.00%', '7:4.68%', '8:0.00%', '9:0.00%']
Divergence : jsd 0.6421, tvd 0.8181
labels from the first batch :[1, 1, 1, 1, 1, 1, 3, 1, 1, 1, 7, 1, 1, 1, 1, 1, 1, 1, 1, 1, 1, 1, 1, 1, 1, 3, 1, 1, 1, 1, 7, 1]

Unique id : 12, dataset size : 483
Communication time : 100, Computation time per batch : 300, Training time : 14600
['0:1.24%', '1:0.00%', '2:0.00%', '3:14.49%', '4:69.57%', '5:0.00%', '6:3.11%', '7:0.00%', '8:11.59%', '9:0.00%']
Divergence : jsd 0.4760, tvd 0.6565
labels from the first batch :[4, 4, 4, 3, 4, 4, 3, 4, 4, 4, 8, 8, 4, 4, 4, 4, 3, 4, 4, 4, 6, 6, 3, 4, 4, 4, 4, 4, 4, 3, 4, 4]

Unique id : 13, dataset size : 2077
Communication time : 100, Computation time per batch : 400, Training time : 78200
['0:0.34%', '1:0.00%', '2:9.92%', '3:0.05%', '4:9.92%', '5:0.00%', '6:0.91%', '7:1.78%', '8:77.08%', '9:0.00%']
Divergence : jsd 0.5052, tvd 0.6708
labels from the first batch :[8, 8, 2, 8, 2, 8, 8, 8, 8, 8, 4, 8, 8, 8, 8, 8, 2, 8, 4, 8, 8, 8, 8, 8, 8, 8, 2, 8, 2, 8, 4, 8]

Unique id : 14, dataset size : 274
Communication time : 100, Computation time per batch : 500, Training time : 13700
['0:75.18%', '1:2.55%', '2:0.00%', '3:0.00%', '4:4.74%', '5:0.00%', '6:0.00%', '7:5.11%', '8:0.00%', '9:12.41%']
Divergence : jsd 0.4843, tvd 0.6759
labels from the first batch :[7, 0, 0, 4, 0, 9, 9, 0, 0, 0, 9, 4, 0, 4, 9, 0, 0, 9, 0, 9, 0, 7, 7, 0, 0, 0, 7, 0, 0, 0, 0, 0]

Unique id : 15, dataset size : 563
Communication time : 100, Computation time per batch : 500, Training time : 27200
['0:14.21%', '1:0.36%', '2:1.42%', '3:1.24%', '4:1.78%', '5:0.00%', '6:0.00%', '7:0.00%', '8:19.89%', '9:61.10%']
Divergence : jsd 0.4295, tvd 0.6520
labels from the first batch :[9, 8, 8, 9, 2, 9, 9, 9, 9, 9, 0, 9, 9, 9, 9, 9, 9, 9, 8, 8, 9, 0, 9, 9, 9, 9, 8, 9, 9, 0, 9, 8]

Unique id : 16, dataset size : 794
Communication time : 100, Computation time per batch : 100, Training time : 7700
['0:0.00%', '1:0.00%', '2:0.00%', '3:0.00%', '4:85.52%', '5:0.00%', '6:14.36%', '7:0.13%', '8:0.00%', '9:0.00%']
Divergence : jsd 0.6451, tvd 0.7987
labels from the first batch :[4, 4, 4, 4, 4, 4, 4, 6, 4, 4, 4, 4, 4, 4, 4, 4, 6, 4, 4, 4, 4, 4, 4, 4, 4, 6, 4, 4, 4, 4, 4, 4]

Unique id : 17, dataset size : 620
Communication time : 100, Computation time per batch : 400, Training time : 24200
['0:0.00%', '1:0.00%', '2:0.16%', '3:0.00%', '4:1.29%', '5:1.45%', '6:0.00%', '7:0.00%', '8:11.13%', '9:85.97%']
Divergence : jsd 0.5969, tvd 0.7710
labels from the first batch :[9, 8, 9, 9, 9, 9, 9, 5, 9, 9, 9, 9, 9, 9, 9, 9, 9, 9, 9, 9, 9, 9, 9, 9, 8, 9, 9, 9, 9, 8, 9, 9]

Unique id : 18, dataset size : 433
Communication time : 100, Computation time per batch : 100, Training time : 4400
['0:0.00%', '1:0.00%', '2:0.23%', '3:0.00%', '4:38.57%', '5:14.32%', '6:34.18%', '7:0.23%', '8:0.00%', '9:12.47%']
Divergence : jsd 0.4053, tvd 0.5954
labels from the first batch :[4, 6, 6, 4, 6, 4, 6, 5, 4, 6, 6, 5, 9, 9, 5, 4, 4, 4, 9, 4, 6, 4, 6, 9, 6, 9, 4, 6, 6, 6, 6, 4]

Unique id : 19, dataset size : 175
Communication time : 100, Computation time per batch : 500, Training time : 9200
['0:5.71%', '1:10.29%', '2:2.86%', '3:0.00%', '4:0.00%', '5:0.00%', '6:0.00%', '7:71.43%', '8:9.71%', '9:0.00%']
Divergence : jsd 0.4578, tvd 0.6171
labels from the first batch :[7, 7, 7, 7, 7, 7, 7, 1, 7, 1, 0, 2, 7, 7, 1, 7, 7, 7, 8, 7, 7, 7, 7, 7, 7, 7, 2, 0, 7, 1, 7, 7]

Unique id : 20, dataset size : 669
Communication time : 100, Computation time per batch : 200, Training time : 12800
['0:0.00%', '1:22.57%', '2:2.24%', '3:0.15%', '4:0.60%', '5:0.45%', '6:72.35%', '7:0.00%', '8:0.00%', '9:1.64%']
Divergence : jsd 0.5237, tvd 0.7492
labels from the first batch :[6, 6, 6, 6, 6, 6, 6, 6, 6, 6, 6, 1, 9, 6, 6, 6, 1, 6, 6, 1, 6, 1, 1, 6, 1, 6, 1, 6, 1, 6, 6, 1]

Unique id : 21, dataset size : 60
Communication time : 100, Computation time per batch : 500, Training time : 3200
['0:0.00%', '1:13.33%', '2:0.00%', '3:0.00%', '4:1.67%', '5:0.00%', '6:23.33%', '7:40.00%', '8:0.00%', '9:21.67%']
Divergence : jsd 0.3807, tvd 0.5833
labels from the first batch :[7, 7, 6, 7, 9, 7, 9, 9, 7, 6, 6, 6, 7, 9, 7, 1, 1, 7, 9, 7, 6, 7, 7, 1, 7, 7, 7, 1, 6, 4, 9, 9]

Unique id : 22, dataset size : 24
Communication time : 100, Computation time per batch : 200, Training time : 800
['0:0.00%', '1:0.00%', '2:0.00%', '3:4.17%', '4:29.17%', '5:0.00%', '6:66.67%', '7:0.00%', '8:0.00%', '9:0.00%']
Divergence : jsd 0.5634, tvd 0.7583
labels from the first batch :[4, 4, 6, 6, 4, 6, 6, 4, 6, 6, 3, 6, 6, 6, 6, 6, 4, 4, 6, 6, 6, 6, 6, 4]

Unique id : 23, dataset size : 1549
Communication time : 100, Computation time per batch : 500, Training time : 73700
['0:0.32%', '1:40.87%', '2:0.52%', '3:39.57%', '4:3.55%', '5:0.00%', '6:0.06%', '7:13.94%', '8:1.03%', '9:0.13%']
Divergence : jsd 0.4070, tvd 0.6438
labels from the first batch :[3, 1, 1, 3, 1, 1, 3, 1, 1, 3, 3, 3, 1, 3, 3, 1, 3, 1, 8, 1, 1, 3, 3, 7, 1, 7, 7, 3, 1, 3, 3, 7]

Unique id : 24, dataset size : 1118
Communication time : 100, Computation time per batch : 300, Training time : 31700
['0:11.90%', '1:0.00%', '2:4.20%', '3:0.00%', '4:7.42%', '5:75.94%', '6:0.00%', '7:0.00%', '8:0.54%', '9:0.00%']
Divergence : jsd 0.5049, tvd 0.6784
labels from the first batch :[0, 5, 5, 5, 5, 5, 5, 5, 5, 2, 5, 5, 5, 2, 5, 5, 4, 5, 5, 5, 5, 5, 5, 5, 5, 5, 5, 4, 2, 0, 0, 5]

Unique id : 25, dataset size : 1424
Communication time : 100, Computation time per batch : 200, Training time : 27200
['0:0.00%', '1:29.07%', '2:0.35%', '3:0.00%', '4:0.00%', '5:0.00%', '6:1.05%', '7:0.00%', '8:18.26%', '9:51.26%']
Divergence : jsd 0.4744, tvd 0.6860
labels from the first batch :[9, 9, 1, 9, 8, 1, 9, 9, 8, 8, 1, 8, 9, 9, 1, 9, 1, 1, 9, 1, 8, 9, 9, 9, 9, 9, 9, 9, 9, 1, 1, 1]

Unique id : 26, dataset size : 36
Communication time : 100, Computation time per batch : 200, Training time : 1400
['0:0.00%', '1:0.00%', '2:0.00%', '3:0.00%', '4:0.00%', '5:5.56%', '6:44.44%', '7:41.67%', '8:0.00%', '9:8.33%']
Divergence : jsd 0.4653, tvd 0.6611
labels from the first batch :[7, 5, 7, 7, 6, 6, 6, 6, 6, 7, 6, 7, 6, 7, 6, 6, 9, 7, 6, 7, 6, 7, 6, 7, 9, 5, 7, 6, 6, 7, 9, 7]

Unique id : 27, dataset size : 345
Communication time : 100, Computation time per batch : 400, Training time : 13400
['0:0.00%', '1:0.00%', '2:0.00%', '3:0.58%', '4:31.30%', '5:67.83%', '6:0.00%', '7:0.29%', '8:0.00%', '9:0.00%']
Divergence : jsd 0.5941, tvd 0.7913
labels from the first batch :[5, 4, 5, 5, 5, 3, 5, 4, 5, 5, 5, 4, 4, 5, 5, 4, 4, 5, 5, 5, 5, 5, 4, 4, 5, 5, 5, 4, 4, 5, 5, 5]

Unique id : 28, dataset size : 55
Communication time : 100, Computation time per batch : 200, Training time : 1400
['0:20.00%', '1:0.00%', '2:0.00%', '3:0.00%', '4:0.00%', '5:20.00%', '6:36.36%', '7:0.00%', '8:23.64%', '9:0.00%']
Divergence : jsd 0.4025, tvd 0.6000
labels from the first batch :[6, 5, 6, 6, 0, 8, 8, 0, 6, 6, 5, 6, 0, 5, 8, 5, 8, 8, 6, 0, 8, 5, 0, 5, 6, 6, 8, 6, 6, 8, 6, 5]

Unique id : 29, dataset size : 1638
Communication time : 100, Computation time per batch : 400, Training time : 62600
['0:0.00%', '1:0.00%', '2:4.40%', '3:0.00%', '4:1.10%', '5:88.16%', '6:6.29%', '7:0.06%', '8:0.00%', '9:0.00%']
Divergence : jsd 0.5961, tvd 0.7816
labels from the first batch :[5, 5, 5, 5, 5, 5, 5, 5, 5, 5, 5, 6, 5, 5, 5, 5, 5, 5, 5, 5, 5, 2, 5, 5, 5, 5, 6, 5, 5, 5, 6, 5]

Unique id : 30, dataset size : 259
Communication time : 100, Computation time per batch : 100, Training time : 2900
['0:3.86%', '1:6.56%', '2:2.70%', '3:6.95%', '4:1.54%', '5:0.00%', '6:4.63%', '7:0.00%', '8:2.32%', '9:71.43%']
Divergence : jsd 0.3700, tvd 0.6143
labels from the first batch :[9, 8, 9, 3, 9, 9, 9, 9, 9, 9, 2, 9, 9, 9, 9, 9, 9, 9, 9, 9, 9, 9, 9, 9, 9, 1, 6, 9, 9, 1, 9, 9]

Unique id : 31, dataset size : 79
Communication time : 100, Computation time per batch : 200, Training time : 2000
['0:0.00%', '1:88.61%', '2:5.06%', '3:1.27%', '4:0.00%', '5:0.00%', '6:0.00%', '7:0.00%', '8:5.06%', '9:0.00%']
Divergence : jsd 0.5993, tvd 0.7861
labels from the first batch :[1, 1, 1, 1, 1, 1, 1, 1, 1, 1, 1, 1, 3, 1, 1, 1, 8, 1, 1, 1, 1, 1, 1, 1, 1, 1, 1, 1, 1, 1, 1, 1]

Unique id : 32, dataset size : 124
Communication time : 100, Computation time per batch : 500, Training time : 6200
['0:1.61%', '1:0.00%', '2:7.26%', '3:0.81%', '4:1.61%', '5:82.26%', '6:0.00%', '7:4.84%', '8:1.61%', '9:0.00%']
Divergence : jsd 0.4974, tvd 0.7226
labels from the first batch :[5, 5, 5, 7, 7, 5, 7, 5, 5, 5, 5, 5, 5, 5, 5, 2, 5, 5, 5, 5, 5, 5, 5, 0, 5, 5, 5, 5, 5, 8, 5, 2]

Unique id : 33, dataset size : 119
Communication time : 100, Computation time per batch : 400, Training time : 5000
['0:7.56%', '1:3.36%', '2:0.00%', '3:0.00%', '4:0.00%', '5:0.84%', '6:0.00%', '7:0.00%', '8:26.89%', '9:61.34%']
Divergence : jsd 0.4737, tvd 0.6824
labels from the first batch :[0, 9, 8, 8, 9, 9, 9, 9, 9, 8, 0, 9, 9, 9, 9, 8, 8, 9, 9, 9, 9, 0, 9, 9, 9, 9, 9, 9, 8, 9, 9, 9]

Unique id : 34, dataset size : 506
Communication time : 100, Computation time per batch : 200, Training time : 9800
['0:0.00%', '1:0.00%', '2:0.00%', '3:49.60%', '4:0.00%', '5:0.20%', '6:31.23%', '7:0.00%', '8:17.79%', '9:1.19%']
Divergence : jsd 0.4755, tvd 0.6862
labels from the first batch :[6, 6, 3, 3, 3, 6, 8, 3, 8, 3, 3, 8, 8, 6, 8, 3, 3, 3, 3, 3, 3, 3, 3, 8, 6, 8, 6, 8, 6, 8, 3, 8]

Unique id : 35, dataset size : 616
Communication time : 100, Computation time per batch : 100, Training time : 6200
['0:0.97%', '1:42.37%', '2:0.00%', '3:3.73%', '4:31.66%', '5:0.00%', '6:0.16%', '7:21.10%', '8:0.00%', '9:0.00%']
Divergence : jsd 0.4216, tvd 0.6513
labels from the first batch :[4, 7, 1, 1, 3, 1, 4, 4, 7, 1, 4, 4, 4, 4, 1, 1, 4, 7, 4, 4, 4, 7, 4, 7, 4, 7, 1, 1, 4, 1, 1, 4]

Unique id : 36, dataset size : 856
Communication time : 100, Computation time per batch : 100, Training time : 8300
['0:1.29%', '1:0.70%', '2:37.15%', '3:0.23%', '4:7.83%', '5:10.05%', '6:8.18%', '7:0.00%', '8:32.24%', '9:2.34%']
Divergence : jsd 0.2801, tvd 0.4944
labels from the first batch :[8, 2, 2, 5, 2, 8, 2, 2, 2, 2, 8, 8, 8, 8, 1, 5, 2, 4, 4, 2, 2, 2, 2, 8, 2, 5, 4, 2, 8, 8, 2, 2]

Unique id : 37, dataset size : 508
Communication time : 100, Computation time per batch : 200, Training time : 9800
['0:0.00%', '1:0.00%', '2:42.72%', '3:54.33%', '4:0.00%', '5:1.18%', '6:0.00%', '7:0.00%', '8:0.39%', '9:1.38%']
Divergence : jsd 0.5452, tvd 0.7705
labels from the first batch :[2, 3, 3, 2, 3, 3, 5, 2, 3, 3, 3, 3, 3, 2, 3, 2, 2, 2, 3, 2, 3, 2, 3, 3, 3, 2, 2, 3, 3, 3, 3, 3]

Unique id : 38, dataset size : 419
Communication time : 100, Computation time per batch : 200, Training time : 8600
['0:0.00%', '1:0.00%', '2:0.00%', '3:85.92%', '4:0.00%', '5:2.86%', '6:0.48%', '7:0.00%', '8:10.50%', '9:0.24%']
Divergence : jsd 0.5948, tvd 0.7642
labels from the first batch :[3, 3, 3, 3, 3, 3, 3, 3, 3, 3, 3, 3, 3, 3, 3, 3, 3, 3, 3, 3, 3, 3, 8, 3, 3, 5, 8, 3, 3, 3, 3, 3]

Unique id : 39, dataset size : 269
Communication time : 100, Computation time per batch : 400, Training time : 11000
['0:0.00%', '1:0.00%', '2:0.00%', '3:99.63%', '4:0.00%', '5:0.37%', '6:0.00%', '7:0.00%', '8:0.00%', '9:0.00%']
Divergence : jsd 0.7470, tvd 0.8963
labels from the first batch :[3, 3, 3, 3, 3, 3, 3, 3, 3, 3, 3, 3, 3, 3, 3, 3, 3, 3, 3, 3, 3, 3, 3, 3, 3, 3, 3, 3, 3, 3, 3, 3]

Unique id : 40, dataset size : 100
Communication time : 100, Computation time per batch : 500, Training time : 6200
['0:0.00%', '1:98.00%', '2:0.00%', '3:0.00%', '4:0.00%', '5:0.00%', '6:1.00%', '7:1.00%', '8:0.00%', '9:0.00%']
Divergence : jsd 0.7113, tvd 0.8800
labels from the first batch :[1, 1, 1, 1, 1, 1, 1, 1, 1, 1, 1, 1, 1, 1, 1, 1, 1, 1, 1, 1, 1, 1, 1, 1, 1, 1, 1, 1, 1, 1, 1, 1]

Unique id : 41, dataset size : 669
Communication time : 100, Computation time per batch : 400, Training time : 25400
['0:31.99%', '1:0.75%', '2:1.79%', '3:51.72%', '4:0.15%', '5:1.79%', '6:0.00%', '7:7.17%', '8:4.63%', '9:0.00%']
Divergence : jsd 0.3887, tvd 0.6371
labels from the first batch :[3, 3, 3, 0, 2, 3, 0, 7, 7, 3, 3, 3, 0, 3, 0, 3, 3, 3, 8, 3, 1, 3, 0, 3, 8, 5, 3, 0, 3, 1, 0, 3]

Unique id : 42, dataset size : 425
Communication time : 100, Computation time per batch : 200, Training time : 8600
['0:0.00%', '1:0.00%', '2:0.00%', '3:25.88%', '4:0.71%', '5:0.47%', '6:0.24%', '7:37.88%', '8:0.00%', '9:34.82%']
Divergence : jsd 0.4575, tvd 0.6859
labels from the first batch :[7, 7, 7, 9, 7, 9, 7, 3, 9, 3, 3, 9, 5, 7, 7, 3, 7, 9, 9, 9, 9, 3, 3, 7, 7, 7, 7, 9, 9, 3, 7, 3]

Unique id : 43, dataset size : 455
Communication time : 100, Computation time per batch : 100, Training time : 4700
['0:0.00%', '1:47.91%', '2:10.55%', '3:0.00%', '4:0.00%', '5:0.00%', '6:0.00%', '7:0.00%', '8:0.00%', '9:41.54%']
Divergence : jsd 0.5222, tvd 0.7000
labels from the first batch :[9, 9, 9, 1, 1, 1, 1, 9, 9, 9, 2, 1, 9, 9, 9, 2, 9, 1, 9, 1, 1, 2, 9, 1, 9, 9, 9, 9, 2, 2, 9, 1]

Unique id : 44, dataset size : 13
Communication time : 100, Computation time per batch : 300, Training time : 1100
['0:0.00%', '1:84.62%', '2:0.00%', '3:0.00%', '4:0.00%', '5:15.38%', '6:0.00%', '7:0.00%', '8:0.00%', '9:0.00%']
Divergence : jsd 0.6469, tvd 0.8000
labels from the first batch :[1, 1, 1, 1, 1, 1, 1, 1, 1, 1, 5, 5, 1]

Unique id : 45, dataset size : 661
Communication time : 100, Computation time per batch : 300, Training time : 19100
['0:0.00%', '1:0.15%', '2:1.06%', '3:0.30%', '4:0.00%', '5:0.00%', '6:0.00%', '7:44.18%', '8:0.00%', '9:54.31%']
Divergence : jsd 0.5719, tvd 0.7849
labels from the first batch :[9, 9, 9, 7, 9, 7, 9, 9, 9, 9, 7, 7, 7, 7, 2, 7, 9, 7, 9, 7, 9, 9, 9, 7, 9, 9, 9, 9, 9, 7, 9, 9]

Unique id : 46, dataset size : 671
Communication time : 100, Computation time per batch : 300, Training time : 19100
['0:0.00%', '1:0.00%', '2:0.00%', '3:0.00%', '4:0.00%', '5:11.48%', '6:0.00%', '7:86.29%', '8:0.15%', '9:2.09%']
Divergence : jsd 0.6157, tvd 0.7776
labels from the first batch :[7, 7, 7, 7, 7, 7, 7, 7, 7, 7, 7, 7, 7, 7, 7, 7, 7, 7, 7, 7, 7, 7, 7, 7, 7, 7, 7, 7, 7, 7, 7, 7]

Unique id : 47, dataset size : 117
Communication time : 100, Computation time per batch : 200, Training time : 2600
['0:1.71%', '1:0.00%', '2:58.12%', '3:0.00%', '4:33.33%', '5:0.00%', '6:0.00%', '7:0.00%', '8:6.84%', '9:0.00%']
Divergence : jsd 0.5090, tvd 0.7145
labels from the first batch :[2, 4, 2, 2, 2, 2, 4, 2, 4, 2, 4, 2, 2, 0, 2, 4, 4, 4, 0, 2, 2, 4, 2, 2, 4, 2, 2, 8, 8, 4, 4, 4]

Unique id : 48, dataset size : 664
Communication time : 100, Computation time per batch : 400, Training time : 25400
['0:0.15%', '1:0.30%', '2:99.40%', '3:0.00%', '4:0.00%', '5:0.00%', '6:0.00%', '7:0.00%', '8:0.15%', '9:0.00%']
Divergence : jsd 0.7376, tvd 0.8940
labels from the first batch :[2, 2, 8, 2, 2, 2, 2, 2, 2, 2, 2, 2, 2, 2, 2, 2, 2, 2, 2, 2, 2, 2, 2, 2, 2, 2, 2, 2, 2, 2, 2, 2]

Unique id : 49, dataset size : 219
Communication time : 100, Computation time per batch : 100, Training time : 2300
['0:10.05%', '1:11.42%', '2:0.00%', '3:78.54%', '4:0.00%', '5:0.00%', '6:0.00%', '7:0.00%', '8:0.00%', '9:0.00%']
Divergence : jsd 0.5678, tvd 0.7000
labels from the first batch :[3, 3, 1, 3, 1, 3, 3, 3, 3, 1, 3, 3, 3, 3, 3, 3, 3, 3, 0, 3, 3, 0, 3, 0, 3, 3, 3, 3, 1, 3, 3, 3]

Unique id : 50, dataset size : 107
Communication time : 100, Computation time per batch : 200, Training time : 2600
['0:0.00%', '1:0.00%', '2:0.00%', '3:0.00%', '4:0.00%', '5:0.00%', '6:0.00%', '7:0.00%', '8:53.27%', '9:46.73%']
Divergence : jsd 0.6102, tvd 0.8000
labels from the first batch :[9, 8, 9, 8, 8, 9, 9, 8, 9, 9, 9, 9, 9, 9, 8, 8, 9, 8, 8, 8, 9, 9, 9, 9, 9, 8, 8, 9, 9, 8, 8, 9]

Unique id : 51, dataset size : 458
Communication time : 100, Computation time per batch : 400, Training time : 18200
['0:0.00%', '1:3.49%', '2:0.00%', '3:3.06%', '4:1.09%', '5:0.00%', '6:5.46%', '7:85.59%', '8:0.00%', '9:1.31%']
Divergence : jsd 0.5346, tvd 0.7559
labels from the first batch :[7, 7, 7, 7, 7, 7, 7, 7, 7, 7, 1, 1, 7, 7, 7, 7, 7, 7, 6, 7, 6, 7, 7, 6, 6, 7, 7, 7, 7, 7, 7, 7]

Unique id : 52, dataset size : 43
Communication time : 100, Computation time per batch : 500, Training time : 3200
['0:0.00%', '1:0.00%', '2:0.00%', '3:100.00%', '4:0.00%', '5:0.00%', '6:0.00%', '7:0.00%', '8:0.00%', '9:0.00%']
Divergence : jsd 0.7583, tvd 0.9000
labels from the first batch :[3, 3, 3, 3, 3, 3, 3, 3, 3, 3, 3, 3, 3, 3, 3, 3, 3, 3, 3, 3, 3, 3, 3, 3, 3, 3, 3, 3, 3, 3, 3, 3]

Unique id : 53, dataset size : 455
Communication time : 100, Computation time per batch : 500, Training time : 22700
['0:1.76%', '1:0.00%', '2:0.00%', '3:0.00%', '4:6.15%', '5:88.79%', '6:0.44%', '7:2.42%', '8:0.44%', '9:0.00%']
Divergence : jsd 0.5828, tvd 0.7879
labels from the first batch :[5, 5, 5, 5, 5, 5, 4, 5, 5, 5, 5, 5, 5, 5, 5, 5, 5, 5, 5, 5, 5, 5, 5, 5, 5, 5, 5, 5, 7, 4, 5, 5]

Unique id : 54, dataset size : 309
Communication time : 100, Computation time per batch : 500, Training time : 15200
['0:0.00%', '1:0.32%', '2:0.00%', '3:0.00%', '4:0.00%', '5:0.00%', '6:78.32%', '7:0.00%', '8:16.83%', '9:4.53%']
Divergence : jsd 0.5717, tvd 0.7515
labels from the first batch :[6, 6, 6, 6, 6, 6, 6, 6, 6, 8, 6, 6, 6, 8, 6, 8, 6, 6, 8, 6, 8, 8, 6, 6, 6, 8, 6, 6, 6, 6, 6, 8]

Unique id : 55, dataset size : 591
Communication time : 100, Computation time per batch : 400, Training time : 23000
['0:1.69%', '1:0.00%', '2:0.00%', '3:74.45%', '4:0.00%', '5:0.00%', '6:0.00%', '7:4.74%', '8:0.00%', '9:19.12%']
Divergence : jsd 0.5417, tvd 0.7357
labels from the first batch :[3, 3, 7, 9, 3, 3, 3, 3, 3, 3, 3, 3, 3, 9, 3, 9, 7, 9, 3, 3, 3, 3, 3, 3, 3, 3, 7, 3, 3, 3, 3, 9]

Unique id : 56, dataset size : 243
Communication time : 100, Computation time per batch : 300, Training time : 7400
['0:0.00%', '1:0.41%', '2:8.23%', '3:65.02%', '4:0.82%', '5:0.00%', '6:0.41%', '7:0.00%', '8:0.00%', '9:25.10%']
Divergence : jsd 0.4997, tvd 0.7012
labels from the first batch :[3, 9, 3, 9, 9, 6, 3, 3, 3, 3, 3, 3, 3, 3, 3, 3, 9, 3, 3, 2, 3, 2, 3, 3, 3, 3, 3, 3, 3, 3, 9, 3]

Unique id : 57, dataset size : 112
Communication time : 100, Computation time per batch : 400, Training time : 5000
['0:0.00%', '1:0.00%', '2:0.00%', '3:4.46%', '4:41.07%', '5:0.00%', '6:48.21%', '7:2.68%', '8:3.57%', '9:0.00%']
Divergence : jsd 0.4571, tvd 0.6929
labels from the first batch :[4, 4, 6, 4, 6, 6, 4, 8, 4, 4, 6, 6, 6, 6, 6, 6, 6, 6, 4, 6, 4, 6, 7, 6, 6, 4, 6, 4, 6, 4, 6, 4]

Unique id : 58, dataset size : 453
Communication time : 100, Computation time per batch : 300, Training time : 13700
['0:0.22%', '1:0.00%', '2:0.22%', '3:79.47%', '4:0.00%', '5:0.00%', '6:15.23%', '7:3.53%', '8:0.00%', '9:1.32%']
Divergence : jsd 0.5509, tvd 0.7470
labels from the first batch :[3, 3, 3, 3, 3, 3, 3, 3, 3, 6, 3, 3, 6, 3, 6, 3, 3, 3, 3, 3, 3, 3, 3, 3, 3, 3, 3, 7, 3, 3, 3, 3]

Unique id : 59, dataset size : 1955
Communication time : 100, Computation time per batch : 300, Training time : 56000
['0:5.32%', '1:1.69%', '2:14.63%', '3:0.00%', '4:46.80%', '5:0.00%', '6:1.38%', '7:0.00%', '8:0.00%', '9:30.18%']
Divergence : jsd 0.3902, tvd 0.6161
labels from the first batch :[1, 2, 9, 4, 4, 9, 9, 9, 4, 4, 9, 9, 2, 2, 9, 2, 2, 9, 9, 2, 4, 4, 4, 9, 4, 4, 4, 9, 9, 4, 4, 4]

Unique id : 60, dataset size : 65
Communication time : 100, Computation time per batch : 200, Training time : 2000
['0:0.00%', '1:0.00%', '2:0.00%', '3:0.00%', '4:38.46%', '5:0.00%', '6:4.62%', '7:4.62%', '8:0.00%', '9:52.31%']
Divergence : jsd 0.4926, tvd 0.7077
labels from the first batch :[9, 4, 4, 9, 9, 4, 9, 6, 4, 9, 9, 9, 4, 9, 9, 7, 9, 4, 4, 9, 9, 9, 9, 4, 4, 6, 9, 9, 7, 4, 4, 9]

Unique id : 61, dataset size : 412
Communication time : 100, Computation time per batch : 500, Training time : 19700
['0:36.41%', '1:9.22%', '2:2.67%', '3:0.00%', '4:0.00%', '5:0.00%', '6:0.97%', '7:15.53%', '8:35.19%', '9:0.00%']
Divergence : jsd 0.3632, tvd 0.5714
labels from the first batch :[0, 7, 8, 0, 1, 8, 8, 0, 8, 8, 8, 0, 0, 8, 0, 8, 8, 8, 8, 8, 8, 8, 8, 0, 8, 0, 0, 8, 7, 2, 0, 8]

Unique id : 62, dataset size : 174
Communication time : 100, Computation time per batch : 100, Training time : 2000
['0:0.00%', '1:3.45%', '2:0.00%', '3:0.00%', '4:0.00%', '5:0.00%', '6:0.00%', '7:0.00%', '8:1.15%', '9:95.40%']
Divergence : jsd 0.6796, tvd 0.8540
labels from the first batch :[9, 9, 9, 9, 9, 9, 9, 9, 9, 9, 9, 9, 9, 9, 9, 9, 9, 9, 9, 9, 9, 9, 9, 9, 9, 9, 9, 9, 1, 9, 9, 9]

Unique id : 63, dataset size : 335
Communication time : 100, Computation time per batch : 500, Training time : 16700
['0:76.42%', '1:11.34%', '2:0.30%', '3:9.25%', '4:2.09%', '5:0.00%', '6:0.00%', '7:0.30%', '8:0.00%', '9:0.30%']
Divergence : jsd 0.5047, tvd 0.6776
labels from the first batch :[0, 0, 0, 0, 0, 0, 9, 0, 0, 1, 0, 1, 0, 0, 0, 0, 0, 0, 0, 0, 0, 4, 0, 0, 0, 0, 1, 0, 0, 3, 0, 0]

Unique id : 64, dataset size : 744
Communication time : 100, Computation time per batch : 500, Training time : 36200
['0:13.31%', '1:4.03%', '2:0.13%', '3:0.00%', '4:73.25%', '5:0.00%', '6:9.27%', '7:0.00%', '8:0.00%', '9:0.00%']
Divergence : jsd 0.5025, tvd 0.6656
labels from the first batch :[4, 4, 4, 0, 4, 4, 0, 4, 1, 1, 4, 4, 4, 4, 0, 4, 4, 4, 4, 4, 4, 4, 0, 4, 4, 4, 4, 4, 4, 4, 0, 4]

Unique id : 65, dataset size : 520
Communication time : 100, Computation time per batch : 300, Training time : 15500
['0:0.00%', '1:78.65%', '2:0.00%', '3:18.65%', '4:0.19%', '5:0.96%', '6:0.00%', '7:1.54%', '8:0.00%', '9:0.00%']
Divergence : jsd 0.5779, tvd 0.7731
labels from the first batch :[1, 1, 1, 1, 3, 1, 1, 1, 1, 1, 1, 1, 1, 1, 1, 1, 1, 1, 1, 1, 1, 1, 1, 1, 1, 3, 1, 3, 1, 3, 1, 1]

Unique id : 66, dataset size : 948
Communication time : 100, Computation time per batch : 500, Training time : 45200
['0:63.40%', '1:0.00%', '2:0.00%', '3:0.00%', '4:25.32%', '5:0.00%', '6:0.00%', '7:11.29%', '8:0.00%', '9:0.00%']
Divergence : jsd 0.5313, tvd 0.7000
labels from the first batch :[4, 0, 0, 4, 4, 0, 0, 4, 4, 4, 0, 0, 4, 0, 0, 7, 0, 0, 0, 0, 0, 0, 0, 0, 0, 4, 0, 0, 0, 7, 0, 0]

Unique id : 67, dataset size : 521
Communication time : 100, Computation time per batch : 200, Training time : 10400
['0:0.00%', '1:0.00%', '2:0.00%', '3:20.73%', '4:0.00%', '5:0.00%', '6:1.34%', '7:4.80%', '8:73.13%', '9:0.00%']
Divergence : jsd 0.5428, tvd 0.7386
labels from the first batch :[8, 8, 7, 6, 8, 8, 8, 8, 3, 3, 6, 8, 8, 8, 7, 8, 3, 8, 8, 8, 8, 8, 8, 8, 8, 8, 6, 8, 8, 8, 8, 8]

Unique id : 68, dataset size : 77
Communication time : 100, Computation time per batch : 300, Training time : 2900
['0:0.00%', '1:33.77%', '2:0.00%', '3:0.00%', '4:57.14%', '5:9.09%', '6:0.00%', '7:0.00%', '8:0.00%', '9:0.00%']
Divergence : jsd 0.5312, tvd 0.7091
labels from the first batch :[4, 4, 4, 1, 1, 4, 1, 4, 4, 5, 5, 4, 4, 4, 4, 4, 1, 1, 4, 4, 5, 1, 4, 1, 1, 4, 4, 4, 4, 4, 4, 4]

Unique id : 69, dataset size : 333
Communication time : 100, Computation time per batch : 300, Training time : 10100
['0:40.84%', '1:17.12%', '2:0.00%', '3:0.00%', '4:0.00%', '5:0.00%', '6:0.00%', '7:0.00%', '8:41.44%', '9:0.60%']
Divergence : jsd 0.4900, tvd 0.6940
labels from the first batch :[0, 8, 8, 0, 8, 0, 0, 8, 0, 1, 8, 8, 8, 0, 8, 0, 0, 8, 1, 0, 8, 8, 0, 0, 0, 0, 0, 8, 0, 0, 8, 0]

Unique id : 70, dataset size : 2183
Communication time : 100, Computation time per batch : 100, Training time : 20900
['0:0.00%', '1:0.00%', '2:52.27%', '3:0.00%', '4:2.11%', '5:0.05%', '6:30.69%', '7:2.11%', '8:12.78%', '9:0.00%']
Divergence : jsd 0.4429, tvd 0.6574
labels from the first batch :[6, 2, 2, 6, 6, 2, 2, 4, 6, 2, 2, 2, 2, 2, 2, 6, 2, 6, 2, 2, 6, 2, 6, 2, 2, 2, 8, 2, 2, 8, 8, 2]

Unique id : 71, dataset size : 1130
Communication time : 100, Computation time per batch : 200, Training time : 21800
['0:0.00%', '1:0.44%', '2:1.15%', '3:0.09%', '4:2.04%', '5:0.00%', '6:0.00%', '7:44.60%', '8:30.97%', '9:20.71%']
Divergence : jsd 0.4254, tvd 0.6628
labels from the first batch :[7, 7, 8, 7, 9, 7, 8, 8, 8, 7, 8, 9, 9, 7, 8, 7, 8, 2, 7, 8, 8, 9, 8, 7, 7, 7, 7, 9, 7, 8, 9, 9]

Unique id : 72, dataset size : 6
Communication time : 100, Computation time per batch : 200, Training time : 800
['0:0.00%', '1:0.00%', '2:0.00%', '3:0.00%', '4:0.00%', '5:0.00%', '6:0.00%', '7:100.00%', '8:0.00%', '9:0.00%']
Divergence : jsd 0.7583, tvd 0.9000
labels from the first batch :[7, 7, 7, 7, 7, 7]

Unique id : 73, dataset size : 613
Communication time : 100, Computation time per batch : 300, Training time : 18200
['0:11.42%', '1:75.20%', '2:0.00%', '3:0.00%', '4:1.31%', '5:0.00%', '6:0.00%', '7:0.00%', '8:1.47%', '9:10.60%']
Divergence : jsd 0.5072, tvd 0.6723
labels from the first batch :[1, 1, 1, 1, 1, 9, 9, 1, 9, 1, 1, 1, 1, 9, 1, 0, 1, 1, 9, 1, 1, 1, 1, 9, 1, 1, 1, 1, 1, 1, 4, 9]

Unique id : 74, dataset size : 6
Communication time : 100, Computation time per batch : 400, Training time : 1400
['0:16.67%', '1:0.00%', '2:0.00%', '3:0.00%', '4:0.00%', '5:0.00%', '6:83.33%', '7:0.00%', '8:0.00%', '9:0.00%']
Divergence : jsd 0.6435, tvd 0.8000
labels from the first batch :[6, 6, 6, 0, 6, 6]

Unique id : 75, dataset size : 75
Communication time : 100, Computation time per batch : 400, Training time : 3800
['0:14.67%', '1:0.00%', '2:4.00%', '3:0.00%', '4:5.33%', '5:1.33%', '6:0.00%', '7:74.67%', '8:0.00%', '9:0.00%']
Divergence : jsd 0.4966, tvd 0.6933
labels from the first batch :[2, 7, 7, 7, 7, 7, 2, 0, 7, 7, 7, 7, 7, 7, 7, 0, 7, 7, 7, 7, 7, 7, 7, 7, 7, 7, 7, 7, 5, 0, 7, 7]

Unique id : 76, dataset size : 518
Communication time : 100, Computation time per batch : 300, Training time : 15500
['0:2.32%', '1:18.34%', '2:66.80%', '3:0.00%', '4:7.53%', '5:0.00%', '6:0.39%', '7:0.00%', '8:4.63%', '9:0.00%']
Divergence : jsd 0.4459, tvd 0.6514
labels from the first batch :[4, 2, 2, 2, 2, 1, 2, 2, 2, 2, 2, 2, 4, 2, 2, 2, 2, 2, 2, 2, 2, 8, 1, 2, 1, 4, 2, 2, 2, 4, 2, 2]

Unique id : 77, dataset size : 490
Communication time : 100, Computation time per batch : 300, Training time : 14600
['0:0.20%', '1:4.69%', '2:0.00%', '3:0.00%', '4:10.20%', '5:0.00%', '6:0.61%', '7:84.08%', '8:0.00%', '9:0.20%']
Divergence : jsd 0.5714, tvd 0.7429
labels from the first batch :[4, 7, 4, 7, 7, 7, 7, 7, 1, 7, 7, 7, 1, 7, 7, 7, 7, 7, 7, 7, 7, 7, 7, 7, 7, 7, 7, 7, 7, 7, 7, 7]

Unique id : 78, dataset size : 635
Communication time : 100, Computation time per batch : 300, Training time : 18200
['0:0.16%', '1:89.45%', '2:0.31%', '3:0.00%', '4:0.00%', '5:0.00%', '6:0.00%', '7:9.92%', '8:0.16%', '9:0.00%']
Divergence : jsd 0.6444, tvd 0.7945
labels from the first batch :[1, 1, 1, 1, 1, 1, 1, 7, 1, 1, 7, 1, 1, 7, 1, 1, 1, 1, 1, 1, 1, 1, 1, 1, 1, 1, 1, 1, 1, 1, 1, 1]

Unique id : 79, dataset size : 403
Communication time : 100, Computation time per batch : 200, Training time : 8000
['0:95.04%', '1:0.00%', '2:0.25%', '3:0.00%', '4:0.00%', '5:4.71%', '6:0.00%', '7:0.00%', '8:0.00%', '9:0.00%']
Divergence : jsd 0.6868, tvd 0.8504
labels from the first batch :[0, 0, 0, 0, 0, 0, 0, 0, 0, 0, 0, 0, 0, 0, 0, 0, 0, 0, 0, 0, 0, 0, 0, 0, 0, 0, 0, 0, 0, 0, 0, 0]

Unique id : 80, dataset size : 134
Communication time : 100, Computation time per batch : 100, Training time : 1700
['0:0.00%', '1:0.00%', '2:0.00%', '3:0.75%', '4:19.40%', '5:37.31%', '6:0.00%', '7:41.79%', '8:0.00%', '9:0.75%']
Divergence : jsd 0.4656, tvd 0.6851
labels from the first batch :[7, 5, 4, 7, 7, 4, 7, 7, 5, 7, 5, 4, 7, 7, 5, 5, 7, 7, 7, 5, 4, 5, 7, 4, 7, 7, 5, 7, 9, 5, 7, 7]

Unique id : 81, dataset size : 568
Communication time : 100, Computation time per batch : 200, Training time : 11000
['0:95.25%', '1:0.18%', '2:0.00%', '3:0.00%', '4:0.00%', '5:0.00%', '6:0.00%', '7:4.58%', '8:0.00%', '9:0.00%']
Divergence : jsd 0.6898, tvd 0.8525
labels from the first batch :[0, 0, 0, 0, 0, 0, 0, 0, 0, 0, 0, 0, 0, 0, 0, 0, 0, 0, 0, 0, 0, 0, 0, 0, 0, 0, 0, 7, 0, 0, 0, 0]

Unique id : 82, dataset size : 175
Communication time : 100, Computation time per batch : 400, Training time : 7400
['0:0.00%', '1:48.00%', '2:0.00%', '3:0.00%', '4:0.00%', '5:40.57%', '6:0.57%', '7:2.86%', '8:8.00%', '9:0.00%']
Divergence : jsd 0.4719, tvd 0.6857
labels from the first batch :[5, 1, 1, 8, 8, 5, 5, 5, 5, 5, 1, 1, 1, 1, 5, 1, 5, 5, 1, 1, 7, 1, 1, 5, 5, 1, 1, 7, 1, 1, 5, 5]

Unique id : 83, dataset size : 188
Communication time : 100, Computation time per batch : 100, Training time : 2000
['0:18.09%', '1:5.85%', '2:5.32%', '3:0.53%', '4:55.32%', '5:0.00%', '6:0.00%', '7:0.00%', '8:14.89%', '9:0.00%']
Divergence : jsd 0.3836, tvd 0.5830
labels from the first batch :[8, 8, 0, 4, 4, 4, 4, 4, 4, 4, 4, 8, 4, 4, 4, 4, 0, 4, 4, 4, 4, 4, 4, 1, 4, 4, 0, 4, 4, 4, 4, 4]

Unique id : 84, dataset size : 167
Communication time : 100, Computation time per batch : 400, Training time : 7400
['0:38.32%', '1:0.00%', '2:1.80%', '3:1.80%', '4:19.16%', '5:37.72%', '6:0.60%', '7:0.60%', '8:0.00%', '9:0.00%']
Divergence : jsd 0.4045, tvd 0.6521
labels from the first batch :[0, 4, 5, 4, 0, 0, 0, 0, 2, 0, 4, 0, 0, 5, 5, 5, 5, 0, 5, 5, 4, 4, 5, 5, 5, 5, 0, 5, 0, 5, 5, 5]

Unique id : 85, dataset size : 769
Communication time : 100, Computation time per batch : 200, Training time : 15200
['0:0.00%', '1:0.26%', '2:0.00%', '3:36.02%', '4:30.43%', '5:1.04%', '6:0.00%', '7:28.61%', '8:0.00%', '9:3.64%']
Divergence : jsd 0.4131, tvd 0.6506
labels from the first batch :[3, 4, 3, 4, 7, 7, 7, 7, 7, 7, 4, 3, 7, 4, 4, 7, 4, 7, 4, 3, 4, 4, 4, 7, 3, 4, 4, 4, 7, 4, 3, 3]

Unique id : 86, dataset size : 858
Communication time : 100, Computation time per batch : 100, Training time : 8300
['0:0.00%', '1:8.51%', '2:0.00%', '3:0.00%', '4:0.12%', '5:0.00%', '6:0.00%', '7:0.00%', '8:3.50%', '9:87.88%']
Divergence : jsd 0.6147, tvd 0.7788
labels from the first batch :[9, 9, 9, 9, 9, 9, 9, 9, 9, 9, 9, 9, 9, 9, 9, 9, 9, 9, 9, 1, 8, 9, 9, 9, 9, 9, 9, 9, 9, 9, 9, 9]

Unique id : 87, dataset size : 712
Communication time : 100, Computation time per batch : 300, Training time : 20900
['0:0.14%', '1:0.00%', '2:0.00%', '3:0.00%', '4:1.26%', '5:31.74%', '6:0.00%', '7:0.00%', '8:66.85%', '9:0.00%']
Divergence : jsd 0.5860, tvd 0.7860
labels from the first batch :[8, 5, 8, 8, 5, 8, 8, 8, 8, 8, 8, 8, 8, 8, 8, 8, 8, 8, 5, 8, 8, 8, 5, 8, 5, 8, 8, 8, 5, 5, 5, 8]

Unique id : 88, dataset size : 36
Communication time : 100, Computation time per batch : 200, Training time : 1400
['0:19.44%', '1:2.78%', '2:0.00%', '3:0.00%', '4:0.00%', '5:0.00%', '6:2.78%', '7:30.56%', '8:11.11%', '9:33.33%']
Divergence : jsd 0.3298, tvd 0.5444
labels from the first batch :[9, 9, 8, 7, 6, 7, 9, 7, 9, 0, 9, 8, 9, 0, 7, 9, 7, 7, 9, 7, 9, 9, 0, 0, 0, 7, 1, 9, 0, 7, 7, 8]

Unique id : 89, dataset size : 1348
Communication time : 100, Computation time per batch : 100, Training time : 13100
['0:3.86%', '1:0.00%', '2:50.89%', '3:9.64%', '4:15.13%', '5:0.52%', '6:2.82%', '7:0.00%', '8:16.77%', '9:0.37%']
Divergence : jsd 0.3219, tvd 0.5279
labels from the first batch :[0, 8, 2, 4, 8, 4, 8, 2, 2, 2, 6, 2, 2, 3, 8, 4, 2, 3, 2, 2, 2, 4, 2, 2, 2, 2, 2, 2, 4, 8, 2, 8]

Unique id : 90, dataset size : 627
Communication time : 100, Computation time per batch : 400, Training time : 24200
['0:0.00%', '1:0.00%', '2:0.00%', '3:0.00%', '4:0.00%', '5:93.14%', '6:0.00%', '7:0.00%', '8:6.86%', '9:0.00%']
Divergence : jsd 0.6810, tvd 0.8314
labels from the first batch :[5, 5, 5, 5, 5, 5, 5, 5, 5, 5, 5, 5, 5, 5, 5, 5, 5, 8, 5, 5, 5, 5, 5, 5, 5, 5, 5, 8, 5, 5, 5, 5]

Unique id : 91, dataset size : 140
Communication time : 100, Computation time per batch : 400, Training time : 6200
['0:0.00%', '1:0.00%', '2:46.43%', '3:5.00%', '4:0.00%', '5:32.14%', '6:0.00%', '7:0.00%', '8:0.00%', '9:16.43%']
Divergence : jsd 0.4480, tvd 0.6500
labels from the first batch :[2, 5, 3, 9, 5, 2, 3, 2, 2, 9, 5, 2, 3, 2, 2, 2, 5, 5, 5, 2, 5, 5, 2, 5, 2, 5, 9, 5, 5, 2, 5, 9]

Unique id : 92, dataset size : 738
Communication time : 100, Computation time per batch : 100, Training time : 7400
['0:0.00%', '1:72.09%', '2:5.42%', '3:0.00%', '4:3.25%', '5:12.74%', '6:3.39%', '7:0.00%', '8:0.00%', '9:3.12%']
Divergence : jsd 0.4362, tvd 0.6482
labels from the first batch :[1, 1, 5, 1, 1, 1, 1, 6, 1, 1, 5, 1, 5, 1, 5, 1, 6, 1, 1, 5, 1, 1, 1, 1, 1, 1, 5, 1, 1, 6, 5, 1]

Unique id : 93, dataset size : 231
Communication time : 100, Computation time per batch : 400, Training time : 9800
['0:11.69%', '1:0.00%', '2:4.76%', '3:0.43%', '4:0.43%', '5:14.29%', '6:0.00%', '7:67.10%', '8:0.00%', '9:1.30%']
Divergence : jsd 0.4368, tvd 0.6307
labels from the first batch :[7, 5, 7, 5, 0, 0, 7, 7, 7, 2, 7, 5, 7, 5, 7, 7, 7, 7, 7, 7, 7, 7, 2, 7, 7, 5, 0, 0, 5, 0, 0, 5]

Unique id : 94, dataset size : 961
Communication time : 100, Computation time per batch : 200, Training time : 18800
['0:0.00%', '1:0.10%', '2:15.71%', '3:0.10%', '4:0.00%', '5:0.10%', '6:74.19%', '7:9.68%', '8:0.10%', '9:0.00%']
Divergence : jsd 0.5396, tvd 0.6991
labels from the first batch :[6, 6, 6, 7, 6, 5, 6, 6, 6, 6, 2, 2, 6, 6, 6, 6, 6, 6, 6, 2, 2, 7, 2, 7, 6, 2, 6, 6, 6, 2, 7, 6]

Unique id : 95, dataset size : 1050
Communication time : 100, Computation time per batch : 300, Training time : 29900
['0:89.43%', '1:0.10%', '2:0.00%', '3:2.76%', '4:0.00%', '5:1.81%', '6:0.00%', '7:0.38%', '8:0.29%', '9:5.24%']
Divergence : jsd 0.5856, tvd 0.7943
labels from the first batch :[0, 0, 0, 0, 5, 0, 0, 9, 0, 0, 0, 0, 0, 0, 0, 0, 0, 0, 0, 0, 0, 0, 0, 0, 0, 0, 0, 0, 0, 0, 0, 0]

Unique id : 96, dataset size : 99
Communication time : 100, Computation time per batch : 400, Training time : 5000
['0:0.00%', '1:34.34%', '2:65.66%', '3:0.00%', '4:0.00%', '5:0.00%', '6:0.00%', '7:0.00%', '8:0.00%', '9:0.00%']
Divergence : jsd 0.6161, tvd 0.8000
labels from the first batch :[2, 1, 1, 1, 1, 2, 1, 2, 2, 2, 1, 1, 1, 2, 1, 2, 2, 1, 2, 1, 2, 1, 2, 2, 2, 2, 2, 2, 1, 1, 2, 2]

Unique id : 97, dataset size : 504
Communication time : 100, Computation time per batch : 300, Training time : 14600
['0:0.00%', '1:19.05%', '2:0.00%', '3:59.72%', '4:0.20%', '5:7.34%', '6:12.90%', '7:0.79%', '8:0.00%', '9:0.00%']
Divergence : jsd 0.4324, tvd 0.6167
labels from the first batch :[1, 3, 3, 6, 1, 3, 3, 3, 3, 3, 3, 3, 6, 3, 6, 3, 3, 3, 1, 3, 3, 3, 6, 5, 5, 3, 6, 1, 3, 3, 3, 3]

Unique id : 98, dataset size : 544
Communication time : 100, Computation time per batch : 100, Training time : 5300
['0:0.18%', '1:0.00%', '2:7.90%', '3:0.00%', '4:0.37%', '5:2.57%', '6:0.00%', '7:86.76%', '8:2.21%', '9:0.00%']
Divergence : jsd 0.5737, tvd 0.7676
labels from the first batch :[7, 7, 7, 7, 7, 7, 7, 7, 7, 2, 7, 7, 7, 7, 7, 7, 7, 7, 7, 2, 7, 7, 7, 7, 7, 7, 7, 7, 7, 7, 7, 7]

Unique id : 99, dataset size : 845
Communication time : 100, Computation time per batch : 100, Training time : 8300
['0:33.02%', '1:26.04%', '2:0.12%', '3:0.12%', '4:0.12%', '5:0.12%', '6:40.24%', '7:0.12%', '8:0.00%', '9:0.12%']
Divergence : jsd 0.4695, tvd 0.6929
labels from the first batch :[6, 1, 6, 0, 6, 1, 0, 0, 1, 0, 6, 6, 6, 0, 1, 1, 0, 1, 1, 6, 0, 6, 1, 6, 6, 0, 1, 6, 0, 6, 0, 0]

