Cluster 0 with 1 clients
Cluster communication time : 0
Cluster clients : [0]
Label percentage: ['0 : 9.35%', '1 : 0.23%', '2 : 0.00%', '3 : 15.23%', '4 : 0.00%', '5 : 25.11%', '6 : 46.83%', '7 : 0.00%', '8 : 3.09%', '9 : 0.15%']%
Divergence : jsd 0.3739, tvd 0.5718

Cluster 1 with 1 clients
Cluster communication time : 0
Cluster clients : [1]
Label percentage: ['0 : 0.00%', '1 : 0.00%', '2 : 1.28%', '3 : 0.00%', '4 : 0.00%', '5 : 0.00%', '6 : 84.10%', '7 : 14.62%', '8 : 0.00%', '9 : 0.00%']%
Divergence : jsd 0.6214, tvd 0.7872

Cluster 2 with 1 clients
Cluster communication time : 0
Cluster clients : [2]
Label percentage: ['0 : 63.64%', '1 : 0.00%', '2 : 3.03%', '3 : 3.03%', '4 : 0.00%', '5 : 0.00%', '6 : 3.03%', '7 : 27.27%', '8 : 0.00%', '9 : 0.00%']%
Divergence : jsd 0.4797, tvd 0.7091

Cluster 3 with 1 clients
Cluster communication time : 0
Cluster clients : [3]
Label percentage: ['0 : 3.12%', '1 : 0.00%', '2 : 0.00%', '3 : 43.75%', '4 : 0.00%', '5 : 0.00%', '6 : 0.00%', '7 : 21.88%', '8 : 0.00%', '9 : 31.25%']%
Divergence : jsd 0.4539, tvd 0.6687

Cluster 4 with 1 clients
Cluster communication time : 0
Cluster clients : [4]
Label percentage: ['0 : 47.64%', '1 : 0.49%', '2 : 51.87%', '3 : 0.00%', '4 : 0.00%', '5 : 0.00%', '6 : 0.00%', '7 : 0.00%', '8 : 0.00%', '9 : 0.00%']%
Divergence : jsd 0.5965, tvd 0.7951

Cluster 5 with 1 clients
Cluster communication time : 0
Cluster clients : [5]
Label percentage: ['0 : 0.00%', '1 : 2.47%', '2 : 0.00%', '3 : 0.00%', '4 : 0.00%', '5 : 0.15%', '6 : 28.59%', '7 : 68.36%', '8 : 0.44%', '9 : 0.00%']%
Divergence : jsd 0.5616, tvd 0.7695

Cluster 6 with 1 clients
Cluster communication time : 0
Cluster clients : [6]
Label percentage: ['0 : 33.96%', '1 : 5.66%', '2 : 0.00%', '3 : 2.83%', '4 : 0.00%', '5 : 53.77%', '6 : 0.00%', '7 : 0.00%', '8 : 3.77%', '9 : 0.00%']%
Divergence : jsd 0.4491, tvd 0.6774

Cluster 7 with 1 clients
Cluster communication time : 0
Cluster clients : [7]
Label percentage: ['0 : 0.00%', '1 : 0.00%', '2 : 5.05%', '3 : 54.82%', '4 : 35.78%', '5 : 0.00%', '6 : 1.83%', '7 : 0.23%', '8 : 2.06%', '9 : 0.23%']%
Divergence : jsd 0.4639, tvd 0.7060

Cluster 8 with 1 clients
Cluster communication time : 0
Cluster clients : [8]
Label percentage: ['0 : 0.00%', '1 : 0.00%', '2 : 0.00%', '3 : 0.79%', '4 : 0.79%', '5 : 0.79%', '6 : 85.83%', '7 : 0.00%', '8 : 11.81%', '9 : 0.00%']%
Divergence : jsd 0.5992, tvd 0.7764

Cluster 9 with 1 clients
Cluster communication time : 0
Cluster clients : [9]
Label percentage: ['0 : 0.50%', '1 : 0.00%', '2 : 0.00%', '3 : 0.00%', '4 : 85.43%', '5 : 1.01%', '6 : 7.54%', '7 : 0.00%', '8 : 0.00%', '9 : 5.53%']%
Divergence : jsd 0.5709, tvd 0.7543

Cluster 10 with 1 clients
Cluster communication time : 0
Cluster clients : [10]
Label percentage: ['0 : 0.00%', '1 : 0.00%', '2 : 18.68%', '3 : 0.00%', '4 : 0.00%', '5 : 0.00%', '6 : 79.12%', '7 : 1.10%', '8 : 0.00%', '9 : 1.10%']%
Divergence : jsd 0.5888, tvd 0.7780

Cluster 11 with 1 clients
Cluster communication time : 0
Cluster clients : [11]
Label percentage: ['0 : 0.00%', '1 : 91.81%', '2 : 0.00%', '3 : 3.51%', '4 : 0.00%', '5 : 0.00%', '6 : 0.00%', '7 : 4.68%', '8 : 0.00%', '9 : 0.00%']%
Divergence : jsd 0.6421, tvd 0.8181

Cluster 12 with 1 clients
Cluster communication time : 0
Cluster clients : [12]
Label percentage: ['0 : 1.24%', '1 : 0.00%', '2 : 0.00%', '3 : 14.49%', '4 : 69.57%', '5 : 0.00%', '6 : 3.11%', '7 : 0.00%', '8 : 11.59%', '9 : 0.00%']%
Divergence : jsd 0.4760, tvd 0.6565

Cluster 13 with 1 clients
Cluster communication time : 0
Cluster clients : [13]
Label percentage: ['0 : 0.34%', '1 : 0.00%', '2 : 9.92%', '3 : 0.05%', '4 : 9.92%', '5 : 0.00%', '6 : 0.91%', '7 : 1.78%', '8 : 77.08%', '9 : 0.00%']%
Divergence : jsd 0.5052, tvd 0.6708

Cluster 14 with 1 clients
Cluster communication time : 0
Cluster clients : [14]
Label percentage: ['0 : 75.18%', '1 : 2.55%', '2 : 0.00%', '3 : 0.00%', '4 : 4.74%', '5 : 0.00%', '6 : 0.00%', '7 : 5.11%', '8 : 0.00%', '9 : 12.41%']%
Divergence : jsd 0.4843, tvd 0.6759

Cluster 15 with 1 clients
Cluster communication time : 0
Cluster clients : [15]
Label percentage: ['0 : 14.21%', '1 : 0.36%', '2 : 1.42%', '3 : 1.24%', '4 : 1.78%', '5 : 0.00%', '6 : 0.00%', '7 : 0.00%', '8 : 19.89%', '9 : 61.10%']%
Divergence : jsd 0.4295, tvd 0.6520

Cluster 16 with 1 clients
Cluster communication time : 0
Cluster clients : [16]
Label percentage: ['0 : 0.00%', '1 : 0.00%', '2 : 0.00%', '3 : 0.00%', '4 : 85.52%', '5 : 0.00%', '6 : 14.36%', '7 : 0.13%', '8 : 0.00%', '9 : 0.00%']%
Divergence : jsd 0.6451, tvd 0.7987

Cluster 17 with 1 clients
Cluster communication time : 0
Cluster clients : [17]
Label percentage: ['0 : 0.00%', '1 : 0.00%', '2 : 0.16%', '3 : 0.00%', '4 : 1.29%', '5 : 1.45%', '6 : 0.00%', '7 : 0.00%', '8 : 11.13%', '9 : 85.97%']%
Divergence : jsd 0.5969, tvd 0.7710

Cluster 18 with 1 clients
Cluster communication time : 0
Cluster clients : [18]
Label percentage: ['0 : 0.00%', '1 : 0.00%', '2 : 0.23%', '3 : 0.00%', '4 : 38.57%', '5 : 14.32%', '6 : 34.18%', '7 : 0.23%', '8 : 0.00%', '9 : 12.47%']%
Divergence : jsd 0.4053, tvd 0.5954

Cluster 19 with 1 clients
Cluster communication time : 0
Cluster clients : [19]
Label percentage: ['0 : 5.71%', '1 : 10.29%', '2 : 2.86%', '3 : 0.00%', '4 : 0.00%', '5 : 0.00%', '6 : 0.00%', '7 : 71.43%', '8 : 9.71%', '9 : 0.00%']%
Divergence : jsd 0.4578, tvd 0.6171

Cluster 20 with 1 clients
Cluster communication time : 0
Cluster clients : [20]
Label percentage: ['0 : 0.00%', '1 : 22.57%', '2 : 2.24%', '3 : 0.15%', '4 : 0.60%', '5 : 0.45%', '6 : 72.35%', '7 : 0.00%', '8 : 0.00%', '9 : 1.64%']%
Divergence : jsd 0.5237, tvd 0.7492

Cluster 21 with 1 clients
Cluster communication time : 0
Cluster clients : [21]
Label percentage: ['0 : 0.00%', '1 : 13.33%', '2 : 0.00%', '3 : 0.00%', '4 : 1.67%', '5 : 0.00%', '6 : 23.33%', '7 : 40.00%', '8 : 0.00%', '9 : 21.67%']%
Divergence : jsd 0.3807, tvd 0.5833

Cluster 22 with 1 clients
Cluster communication time : 0
Cluster clients : [22]
Label percentage: ['0 : 0.00%', '1 : 0.00%', '2 : 0.00%', '3 : 4.17%', '4 : 29.17%', '5 : 0.00%', '6 : 66.67%', '7 : 0.00%', '8 : 0.00%', '9 : 0.00%']%
Divergence : jsd 0.5634, tvd 0.7583

Cluster 23 with 1 clients
Cluster communication time : 0
Cluster clients : [23]
Label percentage: ['0 : 0.32%', '1 : 40.87%', '2 : 0.52%', '3 : 39.57%', '4 : 3.55%', '5 : 0.00%', '6 : 0.06%', '7 : 13.94%', '8 : 1.03%', '9 : 0.13%']%
Divergence : jsd 0.4070, tvd 0.6438

Cluster 24 with 1 clients
Cluster communication time : 0
Cluster clients : [24]
Label percentage: ['0 : 11.90%', '1 : 0.00%', '2 : 4.20%', '3 : 0.00%', '4 : 7.42%', '5 : 75.94%', '6 : 0.00%', '7 : 0.00%', '8 : 0.54%', '9 : 0.00%']%
Divergence : jsd 0.5049, tvd 0.6784

Cluster 25 with 1 clients
Cluster communication time : 0
Cluster clients : [25]
Label percentage: ['0 : 0.00%', '1 : 29.07%', '2 : 0.35%', '3 : 0.00%', '4 : 0.00%', '5 : 0.00%', '6 : 1.05%', '7 : 0.00%', '8 : 18.26%', '9 : 51.26%']%
Divergence : jsd 0.4744, tvd 0.6860

Cluster 26 with 1 clients
Cluster communication time : 0
Cluster clients : [26]
Label percentage: ['0 : 0.00%', '1 : 0.00%', '2 : 0.00%', '3 : 0.00%', '4 : 0.00%', '5 : 5.56%', '6 : 44.44%', '7 : 41.67%', '8 : 0.00%', '9 : 8.33%']%
Divergence : jsd 0.4653, tvd 0.6611

Cluster 27 with 1 clients
Cluster communication time : 0
Cluster clients : [27]
Label percentage: ['0 : 0.00%', '1 : 0.00%', '2 : 0.00%', '3 : 0.58%', '4 : 31.30%', '5 : 67.83%', '6 : 0.00%', '7 : 0.29%', '8 : 0.00%', '9 : 0.00%']%
Divergence : jsd 0.5941, tvd 0.7913

Cluster 28 with 1 clients
Cluster communication time : 0
Cluster clients : [28]
Label percentage: ['0 : 20.00%', '1 : 0.00%', '2 : 0.00%', '3 : 0.00%', '4 : 0.00%', '5 : 20.00%', '6 : 36.36%', '7 : 0.00%', '8 : 23.64%', '9 : 0.00%']%
Divergence : jsd 0.4025, tvd 0.6000

Cluster 29 with 1 clients
Cluster communication time : 0
Cluster clients : [29]
Label percentage: ['0 : 0.00%', '1 : 0.00%', '2 : 4.40%', '3 : 0.00%', '4 : 1.10%', '5 : 88.16%', '6 : 6.29%', '7 : 0.06%', '8 : 0.00%', '9 : 0.00%']%
Divergence : jsd 0.5961, tvd 0.7816

Cluster 30 with 1 clients
Cluster communication time : 0
Cluster clients : [30]
Label percentage: ['0 : 3.86%', '1 : 6.56%', '2 : 2.70%', '3 : 6.95%', '4 : 1.54%', '5 : 0.00%', '6 : 4.63%', '7 : 0.00%', '8 : 2.32%', '9 : 71.43%']%
Divergence : jsd 0.3700, tvd 0.6143

Cluster 31 with 1 clients
Cluster communication time : 0
Cluster clients : [31]
Label percentage: ['0 : 0.00%', '1 : 88.61%', '2 : 5.06%', '3 : 1.27%', '4 : 0.00%', '5 : 0.00%', '6 : 0.00%', '7 : 0.00%', '8 : 5.06%', '9 : 0.00%']%
Divergence : jsd 0.5993, tvd 0.7861

Cluster 32 with 1 clients
Cluster communication time : 0
Cluster clients : [32]
Label percentage: ['0 : 1.61%', '1 : 0.00%', '2 : 7.26%', '3 : 0.81%', '4 : 1.61%', '5 : 82.26%', '6 : 0.00%', '7 : 4.84%', '8 : 1.61%', '9 : 0.00%']%
Divergence : jsd 0.4974, tvd 0.7226

Cluster 33 with 1 clients
Cluster communication time : 0
Cluster clients : [33]
Label percentage: ['0 : 7.56%', '1 : 3.36%', '2 : 0.00%', '3 : 0.00%', '4 : 0.00%', '5 : 0.84%', '6 : 0.00%', '7 : 0.00%', '8 : 26.89%', '9 : 61.34%']%
Divergence : jsd 0.4737, tvd 0.6824

Cluster 34 with 1 clients
Cluster communication time : 0
Cluster clients : [34]
Label percentage: ['0 : 0.00%', '1 : 0.00%', '2 : 0.00%', '3 : 49.60%', '4 : 0.00%', '5 : 0.20%', '6 : 31.23%', '7 : 0.00%', '8 : 17.79%', '9 : 1.19%']%
Divergence : jsd 0.4755, tvd 0.6862

Cluster 35 with 1 clients
Cluster communication time : 0
Cluster clients : [35]
Label percentage: ['0 : 0.97%', '1 : 42.37%', '2 : 0.00%', '3 : 3.73%', '4 : 31.66%', '5 : 0.00%', '6 : 0.16%', '7 : 21.10%', '8 : 0.00%', '9 : 0.00%']%
Divergence : jsd 0.4216, tvd 0.6513

Cluster 36 with 1 clients
Cluster communication time : 0
Cluster clients : [36]
Label percentage: ['0 : 1.29%', '1 : 0.70%', '2 : 37.15%', '3 : 0.23%', '4 : 7.83%', '5 : 10.05%', '6 : 8.18%', '7 : 0.00%', '8 : 32.24%', '9 : 2.34%']%
Divergence : jsd 0.2801, tvd 0.4944

Cluster 37 with 1 clients
Cluster communication time : 0
Cluster clients : [37]
Label percentage: ['0 : 0.00%', '1 : 0.00%', '2 : 42.72%', '3 : 54.33%', '4 : 0.00%', '5 : 1.18%', '6 : 0.00%', '7 : 0.00%', '8 : 0.39%', '9 : 1.38%']%
Divergence : jsd 0.5452, tvd 0.7705

Cluster 38 with 1 clients
Cluster communication time : 0
Cluster clients : [38]
Label percentage: ['0 : 0.00%', '1 : 0.00%', '2 : 0.00%', '3 : 85.92%', '4 : 0.00%', '5 : 2.86%', '6 : 0.48%', '7 : 0.00%', '8 : 10.50%', '9 : 0.24%']%
Divergence : jsd 0.5948, tvd 0.7642

Cluster 39 with 1 clients
Cluster communication time : 0
Cluster clients : [39]
Label percentage: ['0 : 0.00%', '1 : 0.00%', '2 : 0.00%', '3 : 99.63%', '4 : 0.00%', '5 : 0.37%', '6 : 0.00%', '7 : 0.00%', '8 : 0.00%', '9 : 0.00%']%
Divergence : jsd 0.7470, tvd 0.8963

Cluster 40 with 1 clients
Cluster communication time : 0
Cluster clients : [40]
Label percentage: ['0 : 0.00%', '1 : 98.00%', '2 : 0.00%', '3 : 0.00%', '4 : 0.00%', '5 : 0.00%', '6 : 1.00%', '7 : 1.00%', '8 : 0.00%', '9 : 0.00%']%
Divergence : jsd 0.7113, tvd 0.8800

Cluster 41 with 1 clients
Cluster communication time : 0
Cluster clients : [41]
Label percentage: ['0 : 31.99%', '1 : 0.75%', '2 : 1.79%', '3 : 51.72%', '4 : 0.15%', '5 : 1.79%', '6 : 0.00%', '7 : 7.17%', '8 : 4.63%', '9 : 0.00%']%
Divergence : jsd 0.3887, tvd 0.6371

Cluster 42 with 1 clients
Cluster communication time : 0
Cluster clients : [42]
Label percentage: ['0 : 0.00%', '1 : 0.00%', '2 : 0.00%', '3 : 25.88%', '4 : 0.71%', '5 : 0.47%', '6 : 0.24%', '7 : 37.88%', '8 : 0.00%', '9 : 34.82%']%
Divergence : jsd 0.4575, tvd 0.6859

Cluster 43 with 1 clients
Cluster communication time : 0
Cluster clients : [43]
Label percentage: ['0 : 0.00%', '1 : 47.91%', '2 : 10.55%', '3 : 0.00%', '4 : 0.00%', '5 : 0.00%', '6 : 0.00%', '7 : 0.00%', '8 : 0.00%', '9 : 41.54%']%
Divergence : jsd 0.5222, tvd 0.7000

Cluster 44 with 1 clients
Cluster communication time : 0
Cluster clients : [44]
Label percentage: ['0 : 0.00%', '1 : 84.62%', '2 : 0.00%', '3 : 0.00%', '4 : 0.00%', '5 : 15.38%', '6 : 0.00%', '7 : 0.00%', '8 : 0.00%', '9 : 0.00%']%
Divergence : jsd 0.6469, tvd 0.8000

Cluster 45 with 1 clients
Cluster communication time : 0
Cluster clients : [45]
Label percentage: ['0 : 0.00%', '1 : 0.15%', '2 : 1.06%', '3 : 0.30%', '4 : 0.00%', '5 : 0.00%', '6 : 0.00%', '7 : 44.18%', '8 : 0.00%', '9 : 54.31%']%
Divergence : jsd 0.5719, tvd 0.7849

Cluster 46 with 1 clients
Cluster communication time : 0
Cluster clients : [46]
Label percentage: ['0 : 0.00%', '1 : 0.00%', '2 : 0.00%', '3 : 0.00%', '4 : 0.00%', '5 : 11.48%', '6 : 0.00%', '7 : 86.29%', '8 : 0.15%', '9 : 2.09%']%
Divergence : jsd 0.6157, tvd 0.7776

Cluster 47 with 1 clients
Cluster communication time : 0
Cluster clients : [47]
Label percentage: ['0 : 1.71%', '1 : 0.00%', '2 : 58.12%', '3 : 0.00%', '4 : 33.33%', '5 : 0.00%', '6 : 0.00%', '7 : 0.00%', '8 : 6.84%', '9 : 0.00%']%
Divergence : jsd 0.5090, tvd 0.7145

Cluster 48 with 1 clients
Cluster communication time : 0
Cluster clients : [48]
Label percentage: ['0 : 0.15%', '1 : 0.30%', '2 : 99.40%', '3 : 0.00%', '4 : 0.00%', '5 : 0.00%', '6 : 0.00%', '7 : 0.00%', '8 : 0.15%', '9 : 0.00%']%
Divergence : jsd 0.7376, tvd 0.8940

Cluster 49 with 1 clients
Cluster communication time : 0
Cluster clients : [49]
Label percentage: ['0 : 10.05%', '1 : 11.42%', '2 : 0.00%', '3 : 78.54%', '4 : 0.00%', '5 : 0.00%', '6 : 0.00%', '7 : 0.00%', '8 : 0.00%', '9 : 0.00%']%
Divergence : jsd 0.5678, tvd 0.7000

Cluster 50 with 1 clients
Cluster communication time : 0
Cluster clients : [50]
Label percentage: ['0 : 0.00%', '1 : 0.00%', '2 : 0.00%', '3 : 0.00%', '4 : 0.00%', '5 : 0.00%', '6 : 0.00%', '7 : 0.00%', '8 : 53.27%', '9 : 46.73%']%
Divergence : jsd 0.6102, tvd 0.8000

Cluster 51 with 1 clients
Cluster communication time : 0
Cluster clients : [51]
Label percentage: ['0 : 0.00%', '1 : 3.49%', '2 : 0.00%', '3 : 3.06%', '4 : 1.09%', '5 : 0.00%', '6 : 5.46%', '7 : 85.59%', '8 : 0.00%', '9 : 1.31%']%
Divergence : jsd 0.5346, tvd 0.7559

Cluster 52 with 1 clients
Cluster communication time : 0
Cluster clients : [52]
Label percentage: ['0 : 0.00%', '1 : 0.00%', '2 : 0.00%', '3 : 100.00%', '4 : 0.00%', '5 : 0.00%', '6 : 0.00%', '7 : 0.00%', '8 : 0.00%', '9 : 0.00%']%
Divergence : jsd 0.7583, tvd 0.9000

Cluster 53 with 1 clients
Cluster communication time : 0
Cluster clients : [53]
Label percentage: ['0 : 1.76%', '1 : 0.00%', '2 : 0.00%', '3 : 0.00%', '4 : 6.15%', '5 : 88.79%', '6 : 0.44%', '7 : 2.42%', '8 : 0.44%', '9 : 0.00%']%
Divergence : jsd 0.5828, tvd 0.7879

Cluster 54 with 1 clients
Cluster communication time : 0
Cluster clients : [54]
Label percentage: ['0 : 0.00%', '1 : 0.32%', '2 : 0.00%', '3 : 0.00%', '4 : 0.00%', '5 : 0.00%', '6 : 78.32%', '7 : 0.00%', '8 : 16.83%', '9 : 4.53%']%
Divergence : jsd 0.5717, tvd 0.7515

Cluster 55 with 1 clients
Cluster communication time : 0
Cluster clients : [55]
Label percentage: ['0 : 1.69%', '1 : 0.00%', '2 : 0.00%', '3 : 74.45%', '4 : 0.00%', '5 : 0.00%', '6 : 0.00%', '7 : 4.74%', '8 : 0.00%', '9 : 19.12%']%
Divergence : jsd 0.5417, tvd 0.7357

Cluster 56 with 1 clients
Cluster communication time : 0
Cluster clients : [56]
Label percentage: ['0 : 0.00%', '1 : 0.41%', '2 : 8.23%', '3 : 65.02%', '4 : 0.82%', '5 : 0.00%', '6 : 0.41%', '7 : 0.00%', '8 : 0.00%', '9 : 25.10%']%
Divergence : jsd 0.4997, tvd 0.7012

Cluster 57 with 1 clients
Cluster communication time : 0
Cluster clients : [57]
Label percentage: ['0 : 0.00%', '1 : 0.00%', '2 : 0.00%', '3 : 4.46%', '4 : 41.07%', '5 : 0.00%', '6 : 48.21%', '7 : 2.68%', '8 : 3.57%', '9 : 0.00%']%
Divergence : jsd 0.4571, tvd 0.6929

Cluster 58 with 1 clients
Cluster communication time : 0
Cluster clients : [58]
Label percentage: ['0 : 0.22%', '1 : 0.00%', '2 : 0.22%', '3 : 79.47%', '4 : 0.00%', '5 : 0.00%', '6 : 15.23%', '7 : 3.53%', '8 : 0.00%', '9 : 1.32%']%
Divergence : jsd 0.5509, tvd 0.7470

Cluster 59 with 1 clients
Cluster communication time : 0
Cluster clients : [59]
Label percentage: ['0 : 5.32%', '1 : 1.69%', '2 : 14.63%', '3 : 0.00%', '4 : 46.80%', '5 : 0.00%', '6 : 1.38%', '7 : 0.00%', '8 : 0.00%', '9 : 30.18%']%
Divergence : jsd 0.3902, tvd 0.6161

Cluster 60 with 1 clients
Cluster communication time : 0
Cluster clients : [60]
Label percentage: ['0 : 0.00%', '1 : 0.00%', '2 : 0.00%', '3 : 0.00%', '4 : 38.46%', '5 : 0.00%', '6 : 4.62%', '7 : 4.62%', '8 : 0.00%', '9 : 52.31%']%
Divergence : jsd 0.4926, tvd 0.7077

Cluster 61 with 1 clients
Cluster communication time : 0
Cluster clients : [61]
Label percentage: ['0 : 36.41%', '1 : 9.22%', '2 : 2.67%', '3 : 0.00%', '4 : 0.00%', '5 : 0.00%', '6 : 0.97%', '7 : 15.53%', '8 : 35.19%', '9 : 0.00%']%
Divergence : jsd 0.3632, tvd 0.5714

Cluster 62 with 1 clients
Cluster communication time : 0
Cluster clients : [62]
Label percentage: ['0 : 0.00%', '1 : 3.45%', '2 : 0.00%', '3 : 0.00%', '4 : 0.00%', '5 : 0.00%', '6 : 0.00%', '7 : 0.00%', '8 : 1.15%', '9 : 95.40%']%
Divergence : jsd 0.6796, tvd 0.8540

Cluster 63 with 1 clients
Cluster communication time : 0
Cluster clients : [63]
Label percentage: ['0 : 76.42%', '1 : 11.34%', '2 : 0.30%', '3 : 9.25%', '4 : 2.09%', '5 : 0.00%', '6 : 0.00%', '7 : 0.30%', '8 : 0.00%', '9 : 0.30%']%
Divergence : jsd 0.5047, tvd 0.6776

Cluster 64 with 1 clients
Cluster communication time : 0
Cluster clients : [64]
Label percentage: ['0 : 13.31%', '1 : 4.03%', '2 : 0.13%', '3 : 0.00%', '4 : 73.25%', '5 : 0.00%', '6 : 9.27%', '7 : 0.00%', '8 : 0.00%', '9 : 0.00%']%
Divergence : jsd 0.5025, tvd 0.6656

Cluster 65 with 1 clients
Cluster communication time : 0
Cluster clients : [65]
Label percentage: ['0 : 0.00%', '1 : 78.65%', '2 : 0.00%', '3 : 18.65%', '4 : 0.19%', '5 : 0.96%', '6 : 0.00%', '7 : 1.54%', '8 : 0.00%', '9 : 0.00%']%
Divergence : jsd 0.5779, tvd 0.7731

Cluster 66 with 1 clients
Cluster communication time : 0
Cluster clients : [66]
Label percentage: ['0 : 63.40%', '1 : 0.00%', '2 : 0.00%', '3 : 0.00%', '4 : 25.32%', '5 : 0.00%', '6 : 0.00%', '7 : 11.29%', '8 : 0.00%', '9 : 0.00%']%
Divergence : jsd 0.5313, tvd 0.7000

Cluster 67 with 1 clients
Cluster communication time : 0
Cluster clients : [67]
Label percentage: ['0 : 0.00%', '1 : 0.00%', '2 : 0.00%', '3 : 20.73%', '4 : 0.00%', '5 : 0.00%', '6 : 1.34%', '7 : 4.80%', '8 : 73.13%', '9 : 0.00%']%
Divergence : jsd 0.5428, tvd 0.7386

Cluster 68 with 1 clients
Cluster communication time : 0
Cluster clients : [68]
Label percentage: ['0 : 0.00%', '1 : 33.77%', '2 : 0.00%', '3 : 0.00%', '4 : 57.14%', '5 : 9.09%', '6 : 0.00%', '7 : 0.00%', '8 : 0.00%', '9 : 0.00%']%
Divergence : jsd 0.5312, tvd 0.7091

Cluster 69 with 1 clients
Cluster communication time : 0
Cluster clients : [69]
Label percentage: ['0 : 40.84%', '1 : 17.12%', '2 : 0.00%', '3 : 0.00%', '4 : 0.00%', '5 : 0.00%', '6 : 0.00%', '7 : 0.00%', '8 : 41.44%', '9 : 0.60%']%
Divergence : jsd 0.4900, tvd 0.6940

Cluster 70 with 1 clients
Cluster communication time : 0
Cluster clients : [70]
Label percentage: ['0 : 0.00%', '1 : 0.00%', '2 : 52.27%', '3 : 0.00%', '4 : 2.11%', '5 : 0.05%', '6 : 30.69%', '7 : 2.11%', '8 : 12.78%', '9 : 0.00%']%
Divergence : jsd 0.4429, tvd 0.6574

Cluster 71 with 1 clients
Cluster communication time : 0
Cluster clients : [71]
Label percentage: ['0 : 0.00%', '1 : 0.44%', '2 : 1.15%', '3 : 0.09%', '4 : 2.04%', '5 : 0.00%', '6 : 0.00%', '7 : 44.60%', '8 : 30.97%', '9 : 20.71%']%
Divergence : jsd 0.4254, tvd 0.6628

Cluster 72 with 1 clients
Cluster communication time : 0
Cluster clients : [72]
Label percentage: ['0 : 0.00%', '1 : 0.00%', '2 : 0.00%', '3 : 0.00%', '4 : 0.00%', '5 : 0.00%', '6 : 0.00%', '7 : 100.00%', '8 : 0.00%', '9 : 0.00%']%
Divergence : jsd 0.7583, tvd 0.9000

Cluster 73 with 1 clients
Cluster communication time : 0
Cluster clients : [73]
Label percentage: ['0 : 11.42%', '1 : 75.20%', '2 : 0.00%', '3 : 0.00%', '4 : 1.31%', '5 : 0.00%', '6 : 0.00%', '7 : 0.00%', '8 : 1.47%', '9 : 10.60%']%
Divergence : jsd 0.5072, tvd 0.6723

Cluster 74 with 1 clients
Cluster communication time : 0
Cluster clients : [74]
Label percentage: ['0 : 16.67%', '1 : 0.00%', '2 : 0.00%', '3 : 0.00%', '4 : 0.00%', '5 : 0.00%', '6 : 83.33%', '7 : 0.00%', '8 : 0.00%', '9 : 0.00%']%
Divergence : jsd 0.6435, tvd 0.8000

Cluster 75 with 1 clients
Cluster communication time : 0
Cluster clients : [75]
Label percentage: ['0 : 14.67%', '1 : 0.00%', '2 : 4.00%', '3 : 0.00%', '4 : 5.33%', '5 : 1.33%', '6 : 0.00%', '7 : 74.67%', '8 : 0.00%', '9 : 0.00%']%
Divergence : jsd 0.4966, tvd 0.6933

Cluster 76 with 1 clients
Cluster communication time : 0
Cluster clients : [76]
Label percentage: ['0 : 2.32%', '1 : 18.34%', '2 : 66.80%', '3 : 0.00%', '4 : 7.53%', '5 : 0.00%', '6 : 0.39%', '7 : 0.00%', '8 : 4.63%', '9 : 0.00%']%
Divergence : jsd 0.4459, tvd 0.6514

Cluster 77 with 1 clients
Cluster communication time : 0
Cluster clients : [77]
Label percentage: ['0 : 0.20%', '1 : 4.69%', '2 : 0.00%', '3 : 0.00%', '4 : 10.20%', '5 : 0.00%', '6 : 0.61%', '7 : 84.08%', '8 : 0.00%', '9 : 0.20%']%
Divergence : jsd 0.5714, tvd 0.7429

Cluster 78 with 1 clients
Cluster communication time : 0
Cluster clients : [78]
Label percentage: ['0 : 0.16%', '1 : 89.45%', '2 : 0.31%', '3 : 0.00%', '4 : 0.00%', '5 : 0.00%', '6 : 0.00%', '7 : 9.92%', '8 : 0.16%', '9 : 0.00%']%
Divergence : jsd 0.6444, tvd 0.7945

Cluster 79 with 1 clients
Cluster communication time : 0
Cluster clients : [79]
Label percentage: ['0 : 95.04%', '1 : 0.00%', '2 : 0.25%', '3 : 0.00%', '4 : 0.00%', '5 : 4.71%', '6 : 0.00%', '7 : 0.00%', '8 : 0.00%', '9 : 0.00%']%
Divergence : jsd 0.6868, tvd 0.8504

Cluster 80 with 1 clients
Cluster communication time : 0
Cluster clients : [80]
Label percentage: ['0 : 0.00%', '1 : 0.00%', '2 : 0.00%', '3 : 0.75%', '4 : 19.40%', '5 : 37.31%', '6 : 0.00%', '7 : 41.79%', '8 : 0.00%', '9 : 0.75%']%
Divergence : jsd 0.4656, tvd 0.6851

Cluster 81 with 1 clients
Cluster communication time : 0
Cluster clients : [81]
Label percentage: ['0 : 95.25%', '1 : 0.18%', '2 : 0.00%', '3 : 0.00%', '4 : 0.00%', '5 : 0.00%', '6 : 0.00%', '7 : 4.58%', '8 : 0.00%', '9 : 0.00%']%
Divergence : jsd 0.6898, tvd 0.8525

Cluster 82 with 1 clients
Cluster communication time : 0
Cluster clients : [82]
Label percentage: ['0 : 0.00%', '1 : 48.00%', '2 : 0.00%', '3 : 0.00%', '4 : 0.00%', '5 : 40.57%', '6 : 0.57%', '7 : 2.86%', '8 : 8.00%', '9 : 0.00%']%
Divergence : jsd 0.4719, tvd 0.6857

Cluster 83 with 1 clients
Cluster communication time : 0
Cluster clients : [83]
Label percentage: ['0 : 18.09%', '1 : 5.85%', '2 : 5.32%', '3 : 0.53%', '4 : 55.32%', '5 : 0.00%', '6 : 0.00%', '7 : 0.00%', '8 : 14.89%', '9 : 0.00%']%
Divergence : jsd 0.3836, tvd 0.5830

Cluster 84 with 1 clients
Cluster communication time : 0
Cluster clients : [84]
Label percentage: ['0 : 38.32%', '1 : 0.00%', '2 : 1.80%', '3 : 1.80%', '4 : 19.16%', '5 : 37.72%', '6 : 0.60%', '7 : 0.60%', '8 : 0.00%', '9 : 0.00%']%
Divergence : jsd 0.4045, tvd 0.6521

Cluster 85 with 1 clients
Cluster communication time : 0
Cluster clients : [85]
Label percentage: ['0 : 0.00%', '1 : 0.26%', '2 : 0.00%', '3 : 36.02%', '4 : 30.43%', '5 : 1.04%', '6 : 0.00%', '7 : 28.61%', '8 : 0.00%', '9 : 3.64%']%
Divergence : jsd 0.4131, tvd 0.6506

Cluster 86 with 1 clients
Cluster communication time : 0
Cluster clients : [86]
Label percentage: ['0 : 0.00%', '1 : 8.51%', '2 : 0.00%', '3 : 0.00%', '4 : 0.12%', '5 : 0.00%', '6 : 0.00%', '7 : 0.00%', '8 : 3.50%', '9 : 87.88%']%
Divergence : jsd 0.6147, tvd 0.7788

Cluster 87 with 1 clients
Cluster communication time : 0
Cluster clients : [87]
Label percentage: ['0 : 0.14%', '1 : 0.00%', '2 : 0.00%', '3 : 0.00%', '4 : 1.26%', '5 : 31.74%', '6 : 0.00%', '7 : 0.00%', '8 : 66.85%', '9 : 0.00%']%
Divergence : jsd 0.5860, tvd 0.7860

Cluster 88 with 1 clients
Cluster communication time : 0
Cluster clients : [88]
Label percentage: ['0 : 19.44%', '1 : 2.78%', '2 : 0.00%', '3 : 0.00%', '4 : 0.00%', '5 : 0.00%', '6 : 2.78%', '7 : 30.56%', '8 : 11.11%', '9 : 33.33%']%
Divergence : jsd 0.3298, tvd 0.5444

Cluster 89 with 1 clients
Cluster communication time : 0
Cluster clients : [89]
Label percentage: ['0 : 3.86%', '1 : 0.00%', '2 : 50.89%', '3 : 9.64%', '4 : 15.13%', '5 : 0.52%', '6 : 2.82%', '7 : 0.00%', '8 : 16.77%', '9 : 0.37%']%
Divergence : jsd 0.3219, tvd 0.5279

Cluster 90 with 1 clients
Cluster communication time : 0
Cluster clients : [90]
Label percentage: ['0 : 0.00%', '1 : 0.00%', '2 : 0.00%', '3 : 0.00%', '4 : 0.00%', '5 : 93.14%', '6 : 0.00%', '7 : 0.00%', '8 : 6.86%', '9 : 0.00%']%
Divergence : jsd 0.6810, tvd 0.8314

Cluster 91 with 1 clients
Cluster communication time : 0
Cluster clients : [91]
Label percentage: ['0 : 0.00%', '1 : 0.00%', '2 : 46.43%', '3 : 5.00%', '4 : 0.00%', '5 : 32.14%', '6 : 0.00%', '7 : 0.00%', '8 : 0.00%', '9 : 16.43%']%
Divergence : jsd 0.4480, tvd 0.6500

Cluster 92 with 1 clients
Cluster communication time : 0
Cluster clients : [92]
Label percentage: ['0 : 0.00%', '1 : 72.09%', '2 : 5.42%', '3 : 0.00%', '4 : 3.25%', '5 : 12.74%', '6 : 3.39%', '7 : 0.00%', '8 : 0.00%', '9 : 3.12%']%
Divergence : jsd 0.4362, tvd 0.6482

Cluster 93 with 1 clients
Cluster communication time : 0
Cluster clients : [93]
Label percentage: ['0 : 11.69%', '1 : 0.00%', '2 : 4.76%', '3 : 0.43%', '4 : 0.43%', '5 : 14.29%', '6 : 0.00%', '7 : 67.10%', '8 : 0.00%', '9 : 1.30%']%
Divergence : jsd 0.4368, tvd 0.6307

Cluster 94 with 1 clients
Cluster communication time : 0
Cluster clients : [94]
Label percentage: ['0 : 0.00%', '1 : 0.10%', '2 : 15.71%', '3 : 0.10%', '4 : 0.00%', '5 : 0.10%', '6 : 74.19%', '7 : 9.68%', '8 : 0.10%', '9 : 0.00%']%
Divergence : jsd 0.5396, tvd 0.6991

Cluster 95 with 1 clients
Cluster communication time : 0
Cluster clients : [95]
Label percentage: ['0 : 89.43%', '1 : 0.10%', '2 : 0.00%', '3 : 2.76%', '4 : 0.00%', '5 : 1.81%', '6 : 0.00%', '7 : 0.38%', '8 : 0.29%', '9 : 5.24%']%
Divergence : jsd 0.5856, tvd 0.7943

Cluster 96 with 1 clients
Cluster communication time : 0
Cluster clients : [96]
Label percentage: ['0 : 0.00%', '1 : 34.34%', '2 : 65.66%', '3 : 0.00%', '4 : 0.00%', '5 : 0.00%', '6 : 0.00%', '7 : 0.00%', '8 : 0.00%', '9 : 0.00%']%
Divergence : jsd 0.6161, tvd 0.8000

Cluster 97 with 1 clients
Cluster communication time : 0
Cluster clients : [97]
Label percentage: ['0 : 0.00%', '1 : 19.05%', '2 : 0.00%', '3 : 59.72%', '4 : 0.20%', '5 : 7.34%', '6 : 12.90%', '7 : 0.79%', '8 : 0.00%', '9 : 0.00%']%
Divergence : jsd 0.4324, tvd 0.6167

Cluster 98 with 1 clients
Cluster communication time : 0
Cluster clients : [98]
Label percentage: ['0 : 0.18%', '1 : 0.00%', '2 : 7.90%', '3 : 0.00%', '4 : 0.37%', '5 : 2.57%', '6 : 0.00%', '7 : 86.76%', '8 : 2.21%', '9 : 0.00%']%
Divergence : jsd 0.5737, tvd 0.7676

Cluster 99 with 1 clients
Cluster communication time : 0
Cluster clients : [99]
Label percentage: ['0 : 33.02%', '1 : 26.04%', '2 : 0.12%', '3 : 0.12%', '4 : 0.12%', '5 : 0.12%', '6 : 40.24%', '7 : 0.12%', '8 : 0.00%', '9 : 0.12%']%
Divergence : jsd 0.4695, tvd 0.6929

