-----------------------------------------------------

Central server round 4 started
Model sent from central server with 100msec communication time, with loss :2.31, accuracy : 11.16%
Accuracy per label : ['0:0.00%', '1:0.00%', '2:0.00%', '3:0.00%', '4:0.00%', '5:0.00%', '6:0.00%', '7:0.00%', '8:33.16%', '9:78.59%']
The model is from round 0 from central server, staleness is 3

Cluster round 1 completed, aggregated models from all the clients, time past : 800msec, loss : 2.22, accuracy 32.33%
Accuracy per label : ['0:66.12%', '1:0.00%', '2:21.03%', '3:7.33%', '4:18.02%', '5:0.00%', '6:60.33%', '7:55.74%', '8:98.56%', '9:0.59%']

Cluster round 2 completed, aggregated models from all the clients, time past : 1500msec, loss : 0.59, accuracy 82.88%
Accuracy per label : ['0:92.45%', '1:97.62%', '2:82.27%', '3:83.17%', '4:78.62%', '5:78.48%', '6:87.16%', '7:87.16%', '8:64.78%', '9:74.43%']

Cluster round 3 completed, aggregated models from all the clients, time past : 2200msec, loss : 0.38, accuracy 88.69%
Accuracy per label : ['0:98.16%', '1:96.92%', '2:91.47%', '3:89.31%', '4:88.09%', '5:84.53%', '6:87.16%', '7:85.99%', '8:80.60%', '9:83.05%']

Before aggregation, loss : 0.64, accuracy : 87.94%
Before aggregation, accuracy per label : ['0:96.73%', '1:96.21%', '2:85.37%', '3:82.18%', '4:81.16%', '5:79.04%', '6:94.47%', '7:85.70%', '8:89.01%', '9:88.01%']
Aggregation to central server completed at central server round 250, loss : 0.57, accuracy: 88.32%, staleness : 3
Accuracy per label after aggregation : ['0:97.14%', '1:96.39%', '2:86.82%', '3:84.36%', '4:83.10%', '5:80.04%', '6:93.53%', '7:85.80%', '8:87.58%', '9:86.92%']

-----------------------------------------------------

Central server round 9 started
Model sent from central server with 100msec communication time, with loss :0.57, accuracy : 88.32%
Accuracy per label : ['0:97.14%', '1:96.39%', '2:86.82%', '3:84.36%', '4:83.10%', '5:80.04%', '6:93.53%', '7:85.80%', '8:87.58%', '9:86.92%']
The model is from round 4 from central server, staleness is 4

Cluster round 1 completed, aggregated models from all the clients, time past : 800msec, loss : 0.31, accuracy 90.31%
Accuracy per label : ['0:96.33%', '1:97.97%', '2:89.73%', '3:88.22%', '4:93.18%', '5:85.31%', '6:91.44%', '7:90.66%', '8:86.96%', '9:81.96%']

Cluster round 2 completed, aggregated models from all the clients, time past : 1500msec, loss : 0.25, accuracy 92.50%
Accuracy per label : ['0:97.76%', '1:97.89%', '2:92.05%', '3:91.29%', '4:90.22%', '5:88.68%', '6:95.30%', '7:91.93%', '8:88.71%', '9:90.19%']

Cluster round 3 completed, aggregated models from all the clients, time past : 2200msec, loss : 0.21, accuracy 93.68%
Accuracy per label : ['0:98.47%', '1:97.71%', '2:93.02%', '3:92.48%', '4:92.87%', '5:91.37%', '6:95.09%', '7:92.70%', '8:92.81%', '9:89.69%']

Before aggregation, loss : 0.37, accuracy : 90.74%
Before aggregation, accuracy per label : ['0:98.06%', '1:97.09%', '2:89.73%', '3:89.41%', '4:88.49%', '5:83.63%', '6:94.26%', '7:87.84%', '8:89.22%', '9:88.40%']
Aggregation to central server completed at central server round 250, loss : 0.34, accuracy: 91.26%, staleness : 4
Accuracy per label after aggregation : ['0:98.06%', '1:97.27%', '2:90.41%', '3:89.60%', '4:89.41%', '5:85.43%', '6:94.26%', '7:88.62%', '8:89.73%', '9:88.70%']

-----------------------------------------------------

Central server round 14 started
Model sent from central server with 100msec communication time, with loss :0.34, accuracy : 91.26%
Accuracy per label : ['0:98.06%', '1:97.27%', '2:90.41%', '3:89.60%', '4:89.41%', '5:85.43%', '6:94.26%', '7:88.62%', '8:89.73%', '9:88.70%']
The model is from round 9 from central server, staleness is 4

Cluster round 1 completed, aggregated models from all the clients, time past : 800msec, loss : 0.24, accuracy 92.88%
Accuracy per label : ['0:98.27%', '1:97.80%', '2:91.67%', '3:92.08%', '4:90.02%', '5:89.13%', '6:93.32%', '7:92.51%', '8:91.07%', '9:91.97%']

Cluster round 2 completed, aggregated models from all the clients, time past : 1500msec, loss : 0.20, accuracy 93.81%
Accuracy per label : ['0:97.86%', '1:97.97%', '2:92.54%', '3:92.57%', '4:91.65%', '5:91.59%', '6:95.30%', '7:95.14%', '8:89.84%', '9:92.86%']

Cluster round 3 completed, aggregated models from all the clients, time past : 2200msec, loss : 0.17, accuracy 94.79%
Accuracy per label : ['0:98.67%', '1:97.71%', '2:93.70%', '3:93.66%', '4:93.58%', '5:94.06%', '6:96.35%', '7:93.29%', '8:92.71%', '9:93.86%']

Before aggregation, loss : 0.26, accuracy : 92.87%
Before aggregation, accuracy per label : ['0:98.47%', '1:97.97%', '2:92.05%', '3:92.28%', '4:91.24%', '5:89.01%', '6:94.78%', '7:90.47%', '8:90.97%', '9:90.58%']
Aggregation to central server completed at central server round 250, loss : 0.25, accuracy: 93.23%, staleness : 4
Accuracy per label after aggregation : ['0:98.47%', '1:98.06%', '2:92.34%', '3:92.57%', '4:91.85%', '5:89.69%', '6:94.78%', '7:91.15%', '8:91.07%', '9:91.48%']

-----------------------------------------------------

Central server round 19 started
Model sent from central server with 100msec communication time, with loss :0.25, accuracy : 93.23%
Accuracy per label : ['0:98.47%', '1:98.06%', '2:92.34%', '3:92.57%', '4:91.85%', '5:89.69%', '6:94.78%', '7:91.15%', '8:91.07%', '9:91.48%']
The model is from round 14 from central server, staleness is 4

Cluster round 1 completed, aggregated models from all the clients, time past : 800msec, loss : 0.20, accuracy 94.00%
Accuracy per label : ['0:98.78%', '1:97.53%', '2:93.51%', '3:94.06%', '4:90.22%', '5:93.72%', '6:95.62%', '7:93.00%', '8:90.97%', '9:92.17%']

Cluster round 2 completed, aggregated models from all the clients, time past : 1500msec, loss : 0.17, accuracy 94.90%
Accuracy per label : ['0:98.67%', '1:97.62%', '2:94.48%', '3:94.36%', '4:94.09%', '5:92.26%', '6:96.45%', '7:92.80%', '8:93.74%', '9:94.05%']

Cluster round 3 completed, aggregated models from all the clients, time past : 2200msec, loss : 0.15, accuracy 95.43%
Accuracy per label : ['0:98.37%', '1:98.50%', '2:93.60%', '3:94.36%', '4:95.21%', '5:94.28%', '6:97.49%', '7:95.62%', '8:94.25%', '9:92.27%']

Before aggregation, loss : 0.20, accuracy : 94.08%
Before aggregation, accuracy per label : ['0:98.47%', '1:98.15%', '2:92.93%', '3:94.06%', '4:92.57%', '5:91.82%', '6:95.09%', '7:91.83%', '8:92.71%', '9:92.57%']
Aggregation to central server completed at central server round 250, loss : 0.19, accuracy: 94.37%, staleness : 4
Accuracy per label after aggregation : ['0:98.37%', '1:98.15%', '2:93.12%', '3:94.26%', '4:93.58%', '5:92.26%', '6:95.62%', '7:92.32%', '8:92.92%', '9:92.57%']

-----------------------------------------------------

Central server round 24 started
Model sent from central server with 100msec communication time, with loss :0.19, accuracy : 94.37%
Accuracy per label : ['0:98.37%', '1:98.15%', '2:93.12%', '3:94.26%', '4:93.58%', '5:92.26%', '6:95.62%', '7:92.32%', '8:92.92%', '9:92.57%']
The model is from round 19 from central server, staleness is 4

Cluster round 1 completed, aggregated models from all the clients, time past : 800msec, loss : 0.17, accuracy 94.92%
Accuracy per label : ['0:98.27%', '1:98.33%', '2:92.73%', '3:93.27%', '4:95.11%', '5:95.63%', '6:96.56%', '7:95.14%', '8:91.07%', '9:92.86%']

Cluster round 2 completed, aggregated models from all the clients, time past : 1500msec, loss : 0.14, accuracy 95.75%
Accuracy per label : ['0:98.98%', '1:97.71%', '2:94.57%', '3:95.54%', '4:94.81%', '5:95.74%', '6:95.72%', '7:95.43%', '8:94.56%', '9:94.25%']

Cluster round 3 completed, aggregated models from all the clients, time past : 2200msec, loss : 0.13, accuracy 96.09%
Accuracy per label : ['0:98.47%', '1:98.15%', '2:95.74%', '3:96.63%', '4:94.09%', '5:95.52%', '6:97.29%', '7:95.72%', '8:94.87%', '9:94.15%']

Before aggregation, loss : 0.17, accuracy : 95.13%
Before aggregation, accuracy per label : ['0:98.57%', '1:98.33%', '2:93.90%', '3:95.35%', '4:94.70%', '5:94.51%', '6:96.03%', '7:93.00%', '8:93.12%', '9:93.46%']
Aggregation to central server completed at central server round 250, loss : 0.16, accuracy: 95.25%, staleness : 4
Accuracy per label after aggregation : ['0:98.67%', '1:98.33%', '2:94.48%', '3:95.35%', '4:94.50%', '5:94.73%', '6:96.14%', '7:93.39%', '8:93.22%', '9:93.36%']

-----------------------------------------------------

Central server round 29 started
Model sent from central server with 100msec communication time, with loss :0.16, accuracy : 95.25%
Accuracy per label : ['0:98.67%', '1:98.33%', '2:94.48%', '3:95.35%', '4:94.50%', '5:94.73%', '6:96.14%', '7:93.39%', '8:93.22%', '9:93.36%']
The model is from round 24 from central server, staleness is 4

Cluster round 1 completed, aggregated models from all the clients, time past : 800msec, loss : 0.14, accuracy 95.71%
Accuracy per label : ['0:98.88%', '1:97.89%', '2:94.96%', '3:96.63%', '4:95.11%', '5:94.17%', '6:96.24%', '7:94.26%', '8:95.28%', '9:93.36%']

Cluster round 2 completed, aggregated models from all the clients, time past : 1500msec, loss : 0.13, accuracy 96.27%
Accuracy per label : ['0:98.88%', '1:98.15%', '2:95.93%', '3:96.14%', '4:95.93%', '5:95.96%', '6:97.18%', '7:95.91%', '8:95.17%', '9:93.26%']

Cluster round 3 completed, aggregated models from all the clients, time past : 2200msec, loss : 0.12, accuracy 96.44%
Accuracy per label : ['0:98.88%', '1:98.59%', '2:95.74%', '3:95.84%', '4:95.52%', '5:95.52%', '6:97.70%', '7:95.91%', '8:94.97%', '9:95.44%']

Before aggregation, loss : 0.14, accuracy : 95.77%
Before aggregation, accuracy per label : ['0:98.78%', '1:98.24%', '2:94.77%', '3:95.84%', '4:95.01%', '5:95.29%', '6:96.97%', '7:94.07%', '8:94.46%', '9:94.05%']
Aggregation to central server completed at central server round 250, loss : 0.14, accuracy: 95.88%, staleness : 4
Accuracy per label after aggregation : ['0:98.67%', '1:98.24%', '2:94.86%', '3:95.84%', '4:95.11%', '5:95.29%', '6:97.29%', '7:94.55%', '8:94.46%', '9:94.25%']

-----------------------------------------------------

Central server round 34 started
Model sent from central server with 100msec communication time, with loss :0.14, accuracy : 95.88%
Accuracy per label : ['0:98.67%', '1:98.24%', '2:94.86%', '3:95.84%', '4:95.11%', '5:95.29%', '6:97.29%', '7:94.55%', '8:94.46%', '9:94.25%']
The model is from round 29 from central server, staleness is 4

Cluster round 1 completed, aggregated models from all the clients, time past : 800msec, loss : 0.13, accuracy 96.24%
Accuracy per label : ['0:99.08%', '1:98.50%', '2:96.80%', '3:94.85%', '4:95.82%', '5:95.52%', '6:97.08%', '7:96.50%', '8:93.53%', '9:94.35%']

Cluster round 2 completed, aggregated models from all the clients, time past : 1500msec, loss : 0.12, accuracy 96.45%
Accuracy per label : ['0:98.98%', '1:98.24%', '2:95.35%', '3:95.74%', '4:94.40%', '5:96.30%', '6:97.18%', '7:96.11%', '8:96.10%', '9:95.94%']

Cluster round 3 completed, aggregated models from all the clients, time past : 2200msec, loss : 0.11, accuracy 96.71%
Accuracy per label : ['0:98.78%', '1:98.50%', '2:96.90%', '3:96.34%', '4:95.52%', '5:96.19%', '6:97.60%', '7:96.79%', '8:94.46%', '9:95.74%']

Before aggregation, loss : 0.13, accuracy : 96.15%
Before aggregation, accuracy per label : ['0:98.78%', '1:98.15%', '2:95.64%', '3:96.24%', '4:95.72%', '5:95.85%', '6:97.39%', '7:94.55%', '8:94.46%', '9:94.55%']
Aggregation to central server completed at central server round 250, loss : 0.12, accuracy: 96.28%, staleness : 4
Accuracy per label after aggregation : ['0:98.88%', '1:98.15%', '2:95.83%', '3:96.34%', '4:95.82%', '5:95.96%', '6:97.39%', '7:95.14%', '8:94.35%', '9:94.75%']

-----------------------------------------------------

Central server round 39 started
Model sent from central server with 100msec communication time, with loss :0.12, accuracy : 96.28%
Accuracy per label : ['0:98.88%', '1:98.15%', '2:95.83%', '3:96.34%', '4:95.82%', '5:95.96%', '6:97.39%', '7:95.14%', '8:94.35%', '9:94.75%']
The model is from round 34 from central server, staleness is 4

Cluster round 1 completed, aggregated models from all the clients, time past : 800msec, loss : 0.11, accuracy 96.48%
Accuracy per label : ['0:98.67%', '1:98.24%', '2:97.87%', '3:96.14%', '4:95.32%', '5:95.29%', '6:97.70%', '7:95.14%', '8:94.87%', '9:95.24%']

Cluster round 2 completed, aggregated models from all the clients, time past : 1500msec, loss : 0.11, accuracy 96.74%
Accuracy per label : ['0:98.98%', '1:98.50%', '2:97.77%', '3:96.14%', '4:96.03%', '5:95.96%', '6:97.39%', '7:95.53%', '8:95.07%', '9:95.74%']

Cluster round 3 completed, aggregated models from all the clients, time past : 2200msec, loss : 0.10, accuracy 97.00%
Accuracy per label : ['0:98.98%', '1:98.15%', '2:97.58%', '3:97.33%', '4:97.35%', '5:97.42%', '6:97.08%', '7:96.89%', '8:95.07%', '9:94.05%']

Before aggregation, loss : 0.11, accuracy : 96.57%
Before aggregation, accuracy per label : ['0:98.88%', '1:98.24%', '2:96.51%', '3:96.63%', '4:96.23%', '5:95.85%', '6:97.81%', '7:95.23%', '8:94.97%', '9:95.14%']
Aggregation to central server completed at central server round 250, loss : 0.11, accuracy: 96.69%, staleness : 4
Accuracy per label after aggregation : ['0:98.98%', '1:98.24%', '2:96.80%', '3:96.73%', '4:96.54%', '5:95.96%', '6:97.81%', '7:95.53%', '8:94.97%', '9:95.14%']

-----------------------------------------------------

Central server round 44 started
Model sent from central server with 100msec communication time, with loss :0.11, accuracy : 96.69%
Accuracy per label : ['0:98.98%', '1:98.24%', '2:96.80%', '3:96.73%', '4:96.54%', '5:95.96%', '6:97.81%', '7:95.53%', '8:94.97%', '9:95.14%']
The model is from round 39 from central server, staleness is 4

Cluster round 1 completed, aggregated models from all the clients, time past : 800msec, loss : 0.10, accuracy 96.79%
Accuracy per label : ['0:98.98%', '1:98.15%', '2:97.87%', '3:97.13%', '4:96.03%', '5:95.52%', '6:98.12%', '7:95.14%', '8:95.48%', '9:95.24%']

Cluster round 2 completed, aggregated models from all the clients, time past : 1500msec, loss : 0.10, accuracy 97.09%
Accuracy per label : ['0:98.37%', '1:98.24%', '2:98.16%', '3:96.34%', '4:97.56%', '5:97.65%', '6:98.02%', '7:95.53%', '8:96.51%', '9:94.55%']

Cluster round 3 completed, aggregated models from all the clients, time past : 2200msec, loss : 0.09, accuracy 97.19%
Accuracy per label : ['0:98.47%', '1:98.15%', '2:97.97%', '3:96.93%', '4:96.74%', '5:96.97%', '6:98.23%', '7:95.72%', '8:97.13%', '9:95.54%']

Before aggregation, loss : 0.10, accuracy : 96.97%
Before aggregation, accuracy per label : ['0:98.88%', '1:98.24%', '2:97.29%', '3:96.93%', '4:97.25%', '5:96.19%', '6:97.81%', '7:95.91%', '8:95.48%', '9:95.54%']
Aggregation to central server completed at central server round 250, loss : 0.10, accuracy: 96.99%, staleness : 4
Accuracy per label after aggregation : ['0:98.88%', '1:98.24%', '2:97.48%', '3:96.93%', '4:97.05%', '5:96.30%', '6:97.81%', '7:95.82%', '8:95.79%', '9:95.44%']

-----------------------------------------------------

Central server round 49 started
Model sent from central server with 100msec communication time, with loss :0.10, accuracy : 96.99%
Accuracy per label : ['0:98.88%', '1:98.24%', '2:97.48%', '3:96.93%', '4:97.05%', '5:96.30%', '6:97.81%', '7:95.82%', '8:95.79%', '9:95.44%']
The model is from round 44 from central server, staleness is 4

Cluster round 1 completed, aggregated models from all the clients, time past : 800msec, loss : 0.10, accuracy 97.22%
Accuracy per label : ['0:98.78%', '1:98.59%', '2:97.67%', '3:96.83%', '4:97.56%', '5:97.09%', '6:98.33%', '7:96.89%', '8:95.79%', '9:94.55%']

Cluster round 2 completed, aggregated models from all the clients, time past : 1500msec, loss : 0.09, accuracy 97.10%
Accuracy per label : ['0:98.98%', '1:98.15%', '2:98.06%', '3:97.72%', '4:95.72%', '5:97.20%', '6:98.02%', '7:95.14%', '8:96.00%', '9:95.94%']

Cluster round 3 completed, aggregated models from all the clients, time past : 2200msec, loss : 0.09, accuracy 97.40%
Accuracy per label : ['0:98.57%', '1:98.33%', '2:97.67%', '3:97.23%', '4:97.15%', '5:97.09%', '6:98.43%', '7:96.69%', '8:97.54%', '9:95.24%']

Before aggregation, loss : 0.10, accuracy : 97.14%
Before aggregation, accuracy per label : ['0:98.88%', '1:98.50%', '2:97.29%', '3:97.23%', '4:97.56%', '5:96.19%', '6:97.91%', '7:96.01%', '8:96.00%', '9:95.64%']
Aggregation to central server completed at central server round 250, loss : 0.09, accuracy: 97.15%, staleness : 4
Accuracy per label after aggregation : ['0:98.88%', '1:98.41%', '2:97.38%', '3:97.13%', '4:97.45%', '5:96.19%', '6:97.91%', '7:96.11%', '8:96.20%', '9:95.64%']

-----------------------------------------------------

Central server round 54 started
Model sent from central server with 100msec communication time, with loss :0.09, accuracy : 97.15%
Accuracy per label : ['0:98.88%', '1:98.41%', '2:97.38%', '3:97.13%', '4:97.45%', '5:96.19%', '6:97.91%', '7:96.11%', '8:96.20%', '9:95.64%']
The model is from round 49 from central server, staleness is 4

Cluster round 1 completed, aggregated models from all the clients, time past : 800msec, loss : 0.09, accuracy 97.40%
Accuracy per label : ['0:98.98%', '1:98.68%', '2:97.38%', '3:97.52%', '4:97.66%', '5:97.09%', '6:98.33%', '7:96.50%', '8:95.89%', '9:95.84%']

Cluster round 2 completed, aggregated models from all the clients, time past : 1500msec, loss : 0.09, accuracy 97.37%
Accuracy per label : ['0:99.08%', '1:98.50%', '2:98.35%', '3:97.03%', '4:97.45%', '5:96.97%', '6:97.49%', '7:96.50%', '8:96.71%', '9:95.44%']

Cluster round 3 completed, aggregated models from all the clients, time past : 2200msec, loss : 0.08, accuracy 97.57%
Accuracy per label : ['0:98.88%', '1:99.12%', '2:97.77%', '3:97.13%', '4:97.35%', '5:97.53%', '6:98.54%', '7:97.37%', '8:96.00%', '9:95.84%']

Before aggregation, loss : 0.09, accuracy : 97.32%
Before aggregation, accuracy per label : ['0:98.88%', '1:98.59%', '2:97.48%', '3:97.52%', '4:97.66%', '5:96.52%', '6:98.02%', '7:95.91%', '8:96.41%', '9:96.04%']
Aggregation to central server completed at central server round 250, loss : 0.09, accuracy: 97.41%, staleness : 4
Accuracy per label after aggregation : ['0:98.88%', '1:98.68%', '2:97.58%', '3:97.43%', '4:97.66%', '5:96.86%', '6:98.23%', '7:96.11%', '8:96.51%', '9:96.04%']

-----------------------------------------------------

Central server round 59 started
Model sent from central server with 100msec communication time, with loss :0.09, accuracy : 97.41%
Accuracy per label : ['0:98.88%', '1:98.68%', '2:97.58%', '3:97.43%', '4:97.66%', '5:96.86%', '6:98.23%', '7:96.11%', '8:96.51%', '9:96.04%']
The model is from round 54 from central server, staleness is 4

Cluster round 1 completed, aggregated models from all the clients, time past : 800msec, loss : 0.08, accuracy 97.45%
Accuracy per label : ['0:98.78%', '1:98.77%', '2:97.77%', '3:96.93%', '4:97.15%', '5:97.42%', '6:98.54%', '7:96.69%', '8:96.30%', '9:96.04%']

Cluster round 2 completed, aggregated models from all the clients, time past : 1500msec, loss : 0.08, accuracy 97.57%
Accuracy per label : ['0:98.88%', '1:98.50%', '2:98.26%', '3:97.72%', '4:97.45%', '5:97.31%', '6:98.23%', '7:97.08%', '8:96.30%', '9:95.84%']

Cluster round 3 completed, aggregated models from all the clients, time past : 2200msec, loss : 0.08, accuracy 97.51%
Accuracy per label : ['0:98.78%', '1:98.33%', '2:98.26%', '3:97.23%', '4:97.56%', '5:97.20%', '6:98.23%', '7:97.08%', '8:97.33%', '9:95.04%']

Before aggregation, loss : 0.08, accuracy : 97.46%
Before aggregation, accuracy per label : ['0:98.98%', '1:98.77%', '2:97.58%', '3:97.52%', '4:97.76%', '5:96.86%', '6:98.12%', '7:96.21%', '8:96.61%', '9:96.04%']
Aggregation to central server completed at central server round 250, loss : 0.08, accuracy: 97.52%, staleness : 4
Accuracy per label after aggregation : ['0:98.88%', '1:98.77%', '2:97.87%', '3:97.43%', '4:97.76%', '5:97.20%', '6:98.23%', '7:96.21%', '8:96.71%', '9:96.04%']

-----------------------------------------------------

Central server round 64 started
Model sent from central server with 100msec communication time, with loss :0.08, accuracy : 97.52%
Accuracy per label : ['0:98.88%', '1:98.77%', '2:97.87%', '3:97.43%', '4:97.76%', '5:97.20%', '6:98.23%', '7:96.21%', '8:96.71%', '9:96.04%']
The model is from round 59 from central server, staleness is 4

Cluster round 1 completed, aggregated models from all the clients, time past : 800msec, loss : 0.08, accuracy 97.48%
Accuracy per label : ['0:98.57%', '1:98.41%', '2:97.48%', '3:97.23%', '4:97.66%', '5:97.20%', '6:98.64%', '7:98.05%', '8:96.61%', '9:94.85%']

Cluster round 2 completed, aggregated models from all the clients, time past : 1500msec, loss : 0.08, accuracy 97.60%
Accuracy per label : ['0:98.98%', '1:98.50%', '2:98.06%', '3:97.33%', '4:97.86%', '5:97.20%', '6:98.54%', '7:96.69%', '8:96.71%', '9:96.04%']

Cluster round 3 completed, aggregated models from all the clients, time past : 2200msec, loss : 0.07, accuracy 97.64%
Accuracy per label : ['0:98.88%', '1:98.50%', '2:98.06%', '3:97.52%', '4:98.07%', '5:97.53%', '6:98.02%', '7:97.18%', '8:96.61%', '9:95.94%']

Before aggregation, loss : 0.08, accuracy : 97.54%
Before aggregation, accuracy per label : ['0:99.08%', '1:98.85%', '2:97.58%', '3:97.52%', '4:97.76%', '5:97.09%', '6:98.02%', '7:96.30%', '8:96.82%', '9:96.23%']
Aggregation to central server completed at central server round 250, loss : 0.08, accuracy: 97.55%, staleness : 4
Accuracy per label after aggregation : ['0:98.98%', '1:98.85%', '2:97.58%', '3:97.52%', '4:97.76%', '5:97.31%', '6:98.02%', '7:96.30%', '8:96.82%', '9:96.23%']

-----------------------------------------------------

Central server round 69 started
Model sent from central server with 100msec communication time, with loss :0.08, accuracy : 97.55%
Accuracy per label : ['0:98.98%', '1:98.85%', '2:97.58%', '3:97.52%', '4:97.76%', '5:97.31%', '6:98.02%', '7:96.30%', '8:96.82%', '9:96.23%']
The model is from round 64 from central server, staleness is 4

Cluster round 1 completed, aggregated models from all the clients, time past : 800msec, loss : 0.08, accuracy 97.68%
Accuracy per label : ['0:99.08%', '1:98.68%', '2:97.87%', '3:97.33%', '4:97.96%', '5:97.53%', '6:98.33%', '7:97.67%', '8:96.71%', '9:95.54%']

Cluster round 2 completed, aggregated models from all the clients, time past : 1500msec, loss : 0.07, accuracy 97.73%
Accuracy per label : ['0:98.67%', '1:99.12%', '2:97.67%', '3:97.62%', '4:97.96%', '5:97.31%', '6:98.64%', '7:97.86%', '8:96.61%', '9:95.64%']

Cluster round 3 completed, aggregated models from all the clients, time past : 2200msec, loss : 0.07, accuracy 97.69%
Accuracy per label : ['0:98.88%', '1:98.50%', '2:98.06%', '3:97.62%', '4:98.17%', '5:97.20%', '6:98.33%', '7:97.37%', '8:96.92%', '9:95.74%']

Before aggregation, loss : 0.07, accuracy : 97.64%
Before aggregation, accuracy per label : ['0:99.08%', '1:98.85%', '2:97.67%', '3:97.52%', '4:97.86%', '5:97.42%', '6:98.12%', '7:96.50%', '8:97.02%', '9:96.23%']
Aggregation to central server completed at central server round 250, loss : 0.07, accuracy: 97.68%, staleness : 4
Accuracy per label after aggregation : ['0:99.08%', '1:98.85%', '2:97.87%', '3:97.62%', '4:97.86%', '5:97.53%', '6:98.23%', '7:96.50%', '8:96.92%', '9:96.23%']

-----------------------------------------------------

Central server round 74 started
Model sent from central server with 100msec communication time, with loss :0.07, accuracy : 97.68%
Accuracy per label : ['0:99.08%', '1:98.85%', '2:97.87%', '3:97.62%', '4:97.86%', '5:97.53%', '6:98.23%', '7:96.50%', '8:96.92%', '9:96.23%']
The model is from round 69 from central server, staleness is 4

Cluster round 1 completed, aggregated models from all the clients, time past : 800msec, loss : 0.07, accuracy 97.78%
Accuracy per label : ['0:98.88%', '1:98.85%', '2:98.16%', '3:97.72%', '4:97.96%', '5:97.09%', '6:98.33%', '7:97.67%', '8:97.23%', '9:95.74%']

Cluster round 2 completed, aggregated models from all the clients, time past : 1500msec, loss : 0.07, accuracy 97.78%
Accuracy per label : ['0:98.88%', '1:98.41%', '2:98.16%', '3:98.12%', '4:97.76%', '5:96.97%', '6:98.12%', '7:97.47%', '8:97.43%', '9:96.33%']

Cluster round 3 completed, aggregated models from all the clients, time past : 2200msec, loss : 0.07, accuracy 97.76%
Accuracy per label : ['0:99.08%', '1:98.68%', '2:97.67%', '3:97.13%', '4:98.07%', '5:97.42%', '6:98.43%', '7:97.86%', '8:96.92%', '9:96.23%']

Before aggregation, loss : 0.07, accuracy : 97.80%
Before aggregation, accuracy per label : ['0:99.08%', '1:98.85%', '2:98.16%', '3:97.72%', '4:97.86%', '5:97.53%', '6:98.23%', '7:96.69%', '8:97.33%', '9:96.43%']
Aggregation to central server completed at central server round 250, loss : 0.07, accuracy: 97.80%, staleness : 4
Accuracy per label after aggregation : ['0:99.18%', '1:98.85%', '2:97.97%', '3:97.62%', '4:97.86%', '5:97.65%', '6:98.23%', '7:96.69%', '8:97.43%', '9:96.43%']

-----------------------------------------------------

Central server round 79 started
Model sent from central server with 100msec communication time, with loss :0.07, accuracy : 97.80%
Accuracy per label : ['0:99.18%', '1:98.85%', '2:97.97%', '3:97.62%', '4:97.86%', '5:97.65%', '6:98.23%', '7:96.69%', '8:97.43%', '9:96.43%']
The model is from round 74 from central server, staleness is 4

Cluster round 1 completed, aggregated models from all the clients, time past : 800msec, loss : 0.07, accuracy 97.73%
Accuracy per label : ['0:99.08%', '1:98.68%', '2:98.06%', '3:97.82%', '4:98.47%', '5:97.20%', '6:98.54%', '7:97.28%', '8:96.71%', '9:95.34%']

Cluster round 2 completed, aggregated models from all the clients, time past : 1500msec, loss : 0.07, accuracy 97.88%
Accuracy per label : ['0:99.08%', '1:99.03%', '2:97.87%', '3:97.92%', '4:98.27%', '5:97.20%', '6:98.43%', '7:97.76%', '8:96.82%', '9:96.23%']

Cluster round 3 completed, aggregated models from all the clients, time past : 2200msec, loss : 0.07, accuracy 97.81%
Accuracy per label : ['0:99.08%', '1:98.59%', '2:97.87%', '3:96.93%', '4:98.37%', '5:97.65%', '6:98.43%', '7:97.76%', '8:97.64%', '9:95.74%']

Before aggregation, loss : 0.07, accuracy : 97.84%
Before aggregation, accuracy per label : ['0:99.29%', '1:98.94%', '2:98.06%', '3:97.82%', '4:97.76%', '5:97.53%', '6:98.23%', '7:96.69%', '8:97.33%', '9:96.63%']
Aggregation to central server completed at central server round 250, loss : 0.07, accuracy: 97.81%, staleness : 4
Accuracy per label after aggregation : ['0:99.18%', '1:98.94%', '2:97.87%', '3:97.52%', '4:97.86%', '5:97.65%', '6:98.23%', '7:96.79%', '8:97.33%', '9:96.63%']

-----------------------------------------------------

Central server round 84 started
Model sent from central server with 100msec communication time, with loss :0.07, accuracy : 97.81%
Accuracy per label : ['0:99.18%', '1:98.94%', '2:97.87%', '3:97.52%', '4:97.86%', '5:97.65%', '6:98.23%', '7:96.79%', '8:97.33%', '9:96.63%']
The model is from round 79 from central server, staleness is 4

Cluster round 1 completed, aggregated models from all the clients, time past : 800msec, loss : 0.07, accuracy 97.89%
Accuracy per label : ['0:99.08%', '1:98.59%', '2:97.77%', '3:97.72%', '4:98.47%', '5:97.65%', '6:98.43%', '7:98.25%', '8:96.71%', '9:96.13%']

Cluster round 2 completed, aggregated models from all the clients, time past : 1500msec, loss : 0.06, accuracy 97.89%
Accuracy per label : ['0:99.08%', '1:98.85%', '2:97.97%', '3:98.02%', '4:98.27%', '5:97.42%', '6:98.43%', '7:97.08%', '8:97.13%', '9:96.53%']

Cluster round 3 completed, aggregated models from all the clients, time past : 2200msec, loss : 0.07, accuracy 97.85%
Accuracy per label : ['0:99.08%', '1:98.50%', '2:97.19%', '3:97.03%', '4:98.37%', '5:97.76%', '6:98.54%', '7:98.25%', '8:97.84%', '9:95.94%']

Before aggregation, loss : 0.07, accuracy : 97.90%
Before aggregation, accuracy per label : ['0:99.29%', '1:98.94%', '2:97.87%', '3:98.02%', '4:97.96%', '5:97.53%', '6:98.33%', '7:97.08%', '8:97.23%', '9:96.63%']
Aggregation to central server completed at central server round 250, loss : 0.06, accuracy: 97.88%, staleness : 4
Accuracy per label after aggregation : ['0:99.18%', '1:98.94%', '2:97.77%', '3:97.82%', '4:97.96%', '5:97.65%', '6:98.33%', '7:97.18%', '8:97.23%', '9:96.63%']

-----------------------------------------------------

Central server round 89 started
Model sent from central server with 100msec communication time, with loss :0.06, accuracy : 97.88%
Accuracy per label : ['0:99.18%', '1:98.94%', '2:97.77%', '3:97.82%', '4:97.96%', '5:97.65%', '6:98.33%', '7:97.18%', '8:97.23%', '9:96.63%']
The model is from round 84 from central server, staleness is 4

Cluster round 1 completed, aggregated models from all the clients, time past : 800msec, loss : 0.06, accuracy 97.91%
Accuracy per label : ['0:99.08%', '1:98.59%', '2:98.06%', '3:97.62%', '4:98.27%', '5:97.42%', '6:98.33%', '7:97.76%', '8:97.64%', '9:96.23%']

Cluster round 2 completed, aggregated models from all the clients, time past : 1500msec, loss : 0.06, accuracy 97.98%
Accuracy per label : ['0:98.98%', '1:99.12%', '2:98.45%', '3:97.82%', '4:98.07%', '5:96.97%', '6:98.43%', '7:97.67%', '8:97.43%', '9:96.63%']

Cluster round 3 completed, aggregated models from all the clients, time past : 2200msec, loss : 0.06, accuracy 97.86%
Accuracy per label : ['0:99.08%', '1:98.59%', '2:98.26%', '3:97.43%', '4:98.68%', '5:97.31%', '6:98.54%', '7:97.86%', '8:97.54%', '9:95.24%']

Before aggregation, loss : 0.06, accuracy : 97.93%
Before aggregation, accuracy per label : ['0:99.29%', '1:98.85%', '2:98.06%', '3:98.02%', '4:98.17%', '5:97.53%', '6:98.33%', '7:97.18%', '8:97.23%', '9:96.53%']
Aggregation to central server completed at central server round 250, loss : 0.06, accuracy: 97.95%, staleness : 4
Accuracy per label after aggregation : ['0:99.29%', '1:98.85%', '2:97.97%', '3:97.92%', '4:98.27%', '5:97.65%', '6:98.33%', '7:97.18%', '8:97.43%', '9:96.53%']

-----------------------------------------------------

Central server round 94 started
Model sent from central server with 100msec communication time, with loss :0.06, accuracy : 97.95%
Accuracy per label : ['0:99.29%', '1:98.85%', '2:97.97%', '3:97.92%', '4:98.27%', '5:97.65%', '6:98.33%', '7:97.18%', '8:97.43%', '9:96.53%']
The model is from round 89 from central server, staleness is 4

Cluster round 1 completed, aggregated models from all the clients, time past : 800msec, loss : 0.06, accuracy 98.01%
Accuracy per label : ['0:99.39%', '1:99.12%', '2:98.35%', '3:98.02%', '4:98.27%', '5:97.65%', '6:98.33%', '7:97.76%', '8:97.02%', '9:96.04%']

Cluster round 2 completed, aggregated models from all the clients, time past : 1500msec, loss : 0.06, accuracy 98.04%
Accuracy per label : ['0:99.08%', '1:99.21%', '2:98.06%', '3:97.92%', '4:98.78%', '5:97.65%', '6:98.33%', '7:98.15%', '8:97.43%', '9:95.64%']

Cluster round 3 completed, aggregated models from all the clients, time past : 2200msec, loss : 0.06, accuracy 98.06%
Accuracy per label : ['0:99.18%', '1:99.03%', '2:98.45%', '3:98.12%', '4:98.17%', '5:97.76%', '6:98.02%', '7:97.67%', '8:97.84%', '9:96.23%']

Before aggregation, loss : 0.06, accuracy : 97.97%
Before aggregation, accuracy per label : ['0:99.29%', '1:98.94%', '2:98.16%', '3:98.12%', '4:98.17%', '5:97.53%', '6:98.33%', '7:97.18%', '8:97.33%', '9:96.53%']
Aggregation to central server completed at central server round 250, loss : 0.06, accuracy: 98.00%, staleness : 4
Accuracy per label after aggregation : ['0:99.29%', '1:99.03%', '2:98.16%', '3:98.12%', '4:98.17%', '5:97.65%', '6:98.33%', '7:97.18%', '8:97.43%', '9:96.53%']

-----------------------------------------------------

Central server round 99 started
Model sent from central server with 100msec communication time, with loss :0.06, accuracy : 98.00%
Accuracy per label : ['0:99.29%', '1:99.03%', '2:98.16%', '3:98.12%', '4:98.17%', '5:97.65%', '6:98.33%', '7:97.18%', '8:97.43%', '9:96.53%']
The model is from round 94 from central server, staleness is 4

Cluster round 1 completed, aggregated models from all the clients, time past : 800msec, loss : 0.06, accuracy 98.02%
Accuracy per label : ['0:99.18%', '1:99.03%', '2:97.38%', '3:98.02%', '4:98.27%', '5:97.42%', '6:98.33%', '7:97.86%', '8:97.64%', '9:96.93%']

Cluster round 2 completed, aggregated models from all the clients, time past : 1500msec, loss : 0.06, accuracy 98.05%
Accuracy per label : ['0:99.08%', '1:99.12%', '2:97.87%', '3:97.72%', '4:98.37%', '5:97.76%', '6:98.64%', '7:98.05%', '8:97.43%', '9:96.33%']

Cluster round 3 completed, aggregated models from all the clients, time past : 2200msec, loss : 0.06, accuracy 98.09%
Accuracy per label : ['0:99.18%', '1:98.94%', '2:98.26%', '3:97.92%', '4:98.37%', '5:97.65%', '6:98.23%', '7:98.15%', '8:97.95%', '9:96.13%']

Before aggregation, loss : 0.06, accuracy : 98.05%
Before aggregation, accuracy per label : ['0:99.29%', '1:99.12%', '2:98.26%', '3:98.12%', '4:98.27%', '5:97.53%', '6:98.33%', '7:97.28%', '8:97.33%', '9:96.83%']
Aggregation to central server completed at central server round 250, loss : 0.06, accuracy: 98.07%, staleness : 4
Accuracy per label after aggregation : ['0:99.39%', '1:99.21%', '2:98.26%', '3:98.02%', '4:98.27%', '5:97.53%', '6:98.43%', '7:97.37%', '8:97.43%', '9:96.63%']

-----------------------------------------------------

Central server round 104 started
Model sent from central server with 100msec communication time, with loss :0.06, accuracy : 98.07%
Accuracy per label : ['0:99.39%', '1:99.21%', '2:98.26%', '3:98.02%', '4:98.27%', '5:97.53%', '6:98.43%', '7:97.37%', '8:97.43%', '9:96.63%']
The model is from round 99 from central server, staleness is 4

Cluster round 1 completed, aggregated models from all the clients, time past : 800msec, loss : 0.06, accuracy 98.14%
Accuracy per label : ['0:99.08%', '1:99.21%', '2:98.06%', '3:98.02%', '4:98.57%', '5:97.98%', '6:98.43%', '7:97.57%', '8:97.33%', '9:97.03%']

Cluster round 2 completed, aggregated models from all the clients, time past : 1500msec, loss : 0.06, accuracy 98.09%
Accuracy per label : ['0:99.08%', '1:98.68%', '2:97.87%', '3:97.82%', '4:98.47%', '5:97.87%', '6:98.43%', '7:97.86%', '8:97.95%', '9:96.83%']

Cluster round 3 completed, aggregated models from all the clients, time past : 2200msec, loss : 0.06, accuracy 98.07%
Accuracy per label : ['0:99.08%', '1:98.85%', '2:98.26%', '3:97.72%', '4:98.68%', '5:97.65%', '6:98.54%', '7:97.76%', '8:97.95%', '9:96.13%']

Before aggregation, loss : 0.06, accuracy : 98.09%
Before aggregation, accuracy per label : ['0:99.39%', '1:99.12%', '2:98.26%', '3:98.32%', '4:98.27%', '5:97.65%', '6:98.33%', '7:97.37%', '8:97.33%', '9:96.73%']
Aggregation to central server completed at central server round 250, loss : 0.06, accuracy: 98.08%, staleness : 4
Accuracy per label after aggregation : ['0:99.39%', '1:99.12%', '2:98.35%', '3:98.12%', '4:98.37%', '5:97.65%', '6:98.33%', '7:97.37%', '8:97.43%', '9:96.53%']

-----------------------------------------------------

Central server round 109 started
Model sent from central server with 100msec communication time, with loss :0.06, accuracy : 98.08%
Accuracy per label : ['0:99.39%', '1:99.12%', '2:98.35%', '3:98.12%', '4:98.37%', '5:97.65%', '6:98.33%', '7:97.37%', '8:97.43%', '9:96.53%']
The model is from round 104 from central server, staleness is 4

Cluster round 1 completed, aggregated models from all the clients, time past : 800msec, loss : 0.06, accuracy 98.09%
Accuracy per label : ['0:99.08%', '1:99.12%', '2:97.87%', '3:98.22%', '4:98.68%', '5:97.53%', '6:98.54%', '7:97.57%', '8:97.64%', '9:96.53%']

Cluster round 2 completed, aggregated models from all the clients, time past : 1500msec, loss : 0.06, accuracy 98.17%
Accuracy per label : ['0:99.29%', '1:99.21%', '2:98.26%', '3:98.51%', '4:98.78%', '5:97.42%', '6:98.33%', '7:97.86%', '8:97.23%', '9:96.63%']

Cluster round 3 completed, aggregated models from all the clients, time past : 2200msec, loss : 0.06, accuracy 98.10%
Accuracy per label : ['0:99.39%', '1:98.68%', '2:98.06%', '3:98.02%', '4:98.57%', '5:97.98%', '6:98.02%', '7:97.96%', '8:97.74%', '9:96.53%']

Before aggregation, loss : 0.06, accuracy : 98.13%
Before aggregation, accuracy per label : ['0:99.29%', '1:99.12%', '2:98.45%', '3:98.22%', '4:98.37%', '5:97.65%', '6:98.43%', '7:97.37%', '8:97.64%', '9:96.63%']
Aggregation to central server completed at central server round 250, loss : 0.06, accuracy: 98.13%, staleness : 4
Accuracy per label after aggregation : ['0:99.39%', '1:99.12%', '2:98.55%', '3:98.12%', '4:98.47%', '5:97.65%', '6:98.33%', '7:97.37%', '8:97.64%', '9:96.53%']

-----------------------------------------------------

Central server round 114 started
Model sent from central server with 100msec communication time, with loss :0.06, accuracy : 98.13%
Accuracy per label : ['0:99.39%', '1:99.12%', '2:98.55%', '3:98.12%', '4:98.47%', '5:97.65%', '6:98.33%', '7:97.37%', '8:97.64%', '9:96.53%']
The model is from round 109 from central server, staleness is 4

Cluster round 1 completed, aggregated models from all the clients, time past : 800msec, loss : 0.06, accuracy 98.15%
Accuracy per label : ['0:99.18%', '1:98.94%', '2:97.67%', '3:98.61%', '4:98.78%', '5:97.31%', '6:98.64%', '7:98.05%', '8:97.64%', '9:96.53%']

Cluster round 2 completed, aggregated models from all the clients, time past : 1500msec, loss : 0.06, accuracy 98.20%
Accuracy per label : ['0:99.29%', '1:98.94%', '2:98.26%', '3:97.72%', '4:98.68%', '5:98.21%', '6:98.23%', '7:98.15%', '8:98.25%', '9:96.23%']

Cluster round 3 completed, aggregated models from all the clients, time past : 2200msec, loss : 0.06, accuracy 98.11%
Accuracy per label : ['0:99.39%', '1:98.94%', '2:97.87%', '3:97.82%', '4:98.68%', '5:97.87%', '6:98.12%', '7:98.44%', '8:97.64%', '9:96.23%']

Before aggregation, loss : 0.06, accuracy : 98.13%
Before aggregation, accuracy per label : ['0:99.39%', '1:99.12%', '2:98.35%', '3:98.22%', '4:98.47%', '5:97.65%', '6:98.33%', '7:97.37%', '8:97.54%', '9:96.73%']
Aggregation to central server completed at central server round 250, loss : 0.06, accuracy: 98.19%, staleness : 4
Accuracy per label after aggregation : ['0:99.39%', '1:99.12%', '2:98.45%', '3:98.22%', '4:98.57%', '5:97.65%', '6:98.33%', '7:97.67%', '8:97.64%', '9:96.73%']

-----------------------------------------------------

Central server round 119 started
Model sent from central server with 100msec communication time, with loss :0.06, accuracy : 98.19%
Accuracy per label : ['0:99.39%', '1:99.12%', '2:98.45%', '3:98.22%', '4:98.57%', '5:97.65%', '6:98.33%', '7:97.67%', '8:97.64%', '9:96.73%']
The model is from round 114 from central server, staleness is 4

Cluster round 1 completed, aggregated models from all the clients, time past : 800msec, loss : 0.05, accuracy 98.13%
Accuracy per label : ['0:99.18%', '1:98.94%', '2:97.77%', '3:98.12%', '4:98.78%', '5:97.87%', '6:98.33%', '7:98.35%', '8:97.74%', '9:96.13%']

Cluster round 2 completed, aggregated models from all the clients, time past : 1500msec, loss : 0.06, accuracy 98.13%
Accuracy per label : ['0:99.29%', '1:99.12%', '2:98.26%', '3:98.61%', '4:98.57%', '5:97.65%', '6:98.02%', '7:97.57%', '8:97.84%', '9:96.23%']

Cluster round 3 completed, aggregated models from all the clients, time past : 2200msec, loss : 0.05, accuracy 98.13%
Accuracy per label : ['0:99.39%', '1:98.85%', '2:97.97%', '3:98.32%', '4:98.57%', '5:97.98%', '6:98.02%', '7:97.67%', '8:97.74%', '9:96.73%']

Before aggregation, loss : 0.05, accuracy : 98.14%
Before aggregation, accuracy per label : ['0:99.39%', '1:99.12%', '2:98.55%', '3:98.02%', '4:98.57%', '5:97.65%', '6:98.43%', '7:97.37%', '8:97.43%', '9:96.73%']
Aggregation to central server completed at central server round 250, loss : 0.05, accuracy: 98.20%, staleness : 4
Accuracy per label after aggregation : ['0:99.39%', '1:99.12%', '2:98.64%', '3:98.12%', '4:98.57%', '5:97.65%', '6:98.43%', '7:97.67%', '8:97.54%', '9:96.73%']

-----------------------------------------------------

Central server round 124 started
Model sent from central server with 100msec communication time, with loss :0.05, accuracy : 98.20%
Accuracy per label : ['0:99.39%', '1:99.12%', '2:98.64%', '3:98.12%', '4:98.57%', '5:97.65%', '6:98.43%', '7:97.67%', '8:97.54%', '9:96.73%']
The model is from round 119 from central server, staleness is 4

Cluster round 1 completed, aggregated models from all the clients, time past : 800msec, loss : 0.05, accuracy 98.19%
Accuracy per label : ['0:99.39%', '1:98.59%', '2:98.35%', '3:97.92%', '4:98.68%', '5:97.87%', '6:98.43%', '7:97.67%', '8:98.46%', '9:96.53%']

Cluster round 2 completed, aggregated models from all the clients, time past : 1500msec, loss : 0.05, accuracy 98.18%
Accuracy per label : ['0:99.18%', '1:98.59%', '2:97.97%', '3:97.82%', '4:98.68%', '5:97.87%', '6:98.43%', '7:97.86%', '8:98.46%', '9:96.93%']

Cluster round 3 completed, aggregated models from all the clients, time past : 2200msec, loss : 0.05, accuracy 98.21%
Accuracy per label : ['0:99.29%', '1:98.94%', '2:98.26%', '3:98.02%', '4:98.57%', '5:97.98%', '6:98.33%', '7:98.25%', '8:98.05%', '9:96.33%']

Before aggregation, loss : 0.05, accuracy : 98.23%
Before aggregation, accuracy per label : ['0:99.39%', '1:99.12%', '2:98.55%', '3:98.22%', '4:98.57%', '5:97.65%', '6:98.43%', '7:97.67%', '8:97.74%', '9:96.83%']
Aggregation to central server completed at central server round 250, loss : 0.05, accuracy: 98.27%, staleness : 4
Accuracy per label after aggregation : ['0:99.39%', '1:99.12%', '2:98.64%', '3:98.22%', '4:98.68%', '5:97.65%', '6:98.43%', '7:97.67%', '8:97.84%', '9:96.93%']

-----------------------------------------------------

Central server round 129 started
Model sent from central server with 100msec communication time, with loss :0.05, accuracy : 98.27%
Accuracy per label : ['0:99.39%', '1:99.12%', '2:98.64%', '3:98.22%', '4:98.68%', '5:97.65%', '6:98.43%', '7:97.67%', '8:97.84%', '9:96.93%']
The model is from round 124 from central server, staleness is 4

Cluster round 1 completed, aggregated models from all the clients, time past : 800msec, loss : 0.05, accuracy 98.17%
Accuracy per label : ['0:99.39%', '1:99.21%', '2:97.97%', '3:98.22%', '4:98.68%', '5:97.53%', '6:98.43%', '7:98.15%', '8:97.74%', '9:96.23%']

Cluster round 2 completed, aggregated models from all the clients, time past : 1500msec, loss : 0.05, accuracy 98.25%
Accuracy per label : ['0:99.39%', '1:98.94%', '2:97.87%', '3:98.22%', '4:98.57%', '5:97.98%', '6:98.33%', '7:98.15%', '8:98.15%', '9:96.83%']

Cluster round 3 completed, aggregated models from all the clients, time past : 2200msec, loss : 0.05, accuracy 98.25%
Accuracy per label : ['0:99.39%', '1:99.03%', '2:97.97%', '3:98.22%', '4:98.47%', '5:97.98%', '6:98.23%', '7:98.35%', '8:97.84%', '9:96.93%']

Before aggregation, loss : 0.05, accuracy : 98.25%
Before aggregation, accuracy per label : ['0:99.29%', '1:99.12%', '2:98.55%', '3:98.12%', '4:98.68%', '5:97.87%', '6:98.43%', '7:97.67%', '8:97.84%', '9:96.83%']
Aggregation to central server completed at central server round 250, loss : 0.05, accuracy: 98.28%, staleness : 4
Accuracy per label after aggregation : ['0:99.39%', '1:99.12%', '2:98.45%', '3:98.22%', '4:98.68%', '5:97.76%', '6:98.43%', '7:97.86%', '8:97.95%', '9:96.83%']

-----------------------------------------------------

Central server round 134 started
Model sent from central server with 100msec communication time, with loss :0.05, accuracy : 98.28%
Accuracy per label : ['0:99.39%', '1:99.12%', '2:98.45%', '3:98.22%', '4:98.68%', '5:97.76%', '6:98.43%', '7:97.86%', '8:97.95%', '9:96.83%']
The model is from round 129 from central server, staleness is 4

Cluster round 1 completed, aggregated models from all the clients, time past : 800msec, loss : 0.05, accuracy 98.24%
Accuracy per label : ['0:99.39%', '1:98.85%', '2:98.35%', '3:97.92%', '4:98.78%', '5:98.21%', '6:97.91%', '7:98.25%', '8:98.25%', '9:96.43%']

Cluster round 2 completed, aggregated models from all the clients, time past : 1500msec, loss : 0.05, accuracy 98.17%
Accuracy per label : ['0:99.39%', '1:98.50%', '2:98.06%', '3:98.22%', '4:98.78%', '5:97.65%', '6:98.02%', '7:97.67%', '8:98.36%', '9:97.03%']

Cluster round 3 completed, aggregated models from all the clients, time past : 2200msec, loss : 0.05, accuracy 98.25%
Accuracy per label : ['0:99.29%', '1:98.85%', '2:98.35%', '3:98.12%', '4:98.47%', '5:98.21%', '6:98.12%', '7:98.35%', '8:97.95%', '9:96.73%']

Before aggregation, loss : 0.05, accuracy : 98.28%
Before aggregation, accuracy per label : ['0:99.39%', '1:99.12%', '2:98.45%', '3:98.22%', '4:98.68%', '5:97.87%', '6:98.43%', '7:97.86%', '8:97.84%', '9:96.83%']
Aggregation to central server completed at central server round 250, loss : 0.05, accuracy: 98.28%, staleness : 4
Accuracy per label after aggregation : ['0:99.39%', '1:99.12%', '2:98.45%', '3:98.22%', '4:98.68%', '5:97.76%', '6:98.43%', '7:97.96%', '8:97.84%', '9:96.83%']

-----------------------------------------------------

Central server round 139 started
Model sent from central server with 100msec communication time, with loss :0.05, accuracy : 98.28%
Accuracy per label : ['0:99.39%', '1:99.12%', '2:98.45%', '3:98.22%', '4:98.68%', '5:97.76%', '6:98.43%', '7:97.96%', '8:97.84%', '9:96.83%']
The model is from round 134 from central server, staleness is 4

Cluster round 1 completed, aggregated models from all the clients, time past : 800msec, loss : 0.05, accuracy 98.14%
Accuracy per label : ['0:99.39%', '1:98.85%', '2:98.06%', '3:98.42%', '4:97.76%', '5:97.76%', '6:97.91%', '7:97.57%', '8:97.54%', '9:98.02%']

Cluster round 2 completed, aggregated models from all the clients, time past : 1500msec, loss : 0.05, accuracy 98.25%
Accuracy per label : ['0:99.39%', '1:98.94%', '2:98.45%', '3:98.02%', '4:98.47%', '5:98.09%', '6:98.43%', '7:97.86%', '8:98.25%', '9:96.53%']

Cluster round 3 completed, aggregated models from all the clients, time past : 2200msec, loss : 0.05, accuracy 98.28%
Accuracy per label : ['0:99.29%', '1:98.94%', '2:98.35%', '3:98.22%', '4:98.47%', '5:97.76%', '6:98.33%', '7:98.35%', '8:98.36%', '9:96.63%']

Before aggregation, loss : 0.05, accuracy : 98.31%
Before aggregation, accuracy per label : ['0:99.39%', '1:99.12%', '2:98.55%', '3:98.42%', '4:98.57%', '5:97.87%', '6:98.43%', '7:97.86%', '8:97.95%', '9:96.83%']
Aggregation to central server completed at central server round 250, loss : 0.05, accuracy: 98.33%, staleness : 4
Accuracy per label after aggregation : ['0:99.39%', '1:99.12%', '2:98.45%', '3:98.42%', '4:98.68%', '5:97.87%', '6:98.43%', '7:97.96%', '8:98.05%', '9:96.83%']

-----------------------------------------------------

Central server round 144 started
Model sent from central server with 100msec communication time, with loss :0.05, accuracy : 98.33%
Accuracy per label : ['0:99.39%', '1:99.12%', '2:98.45%', '3:98.42%', '4:98.68%', '5:97.87%', '6:98.43%', '7:97.96%', '8:98.05%', '9:96.83%']
The model is from round 139 from central server, staleness is 4

Cluster round 1 completed, aggregated models from all the clients, time past : 800msec, loss : 0.05, accuracy 98.23%
Accuracy per label : ['0:99.39%', '1:98.59%', '2:98.35%', '3:98.22%', '4:98.57%', '5:98.32%', '6:98.23%', '7:98.25%', '8:98.05%', '9:96.33%']

Cluster round 2 completed, aggregated models from all the clients, time past : 1500msec, loss : 0.05, accuracy 98.33%
Accuracy per label : ['0:99.39%', '1:99.03%', '2:98.45%', '3:98.02%', '4:98.78%', '5:97.87%', '6:98.33%', '7:98.25%', '8:98.36%', '9:96.73%']

Cluster round 3 completed, aggregated models from all the clients, time past : 2200msec, loss : 0.05, accuracy 98.28%
Accuracy per label : ['0:99.18%', '1:99.03%', '2:98.26%', '3:98.42%', '4:98.78%', '5:97.65%', '6:98.54%', '7:98.05%', '8:98.05%', '9:96.73%']

Before aggregation, loss : 0.05, accuracy : 98.34%
Before aggregation, accuracy per label : ['0:99.39%', '1:99.12%', '2:98.55%', '3:98.42%', '4:98.57%', '5:97.87%', '6:98.43%', '7:97.96%', '8:98.15%', '9:96.83%']
Aggregation to central server completed at central server round 250, loss : 0.05, accuracy: 98.35%, staleness : 4
Accuracy per label after aggregation : ['0:99.39%', '1:99.12%', '2:98.55%', '3:98.42%', '4:98.68%', '5:97.87%', '6:98.43%', '7:97.96%', '8:98.15%', '9:96.83%']

-----------------------------------------------------

Central server round 149 started
Model sent from central server with 100msec communication time, with loss :0.05, accuracy : 98.35%
Accuracy per label : ['0:99.39%', '1:99.12%', '2:98.55%', '3:98.42%', '4:98.68%', '5:97.87%', '6:98.43%', '7:97.96%', '8:98.15%', '9:96.83%']
The model is from round 144 from central server, staleness is 4

Cluster round 1 completed, aggregated models from all the clients, time past : 800msec, loss : 0.05, accuracy 98.27%
Accuracy per label : ['0:99.39%', '1:98.68%', '2:98.45%', '3:98.22%', '4:98.88%', '5:98.43%', '6:97.91%', '7:98.15%', '8:97.84%', '9:96.73%']

Cluster round 2 completed, aggregated models from all the clients, time past : 1500msec, loss : 0.05, accuracy 98.37%
Accuracy per label : ['0:99.39%', '1:99.30%', '2:98.26%', '3:98.12%', '4:98.88%', '5:97.87%', '6:98.33%', '7:98.25%', '8:97.84%', '9:97.32%']

Cluster round 3 completed, aggregated models from all the clients, time past : 2200msec, loss : 0.05, accuracy 98.29%
Accuracy per label : ['0:99.39%', '1:99.30%', '2:98.16%', '3:98.42%', '4:98.68%', '5:97.65%', '6:98.12%', '7:98.35%', '8:97.84%', '9:96.83%']

Before aggregation, loss : 0.05, accuracy : 98.35%
Before aggregation, accuracy per label : ['0:99.39%', '1:99.12%', '2:98.55%', '3:98.42%', '4:98.57%', '5:97.87%', '6:98.43%', '7:97.86%', '8:98.15%', '9:97.03%']
Aggregation to central server completed at central server round 250, loss : 0.05, accuracy: 98.34%, staleness : 4
Accuracy per label after aggregation : ['0:99.39%', '1:99.12%', '2:98.45%', '3:98.42%', '4:98.57%', '5:97.87%', '6:98.43%', '7:97.96%', '8:98.05%', '9:97.03%']

-----------------------------------------------------

Central server round 154 started
Model sent from central server with 100msec communication time, with loss :0.05, accuracy : 98.34%
Accuracy per label : ['0:99.39%', '1:99.12%', '2:98.45%', '3:98.42%', '4:98.57%', '5:97.87%', '6:98.43%', '7:97.96%', '8:98.05%', '9:97.03%']
The model is from round 149 from central server, staleness is 4

Cluster round 1 completed, aggregated models from all the clients, time past : 800msec, loss : 0.05, accuracy 98.35%
Accuracy per label : ['0:99.39%', '1:99.12%', '2:98.35%', '3:98.32%', '4:98.98%', '5:97.53%', '6:98.43%', '7:98.05%', '8:98.25%', '9:96.93%']

Cluster round 2 completed, aggregated models from all the clients, time past : 1500msec, loss : 0.05, accuracy 98.41%
Accuracy per label : ['0:99.39%', '1:99.21%', '2:98.35%', '3:98.32%', '4:98.68%', '5:98.09%', '6:98.43%', '7:98.35%', '8:98.05%', '9:97.13%']

Cluster round 3 completed, aggregated models from all the clients, time past : 2200msec, loss : 0.05, accuracy 98.36%
Accuracy per label : ['0:99.29%', '1:99.21%', '2:98.35%', '3:98.32%', '4:98.47%', '5:97.76%', '6:98.23%', '7:98.35%', '8:98.25%', '9:97.22%']

Before aggregation, loss : 0.05, accuracy : 98.36%
Before aggregation, accuracy per label : ['0:99.39%', '1:99.12%', '2:98.55%', '3:98.42%', '4:98.57%', '5:97.87%', '6:98.43%', '7:97.96%', '8:98.05%', '9:97.13%']
Aggregation to central server completed at central server round 250, loss : 0.05, accuracy: 98.41%, staleness : 4
Accuracy per label after aggregation : ['0:99.39%', '1:99.12%', '2:98.64%', '3:98.42%', '4:98.68%', '5:97.87%', '6:98.43%', '7:98.05%', '8:98.15%', '9:97.22%']

-----------------------------------------------------

Central server round 159 started
Model sent from central server with 100msec communication time, with loss :0.05, accuracy : 98.41%
Accuracy per label : ['0:99.39%', '1:99.12%', '2:98.64%', '3:98.42%', '4:98.68%', '5:97.87%', '6:98.43%', '7:98.05%', '8:98.15%', '9:97.22%']
The model is from round 154 from central server, staleness is 4

Cluster round 1 completed, aggregated models from all the clients, time past : 800msec, loss : 0.05, accuracy 98.39%
Accuracy per label : ['0:99.39%', '1:99.12%', '2:98.45%', '3:98.12%', '4:99.29%', '5:97.76%', '6:98.23%', '7:98.35%', '8:98.36%', '9:96.73%']

Cluster round 2 completed, aggregated models from all the clients, time past : 1500msec, loss : 0.05, accuracy 98.37%
Accuracy per label : ['0:99.39%', '1:99.21%', '2:98.35%', '3:98.02%', '4:98.98%', '5:97.98%', '6:98.43%', '7:98.15%', '8:98.56%', '9:96.53%']

Cluster round 3 completed, aggregated models from all the clients, time past : 2200msec, loss : 0.05, accuracy 98.31%
Accuracy per label : ['0:99.29%', '1:99.12%', '2:98.64%', '3:98.51%', '4:98.68%', '5:97.87%', '6:98.23%', '7:98.05%', '8:97.74%', '9:96.83%']

Before aggregation, loss : 0.05, accuracy : 98.38%
Before aggregation, accuracy per label : ['0:99.39%', '1:99.21%', '2:98.55%', '3:98.42%', '4:98.57%', '5:97.87%', '6:98.43%', '7:98.05%', '8:98.05%', '9:97.13%']
Aggregation to central server completed at central server round 250, loss : 0.05, accuracy: 98.38%, staleness : 4
Accuracy per label after aggregation : ['0:99.39%', '1:99.12%', '2:98.64%', '3:98.42%', '4:98.57%', '5:97.87%', '6:98.43%', '7:98.05%', '8:98.15%', '9:97.03%']

-----------------------------------------------------

Central server round 164 started
Model sent from central server with 100msec communication time, with loss :0.05, accuracy : 98.38%
Accuracy per label : ['0:99.39%', '1:99.12%', '2:98.64%', '3:98.42%', '4:98.57%', '5:97.87%', '6:98.43%', '7:98.05%', '8:98.15%', '9:97.03%']
The model is from round 159 from central server, staleness is 4

Cluster round 1 completed, aggregated models from all the clients, time past : 800msec, loss : 0.05, accuracy 98.46%
Accuracy per label : ['0:99.39%', '1:99.38%', '2:98.45%', '3:98.12%', '4:98.68%', '5:98.77%', '6:98.43%', '7:98.05%', '8:98.05%', '9:97.22%']

Cluster round 2 completed, aggregated models from all the clients, time past : 1500msec, loss : 0.05, accuracy 98.42%
Accuracy per label : ['0:99.39%', '1:99.56%', '2:98.26%', '3:98.51%', '4:98.57%', '5:98.09%', '6:98.33%', '7:98.15%', '8:98.25%', '9:96.93%']

Cluster round 3 completed, aggregated models from all the clients, time past : 2200msec, loss : 0.05, accuracy 98.33%
Accuracy per label : ['0:99.29%', '1:99.12%', '2:98.26%', '3:98.42%', '4:98.98%', '5:97.87%', '6:98.02%', '7:98.05%', '8:98.15%', '9:97.03%']

Before aggregation, loss : 0.05, accuracy : 98.37%
Before aggregation, accuracy per label : ['0:99.39%', '1:99.30%', '2:98.55%', '3:98.42%', '4:98.57%', '5:97.87%', '6:98.43%', '7:98.05%', '8:97.95%', '9:97.03%']
Aggregation to central server completed at central server round 250, loss : 0.05, accuracy: 98.40%, staleness : 4
Accuracy per label after aggregation : ['0:99.39%', '1:99.30%', '2:98.64%', '3:98.42%', '4:98.68%', '5:97.87%', '6:98.33%', '7:98.05%', '8:98.05%', '9:97.13%']

-----------------------------------------------------

Central server round 169 started
Model sent from central server with 100msec communication time, with loss :0.05, accuracy : 98.40%
Accuracy per label : ['0:99.39%', '1:99.30%', '2:98.64%', '3:98.42%', '4:98.68%', '5:97.87%', '6:98.33%', '7:98.05%', '8:98.05%', '9:97.13%']
The model is from round 164 from central server, staleness is 4

Cluster round 1 completed, aggregated models from all the clients, time past : 800msec, loss : 0.05, accuracy 98.40%
Accuracy per label : ['0:99.29%', '1:99.12%', '2:98.45%', '3:98.61%', '4:99.19%', '5:97.65%', '6:98.23%', '7:98.15%', '8:98.25%', '9:96.93%']

Cluster round 2 completed, aggregated models from all the clients, time past : 1500msec, loss : 0.05, accuracy 98.41%
Accuracy per label : ['0:99.29%', '1:99.12%', '2:98.45%', '3:98.32%', '4:98.37%', '5:98.43%', '6:98.23%', '7:98.35%', '8:98.46%', '9:97.03%']

Cluster round 3 completed, aggregated models from all the clients, time past : 2200msec, loss : 0.05, accuracy 98.44%
Accuracy per label : ['0:99.18%', '1:99.56%', '2:98.64%', '3:97.82%', '4:98.98%', '5:98.32%', '6:98.33%', '7:98.15%', '8:97.84%', '9:97.42%']

Before aggregation, loss : 0.05, accuracy : 98.35%
Before aggregation, accuracy per label : ['0:99.39%', '1:99.30%', '2:98.55%', '3:98.51%', '4:98.47%', '5:97.87%', '6:98.23%', '7:98.05%', '8:97.95%', '9:97.03%']
Aggregation to central server completed at central server round 250, loss : 0.05, accuracy: 98.38%, staleness : 4
Accuracy per label after aggregation : ['0:99.39%', '1:99.30%', '2:98.55%', '3:98.51%', '4:98.47%', '5:97.87%', '6:98.33%', '7:98.05%', '8:98.05%', '9:97.13%']

-----------------------------------------------------

Central server round 174 started
Model sent from central server with 100msec communication time, with loss :0.05, accuracy : 98.38%
Accuracy per label : ['0:99.39%', '1:99.30%', '2:98.55%', '3:98.51%', '4:98.47%', '5:97.87%', '6:98.33%', '7:98.05%', '8:98.05%', '9:97.13%']
The model is from round 169 from central server, staleness is 4

Cluster round 1 completed, aggregated models from all the clients, time past : 800msec, loss : 0.05, accuracy 98.41%
Accuracy per label : ['0:99.29%', '1:99.47%', '2:98.64%', '3:98.42%', '4:98.78%', '5:98.21%', '6:98.12%', '7:98.35%', '8:97.74%', '9:96.93%']

Cluster round 2 completed, aggregated models from all the clients, time past : 1500msec, loss : 0.05, accuracy 98.47%
Accuracy per label : ['0:99.39%', '1:99.38%', '2:98.35%', '3:98.81%', '4:99.19%', '5:97.76%', '6:98.23%', '7:98.25%', '8:98.15%', '9:97.03%']

Cluster round 3 completed, aggregated models from all the clients, time past : 2200msec, loss : 0.05, accuracy 98.45%
Accuracy per label : ['0:99.29%', '1:99.47%', '2:98.45%', '3:98.61%', '4:98.98%', '5:97.42%', '6:98.12%', '7:98.35%', '8:98.36%', '9:97.22%']

Before aggregation, loss : 0.05, accuracy : 98.38%
Before aggregation, accuracy per label : ['0:99.39%', '1:99.30%', '2:98.55%', '3:98.42%', '4:98.78%', '5:97.87%', '6:98.23%', '7:97.96%', '8:98.05%', '9:97.13%']
Aggregation to central server completed at central server round 250, loss : 0.05, accuracy: 98.45%, staleness : 4
Accuracy per label after aggregation : ['0:99.39%', '1:99.47%', '2:98.55%', '3:98.51%', '4:98.78%', '5:97.87%', '6:98.33%', '7:98.05%', '8:98.25%', '9:97.13%']

-----------------------------------------------------

Central server round 179 started
Model sent from central server with 100msec communication time, with loss :0.05, accuracy : 98.45%
Accuracy per label : ['0:99.39%', '1:99.47%', '2:98.55%', '3:98.51%', '4:98.78%', '5:97.87%', '6:98.33%', '7:98.05%', '8:98.25%', '9:97.13%']
The model is from round 174 from central server, staleness is 4

Cluster round 1 completed, aggregated models from all the clients, time past : 800msec, loss : 0.05, accuracy 98.47%
Accuracy per label : ['0:99.39%', '1:98.94%', '2:98.55%', '3:98.12%', '4:99.29%', '5:98.32%', '6:98.33%', '7:98.74%', '8:97.95%', '9:97.03%']

Cluster round 2 completed, aggregated models from all the clients, time past : 1500msec, loss : 0.05, accuracy 98.50%
Accuracy per label : ['0:99.29%', '1:99.65%', '2:98.35%', '3:98.22%', '4:99.29%', '5:97.65%', '6:98.23%', '7:98.25%', '8:98.36%', '9:97.52%']

Cluster round 3 completed, aggregated models from all the clients, time past : 2200msec, loss : 0.05, accuracy 98.47%
Accuracy per label : ['0:99.18%', '1:99.56%', '2:98.55%', '3:98.32%', '4:98.98%', '5:98.32%', '6:98.02%', '7:98.35%', '8:98.05%', '9:97.22%']

Before aggregation, loss : 0.05, accuracy : 98.41%
Before aggregation, accuracy per label : ['0:99.39%', '1:99.38%', '2:98.64%', '3:98.71%', '4:98.57%', '5:97.87%', '6:98.23%', '7:97.96%', '8:98.05%', '9:97.13%']
Aggregation to central server completed at central server round 250, loss : 0.05, accuracy: 98.44%, staleness : 4
Accuracy per label after aggregation : ['0:99.39%', '1:99.47%', '2:98.55%', '3:98.61%', '4:98.78%', '5:97.87%', '6:98.23%', '7:98.05%', '8:98.15%', '9:97.13%']

-----------------------------------------------------

Central server round 184 started
Model sent from central server with 100msec communication time, with loss :0.05, accuracy : 98.44%
Accuracy per label : ['0:99.39%', '1:99.47%', '2:98.55%', '3:98.61%', '4:98.78%', '5:97.87%', '6:98.23%', '7:98.05%', '8:98.15%', '9:97.13%']
The model is from round 179 from central server, staleness is 4

Cluster round 1 completed, aggregated models from all the clients, time past : 800msec, loss : 0.05, accuracy 98.51%
Accuracy per label : ['0:99.39%', '1:99.56%', '2:98.55%', '3:98.32%', '4:98.78%', '5:98.54%', '6:98.12%', '7:98.64%', '8:98.36%', '9:96.73%']

Cluster round 2 completed, aggregated models from all the clients, time past : 1500msec, loss : 0.05, accuracy 98.53%
Accuracy per label : ['0:99.29%', '1:99.47%', '2:98.55%', '3:98.61%', '4:98.98%', '5:98.21%', '6:98.23%', '7:98.44%', '8:98.15%', '9:97.22%']

Cluster round 3 completed, aggregated models from all the clients, time past : 2200msec, loss : 0.05, accuracy 98.52%
Accuracy per label : ['0:99.39%', '1:99.21%', '2:98.35%', '3:98.51%', '4:99.19%', '5:98.32%', '6:98.12%', '7:98.35%', '8:98.36%', '9:97.32%']

Before aggregation, loss : 0.05, accuracy : 98.43%
Before aggregation, accuracy per label : ['0:99.39%', '1:99.47%', '2:98.45%', '3:98.71%', '4:98.68%', '5:97.87%', '6:98.23%', '7:98.05%', '8:98.05%', '9:97.22%']
Aggregation to central server completed at central server round 250, loss : 0.05, accuracy: 98.45%, staleness : 4
Accuracy per label after aggregation : ['0:99.39%', '1:99.47%', '2:98.55%', '3:98.61%', '4:98.68%', '5:97.87%', '6:98.23%', '7:98.15%', '8:98.15%', '9:97.22%']

-----------------------------------------------------

Central server round 189 started
Model sent from central server with 100msec communication time, with loss :0.05, accuracy : 98.45%
Accuracy per label : ['0:99.39%', '1:99.47%', '2:98.55%', '3:98.61%', '4:98.68%', '5:97.87%', '6:98.23%', '7:98.15%', '8:98.15%', '9:97.22%']
The model is from round 184 from central server, staleness is 4

Cluster round 1 completed, aggregated models from all the clients, time past : 800msec, loss : 0.05, accuracy 98.48%
Accuracy per label : ['0:99.39%', '1:99.38%', '2:98.74%', '3:98.61%', '4:99.08%', '5:98.43%', '6:98.23%', '7:97.67%', '8:98.15%', '9:97.03%']

Cluster round 2 completed, aggregated models from all the clients, time past : 1500msec, loss : 0.05, accuracy 98.47%
Accuracy per label : ['0:99.29%', '1:99.30%', '2:98.45%', '3:98.02%', '4:99.29%', '5:98.21%', '6:98.12%', '7:98.54%', '8:98.46%', '9:96.93%']

Cluster round 3 completed, aggregated models from all the clients, time past : 2200msec, loss : 0.05, accuracy 98.40%
Accuracy per label : ['0:99.18%', '1:99.21%', '2:98.26%', '3:98.91%', '4:98.68%', '5:98.21%', '6:98.02%', '7:98.35%', '8:98.25%', '9:96.83%']

Before aggregation, loss : 0.05, accuracy : 98.45%
Before aggregation, accuracy per label : ['0:99.39%', '1:99.47%', '2:98.45%', '3:98.81%', '4:98.78%', '5:97.87%', '6:98.12%', '7:98.15%', '8:98.05%', '9:97.22%']
Aggregation to central server completed at central server round 250, loss : 0.05, accuracy: 98.46%, staleness : 4
Accuracy per label after aggregation : ['0:99.39%', '1:99.47%', '2:98.35%', '3:98.91%', '4:98.78%', '5:97.87%', '6:98.12%', '7:98.25%', '8:98.15%', '9:97.13%']

-----------------------------------------------------

Central server round 194 started
Model sent from central server with 100msec communication time, with loss :0.05, accuracy : 98.46%
Accuracy per label : ['0:99.39%', '1:99.47%', '2:98.35%', '3:98.91%', '4:98.78%', '5:97.87%', '6:98.12%', '7:98.25%', '8:98.15%', '9:97.13%']
The model is from round 189 from central server, staleness is 4

Cluster round 1 completed, aggregated models from all the clients, time past : 800msec, loss : 0.05, accuracy 98.57%
Accuracy per label : ['0:99.39%', '1:99.47%', '2:98.55%', '3:98.71%', '4:99.08%', '5:98.32%', '6:98.23%', '7:98.44%', '8:98.36%', '9:97.03%']

Cluster round 2 completed, aggregated models from all the clients, time past : 1500msec, loss : 0.05, accuracy 98.46%
Accuracy per label : ['0:99.29%', '1:99.03%', '2:98.55%', '3:98.61%', '4:98.47%', '5:98.21%', '6:98.23%', '7:98.44%', '8:98.87%', '9:96.83%']

Cluster round 3 completed, aggregated models from all the clients, time past : 2200msec, loss : 0.05, accuracy 98.53%
Accuracy per label : ['0:99.18%', '1:99.47%', '2:98.26%', '3:98.51%', '4:99.08%', '5:98.32%', '6:98.23%', '7:98.25%', '8:98.67%', '9:97.22%']

Before aggregation, loss : 0.05, accuracy : 98.46%
Before aggregation, accuracy per label : ['0:99.39%', '1:99.47%', '2:98.55%', '3:98.91%', '4:98.78%', '5:97.87%', '6:98.12%', '7:98.15%', '8:98.05%', '9:97.13%']
Aggregation to central server completed at central server round 250, loss : 0.05, accuracy: 98.46%, staleness : 4
Accuracy per label after aggregation : ['0:99.39%', '1:99.47%', '2:98.45%', '3:98.91%', '4:98.78%', '5:97.87%', '6:98.12%', '7:98.15%', '8:98.25%', '9:97.03%']

-----------------------------------------------------

Central server round 199 started
Model sent from central server with 100msec communication time, with loss :0.05, accuracy : 98.46%
Accuracy per label : ['0:99.39%', '1:99.47%', '2:98.45%', '3:98.91%', '4:98.78%', '5:97.87%', '6:98.12%', '7:98.15%', '8:98.25%', '9:97.03%']
The model is from round 194 from central server, staleness is 4

Cluster round 1 completed, aggregated models from all the clients, time past : 800msec, loss : 0.04, accuracy 98.54%
Accuracy per label : ['0:99.39%', '1:99.12%', '2:98.64%', '3:98.42%', '4:99.19%', '5:98.32%', '6:98.33%', '7:97.96%', '8:98.56%', '9:97.42%']

Cluster round 2 completed, aggregated models from all the clients, time past : 1500msec, loss : 0.04, accuracy 98.48%
Accuracy per label : ['0:99.29%', '1:99.12%', '2:98.55%', '3:98.51%', '4:98.47%', '5:98.54%', '6:98.12%', '7:98.15%', '8:98.46%', '9:97.52%']

Cluster round 3 completed, aggregated models from all the clients, time past : 2200msec, loss : 0.05, accuracy 98.50%
Accuracy per label : ['0:99.18%', '1:99.03%', '2:98.74%', '3:98.51%', '4:99.08%', '5:98.54%', '6:98.12%', '7:98.35%', '8:98.36%', '9:97.03%']

Before aggregation, loss : 0.05, accuracy : 98.49%
Before aggregation, accuracy per label : ['0:99.39%', '1:99.47%', '2:98.45%', '3:98.91%', '4:98.78%', '5:97.87%', '6:98.23%', '7:98.25%', '8:98.25%', '9:97.13%']
Aggregation to central server completed at central server round 250, loss : 0.04, accuracy: 98.47%, staleness : 4
Accuracy per label after aggregation : ['0:99.39%', '1:99.47%', '2:98.45%', '3:98.91%', '4:98.78%', '5:97.87%', '6:98.12%', '7:98.35%', '8:98.25%', '9:96.93%']

-----------------------------------------------------

Central server round 204 started
Model sent from central server with 100msec communication time, with loss :0.04, accuracy : 98.47%
Accuracy per label : ['0:99.39%', '1:99.47%', '2:98.45%', '3:98.91%', '4:98.78%', '5:97.87%', '6:98.12%', '7:98.35%', '8:98.25%', '9:96.93%']
The model is from round 199 from central server, staleness is 4

Cluster round 1 completed, aggregated models from all the clients, time past : 800msec, loss : 0.04, accuracy 98.65%
Accuracy per label : ['0:99.39%', '1:99.74%', '2:98.35%', '3:98.81%', '4:98.98%', '5:98.32%', '6:98.33%', '7:98.25%', '8:98.25%', '9:97.92%']

Cluster round 2 completed, aggregated models from all the clients, time past : 1500msec, loss : 0.05, accuracy 98.55%
Accuracy per label : ['0:99.29%', '1:99.30%', '2:98.55%', '3:98.91%', '4:99.08%', '5:98.32%', '6:98.12%', '7:98.25%', '8:98.36%', '9:97.22%']

Cluster round 3 completed, aggregated models from all the clients, time past : 2200msec, loss : 0.05, accuracy 98.56%
Accuracy per label : ['0:99.18%', '1:99.74%', '2:97.87%', '3:98.71%', '4:99.29%', '5:98.21%', '6:98.23%', '7:98.44%', '8:98.25%', '9:97.52%']

Before aggregation, loss : 0.04, accuracy : 98.51%
Before aggregation, accuracy per label : ['0:99.39%', '1:99.47%', '2:98.64%', '3:98.91%', '4:98.78%', '5:97.87%', '6:98.23%', '7:98.25%', '8:98.25%', '9:97.13%']
Aggregation to central server completed at central server round 250, loss : 0.04, accuracy: 98.49%, staleness : 4
Accuracy per label after aggregation : ['0:99.39%', '1:99.47%', '2:98.45%', '3:98.91%', '4:98.78%', '5:97.87%', '6:98.23%', '7:98.35%', '8:98.25%', '9:97.03%']

-----------------------------------------------------

Central server round 209 started
Model sent from central server with 100msec communication time, with loss :0.04, accuracy : 98.49%
Accuracy per label : ['0:99.39%', '1:99.47%', '2:98.45%', '3:98.91%', '4:98.78%', '5:97.87%', '6:98.23%', '7:98.35%', '8:98.25%', '9:97.03%']
The model is from round 204 from central server, staleness is 4

Cluster round 1 completed, aggregated models from all the clients, time past : 800msec, loss : 0.04, accuracy 98.46%
Accuracy per label : ['0:99.29%', '1:99.21%', '2:98.55%', '3:98.71%', '4:98.57%', '5:98.54%', '6:98.12%', '7:98.35%', '8:98.46%', '9:96.73%']

Cluster round 2 completed, aggregated models from all the clients, time past : 1500msec, loss : 0.04, accuracy 98.59%
Accuracy per label : ['0:99.29%', '1:99.38%', '2:98.45%', '3:98.91%', '4:98.98%', '5:98.32%', '6:98.12%', '7:98.35%', '8:98.67%', '9:97.32%']

Cluster round 3 completed, aggregated models from all the clients, time past : 2200msec, loss : 0.04, accuracy 98.59%
Accuracy per label : ['0:99.18%', '1:99.65%', '2:98.64%', '3:98.61%', '4:99.19%', '5:98.43%', '6:98.23%', '7:98.25%', '8:98.46%', '9:97.13%']

Before aggregation, loss : 0.04, accuracy : 98.51%
Before aggregation, accuracy per label : ['0:99.39%', '1:99.47%', '2:98.55%', '3:99.01%', '4:98.78%', '5:97.98%', '6:98.23%', '7:98.35%', '8:98.05%', '9:97.13%']
Aggregation to central server completed at central server round 250, loss : 0.04, accuracy: 98.54%, staleness : 4
Accuracy per label after aggregation : ['0:99.39%', '1:99.56%', '2:98.45%', '3:99.01%', '4:98.78%', '5:98.09%', '6:98.23%', '7:98.35%', '8:98.25%', '9:97.13%']

-----------------------------------------------------

Central server round 214 started
Model sent from central server with 100msec communication time, with loss :0.04, accuracy : 98.54%
Accuracy per label : ['0:99.39%', '1:99.56%', '2:98.45%', '3:99.01%', '4:98.78%', '5:98.09%', '6:98.23%', '7:98.35%', '8:98.25%', '9:97.13%']
The model is from round 209 from central server, staleness is 4

Cluster round 1 completed, aggregated models from all the clients, time past : 800msec, loss : 0.04, accuracy 98.57%
Accuracy per label : ['0:99.18%', '1:99.21%', '2:98.55%', '3:98.91%', '4:98.57%', '5:98.54%', '6:98.33%', '7:98.15%', '8:98.56%', '9:97.62%']

Cluster round 2 completed, aggregated models from all the clients, time past : 1500msec, loss : 0.04, accuracy 98.56%
Accuracy per label : ['0:99.18%', '1:99.56%', '2:98.84%', '3:99.01%', '4:98.98%', '5:98.32%', '6:98.12%', '7:98.25%', '8:97.84%', '9:97.32%']

Cluster round 3 completed, aggregated models from all the clients, time past : 2200msec, loss : 0.04, accuracy 98.53%
Accuracy per label : ['0:99.08%', '1:99.21%', '2:98.74%', '3:98.61%', '4:99.29%', '5:98.43%', '6:98.12%', '7:98.35%', '8:98.36%', '9:97.03%']

Before aggregation, loss : 0.04, accuracy : 98.53%
Before aggregation, accuracy per label : ['0:99.39%', '1:99.65%', '2:98.74%', '3:98.91%', '4:98.78%', '5:97.98%', '6:98.23%', '7:98.25%', '8:98.05%', '9:97.13%']
Aggregation to central server completed at central server round 250, loss : 0.04, accuracy: 98.56%, staleness : 4
Accuracy per label after aggregation : ['0:99.39%', '1:99.65%', '2:98.74%', '3:98.91%', '4:98.78%', '5:98.21%', '6:98.23%', '7:98.25%', '8:98.25%', '9:97.03%']

-----------------------------------------------------

Central server round 219 started
Model sent from central server with 100msec communication time, with loss :0.04, accuracy : 98.56%
Accuracy per label : ['0:99.39%', '1:99.65%', '2:98.74%', '3:98.91%', '4:98.78%', '5:98.21%', '6:98.23%', '7:98.25%', '8:98.25%', '9:97.03%']
The model is from round 214 from central server, staleness is 4

Cluster round 1 completed, aggregated models from all the clients, time past : 800msec, loss : 0.04, accuracy 98.61%
Accuracy per label : ['0:99.29%', '1:99.30%', '2:98.84%', '3:98.61%', '4:99.19%', '5:98.43%', '6:98.33%', '7:98.35%', '8:98.15%', '9:97.52%']

Cluster round 2 completed, aggregated models from all the clients, time past : 1500msec, loss : 0.04, accuracy 98.55%
Accuracy per label : ['0:99.18%', '1:99.21%', '2:98.64%', '3:98.51%', '4:98.88%', '5:98.65%', '6:98.12%', '7:98.35%', '8:98.87%', '9:97.03%']

Cluster round 3 completed, aggregated models from all the clients, time past : 2200msec, loss : 0.04, accuracy 98.56%
Accuracy per label : ['0:99.18%', '1:99.30%', '2:98.74%', '3:98.61%', '4:99.08%', '5:98.65%', '6:98.12%', '7:98.25%', '8:98.46%', '9:97.13%']

Before aggregation, loss : 0.04, accuracy : 98.55%
Before aggregation, accuracy per label : ['0:99.39%', '1:99.65%', '2:98.84%', '3:98.91%', '4:98.78%', '5:98.09%', '6:98.23%', '7:98.15%', '8:98.15%', '9:97.13%']
Aggregation to central server completed at central server round 250, loss : 0.04, accuracy: 98.57%, staleness : 4
Accuracy per label after aggregation : ['0:99.39%', '1:99.65%', '2:98.84%', '3:98.91%', '4:98.88%', '5:98.21%', '6:98.23%', '7:98.15%', '8:98.25%', '9:97.03%']

-----------------------------------------------------

Central server round 224 started
Model sent from central server with 100msec communication time, with loss :0.04, accuracy : 98.57%
Accuracy per label : ['0:99.39%', '1:99.65%', '2:98.84%', '3:98.91%', '4:98.88%', '5:98.21%', '6:98.23%', '7:98.15%', '8:98.25%', '9:97.03%']
The model is from round 219 from central server, staleness is 4

Cluster round 1 completed, aggregated models from all the clients, time past : 800msec, loss : 0.04, accuracy 98.60%
Accuracy per label : ['0:99.39%', '1:99.30%', '2:98.45%', '3:98.81%', '4:99.08%', '5:98.54%', '6:98.43%', '7:98.35%', '8:98.56%', '9:97.03%']

Cluster round 2 completed, aggregated models from all the clients, time past : 1500msec, loss : 0.04, accuracy 98.62%
Accuracy per label : ['0:99.18%', '1:99.30%', '2:98.74%', '3:98.61%', '4:99.19%', '5:98.65%', '6:98.33%', '7:98.35%', '8:98.46%', '9:97.32%']

Cluster round 3 completed, aggregated models from all the clients, time past : 2200msec, loss : 0.04, accuracy 98.62%
Accuracy per label : ['0:99.18%', '1:99.47%', '2:98.55%', '3:98.61%', '4:98.98%', '5:98.54%', '6:98.23%', '7:98.25%', '8:98.77%', '9:97.52%']

Before aggregation, loss : 0.04, accuracy : 98.59%
Before aggregation, accuracy per label : ['0:99.39%', '1:99.65%', '2:98.84%', '3:98.91%', '4:98.88%', '5:98.21%', '6:98.23%', '7:98.15%', '8:98.15%', '9:97.32%']
Aggregation to central server completed at central server round 250, loss : 0.04, accuracy: 98.60%, staleness : 4
Accuracy per label after aggregation : ['0:99.39%', '1:99.65%', '2:98.84%', '3:98.91%', '4:98.98%', '5:98.21%', '6:98.23%', '7:98.15%', '8:98.25%', '9:97.22%']

-----------------------------------------------------

Central server round 229 started
Model sent from central server with 100msec communication time, with loss :0.04, accuracy : 98.60%
Accuracy per label : ['0:99.39%', '1:99.65%', '2:98.84%', '3:98.91%', '4:98.98%', '5:98.21%', '6:98.23%', '7:98.15%', '8:98.25%', '9:97.22%']
The model is from round 224 from central server, staleness is 4

Cluster round 1 completed, aggregated models from all the clients, time past : 800msec, loss : 0.04, accuracy 98.66%
Accuracy per label : ['0:99.39%', '1:99.30%', '2:98.64%', '3:98.42%', '4:99.29%', '5:98.77%', '6:98.33%', '7:98.25%', '8:98.67%', '9:97.52%']

Cluster round 2 completed, aggregated models from all the clients, time past : 1500msec, loss : 0.04, accuracy 98.54%
Accuracy per label : ['0:99.29%', '1:99.21%', '2:98.45%', '3:98.71%', '4:98.68%', '5:98.54%', '6:98.12%', '7:98.44%', '8:98.25%', '9:97.62%']

Cluster round 3 completed, aggregated models from all the clients, time past : 2200msec, loss : 0.04, accuracy 98.60%
Accuracy per label : ['0:99.18%', '1:99.56%', '2:98.55%', '3:98.61%', '4:99.08%', '5:98.54%', '6:98.12%', '7:98.35%', '8:98.46%', '9:97.42%']

Before aggregation, loss : 0.04, accuracy : 98.56%
Before aggregation, accuracy per label : ['0:99.39%', '1:99.65%', '2:98.84%', '3:99.01%', '4:98.78%', '5:97.98%', '6:98.23%', '7:98.15%', '8:98.15%', '9:97.22%']
Aggregation to central server completed at central server round 250, loss : 0.04, accuracy: 98.60%, staleness : 4
Accuracy per label after aggregation : ['0:99.39%', '1:99.65%', '2:98.84%', '3:99.01%', '4:98.88%', '5:98.21%', '6:98.23%', '7:98.15%', '8:98.25%', '9:97.22%']

-----------------------------------------------------

Central server round 234 started
Model sent from central server with 100msec communication time, with loss :0.04, accuracy : 98.60%
Accuracy per label : ['0:99.39%', '1:99.65%', '2:98.84%', '3:99.01%', '4:98.88%', '5:98.21%', '6:98.23%', '7:98.15%', '8:98.25%', '9:97.22%']
The model is from round 229 from central server, staleness is 4

Cluster round 1 completed, aggregated models from all the clients, time past : 800msec, loss : 0.04, accuracy 98.58%
Accuracy per label : ['0:99.39%', '1:99.21%', '2:98.84%', '3:98.81%', '4:98.68%', '5:98.54%', '6:98.43%', '7:97.86%', '8:98.56%', '9:97.42%']

Cluster round 2 completed, aggregated models from all the clients, time past : 1500msec, loss : 0.04, accuracy 98.64%
Accuracy per label : ['0:99.29%', '1:99.47%', '2:99.13%', '3:98.91%', '4:98.98%', '5:98.43%', '6:98.23%', '7:98.15%', '8:98.36%', '9:97.32%']

Cluster round 3 completed, aggregated models from all the clients, time past : 2200msec, loss : 0.04, accuracy 98.65%
Accuracy per label : ['0:99.18%', '1:99.47%', '2:98.93%', '3:99.01%', '4:99.39%', '5:98.43%', '6:98.02%', '7:98.44%', '8:98.36%', '9:97.13%']

Before aggregation, loss : 0.04, accuracy : 98.60%
Before aggregation, accuracy per label : ['0:99.39%', '1:99.65%', '2:98.84%', '3:99.01%', '4:98.88%', '5:98.21%', '6:98.23%', '7:98.15%', '8:98.15%', '9:97.32%']
Aggregation to central server completed at central server round 250, loss : 0.04, accuracy: 98.62%, staleness : 4
Accuracy per label after aggregation : ['0:99.39%', '1:99.65%', '2:98.84%', '3:99.01%', '4:98.98%', '5:98.21%', '6:98.23%', '7:98.25%', '8:98.25%', '9:97.22%']

-----------------------------------------------------

Central server round 239 started
Model sent from central server with 100msec communication time, with loss :0.04, accuracy : 98.62%
Accuracy per label : ['0:99.39%', '1:99.65%', '2:98.84%', '3:99.01%', '4:98.98%', '5:98.21%', '6:98.23%', '7:98.25%', '8:98.25%', '9:97.22%']
The model is from round 234 from central server, staleness is 4

Cluster round 1 completed, aggregated models from all the clients, time past : 800msec, loss : 0.04, accuracy 98.71%
Accuracy per label : ['0:99.29%', '1:99.30%', '2:99.03%', '3:98.91%', '4:99.08%', '5:98.43%', '6:98.33%', '7:98.35%', '8:98.67%', '9:97.62%']

Cluster round 2 completed, aggregated models from all the clients, time past : 1500msec, loss : 0.04, accuracy 98.61%
Accuracy per label : ['0:99.18%', '1:99.12%', '2:99.03%', '3:98.51%', '4:99.29%', '5:98.65%', '6:98.23%', '7:98.44%', '8:98.15%', '9:97.42%']

Cluster round 3 completed, aggregated models from all the clients, time past : 2200msec, loss : 0.04, accuracy 98.63%
Accuracy per label : ['0:99.18%', '1:99.38%', '2:98.26%', '3:98.81%', '4:99.19%', '5:98.43%', '6:98.33%', '7:98.35%', '8:98.77%', '9:97.52%']

Before aggregation, loss : 0.04, accuracy : 98.59%
Before aggregation, accuracy per label : ['0:99.39%', '1:99.65%', '2:98.84%', '3:99.11%', '4:98.78%', '5:97.98%', '6:98.23%', '7:98.25%', '8:98.15%', '9:97.32%']
Aggregation to central server completed at central server round 250, loss : 0.04, accuracy: 98.62%, staleness : 4
Accuracy per label after aggregation : ['0:99.39%', '1:99.65%', '2:98.84%', '3:99.11%', '4:98.88%', '5:98.09%', '6:98.23%', '7:98.25%', '8:98.15%', '9:97.42%']

-----------------------------------------------------

Central server round 244 started
Model sent from central server with 100msec communication time, with loss :0.04, accuracy : 98.62%
Accuracy per label : ['0:99.39%', '1:99.65%', '2:98.84%', '3:99.11%', '4:98.88%', '5:98.09%', '6:98.23%', '7:98.25%', '8:98.15%', '9:97.42%']
The model is from round 239 from central server, staleness is 4

Cluster round 1 completed, aggregated models from all the clients, time past : 800msec, loss : 0.04, accuracy 98.61%
Accuracy per label : ['0:99.29%', '1:99.30%', '2:99.03%', '3:98.71%', '4:99.08%', '5:98.54%', '6:98.33%', '7:98.15%', '8:98.25%', '9:97.32%']

Cluster round 2 completed, aggregated models from all the clients, time past : 1500msec, loss : 0.04, accuracy 98.64%
Accuracy per label : ['0:99.18%', '1:99.38%', '2:98.74%', '3:98.61%', '4:98.98%', '5:98.54%', '6:98.23%', '7:98.25%', '8:98.67%', '9:97.72%']

Cluster round 3 completed, aggregated models from all the clients, time past : 2200msec, loss : 0.04, accuracy 98.66%
Accuracy per label : ['0:99.18%', '1:99.82%', '2:98.45%', '3:98.81%', '4:99.29%', '5:98.43%', '6:98.12%', '7:98.35%', '8:98.46%', '9:97.52%']

Before aggregation, loss : 0.04, accuracy : 98.63%
Before aggregation, accuracy per label : ['0:99.39%', '1:99.65%', '2:98.84%', '3:99.11%', '4:98.88%', '5:97.98%', '6:98.33%', '7:98.25%', '8:98.15%', '9:97.52%']
Aggregation to central server completed at central server round 250, loss : 0.04, accuracy: 98.63%, staleness : 4
Accuracy per label after aggregation : ['0:99.39%', '1:99.65%', '2:98.84%', '3:99.11%', '4:98.88%', '5:98.21%', '6:98.23%', '7:98.25%', '8:98.15%', '9:97.42%']

-----------------------------------------------------

Central server round 249 started
Model sent from central server with 100msec communication time, with loss :0.04, accuracy : 98.63%
Accuracy per label : ['0:99.39%', '1:99.65%', '2:98.84%', '3:99.11%', '4:98.88%', '5:98.21%', '6:98.23%', '7:98.25%', '8:98.15%', '9:97.42%']
The model is from round 244 from central server, staleness is 4

Cluster round 1 completed, aggregated models from all the clients, time past : 800msec, loss : 0.04, accuracy 98.66%
Accuracy per label : ['0:99.29%', '1:99.21%', '2:98.93%', '3:98.61%', '4:98.98%', '5:98.54%', '6:98.54%', '7:98.25%', '8:98.77%', '9:97.42%']

Cluster round 2 completed, aggregated models from all the clients, time past : 1500msec, loss : 0.04, accuracy 98.71%
Accuracy per label : ['0:99.18%', '1:99.56%', '2:99.03%', '3:99.01%', '4:98.88%', '5:98.54%', '6:98.33%', '7:98.25%', '8:98.46%', '9:97.72%']

Cluster round 3 completed, aggregated models from all the clients, time past : 2200msec, loss : 0.04, accuracy 98.66%
Accuracy per label : ['0:99.18%', '1:99.82%', '2:98.35%', '3:98.81%', '4:99.08%', '5:98.43%', '6:98.23%', '7:98.25%', '8:98.46%', '9:97.82%']

Before aggregation, loss : 0.04, accuracy : 98.64%
Before aggregation, accuracy per label : ['0:99.39%', '1:99.65%', '2:98.84%', '3:99.11%', '4:98.88%', '5:97.98%', '6:98.33%', '7:98.25%', '8:98.05%', '9:97.72%']
Aggregation to central server completed at central server round 250, loss : 0.04, accuracy: 98.66%, staleness : 4
Accuracy per label after aggregation : ['0:99.39%', '1:99.74%', '2:98.84%', '3:99.11%', '4:98.88%', '5:98.21%', '6:98.33%', '7:98.25%', '8:98.15%', '9:97.52%']

