Client 0 with 5457 data
Communication time : 10, Computation time per epoch : 20, Training time : 80
0 : 0.60%  1 : 0.70%  2 : 0.62%  3 : 0.64%  4 : 0.60%  5 : 94.36%  6 : 0.60%  7 : 0.64%  8 : 0.60%  9 : 0.62%  
Divergence : jsd 0.6238, tvd 0.8532
labels from the first batch :[5, 5, 5, 5, 3, 5, 5, 5, 5, 5, 5, 5, 5, 5, 5, 5, 5, 5, 5, 5, 5, 5, 5, 5, 5, 5, 5, 5, 5, 5, 5, 5]

Client 1 with 5929 data
Communication time : 5, Computation time per epoch : 10, Training time : 40
0 : 94.89%  1 : 0.64%  2 : 0.56%  3 : 0.57%  4 : 0.56%  5 : 0.52%  6 : 0.56%  7 : 0.59%  8 : 0.56%  9 : 0.56%  
Divergence : jsd 0.6204, tvd 0.8502
labels from the first batch :[0, 0, 0, 0, 0, 0, 0, 0, 0, 0, 0, 0, 0, 0, 0, 0, 0, 0, 0, 0, 0, 0, 0, 0, 0, 0, 0, 0, 0, 0, 0, 0]

Client 2 with 5852 data
Communication time : 20, Computation time per epoch : 10, Training time : 70
0 : 0.56%  1 : 0.65%  2 : 0.56%  3 : 0.58%  4 : 94.82%  5 : 0.53%  6 : 0.56%  7 : 0.60%  8 : 0.56%  9 : 0.56%  
Divergence : jsd 0.6213, tvd 0.8509
labels from the first batch :[4, 4, 4, 4, 6, 4, 4, 4, 4, 4, 4, 4, 4, 4, 4, 4, 4, 4, 4, 4, 4, 4, 4, 4, 4, 4, 4, 4, 4, 4, 4, 4]

Client 3 with 3351 data
Communication time : 20, Computation time per epoch : 20, Training time : 100
0 : 0.57%  1 : 95.55%  2 : 0.45%  3 : 0.45%  4 : 0.57%  5 : 0.42%  6 : 0.51%  7 : 0.42%  8 : 0.51%  9 : 0.57%  
Divergence : jsd 0.6122, tvd 0.8432
labels from the first batch :[1, 1, 1, 1, 1, 1, 1, 1, 1, 1, 1, 1, 1, 1, 1, 1, 1, 1, 0, 1, 1, 1, 1, 1, 1, 1, 1, 1, 1, 1, 1, 1]

Client 4 with 3350 data
Communication time : 5, Computation time per epoch : 40, Training time : 130
0 : 0.42%  1 : 95.58%  2 : 0.54%  3 : 0.57%  4 : 0.42%  5 : 0.48%  6 : 0.48%  7 : 0.63%  8 : 0.48%  9 : 0.42%  
Divergence : jsd 0.6128, tvd 0.8435
labels from the first batch :[1, 1, 1, 1, 1, 1, 1, 1, 1, 1, 1, 1, 1, 2, 1, 1, 1, 1, 1, 1, 1, 1, 1, 1, 1, 3, 1, 1, 1, 1, 6, 1]

Client 5 with 5953 data
Communication time : 5, Computation time per epoch : 10, Training time : 40
0 : 0.55%  1 : 0.64%  2 : 0.55%  3 : 0.57%  4 : 0.55%  5 : 0.50%  6 : 0.55%  7 : 0.59%  8 : 0.55%  9 : 94.93%  
Divergence : jsd 0.6204, tvd 0.8501
labels from the first batch :[9, 9, 9, 9, 9, 9, 9, 9, 9, 9, 9, 9, 9, 9, 9, 9, 9, 9, 9, 9, 9, 9, 9, 9, 9, 9, 9, 9, 9, 9, 9, 9]

Client 6 with 5961 data
Communication time : 10, Computation time per epoch : 20, Training time : 80
0 : 0.55%  1 : 0.64%  2 : 94.95%  3 : 0.57%  4 : 0.55%  5 : 0.50%  6 : 0.55%  7 : 0.59%  8 : 0.54%  9 : 0.55%  
Divergence : jsd 0.6206, tvd 0.8502
labels from the first batch :[2, 2, 2, 2, 2, 2, 2, 2, 2, 2, 2, 2, 2, 2, 2, 2, 2, 2, 1, 2, 2, 2, 2, 2, 2, 2, 2, 2, 2, 2, 2, 2]

Client 7 with 6122 data
Communication time : 10, Computation time per epoch : 40, Training time : 140
0 : 0.54%  1 : 0.60%  2 : 0.54%  3 : 95.13%  4 : 0.52%  5 : 0.49%  6 : 0.54%  7 : 0.57%  8 : 0.52%  9 : 0.54%  
Divergence : jsd 0.6196, tvd 0.8491
labels from the first batch :[3, 3, 1, 3, 5, 0, 3, 3, 3, 3, 3, 3, 3, 3, 3, 3, 3, 3, 3, 3, 3, 3, 3, 3, 3, 3, 3, 3, 3, 3, 3, 3]

Client 8 with 5921 data
Communication time : 20, Computation time per epoch : 20, Training time : 100
0 : 0.56%  1 : 0.62%  2 : 0.56%  3 : 0.57%  4 : 0.54%  5 : 0.51%  6 : 94.95%  7 : 0.59%  8 : 0.54%  9 : 0.56%  
Divergence : jsd 0.6217, tvd 0.8509
labels from the first batch :[6, 6, 1, 6, 6, 6, 6, 6, 6, 6, 6, 6, 6, 6, 6, 6, 6, 6, 6, 6, 6, 6, 6, 6, 6, 6, 6, 6, 6, 6, 6, 6]

Client 9 with 3125 data
Communication time : 5, Computation time per epoch : 40, Training time : 130
0 : 0.45%  1 : 0.58%  2 : 0.67%  3 : 0.48%  4 : 0.61%  5 : 0.58%  6 : 0.42%  7 : 95.23%  8 : 0.45%  9 : 0.54%  
Divergence : jsd 0.6185, tvd 0.8479
labels from the first batch :[7, 7, 7, 7, 7, 7, 4, 7, 7, 7, 7, 7, 7, 7, 7, 7, 7, 7, 7, 7, 7, 7, 7, 6, 7, 7, 7, 7, 7, 7, 7, 7]

Client 10 with 3123 data
Communication time : 5, Computation time per epoch : 40, Training time : 130
0 : 0.61%  1 : 0.61%  2 : 0.38%  3 : 0.61%  4 : 0.42%  5 : 0.38%  6 : 0.64%  7 : 95.26%  8 : 0.58%  9 : 0.51%  
Divergence : jsd 0.6191, tvd 0.8482
labels from the first batch :[7, 7, 7, 7, 7, 7, 7, 7, 7, 7, 7, 7, 7, 7, 7, 7, 7, 7, 7, 7, 7, 7, 7, 7, 7, 7, 7, 7, 7, 7, 7, 7]

Client 11 with 5856 data
Communication time : 5, Computation time per epoch : 40, Training time : 130
0 : 0.56%  1 : 0.63%  2 : 0.56%  3 : 0.58%  4 : 0.55%  5 : 0.51%  6 : 0.55%  7 : 0.58%  8 : 94.91%  9 : 0.56%  
Divergence : jsd 0.6228, tvd 0.8516
labels from the first batch :[8, 8, 8, 8, 8, 8, 8, 8, 8, 8, 8, 8, 8, 8, 8, 8, 8, 8, 8, 8, 8, 8, 8, 8, 8, 8, 8, 8, 8, 8, 8, 8]

