-----------------------------------------------------

Central server round 1 started
Model sent from central server with 10msec communication time, with loss :2.31, accuracy : 9.67%
Accuracy per label : ['0:0.00%', '1:0.00%', '2:2.62%', '3:0.00%', '4:95.72%', '5:0.00%', '6:0.00%', '7:0.00%', '8:0.00%', '9:0.00%']
The model is from round 0 from central server, staleness is 0

Cluster round 1 completed, aggregated models from all the clients, time past : 110msec, loss : 2.38, accuracy 10.68%
Accuracy per label : ['0:8.78%', '1:0.00%', '2:0.00%', '3:0.00%', '4:100.00%', '5:0.00%', '6:0.00%', '7:0.00%', '8:0.00%', '9:0.00%']

Cluster round 2 completed, aggregated models from all the clients, time past : 210msec, loss : 2.23, accuracy 33.12%
Accuracy per label : ['0:96.94%', '1:64.58%', '2:0.00%', '3:0.00%', '4:96.44%', '5:76.46%', '6:0.00%', '7:0.00%', '8:0.00%', '9:0.00%']

Cluster round 3 completed, aggregated models from all the clients, time past : 310msec, loss : 1.72, accuracy 37.61%
Accuracy per label : ['0:97.76%', '1:98.41%', '2:2.71%', '3:0.10%', '4:95.82%', '5:77.91%', '6:0.52%', '7:1.56%', '8:0.00%', '9:0.00%']

Aggregation to central server completed at central server round 1, loss : 1.77, accuracy : 63.56%
Accuracy per label before aggregation : ['0:0.00%', '1:0.00%', '2:2.62%', '3:0.00%', '4:95.72%', '5:0.00%', '6:0.00%', '7:0.00%', '8:0.00%', '9:0.00%']
Accuracy per label after aggregation : ['0:95.82%', '1:94.54%', '2:70.45%', '3:64.26%', '4:28.82%', '5:0.00%', '6:90.61%', '7:54.28%', '8:53.08%', '9:73.54%']

-----------------------------------------------------

Central server round 2 started
Model sent from central server with 10msec communication time, with loss :1.77, accuracy : 63.56%
Accuracy per label : ['0:95.82%', '1:94.54%', '2:70.45%', '3:64.26%', '4:28.82%', '5:0.00%', '6:90.61%', '7:54.28%', '8:53.08%', '9:73.54%']
The model is from round 1 from central server, staleness is 0

Cluster round 1 completed, aggregated models from all the clients, time past : 110msec, loss : 1.22, accuracy 60.82%
Accuracy per label : ['0:98.47%', '1:97.97%', '2:61.14%', '3:60.50%', '4:96.54%', '5:53.25%', '6:77.35%', '7:52.72%', '8:0.92%', '9:4.76%']

Cluster round 2 completed, aggregated models from all the clients, time past : 210msec, loss : 0.85, accuracy 71.57%
Accuracy per label : ['0:98.16%', '1:97.62%', '2:70.93%', '3:58.61%', '4:94.60%', '5:83.74%', '6:82.15%', '7:69.26%', '8:38.91%', '9:20.71%']

Cluster round 3 completed, aggregated models from all the clients, time past : 310msec, loss : 0.70, accuracy 76.36%
Accuracy per label : ['0:98.47%', '1:96.48%', '2:78.00%', '3:65.74%', '4:96.74%', '5:88.00%', '6:80.17%', '7:79.18%', '8:54.52%', '9:25.67%']

Aggregation to central server completed at central server round 2, loss : 0.61, accuracy : 82.41%
Accuracy per label before aggregation : ['0:95.82%', '1:94.54%', '2:70.45%', '3:64.26%', '4:28.82%', '5:0.00%', '6:90.61%', '7:54.28%', '8:53.08%', '9:73.54%']
Accuracy per label after aggregation : ['0:96.22%', '1:96.74%', '2:85.95%', '3:82.38%', '4:70.88%', '5:60.99%', '6:91.34%', '7:83.17%', '8:68.99%', '9:83.15%']

-----------------------------------------------------

Central server round 3 started
Model sent from central server with 10msec communication time, with loss :0.61, accuracy : 82.41%
Accuracy per label : ['0:96.22%', '1:96.74%', '2:85.95%', '3:82.38%', '4:70.88%', '5:60.99%', '6:91.34%', '7:83.17%', '8:68.99%', '9:83.15%']
The model is from round 2 from central server, staleness is 0

Cluster round 1 completed, aggregated models from all the clients, time past : 110msec, loss : 0.61, accuracy 79.18%
Accuracy per label : ['0:97.04%', '1:96.74%', '2:84.88%', '3:63.66%', '4:95.52%', '5:92.04%', '6:79.44%', '7:85.12%', '8:49.90%', '9:46.48%']

Cluster round 2 completed, aggregated models from all the clients, time past : 210msec, loss : 0.51, accuracy 84.17%
Accuracy per label : ['0:98.88%', '1:95.68%', '2:81.98%', '3:78.61%', '4:92.87%', '5:88.68%', '6:84.45%', '7:86.09%', '8:62.53%', '9:70.96%']

Cluster round 3 completed, aggregated models from all the clients, time past : 310msec, loss : 0.48, accuracy 84.47%
Accuracy per label : ['0:98.37%', '1:97.36%', '2:85.66%', '3:77.33%', '4:93.89%', '5:92.15%', '6:89.14%', '7:87.94%', '8:60.47%', '9:61.65%']

Aggregation to central server completed at central server round 3, loss : 0.43, accuracy : 86.50%
Accuracy per label before aggregation : ['0:96.22%', '1:96.74%', '2:85.95%', '3:82.38%', '4:70.88%', '5:60.99%', '6:91.34%', '7:83.17%', '8:68.99%', '9:83.15%']
Accuracy per label after aggregation : ['0:97.45%', '1:96.12%', '2:88.57%', '3:86.24%', '4:75.76%', '5:76.23%', '6:92.80%', '7:85.02%', '8:76.59%', '9:87.81%']

-----------------------------------------------------

Central server round 4 started
Model sent from central server with 10msec communication time, with loss :0.43, accuracy : 86.50%
Accuracy per label : ['0:97.45%', '1:96.12%', '2:88.57%', '3:86.24%', '4:75.76%', '5:76.23%', '6:92.80%', '7:85.02%', '8:76.59%', '9:87.81%']
The model is from round 3 from central server, staleness is 0

Cluster round 1 completed, aggregated models from all the clients, time past : 110msec, loss : 0.49, accuracy 83.44%
Accuracy per label : ['0:98.16%', '1:97.36%', '2:85.27%', '3:75.05%', '4:96.95%', '5:93.39%', '6:86.01%', '7:85.21%', '8:60.78%', '9:55.70%']

Cluster round 2 completed, aggregated models from all the clients, time past : 210msec, loss : 0.47, accuracy 84.40%
Accuracy per label : ['0:97.65%', '1:97.27%', '2:83.53%', '3:74.46%', '4:96.54%', '5:95.18%', '6:88.62%', '7:86.19%', '8:65.81%', '9:58.67%']

Cluster round 3 completed, aggregated models from all the clients, time past : 310msec, loss : 0.43, accuracy 86.22%
Accuracy per label : ['0:98.98%', '1:96.83%', '2:87.89%', '3:78.91%', '4:93.18%', '5:95.29%', '6:84.34%', '7:87.16%', '8:64.58%', '9:74.43%']

Aggregation to central server completed at central server round 4, loss : 0.37, accuracy : 88.60%
Accuracy per label before aggregation : ['0:97.45%', '1:96.12%', '2:88.57%', '3:86.24%', '4:75.76%', '5:76.23%', '6:92.80%', '7:85.02%', '8:76.59%', '9:87.81%']
Accuracy per label after aggregation : ['0:98.37%', '1:96.21%', '2:90.31%', '3:88.12%', '4:82.28%', '5:83.30%', '6:92.90%', '7:85.02%', '8:82.65%', '9:85.43%']

-----------------------------------------------------

Central server round 5 started
Model sent from central server with 10msec communication time, with loss :0.37, accuracy : 88.60%
Accuracy per label : ['0:98.37%', '1:96.21%', '2:90.31%', '3:88.12%', '4:82.28%', '5:83.30%', '6:92.90%', '7:85.02%', '8:82.65%', '9:85.43%']
The model is from round 4 from central server, staleness is 0

Cluster round 1 completed, aggregated models from all the clients, time past : 110msec, loss : 0.45, accuracy 85.05%
Accuracy per label : ['0:98.88%', '1:97.00%', '2:85.95%', '3:74.95%', '4:97.45%', '5:92.71%', '6:88.00%', '7:86.67%', '8:80.80%', '9:48.17%']

Cluster round 2 completed, aggregated models from all the clients, time past : 210msec, loss : 0.41, accuracy 86.77%
Accuracy per label : ['0:98.57%', '1:97.53%', '2:87.89%', '3:72.57%', '4:96.44%', '5:94.84%', '6:92.07%', '7:87.84%', '8:78.13%', '9:61.94%']

Cluster round 3 completed, aggregated models from all the clients, time past : 310msec, loss : 0.41, accuracy 86.39%
Accuracy per label : ['0:98.57%', '1:98.24%', '2:87.69%', '3:76.83%', '4:97.15%', '5:95.52%', '6:90.08%', '7:84.34%', '8:78.85%', '9:56.79%']

Aggregation to central server completed at central server round 5, loss : 0.32, accuracy : 89.86%
Accuracy per label before aggregation : ['0:98.37%', '1:96.21%', '2:90.31%', '3:88.12%', '4:82.28%', '5:83.30%', '6:92.90%', '7:85.02%', '8:82.65%', '9:85.43%']
Accuracy per label after aggregation : ['0:97.76%', '1:96.83%', '2:90.70%', '3:87.92%', '4:84.73%', '5:86.32%', '6:94.26%', '7:85.21%', '8:86.86%', '9:87.02%']

-----------------------------------------------------

Central server round 6 started
Model sent from central server with 10msec communication time, with loss :0.32, accuracy : 89.86%
Accuracy per label : ['0:97.76%', '1:96.83%', '2:90.70%', '3:87.92%', '4:84.73%', '5:86.32%', '6:94.26%', '7:85.21%', '8:86.86%', '9:87.02%']
The model is from round 5 from central server, staleness is 0

Cluster round 1 completed, aggregated models from all the clients, time past : 110msec, loss : 0.39, accuracy 87.57%
Accuracy per label : ['0:98.88%', '1:97.97%', '2:87.98%', '3:73.47%', '4:96.33%', '5:95.18%', '6:89.98%', '7:87.84%', '8:82.65%', '9:65.51%']

Cluster round 2 completed, aggregated models from all the clients, time past : 210msec, loss : 0.35, accuracy 88.85%
Accuracy per label : ['0:99.18%', '1:98.24%', '2:88.95%', '3:79.50%', '4:94.91%', '5:95.29%', '6:89.04%', '7:89.30%', '8:77.72%', '9:76.02%']

Cluster round 3 completed, aggregated models from all the clients, time past : 310msec, loss : 0.35, accuracy 89.00%
Accuracy per label : ['0:99.18%', '1:98.06%', '2:88.66%', '3:80.99%', '4:97.66%', '5:95.29%', '6:90.92%', '7:88.52%', '8:78.64%', '9:71.95%']

Aggregation to central server completed at central server round 6, loss : 0.29, accuracy : 90.54%
Accuracy per label before aggregation : ['0:97.76%', '1:96.83%', '2:90.70%', '3:87.92%', '4:84.73%', '5:86.32%', '6:94.26%', '7:85.21%', '8:86.86%', '9:87.02%']
Accuracy per label after aggregation : ['0:98.37%', '1:97.09%', '2:90.50%', '3:90.89%', '4:85.34%', '5:86.32%', '6:93.84%', '7:87.35%', '8:84.29%', '9:90.19%']

-----------------------------------------------------

Central server round 7 started
Model sent from central server with 10msec communication time, with loss :0.29, accuracy : 90.54%
Accuracy per label : ['0:98.37%', '1:97.09%', '2:90.50%', '3:90.89%', '4:85.34%', '5:86.32%', '6:93.84%', '7:87.35%', '8:84.29%', '9:90.19%']
The model is from round 6 from central server, staleness is 0

Cluster round 1 completed, aggregated models from all the clients, time past : 110msec, loss : 0.34, accuracy 89.41%
Accuracy per label : ['0:99.18%', '1:97.09%', '2:89.83%', '3:78.02%', '4:97.45%', '5:95.63%', '6:89.25%', '7:90.76%', '8:84.19%', '9:72.75%']

Cluster round 2 completed, aggregated models from all the clients, time past : 210msec, loss : 0.35, accuracy 88.68%
Accuracy per label : ['0:98.27%', '1:98.50%', '2:90.21%', '3:81.29%', '4:97.56%', '5:96.41%', '6:91.02%', '7:88.62%', '8:81.11%', '9:63.83%']

Cluster round 3 completed, aggregated models from all the clients, time past : 310msec, loss : 0.30, accuracy 90.35%
Accuracy per label : ['0:99.08%', '1:98.24%', '2:90.41%', '3:88.22%', '4:97.96%', '5:94.51%', '6:90.81%', '7:89.01%', '8:81.01%', '9:73.93%']

Aggregation to central server completed at central server round 7, loss : 0.26, accuracy : 91.70%
Accuracy per label before aggregation : ['0:98.37%', '1:97.09%', '2:90.50%', '3:90.89%', '4:85.34%', '5:86.32%', '6:93.84%', '7:87.35%', '8:84.29%', '9:90.19%']
Accuracy per label after aggregation : ['0:98.27%', '1:97.53%', '2:91.96%', '3:92.38%', '4:86.56%', '5:87.22%', '6:94.26%', '7:88.23%', '8:89.73%', '9:89.79%']

-----------------------------------------------------

Central server round 8 started
Model sent from central server with 10msec communication time, with loss :0.26, accuracy : 91.70%
Accuracy per label : ['0:98.27%', '1:97.53%', '2:91.96%', '3:92.38%', '4:86.56%', '5:87.22%', '6:94.26%', '7:88.23%', '8:89.73%', '9:89.79%']
The model is from round 7 from central server, staleness is 0

Cluster round 1 completed, aggregated models from all the clients, time past : 110msec, loss : 0.30, accuracy 90.33%
Accuracy per label : ['0:99.08%', '1:98.41%', '2:90.02%', '3:84.36%', '4:97.35%', '5:95.18%', '6:93.11%', '7:88.23%', '8:82.44%', '9:75.02%']

Cluster round 2 completed, aggregated models from all the clients, time past : 210msec, loss : 0.31, accuracy 90.36%
Accuracy per label : ['0:97.45%', '1:98.06%', '2:89.34%', '3:79.21%', '4:96.95%', '5:97.98%', '6:90.29%', '7:89.88%', '8:83.88%', '9:80.67%']

Cluster round 3 completed, aggregated models from all the clients, time past : 310msec, loss : 0.28, accuracy 91.32%
Accuracy per label : ['0:99.18%', '1:98.24%', '2:90.70%', '3:82.28%', '4:95.72%', '5:96.64%', '6:91.65%', '7:90.66%', '8:85.11%', '9:82.95%']

