-----------------------------------------------------

Central server round 1 started
Model sent from central server with 20msec communication time, with loss :2.31, accuracy : 9.67%
Accuracy per label : ['0:0.00%', '1:0.00%', '2:2.62%', '3:0.00%', '4:95.72%', '5:0.00%', '6:0.00%', '7:0.00%', '8:0.00%', '9:0.00%']
The model is from round 0 from central server, staleness is 0

Cluster round 1 completed, aggregated models from all the clients, time past : 150msec, loss : 2.39, accuracy 17.82%
Accuracy per label : ['0:0.00%', '1:0.00%', '2:0.00%', '3:0.00%', '4:0.00%', '5:0.00%', '6:3.76%', '7:87.35%', '8:87.06%', '9:0.00%']

Cluster round 2 completed, aggregated models from all the clients, time past : 280msec, loss : 2.46, accuracy 23.42%
Accuracy per label : ['0:0.00%', '1:0.00%', '2:0.00%', '3:0.00%', '4:0.00%', '5:0.00%', '6:69.83%', '7:96.89%', '8:69.51%', '9:0.00%']

Cluster round 3 completed, aggregated models from all the clients, time past : 410msec, loss : 2.19, accuracy 27.34%
Accuracy per label : ['0:0.00%', '1:0.00%', '2:0.00%', '3:0.00%', '4:0.00%', '5:0.00%', '6:97.60%', '7:94.84%', '8:84.60%', '9:0.00%']

Aggregation to central server completed at central server round 1, loss : 1.77, accuracy : 63.56%
Accuracy per label before aggregation : ['0:0.00%', '1:0.00%', '2:2.62%', '3:0.00%', '4:95.72%', '5:0.00%', '6:0.00%', '7:0.00%', '8:0.00%', '9:0.00%']
Accuracy per label after aggregation : ['0:95.82%', '1:94.54%', '2:70.45%', '3:64.26%', '4:28.82%', '5:0.00%', '6:90.61%', '7:54.28%', '8:53.08%', '9:73.54%']

-----------------------------------------------------

Central server round 2 started
Model sent from central server with 20msec communication time, with loss :1.77, accuracy : 63.56%
Accuracy per label : ['0:95.82%', '1:94.54%', '2:70.45%', '3:64.26%', '4:28.82%', '5:0.00%', '6:90.61%', '7:54.28%', '8:53.08%', '9:73.54%']
The model is from round 1 from central server, staleness is 0

Cluster round 1 completed, aggregated models from all the clients, time past : 150msec, loss : 1.51, accuracy 44.66%
Accuracy per label : ['0:64.08%', '1:75.51%', '2:15.99%', '3:1.98%', '4:4.99%', '5:0.00%', '6:96.66%', '7:89.11%', '8:92.92%', '9:0.00%']

Cluster round 2 completed, aggregated models from all the clients, time past : 280msec, loss : 1.05, accuracy 62.44%
Accuracy per label : ['0:83.88%', '1:76.92%', '2:49.42%', '3:33.56%', '4:61.41%', '5:0.56%', '6:97.49%', '7:92.51%', '8:90.55%', '9:32.21%']

Cluster round 3 completed, aggregated models from all the clients, time past : 410msec, loss : 0.84, accuracy 70.20%
Accuracy per label : ['0:90.61%', '1:88.99%', '2:62.50%', '3:59.11%', '4:53.87%', '5:14.57%', '6:97.08%', '7:92.02%', '8:92.20%', '9:44.30%']

Aggregation to central server completed at central server round 2, loss : 0.61, accuracy : 82.41%
Accuracy per label before aggregation : ['0:95.82%', '1:94.54%', '2:70.45%', '3:64.26%', '4:28.82%', '5:0.00%', '6:90.61%', '7:54.28%', '8:53.08%', '9:73.54%']
Accuracy per label after aggregation : ['0:96.22%', '1:96.74%', '2:85.95%', '3:82.38%', '4:70.88%', '5:60.99%', '6:91.34%', '7:83.17%', '8:68.99%', '9:83.15%']

-----------------------------------------------------

Central server round 3 started
Model sent from central server with 20msec communication time, with loss :0.61, accuracy : 82.41%
Accuracy per label : ['0:96.22%', '1:96.74%', '2:85.95%', '3:82.38%', '4:70.88%', '5:60.99%', '6:91.34%', '7:83.17%', '8:68.99%', '9:83.15%']
The model is from round 2 from central server, staleness is 0

Cluster round 1 completed, aggregated models from all the clients, time past : 150msec, loss : 0.62, accuracy 79.41%
Accuracy per label : ['0:94.49%', '1:88.02%', '2:65.79%', '3:78.61%', '4:77.70%', '5:39.80%', '6:94.78%', '7:90.56%', '8:92.92%', '9:67.49%']

Cluster round 2 completed, aggregated models from all the clients, time past : 280msec, loss : 0.60, accuracy 80.11%
Accuracy per label : ['0:94.29%', '1:90.75%', '2:69.67%', '3:70.69%', '4:72.51%', '5:50.45%', '6:97.70%', '7:92.90%', '8:89.94%', '9:68.88%']

Cluster round 3 completed, aggregated models from all the clients, time past : 410msec, loss : 0.60, accuracy 80.00%
Accuracy per label : ['0:91.12%', '1:88.55%', '2:68.80%', '3:70.10%', '4:71.89%', '5:43.50%', '6:94.26%', '7:92.61%', '8:95.59%', '9:79.68%']

Aggregation to central server completed at central server round 3, loss : 0.43, accuracy : 86.50%
Accuracy per label before aggregation : ['0:96.22%', '1:96.74%', '2:85.95%', '3:82.38%', '4:70.88%', '5:60.99%', '6:91.34%', '7:83.17%', '8:68.99%', '9:83.15%']
Accuracy per label after aggregation : ['0:97.45%', '1:96.12%', '2:88.57%', '3:86.24%', '4:75.76%', '5:76.23%', '6:92.80%', '7:85.02%', '8:76.59%', '9:87.81%']

-----------------------------------------------------

Central server round 4 started
Model sent from central server with 20msec communication time, with loss :0.43, accuracy : 86.50%
Accuracy per label : ['0:97.45%', '1:96.12%', '2:88.57%', '3:86.24%', '4:75.76%', '5:76.23%', '6:92.80%', '7:85.02%', '8:76.59%', '9:87.81%']
The model is from round 3 from central server, staleness is 0

Cluster round 1 completed, aggregated models from all the clients, time past : 150msec, loss : 0.54, accuracy 82.28%
Accuracy per label : ['0:93.67%', '1:91.63%', '2:68.31%', '3:77.82%', '4:74.44%', '5:60.43%', '6:97.60%', '7:93.97%', '8:90.55%', '9:71.95%']

Cluster round 2 completed, aggregated models from all the clients, time past : 280msec, loss : 0.51, accuracy 83.52%
Accuracy per label : ['0:92.45%', '1:90.48%', '2:73.06%', '3:77.62%', '4:80.86%', '5:63.68%', '6:97.70%', '7:93.00%', '8:93.74%', '9:70.76%']

Cluster round 3 completed, aggregated models from all the clients, time past : 410msec, loss : 0.46, accuracy 85.11%
Accuracy per label : ['0:94.08%', '1:89.96%', '2:76.26%', '3:81.88%', '4:82.38%', '5:64.35%', '6:96.87%', '7:92.80%', '8:94.15%', '9:76.51%']

Aggregation to central server completed at central server round 4, loss : 0.37, accuracy : 88.60%
Accuracy per label before aggregation : ['0:97.45%', '1:96.12%', '2:88.57%', '3:86.24%', '4:75.76%', '5:76.23%', '6:92.80%', '7:85.02%', '8:76.59%', '9:87.81%']
Accuracy per label after aggregation : ['0:98.37%', '1:96.21%', '2:90.31%', '3:88.12%', '4:82.28%', '5:83.30%', '6:92.90%', '7:85.02%', '8:82.65%', '9:85.43%']

-----------------------------------------------------

Central server round 5 started
Model sent from central server with 20msec communication time, with loss :0.37, accuracy : 88.60%
Accuracy per label : ['0:98.37%', '1:96.21%', '2:90.31%', '3:88.12%', '4:82.28%', '5:83.30%', '6:92.90%', '7:85.02%', '8:82.65%', '9:85.43%']
The model is from round 4 from central server, staleness is 0

Cluster round 1 completed, aggregated models from all the clients, time past : 150msec, loss : 0.43, accuracy 86.15%
Accuracy per label : ['0:94.59%', '1:94.45%', '2:74.52%', '3:82.67%', '4:77.70%', '5:72.42%', '6:96.76%', '7:93.58%', '8:92.81%', '9:80.28%']

Cluster round 2 completed, aggregated models from all the clients, time past : 280msec, loss : 0.44, accuracy 85.95%
Accuracy per label : ['0:93.27%', '1:90.84%', '2:74.22%', '3:82.67%', '4:79.43%', '5:71.30%', '6:96.97%', '7:93.87%', '8:94.76%', '9:80.87%']

Cluster round 3 completed, aggregated models from all the clients, time past : 410msec, loss : 0.44, accuracy 85.96%
Accuracy per label : ['0:93.67%', '1:91.37%', '2:78.00%', '3:80.10%', '4:74.85%', '5:70.40%', '6:98.33%', '7:93.97%', '8:94.35%', '9:82.95%']

Aggregation to central server completed at central server round 5, loss : 0.32, accuracy : 89.86%
Accuracy per label before aggregation : ['0:98.37%', '1:96.21%', '2:90.31%', '3:88.12%', '4:82.28%', '5:83.30%', '6:92.90%', '7:85.02%', '8:82.65%', '9:85.43%']
Accuracy per label after aggregation : ['0:97.76%', '1:96.83%', '2:90.70%', '3:87.92%', '4:84.73%', '5:86.32%', '6:94.26%', '7:85.21%', '8:86.86%', '9:87.02%']

-----------------------------------------------------

Central server round 6 started
Model sent from central server with 20msec communication time, with loss :0.32, accuracy : 89.86%
Accuracy per label : ['0:97.76%', '1:96.83%', '2:90.70%', '3:87.92%', '4:84.73%', '5:86.32%', '6:94.26%', '7:85.21%', '8:86.86%', '9:87.02%']
The model is from round 5 from central server, staleness is 0

Cluster round 1 completed, aggregated models from all the clients, time past : 150msec, loss : 0.39, accuracy 87.54%
Accuracy per label : ['0:96.84%', '1:91.37%', '2:79.36%', '3:91.49%', '4:75.66%', '5:73.09%', '6:96.35%', '7:94.26%', '8:92.20%', '9:83.25%']

Cluster round 2 completed, aggregated models from all the clients, time past : 280msec, loss : 0.38, accuracy 87.70%
Accuracy per label : ['0:95.92%', '1:92.42%', '2:76.07%', '3:83.27%', '4:82.79%', '5:77.69%', '6:96.97%', '7:94.07%', '8:93.94%', '9:83.05%']

Cluster round 3 completed, aggregated models from all the clients, time past : 410msec, loss : 0.39, accuracy 87.28%
Accuracy per label : ['0:95.51%', '1:91.72%', '2:74.03%', '3:88.02%', '4:79.33%', '5:72.87%', '6:97.08%', '7:95.14%', '8:93.94%', '9:83.85%']

Aggregation to central server completed at central server round 6, loss : 0.29, accuracy : 90.54%
Accuracy per label before aggregation : ['0:97.76%', '1:96.83%', '2:90.70%', '3:87.92%', '4:84.73%', '5:86.32%', '6:94.26%', '7:85.21%', '8:86.86%', '9:87.02%']
Accuracy per label after aggregation : ['0:98.37%', '1:97.09%', '2:90.50%', '3:90.89%', '4:85.34%', '5:86.32%', '6:93.84%', '7:87.35%', '8:84.29%', '9:90.19%']

-----------------------------------------------------

Central server round 7 started
Model sent from central server with 20msec communication time, with loss :0.29, accuracy : 90.54%
Accuracy per label : ['0:98.37%', '1:97.09%', '2:90.50%', '3:90.89%', '4:85.34%', '5:86.32%', '6:93.84%', '7:87.35%', '8:84.29%', '9:90.19%']
The model is from round 6 from central server, staleness is 0

Cluster round 1 completed, aggregated models from all the clients, time past : 150msec, loss : 0.34, accuracy 89.03%
Accuracy per label : ['0:96.53%', '1:92.86%', '2:81.10%', '3:85.64%', '4:79.33%', '5:83.30%', '6:96.35%', '7:93.00%', '8:95.28%', '9:86.42%']

Cluster round 2 completed, aggregated models from all the clients, time past : 280msec, loss : 0.35, accuracy 88.64%
Accuracy per label : ['0:94.29%', '1:94.10%', '2:79.26%', '3:88.02%', '4:82.08%', '5:77.35%', '6:97.39%', '7:94.75%', '8:95.38%', '9:82.56%']

Cluster round 3 completed, aggregated models from all the clients, time past : 410msec, loss : 0.37, accuracy 88.00%
Accuracy per label : ['0:94.69%', '1:93.66%', '2:78.88%', '3:87.52%', '4:79.74%', '5:75.22%', '6:96.76%', '7:95.23%', '8:96.71%', '9:80.18%']

Aggregation to central server completed at central server round 7, loss : 0.26, accuracy : 91.70%
Accuracy per label before aggregation : ['0:98.37%', '1:97.09%', '2:90.50%', '3:90.89%', '4:85.34%', '5:86.32%', '6:93.84%', '7:87.35%', '8:84.29%', '9:90.19%']
Accuracy per label after aggregation : ['0:98.27%', '1:97.53%', '2:91.96%', '3:92.38%', '4:86.56%', '5:87.22%', '6:94.26%', '7:88.23%', '8:89.73%', '9:89.79%']

-----------------------------------------------------

Central server round 8 started
Model sent from central server with 20msec communication time, with loss :0.26, accuracy : 91.70%
Accuracy per label : ['0:98.27%', '1:97.53%', '2:91.96%', '3:92.38%', '4:86.56%', '5:87.22%', '6:94.26%', '7:88.23%', '8:89.73%', '9:89.79%']
The model is from round 7 from central server, staleness is 0

Cluster round 1 completed, aggregated models from all the clients, time past : 150msec, loss : 0.33, accuracy 89.50%
Accuracy per label : ['0:96.02%', '1:94.80%', '2:79.94%', '3:89.11%', '4:83.40%', '5:78.25%', '6:97.29%', '7:94.46%', '8:96.30%', '9:84.24%']

Cluster round 2 completed, aggregated models from all the clients, time past : 280msec, loss : 0.33, accuracy 89.62%
Accuracy per label : ['0:97.14%', '1:93.57%', '2:83.91%', '3:87.82%', '4:79.63%', '5:81.95%', '6:97.08%', '7:96.11%', '8:95.89%', '9:82.26%']

Cluster round 3 completed, aggregated models from all the clients, time past : 410msec, loss : 0.33, accuracy 89.48%
Accuracy per label : ['0:96.33%', '1:93.92%', '2:80.14%', '3:90.10%', '4:80.55%', '5:78.14%', '6:96.97%', '7:93.87%', '8:97.33%', '9:86.32%']

