-----------------------------------------------------

Central server round 1 started
Model sent from central server with 10msec communication time, with loss :2.31, accuracy : 9.67%
Accuracy per label : ['0:0.00%', '1:0.00%', '2:2.62%', '3:0.00%', '4:95.72%', '5:0.00%', '6:0.00%', '7:0.00%', '8:0.00%', '9:0.00%']
The model is from round 0 from central server, staleness is 0

Cluster round 1 completed, aggregated models from all the clients, time past : 150msec, loss : 2.36, accuracy 19.20%
Accuracy per label : ['0:0.00%', '1:0.00%', '2:98.64%', '3:0.30%', '4:0.00%', '5:0.00%', '6:0.00%', '7:0.00%', '8:0.00%', '9:89.10%']

Cluster round 2 completed, aggregated models from all the clients, time past : 290msec, loss : 2.32, accuracy 26.16%
Accuracy per label : ['0:0.00%', '1:0.00%', '2:76.16%', '3:87.23%', '4:0.00%', '5:0.00%', '6:0.00%', '7:0.00%', '8:0.00%', '9:94.05%']

Cluster round 3 completed, aggregated models from all the clients, time past : 430msec, loss : 1.84, accuracy 40.20%
Accuracy per label : ['0:39.59%', '1:73.92%', '2:87.11%', '3:95.05%', '4:0.20%', '5:0.00%', '6:1.15%', '7:0.00%', '8:0.00%', '9:91.28%']

Aggregation to central server completed at central server round 1, loss : 1.77, accuracy : 63.56%
Accuracy per label before aggregation : ['0:0.00%', '1:0.00%', '2:2.62%', '3:0.00%', '4:95.72%', '5:0.00%', '6:0.00%', '7:0.00%', '8:0.00%', '9:0.00%']
Accuracy per label after aggregation : ['0:95.82%', '1:94.54%', '2:70.45%', '3:64.26%', '4:28.82%', '5:0.00%', '6:90.61%', '7:54.28%', '8:53.08%', '9:73.54%']

-----------------------------------------------------

Central server round 2 started
Model sent from central server with 10msec communication time, with loss :1.77, accuracy : 63.56%
Accuracy per label : ['0:95.82%', '1:94.54%', '2:70.45%', '3:64.26%', '4:28.82%', '5:0.00%', '6:90.61%', '7:54.28%', '8:53.08%', '9:73.54%']
The model is from round 1 from central server, staleness is 0

Cluster round 1 completed, aggregated models from all the clients, time past : 150msec, loss : 1.31, accuracy 53.43%
Accuracy per label : ['0:88.98%', '1:94.71%', '2:92.44%', '3:73.66%', '4:7.43%', '5:0.56%', '6:66.60%', '7:0.68%', '8:1.13%', '9:95.54%']

Cluster round 2 completed, aggregated models from all the clients, time past : 290msec, loss : 0.97, accuracy 66.20%
Accuracy per label : ['0:87.04%', '1:95.51%', '2:95.74%', '3:91.09%', '4:35.13%', '5:19.17%', '6:79.85%', '7:47.37%', '8:12.83%', '9:87.41%']

Cluster round 3 completed, aggregated models from all the clients, time past : 430msec, loss : 0.82, accuracy 71.98%
Accuracy per label : ['0:91.22%', '1:94.89%', '2:93.80%', '3:91.78%', '4:28.82%', '5:40.70%', '6:82.25%', '7:65.56%', '8:29.88%', '9:92.47%']

Aggregation to central server completed at central server round 2, loss : 0.61, accuracy : 82.41%
Accuracy per label before aggregation : ['0:95.82%', '1:94.54%', '2:70.45%', '3:64.26%', '4:28.82%', '5:0.00%', '6:90.61%', '7:54.28%', '8:53.08%', '9:73.54%']
Accuracy per label after aggregation : ['0:96.22%', '1:96.74%', '2:85.95%', '3:82.38%', '4:70.88%', '5:60.99%', '6:91.34%', '7:83.17%', '8:68.99%', '9:83.15%']

-----------------------------------------------------

Central server round 3 started
Model sent from central server with 10msec communication time, with loss :0.61, accuracy : 82.41%
Accuracy per label : ['0:96.22%', '1:96.74%', '2:85.95%', '3:82.38%', '4:70.88%', '5:60.99%', '6:91.34%', '7:83.17%', '8:68.99%', '9:83.15%']
The model is from round 2 from central server, staleness is 0

Cluster round 1 completed, aggregated models from all the clients, time past : 150msec, loss : 0.74, accuracy 74.51%
Accuracy per label : ['0:91.53%', '1:94.10%', '2:97.38%', '3:85.64%', '4:48.98%', '5:60.09%', '6:76.83%', '7:66.34%', '8:26.80%', '9:91.18%']

Cluster round 2 completed, aggregated models from all the clients, time past : 290msec, loss : 0.69, accuracy 77.30%
Accuracy per label : ['0:95.31%', '1:94.63%', '2:94.57%', '3:93.17%', '4:53.26%', '5:53.03%', '6:77.56%', '7:66.73%', '8:45.28%', '9:93.06%']

Cluster round 3 completed, aggregated models from all the clients, time past : 430msec, loss : 0.65, accuracy 79.10%
Accuracy per label : ['0:96.22%', '1:94.63%', '2:93.31%', '3:92.38%', '4:43.28%', '5:64.24%', '6:87.89%', '7:70.04%', '8:48.67%', '9:95.44%']

Aggregation to central server completed at central server round 3, loss : 0.43, accuracy : 86.50%
Accuracy per label before aggregation : ['0:96.22%', '1:96.74%', '2:85.95%', '3:82.38%', '4:70.88%', '5:60.99%', '6:91.34%', '7:83.17%', '8:68.99%', '9:83.15%']
Accuracy per label after aggregation : ['0:97.45%', '1:96.12%', '2:88.57%', '3:86.24%', '4:75.76%', '5:76.23%', '6:92.80%', '7:85.02%', '8:76.59%', '9:87.81%']

-----------------------------------------------------

Central server round 4 started
Model sent from central server with 10msec communication time, with loss :0.43, accuracy : 86.50%
Accuracy per label : ['0:97.45%', '1:96.12%', '2:88.57%', '3:86.24%', '4:75.76%', '5:76.23%', '6:92.80%', '7:85.02%', '8:76.59%', '9:87.81%']
The model is from round 3 from central server, staleness is 0

Cluster round 1 completed, aggregated models from all the clients, time past : 150msec, loss : 0.54, accuracy 83.03%
Accuracy per label : ['0:95.31%', '1:95.68%', '2:94.96%', '3:93.17%', '4:69.14%', '5:73.99%', '6:85.07%', '7:68.19%', '8:60.37%', '9:91.08%']

Cluster round 2 completed, aggregated models from all the clients, time past : 290msec, loss : 0.53, accuracy 83.42%
Accuracy per label : ['0:95.31%', '1:94.63%', '2:94.86%', '3:94.65%', '4:62.73%', '5:70.40%', '6:89.98%', '7:71.89%', '8:64.48%', '9:91.77%']

Cluster round 3 completed, aggregated models from all the clients, time past : 430msec, loss : 0.51, accuracy 84.69%
Accuracy per label : ['0:97.04%', '1:95.59%', '2:95.16%', '3:93.27%', '4:64.66%', '5:73.43%', '6:89.46%', '7:70.62%', '8:71.87%', '9:92.77%']

Aggregation to central server completed at central server round 4, loss : 0.37, accuracy : 88.60%
Accuracy per label before aggregation : ['0:97.45%', '1:96.12%', '2:88.57%', '3:86.24%', '4:75.76%', '5:76.23%', '6:92.80%', '7:85.02%', '8:76.59%', '9:87.81%']
Accuracy per label after aggregation : ['0:98.37%', '1:96.21%', '2:90.31%', '3:88.12%', '4:82.28%', '5:83.30%', '6:92.90%', '7:85.02%', '8:82.65%', '9:85.43%']

-----------------------------------------------------

Central server round 5 started
Model sent from central server with 10msec communication time, with loss :0.37, accuracy : 88.60%
Accuracy per label : ['0:98.37%', '1:96.21%', '2:90.31%', '3:88.12%', '4:82.28%', '5:83.30%', '6:92.90%', '7:85.02%', '8:82.65%', '9:85.43%']
The model is from round 4 from central server, staleness is 0

Cluster round 1 completed, aggregated models from all the clients, time past : 150msec, loss : 0.52, accuracy 83.53%
Accuracy per label : ['0:97.35%', '1:96.04%', '2:95.83%', '3:93.27%', '4:58.86%', '5:70.74%', '6:88.31%', '7:70.04%', '8:66.63%', '9:94.55%']

Cluster round 2 completed, aggregated models from all the clients, time past : 290msec, loss : 0.50, accuracy 84.53%
Accuracy per label : ['0:97.55%', '1:94.89%', '2:95.83%', '3:94.06%', '4:61.10%', '5:73.21%', '6:88.52%', '7:76.56%', '8:64.99%', '9:95.14%']

Cluster round 3 completed, aggregated models from all the clients, time past : 430msec, loss : 0.48, accuracy 85.61%
Accuracy per label : ['0:96.33%', '1:94.36%', '2:94.48%', '3:95.15%', '4:67.21%', '5:78.25%', '6:89.04%', '7:73.64%', '8:71.05%', '9:94.15%']

Aggregation to central server completed at central server round 5, loss : 0.32, accuracy : 89.86%
Accuracy per label before aggregation : ['0:98.37%', '1:96.21%', '2:90.31%', '3:88.12%', '4:82.28%', '5:83.30%', '6:92.90%', '7:85.02%', '8:82.65%', '9:85.43%']
Accuracy per label after aggregation : ['0:97.76%', '1:96.83%', '2:90.70%', '3:87.92%', '4:84.73%', '5:86.32%', '6:94.26%', '7:85.21%', '8:86.86%', '9:87.02%']

-----------------------------------------------------

Central server round 6 started
Model sent from central server with 10msec communication time, with loss :0.32, accuracy : 89.86%
Accuracy per label : ['0:97.76%', '1:96.83%', '2:90.70%', '3:87.92%', '4:84.73%', '5:86.32%', '6:94.26%', '7:85.21%', '8:86.86%', '9:87.02%']
The model is from round 5 from central server, staleness is 0

Cluster round 1 completed, aggregated models from all the clients, time past : 150msec, loss : 0.41, accuracy 87.18%
Accuracy per label : ['0:98.37%', '1:95.51%', '2:94.67%', '3:91.58%', '4:67.52%', '5:76.46%', '6:90.61%', '7:75.58%', '8:84.39%', '9:94.75%']

Cluster round 2 completed, aggregated models from all the clients, time past : 290msec, loss : 0.47, accuracy 85.42%
Accuracy per label : ['0:97.96%', '1:95.33%', '2:95.64%', '3:95.25%', '4:60.29%', '5:76.79%', '6:90.50%', '7:75.78%', '8:68.28%', '9:95.44%']

Cluster round 3 completed, aggregated models from all the clients, time past : 430msec, loss : 0.48, accuracy 85.84%
Accuracy per label : ['0:97.35%', '1:95.68%', '2:95.74%', '3:95.64%', '4:65.99%', '5:78.81%', '6:90.81%', '7:73.54%', '8:66.84%', '9:95.34%']

Aggregation to central server completed at central server round 6, loss : 0.29, accuracy : 90.54%
Accuracy per label before aggregation : ['0:97.76%', '1:96.83%', '2:90.70%', '3:87.92%', '4:84.73%', '5:86.32%', '6:94.26%', '7:85.21%', '8:86.86%', '9:87.02%']
Accuracy per label after aggregation : ['0:98.37%', '1:97.09%', '2:90.50%', '3:90.89%', '4:85.34%', '5:86.32%', '6:93.84%', '7:87.35%', '8:84.29%', '9:90.19%']

-----------------------------------------------------

Central server round 7 started
Model sent from central server with 10msec communication time, with loss :0.29, accuracy : 90.54%
Accuracy per label : ['0:98.37%', '1:97.09%', '2:90.50%', '3:90.89%', '4:85.34%', '5:86.32%', '6:93.84%', '7:87.35%', '8:84.29%', '9:90.19%']
The model is from round 6 from central server, staleness is 0

Cluster round 1 completed, aggregated models from all the clients, time past : 150msec, loss : 0.46, accuracy 85.81%
Accuracy per label : ['0:97.86%', '1:95.68%', '2:94.48%', '3:96.73%', '4:64.77%', '5:76.23%', '6:89.56%', '7:71.40%', '8:75.26%', '9:93.46%']

Cluster round 2 completed, aggregated models from all the clients, time past : 290msec, loss : 0.41, accuracy 87.48%
Accuracy per label : ['0:97.65%', '1:96.04%', '2:95.74%', '3:95.74%', '4:71.18%', '5:78.92%', '6:90.50%', '7:75.10%', '8:76.18%', '9:95.34%']

Cluster round 3 completed, aggregated models from all the clients, time past : 430msec, loss : 0.40, accuracy 88.05%
Accuracy per label : ['0:96.84%', '1:96.83%', '2:96.51%', '3:95.45%', '4:72.40%', '5:79.82%', '6:91.86%', '7:75.00%', '8:78.64%', '9:94.85%']

Aggregation to central server completed at central server round 7, loss : 0.26, accuracy : 91.70%
Accuracy per label before aggregation : ['0:98.37%', '1:97.09%', '2:90.50%', '3:90.89%', '4:85.34%', '5:86.32%', '6:93.84%', '7:87.35%', '8:84.29%', '9:90.19%']
Accuracy per label after aggregation : ['0:98.27%', '1:97.53%', '2:91.96%', '3:92.38%', '4:86.56%', '5:87.22%', '6:94.26%', '7:88.23%', '8:89.73%', '9:89.79%']

-----------------------------------------------------

Central server round 8 started
Model sent from central server with 10msec communication time, with loss :0.26, accuracy : 91.70%
Accuracy per label : ['0:98.27%', '1:97.53%', '2:91.96%', '3:92.38%', '4:86.56%', '5:87.22%', '6:94.26%', '7:88.23%', '8:89.73%', '9:89.79%']
The model is from round 7 from central server, staleness is 0

Cluster round 1 completed, aggregated models from all the clients, time past : 150msec, loss : 0.39, accuracy 87.87%
Accuracy per label : ['0:97.04%', '1:95.86%', '2:95.83%', '3:96.53%', '4:69.35%', '5:79.04%', '6:91.02%', '7:74.71%', '8:82.65%', '9:94.45%']

Cluster round 2 completed, aggregated models from all the clients, time past : 290msec, loss : 1.08, accuracy 79.22%
Accuracy per label : ['0:95.10%', '1:98.06%', '2:91.57%', '3:88.02%', '4:99.29%', '5:80.61%', '6:92.28%', '7:80.16%', '8:65.50%', '9:0.30%']

Cluster round 3 completed, aggregated models from all the clients, time past : 430msec, loss : 0.49, accuracy 85.40%
Accuracy per label : ['0:97.45%', '1:95.95%', '2:98.45%', '3:94.85%', '4:51.02%', '5:79.60%', '6:88.94%', '7:74.32%', '8:74.85%', '9:95.74%']

