Starting cluster federated learning
Cluster num : 3, Cluster size : 4, Client num : 12
Central server epoch : 10, Cluster server epoch : 3, Local epoch : 3
Intra clustering type : sync, Inter clustering type : sync
Data heterogeneity type : onelabeldominant, Dominant percentage : 95
Model name : cnn, Dataset name : mnist, Optimizer name : sgd, Learning rate : 0.01, Batch size : 32
Random seed : 1

----------------------------------------------------------------------------------------------------

Central server round 1, loss : 2.31, accuracy :9.67%
['0:0.00%', '1:0.00%', '2:2.62%', '3:0.00%', '4:95.72%', '5:0.00%', '6:0.00%', '7:0.00%', '8:0.00%', '9:0.00%']
                                          ->10msec
                                                     -> Cluster 0, loss : 2.31, accuracy 9.67%, model from round 0
                                                     ['0:0.00%', '1:0.00%', '2:2.62%', '3:0.00%', '4:95.72%', '5:0.00%', '6:0.00%', '7:0.00%', '8:0.00%', '9:0.00%']
                                                                                              <-> Client 3, global : from 9.67% to 11.35%, local : from 0.60% to 95.55%, training time : 100msec
                                                                                              <-> Client 0, global : from 9.67% to 8.92%, local : from 0.60% to 94.36%, training time : 80msec
                                                                                              <-> Client 2, global : from 9.67% to 9.82%, local : from 91.81% to 94.82%, training time : 70msec
                                                                                              <-> Client 1, global : from 9.67% to 9.80%, local : from 0.57% to 94.89%, training time : 40msec
                                                     Cluster 0, round 1, loss : 2.38, accuracy 10.68% <-
                                                     Time past : 110msec
                                                     ['0:8.78%', '1:0.00%', '2:0.00%', '3:0.00%', '4:100.00%', '5:0.00%', '6:0.00%', '7:0.00%', '8:0.00%', '9:0.00%']
                                                                                              <-> Client 3, global : from 10.68% to 19.37%, local : from 0.60% to 96.00%, training time : 100msec
                                                                                              <-> Client 2, global : from 10.68% to 9.84%, local : from 94.86% to 94.82%, training time : 70msec
                                                                                              <-> Client 0, global : from 10.68% to 8.92%, local : from 0.62% to 94.36%, training time : 80msec
                                                                                              <-> Client 1, global : from 10.68% to 21.14%, local : from 12.30% to 95.55%, training time : 40msec
                                                     Cluster 0, round 2, loss : 2.23, accuracy 33.12% <-
                                                     Time past : 210msec
                                                     ['0:96.94%', '1:64.58%', '2:0.00%', '3:0.00%', '4:96.44%', '5:76.46%', '6:0.00%', '7:0.00%', '8:0.00%', '9:0.00%']
                                                                                              <-> Client 3, global : from 33.12% to 26.30%, local : from 60.43% to 96.39%, training time : 100msec
                                                                                              <-> Client 0, global : from 33.12% to 9.22%, local : from 70.75% to 94.41%, training time : 80msec
                                                                                              <-> Client 2, global : from 33.12% to 32.11%, local : from 90.87% to 96.02%, training time : 70msec
                                                                                              <-> Client 1, global : from 33.12% to 29.53%, local : from 92.26% to 96.00%, training time : 40msec
                                                     Cluster 0, round 3, loss : 1.72, accuracy 37.61% <-
                                                     Time past : 310msec
                                                     ['0:97.76%', '1:98.41%', '2:2.71%', '3:0.10%', '4:95.82%', '5:77.91%', '6:0.52%', '7:1.56%', '8:0.00%', '9:0.00%']
                                          10msec<-
                                          ->10msec
                                                     -> Cluster 1, loss : 2.31, accuracy 9.67%, model from round 0
                                                     ['0:0.00%', '1:0.00%', '2:2.62%', '3:0.00%', '4:95.72%', '5:0.00%', '6:0.00%', '7:0.00%', '8:0.00%', '9:0.00%']
                                                                                              <-> Client 0, global : from 9.67% to 11.35%, local : from 0.39% to 95.58%, training time : 130msec
                                                                                              <-> Client 3, global : from 9.67% to 10.10%, local : from 0.51% to 95.13%, training time : 140msec
                                                                                              <-> Client 1, global : from 9.67% to 10.09%, local : from 0.54% to 94.93%, training time : 40msec
                                                                                              <-> Client 2, global : from 9.67% to 10.32%, local : from 3.19% to 94.95%, training time : 80msec
                                                     Cluster 1, round 1, loss : 2.36, accuracy 19.20% <-
                                                     Time past : 150msec
                                                     ['0:0.00%', '1:0.00%', '2:98.64%', '3:0.30%', '4:0.00%', '5:0.00%', '6:0.00%', '7:0.00%', '8:0.00%', '9:89.10%']
                                                                                              <-> Client 0, global : from 19.20% to 12.96%, local : from 0.90% to 95.64%, training time : 130msec
                                                                                              <-> Client 3, global : from 19.20% to 10.10%, local : from 1.55% to 95.13%, training time : 140msec
                                                                                              <-> Client 1, global : from 19.20% to 10.09%, local : from 84.44% to 94.93%, training time : 40msec
                                                                                              <-> Client 2, global : from 19.20% to 10.32%, local : from 93.46% to 94.95%, training time : 80msec
                                                     Cluster 1, round 2, loss : 2.32, accuracy 26.16% <-
                                                     Time past : 290msec
                                                     ['0:0.00%', '1:0.00%', '2:76.16%', '3:87.23%', '4:0.00%', '5:0.00%', '6:0.00%', '7:0.00%', '8:0.00%', '9:94.05%']
                                                                                              <-> Client 0, global : from 26.16% to 21.37%, local : from 1.25% to 96.21%, training time : 130msec
                                                                                              <-> Client 3, global : from 26.16% to 18.88%, local : from 79.84% to 95.75%, training time : 140msec
                                                                                              <-> Client 2, global : from 26.16% to 15.65%, local : from 72.84% to 95.14%, training time : 80msec
                                                                                              <-> Client 1, global : from 26.16% to 13.51%, local : from 90.26% to 95.26%, training time : 40msec
                                                     Cluster 1, round 3, loss : 1.84, accuracy 40.20% <-
                                                     Time past : 430msec
                                                     ['0:39.59%', '1:73.92%', '2:87.11%', '3:95.05%', '4:0.20%', '5:0.00%', '6:1.15%', '7:0.00%', '8:0.00%', '9:91.28%']
                                          10msec<-
                                          ->20msec
                                                     -> Cluster 2, loss : 2.31, accuracy 9.67%, model from round 0
                                                     ['0:0.00%', '1:0.00%', '2:2.62%', '3:0.00%', '4:95.72%', '5:0.00%', '6:0.00%', '7:0.00%', '8:0.00%', '9:0.00%']
                                                                                              <-> Client 1, global : from 9.67% to 10.28%, local : from 0.61% to 95.23%, training time : 130msec
                                                                                              <-> Client 2, global : from 9.67% to 10.28%, local : from 0.42% to 95.26%, training time : 130msec
                                                                                              <-> Client 0, global : from 9.67% to 9.58%, local : from 0.52% to 94.95%, training time : 100msec
                                                                                              <-> Client 3, global : from 9.67% to 9.74%, local : from 0.53% to 94.91%, training time : 130msec
                                                     Cluster 2, round 1, loss : 2.39, accuracy 17.82% <-
                                                     Time past : 150msec
                                                     ['0:0.00%', '1:0.00%', '2:0.00%', '3:0.00%', '4:0.00%', '5:0.00%', '6:3.76%', '7:87.35%', '8:87.06%', '9:0.00%']
                                                                                              <-> Client 2, global : from 17.82% to 10.28%, local : from 82.93% to 95.26%, training time : 130msec
                                                                                              <-> Client 1, global : from 17.82% to 10.28%, local : from 83.39% to 95.23%, training time : 130msec
                                                                                              <-> Client 3, global : from 17.82% to 9.74%, local : from 85.60% to 94.91%, training time : 130msec
                                                                                              <-> Client 0, global : from 17.82% to 15.54%, local : from 3.77% to 95.41%, training time : 100msec
                                                     Cluster 2, round 2, loss : 2.46, accuracy 23.42% <-
                                                     Time past : 280msec
                                                     ['0:0.00%', '1:0.00%', '2:0.00%', '3:0.00%', '4:0.00%', '5:0.00%', '6:69.83%', '7:96.89%', '8:69.51%', '9:0.00%']
                                                                                              <-> Client 1, global : from 23.42% to 14.35%, local : from 93.73% to 95.49%, training time : 130msec
                                                                                              <-> Client 2, global : from 23.42% to 14.25%, local : from 93.98% to 95.52%, training time : 130msec
                                                                                              <-> Client 0, global : from 23.42% to 23.30%, local : from 63.01% to 96.05%, training time : 100msec
                                                                                              <-> Client 3, global : from 23.42% to 9.80%, local : from 67.11% to 94.91%, training time : 130msec
                                                     Cluster 2, round 3, loss : 2.19, accuracy 27.34% <-
                                                     Time past : 410msec
                                                     ['0:0.00%', '1:0.00%', '2:0.00%', '3:0.00%', '4:0.00%', '5:0.00%', '6:97.60%', '7:94.84%', '8:84.60%', '9:0.00%']
                                          20msec<-
Central server round 1, loss : 1.77, accuracy :63.56%
Time past: 440msec
['0:95.82%', '1:94.54%', '2:70.45%', '3:64.26%', '4:28.82%', '5:0.00%', '6:90.61%', '7:54.28%', '8:53.08%', '9:73.54%']

----------------------------------------------------------------------------------------------------

Central server round 2, loss : 1.77, accuracy :63.56%
['0:95.82%', '1:94.54%', '2:70.45%', '3:64.26%', '4:28.82%', '5:0.00%', '6:90.61%', '7:54.28%', '8:53.08%', '9:73.54%']
                                          ->10msec
                                                     -> Cluster 0, loss : 1.77, accuracy 63.56%, model from round 1
                                                     ['0:95.82%', '1:94.54%', '2:70.45%', '3:64.26%', '4:28.82%', '5:0.00%', '6:90.61%', '7:54.28%', '8:53.08%', '9:73.54%']
                                                                                              <-> Client 3, global : from 63.56% to 40.59%, local : from 92.90% to 96.93%, training time : 100msec
                                                                                              <-> Client 0, global : from 63.56% to 51.47%, local : from 4.01% to 96.21%, training time : 80msec
                                                                                              <-> Client 1, global : from 63.56% to 52.41%, local : from 92.95% to 97.00%, training time : 40msec
                                                                                              <-> Client 2, global : from 63.56% to 49.41%, local : from 30.13% to 97.18%, training time : 70msec
                                                     Cluster 0, round 1, loss : 1.22, accuracy 60.82% <-
                                                     Time past : 110msec
                                                     ['0:98.47%', '1:97.97%', '2:61.14%', '3:60.50%', '4:96.54%', '5:53.25%', '6:77.35%', '7:52.72%', '8:0.92%', '9:4.76%']
                                                                                              <-> Client 3, global : from 60.82% to 47.62%, local : from 95.88% to 97.58%, training time : 100msec
                                                                                              <-> Client 0, global : from 60.82% to 66.47%, local : from 49.75% to 96.35%, training time : 80msec
                                                                                              <-> Client 1, global : from 60.82% to 53.58%, local : from 95.55% to 97.25%, training time : 40msec
                                                                                              <-> Client 2, global : from 60.82% to 56.09%, local : from 94.12% to 97.61%, training time : 70msec
                                                     Cluster 0, round 2, loss : 0.85, accuracy 71.57% <-
                                                     Time past : 210msec
                                                     ['0:98.16%', '1:97.62%', '2:70.93%', '3:58.61%', '4:94.60%', '5:83.74%', '6:82.15%', '7:69.26%', '8:38.91%', '9:20.71%']
                                                                                              <-> Client 3, global : from 71.57% to 65.61%, local : from 95.91% to 98.48%, training time : 100msec
                                                                                              <-> Client 0, global : from 71.57% to 66.97%, local : from 79.84% to 97.27%, training time : 80msec
                                                                                              <-> Client 2, global : from 71.57% to 60.38%, local : from 92.22% to 97.92%, training time : 70msec
                                                                                              <-> Client 1, global : from 71.57% to 70.72%, local : from 96.04% to 98.36%, training time : 40msec
                                                     Cluster 0, round 3, loss : 0.70, accuracy 76.36% <-
                                                     Time past : 310msec
                                                     ['0:98.47%', '1:96.48%', '2:78.00%', '3:65.74%', '4:96.74%', '5:88.00%', '6:80.17%', '7:79.18%', '8:54.52%', '9:25.67%']
                                          10msec<-
                                          ->10msec
                                                     -> Cluster 1, loss : 1.77, accuracy 63.56%, model from round 1
                                                     ['0:95.82%', '1:94.54%', '2:70.45%', '3:64.26%', '4:28.82%', '5:0.00%', '6:90.61%', '7:54.28%', '8:53.08%', '9:73.54%']
                                                                                              <-> Client 0, global : from 63.56% to 47.53%, local : from 92.39% to 97.04%, training time : 130msec
                                                                                              <-> Client 1, global : from 63.56% to 19.90%, local : from 69.98% to 95.65%, training time : 40msec
                                                                                              <-> Client 2, global : from 63.56% to 25.15%, local : from 67.30% to 95.87%, training time : 80msec
                                                                                              <-> Client 3, global : from 63.56% to 34.58%, local : from 60.50% to 96.64%, training time : 140msec
                                                     Cluster 1, round 1, loss : 1.31, accuracy 53.43% <-
                                                     Time past : 150msec
                                                     ['0:88.98%', '1:94.71%', '2:92.44%', '3:73.66%', '4:7.43%', '5:0.56%', '6:66.60%', '7:0.68%', '8:1.13%', '9:95.54%']
                                                                                              <-> Client 0, global : from 53.43% to 51.23%, local : from 91.97% to 97.61%, training time : 130msec
                                                                                              <-> Client 2, global : from 53.43% to 32.70%, local : from 88.51% to 96.51%, training time : 80msec
                                                                                              <-> Client 3, global : from 53.43% to 44.01%, local : from 68.10% to 97.58%, training time : 140msec
                                                                                              <-> Client 1, global : from 53.43% to 43.24%, local : from 93.11% to 96.99%, training time : 40msec
                                                     Cluster 1, round 2, loss : 0.97, accuracy 66.20% <-
                                                     Time past : 290msec
                                                     ['0:87.04%', '1:95.51%', '2:95.74%', '3:91.09%', '4:35.13%', '5:19.17%', '6:79.85%', '7:47.37%', '8:12.83%', '9:87.41%']
                                                                                              <-> Client 0, global : from 66.20% to 65.36%, local : from 93.58% to 98.24%, training time : 130msec
                                                                                              <-> Client 3, global : from 66.20% to 51.15%, local : from 87.46% to 98.40%, training time : 140msec
                                                                                              <-> Client 1, global : from 66.20% to 45.93%, local : from 85.32% to 97.36%, training time : 40msec
                                                                                              <-> Client 2, global : from 66.20% to 59.63%, local : from 92.52% to 98.05%, training time : 80msec
                                                     Cluster 1, round 3, loss : 0.82, accuracy 71.98% <-
                                                     Time past : 430msec
                                                     ['0:91.22%', '1:94.89%', '2:93.80%', '3:91.78%', '4:28.82%', '5:40.70%', '6:82.25%', '7:65.56%', '8:29.88%', '9:92.47%']
                                          10msec<-
                                          ->20msec
                                                     -> Cluster 2, loss : 1.77, accuracy 63.56%, model from round 1
                                                     ['0:95.82%', '1:94.54%', '2:70.45%', '3:64.26%', '4:28.82%', '5:0.00%', '6:90.61%', '7:54.28%', '8:53.08%', '9:73.54%']
                                                                                              <-> Client 2, global : from 63.56% to 29.33%, local : from 53.60% to 96.38%, training time : 130msec
                                                                                              <-> Client 1, global : from 63.56% to 31.36%, local : from 54.88% to 96.29%, training time : 130msec
                                                                                              <-> Client 0, global : from 63.56% to 38.33%, local : from 90.56% to 97.13%, training time : 100msec
                                                                                              <-> Client 3, global : from 63.56% to 16.71%, local : from 52.44% to 95.51%, training time : 130msec
                                                     Cluster 2, round 1, loss : 1.51, accuracy 44.66% <-
                                                     Time past : 150msec
                                                     ['0:64.08%', '1:75.51%', '2:15.99%', '3:1.98%', '4:4.99%', '5:0.00%', '6:96.66%', '7:89.11%', '8:92.92%', '9:0.00%']
                                                                                              <-> Client 1, global : from 44.66% to 58.60%, local : from 87.14% to 95.84%, training time : 130msec
                                                                                              <-> Client 2, global : from 44.66% to 36.30%, local : from 87.06% to 96.89%, training time : 130msec
                                                                                              <-> Client 3, global : from 44.66% to 27.47%, local : from 92.50% to 96.19%, training time : 130msec
                                                                                              <-> Client 0, global : from 44.66% to 53.38%, local : from 94.48% to 97.99%, training time : 100msec
                                                     Cluster 2, round 2, loss : 1.05, accuracy 62.44% <-
                                                     Time past : 280msec
                                                     ['0:83.88%', '1:76.92%', '2:49.42%', '3:33.56%', '4:61.41%', '5:0.56%', '6:97.49%', '7:92.51%', '8:90.55%', '9:32.21%']
                                                                                              <-> Client 2, global : from 62.44% to 58.18%, local : from 92.67% to 97.73%, training time : 130msec
                                                                                              <-> Client 1, global : from 62.44% to 53.26%, local : from 91.87% to 97.28%, training time : 130msec
                                                                                              <-> Client 0, global : from 62.44% to 60.52%, local : from 96.08% to 98.48%, training time : 100msec
                                                                                              <-> Client 3, global : from 62.44% to 37.51%, local : from 91.43% to 97.20%, training time : 130msec
                                                     Cluster 2, round 3, loss : 0.84, accuracy 70.20% <-
                                                     Time past : 410msec
                                                     ['0:90.61%', '1:88.99%', '2:62.50%', '3:59.11%', '4:53.87%', '5:14.57%', '6:97.08%', '7:92.02%', '8:92.20%', '9:44.30%']
                                          20msec<-
Central server round 2, loss : 0.61, accuracy :82.41%
Time past: 880msec
['0:96.22%', '1:96.74%', '2:85.95%', '3:82.38%', '4:70.88%', '5:60.99%', '6:91.34%', '7:83.17%', '8:68.99%', '9:83.15%']

----------------------------------------------------------------------------------------------------

Central server round 3, loss : 0.61, accuracy :82.41%
['0:96.22%', '1:96.74%', '2:85.95%', '3:82.38%', '4:70.88%', '5:60.99%', '6:91.34%', '7:83.17%', '8:68.99%', '9:83.15%']
                                          ->10msec
                                                     -> Cluster 0, loss : 0.61, accuracy 82.41%, model from round 2
                                                     ['0:96.22%', '1:96.74%', '2:85.95%', '3:82.38%', '4:70.88%', '5:60.99%', '6:91.34%', '7:83.17%', '8:68.99%', '9:83.15%']
                                                                                              <-> Client 3, global : from 82.41% to 69.19%, local : from 95.55% to 98.75%, training time : 100msec
                                                                                              <-> Client 0, global : from 82.41% to 52.08%, local : from 59.96% to 97.21%, training time : 80msec
                                                                                              <-> Client 1, global : from 82.41% to 71.16%, local : from 93.71% to 98.38%, training time : 40msec
                                                                                              <-> Client 2, global : from 82.41% to 60.38%, local : from 70.42% to 97.95%, training time : 70msec
                                                     Cluster 0, round 1, loss : 0.61, accuracy 79.18% <-
                                                     Time past : 110msec
                                                     ['0:97.04%', '1:96.74%', '2:84.88%', '3:63.66%', '4:95.52%', '5:92.04%', '6:79.44%', '7:85.12%', '8:49.90%', '9:46.48%']
                                                                                              <-> Client 3, global : from 79.18% to 79.26%, local : from 95.17% to 98.75%, training time : 100msec
                                                                                              <-> Client 1, global : from 79.18% to 74.93%, local : from 94.59% to 98.53%, training time : 40msec
                                                                                              <-> Client 0, global : from 79.18% to 65.04%, local : from 90.73% to 97.89%, training time : 80msec
                                                                                              <-> Client 2, global : from 79.18% to 68.24%, local : from 93.90% to 98.09%, training time : 70msec
                                                     Cluster 0, round 2, loss : 0.51, accuracy 84.17% <-
                                                     Time past : 210msec
                                                     ['0:98.88%', '1:95.68%', '2:81.98%', '3:78.61%', '4:92.87%', '5:88.68%', '6:84.45%', '7:86.09%', '8:62.53%', '9:70.96%']
                                                                                              <-> Client 0, global : from 84.17% to 73.35%, local : from 87.92% to 98.08%, training time : 80msec
                                                                                              <-> Client 3, global : from 84.17% to 75.58%, local : from 94.45% to 99.07%, training time : 100msec
                                                                                              <-> Client 2, global : from 84.17% to 76.19%, local : from 91.32% to 98.46%, training time : 70msec
                                                                                              <-> Client 1, global : from 84.17% to 74.37%, local : from 97.45% to 98.63%, training time : 40msec
                                                     Cluster 0, round 3, loss : 0.48, accuracy 84.47% <-
                                                     Time past : 310msec
                                                     ['0:98.37%', '1:97.36%', '2:85.66%', '3:77.33%', '4:93.89%', '5:92.15%', '6:89.14%', '7:87.94%', '8:60.47%', '9:61.65%']
                                          10msec<-
                                          ->10msec
                                                     -> Cluster 1, loss : 0.61, accuracy 82.41%, model from round 2
                                                     ['0:96.22%', '1:96.74%', '2:85.95%', '3:82.38%', '4:70.88%', '5:60.99%', '6:91.34%', '7:83.17%', '8:68.99%', '9:83.15%']
                                                                                              <-> Client 0, global : from 82.41% to 69.14%, local : from 95.10% to 98.36%, training time : 130msec
                                                                                              <-> Client 1, global : from 82.41% to 53.50%, local : from 81.54% to 97.90%, training time : 40msec
                                                                                              <-> Client 2, global : from 82.41% to 17.82%, local : from 82.80% to 95.52%, training time : 80msec
                                                                                              <-> Client 3, global : from 82.41% to 49.34%, local : from 81.22% to 98.17%, training time : 140msec
                                                     Cluster 1, round 1, loss : 0.74, accuracy 74.51% <-
                                                     Time past : 150msec
                                                     ['0:91.53%', '1:94.10%', '2:97.38%', '3:85.64%', '4:48.98%', '5:60.09%', '6:76.83%', '7:66.34%', '8:26.80%', '9:91.18%']
                                                                                              <-> Client 0, global : from 74.51% to 73.69%, local : from 92.84% to 98.48%, training time : 130msec
                                                                                              <-> Client 2, global : from 74.51% to 57.24%, local : from 94.95% to 98.07%, training time : 80msec
                                                                                              <-> Client 1, global : from 74.51% to 52.14%, local : from 90.14% to 97.92%, training time : 40msec
                                                                                              <-> Client 3, global : from 74.51% to 58.31%, local : from 84.02% to 98.73%, training time : 140msec
                                                     Cluster 1, round 2, loss : 0.69, accuracy 77.30% <-
                                                     Time past : 290msec
                                                     ['0:95.31%', '1:94.63%', '2:94.57%', '3:93.17%', '4:53.26%', '5:53.03%', '6:77.56%', '7:66.73%', '8:45.28%', '9:93.06%']
                                                                                              <-> Client 0, global : from 77.30% to 76.82%, local : from 92.93% to 98.81%, training time : 130msec
                                                                                              <-> Client 2, global : from 77.30% to 71.49%, local : from 93.11% to 98.84%, training time : 80msec
                                                                                              <-> Client 1, global : from 77.30% to 54.08%, local : from 92.37% to 98.02%, training time : 40msec
                                                                                              <-> Client 3, global : from 77.30% to 61.94%, local : from 90.89% to 98.89%, training time : 140msec
                                                     Cluster 1, round 3, loss : 0.65, accuracy 79.10% <-
                                                     Time past : 430msec
                                                     ['0:96.22%', '1:94.63%', '2:93.31%', '3:92.38%', '4:43.28%', '5:64.24%', '6:87.89%', '7:70.04%', '8:48.67%', '9:95.44%']
                                          10msec<-
                                          ->20msec
                                                     -> Cluster 2, loss : 0.61, accuracy 82.41%, model from round 2
                                                     ['0:96.22%', '1:96.74%', '2:85.95%', '3:82.38%', '4:70.88%', '5:60.99%', '6:91.34%', '7:83.17%', '8:68.99%', '9:83.15%']
                                                                                              <-> Client 1, global : from 82.41% to 70.51%, local : from 82.69% to 98.05%, training time : 130msec
                                                                                              <-> Client 2, global : from 82.41% to 61.18%, local : from 82.23% to 97.89%, training time : 130msec
                                                                                              <-> Client 3, global : from 82.41% to 49.69%, local : from 69.04% to 97.93%, training time : 130msec
                                                                                              <-> Client 0, global : from 82.41% to 74.14%, local : from 92.38% to 99.04%, training time : 100msec
                                                     Cluster 2, round 1, loss : 0.62, accuracy 79.41% <-
                                                     Time past : 150msec
                                                     ['0:94.49%', '1:88.02%', '2:65.79%', '3:78.61%', '4:77.70%', '5:39.80%', '6:94.78%', '7:90.56%', '8:92.92%', '9:67.49%']
                                                                                              <-> Client 2, global : from 79.41% to 70.83%, local : from 91.90% to 98.56%, training time : 130msec
                                                                                              <-> Client 3, global : from 79.41% to 56.44%, local : from 93.37% to 98.33%, training time : 130msec
                                                                                              <-> Client 1, global : from 79.41% to 68.37%, local : from 90.66% to 98.40%, training time : 130msec
                                                                                              <-> Client 0, global : from 79.41% to 68.79%, local : from 95.07% to 98.94%, training time : 100msec
                                                     Cluster 2, round 2, loss : 0.60, accuracy 80.11% <-
                                                     Time past : 280msec
                                                     ['0:94.29%', '1:90.75%', '2:69.67%', '3:70.69%', '4:72.51%', '5:50.45%', '6:97.70%', '7:92.90%', '8:89.94%', '9:68.88%']
                                                                                              <-> Client 2, global : from 80.11% to 71.15%, local : from 94.88% to 98.69%, training time : 130msec
                                                                                              <-> Client 1, global : from 80.11% to 68.09%, local : from 93.89% to 98.27%, training time : 130msec
                                                                                              <-> Client 0, global : from 80.11% to 76.12%, local : from 97.48% to 99.05%, training time : 100msec
                                                                                              <-> Client 3, global : from 80.11% to 41.58%, local : from 91.07% to 97.80%, training time : 130msec
                                                     Cluster 2, round 3, loss : 0.60, accuracy 80.00% <-
                                                     Time past : 410msec
                                                     ['0:91.12%', '1:88.55%', '2:68.80%', '3:70.10%', '4:71.89%', '5:43.50%', '6:94.26%', '7:92.61%', '8:95.59%', '9:79.68%']
                                          20msec<-
Central server round 3, loss : 0.43, accuracy :86.50%
Time past: 1320msec
['0:97.45%', '1:96.12%', '2:88.57%', '3:86.24%', '4:75.76%', '5:76.23%', '6:92.80%', '7:85.02%', '8:76.59%', '9:87.81%']

----------------------------------------------------------------------------------------------------

Central server round 4, loss : 0.43, accuracy :86.50%
['0:97.45%', '1:96.12%', '2:88.57%', '3:86.24%', '4:75.76%', '5:76.23%', '6:92.80%', '7:85.02%', '8:76.59%', '9:87.81%']
                                          ->10msec
                                                     -> Cluster 0, loss : 0.43, accuracy 86.50%, model from round 3
                                                     ['0:97.45%', '1:96.12%', '2:88.57%', '3:86.24%', '4:75.76%', '5:76.23%', '6:92.80%', '7:85.02%', '8:76.59%', '9:87.81%']
                                                                                              <-> Client 2, global : from 86.50% to 66.78%, local : from 74.76% to 98.27%, training time : 70msec
                                                                                              <-> Client 3, global : from 86.50% to 79.61%, local : from 95.17% to 99.22%, training time : 100msec
                                                                                              <-> Client 1, global : from 86.50% to 77.75%, local : from 95.48% to 98.70%, training time : 40msec
                                                                                              <-> Client 0, global : from 86.50% to 68.26%, local : from 76.01% to 98.24%, training time : 80msec
                                                     Cluster 0, round 1, loss : 0.49, accuracy 83.44% <-
                                                     Time past : 110msec
                                                     ['0:98.16%', '1:97.36%', '2:85.27%', '3:75.05%', '4:96.95%', '5:93.39%', '6:86.01%', '7:85.21%', '8:60.78%', '9:55.70%']
                                                                                              <-> Client 3, global : from 83.44% to 79.52%, local : from 95.82% to 99.22%, training time : 100msec
                                                                                              <-> Client 0, global : from 83.44% to 67.82%, local : from 91.33% to 98.26%, training time : 80msec
                                                                                              <-> Client 1, global : from 83.44% to 85.53%, local : from 96.26% to 99.06%, training time : 40msec
                                                                                              <-> Client 2, global : from 83.44% to 70.50%, local : from 95.66% to 98.56%, training time : 70msec
                                                     Cluster 0, round 2, loss : 0.47, accuracy 84.40% <-
                                                     Time past : 210msec
                                                     ['0:97.65%', '1:97.27%', '2:83.53%', '3:74.46%', '4:96.54%', '5:95.18%', '6:88.62%', '7:86.19%', '8:65.81%', '9:58.67%']
                                                                                              <-> Client 3, global : from 84.40% to 80.34%, local : from 95.94% to 99.34%, training time : 100msec
                                                                                              <-> Client 1, global : from 84.40% to 65.26%, local : from 96.05% to 98.04%, training time : 40msec
                                                                                              <-> Client 0, global : from 84.40% to 68.18%, local : from 93.16% to 98.31%, training time : 80msec
                                                                                              <-> Client 2, global : from 84.40% to 77.84%, local : from 95.13% to 98.77%, training time : 70msec
                                                     Cluster 0, round 3, loss : 0.43, accuracy 86.22% <-
                                                     Time past : 310msec
                                                     ['0:98.98%', '1:96.83%', '2:87.89%', '3:78.91%', '4:93.18%', '5:95.29%', '6:84.34%', '7:87.16%', '8:64.58%', '9:74.43%']
                                          10msec<-
                                          ->10msec
                                                     -> Cluster 1, loss : 0.43, accuracy 86.50%, model from round 3
                                                     ['0:97.45%', '1:96.12%', '2:88.57%', '3:86.24%', '4:75.76%', '5:76.23%', '6:92.80%', '7:85.02%', '8:76.59%', '9:87.81%']
                                                                                              <-> Client 0, global : from 86.50% to 70.58%, local : from 94.60% to 98.69%, training time : 130msec
                                                                                              <-> Client 1, global : from 86.50% to 66.07%, local : from 87.37% to 98.56%, training time : 40msec
                                                                                              <-> Client 3, global : from 86.50% to 56.26%, local : from 84.42% to 98.68%, training time : 140msec
                                                                                              <-> Client 2, global : from 86.50% to 55.14%, local : from 86.31% to 98.12%, training time : 80msec
                                                     Cluster 1, round 1, loss : 0.54, accuracy 83.03% <-
                                                     Time past : 150msec
                                                     ['0:95.31%', '1:95.68%', '2:94.96%', '3:93.17%', '4:69.14%', '5:73.99%', '6:85.07%', '7:68.19%', '8:60.37%', '9:91.08%']
                                                                                              <-> Client 0, global : from 83.03% to 75.80%, local : from 94.96% to 98.81%, training time : 130msec
                                                                                              <-> Client 1, global : from 83.03% to 67.33%, local : from 90.64% to 98.81%, training time : 40msec
                                                                                              <-> Client 2, global : from 83.03% to 59.81%, local : from 92.97% to 98.74%, training time : 80msec
                                                                                              <-> Client 3, global : from 83.03% to 65.20%, local : from 91.15% to 99.00%, training time : 140msec
                                                     Cluster 1, round 2, loss : 0.53, accuracy 83.42% <-
                                                     Time past : 290msec
                                                     ['0:95.31%', '1:94.63%', '2:94.86%', '3:94.65%', '4:62.73%', '5:70.40%', '6:89.98%', '7:71.89%', '8:64.48%', '9:91.77%']
                                                                                              <-> Client 0, global : from 83.42% to 79.45%, local : from 93.64% to 99.01%, training time : 130msec
                                                                                              <-> Client 3, global : from 83.42% to 69.16%, local : from 92.14% to 99.35%, training time : 140msec
                                                                                              <-> Client 1, global : from 83.42% to 67.80%, local : from 91.58% to 98.71%, training time : 40msec
                                                                                              <-> Client 2, global : from 83.42% to 73.05%, local : from 93.42% to 99.16%, training time : 80msec
                                                     Cluster 1, round 3, loss : 0.51, accuracy 84.69% <-
                                                     Time past : 430msec
                                                     ['0:97.04%', '1:95.59%', '2:95.16%', '3:93.27%', '4:64.66%', '5:73.43%', '6:89.46%', '7:70.62%', '8:71.87%', '9:92.77%']
                                          10msec<-
                                          ->20msec
                                                     -> Cluster 2, loss : 0.43, accuracy 86.50%, model from round 3
                                                     ['0:97.45%', '1:96.12%', '2:88.57%', '3:86.24%', '4:75.76%', '5:76.23%', '6:92.80%', '7:85.02%', '8:76.59%', '9:87.81%']
                                                                                              <-> Client 1, global : from 86.50% to 64.64%, local : from 85.70% to 98.21%, training time : 130msec
                                                                                              <-> Client 2, global : from 86.50% to 65.16%, local : from 85.40% to 98.40%, training time : 130msec
                                                                                              <-> Client 3, global : from 86.50% to 58.02%, local : from 77.97% to 98.43%, training time : 130msec
                                                                                              <-> Client 0, global : from 86.50% to 72.92%, local : from 93.36% to 99.16%, training time : 100msec
                                                     Cluster 2, round 1, loss : 0.54, accuracy 82.28% <-
                                                     Time past : 150msec
                                                     ['0:93.67%', '1:91.63%', '2:68.31%', '3:77.82%', '4:74.44%', '5:60.43%', '6:97.60%', '7:93.97%', '8:90.55%', '9:71.95%']
                                                                                              <-> Client 2, global : from 82.28% to 71.43%, local : from 95.61% to 98.62%, training time : 130msec
                                                                                              <-> Client 1, global : from 82.28% to 75.14%, local : from 94.91% to 98.50%, training time : 130msec
                                                                                              <-> Client 3, global : from 82.28% to 53.87%, local : from 91.12% to 98.48%, training time : 130msec
                                                                                              <-> Client 0, global : from 82.28% to 75.60%, local : from 97.80% to 99.26%, training time : 100msec
                                                     Cluster 2, round 2, loss : 0.51, accuracy 83.52% <-
                                                     Time past : 280msec
                                                     ['0:92.45%', '1:90.48%', '2:73.06%', '3:77.62%', '4:80.86%', '5:63.68%', '6:97.70%', '7:93.00%', '8:93.74%', '9:70.76%']
                                                                                              <-> Client 1, global : from 83.52% to 73.41%, local : from 93.92% to 98.72%, training time : 130msec
                                                                                              <-> Client 2, global : from 83.52% to 77.46%, local : from 94.62% to 98.88%, training time : 130msec
                                                                                              <-> Client 0, global : from 83.52% to 80.36%, local : from 97.91% to 99.43%, training time : 100msec
                                                                                              <-> Client 3, global : from 83.52% to 52.54%, local : from 93.85% to 98.29%, training time : 130msec
                                                     Cluster 2, round 3, loss : 0.46, accuracy 85.11% <-
                                                     Time past : 410msec
                                                     ['0:94.08%', '1:89.96%', '2:76.26%', '3:81.88%', '4:82.38%', '5:64.35%', '6:96.87%', '7:92.80%', '8:94.15%', '9:76.51%']
                                          20msec<-
Central server round 4, loss : 0.37, accuracy :88.60%
Time past: 1760msec
['0:98.37%', '1:96.21%', '2:90.31%', '3:88.12%', '4:82.28%', '5:83.30%', '6:92.90%', '7:85.02%', '8:82.65%', '9:85.43%']

----------------------------------------------------------------------------------------------------

Central server round 5, loss : 0.37, accuracy :88.60%
['0:98.37%', '1:96.21%', '2:90.31%', '3:88.12%', '4:82.28%', '5:83.30%', '6:92.90%', '7:85.02%', '8:82.65%', '9:85.43%']
                                          ->10msec
                                                     -> Cluster 0, loss : 0.37, accuracy 88.60%, model from round 4
                                                     ['0:98.37%', '1:96.21%', '2:90.31%', '3:88.12%', '4:82.28%', '5:83.30%', '6:92.90%', '7:85.02%', '8:82.65%', '9:85.43%']
                                                                                              <-> Client 3, global : from 88.60% to 78.94%, local : from 95.23% to 99.40%, training time : 100msec
                                                                                              <-> Client 0, global : from 88.60% to 70.44%, local : from 83.93% to 98.42%, training time : 80msec
                                                                                              <-> Client 1, global : from 88.60% to 83.41%, local : from 96.54% to 99.07%, training time : 40msec
                                                                                              <-> Client 2, global : from 88.60% to 72.64%, local : from 82.21% to 98.62%, training time : 70msec
                                                     Cluster 0, round 1, loss : 0.45, accuracy 85.05% <-
                                                     Time past : 110msec
                                                     ['0:98.88%', '1:97.00%', '2:85.95%', '3:74.95%', '4:97.45%', '5:92.71%', '6:88.00%', '7:86.67%', '8:80.80%', '9:48.17%']
                                                                                              <-> Client 3, global : from 85.05% to 84.15%, local : from 96.00% to 99.43%, training time : 100msec
                                                                                              <-> Client 1, global : from 85.05% to 85.96%, local : from 97.35% to 99.14%, training time : 40msec
                                                                                              <-> Client 2, global : from 85.05% to 76.66%, local : from 96.45% to 98.75%, training time : 70msec
                                                                                              <-> Client 0, global : from 85.05% to 68.44%, local : from 91.50% to 98.39%, training time : 80msec
                                                     Cluster 0, round 2, loss : 0.41, accuracy 86.77% <-
                                                     Time past : 210msec
                                                     ['0:98.57%', '1:97.53%', '2:87.89%', '3:72.57%', '4:96.44%', '5:94.84%', '6:92.07%', '7:87.84%', '8:78.13%', '9:61.94%']
                                                                                              <-> Client 3, global : from 86.77% to 78.30%, local : from 96.60% to 99.46%, training time : 100msec
                                                                                              <-> Client 0, global : from 86.77% to 76.41%, local : from 93.27% to 98.75%, training time : 80msec
                                                                                              <-> Client 1, global : from 86.77% to 86.23%, local : from 97.23% to 99.22%, training time : 40msec
                                                                                              <-> Client 2, global : from 86.77% to 71.46%, local : from 95.47% to 98.70%, training time : 70msec
                                                     Cluster 0, round 3, loss : 0.41, accuracy 86.39% <-
                                                     Time past : 310msec
                                                     ['0:98.57%', '1:98.24%', '2:87.69%', '3:76.83%', '4:97.15%', '5:95.52%', '6:90.08%', '7:84.34%', '8:78.85%', '9:56.79%']
                                          10msec<-
                                          ->10msec
                                                     -> Cluster 1, loss : 0.37, accuracy 88.60%, model from round 4
                                                     ['0:98.37%', '1:96.21%', '2:90.31%', '3:88.12%', '4:82.28%', '5:83.30%', '6:92.90%', '7:85.02%', '8:82.65%', '9:85.43%']
                                                                                              <-> Client 0, global : from 88.60% to 79.05%, local : from 94.90% to 98.96%, training time : 130msec
                                                                                              <-> Client 2, global : from 88.60% to 67.09%, local : from 89.00% to 98.94%, training time : 80msec
                                                                                              <-> Client 3, global : from 88.60% to 63.69%, local : from 85.87% to 99.20%, training time : 140msec
                                                                                              <-> Client 1, global : from 88.60% to 66.63%, local : from 85.69% to 98.86%, training time : 40msec
                                                     Cluster 1, round 1, loss : 0.52, accuracy 83.53% <-
                                                     Time past : 150msec
                                                     ['0:97.35%', '1:96.04%', '2:95.83%', '3:93.27%', '4:58.86%', '5:70.74%', '6:88.31%', '7:70.04%', '8:66.63%', '9:94.55%']
                                                                                              <-> Client 0, global : from 83.53% to 85.63%, local : from 94.78% to 98.96%, training time : 130msec
                                                                                              <-> Client 1, global : from 83.53% to 64.00%, local : from 93.95% to 98.82%, training time : 40msec
                                                                                              <-> Client 2, global : from 83.53% to 65.99%, local : from 94.78% to 99.06%, training time : 80msec
                                                                                              <-> Client 3, global : from 83.53% to 65.89%, local : from 90.87% to 99.22%, training time : 140msec
                                                     Cluster 1, round 2, loss : 0.50, accuracy 84.53% <-
                                                     Time past : 290msec
                                                     ['0:97.55%', '1:94.89%', '2:95.83%', '3:94.06%', '4:61.10%', '5:73.21%', '6:88.52%', '7:76.56%', '8:64.99%', '9:95.14%']
                                                                                              <-> Client 0, global : from 84.53% to 82.96%, local : from 93.67% to 99.16%, training time : 130msec
                                                                                              <-> Client 2, global : from 84.53% to 76.19%, local : from 94.87% to 99.33%, training time : 80msec
                                                                                              <-> Client 1, global : from 84.53% to 77.03%, local : from 94.36% to 99.04%, training time : 40msec
                                                                                              <-> Client 3, global : from 84.53% to 72.53%, local : from 91.52% to 99.15%, training time : 140msec
                                                     Cluster 1, round 3, loss : 0.48, accuracy 85.61% <-
                                                     Time past : 430msec
                                                     ['0:96.33%', '1:94.36%', '2:94.48%', '3:95.15%', '4:67.21%', '5:78.25%', '6:89.04%', '7:73.64%', '8:71.05%', '9:94.15%']
                                          10msec<-
                                          ->20msec
                                                     -> Cluster 2, loss : 0.37, accuracy 88.60%, model from round 4
                                                     ['0:98.37%', '1:96.21%', '2:90.31%', '3:88.12%', '4:82.28%', '5:83.30%', '6:92.90%', '7:85.02%', '8:82.65%', '9:85.43%']
                                                                                              <-> Client 2, global : from 88.60% to 70.04%, local : from 86.20% to 98.59%, training time : 130msec
                                                                                              <-> Client 1, global : from 88.60% to 78.23%, local : from 86.30% to 98.46%, training time : 130msec
                                                                                              <-> Client 3, global : from 88.60% to 53.40%, local : from 82.68% to 98.29%, training time : 130msec
                                                                                              <-> Client 0, global : from 88.60% to 80.46%, local : from 93.13% to 99.41%, training time : 100msec
                                                     Cluster 2, round 1, loss : 0.43, accuracy 86.15% <-
                                                     Time past : 150msec
                                                     ['0:94.59%', '1:94.45%', '2:74.52%', '3:82.67%', '4:77.70%', '5:72.42%', '6:96.76%', '7:93.58%', '8:92.81%', '9:80.28%']
                                                                                              <-> Client 1, global : from 86.15% to 72.07%, local : from 94.56% to 98.88%, training time : 130msec
                                                                                              <-> Client 2, global : from 86.15% to 76.01%, local : from 95.13% to 99.10%, training time : 130msec
                                                                                              <-> Client 3, global : from 86.15% to 67.68%, local : from 92.78% to 98.92%, training time : 130msec
                                                                                              <-> Client 0, global : from 86.15% to 81.34%, local : from 96.82% to 99.49%, training time : 100msec
                                                     Cluster 2, round 2, loss : 0.44, accuracy 85.95% <-
                                                     Time past : 280msec
                                                     ['0:93.27%', '1:90.84%', '2:74.22%', '3:82.67%', '4:79.43%', '5:71.30%', '6:96.97%', '7:93.87%', '8:94.76%', '9:80.87%']
                                                                                              <-> Client 2, global : from 85.95% to 78.30%, local : from 95.29% to 99.17%, training time : 130msec
                                                                                              <-> Client 1, global : from 85.95% to 74.67%, local : from 94.59% to 98.82%, training time : 130msec
                                                                                              <-> Client 0, global : from 85.95% to 78.99%, local : from 97.30% to 99.43%, training time : 100msec
                                                                                              <-> Client 3, global : from 85.95% to 60.16%, local : from 94.21% to 98.82%, training time : 130msec
                                                     Cluster 2, round 3, loss : 0.44, accuracy 85.96% <-
                                                     Time past : 410msec
                                                     ['0:93.67%', '1:91.37%', '2:78.00%', '3:80.10%', '4:74.85%', '5:70.40%', '6:98.33%', '7:93.97%', '8:94.35%', '9:82.95%']
                                          20msec<-
Central server round 5, loss : 0.32, accuracy :89.86%
Time past: 2200msec
['0:97.76%', '1:96.83%', '2:90.70%', '3:87.92%', '4:84.73%', '5:86.32%', '6:94.26%', '7:85.21%', '8:86.86%', '9:87.02%']

----------------------------------------------------------------------------------------------------

Central server round 6, loss : 0.32, accuracy :89.86%
['0:97.76%', '1:96.83%', '2:90.70%', '3:87.92%', '4:84.73%', '5:86.32%', '6:94.26%', '7:85.21%', '8:86.86%', '9:87.02%']
                                          ->10msec
                                                     -> Cluster 0, loss : 0.32, accuracy 89.86%, model from round 5
                                                     ['0:97.76%', '1:96.83%', '2:90.70%', '3:87.92%', '4:84.73%', '5:86.32%', '6:94.26%', '7:85.21%', '8:86.86%', '9:87.02%']
                                                                                              <-> Client 3, global : from 89.86% to 78.58%, local : from 95.82% to 99.52%, training time : 100msec
                                                                                              <-> Client 0, global : from 89.86% to 72.53%, local : from 86.90% to 98.74%, training time : 80msec
                                                                                              <-> Client 2, global : from 89.86% to 75.66%, local : from 85.61% to 98.84%, training time : 70msec
                                                                                              <-> Client 1, global : from 89.86% to 84.41%, local : from 96.26% to 99.31%, training time : 40msec
                                                     Cluster 0, round 1, loss : 0.39, accuracy 87.57% <-
                                                     Time past : 110msec
                                                     ['0:98.88%', '1:97.97%', '2:87.98%', '3:73.47%', '4:96.33%', '5:95.18%', '6:89.98%', '7:87.84%', '8:82.65%', '9:65.51%']
                                                                                              <-> Client 3, global : from 87.57% to 83.65%, local : from 97.08% to 99.55%, training time : 100msec
                                                                                              <-> Client 0, global : from 87.57% to 68.87%, local : from 93.84% to 98.30%, training time : 80msec
                                                                                              <-> Client 1, global : from 87.57% to 86.30%, local : from 97.60% to 99.39%, training time : 40msec
                                                                                              <-> Client 2, global : from 87.57% to 81.43%, local : from 95.63% to 99.06%, training time : 70msec
                                                     Cluster 0, round 2, loss : 0.35, accuracy 88.85% <-
                                                     Time past : 210msec
                                                     ['0:99.18%', '1:98.24%', '2:88.95%', '3:79.50%', '4:94.91%', '5:95.29%', '6:89.04%', '7:89.30%', '8:77.72%', '9:76.02%']
                                                                                              <-> Client 3, global : from 88.85% to 83.37%, local : from 97.37% to 99.61%, training time : 100msec
                                                                                              <-> Client 0, global : from 88.85% to 80.57%, local : from 94.56% to 99.08%, training time : 80msec
                                                                                              <-> Client 1, global : from 88.85% to 86.41%, local : from 98.21% to 99.41%, training time : 40msec
                                                                                              <-> Client 2, global : from 88.85% to 73.86%, local : from 94.26% to 98.77%, training time : 70msec
                                                     Cluster 0, round 3, loss : 0.35, accuracy 89.00% <-
                                                     Time past : 310msec
                                                     ['0:99.18%', '1:98.06%', '2:88.66%', '3:80.99%', '4:97.66%', '5:95.29%', '6:90.92%', '7:88.52%', '8:78.64%', '9:71.95%']
                                          10msec<-
                                          ->10msec
                                                     -> Cluster 1, loss : 0.32, accuracy 89.86%, model from round 5
                                                     ['0:97.76%', '1:96.83%', '2:90.70%', '3:87.92%', '4:84.73%', '5:86.32%', '6:94.26%', '7:85.21%', '8:86.86%', '9:87.02%']
                                                                                              <-> Client 0, global : from 89.86% to 83.04%, local : from 95.37% to 99.19%, training time : 130msec
                                                                                              <-> Client 2, global : from 89.86% to 78.48%, local : from 89.36% to 99.23%, training time : 80msec
                                                                                              <-> Client 1, global : from 89.86% to 73.31%, local : from 86.85% to 99.14%, training time : 40msec
                                                                                              <-> Client 3, global : from 89.86% to 79.34%, local : from 85.59% to 97.99%, training time : 140msec
                                                     Cluster 1, round 1, loss : 0.41, accuracy 87.18% <-
                                                     Time past : 150msec
                                                     ['0:98.37%', '1:95.51%', '2:94.67%', '3:91.58%', '4:67.52%', '5:76.46%', '6:90.61%', '7:75.58%', '8:84.39%', '9:94.75%']
                                                                                              <-> Client 0, global : from 87.18% to 86.59%, local : from 94.51% to 99.19%, training time : 130msec
                                                                                              <-> Client 2, global : from 87.18% to 61.38%, local : from 93.99% to 98.94%, training time : 80msec
                                                                                              <-> Client 3, global : from 87.18% to 60.96%, local : from 89.06% to 99.12%, training time : 140msec
                                                                                              <-> Client 1, global : from 87.18% to 76.72%, local : from 94.96% to 99.16%, training time : 40msec
                                                     Cluster 1, round 2, loss : 0.47, accuracy 85.42% <-
                                                     Time past : 290msec
                                                     ['0:97.96%', '1:95.33%', '2:95.64%', '3:95.25%', '4:60.29%', '5:76.79%', '6:90.50%', '7:75.78%', '8:68.28%', '9:95.44%']
                                                                                              <-> Client 0, global : from 85.42% to 85.40%, local : from 94.36% to 99.16%, training time : 130msec
                                                                                              <-> Client 1, global : from 85.42% to 73.99%, local : from 94.79% to 99.14%, training time : 40msec
                                                                                              <-> Client 3, global : from 85.42% to 69.17%, local : from 92.80% to 99.44%, training time : 140msec
                                                                                              <-> Client 2, global : from 85.42% to 74.53%, local : from 95.03% to 99.43%, training time : 80msec
                                                     Cluster 1, round 3, loss : 0.48, accuracy 85.84% <-
                                                     Time past : 430msec
                                                     ['0:97.35%', '1:95.68%', '2:95.74%', '3:95.64%', '4:65.99%', '5:78.81%', '6:90.81%', '7:73.54%', '8:66.84%', '9:95.34%']
                                          10msec<-
                                          ->20msec
                                                     -> Cluster 2, loss : 0.32, accuracy 89.86%, model from round 5
                                                     ['0:97.76%', '1:96.83%', '2:90.70%', '3:87.92%', '4:84.73%', '5:86.32%', '6:94.26%', '7:85.21%', '8:86.86%', '9:87.02%']
                                                                                              <-> Client 1, global : from 89.86% to 73.52%, local : from 87.10% to 98.98%, training time : 130msec
                                                                                              <-> Client 2, global : from 89.86% to 70.90%, local : from 87.06% to 99.01%, training time : 130msec
                                                                                              <-> Client 3, global : from 89.86% to 71.45%, local : from 86.92% to 98.99%, training time : 130msec
                                                                                              <-> Client 0, global : from 89.86% to 82.58%, local : from 94.44% to 99.58%, training time : 100msec
                                                     Cluster 2, round 1, loss : 0.39, accuracy 87.54% <-
                                                     Time past : 150msec
                                                     ['0:96.84%', '1:91.37%', '2:79.36%', '3:91.49%', '4:75.66%', '5:73.09%', '6:96.35%', '7:94.26%', '8:92.20%', '9:83.25%']
                                                                                              <-> Client 2, global : from 87.54% to 74.56%, local : from 95.93% to 98.98%, training time : 130msec
                                                                                              <-> Client 1, global : from 87.54% to 77.21%, local : from 95.01% to 99.20%, training time : 130msec
                                                                                              <-> Client 3, global : from 87.54% to 53.50%, local : from 92.13% to 98.45%, training time : 130msec
                                                                                              <-> Client 0, global : from 87.54% to 83.08%, local : from 97.11% to 99.59%, training time : 100msec
                                                     Cluster 2, round 2, loss : 0.38, accuracy 87.70% <-
                                                     Time past : 280msec
                                                     ['0:95.92%', '1:92.42%', '2:76.07%', '3:83.27%', '4:82.79%', '5:77.69%', '6:96.97%', '7:94.07%', '8:93.94%', '9:83.05%']
                                                                                              <-> Client 1, global : from 87.70% to 76.14%, local : from 94.98% to 99.10%, training time : 130msec
                                                                                              <-> Client 2, global : from 87.70% to 77.22%, local : from 95.58% to 99.39%, training time : 130msec
                                                                                              <-> Client 3, global : from 87.70% to 69.34%, local : from 94.30% to 99.09%, training time : 130msec
                                                                                              <-> Client 0, global : from 87.70% to 83.67%, local : from 97.64% to 99.65%, training time : 100msec
                                                     Cluster 2, round 3, loss : 0.39, accuracy 87.28% <-
                                                     Time past : 410msec
                                                     ['0:95.51%', '1:91.72%', '2:74.03%', '3:88.02%', '4:79.33%', '5:72.87%', '6:97.08%', '7:95.14%', '8:93.94%', '9:83.85%']
                                          20msec<-
Central server round 6, loss : 0.29, accuracy :90.54%
Time past: 2640msec
['0:98.37%', '1:97.09%', '2:90.50%', '3:90.89%', '4:85.34%', '5:86.32%', '6:93.84%', '7:87.35%', '8:84.29%', '9:90.19%']

----------------------------------------------------------------------------------------------------

Central server round 7, loss : 0.29, accuracy :90.54%
['0:98.37%', '1:97.09%', '2:90.50%', '3:90.89%', '4:85.34%', '5:86.32%', '6:93.84%', '7:87.35%', '8:84.29%', '9:90.19%']
                                          ->10msec
                                                     -> Cluster 0, loss : 0.29, accuracy 90.54%, model from round 6
                                                     ['0:98.37%', '1:97.09%', '2:90.50%', '3:90.89%', '4:85.34%', '5:86.32%', '6:93.84%', '7:87.35%', '8:84.29%', '9:90.19%']
                                                                                              <-> Client 3, global : from 90.54% to 85.04%, local : from 95.97% to 99.61%, training time : 100msec
                                                                                              <-> Client 1, global : from 90.54% to 83.88%, local : from 97.34% to 99.21%, training time : 40msec
                                                                                              <-> Client 0, global : from 90.54% to 78.27%, local : from 87.21% to 99.03%, training time : 80msec
                                                                                              <-> Client 2, global : from 90.54% to 75.06%, local : from 85.61% to 98.89%, training time : 70msec
                                                     Cluster 0, round 1, loss : 0.34, accuracy 89.41% <-
                                                     Time past : 110msec
                                                     ['0:99.18%', '1:97.09%', '2:89.83%', '3:78.02%', '4:97.45%', '5:95.63%', '6:89.25%', '7:90.76%', '8:84.19%', '9:72.75%']
                                                                                              <-> Client 3, global : from 89.41% to 79.83%, local : from 96.36% to 99.55%, training time : 100msec
                                                                                              <-> Client 0, global : from 89.41% to 71.35%, local : from 94.59% to 98.70%, training time : 80msec
                                                                                              <-> Client 1, global : from 89.41% to 87.80%, local : from 98.13% to 99.58%, training time : 40msec
                                                                                              <-> Client 2, global : from 89.41% to 80.44%, local : from 96.17% to 99.03%, training time : 70msec
                                                     Cluster 0, round 2, loss : 0.35, accuracy 88.68% <-
                                                     Time past : 210msec
                                                     ['0:98.27%', '1:98.50%', '2:90.21%', '3:81.29%', '4:97.56%', '5:96.41%', '6:91.02%', '7:88.62%', '8:81.11%', '9:63.83%']
                                                                                              <-> Client 3, global : from 88.68% to 80.59%, local : from 97.61% to 99.61%, training time : 100msec
                                                                                              <-> Client 1, global : from 88.68% to 87.01%, local : from 97.20% to 99.44%, training time : 40msec
                                                                                              <-> Client 2, global : from 88.68% to 76.54%, local : from 96.57% to 99.03%, training time : 70msec
                                                                                              <-> Client 0, global : from 88.68% to 87.09%, local : from 95.88% to 98.15%, training time : 80msec
                                                     Cluster 0, round 3, loss : 0.30, accuracy 90.35% <-
                                                     Time past : 310msec
                                                     ['0:99.08%', '1:98.24%', '2:90.41%', '3:88.22%', '4:97.96%', '5:94.51%', '6:90.81%', '7:89.01%', '8:81.01%', '9:73.93%']
                                          10msec<-
                                          ->10msec
                                                     -> Cluster 1, loss : 0.29, accuracy 90.54%, model from round 6
                                                     ['0:98.37%', '1:97.09%', '2:90.50%', '3:90.89%', '4:85.34%', '5:86.32%', '6:93.84%', '7:87.35%', '8:84.29%', '9:90.19%']
                                                                                              <-> Client 0, global : from 90.54% to 84.44%, local : from 95.64% to 99.22%, training time : 130msec
                                                                                              <-> Client 1, global : from 90.54% to 72.05%, local : from 89.37% to 99.19%, training time : 40msec
                                                                                              <-> Client 2, global : from 90.54% to 75.28%, local : from 89.82% to 99.41%, training time : 80msec
                                                                                              <-> Client 3, global : from 90.54% to 64.90%, local : from 88.29% to 99.40%, training time : 140msec
                                                     Cluster 1, round 1, loss : 0.46, accuracy 85.81% <-
                                                     Time past : 150msec
                                                     ['0:97.86%', '1:95.68%', '2:94.48%', '3:96.73%', '4:64.77%', '5:76.23%', '6:89.56%', '7:71.40%', '8:75.26%', '9:93.46%']
                                                                                              <-> Client 0, global : from 85.81% to 85.52%, local : from 95.01% to 99.40%, training time : 130msec
                                                                                              <-> Client 3, global : from 85.81% to 67.38%, local : from 95.05% to 99.54%, training time : 140msec
                                                                                              <-> Client 2, global : from 85.81% to 77.14%, local : from 93.36% to 99.55%, training time : 80msec
                                                                                              <-> Client 1, global : from 85.81% to 70.22%, local : from 93.03% to 99.19%, training time : 40msec
                                                     Cluster 1, round 2, loss : 0.41, accuracy 87.48% <-
                                                     Time past : 290msec
                                                     ['0:97.65%', '1:96.04%', '2:95.74%', '3:95.74%', '4:71.18%', '5:78.92%', '6:90.50%', '7:75.10%', '8:76.18%', '9:95.34%']
                                                                                              <-> Client 0, global : from 87.48% to 86.47%, local : from 95.22% to 99.40%, training time : 130msec
                                                                                              <-> Client 3, global : from 87.48% to 69.78%, local : from 93.14% to 99.59%, training time : 140msec
                                                                                              <-> Client 2, global : from 87.48% to 78.40%, local : from 94.92% to 99.51%, training time : 80msec
                                                                                              <-> Client 1, global : from 87.48% to 77.09%, local : from 95.21% to 99.28%, training time : 40msec
                                                     Cluster 1, round 3, loss : 0.40, accuracy 88.05% <-
                                                     Time past : 430msec
                                                     ['0:96.84%', '1:96.83%', '2:96.51%', '3:95.45%', '4:72.40%', '5:79.82%', '6:91.86%', '7:75.00%', '8:78.64%', '9:94.85%']
                                          10msec<-
                                          ->20msec
                                                     -> Cluster 2, loss : 0.29, accuracy 90.54%, model from round 6
                                                     ['0:98.37%', '1:97.09%', '2:90.50%', '3:90.89%', '4:85.34%', '5:86.32%', '6:93.84%', '7:87.35%', '8:84.29%', '9:90.19%']
                                                                                              <-> Client 1, global : from 90.54% to 86.45%, local : from 89.38% to 98.11%, training time : 130msec
                                                                                              <-> Client 2, global : from 90.54% to 78.72%, local : from 89.56% to 99.26%, training time : 130msec
                                                                                              <-> Client 0, global : from 90.54% to 85.14%, local : from 94.70% to 99.66%, training time : 100msec
                                                                                              <-> Client 3, global : from 90.54% to 68.20%, local : from 85.43% to 98.98%, training time : 130msec
                                                     Cluster 2, round 1, loss : 0.34, accuracy 89.03% <-
                                                     Time past : 150msec
                                                     ['0:96.53%', '1:92.86%', '2:81.10%', '3:85.64%', '4:79.33%', '5:83.30%', '6:96.35%', '7:93.00%', '8:95.28%', '9:86.42%']
                                                                                              <-> Client 1, global : from 89.03% to 77.14%, local : from 94.18% to 99.33%, training time : 130msec
                                                                                              <-> Client 2, global : from 89.03% to 78.29%, local : from 94.88% to 99.26%, training time : 130msec
                                                                                              <-> Client 3, global : from 89.03% to 68.80%, local : from 95.03% to 99.20%, training time : 130msec
                                                                                              <-> Client 0, global : from 89.03% to 81.58%, local : from 97.10% to 99.54%, training time : 100msec
                                                     Cluster 2, round 2, loss : 0.35, accuracy 88.64% <-
                                                     Time past : 280msec
                                                     ['0:94.29%', '1:94.10%', '2:79.26%', '3:88.02%', '4:82.08%', '5:77.35%', '6:97.39%', '7:94.75%', '8:95.38%', '9:82.56%']
                                                                                              <-> Client 2, global : from 88.64% to 76.85%, local : from 96.32% to 99.20%, training time : 130msec
                                                                                              <-> Client 1, global : from 88.64% to 77.97%, local : from 95.49% to 99.39%, training time : 130msec
                                                                                              <-> Client 3, global : from 88.64% to 70.60%, local : from 94.98% to 99.13%, training time : 130msec
                                                                                              <-> Client 0, global : from 88.64% to 84.64%, local : from 98.14% to 99.68%, training time : 100msec
                                                     Cluster 2, round 3, loss : 0.37, accuracy 88.00% <-
                                                     Time past : 410msec
                                                     ['0:94.69%', '1:93.66%', '2:78.88%', '3:87.52%', '4:79.74%', '5:75.22%', '6:96.76%', '7:95.23%', '8:96.71%', '9:80.18%']
                                          20msec<-
Central server round 7, loss : 0.26, accuracy :91.70%
Time past: 3080msec
['0:98.27%', '1:97.53%', '2:91.96%', '3:92.38%', '4:86.56%', '5:87.22%', '6:94.26%', '7:88.23%', '8:89.73%', '9:89.79%']

----------------------------------------------------------------------------------------------------

Central server round 8, loss : 0.26, accuracy :91.70%
['0:98.27%', '1:97.53%', '2:91.96%', '3:92.38%', '4:86.56%', '5:87.22%', '6:94.26%', '7:88.23%', '8:89.73%', '9:89.79%']
                                          ->10msec
                                                     -> Cluster 0, loss : 0.26, accuracy 91.70%, model from round 7
                                                     ['0:98.27%', '1:97.53%', '2:91.96%', '3:92.38%', '4:86.56%', '5:87.22%', '6:94.26%', '7:88.23%', '8:89.73%', '9:89.79%']
                                                                                              <-> Client 3, global : from 91.70% to 86.77%, local : from 96.51% to 99.64%, training time : 100msec
                                                                                              <-> Client 2, global : from 91.70% to 80.57%, local : from 87.08% to 99.06%, training time : 70msec
                                                                                              <-> Client 1, global : from 91.70% to 88.15%, local : from 97.13% to 99.51%, training time : 40msec
                                                                                              <-> Client 0, global : from 91.70% to 84.40%, local : from 87.48% to 99.18%, training time : 80msec
                                                     Cluster 0, round 1, loss : 0.30, accuracy 90.33% <-
                                                     Time past : 110msec
                                                     ['0:99.08%', '1:98.41%', '2:90.02%', '3:84.36%', '4:97.35%', '5:95.18%', '6:93.11%', '7:88.23%', '8:82.44%', '9:75.02%']
                                                                                              <-> Client 3, global : from 90.33% to 85.09%, local : from 97.55% to 99.79%, training time : 100msec
                                                                                              <-> Client 1, global : from 90.33% to 89.85%, local : from 98.11% to 98.72%, training time : 40msec
                                                                                              <-> Client 2, global : from 90.33% to 78.39%, local : from 96.17% to 99.08%, training time : 70msec
                                                                                              <-> Client 0, global : from 90.33% to 78.77%, local : from 94.61% to 99.12%, training time : 80msec
                                                     Cluster 0, round 2, loss : 0.31, accuracy 90.36% <-
                                                     Time past : 210msec
                                                     ['0:97.45%', '1:98.06%', '2:89.34%', '3:79.21%', '4:96.95%', '5:97.98%', '6:90.29%', '7:89.88%', '8:83.88%', '9:80.67%']
                                                                                              <-> Client 3, global : from 90.36% to 87.27%, local : from 97.34% to 99.64%, training time : 100msec
                                                                                              <-> Client 0, global : from 90.36% to 76.74%, local : from 97.49% to 99.07%, training time : 80msec
                                                                                              <-> Client 2, global : from 90.36% to 84.72%, local : from 96.04% to 99.20%, training time : 70msec
                                                                                              <-> Client 1, global : from 90.36% to 89.53%, local : from 96.24% to 99.70%, training time : 40msec
                                                     Cluster 0, round 3, loss : 0.28, accuracy 91.32% <-
                                                     Time past : 310msec
                                                     ['0:99.18%', '1:98.24%', '2:90.70%', '3:82.28%', '4:95.72%', '5:96.64%', '6:91.65%', '7:90.66%', '8:85.11%', '9:82.95%']
                                          10msec<-
                                          ->10msec
                                                     -> Cluster 1, loss : 0.26, accuracy 91.70%, model from round 7
                                                     ['0:98.27%', '1:97.53%', '2:91.96%', '3:92.38%', '4:86.56%', '5:87.22%', '6:94.26%', '7:88.23%', '8:89.73%', '9:89.79%']
                                                                                              <-> Client 0, global : from 91.70% to 86.62%, local : from 96.00% to 99.43%, training time : 130msec
                                                                                              <-> Client 3, global : from 91.70% to 64.98%, local : from 89.43% to 99.31%, training time : 140msec
                                                                                              <-> Client 1, global : from 91.70% to 77.70%, local : from 88.54% to 99.24%, training time : 40msec
                                                                                              <-> Client 2, global : from 91.70% to 82.57%, local : from 91.18% to 99.43%, training time : 80msec
                                                     Cluster 1, round 1, loss : 0.39, accuracy 87.87% <-
                                                     Time past : 150msec
                                                     ['0:97.04%', '1:95.86%', '2:95.83%', '3:96.53%', '4:69.35%', '5:79.04%', '6:91.02%', '7:74.71%', '8:82.65%', '9:94.45%']
                                                                                              <-> Client 0, global : from 87.87% to 88.09%, local : from 94.96% to 99.46%, training time : 130msec
                                                                                              <-> Client 2, global : from 87.87% to 80.82%, local : from 94.83% to 99.58%, training time : 80msec
                                                                                              <-> Client 3, global : from 87.87% to 63.25%, local : from 94.58% to 99.35%, training time : 140msec
                                                                                              <-> Client 1, global : from 87.87% to 12.36%, local : from 94.07% to 0.81%, training time : 40msec
                                                     Cluster 1, round 2, loss : 1.08, accuracy 79.22% <-
                                                     Time past : 290msec
                                                     ['0:95.10%', '1:98.06%', '2:91.57%', '3:88.02%', '4:99.29%', '5:80.61%', '6:92.28%', '7:80.16%', '8:65.50%', '9:0.30%']
                                                                                              <-> Client 0, global : from 79.22% to 85.83%, local : from 96.27% to 99.43%, training time : 130msec
                                                                                              <-> Client 1, global : from 79.22% to 72.48%, local : from 5.43% to 99.23%, training time : 40msec
                                                                                              <-> Client 2, global : from 79.22% to 42.65%, local : from 89.53% to 97.67%, training time : 80msec
                                                                                              <-> Client 3, global : from 79.22% to 70.38%, local : from 85.14% to 99.59%, training time : 140msec
                                                     Cluster 1, round 3, loss : 0.49, accuracy 85.40% <-
                                                     Time past : 430msec
                                                     ['0:97.45%', '1:95.95%', '2:98.45%', '3:94.85%', '4:51.02%', '5:79.60%', '6:88.94%', '7:74.32%', '8:74.85%', '9:95.74%']
                                          10msec<-
                                          ->20msec
                                                     -> Cluster 2, loss : 0.26, accuracy 91.70%, model from round 7
                                                     ['0:98.27%', '1:97.53%', '2:91.96%', '3:92.38%', '4:86.56%', '5:87.22%', '6:94.26%', '7:88.23%', '8:89.73%', '9:89.79%']
                                                                                              <-> Client 1, global : from 91.70% to 76.51%, local : from 90.50% to 99.30%, training time : 130msec
                                                                                              <-> Client 2, global : from 91.70% to 83.98%, local : from 90.75% to 98.78%, training time : 130msec
                                                                                              <-> Client 3, global : from 91.70% to 61.29%, local : from 89.43% to 98.84%, training time : 130msec
                                                                                              <-> Client 0, global : from 91.70% to 81.81%, local : from 94.87% to 99.43%, training time : 100msec
                                                     Cluster 2, round 1, loss : 0.33, accuracy 89.50% <-
                                                     Time past : 150msec
                                                     ['0:96.02%', '1:94.80%', '2:79.94%', '3:89.11%', '4:83.40%', '5:78.25%', '6:97.29%', '7:94.46%', '8:96.30%', '9:84.24%']
                                                                                              <-> Client 1, global : from 89.50% to 73.12%, local : from 95.17% to 98.94%, training time : 130msec
                                                                                              <-> Client 2, global : from 89.50% to 80.35%, local : from 95.93% to 99.33%, training time : 130msec
                                                                                              <-> Client 3, global : from 89.50% to 73.28%, local : from 95.77% to 99.18%, training time : 130msec
                                                                                              <-> Client 0, global : from 89.50% to 86.13%, local : from 97.94% to 99.71%, training time : 100msec
                                                     Cluster 2, round 2, loss : 0.33, accuracy 89.62% <-
                                                     Time past : 280msec
                                                     ['0:97.14%', '1:93.57%', '2:83.91%', '3:87.82%', '4:79.63%', '5:81.95%', '6:97.08%', '7:96.11%', '8:95.89%', '9:82.26%']
                                                                                              <-> Client 2, global : from 89.62% to 83.49%, local : from 97.41% to 99.33%, training time : 130msec
                                                                                              <-> Client 1, global : from 89.62% to 83.00%, local : from 96.64% to 99.23%, training time : 130msec
                                                                                              <-> Client 3, global : from 89.62% to 64.24%, local : from 95.44% to 99.08%, training time : 130msec
                                                                                              <-> Client 0, global : from 89.62% to 86.15%, local : from 97.74% to 99.78%, training time : 100msec
                                                     Cluster 2, round 3, loss : 0.33, accuracy 89.48% <-
                                                     Time past : 410msec
                                                     ['0:96.33%', '1:93.92%', '2:80.14%', '3:90.10%', '4:80.55%', '5:78.14%', '6:96.97%', '7:93.87%', '8:97.33%', '9:86.32%']
                                          20msec<-
