Cluster 0 with 5 clients
Cluster communication time : 100
Cluster computation time : 700
Cluster training time : 900
Cluster clients : [0, 1, 2, 3, 4]
Label percentage: ['0 : 10.33%', '1 : 10.27%', '2 : 9.74%', '3 : 9.85%', '4 : 9.65%', '5 : 10.04%', '6 : 10.20%', '7 : 10.13%', '8 : 9.60%', '9 : 10.19%']%
Divergence : jsd 0.0001, tvd 0.0116

Cluster 1 with 5 clients
Cluster communication time : 100
Cluster computation time : 700
Cluster training time : 900
Cluster clients : [5, 6, 7, 8, 9]
Label percentage: ['0 : 10.20%', '1 : 9.92%', '2 : 10.10%', '3 : 9.56%', '4 : 10.30%', '5 : 9.89%', '6 : 10.81%', '7 : 9.89%', '8 : 9.85%', '9 : 9.48%']%
Divergence : jsd 0.0002, tvd 0.0141

Cluster 2 with 5 clients
Cluster communication time : 100
Cluster computation time : 700
Cluster training time : 900
Cluster clients : [10, 11, 12, 13, 14]
Label percentage: ['0 : 9.87%', '1 : 10.01%', '2 : 10.32%', '3 : 10.58%', '4 : 9.80%', '5 : 10.25%', '6 : 9.25%', '7 : 9.82%', '8 : 10.25%', '9 : 9.85%']%
Divergence : jsd 0.0002, tvd 0.0141

Cluster 3 with 5 clients
Cluster communication time : 100
Cluster computation time : 700
Cluster training time : 900
Cluster clients : [15, 16, 17, 18, 19]
Label percentage: ['0 : 9.89%', '1 : 9.75%', '2 : 9.75%', '3 : 10.03%', '4 : 10.18%', '5 : 10.03%', '6 : 9.79%', '7 : 10.14%', '8 : 9.98%', '9 : 10.46%']%
Divergence : jsd 0.0001, tvd 0.0084

Cluster 4 with 5 clients
Cluster communication time : 100
Cluster computation time : 700
Cluster training time : 900
Cluster clients : [20, 21, 22, 23, 24]
Label percentage: ['0 : 9.71%', '1 : 10.05%', '2 : 10.09%', '3 : 9.98%', '4 : 10.07%', '5 : 9.79%', '6 : 9.95%', '7 : 10.02%', '8 : 10.32%', '9 : 10.02%']%
Divergence : jsd 0.0000, tvd 0.0057

