-----------------------------------------------------

Central server round 1 started
Model sent from central server with 100msec communication time, with loss :2.31, accuracy : 8.86%
Accuracy per label : ['0:0.00%', '1:0.40%', '2:0.40%', '3:3.80%', '4:0.00%', '5:0.00%', '6:0.00%', '7:0.00%', '8:84.00%', '9:0.00%']
The model is from round 0 from central server, staleness is 0

Cluster round 1 completed, aggregated models from all the clients, time past : 800msec, loss : 2.10, accuracy 25.79%
Accuracy per label : ['0:57.70%', '1:35.30%', '2:10.90%', '3:1.20%', '4:3.60%', '5:51.90%', '6:26.10%', '7:7.00%', '8:29.00%', '9:35.20%']

Cluster round 2 completed, aggregated models from all the clients, time past : 1500msec, loss : 1.93, accuracy 31.51%
Accuracy per label : ['0:41.70%', '1:25.00%', '2:16.90%', '3:4.20%', '4:7.60%', '5:36.30%', '6:53.20%', '7:18.80%', '8:66.50%', '9:44.90%']

Cluster round 3 completed, aggregated models from all the clients, time past : 2200msec, loss : 1.84, accuracy 34.73%
Accuracy per label : ['0:57.50%', '1:36.10%', '2:5.70%', '3:17.40%', '4:18.10%', '5:35.50%', '6:53.90%', '7:23.30%', '8:52.00%', '9:47.80%']

Before aggregation, loss : 2.31, accuracy : 8.86%
Before aggregation, accuracy per label : ['0:0.00%', '1:0.40%', '2:0.40%', '3:3.80%', '4:0.00%', '5:0.00%', '6:0.00%', '7:0.00%', '8:84.00%', '9:0.00%']
Aggregation to central server completed at central server round 1, loss : 1.82, accuracy : 36.16%
Accuracy per label after aggregation : ['0:45.00%', '1:38.10%', '2:7.10%', '3:15.40%', '4:18.70%', '5:38.40%', '6:58.30%', '7:33.60%', '8:57.80%', '9:49.20%']

-----------------------------------------------------

Central server round 2 started
Model sent from central server with 100msec communication time, with loss :1.82, accuracy : 36.16%
Accuracy per label : ['0:45.00%', '1:38.10%', '2:7.10%', '3:15.40%', '4:18.70%', '5:38.40%', '6:58.30%', '7:33.60%', '8:57.80%', '9:49.20%']
The model is from round 1 from central server, staleness is 0

Cluster round 1 completed, aggregated models from all the clients, time past : 800msec, loss : 1.74, accuracy 38.92%
Accuracy per label : ['0:47.60%', '1:45.60%', '2:11.00%', '3:15.00%', '4:31.20%', '5:33.70%', '6:59.60%', '7:36.10%', '8:63.00%', '9:46.40%']

Cluster round 2 completed, aggregated models from all the clients, time past : 1500msec, loss : 1.68, accuracy 40.77%
Accuracy per label : ['0:55.00%', '1:53.30%', '2:18.00%', '3:25.10%', '4:30.00%', '5:29.20%', '6:56.80%', '7:37.90%', '8:46.20%', '9:56.20%']

Cluster round 3 completed, aggregated models from all the clients, time past : 2200msec, loss : 1.62, accuracy 42.55%
Accuracy per label : ['0:60.20%', '1:51.60%', '2:25.50%', '3:18.20%', '4:40.70%', '5:29.90%', '6:61.30%', '7:43.80%', '8:44.50%', '9:49.80%']

Before aggregation, loss : 1.82, accuracy : 36.16%
Before aggregation, accuracy per label : ['0:45.00%', '1:38.10%', '2:7.10%', '3:15.40%', '4:18.70%', '5:38.40%', '6:58.30%', '7:33.60%', '8:57.80%', '9:49.20%']
Aggregation to central server completed at central server round 2, loss : 1.60, accuracy : 43.46%
Accuracy per label after aggregation : ['0:54.90%', '1:54.90%', '2:22.00%', '3:22.40%', '4:38.80%', '5:33.50%', '6:55.00%', '7:47.10%', '8:54.00%', '9:52.00%']

-----------------------------------------------------

Central server round 3 started
Model sent from central server with 100msec communication time, with loss :1.60, accuracy : 43.46%
Accuracy per label : ['0:54.90%', '1:54.90%', '2:22.00%', '3:22.40%', '4:38.80%', '5:33.50%', '6:55.00%', '7:47.10%', '8:54.00%', '9:52.00%']
The model is from round 2 from central server, staleness is 0

Cluster round 1 completed, aggregated models from all the clients, time past : 800msec, loss : 1.57, accuracy 44.34%
Accuracy per label : ['0:59.40%', '1:68.30%', '2:25.00%', '3:15.60%', '4:22.60%', '5:36.90%', '6:61.20%', '7:56.20%', '8:54.00%', '9:44.20%']

Cluster round 2 completed, aggregated models from all the clients, time past : 1500msec, loss : 1.50, accuracy 46.57%
Accuracy per label : ['0:48.50%', '1:65.20%', '2:21.40%', '3:32.70%', '4:33.70%', '5:35.30%', '6:66.40%', '7:50.70%', '8:65.00%', '9:46.80%']

Cluster round 3 completed, aggregated models from all the clients, time past : 2200msec, loss : 1.48, accuracy 47.12%
Accuracy per label : ['0:54.80%', '1:60.60%', '2:28.70%', '3:16.50%', '4:44.00%', '5:38.60%', '6:71.00%', '7:52.40%', '8:65.10%', '9:39.50%']

Before aggregation, loss : 1.60, accuracy : 43.46%
Before aggregation, accuracy per label : ['0:54.90%', '1:54.90%', '2:22.00%', '3:22.40%', '4:38.80%', '5:33.50%', '6:55.00%', '7:47.10%', '8:54.00%', '9:52.00%']
Aggregation to central server completed at central server round 3, loss : 1.44, accuracy : 49.06%
Accuracy per label after aggregation : ['0:54.60%', '1:62.60%', '2:30.50%', '3:27.70%', '4:37.30%', '5:40.20%', '6:63.20%', '7:55.90%', '8:63.70%', '9:54.90%']

-----------------------------------------------------

Central server round 4 started
Model sent from central server with 100msec communication time, with loss :1.44, accuracy : 49.06%
Accuracy per label : ['0:54.60%', '1:62.60%', '2:30.50%', '3:27.70%', '4:37.30%', '5:40.20%', '6:63.20%', '7:55.90%', '8:63.70%', '9:54.90%']
The model is from round 3 from central server, staleness is 0

Cluster round 1 completed, aggregated models from all the clients, time past : 800msec, loss : 1.41, accuracy 49.50%
Accuracy per label : ['0:54.10%', '1:65.30%', '2:27.60%', '3:37.90%', '4:43.10%', '5:31.80%', '6:64.80%', '7:55.50%', '8:60.20%', '9:54.70%']

Cluster round 2 completed, aggregated models from all the clients, time past : 1500msec, loss : 1.41, accuracy 49.05%
Accuracy per label : ['0:49.60%', '1:69.50%', '2:27.90%', '3:35.20%', '4:30.70%', '5:28.40%', '6:69.50%', '7:53.40%', '8:70.60%', '9:55.70%']

Cluster round 3 completed, aggregated models from all the clients, time past : 2200msec, loss : 1.36, accuracy 51.28%
Accuracy per label : ['0:54.40%', '1:58.30%', '2:28.80%', '3:36.90%', '4:55.10%', '5:32.60%', '6:57.40%', '7:58.60%', '8:71.60%', '9:59.10%']

Before aggregation, loss : 1.44, accuracy : 49.06%
Before aggregation, accuracy per label : ['0:54.60%', '1:62.60%', '2:30.50%', '3:27.70%', '4:37.30%', '5:40.20%', '6:63.20%', '7:55.90%', '8:63.70%', '9:54.90%']
Aggregation to central server completed at central server round 4, loss : 1.34, accuracy : 52.48%
Accuracy per label after aggregation : ['0:53.80%', '1:68.50%', '2:33.20%', '3:38.40%', '4:42.80%', '5:39.20%', '6:62.80%', '7:56.70%', '8:71.10%', '9:58.30%']

-----------------------------------------------------

Central server round 5 started
Model sent from central server with 100msec communication time, with loss :1.34, accuracy : 52.48%
Accuracy per label : ['0:53.80%', '1:68.50%', '2:33.20%', '3:38.40%', '4:42.80%', '5:39.20%', '6:62.80%', '7:56.70%', '8:71.10%', '9:58.30%']
The model is from round 4 from central server, staleness is 0

Cluster round 1 completed, aggregated models from all the clients, time past : 800msec, loss : 1.32, accuracy 53.09%
Accuracy per label : ['0:63.40%', '1:67.50%', '2:30.70%', '3:34.50%', '4:35.20%', '5:48.00%', '6:71.60%', '7:60.10%', '8:66.50%', '9:53.40%']

Cluster round 2 completed, aggregated models from all the clients, time past : 1500msec, loss : 1.33, accuracy 52.53%
Accuracy per label : ['0:62.00%', '1:55.10%', '2:40.50%', '3:23.40%', '4:59.60%', '5:40.20%', '6:61.90%', '7:58.90%', '8:58.20%', '9:65.50%']

Cluster round 3 completed, aggregated models from all the clients, time past : 2200msec, loss : 1.30, accuracy 53.83%
Accuracy per label : ['0:58.80%', '1:63.60%', '2:43.30%', '3:31.80%', '4:47.10%', '5:38.20%', '6:74.10%', '7:66.80%', '8:59.40%', '9:55.20%']

Before aggregation, loss : 1.34, accuracy : 52.48%
Before aggregation, accuracy per label : ['0:53.80%', '1:68.50%', '2:33.20%', '3:38.40%', '4:42.80%', '5:39.20%', '6:62.80%', '7:56.70%', '8:71.10%', '9:58.30%']
Aggregation to central server completed at central server round 5, loss : 1.25, accuracy : 55.59%
Accuracy per label after aggregation : ['0:61.00%', '1:69.30%', '2:38.30%', '3:41.20%', '4:45.00%', '5:37.20%', '6:72.80%', '7:62.00%', '8:71.60%', '9:57.50%']

-----------------------------------------------------

Central server round 6 started
Model sent from central server with 100msec communication time, with loss :1.25, accuracy : 55.59%
Accuracy per label : ['0:61.00%', '1:69.30%', '2:38.30%', '3:41.20%', '4:45.00%', '5:37.20%', '6:72.80%', '7:62.00%', '8:71.60%', '9:57.50%']
The model is from round 5 from central server, staleness is 0

Cluster round 1 completed, aggregated models from all the clients, time past : 800msec, loss : 1.25, accuracy 55.78%
Accuracy per label : ['0:65.90%', '1:75.30%', '2:41.60%', '3:37.30%', '4:46.10%', '5:35.10%', '6:75.20%', '7:60.10%', '8:69.30%', '9:51.90%']

Cluster round 2 completed, aggregated models from all the clients, time past : 1500msec, loss : 1.25, accuracy 55.88%
Accuracy per label : ['0:56.60%', '1:75.90%', '2:32.40%', '3:35.50%', '4:50.30%', '5:48.10%', '6:70.00%', '7:61.00%', '8:77.90%', '9:51.10%']

Cluster round 3 completed, aggregated models from all the clients, time past : 2200msec, loss : 1.28, accuracy 55.22%
Accuracy per label : ['0:62.10%', '1:76.60%', '2:54.80%', '3:25.40%', '4:38.40%', '5:35.20%', '6:79.30%', '7:56.40%', '8:72.50%', '9:51.50%']

Before aggregation, loss : 1.25, accuracy : 55.59%
Before aggregation, accuracy per label : ['0:61.00%', '1:69.30%', '2:38.30%', '3:41.20%', '4:45.00%', '5:37.20%', '6:72.80%', '7:62.00%', '8:71.60%', '9:57.50%']
Aggregation to central server completed at central server round 6, loss : 1.19, accuracy : 58.06%
Accuracy per label after aggregation : ['0:64.70%', '1:72.10%', '2:43.50%', '3:30.10%', '4:50.00%', '5:48.80%', '6:73.30%', '7:64.00%', '8:75.30%', '9:58.80%']

-----------------------------------------------------

Central server round 7 started
Model sent from central server with 100msec communication time, with loss :1.19, accuracy : 58.06%
Accuracy per label : ['0:64.70%', '1:72.10%', '2:43.50%', '3:30.10%', '4:50.00%', '5:48.80%', '6:73.30%', '7:64.00%', '8:75.30%', '9:58.80%']
The model is from round 6 from central server, staleness is 0

Cluster round 1 completed, aggregated models from all the clients, time past : 800msec, loss : 1.19, accuracy 58.10%
Accuracy per label : ['0:63.00%', '1:73.20%', '2:35.00%', '3:46.40%', '4:53.20%', '5:37.60%', '6:71.90%', '7:65.80%', '8:71.20%', '9:63.70%']

Cluster round 2 completed, aggregated models from all the clients, time past : 1500msec, loss : 1.20, accuracy 58.36%
Accuracy per label : ['0:65.70%', '1:76.10%', '2:38.70%', '3:31.50%', '4:57.30%', '5:45.10%', '6:74.50%', '7:63.40%', '8:74.30%', '9:57.00%']

Cluster round 3 completed, aggregated models from all the clients, time past : 2200msec, loss : 1.21, accuracy 58.13%
Accuracy per label : ['0:64.20%', '1:67.50%', '2:48.70%', '3:42.20%', '4:49.30%', '5:39.90%', '6:67.40%', '7:63.10%', '8:78.20%', '9:60.80%']

Before aggregation, loss : 1.19, accuracy : 58.06%
Before aggregation, accuracy per label : ['0:64.70%', '1:72.10%', '2:43.50%', '3:30.10%', '4:50.00%', '5:48.80%', '6:73.30%', '7:64.00%', '8:75.30%', '9:58.80%']
Aggregation to central server completed at central server round 7, loss : 1.14, accuracy : 60.51%
Accuracy per label after aggregation : ['0:68.30%', '1:71.80%', '2:45.40%', '3:34.90%', '4:53.80%', '5:55.40%', '6:71.10%', '7:66.20%', '8:73.80%', '9:64.40%']

-----------------------------------------------------

Central server round 8 started
Model sent from central server with 100msec communication time, with loss :1.14, accuracy : 60.51%
Accuracy per label : ['0:68.30%', '1:71.80%', '2:45.40%', '3:34.90%', '4:53.80%', '5:55.40%', '6:71.10%', '7:66.20%', '8:73.80%', '9:64.40%']
The model is from round 7 from central server, staleness is 0

Cluster round 1 completed, aggregated models from all the clients, time past : 800msec, loss : 1.16, accuracy 59.81%
Accuracy per label : ['0:66.80%', '1:72.80%', '2:43.90%', '3:47.90%', '4:48.50%', '5:52.40%', '6:75.10%', '7:66.60%', '8:63.50%', '9:60.60%']

Cluster round 2 completed, aggregated models from all the clients, time past : 1500msec, loss : 1.19, accuracy 59.55%
Accuracy per label : ['0:73.60%', '1:70.10%', '2:52.50%', '3:23.20%', '4:39.80%', '5:56.00%', '6:77.00%', '7:73.10%', '8:69.20%', '9:61.00%']

Cluster round 3 completed, aggregated models from all the clients, time past : 2200msec, loss : 1.20, accuracy 59.62%
Accuracy per label : ['0:65.00%', '1:70.20%', '2:44.70%', '3:38.70%', '4:60.50%', '5:42.90%', '6:70.00%', '7:70.10%', '8:73.90%', '9:60.20%']

Before aggregation, loss : 1.14, accuracy : 60.51%
Before aggregation, accuracy per label : ['0:68.30%', '1:71.80%', '2:45.40%', '3:34.90%', '4:53.80%', '5:55.40%', '6:71.10%', '7:66.20%', '8:73.80%', '9:64.40%']
Aggregation to central server completed at central server round 8, loss : 1.14, accuracy : 61.67%
Accuracy per label after aggregation : ['0:63.50%', '1:73.40%', '2:44.20%', '3:47.30%', '4:56.30%', '5:42.40%', '6:73.60%', '7:71.40%', '8:78.00%', '9:66.60%']

-----------------------------------------------------

Central server round 9 started
Model sent from central server with 100msec communication time, with loss :1.14, accuracy : 61.67%
Accuracy per label : ['0:63.50%', '1:73.40%', '2:44.20%', '3:47.30%', '4:56.30%', '5:42.40%', '6:73.60%', '7:71.40%', '8:78.00%', '9:66.60%']
The model is from round 8 from central server, staleness is 0

Cluster round 1 completed, aggregated models from all the clients, time past : 800msec, loss : 1.15, accuracy 60.69%
Accuracy per label : ['0:71.10%', '1:66.70%', '2:46.90%', '3:30.40%', '4:53.00%', '5:51.10%', '6:80.80%', '7:63.70%', '8:73.00%', '9:70.20%']

Cluster round 2 completed, aggregated models from all the clients, time past : 1500msec, loss : 1.18, accuracy 60.88%
Accuracy per label : ['0:62.00%', '1:77.70%', '2:51.10%', '3:36.40%', '4:48.70%', '5:62.90%', '6:71.60%', '7:64.90%', '8:70.70%', '9:62.80%']

Cluster round 3 completed, aggregated models from all the clients, time past : 2200msec, loss : 1.21, accuracy 60.73%
Accuracy per label : ['0:65.70%', '1:64.00%', '2:45.00%', '3:38.40%', '4:59.20%', '5:46.50%', '6:74.70%', '7:66.90%', '8:73.70%', '9:73.20%']

Before aggregation, loss : 1.14, accuracy : 61.67%
Before aggregation, accuracy per label : ['0:63.50%', '1:73.40%', '2:44.20%', '3:47.30%', '4:56.30%', '5:42.40%', '6:73.60%', '7:71.40%', '8:78.00%', '9:66.60%']
Aggregation to central server completed at central server round 9, loss : 1.14, accuracy : 63.15%
Accuracy per label after aggregation : ['0:67.70%', '1:74.30%', '2:46.30%', '3:36.30%', '4:59.30%', '5:55.70%', '6:73.10%', '7:73.00%', '8:76.80%', '9:69.00%']

-----------------------------------------------------

Central server round 10 started
Model sent from central server with 100msec communication time, with loss :1.14, accuracy : 63.15%
Accuracy per label : ['0:67.70%', '1:74.30%', '2:46.30%', '3:36.30%', '4:59.30%', '5:55.70%', '6:73.10%', '7:73.00%', '8:76.80%', '9:69.00%']
The model is from round 9 from central server, staleness is 0

Cluster round 1 completed, aggregated models from all the clients, time past : 800msec, loss : 1.15, accuracy 62.17%
Accuracy per label : ['0:68.90%', '1:70.10%', '2:49.40%', '3:41.20%', '4:51.80%', '5:54.00%', '6:75.00%', '7:65.20%', '8:80.40%', '9:65.70%']

Cluster round 2 completed, aggregated models from all the clients, time past : 1500msec, loss : 1.19, accuracy 62.29%
Accuracy per label : ['0:70.90%', '1:68.40%', '2:49.30%', '3:36.20%', '4:53.80%', '5:55.70%', '6:72.40%', '7:67.40%', '8:75.70%', '9:73.10%']

Cluster round 3 completed, aggregated models from all the clients, time past : 2200msec, loss : 1.24, accuracy 61.71%
Accuracy per label : ['0:62.90%', '1:72.50%', '2:46.70%', '3:39.30%', '4:63.30%', '5:46.20%', '6:75.60%', '7:69.00%', '8:77.30%', '9:64.30%']

Before aggregation, loss : 1.14, accuracy : 63.15%
Before aggregation, accuracy per label : ['0:67.70%', '1:74.30%', '2:46.30%', '3:36.30%', '4:59.30%', '5:55.70%', '6:73.10%', '7:73.00%', '8:76.80%', '9:69.00%']
Aggregation to central server completed at central server round 10, loss : 1.14, accuracy : 64.03%
Accuracy per label after aggregation : ['0:68.20%', '1:76.70%', '2:48.20%', '3:45.50%', '4:59.50%', '5:54.30%', '6:74.00%', '7:67.50%', '8:77.80%', '9:68.60%']

-----------------------------------------------------

Central server round 11 started
Model sent from central server with 100msec communication time, with loss :1.14, accuracy : 64.03%
Accuracy per label : ['0:68.20%', '1:76.70%', '2:48.20%', '3:45.50%', '4:59.50%', '5:54.30%', '6:74.00%', '7:67.50%', '8:77.80%', '9:68.60%']
The model is from round 10 from central server, staleness is 0

Cluster round 1 completed, aggregated models from all the clients, time past : 800msec, loss : 1.19, accuracy 61.97%
Accuracy per label : ['0:56.40%', '1:74.00%', '2:56.30%', '3:34.10%', '4:61.50%', '5:51.20%', '6:79.10%', '7:61.30%', '8:80.70%', '9:65.10%']

Cluster round 2 completed, aggregated models from all the clients, time past : 1500msec, loss : 1.21, accuracy 62.53%
Accuracy per label : ['0:65.60%', '1:78.80%', '2:53.60%', '3:38.70%', '4:48.90%', '5:54.90%', '6:75.20%', '7:71.60%', '8:76.30%', '9:61.70%']

Cluster round 3 completed, aggregated models from all the clients, time past : 2200msec, loss : 1.25, accuracy 62.75%
Accuracy per label : ['0:73.80%', '1:70.30%', '2:46.30%', '3:42.70%', '4:56.40%', '5:48.50%', '6:72.10%', '7:73.80%', '8:74.60%', '9:69.00%']

Before aggregation, loss : 1.14, accuracy : 64.03%
Before aggregation, accuracy per label : ['0:68.20%', '1:76.70%', '2:48.20%', '3:45.50%', '4:59.50%', '5:54.30%', '6:74.00%', '7:67.50%', '8:77.80%', '9:68.60%']
Aggregation to central server completed at central server round 11, loss : 1.17, accuracy : 64.43%
Accuracy per label after aggregation : ['0:69.10%', '1:76.60%', '2:45.40%', '3:41.80%', '4:61.30%', '5:53.20%', '6:75.50%', '7:73.10%', '8:79.70%', '9:68.60%']

-----------------------------------------------------

Central server round 12 started
Model sent from central server with 100msec communication time, with loss :1.17, accuracy : 64.43%
Accuracy per label : ['0:69.10%', '1:76.60%', '2:45.40%', '3:41.80%', '4:61.30%', '5:53.20%', '6:75.50%', '7:73.10%', '8:79.70%', '9:68.60%']
The model is from round 11 from central server, staleness is 0

Cluster round 1 completed, aggregated models from all the clients, time past : 800msec, loss : 1.18, accuracy 63.55%
Accuracy per label : ['0:65.50%', '1:75.20%', '2:43.80%', '3:40.40%', '4:65.90%', '5:53.20%', '6:75.10%', '7:69.70%', '8:78.10%', '9:68.60%']

Cluster round 2 completed, aggregated models from all the clients, time past : 1500msec, loss : 1.23, accuracy 63.46%
Accuracy per label : ['0:70.00%', '1:70.80%', '2:47.70%', '3:38.50%', '4:61.40%', '5:56.20%', '6:73.60%', '7:71.10%', '8:75.40%', '9:69.90%']

Cluster round 3 completed, aggregated models from all the clients, time past : 2200msec, loss : 1.29, accuracy 62.94%
Accuracy per label : ['0:69.60%', '1:73.60%', '2:45.80%', '3:40.10%', '4:64.90%', '5:51.50%', '6:73.80%', '7:67.60%', '8:75.20%', '9:67.30%']

Before aggregation, loss : 1.17, accuracy : 64.43%
Before aggregation, accuracy per label : ['0:69.10%', '1:76.60%', '2:45.40%', '3:41.80%', '4:61.30%', '5:53.20%', '6:75.50%', '7:73.10%', '8:79.70%', '9:68.60%']
Aggregation to central server completed at central server round 12, loss : 1.19, accuracy : 65.04%
Accuracy per label after aggregation : ['0:68.80%', '1:76.60%', '2:46.80%', '3:44.10%', '4:61.20%', '5:55.30%', '6:76.30%', '7:73.10%', '8:79.40%', '9:68.80%']

-----------------------------------------------------

Central server round 13 started
Model sent from central server with 100msec communication time, with loss :1.19, accuracy : 65.04%
Accuracy per label : ['0:68.80%', '1:76.60%', '2:46.80%', '3:44.10%', '4:61.20%', '5:55.30%', '6:76.30%', '7:73.10%', '8:79.40%', '9:68.80%']
The model is from round 12 from central server, staleness is 0

Cluster round 1 completed, aggregated models from all the clients, time past : 800msec, loss : 1.21, accuracy 64.15%
Accuracy per label : ['0:69.10%', '1:74.10%', '2:50.80%', '3:36.30%', '4:53.80%', '5:56.50%', '6:78.70%', '7:76.80%', '8:74.90%', '9:70.50%']

Cluster round 2 completed, aggregated models from all the clients, time past : 1500msec, loss : 1.25, accuracy 63.76%
Accuracy per label : ['0:70.90%', '1:72.00%', '2:50.40%', '3:37.40%', '4:59.50%', '5:55.60%', '6:75.10%', '7:73.20%', '8:73.20%', '9:70.30%']

Cluster round 3 completed, aggregated models from all the clients, time past : 2200msec, loss : 1.31, accuracy 63.26%
Accuracy per label : ['0:71.70%', '1:74.20%', '2:41.30%', '3:39.60%', '4:59.40%', '5:53.70%', '6:77.30%', '7:73.30%', '8:75.10%', '9:67.00%']

Before aggregation, loss : 1.19, accuracy : 65.04%
Before aggregation, accuracy per label : ['0:68.80%', '1:76.60%', '2:46.80%', '3:44.10%', '4:61.20%', '5:55.30%', '6:76.30%', '7:73.10%', '8:79.40%', '9:68.80%']
Aggregation to central server completed at central server round 13, loss : 1.22, accuracy : 65.40%
Accuracy per label after aggregation : ['0:70.60%', '1:76.20%', '2:44.60%', '3:44.70%', '4:62.60%', '5:53.20%', '6:78.00%', '7:74.40%', '8:77.90%', '9:71.80%']

-----------------------------------------------------

Central server round 14 started
Model sent from central server with 100msec communication time, with loss :1.22, accuracy : 65.40%
Accuracy per label : ['0:70.60%', '1:76.20%', '2:44.60%', '3:44.70%', '4:62.60%', '5:53.20%', '6:78.00%', '7:74.40%', '8:77.90%', '9:71.80%']
The model is from round 13 from central server, staleness is 0

Cluster round 1 completed, aggregated models from all the clients, time past : 800msec, loss : 1.21, accuracy 64.25%
Accuracy per label : ['0:72.40%', '1:74.10%', '2:48.60%', '3:43.30%', '4:53.00%', '5:56.90%', '6:77.50%', '7:72.40%', '8:74.50%', '9:69.80%']

Cluster round 2 completed, aggregated models from all the clients, time past : 1500msec, loss : 1.27, accuracy 64.23%
Accuracy per label : ['0:73.00%', '1:71.70%', '2:49.30%', '3:40.80%', '4:58.30%', '5:55.80%', '6:76.40%', '7:71.20%', '8:74.80%', '9:71.00%']

Cluster round 3 completed, aggregated models from all the clients, time past : 2200msec, loss : 1.30, accuracy 64.04%
Accuracy per label : ['0:70.10%', '1:73.20%', '2:50.50%', '3:41.40%', '4:56.80%', '5:55.80%', '6:76.40%', '7:71.40%', '8:73.80%', '9:71.00%']

Before aggregation, loss : 1.22, accuracy : 65.40%
Before aggregation, accuracy per label : ['0:70.60%', '1:76.20%', '2:44.60%', '3:44.70%', '4:62.60%', '5:53.20%', '6:78.00%', '7:74.40%', '8:77.90%', '9:71.80%']
Aggregation to central server completed at central server round 14, loss : 1.23, accuracy : 65.69%
Accuracy per label after aggregation : ['0:70.50%', '1:76.90%', '2:46.70%', '3:45.00%', '4:59.70%', '5:57.40%', '6:76.70%', '7:74.20%', '8:79.50%', '9:70.30%']

-----------------------------------------------------

Central server round 15 started
Model sent from central server with 100msec communication time, with loss :1.23, accuracy : 65.69%
Accuracy per label : ['0:70.50%', '1:76.90%', '2:46.70%', '3:45.00%', '4:59.70%', '5:57.40%', '6:76.70%', '7:74.20%', '8:79.50%', '9:70.30%']
The model is from round 14 from central server, staleness is 0

Cluster round 1 completed, aggregated models from all the clients, time past : 800msec, loss : 1.23, accuracy 64.88%
Accuracy per label : ['0:68.70%', '1:74.70%', '2:52.50%', '3:39.70%', '4:57.70%', '5:54.60%', '6:78.80%', '7:72.20%', '8:76.20%', '9:73.70%']

Cluster round 2 completed, aggregated models from all the clients, time past : 1500msec, loss : 1.29, accuracy 64.52%
Accuracy per label : ['0:71.40%', '1:74.60%', '2:51.60%', '3:37.60%', '4:59.30%', '5:58.90%', '6:77.10%', '7:70.50%', '8:75.70%', '9:68.50%']

Cluster round 3 completed, aggregated models from all the clients, time past : 2200msec, loss : 1.33, accuracy 64.12%
Accuracy per label : ['0:72.60%', '1:73.00%', '2:50.60%', '3:39.40%', '4:55.10%', '5:53.70%', '6:77.70%', '7:73.60%', '8:75.40%', '9:70.10%']

Before aggregation, loss : 1.23, accuracy : 65.69%
Before aggregation, accuracy per label : ['0:70.50%', '1:76.90%', '2:46.70%', '3:45.00%', '4:59.70%', '5:57.40%', '6:76.70%', '7:74.20%', '8:79.50%', '9:70.30%']
Aggregation to central server completed at central server round 15, loss : 1.25, accuracy : 65.79%
Accuracy per label after aggregation : ['0:71.30%', '1:76.30%', '2:48.40%', '3:42.60%', '4:62.10%', '5:57.40%', '6:75.70%', '7:73.90%', '8:78.60%', '9:71.60%']

-----------------------------------------------------

Central server round 16 started
Model sent from central server with 100msec communication time, with loss :1.25, accuracy : 65.79%
Accuracy per label : ['0:71.30%', '1:76.30%', '2:48.40%', '3:42.60%', '4:62.10%', '5:57.40%', '6:75.70%', '7:73.90%', '8:78.60%', '9:71.60%']
The model is from round 15 from central server, staleness is 0

Cluster round 1 completed, aggregated models from all the clients, time past : 800msec, loss : 1.24, accuracy 65.32%
Accuracy per label : ['0:68.70%', '1:74.90%', '2:54.50%', '3:41.60%', '4:58.80%', '5:56.10%', '6:79.30%', '7:71.70%', '8:76.80%', '9:70.80%']

Cluster round 2 completed, aggregated models from all the clients, time past : 1500msec, loss : 1.29, accuracy 65.02%
Accuracy per label : ['0:71.00%', '1:74.50%', '2:48.00%', '3:46.10%', '4:61.90%', '5:53.70%', '6:75.40%', '7:72.20%', '8:76.80%', '9:70.60%']

Cluster round 3 completed, aggregated models from all the clients, time past : 2200msec, loss : 1.34, accuracy 64.80%
Accuracy per label : ['0:72.70%', '1:73.40%', '2:48.80%', '3:39.00%', '4:61.30%', '5:58.30%', '6:75.40%', '7:72.10%', '8:75.70%', '9:71.30%']

Before aggregation, loss : 1.25, accuracy : 65.79%
Before aggregation, accuracy per label : ['0:71.30%', '1:76.30%', '2:48.40%', '3:42.60%', '4:62.10%', '5:57.40%', '6:75.70%', '7:73.90%', '8:78.60%', '9:71.60%']
Aggregation to central server completed at central server round 16, loss : 1.26, accuracy : 65.87%
Accuracy per label after aggregation : ['0:71.60%', '1:76.20%', '2:50.40%', '3:43.20%', '4:60.20%', '5:56.70%', '6:76.00%', '7:73.80%', '8:79.40%', '9:71.20%']

-----------------------------------------------------

Central server round 17 started
Model sent from central server with 100msec communication time, with loss :1.26, accuracy : 65.87%
Accuracy per label : ['0:71.60%', '1:76.20%', '2:50.40%', '3:43.20%', '4:60.20%', '5:56.70%', '6:76.00%', '7:73.80%', '8:79.40%', '9:71.20%']
The model is from round 16 from central server, staleness is 0

Cluster round 1 completed, aggregated models from all the clients, time past : 800msec, loss : 1.27, accuracy 65.27%
Accuracy per label : ['0:72.70%', '1:73.80%', '2:46.30%', '3:38.60%', '4:64.30%', '5:57.40%', '6:78.10%', '7:72.90%', '8:76.50%', '9:72.10%']

Cluster round 2 completed, aggregated models from all the clients, time past : 1500msec, loss : 1.31, accuracy 65.24%
Accuracy per label : ['0:69.00%', '1:74.00%', '2:51.00%', '3:43.10%', '4:61.00%', '5:54.30%', '6:77.10%', '7:72.30%', '8:77.90%', '9:72.70%']

Cluster round 3 completed, aggregated models from all the clients, time past : 2200msec, loss : 1.36, accuracy 64.76%
Accuracy per label : ['0:71.60%', '1:73.60%', '2:53.30%', '3:39.90%', '4:57.40%', '5:53.40%', '6:79.20%', '7:71.00%', '8:76.30%', '9:71.90%']

Before aggregation, loss : 1.26, accuracy : 65.87%
Before aggregation, accuracy per label : ['0:71.60%', '1:76.20%', '2:50.40%', '3:43.20%', '4:60.20%', '5:56.70%', '6:76.00%', '7:73.80%', '8:79.40%', '9:71.20%']
Aggregation to central server completed at central server round 17, loss : 1.28, accuracy : 66.12%
Accuracy per label after aggregation : ['0:72.90%', '1:75.80%', '2:51.10%', '3:44.40%', '4:58.70%', '5:55.90%', '6:77.80%', '7:72.70%', '8:79.00%', '9:72.90%']

-----------------------------------------------------

Central server round 18 started
Model sent from central server with 100msec communication time, with loss :1.28, accuracy : 66.12%
Accuracy per label : ['0:72.90%', '1:75.80%', '2:51.10%', '3:44.40%', '4:58.70%', '5:55.90%', '6:77.80%', '7:72.70%', '8:79.00%', '9:72.90%']
The model is from round 17 from central server, staleness is 0

Cluster round 1 completed, aggregated models from all the clients, time past : 800msec, loss : 1.28, accuracy 65.26%
Accuracy per label : ['0:72.70%', '1:75.10%', '2:50.60%', '3:40.20%', '4:58.10%', '5:58.50%', '6:78.10%', '7:73.30%', '8:76.20%', '9:69.80%']

Cluster round 2 completed, aggregated models from all the clients, time past : 1500msec, loss : 1.34, accuracy 65.15%
Accuracy per label : ['0:73.50%', '1:74.40%', '2:48.80%', '3:39.50%', '4:59.70%', '5:55.50%', '6:80.70%', '7:72.00%', '8:75.90%', '9:71.50%']

Cluster round 3 completed, aggregated models from all the clients, time past : 2200msec, loss : 1.37, accuracy 65.09%
Accuracy per label : ['0:72.10%', '1:73.40%', '2:50.60%', '3:38.50%', '4:62.00%', '5:57.80%', '6:75.70%', '7:71.90%', '8:76.00%', '9:72.90%']

Before aggregation, loss : 1.28, accuracy : 66.12%
Before aggregation, accuracy per label : ['0:72.90%', '1:75.80%', '2:51.10%', '3:44.40%', '4:58.70%', '5:55.90%', '6:77.80%', '7:72.70%', '8:79.00%', '9:72.90%']
Aggregation to central server completed at central server round 18, loss : 1.29, accuracy : 66.42%
Accuracy per label after aggregation : ['0:73.20%', '1:76.70%', '2:51.70%', '3:45.00%', '4:59.70%', '5:55.40%', '6:77.10%', '7:73.30%', '8:79.20%', '9:72.90%']

-----------------------------------------------------

Central server round 19 started
Model sent from central server with 100msec communication time, with loss :1.29, accuracy : 66.42%
Accuracy per label : ['0:73.20%', '1:76.70%', '2:51.70%', '3:45.00%', '4:59.70%', '5:55.40%', '6:77.10%', '7:73.30%', '8:79.20%', '9:72.90%']
The model is from round 18 from central server, staleness is 0

Cluster round 1 completed, aggregated models from all the clients, time past : 800msec, loss : 1.29, accuracy 66.04%
Accuracy per label : ['0:72.50%', '1:74.70%', '2:51.80%', '3:46.30%', '4:62.10%', '5:52.50%', '6:79.00%', '7:71.90%', '8:78.10%', '9:71.50%']

Cluster round 2 completed, aggregated models from all the clients, time past : 1500msec, loss : 1.34, accuracy 65.48%
Accuracy per label : ['0:73.80%', '1:73.70%', '2:51.50%', '3:43.10%', '4:60.90%', '5:54.80%', '6:77.50%', '7:71.70%', '8:74.70%', '9:73.10%']

Cluster round 3 completed, aggregated models from all the clients, time past : 2200msec, loss : 1.37, accuracy 65.16%
Accuracy per label : ['0:72.40%', '1:74.20%', '2:50.60%', '3:42.60%', '4:59.90%', '5:56.30%', '6:76.30%', '7:72.20%', '8:76.20%', '9:70.90%']

Before aggregation, loss : 1.29, accuracy : 66.42%
Before aggregation, accuracy per label : ['0:73.20%', '1:76.70%', '2:51.70%', '3:45.00%', '4:59.70%', '5:55.40%', '6:77.10%', '7:73.30%', '8:79.20%', '9:72.90%']
Aggregation to central server completed at central server round 19, loss : 1.30, accuracy : 66.28%
Accuracy per label after aggregation : ['0:73.10%', '1:76.80%', '2:50.20%', '3:44.40%', '4:61.20%', '5:56.00%', '6:76.60%', '7:73.50%', '8:78.70%', '9:72.30%']

-----------------------------------------------------

Central server round 20 started
Model sent from central server with 100msec communication time, with loss :1.30, accuracy : 66.28%
Accuracy per label : ['0:73.10%', '1:76.80%', '2:50.20%', '3:44.40%', '4:61.20%', '5:56.00%', '6:76.60%', '7:73.50%', '8:78.70%', '9:72.30%']
The model is from round 19 from central server, staleness is 0

Cluster round 1 completed, aggregated models from all the clients, time past : 800msec, loss : 1.31, accuracy 65.92%
Accuracy per label : ['0:73.50%', '1:75.10%', '2:52.00%', '3:40.50%', '4:60.80%', '5:56.20%', '6:78.80%', '7:73.20%', '8:76.70%', '9:72.40%']

Cluster round 2 completed, aggregated models from all the clients, time past : 1500msec, loss : 1.35, accuracy 65.70%
Accuracy per label : ['0:73.60%', '1:74.10%', '2:50.80%', '3:43.30%', '4:60.60%', '5:55.30%', '6:77.40%', '7:72.60%', '8:76.80%', '9:72.50%']

Cluster round 3 completed, aggregated models from all the clients, time past : 2200msec, loss : 1.40, accuracy 65.44%
Accuracy per label : ['0:72.50%', '1:75.10%', '2:50.80%', '3:39.80%', '4:60.70%', '5:56.90%', '6:78.60%', '7:71.30%', '8:77.60%', '9:71.10%']

Before aggregation, loss : 1.30, accuracy : 66.28%
Before aggregation, accuracy per label : ['0:73.10%', '1:76.80%', '2:50.20%', '3:44.40%', '4:61.20%', '5:56.00%', '6:76.60%', '7:73.50%', '8:78.70%', '9:72.30%']
Aggregation to central server completed at central server round 20, loss : 1.32, accuracy : 66.60%
Accuracy per label after aggregation : ['0:73.00%', '1:76.50%', '2:51.00%', '3:45.10%', '4:60.80%', '5:56.40%', '6:77.30%', '7:73.00%', '8:79.70%', '9:73.20%']

-----------------------------------------------------

Central server round 21 started
Model sent from central server with 100msec communication time, with loss :1.32, accuracy : 66.60%
Accuracy per label : ['0:73.00%', '1:76.50%', '2:51.00%', '3:45.10%', '4:60.80%', '5:56.40%', '6:77.30%', '7:73.00%', '8:79.70%', '9:73.20%']
The model is from round 20 from central server, staleness is 0

Cluster round 1 completed, aggregated models from all the clients, time past : 800msec, loss : 1.33, accuracy 65.78%
Accuracy per label : ['0:71.90%', '1:76.40%', '2:47.60%', '3:43.00%', '4:63.40%', '5:55.70%', '6:80.00%', '7:72.50%', '8:76.40%', '9:70.90%']

Cluster round 2 completed, aggregated models from all the clients, time past : 1500msec, loss : 1.37, accuracy 65.79%
Accuracy per label : ['0:75.20%', '1:75.50%', '2:50.50%', '3:44.40%', '4:61.30%', '5:55.30%', '6:76.20%', '7:72.10%', '8:77.00%', '9:70.40%']

Cluster round 3 completed, aggregated models from all the clients, time past : 2200msec, loss : 1.42, accuracy 65.48%
Accuracy per label : ['0:72.20%', '1:74.20%', '2:49.90%', '3:42.40%', '4:61.60%', '5:54.60%', '6:78.90%', '7:72.30%', '8:77.20%', '9:71.50%']

Before aggregation, loss : 1.32, accuracy : 66.60%
Before aggregation, accuracy per label : ['0:73.00%', '1:76.50%', '2:51.00%', '3:45.10%', '4:60.80%', '5:56.40%', '6:77.30%', '7:73.00%', '8:79.70%', '9:73.20%']
Aggregation to central server completed at central server round 21, loss : 1.33, accuracy : 66.72%
Accuracy per label after aggregation : ['0:73.00%', '1:76.70%', '2:51.10%', '3:45.30%', '4:60.10%', '5:57.00%', '6:77.70%', '7:73.80%', '8:79.60%', '9:72.90%']

-----------------------------------------------------

Central server round 22 started
Model sent from central server with 100msec communication time, with loss :1.33, accuracy : 66.72%
Accuracy per label : ['0:73.00%', '1:76.70%', '2:51.10%', '3:45.30%', '4:60.10%', '5:57.00%', '6:77.70%', '7:73.80%', '8:79.60%', '9:72.90%']
The model is from round 21 from central server, staleness is 0

Cluster round 1 completed, aggregated models from all the clients, time past : 800msec, loss : 1.33, accuracy 65.97%
Accuracy per label : ['0:72.20%', '1:75.50%', '2:49.60%', '3:44.70%', '4:63.10%', '5:54.80%', '6:78.60%', '7:73.20%', '8:77.20%', '9:70.80%']

Cluster round 2 completed, aggregated models from all the clients, time past : 1500msec, loss : 1.38, accuracy 66.03%
Accuracy per label : ['0:73.70%', '1:75.70%', '2:50.90%', '3:40.70%', '4:62.90%', '5:56.50%', '6:78.20%', '7:73.80%', '8:77.00%', '9:70.90%']

Cluster round 3 completed, aggregated models from all the clients, time past : 2200msec, loss : 1.43, accuracy 65.59%
Accuracy per label : ['0:74.30%', '1:73.80%', '2:52.20%', '3:41.60%', '4:60.90%', '5:55.30%', '6:77.50%', '7:72.70%', '8:76.70%', '9:70.90%']

Before aggregation, loss : 1.33, accuracy : 66.72%
Before aggregation, accuracy per label : ['0:73.00%', '1:76.70%', '2:51.10%', '3:45.30%', '4:60.10%', '5:57.00%', '6:77.70%', '7:73.80%', '8:79.60%', '9:72.90%']
Aggregation to central server completed at central server round 22, loss : 1.35, accuracy : 66.71%
Accuracy per label after aggregation : ['0:72.70%', '1:76.20%', '2:51.00%', '3:47.10%', '4:60.00%', '5:56.40%', '6:76.30%', '7:74.20%', '8:79.60%', '9:73.60%']

-----------------------------------------------------

Central server round 23 started
Model sent from central server with 100msec communication time, with loss :1.35, accuracy : 66.71%
Accuracy per label : ['0:72.70%', '1:76.20%', '2:51.00%', '3:47.10%', '4:60.00%', '5:56.40%', '6:76.30%', '7:74.20%', '8:79.60%', '9:73.60%']
The model is from round 22 from central server, staleness is 0

Cluster round 1 completed, aggregated models from all the clients, time past : 800msec, loss : 1.36, accuracy 65.85%
Accuracy per label : ['0:75.00%', '1:76.40%', '2:46.80%', '3:41.10%', '4:63.90%', '5:55.90%', '6:78.50%', '7:72.30%', '8:77.40%', '9:71.20%']

Cluster round 2 completed, aggregated models from all the clients, time past : 1500msec, loss : 1.40, accuracy 65.81%
Accuracy per label : ['0:72.30%', '1:76.50%', '2:50.80%', '3:44.60%', '4:60.10%', '5:54.40%', '6:78.00%', '7:73.30%', '8:77.90%', '9:70.20%']

Cluster round 3 completed, aggregated models from all the clients, time past : 2200msec, loss : 1.45, accuracy 65.44%
Accuracy per label : ['0:73.80%', '1:73.00%', '2:48.80%', '3:41.30%', '4:62.60%', '5:54.90%', '6:77.90%', '7:73.20%', '8:77.00%', '9:71.90%']

Before aggregation, loss : 1.35, accuracy : 66.71%
Before aggregation, accuracy per label : ['0:72.70%', '1:76.20%', '2:51.00%', '3:47.10%', '4:60.00%', '5:56.40%', '6:76.30%', '7:74.20%', '8:79.60%', '9:73.60%']
Aggregation to central server completed at central server round 23, loss : 1.37, accuracy : 66.61%
Accuracy per label after aggregation : ['0:73.30%', '1:75.30%', '2:49.30%', '3:44.60%', '4:60.50%', '5:57.70%', '6:77.70%', '7:74.30%', '8:78.80%', '9:74.60%']

-----------------------------------------------------

Central server round 24 started
Model sent from central server with 100msec communication time, with loss :1.37, accuracy : 66.61%
Accuracy per label : ['0:73.30%', '1:75.30%', '2:49.30%', '3:44.60%', '4:60.50%', '5:57.70%', '6:77.70%', '7:74.30%', '8:78.80%', '9:74.60%']
The model is from round 23 from central server, staleness is 0

Cluster round 1 completed, aggregated models from all the clients, time past : 800msec, loss : 1.37, accuracy 65.97%
Accuracy per label : ['0:73.00%', '1:75.50%', '2:48.00%', '3:43.40%', '4:62.80%', '5:58.00%', '6:78.00%', '7:72.80%', '8:77.50%', '9:70.70%']

Cluster round 2 completed, aggregated models from all the clients, time past : 1500msec, loss : 1.40, accuracy 65.98%
Accuracy per label : ['0:73.30%', '1:76.20%', '2:50.60%', '3:42.20%', '4:61.10%', '5:58.20%', '6:78.00%', '7:71.70%', '8:76.90%', '9:71.60%']

Cluster round 3 completed, aggregated models from all the clients, time past : 2200msec, loss : 1.45, accuracy 65.61%
Accuracy per label : ['0:74.00%', '1:74.40%', '2:50.60%', '3:45.40%', '4:59.50%', '5:54.00%', '6:76.30%', '7:72.30%', '8:76.10%', '9:73.50%']

Before aggregation, loss : 1.37, accuracy : 66.61%
Before aggregation, accuracy per label : ['0:73.30%', '1:75.30%', '2:49.30%', '3:44.60%', '4:60.50%', '5:57.70%', '6:77.70%', '7:74.30%', '8:78.80%', '9:74.60%']
Aggregation to central server completed at central server round 24, loss : 1.39, accuracy : 66.77%
Accuracy per label after aggregation : ['0:72.40%', '1:76.40%', '2:50.10%', '3:45.70%', '4:62.10%', '5:57.60%', '6:76.10%', '7:73.60%', '8:79.50%', '9:74.20%']

-----------------------------------------------------

Central server round 25 started
Model sent from central server with 100msec communication time, with loss :1.39, accuracy : 66.77%
Accuracy per label : ['0:72.40%', '1:76.40%', '2:50.10%', '3:45.70%', '4:62.10%', '5:57.60%', '6:76.10%', '7:73.60%', '8:79.50%', '9:74.20%']
The model is from round 24 from central server, staleness is 0

Cluster round 1 completed, aggregated models from all the clients, time past : 800msec, loss : 1.37, accuracy 66.04%
Accuracy per label : ['0:73.70%', '1:75.70%', '2:51.10%', '3:45.50%', '4:60.70%', '5:54.00%', '6:78.40%', '7:72.30%', '8:77.00%', '9:72.00%']

Cluster round 2 completed, aggregated models from all the clients, time past : 1500msec, loss : 1.43, accuracy 65.87%
Accuracy per label : ['0:73.60%', '1:75.20%', '2:49.80%', '3:43.20%', '4:65.30%', '5:54.00%', '6:77.20%', '7:72.50%', '8:76.40%', '9:71.50%']

Cluster round 3 completed, aggregated models from all the clients, time past : 2200msec, loss : 1.48, accuracy 65.69%
Accuracy per label : ['0:73.30%', '1:75.10%', '2:49.80%', '3:42.60%', '4:62.50%', '5:54.10%', '6:78.70%', '7:71.90%', '8:78.20%', '9:70.70%']

Before aggregation, loss : 1.39, accuracy : 66.77%
Before aggregation, accuracy per label : ['0:72.40%', '1:76.40%', '2:50.10%', '3:45.70%', '4:62.10%', '5:57.60%', '6:76.10%', '7:73.60%', '8:79.50%', '9:74.20%']
Aggregation to central server completed at central server round 25, loss : 1.40, accuracy : 66.96%
Accuracy per label after aggregation : ['0:73.60%', '1:77.00%', '2:50.10%', '3:45.10%', '4:61.00%', '5:58.10%', '6:77.30%', '7:74.00%', '8:79.60%', '9:73.80%']

-----------------------------------------------------

Central server round 26 started
Model sent from central server with 100msec communication time, with loss :1.40, accuracy : 66.96%
Accuracy per label : ['0:73.60%', '1:77.00%', '2:50.10%', '3:45.10%', '4:61.00%', '5:58.10%', '6:77.30%', '7:74.00%', '8:79.60%', '9:73.80%']
The model is from round 25 from central server, staleness is 0

Cluster round 1 completed, aggregated models from all the clients, time past : 800msec, loss : 1.39, accuracy 66.09%
Accuracy per label : ['0:75.00%', '1:75.20%', '2:50.10%', '3:43.60%', '4:63.20%', '5:56.00%', '6:77.10%', '7:73.50%', '8:77.10%', '9:70.10%']

Cluster round 2 completed, aggregated models from all the clients, time past : 1500msec, loss : 1.46, accuracy 65.95%
Accuracy per label : ['0:73.00%', '1:75.70%', '2:50.10%', '3:42.10%', '4:64.50%', '5:58.70%', '6:77.50%', '7:71.50%', '8:77.20%', '9:69.20%']

Cluster round 3 completed, aggregated models from all the clients, time past : 2200msec, loss : 1.50, accuracy 65.95%
Accuracy per label : ['0:72.70%', '1:74.20%', '2:50.60%', '3:42.40%', '4:64.40%', '5:57.70%', '6:76.70%', '7:72.00%', '8:77.40%', '9:71.40%']

Before aggregation, loss : 1.40, accuracy : 66.96%
Before aggregation, accuracy per label : ['0:73.60%', '1:77.00%', '2:50.10%', '3:45.10%', '4:61.00%', '5:58.10%', '6:77.30%', '7:74.00%', '8:79.60%', '9:73.80%']
Aggregation to central server completed at central server round 26, loss : 1.42, accuracy : 66.76%
Accuracy per label after aggregation : ['0:73.10%', '1:76.40%', '2:49.70%', '3:45.00%', '4:62.00%', '5:57.30%', '6:76.40%', '7:74.10%', '8:80.00%', '9:73.60%']

-----------------------------------------------------

Central server round 27 started
Model sent from central server with 100msec communication time, with loss :1.42, accuracy : 66.76%
Accuracy per label : ['0:73.10%', '1:76.40%', '2:49.70%', '3:45.00%', '4:62.00%', '5:57.30%', '6:76.40%', '7:74.10%', '8:80.00%', '9:73.60%']
The model is from round 26 from central server, staleness is 0

Cluster round 1 completed, aggregated models from all the clients, time past : 800msec, loss : 1.40, accuracy 66.22%
Accuracy per label : ['0:73.30%', '1:74.60%', '2:50.30%', '3:43.00%', '4:61.40%', '5:57.50%', '6:78.00%', '7:74.20%', '8:77.70%', '9:72.20%']

Cluster round 2 completed, aggregated models from all the clients, time past : 1500msec, loss : 1.46, accuracy 65.88%
Accuracy per label : ['0:74.50%', '1:76.00%', '2:51.70%', '3:41.60%', '4:62.70%', '5:56.20%', '6:77.30%', '7:72.00%', '8:76.80%', '9:70.00%']

Cluster round 3 completed, aggregated models from all the clients, time past : 2200msec, loss : 1.51, accuracy 65.82%
Accuracy per label : ['0:72.90%', '1:75.40%', '2:46.90%', '3:47.30%', '4:62.70%', '5:53.80%', '6:76.60%', '7:75.10%', '8:75.90%', '9:71.60%']

Before aggregation, loss : 1.42, accuracy : 66.76%
Before aggregation, accuracy per label : ['0:73.10%', '1:76.40%', '2:49.70%', '3:45.00%', '4:62.00%', '5:57.30%', '6:76.40%', '7:74.10%', '8:80.00%', '9:73.60%']
Aggregation to central server completed at central server round 27, loss : 1.44, accuracy : 66.72%
Accuracy per label after aggregation : ['0:73.20%', '1:76.50%', '2:49.80%', '3:44.90%', '4:61.40%', '5:57.20%', '6:76.80%', '7:73.80%', '8:79.30%', '9:74.30%']

-----------------------------------------------------

Central server round 28 started
Model sent from central server with 100msec communication time, with loss :1.44, accuracy : 66.72%
Accuracy per label : ['0:73.20%', '1:76.50%', '2:49.80%', '3:44.90%', '4:61.40%', '5:57.20%', '6:76.80%', '7:73.80%', '8:79.30%', '9:74.30%']
The model is from round 27 from central server, staleness is 0

Cluster round 1 completed, aggregated models from all the clients, time past : 800msec, loss : 1.43, accuracy 65.86%
Accuracy per label : ['0:71.00%', '1:74.60%', '2:48.30%', '3:43.90%', '4:63.20%', '5:55.80%', '6:78.70%', '7:73.10%', '8:78.30%', '9:71.70%']

Cluster round 2 completed, aggregated models from all the clients, time past : 1500msec, loss : 1.48, accuracy 66.06%
Accuracy per label : ['0:73.00%', '1:76.30%', '2:50.80%', '3:42.10%', '4:63.10%', '5:57.40%', '6:76.90%', '7:71.60%', '8:78.50%', '9:70.90%']

Cluster round 3 completed, aggregated models from all the clients, time past : 2200msec, loss : 1.52, accuracy 66.00%
Accuracy per label : ['0:73.00%', '1:74.30%', '2:50.40%', '3:45.20%', '4:61.40%', '5:56.40%', '6:77.10%', '7:72.50%', '8:76.90%', '9:72.80%']

Before aggregation, loss : 1.44, accuracy : 66.72%
Before aggregation, accuracy per label : ['0:73.20%', '1:76.50%', '2:49.80%', '3:44.90%', '4:61.40%', '5:57.20%', '6:76.80%', '7:73.80%', '8:79.30%', '9:74.30%']
Aggregation to central server completed at central server round 28, loss : 1.46, accuracy : 66.78%
Accuracy per label after aggregation : ['0:73.60%', '1:77.00%', '2:50.10%', '3:45.10%', '4:61.00%', '5:57.70%', '6:76.80%', '7:73.60%', '8:79.10%', '9:73.80%']

-----------------------------------------------------

Central server round 29 started
Model sent from central server with 100msec communication time, with loss :1.46, accuracy : 66.78%
Accuracy per label : ['0:73.60%', '1:77.00%', '2:50.10%', '3:45.10%', '4:61.00%', '5:57.70%', '6:76.80%', '7:73.60%', '8:79.10%', '9:73.80%']
The model is from round 28 from central server, staleness is 0

Cluster round 1 completed, aggregated models from all the clients, time past : 800msec, loss : 1.45, accuracy 66.17%
Accuracy per label : ['0:73.20%', '1:75.60%', '2:48.20%', '3:44.30%', '4:63.10%', '5:56.30%', '6:79.50%', '7:72.00%', '8:77.20%', '9:72.30%']

Cluster round 2 completed, aggregated models from all the clients, time past : 1500msec, loss : 1.50, accuracy 65.88%
Accuracy per label : ['0:73.70%', '1:73.80%', '2:50.50%', '3:43.40%', '4:61.50%', '5:55.20%', '6:77.30%', '7:72.70%', '8:78.20%', '9:72.50%']

Cluster round 3 completed, aggregated models from all the clients, time past : 2200msec, loss : 1.54, accuracy 65.86%
Accuracy per label : ['0:72.30%', '1:75.70%', '2:50.20%', '3:43.90%', '4:62.30%', '5:55.70%', '6:78.40%', '7:72.10%', '8:79.30%', '9:68.70%']

Before aggregation, loss : 1.46, accuracy : 66.78%
Before aggregation, accuracy per label : ['0:73.60%', '1:77.00%', '2:50.10%', '3:45.10%', '4:61.00%', '5:57.70%', '6:76.80%', '7:73.60%', '8:79.10%', '9:73.80%']
Aggregation to central server completed at central server round 29, loss : 1.48, accuracy : 66.70%
Accuracy per label after aggregation : ['0:73.00%', '1:76.80%', '2:50.60%', '3:44.50%', '4:61.40%', '5:57.70%', '6:77.50%', '7:73.90%', '8:79.30%', '9:72.30%']

-----------------------------------------------------

Central server round 30 started
Model sent from central server with 100msec communication time, with loss :1.48, accuracy : 66.70%
Accuracy per label : ['0:73.00%', '1:76.80%', '2:50.60%', '3:44.50%', '4:61.40%', '5:57.70%', '6:77.50%', '7:73.90%', '8:79.30%', '9:72.30%']
The model is from round 29 from central server, staleness is 0

Cluster round 1 completed, aggregated models from all the clients, time past : 800msec, loss : 1.46, accuracy 66.05%
Accuracy per label : ['0:73.50%', '1:74.40%', '2:52.30%', '3:42.20%', '4:61.30%', '5:56.20%', '6:79.10%', '7:72.70%', '8:77.30%', '9:71.50%']

Cluster round 2 completed, aggregated models from all the clients, time past : 1500msec, loss : 1.51, accuracy 66.04%
Accuracy per label : ['0:73.10%', '1:74.90%', '2:50.90%', '3:45.90%', '4:61.60%', '5:54.90%', '6:77.10%', '7:72.70%', '8:77.20%', '9:72.10%']

Cluster round 3 completed, aggregated models from all the clients, time past : 2200msec, loss : 1.56, accuracy 65.85%
Accuracy per label : ['0:74.00%', '1:75.20%', '2:51.80%', '3:42.50%', '4:61.90%', '5:55.90%', '6:78.40%', '7:72.00%', '8:75.50%', '9:71.30%']

Before aggregation, loss : 1.48, accuracy : 66.70%
Before aggregation, accuracy per label : ['0:73.00%', '1:76.80%', '2:50.60%', '3:44.50%', '4:61.40%', '5:57.70%', '6:77.50%', '7:73.90%', '8:79.30%', '9:72.30%']
Aggregation to central server completed at central server round 30, loss : 1.49, accuracy : 66.79%
Accuracy per label after aggregation : ['0:74.10%', '1:77.40%', '2:50.90%', '3:43.90%', '4:61.40%', '5:58.10%', '6:76.60%', '7:74.10%', '8:78.90%', '9:72.50%']

-----------------------------------------------------

Central server round 31 started
Model sent from central server with 100msec communication time, with loss :1.49, accuracy : 66.79%
Accuracy per label : ['0:74.10%', '1:77.40%', '2:50.90%', '3:43.90%', '4:61.40%', '5:58.10%', '6:76.60%', '7:74.10%', '8:78.90%', '9:72.50%']
The model is from round 30 from central server, staleness is 0

Cluster round 1 completed, aggregated models from all the clients, time past : 800msec, loss : 1.47, accuracy 66.17%
Accuracy per label : ['0:73.70%', '1:74.50%', '2:51.60%', '3:43.30%', '4:61.70%', '5:57.80%', '6:76.80%', '7:74.20%', '8:77.30%', '9:70.80%']

Cluster round 2 completed, aggregated models from all the clients, time past : 1500msec, loss : 1.52, accuracy 66.15%
Accuracy per label : ['0:73.60%', '1:75.00%', '2:52.70%', '3:44.90%', '4:62.60%', '5:54.90%', '6:76.80%', '7:72.80%', '8:78.80%', '9:69.40%']

Cluster round 3 completed, aggregated models from all the clients, time past : 2200msec, loss : 1.57, accuracy 66.03%
Accuracy per label : ['0:73.10%', '1:74.20%', '2:51.10%', '3:42.90%', '4:61.10%', '5:55.40%', '6:78.20%', '7:74.10%', '8:77.80%', '9:72.40%']

Before aggregation, loss : 1.49, accuracy : 66.79%
Before aggregation, accuracy per label : ['0:74.10%', '1:77.40%', '2:50.90%', '3:43.90%', '4:61.40%', '5:58.10%', '6:76.60%', '7:74.10%', '8:78.90%', '9:72.50%']
Aggregation to central server completed at central server round 31, loss : 1.51, accuracy : 66.68%
Accuracy per label after aggregation : ['0:72.60%', '1:76.20%', '2:51.70%', '3:45.60%', '4:61.20%', '5:57.30%', '6:76.10%', '7:73.80%', '8:79.60%', '9:72.70%']

-----------------------------------------------------

Central server round 32 started
Model sent from central server with 100msec communication time, with loss :1.51, accuracy : 66.68%
Accuracy per label : ['0:72.60%', '1:76.20%', '2:51.70%', '3:45.60%', '4:61.20%', '5:57.30%', '6:76.10%', '7:73.80%', '8:79.60%', '9:72.70%']
The model is from round 31 from central server, staleness is 0

Cluster round 1 completed, aggregated models from all the clients, time past : 800msec, loss : 1.49, accuracy 66.15%
Accuracy per label : ['0:73.50%', '1:74.20%', '2:52.20%', '3:41.90%', '4:62.80%', '5:55.70%', '6:78.60%', '7:73.10%', '8:77.00%', '9:72.50%']

Cluster round 2 completed, aggregated models from all the clients, time past : 1500msec, loss : 1.54, accuracy 66.11%
Accuracy per label : ['0:73.00%', '1:73.90%', '2:51.20%', '3:43.90%', '4:62.10%', '5:56.30%', '6:77.90%', '7:72.30%', '8:78.50%', '9:72.00%']

Cluster round 3 completed, aggregated models from all the clients, time past : 2200msec, loss : 1.60, accuracy 65.99%
Accuracy per label : ['0:73.40%', '1:75.90%', '2:50.20%', '3:44.30%', '4:62.10%', '5:54.80%', '6:78.70%', '7:71.80%', '8:77.30%', '9:71.40%']

Before aggregation, loss : 1.51, accuracy : 66.68%
Before aggregation, accuracy per label : ['0:72.60%', '1:76.20%', '2:51.70%', '3:45.60%', '4:61.20%', '5:57.30%', '6:76.10%', '7:73.80%', '8:79.60%', '9:72.70%']
Aggregation to central server completed at central server round 32, loss : 1.53, accuracy : 66.74%
Accuracy per label after aggregation : ['0:73.40%', '1:76.90%', '2:50.70%', '3:45.00%', '4:61.10%', '5:57.40%', '6:76.90%', '7:73.50%', '8:79.30%', '9:73.20%']

-----------------------------------------------------

Central server round 33 started
Model sent from central server with 100msec communication time, with loss :1.53, accuracy : 66.74%
Accuracy per label : ['0:73.40%', '1:76.90%', '2:50.70%', '3:45.00%', '4:61.10%', '5:57.40%', '6:76.90%', '7:73.50%', '8:79.30%', '9:73.20%']
The model is from round 32 from central server, staleness is 0

Cluster round 1 completed, aggregated models from all the clients, time past : 800msec, loss : 1.51, accuracy 66.06%
Accuracy per label : ['0:73.20%', '1:76.40%', '2:50.30%', '3:44.20%', '4:62.30%', '5:55.40%', '6:77.80%', '7:73.20%', '8:76.90%', '9:70.90%']

Cluster round 2 completed, aggregated models from all the clients, time past : 1500msec, loss : 1.57, accuracy 65.73%
Accuracy per label : ['0:73.20%', '1:74.40%', '2:51.40%', '3:44.00%', '4:62.00%', '5:55.00%', '6:77.00%', '7:72.10%', '8:77.30%', '9:70.90%']

Cluster round 3 completed, aggregated models from all the clients, time past : 2200msec, loss : 1.60, accuracy 66.01%
Accuracy per label : ['0:75.00%', '1:75.10%', '2:52.10%', '3:45.80%', '4:61.20%', '5:53.50%', '6:76.80%', '7:72.00%', '8:76.90%', '9:71.70%']

Before aggregation, loss : 1.53, accuracy : 66.74%
Before aggregation, accuracy per label : ['0:73.40%', '1:76.90%', '2:50.70%', '3:45.00%', '4:61.10%', '5:57.40%', '6:76.90%', '7:73.50%', '8:79.30%', '9:73.20%']
Aggregation to central server completed at central server round 33, loss : 1.54, accuracy : 66.67%
Accuracy per label after aggregation : ['0:73.00%', '1:76.40%', '2:52.30%', '3:46.10%', '4:60.90%', '5:55.80%', '6:75.60%', '7:74.50%', '8:78.90%', '9:73.20%']

-----------------------------------------------------

Central server round 34 started
Model sent from central server with 100msec communication time, with loss :1.54, accuracy : 66.67%
Accuracy per label : ['0:73.00%', '1:76.40%', '2:52.30%', '3:46.10%', '4:60.90%', '5:55.80%', '6:75.60%', '7:74.50%', '8:78.90%', '9:73.20%']
The model is from round 33 from central server, staleness is 0

Cluster round 1 completed, aggregated models from all the clients, time past : 800msec, loss : 1.52, accuracy 65.65%
Accuracy per label : ['0:71.80%', '1:74.00%', '2:51.10%', '3:42.80%', '4:63.00%', '5:54.30%', '6:76.10%', '7:73.00%', '8:79.50%', '9:70.90%']

Cluster round 2 completed, aggregated models from all the clients, time past : 1500msec, loss : 1.57, accuracy 66.01%
Accuracy per label : ['0:75.00%', '1:74.40%', '2:50.50%', '3:43.80%', '4:62.90%', '5:54.40%', '6:76.30%', '7:73.80%', '8:76.60%', '9:72.40%']

Cluster round 3 completed, aggregated models from all the clients, time past : 2200msec, loss : 1.62, accuracy 66.04%
Accuracy per label : ['0:71.90%', '1:75.10%', '2:51.00%', '3:43.80%', '4:63.30%', '5:55.60%', '6:77.20%', '7:73.50%', '8:78.10%', '9:70.90%']

Before aggregation, loss : 1.54, accuracy : 66.67%
Before aggregation, accuracy per label : ['0:73.00%', '1:76.40%', '2:52.30%', '3:46.10%', '4:60.90%', '5:55.80%', '6:75.60%', '7:74.50%', '8:78.90%', '9:73.20%']
Aggregation to central server completed at central server round 34, loss : 1.56, accuracy : 66.86%
Accuracy per label after aggregation : ['0:73.40%', '1:76.60%', '2:51.50%', '3:44.30%', '4:61.70%', '5:57.80%', '6:76.40%', '7:74.10%', '8:79.60%', '9:73.20%']

-----------------------------------------------------

Central server round 35 started
Model sent from central server with 100msec communication time, with loss :1.56, accuracy : 66.86%
Accuracy per label : ['0:73.40%', '1:76.60%', '2:51.50%', '3:44.30%', '4:61.70%', '5:57.80%', '6:76.40%', '7:74.10%', '8:79.60%', '9:73.20%']
The model is from round 34 from central server, staleness is 0

Cluster round 1 completed, aggregated models from all the clients, time past : 800msec, loss : 1.54, accuracy 66.05%
Accuracy per label : ['0:72.70%', '1:75.10%', '2:49.70%', '3:43.30%', '4:62.70%', '5:54.00%', '6:78.30%', '7:73.90%', '8:78.80%', '9:72.00%']

Cluster round 2 completed, aggregated models from all the clients, time past : 1500msec, loss : 1.59, accuracy 65.98%
Accuracy per label : ['0:73.00%', '1:75.60%', '2:52.50%', '3:42.70%', '4:61.90%', '5:54.40%', '6:77.00%', '7:75.00%', '8:78.00%', '9:69.70%']

Cluster round 3 completed, aggregated models from all the clients, time past : 2200msec, loss : 1.63, accuracy 66.04%
Accuracy per label : ['0:72.80%', '1:74.90%', '2:52.00%', '3:43.60%', '4:62.40%', '5:53.80%', '6:76.10%', '7:74.10%', '8:78.30%', '9:72.40%']

Before aggregation, loss : 1.56, accuracy : 66.86%
Before aggregation, accuracy per label : ['0:73.40%', '1:76.60%', '2:51.50%', '3:44.30%', '4:61.70%', '5:57.80%', '6:76.40%', '7:74.10%', '8:79.60%', '9:73.20%']
Aggregation to central server completed at central server round 35, loss : 1.56, accuracy : 66.63%
Accuracy per label after aggregation : ['0:72.80%', '1:77.10%', '2:52.60%', '3:45.00%', '4:61.10%', '5:56.00%', '6:75.60%', '7:74.00%', '8:79.80%', '9:72.30%']

-----------------------------------------------------

Central server round 36 started
Model sent from central server with 100msec communication time, with loss :1.56, accuracy : 66.63%
Accuracy per label : ['0:72.80%', '1:77.10%', '2:52.60%', '3:45.00%', '4:61.10%', '5:56.00%', '6:75.60%', '7:74.00%', '8:79.80%', '9:72.30%']
The model is from round 35 from central server, staleness is 0

Cluster round 1 completed, aggregated models from all the clients, time past : 800msec, loss : 1.58, accuracy 66.03%
Accuracy per label : ['0:74.30%', '1:73.70%', '2:51.90%', '3:38.90%', '4:62.00%', '5:54.20%', '6:79.50%', '7:74.20%', '8:77.90%', '9:73.70%']

Cluster round 2 completed, aggregated models from all the clients, time past : 1500msec, loss : 1.61, accuracy 66.19%
Accuracy per label : ['0:74.70%', '1:76.60%', '2:51.40%', '3:43.50%', '4:62.50%', '5:55.10%', '6:76.40%', '7:73.10%', '8:77.70%', '9:70.90%']

Cluster round 3 completed, aggregated models from all the clients, time past : 2200msec, loss : 1.65, accuracy 66.01%
Accuracy per label : ['0:73.60%', '1:73.90%', '2:50.60%', '3:43.50%', '4:62.20%', '5:55.50%', '6:77.50%', '7:72.30%', '8:80.30%', '9:70.70%']

Before aggregation, loss : 1.56, accuracy : 66.63%
Before aggregation, accuracy per label : ['0:72.80%', '1:77.10%', '2:52.60%', '3:45.00%', '4:61.10%', '5:56.00%', '6:75.60%', '7:74.00%', '8:79.80%', '9:72.30%']
Aggregation to central server completed at central server round 36, loss : 1.59, accuracy : 66.65%
Accuracy per label after aggregation : ['0:73.90%', '1:76.30%', '2:51.20%', '3:44.40%', '4:61.30%', '5:58.50%', '6:75.70%', '7:73.50%', '8:79.70%', '9:72.00%']

-----------------------------------------------------

Central server round 37 started
Model sent from central server with 100msec communication time, with loss :1.59, accuracy : 66.65%
Accuracy per label : ['0:73.90%', '1:76.30%', '2:51.20%', '3:44.40%', '4:61.30%', '5:58.50%', '6:75.70%', '7:73.50%', '8:79.70%', '9:72.00%']
The model is from round 36 from central server, staleness is 0

Cluster round 1 completed, aggregated models from all the clients, time past : 800msec, loss : 1.58, accuracy 66.26%
Accuracy per label : ['0:71.70%', '1:76.00%', '2:52.10%', '3:43.70%', '4:61.70%', '5:55.50%', '6:76.40%', '7:74.50%', '8:79.30%', '9:71.70%']

Cluster round 2 completed, aggregated models from all the clients, time past : 1500msec, loss : 1.63, accuracy 66.09%
Accuracy per label : ['0:72.40%', '1:75.10%', '2:51.70%', '3:43.90%', '4:63.40%', '5:53.00%', '6:77.80%', '7:72.60%', '8:78.90%', '9:72.10%']

Cluster round 3 completed, aggregated models from all the clients, time past : 2200msec, loss : 1.67, accuracy 65.86%
Accuracy per label : ['0:74.50%', '1:75.60%', '2:50.30%', '3:42.60%', '4:63.00%', '5:54.20%', '6:77.30%', '7:71.40%', '8:78.40%', '9:71.30%']

Before aggregation, loss : 1.59, accuracy : 66.65%
Before aggregation, accuracy per label : ['0:73.90%', '1:76.30%', '2:51.20%', '3:44.40%', '4:61.30%', '5:58.50%', '6:75.70%', '7:73.50%', '8:79.70%', '9:72.00%']
Aggregation to central server completed at central server round 37, loss : 1.60, accuracy : 66.62%
Accuracy per label after aggregation : ['0:73.70%', '1:76.80%', '2:51.40%', '3:45.10%', '4:61.40%', '5:56.10%', '6:76.70%', '7:73.40%', '8:79.50%', '9:72.10%']

-----------------------------------------------------

Central server round 38 started
Model sent from central server with 100msec communication time, with loss :1.60, accuracy : 66.62%
Accuracy per label : ['0:73.70%', '1:76.80%', '2:51.40%', '3:45.10%', '4:61.40%', '5:56.10%', '6:76.70%', '7:73.40%', '8:79.50%', '9:72.10%']
The model is from round 37 from central server, staleness is 0

Cluster round 1 completed, aggregated models from all the clients, time past : 800msec, loss : 1.59, accuracy 66.00%
Accuracy per label : ['0:74.40%', '1:75.50%', '2:52.70%', '3:41.90%', '4:63.10%', '5:55.50%', '6:77.30%', '7:73.40%', '8:75.50%', '9:70.70%']

Cluster round 2 completed, aggregated models from all the clients, time past : 1500msec, loss : 1.64, accuracy 66.03%
Accuracy per label : ['0:73.80%', '1:74.90%', '2:52.10%', '3:44.30%', '4:61.30%', '5:55.10%', '6:76.50%', '7:73.30%', '8:77.30%', '9:71.70%']

Cluster round 3 completed, aggregated models from all the clients, time past : 2200msec, loss : 1.68, accuracy 65.91%
Accuracy per label : ['0:72.70%', '1:74.00%', '2:52.00%', '3:43.00%', '4:62.20%', '5:55.50%', '6:76.40%', '7:72.60%', '8:79.00%', '9:71.70%']

Before aggregation, loss : 1.60, accuracy : 66.62%
Before aggregation, accuracy per label : ['0:73.70%', '1:76.80%', '2:51.40%', '3:45.10%', '4:61.40%', '5:56.10%', '6:76.70%', '7:73.40%', '8:79.50%', '9:72.10%']
Aggregation to central server completed at central server round 38, loss : 1.62, accuracy : 66.59%
Accuracy per label after aggregation : ['0:73.80%', '1:75.90%', '2:51.50%', '3:44.60%', '4:61.70%', '5:56.80%', '6:76.20%', '7:73.30%', '8:79.90%', '9:72.20%']

-----------------------------------------------------

Central server round 39 started
Model sent from central server with 100msec communication time, with loss :1.62, accuracy : 66.59%
Accuracy per label : ['0:73.80%', '1:75.90%', '2:51.50%', '3:44.60%', '4:61.70%', '5:56.80%', '6:76.20%', '7:73.30%', '8:79.90%', '9:72.20%']
The model is from round 38 from central server, staleness is 0

Cluster round 1 completed, aggregated models from all the clients, time past : 800msec, loss : 1.61, accuracy 66.00%
Accuracy per label : ['0:74.10%', '1:74.90%', '2:50.40%', '3:41.60%', '4:62.20%', '5:55.90%', '6:78.30%', '7:73.00%', '8:77.70%', '9:71.90%']

Cluster round 2 completed, aggregated models from all the clients, time past : 1500msec, loss : 1.65, accuracy 65.86%
Accuracy per label : ['0:72.60%', '1:74.20%', '2:51.40%', '3:43.70%', '4:62.80%', '5:55.20%', '6:76.80%', '7:72.50%', '8:77.60%', '9:71.80%']

Cluster round 3 completed, aggregated models from all the clients, time past : 2200msec, loss : 1.69, accuracy 65.87%
Accuracy per label : ['0:73.70%', '1:74.40%', '2:50.60%', '3:43.00%', '4:62.40%', '5:55.60%', '6:77.20%', '7:72.70%', '8:77.10%', '9:72.00%']

Before aggregation, loss : 1.62, accuracy : 66.59%
Before aggregation, accuracy per label : ['0:73.80%', '1:75.90%', '2:51.50%', '3:44.60%', '4:61.70%', '5:56.80%', '6:76.20%', '7:73.30%', '8:79.90%', '9:72.20%']
Aggregation to central server completed at central server round 39, loss : 1.63, accuracy : 66.82%
Accuracy per label after aggregation : ['0:74.50%', '1:76.80%', '2:51.50%', '3:44.60%', '4:60.90%', '5:57.50%', '6:76.20%', '7:73.50%', '8:79.30%', '9:73.40%']

-----------------------------------------------------

Central server round 40 started
Model sent from central server with 100msec communication time, with loss :1.63, accuracy : 66.82%
Accuracy per label : ['0:74.50%', '1:76.80%', '2:51.50%', '3:44.60%', '4:60.90%', '5:57.50%', '6:76.20%', '7:73.50%', '8:79.30%', '9:73.40%']
The model is from round 39 from central server, staleness is 0

Cluster round 1 completed, aggregated models from all the clients, time past : 800msec, loss : 1.63, accuracy 66.17%
Accuracy per label : ['0:73.50%', '1:76.90%', '2:51.20%', '3:44.60%', '4:61.20%', '5:54.70%', '6:76.80%', '7:74.30%', '8:78.10%', '9:70.40%']

Cluster round 2 completed, aggregated models from all the clients, time past : 1500msec, loss : 1.68, accuracy 65.84%
Accuracy per label : ['0:73.70%', '1:75.20%', '2:48.50%', '3:45.00%', '4:63.70%', '5:57.00%', '6:75.50%', '7:70.30%', '8:77.60%', '9:71.90%']

Cluster round 3 completed, aggregated models from all the clients, time past : 2200msec, loss : 1.71, accuracy 66.15%
Accuracy per label : ['0:74.20%', '1:75.70%', '2:50.40%', '3:44.30%', '4:62.70%', '5:55.40%', '6:76.30%', '7:73.20%', '8:78.20%', '9:71.10%']

Before aggregation, loss : 1.63, accuracy : 66.82%
Before aggregation, accuracy per label : ['0:74.50%', '1:76.80%', '2:51.50%', '3:44.60%', '4:60.90%', '5:57.50%', '6:76.20%', '7:73.50%', '8:79.30%', '9:73.40%']
Aggregation to central server completed at central server round 40, loss : 1.65, accuracy : 66.81%
Accuracy per label after aggregation : ['0:74.40%', '1:76.10%', '2:51.60%', '3:45.80%', '4:60.90%', '5:56.90%', '6:76.10%', '7:73.90%', '8:79.40%', '9:73.00%']

-----------------------------------------------------

Central server round 41 started
Model sent from central server with 100msec communication time, with loss :1.65, accuracy : 66.81%
Accuracy per label : ['0:74.40%', '1:76.10%', '2:51.60%', '3:45.80%', '4:60.90%', '5:56.90%', '6:76.10%', '7:73.90%', '8:79.40%', '9:73.00%']
The model is from round 40 from central server, staleness is 0

Cluster round 1 completed, aggregated models from all the clients, time past : 800msec, loss : 1.65, accuracy 65.68%
Accuracy per label : ['0:72.80%', '1:75.80%', '2:50.00%', '3:42.80%', '4:60.90%', '5:54.10%', '6:77.30%', '7:72.90%', '8:78.90%', '9:71.30%']

Cluster round 2 completed, aggregated models from all the clients, time past : 1500msec, loss : 1.68, accuracy 66.00%
Accuracy per label : ['0:73.40%', '1:74.50%', '2:52.30%', '3:43.80%', '4:61.90%', '5:55.90%', '6:74.80%', '7:73.00%', '8:79.00%', '9:71.40%']

Cluster round 3 completed, aggregated models from all the clients, time past : 2200msec, loss : 1.72, accuracy 65.71%
Accuracy per label : ['0:74.80%', '1:73.30%', '2:50.70%', '3:42.60%', '4:61.40%', '5:54.40%', '6:75.90%', '7:73.90%', '8:78.00%', '9:72.10%']

Before aggregation, loss : 1.65, accuracy : 66.81%
Before aggregation, accuracy per label : ['0:74.40%', '1:76.10%', '2:51.60%', '3:45.80%', '4:60.90%', '5:56.90%', '6:76.10%', '7:73.90%', '8:79.40%', '9:73.00%']
Aggregation to central server completed at central server round 41, loss : 1.66, accuracy : 66.69%
Accuracy per label after aggregation : ['0:74.10%', '1:76.20%', '2:51.00%', '3:45.10%', '4:61.50%', '5:56.70%', '6:76.20%', '7:73.60%', '8:79.70%', '9:72.80%']

-----------------------------------------------------

Central server round 42 started
Model sent from central server with 100msec communication time, with loss :1.66, accuracy : 66.69%
Accuracy per label : ['0:74.10%', '1:76.20%', '2:51.00%', '3:45.10%', '4:61.50%', '5:56.70%', '6:76.20%', '7:73.60%', '8:79.70%', '9:72.80%']
The model is from round 41 from central server, staleness is 0

Cluster round 1 completed, aggregated models from all the clients, time past : 800msec, loss : 1.66, accuracy 65.91%
Accuracy per label : ['0:73.50%', '1:75.70%', '2:51.90%', '3:43.10%', '4:62.20%', '5:54.20%', '6:77.60%', '7:72.60%', '8:77.30%', '9:71.00%']

Cluster round 2 completed, aggregated models from all the clients, time past : 1500msec, loss : 1.70, accuracy 66.06%
Accuracy per label : ['0:73.40%', '1:74.10%', '2:50.80%', '3:43.40%', '4:63.10%', '5:55.50%', '6:75.90%', '7:73.00%', '8:77.70%', '9:73.70%']

Cluster round 3 completed, aggregated models from all the clients, time past : 2200msec, loss : 1.74, accuracy 66.05%
Accuracy per label : ['0:74.50%', '1:75.90%', '2:51.30%', '3:42.60%', '4:63.20%', '5:55.30%', '6:76.00%', '7:73.10%', '8:78.00%', '9:70.60%']

Before aggregation, loss : 1.66, accuracy : 66.69%
Before aggregation, accuracy per label : ['0:74.10%', '1:76.20%', '2:51.00%', '3:45.10%', '4:61.50%', '5:56.70%', '6:76.20%', '7:73.60%', '8:79.70%', '9:72.80%']
Aggregation to central server completed at central server round 42, loss : 1.68, accuracy : 66.80%
Accuracy per label after aggregation : ['0:75.40%', '1:76.30%', '2:51.30%', '3:45.50%', '4:61.90%', '5:56.30%', '6:75.20%', '7:73.80%', '8:79.50%', '9:72.80%']

-----------------------------------------------------

Central server round 43 started
Model sent from central server with 100msec communication time, with loss :1.68, accuracy : 66.80%
Accuracy per label : ['0:75.40%', '1:76.30%', '2:51.30%', '3:45.50%', '4:61.90%', '5:56.30%', '6:75.20%', '7:73.80%', '8:79.50%', '9:72.80%']
The model is from round 42 from central server, staleness is 0

Cluster round 1 completed, aggregated models from all the clients, time past : 800msec, loss : 1.66, accuracy 66.13%
Accuracy per label : ['0:74.20%', '1:75.50%', '2:50.70%', '3:44.30%', '4:61.50%', '5:56.40%', '6:77.20%', '7:72.90%', '8:77.90%', '9:70.70%']

Cluster round 2 completed, aggregated models from all the clients, time past : 1500msec, loss : 1.72, accuracy 66.30%
Accuracy per label : ['0:74.70%', '1:75.20%', '2:50.60%', '3:42.80%', '4:63.50%', '5:57.10%', '6:75.60%', '7:74.00%', '8:78.20%', '9:71.30%']

Cluster round 3 completed, aggregated models from all the clients, time past : 2200msec, loss : 1.75, accuracy 65.96%
Accuracy per label : ['0:73.10%', '1:76.30%', '2:52.70%', '3:44.50%', '4:61.70%', '5:55.10%', '6:75.50%', '7:71.80%', '8:77.80%', '9:71.10%']

Before aggregation, loss : 1.68, accuracy : 66.80%
Before aggregation, accuracy per label : ['0:75.40%', '1:76.30%', '2:51.30%', '3:45.50%', '4:61.90%', '5:56.30%', '6:75.20%', '7:73.80%', '8:79.50%', '9:72.80%']
Aggregation to central server completed at central server round 43, loss : 1.69, accuracy : 66.93%
Accuracy per label after aggregation : ['0:74.10%', '1:76.60%', '2:52.20%', '3:45.80%', '4:61.40%', '5:57.40%', '6:75.40%', '7:73.80%', '8:79.30%', '9:73.30%']

-----------------------------------------------------

Central server round 44 started
Model sent from central server with 100msec communication time, with loss :1.69, accuracy : 66.93%
Accuracy per label : ['0:74.10%', '1:76.60%', '2:52.20%', '3:45.80%', '4:61.40%', '5:57.40%', '6:75.40%', '7:73.80%', '8:79.30%', '9:73.30%']
The model is from round 43 from central server, staleness is 0

Cluster round 1 completed, aggregated models from all the clients, time past : 800msec, loss : 1.71, accuracy 65.99%
Accuracy per label : ['0:76.30%', '1:76.30%', '2:47.80%', '3:42.20%', '4:65.70%', '5:56.80%', '6:76.00%', '7:70.80%', '8:77.30%', '9:70.70%']

Cluster round 2 completed, aggregated models from all the clients, time past : 1500msec, loss : 1.74, accuracy 66.07%
Accuracy per label : ['0:74.60%', '1:74.30%', '2:50.70%', '3:45.90%', '4:63.80%', '5:53.60%', '6:75.20%', '7:72.80%', '8:77.70%', '9:72.10%']

Cluster round 3 completed, aggregated models from all the clients, time past : 2200msec, loss : 1.77, accuracy 66.16%
Accuracy per label : ['0:74.20%', '1:75.60%', '2:50.20%', '3:44.00%', '4:63.20%', '5:56.60%', '6:76.70%', '7:71.60%', '8:77.10%', '9:72.40%']

Before aggregation, loss : 1.69, accuracy : 66.93%
Before aggregation, accuracy per label : ['0:74.10%', '1:76.60%', '2:52.20%', '3:45.80%', '4:61.40%', '5:57.40%', '6:75.40%', '7:73.80%', '8:79.30%', '9:73.30%']
Aggregation to central server completed at central server round 44, loss : 1.71, accuracy : 66.86%
Accuracy per label after aggregation : ['0:74.00%', '1:76.70%', '2:51.50%', '3:46.60%', '4:61.50%', '5:56.80%', '6:75.40%', '7:73.50%', '8:79.60%', '9:73.00%']

-----------------------------------------------------

Central server round 45 started
Model sent from central server with 100msec communication time, with loss :1.71, accuracy : 66.86%
Accuracy per label : ['0:74.00%', '1:76.70%', '2:51.50%', '3:46.60%', '4:61.50%', '5:56.80%', '6:75.40%', '7:73.50%', '8:79.60%', '9:73.00%']
The model is from round 44 from central server, staleness is 0

Cluster round 1 completed, aggregated models from all the clients, time past : 800msec, loss : 1.70, accuracy 66.20%
Accuracy per label : ['0:73.80%', '1:75.20%', '2:50.60%', '3:43.10%', '4:62.00%', '5:55.90%', '6:78.50%', '7:74.00%', '8:78.20%', '9:70.70%']

Cluster round 2 completed, aggregated models from all the clients, time past : 1500msec, loss : 1.75, accuracy 65.87%
Accuracy per label : ['0:74.10%', '1:74.80%', '2:50.40%', '3:44.50%', '4:62.70%', '5:54.80%', '6:76.20%', '7:72.30%', '8:76.90%', '9:72.00%']

Cluster round 3 completed, aggregated models from all the clients, time past : 2200msec, loss : 1.79, accuracy 65.75%
Accuracy per label : ['0:74.60%', '1:75.00%', '2:51.20%', '3:46.00%', '4:62.80%', '5:50.30%', '6:78.50%', '7:70.60%', '8:77.20%', '9:71.30%']

Before aggregation, loss : 1.71, accuracy : 66.86%
Before aggregation, accuracy per label : ['0:74.00%', '1:76.70%', '2:51.50%', '3:46.60%', '4:61.50%', '5:56.80%', '6:75.40%', '7:73.50%', '8:79.60%', '9:73.00%']
Aggregation to central server completed at central server round 45, loss : 1.72, accuracy : 66.67%
Accuracy per label after aggregation : ['0:73.90%', '1:76.30%', '2:52.10%', '3:45.30%', '4:61.90%', '5:55.70%', '6:76.00%', '7:73.20%', '8:79.70%', '9:72.60%']

-----------------------------------------------------

Central server round 46 started
Model sent from central server with 100msec communication time, with loss :1.72, accuracy : 66.67%
Accuracy per label : ['0:73.90%', '1:76.30%', '2:52.10%', '3:45.30%', '4:61.90%', '5:55.70%', '6:76.00%', '7:73.20%', '8:79.70%', '9:72.60%']
The model is from round 45 from central server, staleness is 0

Cluster round 1 completed, aggregated models from all the clients, time past : 800msec, loss : 1.73, accuracy 65.85%
Accuracy per label : ['0:71.60%', '1:77.40%', '2:53.40%', '3:42.40%', '4:57.90%', '5:55.70%', '6:77.20%', '7:73.30%', '8:80.20%', '9:69.40%']

Cluster round 2 completed, aggregated models from all the clients, time past : 1500msec, loss : 1.76, accuracy 66.06%
Accuracy per label : ['0:74.40%', '1:75.20%', '2:51.60%', '3:42.20%', '4:62.70%', '5:60.60%', '6:73.60%', '7:70.20%', '8:78.30%', '9:71.80%']

Cluster round 3 completed, aggregated models from all the clients, time past : 2200msec, loss : 1.81, accuracy 65.73%
Accuracy per label : ['0:73.10%', '1:73.10%', '2:52.50%', '3:43.30%', '4:59.90%', '5:54.20%', '6:78.80%', '7:70.00%', '8:77.30%', '9:75.10%']

Before aggregation, loss : 1.72, accuracy : 66.67%
Before aggregation, accuracy per label : ['0:73.90%', '1:76.30%', '2:52.10%', '3:45.30%', '4:61.90%', '5:55.70%', '6:76.00%', '7:73.20%', '8:79.70%', '9:72.60%']
Aggregation to central server completed at central server round 46, loss : 1.73, accuracy : 66.82%
Accuracy per label after aggregation : ['0:73.90%', '1:75.90%', '2:51.70%', '3:45.80%', '4:61.10%', '5:56.10%', '6:76.60%', '7:73.60%', '8:79.50%', '9:74.00%']

-----------------------------------------------------

Central server round 47 started
Model sent from central server with 100msec communication time, with loss :1.73, accuracy : 66.82%
Accuracy per label : ['0:73.90%', '1:75.90%', '2:51.70%', '3:45.80%', '4:61.10%', '5:56.10%', '6:76.60%', '7:73.60%', '8:79.50%', '9:74.00%']
The model is from round 46 from central server, staleness is 0

Cluster round 1 completed, aggregated models from all the clients, time past : 800msec, loss : 1.74, accuracy 65.92%
Accuracy per label : ['0:75.10%', '1:75.60%', '2:50.00%', '3:40.90%', '4:59.50%', '5:56.40%', '6:80.00%', '7:72.80%', '8:76.50%', '9:72.40%']

Cluster round 2 completed, aggregated models from all the clients, time past : 1500msec, loss : 1.77, accuracy 66.01%
Accuracy per label : ['0:75.40%', '1:75.30%', '2:50.40%', '3:42.70%', '4:64.50%', '5:53.00%', '6:76.50%', '7:72.80%', '8:78.00%', '9:71.50%']

Cluster round 3 completed, aggregated models from all the clients, time past : 2200msec, loss : 1.79, accuracy 65.94%
Accuracy per label : ['0:75.10%', '1:75.40%', '2:50.20%', '3:45.00%', '4:62.60%', '5:52.90%', '6:77.20%', '7:72.50%', '8:77.40%', '9:71.10%']

Before aggregation, loss : 1.73, accuracy : 66.82%
Before aggregation, accuracy per label : ['0:73.90%', '1:75.90%', '2:51.70%', '3:45.80%', '4:61.10%', '5:56.10%', '6:76.60%', '7:73.60%', '8:79.50%', '9:74.00%']
Aggregation to central server completed at central server round 47, loss : 1.75, accuracy : 66.78%
Accuracy per label after aggregation : ['0:74.20%', '1:76.30%', '2:51.20%', '3:45.60%', '4:61.60%', '5:55.80%', '6:76.00%', '7:74.20%', '8:79.70%', '9:73.20%']

-----------------------------------------------------

Central server round 48 started
Model sent from central server with 100msec communication time, with loss :1.75, accuracy : 66.78%
Accuracy per label : ['0:74.20%', '1:76.30%', '2:51.20%', '3:45.60%', '4:61.60%', '5:55.80%', '6:76.00%', '7:74.20%', '8:79.70%', '9:73.20%']
The model is from round 47 from central server, staleness is 0

Cluster round 1 completed, aggregated models from all the clients, time past : 800msec, loss : 1.74, accuracy 65.98%
Accuracy per label : ['0:72.30%', '1:75.30%', '2:53.00%', '3:42.00%', '4:61.30%', '5:56.70%', '6:76.80%', '7:72.50%', '8:79.10%', '9:70.80%']

Cluster round 2 completed, aggregated models from all the clients, time past : 1500msec, loss : 1.78, accuracy 66.23%
Accuracy per label : ['0:73.00%', '1:74.80%', '2:51.70%', '3:43.60%', '4:62.20%', '5:55.30%', '6:77.60%', '7:73.70%', '8:78.30%', '9:72.10%']

Cluster round 3 completed, aggregated models from all the clients, time past : 2200msec, loss : 1.81, accuracy 66.10%
Accuracy per label : ['0:72.60%', '1:74.50%', '2:50.70%', '3:43.70%', '4:62.90%', '5:55.40%', '6:77.00%', '7:73.70%', '8:78.60%', '9:71.90%']

Before aggregation, loss : 1.75, accuracy : 66.78%
Before aggregation, accuracy per label : ['0:74.20%', '1:76.30%', '2:51.20%', '3:45.60%', '4:61.60%', '5:55.80%', '6:76.00%', '7:74.20%', '8:79.70%', '9:73.20%']
Aggregation to central server completed at central server round 48, loss : 1.75, accuracy : 66.85%
Accuracy per label after aggregation : ['0:74.20%', '1:76.40%', '2:51.70%', '3:45.80%', '4:61.20%', '5:56.70%', '6:75.30%', '7:73.70%', '8:79.90%', '9:73.60%']

-----------------------------------------------------

Central server round 49 started
Model sent from central server with 100msec communication time, with loss :1.75, accuracy : 66.85%
Accuracy per label : ['0:74.20%', '1:76.40%', '2:51.70%', '3:45.80%', '4:61.20%', '5:56.70%', '6:75.30%', '7:73.70%', '8:79.90%', '9:73.60%']
The model is from round 48 from central server, staleness is 0

Cluster round 1 completed, aggregated models from all the clients, time past : 800msec, loss : 1.75, accuracy 65.92%
Accuracy per label : ['0:74.50%', '1:75.70%', '2:49.00%', '3:41.90%', '4:63.80%', '5:59.20%', '6:76.50%', '7:70.80%', '8:76.90%', '9:70.90%']

Cluster round 2 completed, aggregated models from all the clients, time past : 1500msec, loss : 1.80, accuracy 66.11%
Accuracy per label : ['0:72.80%', '1:75.80%', '2:52.80%', '3:44.40%', '4:62.20%', '5:54.40%', '6:76.30%', '7:74.20%', '8:78.50%', '9:69.70%']

Cluster round 3 completed, aggregated models from all the clients, time past : 2200msec, loss : 1.83, accuracy 65.99%
Accuracy per label : ['0:75.00%', '1:75.90%', '2:51.40%', '3:43.90%', '4:62.60%', '5:56.40%', '6:75.00%', '7:71.50%', '8:76.20%', '9:72.00%']

Before aggregation, loss : 1.75, accuracy : 66.85%
Before aggregation, accuracy per label : ['0:74.20%', '1:76.40%', '2:51.70%', '3:45.80%', '4:61.20%', '5:56.70%', '6:75.30%', '7:73.70%', '8:79.90%', '9:73.60%']
Aggregation to central server completed at central server round 49, loss : 1.77, accuracy : 66.69%
Accuracy per label after aggregation : ['0:74.40%', '1:76.00%', '2:51.70%', '3:45.50%', '4:60.90%', '5:57.10%', '6:75.40%', '7:73.50%', '8:79.50%', '9:72.90%']

-----------------------------------------------------

Central server round 50 started
Model sent from central server with 100msec communication time, with loss :1.77, accuracy : 66.69%
Accuracy per label : ['0:74.40%', '1:76.00%', '2:51.70%', '3:45.50%', '4:60.90%', '5:57.10%', '6:75.40%', '7:73.50%', '8:79.50%', '9:72.90%']
The model is from round 49 from central server, staleness is 0

Cluster round 1 completed, aggregated models from all the clients, time past : 800msec, loss : 1.77, accuracy 66.08%
Accuracy per label : ['0:74.70%', '1:75.60%', '2:51.90%', '3:44.20%', '4:59.70%', '5:55.00%', '6:78.00%', '7:74.30%', '8:78.10%', '9:69.30%']

Cluster round 2 completed, aggregated models from all the clients, time past : 1500msec, loss : 1.81, accuracy 66.07%
Accuracy per label : ['0:76.20%', '1:76.60%', '2:51.50%', '3:44.70%', '4:61.10%', '5:56.50%', '6:75.90%', '7:72.70%', '8:76.20%', '9:69.30%']

Cluster round 3 completed, aggregated models from all the clients, time past : 2200msec, loss : 1.83, accuracy 66.14%
Accuracy per label : ['0:74.60%', '1:76.10%', '2:52.50%', '3:43.10%', '4:62.10%', '5:56.30%', '6:76.00%', '7:72.40%', '8:77.60%', '9:70.70%']

Before aggregation, loss : 1.77, accuracy : 66.69%
Before aggregation, accuracy per label : ['0:74.40%', '1:76.00%', '2:51.70%', '3:45.50%', '4:60.90%', '5:57.10%', '6:75.40%', '7:73.50%', '8:79.50%', '9:72.90%']
Aggregation to central server completed at central server round 50, loss : 1.78, accuracy : 66.78%
Accuracy per label after aggregation : ['0:74.70%', '1:76.10%', '2:52.00%', '3:46.00%', '4:61.70%', '5:56.10%', '6:75.50%', '7:73.20%', '8:79.90%', '9:72.60%']

