Cluster 0 with 10 clients
Cluster communication time : 100
Cluster computation time : 1400
Cluster training time : 1600
Cluster clients : [0, 10, 20, 30, 40, 50, 60, 70, 80, 90]
Label percentage: ['0 : 9.55%', '1 : 11.05%', '2 : 9.63%', '3 : 10.57%', '4 : 9.42%', '5 : 9.43%', '6 : 10.83%', '7 : 10.10%', '8 : 9.98%', '9 : 9.43%']%
Divergence : jsd 0.0003, tvd 0.0195

Cluster 1 with 10 clients
Cluster communication time : 100
Cluster computation time : 1400
Cluster training time : 1600
Cluster clients : [1, 11, 21, 31, 41, 51, 61, 71, 81, 91]
Label percentage: ['0 : 10.32%', '1 : 11.97%', '2 : 9.18%', '3 : 10.35%', '4 : 9.55%', '5 : 8.72%', '6 : 9.63%', '7 : 10.52%', '8 : 9.25%', '9 : 10.52%']%
Divergence : jsd 0.0004, tvd 0.0198

Cluster 2 with 10 clients
Cluster communication time : 100
Cluster computation time : 1400
Cluster training time : 1600
Cluster clients : [2, 12, 22, 32, 42, 52, 62, 72, 82, 92]
Label percentage: ['0 : 10.20%', '1 : 10.72%', '2 : 10.38%', '3 : 10.28%', '4 : 9.00%', '5 : 8.98%', '6 : 10.42%', '7 : 10.13%', '8 : 9.93%', '9 : 9.95%']%
Divergence : jsd 0.0003, tvd 0.0162

Cluster 3 with 10 clients
Cluster communication time : 100
Cluster computation time : 1400
Cluster training time : 1600
Cluster clients : [3, 13, 23, 33, 43, 53, 63, 73, 83, 93]
Label percentage: ['0 : 9.40%', '1 : 11.43%', '2 : 10.35%', '3 : 9.45%', '4 : 9.38%', '5 : 9.45%', '6 : 9.60%', '7 : 10.80%', '8 : 10.37%', '9 : 9.77%']%
Divergence : jsd 0.0004, tvd 0.0200

Cluster 4 with 10 clients
Cluster communication time : 100
Cluster computation time : 1400
Cluster training time : 1600
Cluster clients : [4, 14, 24, 34, 44, 54, 64, 74, 84, 94]
Label percentage: ['0 : 9.38%', '1 : 11.23%', '2 : 10.25%', '3 : 10.68%', '4 : 10.52%', '5 : 8.73%', '6 : 10.32%', '7 : 9.63%', '8 : 9.25%', '9 : 10.00%']%
Divergence : jsd 0.0004, tvd 0.0210

Cluster 5 with 10 clients
Cluster communication time : 100
Cluster computation time : 1400
Cluster training time : 1600
Cluster clients : [5, 15, 25, 35, 45, 55, 65, 75, 85, 95]
Label percentage: ['0 : 10.35%', '1 : 11.10%', '2 : 9.43%', '3 : 9.98%', '4 : 9.75%', '5 : 9.43%', '6 : 8.95%', '7 : 11.05%', '8 : 9.67%', '9 : 10.28%']%
Divergence : jsd 0.0004, tvd 0.0187

Cluster 6 with 10 clients
Cluster communication time : 100
Cluster computation time : 1400
Cluster training time : 1600
Cluster clients : [6, 16, 26, 36, 46, 56, 66, 76, 86, 96]
Label percentage: ['0 : 9.93%', '1 : 11.37%', '2 : 10.03%', '3 : 10.23%', '4 : 10.13%', '5 : 8.18%', '6 : 9.85%', '7 : 10.93%', '8 : 9.73%', '9 : 9.60%']%
Divergence : jsd 0.0002, tvd 0.0120

Cluster 7 with 10 clients
Cluster communication time : 100
Cluster computation time : 1400
Cluster training time : 1600
Cluster clients : [7, 17, 27, 37, 47, 57, 67, 77, 87, 97]
Label percentage: ['0 : 9.72%', '1 : 10.80%', '2 : 10.37%', '3 : 10.57%', '4 : 9.27%', '5 : 8.82%', '6 : 9.45%', '7 : 10.90%', '8 : 9.88%', '9 : 10.23%']%
Divergence : jsd 0.0002, tvd 0.0169

Cluster 8 with 10 clients
Cluster communication time : 100
Cluster computation time : 1400
Cluster training time : 1600
Cluster clients : [8, 18, 28, 38, 48, 58, 68, 78, 88, 98]
Label percentage: ['0 : 9.98%', '1 : 11.53%', '2 : 9.68%', '3 : 9.98%', '4 : 9.97%', '5 : 9.40%', '6 : 10.15%', '7 : 10.18%', '8 : 9.82%', '9 : 9.30%']%
Divergence : jsd 0.0002, tvd 0.0136

Cluster 9 with 10 clients
Cluster communication time : 100
Cluster computation time : 1400
Cluster training time : 1600
Cluster clients : [9, 19, 29, 39, 49, 59, 69, 79, 89, 99]
Label percentage: ['0 : 9.88%', '1 : 11.17%', '2 : 9.98%', '3 : 10.08%', '4 : 10.38%', '5 : 9.20%', '6 : 9.43%', '7 : 10.17%', '8 : 9.63%', '9 : 10.07%']%
Divergence : jsd 0.0001, tvd 0.0103

