-----------------------------------------------------

Central server round 2 started
Model sent from central server with 20msec communication time, with loss :2.31, accuracy : 9.67%
Accuracy per label : ['0:0.00%', '1:0.00%', '2:2.62%', '3:0.00%', '4:95.72%', '5:0.00%', '6:0.00%', '7:0.00%', '8:0.00%', '9:0.00%']
The model is from round 0 from central server, staleness is 1

Cluster round 1 completed, aggregated models from all the clients, time past : 150msec, loss : 2.39, accuracy 17.54%
Accuracy per label : ['0:0.00%', '1:0.00%', '2:0.00%', '3:0.00%', '4:0.00%', '5:0.00%', '6:0.31%', '7:89.30%', '8:85.52%', '9:0.00%']

Cluster round 2 completed, aggregated models from all the clients, time past : 280msec, loss : 2.46, accuracy 25.12%
Accuracy per label : ['0:0.00%', '1:0.00%', '2:0.00%', '3:0.00%', '4:0.00%', '5:0.00%', '6:69.62%', '7:86.19%', '8:98.46%', '9:0.00%']

Cluster round 3 completed, aggregated models from all the clients, time past : 410msec, loss : 2.17, accuracy 27.37%
Accuracy per label : ['0:0.20%', '1:0.00%', '2:0.00%', '3:0.00%', '4:0.00%', '5:0.00%', '6:93.74%', '7:86.77%', '8:97.02%', '9:0.00%']

Aggregation to central server completed at central server round 2, loss : 2.04 , accuracy : 43.25%, stalenes : 1
Accuracy per label before aggregation : ['0:97.45%', '1:90.75%', '2:9.11%', '3:0.00%', '4:99.69%', '5:60.43%', '6:0.00%', '7:0.00%', '8:0.00%', '9:0.00%']
Accuracy per label after aggregation : ['0:97.45%', '1:49.87%', '2:7.85%', '3:0.00%', '4:76.37%', '5:4.37%', '6:46.35%', '7:61.19%', '8:88.40%', '9:0.00%']

-----------------------------------------------------

Central server round 5 started
Model sent from central server with 20msec communication time, with loss :2.04, accuracy : 43.25%
Accuracy per label : ['0:97.45%', '1:49.87%', '2:7.85%', '3:0.00%', '4:76.37%', '5:4.37%', '6:46.35%', '7:61.19%', '8:88.40%', '9:0.00%']
The model is from round 2 from central server, staleness is 2

Cluster round 1 completed, aggregated models from all the clients, time past : 150msec, loss : 1.79, accuracy 35.55%
Accuracy per label : ['0:76.63%', '1:0.00%', '2:0.10%', '3:0.00%', '4:8.66%', '5:0.00%', '6:93.22%', '7:94.55%', '8:87.58%', '9:0.00%']

Cluster round 2 completed, aggregated models from all the clients, time past : 280msec, loss : 1.32, accuracy 53.83%
Accuracy per label : ['0:85.92%', '1:71.72%', '2:42.64%', '3:0.00%', '4:48.68%', '5:9.42%', '6:97.39%', '7:94.94%', '8:83.78%', '9:0.00%']

Cluster round 3 completed, aggregated models from all the clients, time past : 410msec, loss : 1.08, accuracy 59.01%
Accuracy per label : ['0:85.00%', '1:78.85%', '2:44.67%', '3:23.07%', '4:63.24%', '5:6.95%', '6:93.42%', '7:94.55%', '8:91.58%', '9:3.67%']

Aggregation to central server completed at central server round 5, loss : 1.58 , accuracy : 66.15%, stalenes : 2
Accuracy per label before aggregation : ['0:98.47%', '1:95.24%', '2:61.92%', '3:20.40%', '4:88.80%', '5:33.07%', '6:72.44%', '7:51.56%', '8:68.69%', '9:34.59%']
Accuracy per label after aggregation : ['0:97.24%', '1:92.78%', '2:61.53%', '3:22.18%', '4:80.96%', '5:19.62%', '6:82.57%', '7:78.70%', '8:85.52%', '9:34.39%']

-----------------------------------------------------

Central server round 9 started
Model sent from central server with 20msec communication time, with loss :1.58, accuracy : 66.15%
Accuracy per label : ['0:97.24%', '1:92.78%', '2:61.53%', '3:22.18%', '4:80.96%', '5:19.62%', '6:82.57%', '7:78.70%', '8:85.52%', '9:34.39%']
The model is from round 5 from central server, staleness is 3

Cluster round 1 completed, aggregated models from all the clients, time past : 150msec, loss : 1.19, accuracy 56.64%
Accuracy per label : ['0:84.29%', '1:80.44%', '2:32.36%', '3:21.09%', '4:61.51%', '5:0.00%', '6:94.89%', '7:92.61%', '8:93.63%', '9:0.10%']

Cluster round 2 completed, aggregated models from all the clients, time past : 280msec, loss : 0.95, accuracy 62.91%
Accuracy per label : ['0:85.31%', '1:88.46%', '2:42.44%', '3:30.50%', '4:71.69%', '5:14.24%', '6:94.05%', '7:92.02%', '8:94.87%', '9:10.21%']

Cluster round 3 completed, aggregated models from all the clients, time past : 410msec, loss : 0.73, accuracy 75.95%
Accuracy per label : ['0:89.69%', '1:86.78%', '2:62.40%', '3:57.13%', '4:72.00%', '5:41.14%', '6:97.91%', '7:92.41%', '8:92.09%', '9:64.52%']

Aggregation to central server completed at central server round 9, loss : 0.65 , accuracy : 83.20%, stalenes : 3
Accuracy per label before aggregation : ['0:98.67%', '1:97.71%', '2:82.17%', '3:72.48%', '4:94.40%', '5:81.95%', '6:85.91%', '7:83.85%', '8:63.04%', '9:56.10%']
Accuracy per label after aggregation : ['0:98.16%', '1:97.36%', '2:79.84%', '3:71.39%', '4:92.97%', '5:79.26%', '6:90.92%', '7:86.96%', '8:73.31%', '9:60.36%']

-----------------------------------------------------

Central server round 12 started
Model sent from central server with 20msec communication time, with loss :0.65, accuracy : 83.20%
Accuracy per label : ['0:98.16%', '1:97.36%', '2:79.84%', '3:71.39%', '4:92.97%', '5:79.26%', '6:90.92%', '7:86.96%', '8:73.31%', '9:60.36%']
The model is from round 9 from central server, staleness is 2

Cluster round 1 completed, aggregated models from all the clients, time past : 150msec, loss : 0.61, accuracy 80.98%
Accuracy per label : ['0:93.47%', '1:89.78%', '2:70.06%', '3:59.01%', '4:81.87%', '5:72.20%', '6:97.60%', '7:91.73%', '8:86.86%', '9:66.60%']

Cluster round 2 completed, aggregated models from all the clients, time past : 280msec, loss : 0.60, accuracy 79.77%
Accuracy per label : ['0:93.78%', '1:86.34%', '2:64.73%', '3:71.09%', '4:74.64%', '5:60.87%', '6:96.35%', '7:94.16%', '8:93.74%', '9:60.65%']

Cluster round 3 completed, aggregated models from all the clients, time past : 410msec, loss : 0.54, accuracy 82.26%
Accuracy per label : ['0:94.18%', '1:88.19%', '2:66.67%', '3:69.90%', '4:75.25%', '5:63.23%', '6:96.14%', '7:92.90%', '8:94.25%', '9:80.38%']

Aggregation to central server completed at central server round 12, loss : 0.52 , accuracy : 85.45%, stalenes : 2
Accuracy per label before aggregation : ['0:97.86%', '1:97.09%', '2:83.33%', '3:79.31%', '4:91.75%', '5:82.29%', '6:90.50%', '7:84.14%', '8:72.59%', '9:66.90%']
Accuracy per label after aggregation : ['0:97.55%', '1:96.04%', '2:80.52%', '3:77.43%', '4:88.39%', '5:79.60%', '6:92.28%', '7:86.96%', '8:81.62%', '9:72.84%']

-----------------------------------------------------

Central server round 15 started
Model sent from central server with 20msec communication time, with loss :0.52, accuracy : 85.45%
Accuracy per label : ['0:97.55%', '1:96.04%', '2:80.52%', '3:77.43%', '4:88.39%', '5:79.60%', '6:92.28%', '7:86.96%', '8:81.62%', '9:72.84%']
The model is from round 12 from central server, staleness is 2

Cluster round 1 completed, aggregated models from all the clients, time past : 150msec, loss : 0.53, accuracy 83.48%
Accuracy per label : ['0:95.92%', '1:89.34%', '2:71.61%', '3:77.43%', '4:78.00%', '5:64.80%', '6:97.29%', '7:91.15%', '8:89.22%', '9:78.39%']

Cluster round 2 completed, aggregated models from all the clients, time past : 280msec, loss : 0.54, accuracy 82.37%
Accuracy per label : ['0:94.29%', '1:89.16%', '2:75.87%', '3:71.88%', '4:67.11%', '5:64.57%', '6:96.56%', '7:93.29%', '8:93.74%', '9:75.32%']

Cluster round 3 completed, aggregated models from all the clients, time past : 410msec, loss : 0.52, accuracy 83.57%
Accuracy per label : ['0:93.06%', '1:90.57%', '2:75.39%', '3:77.62%', '4:79.23%', '5:66.93%', '6:98.02%', '7:94.55%', '8:93.12%', '9:65.61%']

Aggregation to central server completed at central server round 15, loss : 0.44 , accuracy : 86.95%, stalenes : 2
Accuracy per label before aggregation : ['0:98.06%', '1:96.12%', '2:84.21%', '3:83.76%', '4:87.58%', '5:82.40%', '6:91.65%', '7:84.53%', '8:78.75%', '9:78.69%']
Accuracy per label after aggregation : ['0:97.45%', '1:95.77%', '2:82.66%', '3:82.77%', '4:85.95%', '5:80.38%', '6:93.42%', '7:87.94%', '8:84.70%', '9:77.21%']

-----------------------------------------------------

Central server round 19 started
Model sent from central server with 20msec communication time, with loss :0.44, accuracy : 86.95%
Accuracy per label : ['0:97.45%', '1:95.77%', '2:82.66%', '3:82.77%', '4:85.95%', '5:80.38%', '6:93.42%', '7:87.94%', '8:84.70%', '9:77.21%']
The model is from round 15 from central server, staleness is 3

Cluster round 1 completed, aggregated models from all the clients, time past : 150msec, loss : 0.52, accuracy 82.74%
Accuracy per label : ['0:94.69%', '1:88.28%', '2:64.44%', '3:78.91%', '4:81.98%', '5:66.03%', '6:95.72%', '7:92.90%', '8:95.17%', '9:68.29%']

Cluster round 2 completed, aggregated models from all the clients, time past : 280msec, loss : 0.52, accuracy 83.06%
Accuracy per label : ['0:93.37%', '1:88.11%', '2:69.77%', '3:72.57%', '4:78.62%', '5:65.36%', '6:96.24%', '7:93.29%', '8:96.30%', '9:75.72%']

Cluster round 3 completed, aggregated models from all the clients, time past : 410msec, loss : 0.49, accuracy 84.66%
Accuracy per label : ['0:93.67%', '1:88.99%', '2:73.06%', '3:76.34%', '4:80.04%', '5:69.73%', '6:97.81%', '7:93.77%', '8:94.25%', '9:77.90%']

Aggregation to central server completed at central server round 19, loss : 0.38 , accuracy : 88.17%, stalenes : 3
Accuracy per label before aggregation : ['0:98.27%', '1:97.09%', '2:86.24%', '3:80.50%', '4:94.60%', '5:94.06%', '6:90.40%', '7:87.26%', '8:76.08%', '9:68.88%']
Accuracy per label after aggregation : ['0:98.27%', '1:97.00%', '2:85.17%', '3:80.30%', '4:93.48%', '5:92.26%', '6:92.90%', '7:88.52%', '8:81.42%', '9:72.25%']

-----------------------------------------------------

Central server round 22 started
Model sent from central server with 20msec communication time, with loss :0.38, accuracy : 88.17%
Accuracy per label : ['0:98.27%', '1:97.00%', '2:85.17%', '3:80.30%', '4:93.48%', '5:92.26%', '6:92.90%', '7:88.52%', '8:81.42%', '9:72.25%']
The model is from round 19 from central server, staleness is 2

Cluster round 1 completed, aggregated models from all the clients, time past : 150msec, loss : 0.44, accuracy 85.95%
Accuracy per label : ['0:96.33%', '1:91.28%', '2:74.32%', '3:80.59%', '4:82.79%', '5:71.30%', '6:96.76%', '7:93.48%', '8:94.05%', '9:77.40%']

Cluster round 2 completed, aggregated models from all the clients, time past : 280msec, loss : 0.43, accuracy 86.27%
Accuracy per label : ['0:94.80%', '1:90.40%', '2:75.68%', '3:79.21%', '4:81.98%', '5:73.32%', '6:96.76%', '7:94.16%', '8:95.28%', '9:80.18%']

Cluster round 3 completed, aggregated models from all the clients, time past : 410msec, loss : 0.42, accuracy 86.80%
Accuracy per label : ['0:94.29%', '1:90.66%', '2:75.87%', '3:82.38%', '4:82.18%', '5:76.91%', '6:97.91%', '7:94.55%', '8:93.53%', '9:79.09%']

Aggregation to central server completed at central server round 22, loss : 0.35 , accuracy : 89.28%, stalenes : 2
Accuracy per label before aggregation : ['0:98.37%', '1:97.00%', '2:87.21%', '3:83.56%', '4:92.97%', '5:91.59%', '6:92.17%', '7:86.28%', '8:79.67%', '9:77.11%']
Accuracy per label after aggregation : ['0:98.27%', '1:96.48%', '2:85.76%', '3:83.96%', '4:91.55%', '5:89.57%', '6:94.05%', '7:89.11%', '8:84.70%', '9:78.99%']

