Cluster 0 with 4 clients
Cluster communication time : 10
Cluster computation time : 300
Cluster training time : 320
Cluster clients : [0, 1, 2, 3]
Label percentage: ['0 : 27.74%', '1 : 16.11%', '2 : 0.56%', '3 : 0.57%', '4 : 27.36%', '5 : 25.38%', '6 : 0.56%', '7 : 0.58%', '8 : 0.56%', '9 : 0.58%']%
Divergence : jsd 0.3174, tvd 0.5671

Cluster 1 with 4 clients
Cluster communication time : 10
Cluster computation time : 420
Cluster training time : 440
Cluster clients : [4, 5, 6, 7]
Label percentage: ['0 : 0.53%', '1 : 15.50%', '2 : 26.86%', '3 : 27.64%', '4 : 0.52%', '5 : 0.50%', '6 : 0.54%', '7 : 0.59%', '8 : 0.53%', '9 : 26.80%']%
Divergence : jsd 0.3094, tvd 0.5550

Cluster 2 with 4 clients
Cluster communication time : 20
Cluster computation time : 390
Cluster training time : 430
Cluster clients : [8, 9, 10, 11]
Label percentage: ['0 : 0.55%', '1 : 0.62%', '2 : 0.55%', '3 : 0.57%', '4 : 0.53%', '5 : 0.50%', '6 : 31.55%', '7 : 33.40%', '8 : 31.19%', '9 : 0.55%']%
Divergence : jsd 0.3910, tvd 0.6608

