-----------------------------------------------------

Central server round 3 started
Model sent from central server with 10msec communication time, with loss :2.31, accuracy : 9.67%
Accuracy per label : ['0:0.00%', '1:0.00%', '2:2.62%', '3:0.00%', '4:95.72%', '5:0.00%', '6:0.00%', '7:0.00%', '8:0.00%', '9:0.00%']
The model is from round 0 from central server, staleness is 2

Cluster round 1 completed, aggregated models from all the clients, time past : 150msec, loss : 2.36, accuracy 19.83%
Accuracy per label : ['0:0.00%', '1:0.00%', '2:86.43%', '3:11.19%', '4:0.00%', '5:0.00%', '6:0.00%', '7:0.00%', '8:0.00%', '9:96.93%']

Cluster round 2 completed, aggregated models from all the clients, time past : 290msec, loss : 2.29, accuracy 27.33%
Accuracy per label : ['0:0.00%', '1:0.00%', '2:93.60%', '3:85.15%', '4:0.00%', '5:0.00%', '6:0.00%', '7:0.00%', '8:0.00%', '9:89.89%']

Cluster round 3 completed, aggregated models from all the clients, time past : 430msec, loss : 1.83, accuracy 38.43%
Accuracy per label : ['0:18.67%', '1:78.06%', '2:96.51%', '3:88.42%', '4:0.00%', '5:0.00%', '6:0.10%', '7:0.00%', '8:0.00%', '9:87.61%']

Aggregation to central server completed at central server round 3, loss : 1.99 , accuracy : 53.75%, stalenes : 2
Accuracy per label before aggregation : ['0:97.45%', '1:49.87%', '2:7.85%', '3:0.00%', '4:76.37%', '5:4.37%', '6:46.35%', '7:61.19%', '8:88.40%', '9:0.00%']
Accuracy per label after aggregation : ['0:98.06%', '1:87.58%', '2:62.98%', '3:11.49%', '4:71.59%', '5:1.01%', '6:58.25%', '7:43.09%', '8:81.52%', '9:14.57%']

-----------------------------------------------------

Central server round 6 started
Model sent from central server with 10msec communication time, with loss :1.99, accuracy : 53.75%
Accuracy per label : ['0:98.06%', '1:87.58%', '2:62.98%', '3:11.49%', '4:71.59%', '5:1.01%', '6:58.25%', '7:43.09%', '8:81.52%', '9:14.57%']
The model is from round 3 from central server, staleness is 2

Cluster round 1 completed, aggregated models from all the clients, time past : 150msec, loss : 1.49, accuracy 55.73%
Accuracy per label : ['0:94.18%', '1:94.10%', '2:83.33%', '3:91.88%', '4:12.12%', '5:0.00%', '6:80.48%', '7:0.00%', '8:0.00%', '9:89.59%']

Cluster round 2 completed, aggregated models from all the clients, time past : 290msec, loss : 1.00, accuracy 64.88%
Accuracy per label : ['0:94.18%', '1:94.89%', '2:93.99%', '3:83.66%', '4:24.44%', '5:22.87%', '6:76.72%', '7:38.91%', '8:16.43%', '9:92.57%']

Cluster round 3 completed, aggregated models from all the clients, time past : 430msec, loss : 0.76, accuracy 74.44%
Accuracy per label : ['0:94.69%', '1:95.24%', '2:92.25%', '3:90.89%', '4:46.03%', '5:50.78%', '6:84.34%', '7:66.34%', '8:26.39%', '9:90.49%']

Aggregation to central server completed at central server round 6, loss : 1.35 , accuracy : 74.93%, stalenes : 2
Accuracy per label before aggregation : ['0:97.24%', '1:92.78%', '2:61.53%', '3:22.18%', '4:80.96%', '5:19.62%', '6:82.57%', '7:78.70%', '8:85.52%', '9:34.39%']
Accuracy per label after aggregation : ['0:97.24%', '1:95.42%', '2:76.94%', '3:61.98%', '4:73.83%', '5:29.82%', '6:84.76%', '7:74.90%', '8:72.07%', '9:75.52%']

-----------------------------------------------------

Central server round 10 started
Model sent from central server with 10msec communication time, with loss :1.35, accuracy : 74.93%
Accuracy per label : ['0:97.24%', '1:95.42%', '2:76.94%', '3:61.98%', '4:73.83%', '5:29.82%', '6:84.76%', '7:74.90%', '8:72.07%', '9:75.52%']
The model is from round 6 from central server, staleness is 3

Cluster round 1 completed, aggregated models from all the clients, time past : 150msec, loss : 0.95, accuracy 68.03%
Accuracy per label : ['0:93.06%', '1:96.21%', '2:95.35%', '3:89.01%', '4:30.24%', '5:38.00%', '6:71.09%', '7:57.98%', '8:10.68%', '9:89.10%']

Cluster round 2 completed, aggregated models from all the clients, time past : 290msec, loss : 0.72, accuracy 75.53%
Accuracy per label : ['0:93.78%', '1:96.21%', '2:91.47%', '3:90.69%', '4:39.41%', '5:61.10%', '6:89.04%', '7:63.13%', '8:31.93%', '9:92.86%']

Cluster round 3 completed, aggregated models from all the clients, time past : 430msec, loss : 0.76, accuracy 74.82%
Accuracy per label : ['0:93.06%', '1:93.04%', '2:93.22%', '3:96.63%', '4:47.25%', '5:41.93%', '6:82.46%', '7:66.73%', '8:38.81%', '9:87.61%']

Aggregation to central server completed at central server round 10, loss : 0.61 , accuracy : 84.25%, stalenes : 3
Accuracy per label before aggregation : ['0:98.16%', '1:97.36%', '2:79.84%', '3:71.39%', '4:92.97%', '5:79.26%', '6:90.92%', '7:86.96%', '8:73.31%', '9:60.36%']
Accuracy per label after aggregation : ['0:98.06%', '1:97.00%', '2:84.69%', '3:80.10%', '4:88.49%', '5:76.68%', '6:90.71%', '7:83.75%', '8:68.38%', '9:72.45%']

-----------------------------------------------------

Central server round 13 started
Model sent from central server with 10msec communication time, with loss :0.61, accuracy : 84.25%
Accuracy per label : ['0:98.06%', '1:97.00%', '2:84.69%', '3:80.10%', '4:88.49%', '5:76.68%', '6:90.71%', '7:83.75%', '8:68.38%', '9:72.45%']
The model is from round 10 from central server, staleness is 2

Cluster round 1 completed, aggregated models from all the clients, time past : 150msec, loss : 0.69, accuracy 75.43%
Accuracy per label : ['0:96.02%', '1:95.42%', '2:92.64%', '3:91.49%', '4:38.49%', '5:54.60%', '6:82.67%', '7:66.05%', '8:35.93%', '9:94.45%']

Cluster round 2 completed, aggregated models from all the clients, time past : 290msec, loss : 0.67, accuracy 77.32%
Accuracy per label : ['0:96.53%', '1:93.57%', '2:95.74%', '3:89.60%', '4:42.77%', '5:63.79%', '6:78.60%', '7:63.52%', '8:48.67%', '9:95.34%']

Cluster round 3 completed, aggregated models from all the clients, time past : 430msec, loss : 0.62, accuracy 80.32%
Accuracy per label : ['0:94.39%', '1:93.39%', '2:94.09%', '3:95.94%', '4:52.95%', '5:67.15%', '6:85.07%', '7:68.97%', '8:55.75%', '9:91.28%']

Aggregation to central server completed at central server round 13, loss : 0.48 , accuracy : 86.26%, stalenes : 2
Accuracy per label before aggregation : ['0:97.55%', '1:96.04%', '2:80.52%', '3:77.43%', '4:88.39%', '5:79.60%', '6:92.28%', '7:86.96%', '8:81.62%', '9:72.84%']
Accuracy per label after aggregation : ['0:97.35%', '1:95.95%', '2:86.14%', '3:85.74%', '4:82.99%', '5:78.59%', '6:91.65%', '7:82.59%', '8:78.03%', '9:81.76%']

-----------------------------------------------------

Central server round 16 started
Model sent from central server with 10msec communication time, with loss :0.48, accuracy : 86.26%
Accuracy per label : ['0:97.35%', '1:95.95%', '2:86.14%', '3:85.74%', '4:82.99%', '5:78.59%', '6:91.65%', '7:82.59%', '8:78.03%', '9:81.76%']
The model is from round 13 from central server, staleness is 2

Cluster round 1 completed, aggregated models from all the clients, time past : 150msec, loss : 0.62, accuracy 78.74%
Accuracy per label : ['0:96.02%', '1:94.80%', '2:93.70%', '3:94.65%', '4:44.30%', '5:58.97%', '6:84.45%', '7:73.83%', '8:49.90%', '9:91.08%']

Cluster round 2 completed, aggregated models from all the clients, time past : 290msec, loss : 0.53, accuracy 83.50%
Accuracy per label : ['0:94.59%', '1:95.33%', '2:95.74%', '3:93.27%', '4:63.54%', '5:77.13%', '6:85.91%', '7:74.22%', '8:61.40%', '9:90.68%']

Cluster round 3 completed, aggregated models from all the clients, time past : 430msec, loss : 0.57, accuracy 82.40%
Accuracy per label : ['0:96.33%', '1:94.54%', '2:93.99%', '3:95.05%', '4:60.39%', '5:70.07%', '6:86.22%', '7:71.69%', '8:57.39%', '9:94.45%']

Aggregation to central server completed at central server round 16, loss : 0.42 , accuracy : 87.26%, stalenes : 2
Accuracy per label before aggregation : ['0:97.45%', '1:95.77%', '2:82.66%', '3:82.77%', '4:85.95%', '5:80.38%', '6:93.42%', '7:87.94%', '8:84.70%', '9:77.21%']
Accuracy per label after aggregation : ['0:97.45%', '1:95.77%', '2:87.60%', '3:87.92%', '4:81.67%', '5:79.15%', '6:92.69%', '7:84.24%', '8:80.39%', '9:83.94%']

-----------------------------------------------------

Central server round 20 started
Model sent from central server with 10msec communication time, with loss :0.42, accuracy : 87.26%
Accuracy per label : ['0:97.45%', '1:95.77%', '2:87.60%', '3:87.92%', '4:81.67%', '5:79.15%', '6:92.69%', '7:84.24%', '8:80.39%', '9:83.94%']
The model is from round 16 from central server, staleness is 3

Cluster round 1 completed, aggregated models from all the clients, time past : 150msec, loss : 0.54, accuracy 82.55%
Accuracy per label : ['0:95.51%', '1:95.24%', '2:95.16%', '3:94.75%', '4:57.84%', '5:66.70%', '6:84.86%', '7:70.23%', '8:71.15%', '9:89.99%']

Cluster round 2 completed, aggregated models from all the clients, time past : 290msec, loss : 0.49, accuracy 84.80%
Accuracy per label : ['0:95.92%', '1:95.68%', '2:95.25%', '3:93.27%', '4:64.66%', '5:74.44%', '6:91.34%', '7:71.60%', '8:70.74%', '9:92.17%']

Cluster round 3 completed, aggregated models from all the clients, time past : 430msec, loss : 0.55, accuracy 83.05%
Accuracy per label : ['0:98.06%', '1:94.71%', '2:93.90%', '3:94.85%', '4:60.18%', '5:77.24%', '6:89.46%', '7:73.25%', '8:51.03%', '9:94.65%']

Aggregation to central server completed at central server round 20, loss : 0.37 , accuracy : 88.56%, stalenes : 3
Accuracy per label before aggregation : ['0:98.27%', '1:97.00%', '2:85.17%', '3:80.30%', '4:93.48%', '5:92.26%', '6:92.90%', '7:88.52%', '8:81.42%', '9:72.25%']
Accuracy per label after aggregation : ['0:98.27%', '1:97.09%', '2:87.60%', '3:84.65%', '4:90.02%', '5:90.47%', '6:92.48%', '7:86.48%', '8:78.54%', '9:79.39%']

-----------------------------------------------------

Central server round 23 started
Model sent from central server with 10msec communication time, with loss :0.37, accuracy : 88.56%
Accuracy per label : ['0:98.27%', '1:97.09%', '2:87.60%', '3:84.65%', '4:90.02%', '5:90.47%', '6:92.48%', '7:86.48%', '8:78.54%', '9:79.39%']
The model is from round 20 from central server, staleness is 2

Cluster round 1 completed, aggregated models from all the clients, time past : 150msec, loss : 0.43, accuracy 85.81%
Accuracy per label : ['0:98.06%', '1:96.48%', '2:93.02%', '3:94.16%', '4:73.32%', '5:77.24%', '6:91.13%', '7:75.88%', '8:62.63%', '9:93.36%']

Cluster round 2 completed, aggregated models from all the clients, time past : 290msec, loss : 0.56, accuracy 82.41%
Accuracy per label : ['0:95.92%', '1:94.89%', '2:94.57%', '3:96.83%', '4:60.08%', '5:72.53%', '6:89.98%', '7:73.54%', '8:49.90%', '9:92.07%']

Cluster round 3 completed, aggregated models from all the clients, time past : 430msec, loss : 0.47, accuracy 85.51%
Accuracy per label : ['0:97.45%', '1:95.33%', '2:94.67%', '3:94.55%', '4:65.17%', '5:79.26%', '6:87.79%', '7:77.43%', '8:65.71%', '9:94.95%']

Aggregation to central server completed at central server round 23, loss : 0.34 , accuracy : 89.57%, stalenes : 2
Accuracy per label before aggregation : ['0:98.27%', '1:96.48%', '2:85.76%', '3:83.96%', '4:91.55%', '5:89.57%', '6:94.05%', '7:89.11%', '8:84.70%', '9:78.99%']
Accuracy per label after aggregation : ['0:98.16%', '1:96.65%', '2:89.34%', '3:87.92%', '4:87.68%', '5:88.34%', '6:93.22%', '7:86.48%', '8:82.44%', '9:84.64%']

