-----------------------------------------------------

Central server round 1 started
Model sent from central server with 100msec communication time, with loss :2.31, accuracy : 8.86%
Accuracy per label : ['0:0.00%', '1:0.40%', '2:0.40%', '3:3.80%', '4:0.00%', '5:0.00%', '6:0.00%', '7:0.00%', '8:84.00%', '9:0.00%']
The model is from round 0 from central server, staleness is 0

Cluster round 1 completed, aggregated models from all the clients, time past : 800msec, loss : 2.10, accuracy 25.42%
Accuracy per label : ['0:51.50%', '1:10.20%', '2:0.00%', '3:0.00%', '4:0.40%', '5:52.50%', '6:35.20%', '7:26.80%', '8:25.90%', '9:51.70%']

Cluster round 2 completed, aggregated models from all the clients, time past : 1500msec, loss : 1.91, accuracy 31.73%
Accuracy per label : ['0:59.10%', '1:34.90%', '2:2.00%', '3:6.60%', '4:12.60%', '5:35.90%', '6:62.10%', '7:33.80%', '8:24.30%', '9:46.00%']

Cluster round 3 completed, aggregated models from all the clients, time past : 2200msec, loss : 1.82, accuracy 35.84%
Accuracy per label : ['0:56.00%', '1:42.60%', '2:5.10%', '3:12.10%', '4:21.10%', '5:33.30%', '6:59.70%', '7:37.70%', '8:45.90%', '9:44.90%']

Before aggregation, loss : 2.31, accuracy : 8.86%
Before aggregation, accuracy per label : ['0:0.00%', '1:0.40%', '2:0.40%', '3:3.80%', '4:0.00%', '5:0.00%', '6:0.00%', '7:0.00%', '8:84.00%', '9:0.00%']
Aggregation to central server completed at central server round 250, loss : 2.02, accuracy: 34.74%, staleness : 0
Accuracy per label after aggregation : ['0:56.60%', '1:39.50%', '2:10.30%', '3:15.00%', '4:17.00%', '5:34.10%', '6:46.20%', '7:29.30%', '8:52.50%', '9:46.90%']

-----------------------------------------------------

Central server round 6 started
Model sent from central server with 100msec communication time, with loss :2.02, accuracy : 34.74%
Accuracy per label : ['0:56.60%', '1:39.50%', '2:10.30%', '3:15.00%', '4:17.00%', '5:34.10%', '6:46.20%', '7:29.30%', '8:52.50%', '9:46.90%']
The model is from round 1 from central server, staleness is 4

Cluster round 1 completed, aggregated models from all the clients, time past : 800msec, loss : 1.82, accuracy 35.71%
Accuracy per label : ['0:41.20%', '1:34.90%', '2:7.70%', '3:6.90%', '4:32.90%', '5:42.30%', '6:56.30%', '7:44.50%', '8:54.30%', '9:36.10%']

Cluster round 2 completed, aggregated models from all the clients, time past : 1500msec, loss : 1.75, accuracy 37.62%
Accuracy per label : ['0:47.50%', '1:38.40%', '2:9.90%', '3:31.20%', '4:46.00%', '5:20.30%', '6:58.20%', '7:39.20%', '8:35.70%', '9:49.80%']

Cluster round 3 completed, aggregated models from all the clients, time past : 2200msec, loss : 1.66, accuracy 40.36%
Accuracy per label : ['0:56.70%', '1:44.40%', '2:8.80%', '3:8.20%', '4:37.20%', '5:40.50%', '6:60.40%', '7:43.60%', '8:56.50%', '9:47.30%']

Before aggregation, loss : 1.88, accuracy : 36.20%
Before aggregation, accuracy per label : ['0:52.90%', '1:37.20%', '2:9.00%', '3:12.40%', '4:26.90%', '5:41.80%', '6:50.70%', '7:36.40%', '8:48.20%', '9:46.50%']
Aggregation to central server completed at central server round 250, loss : 1.85, accuracy: 36.70%, staleness : 4
Accuracy per label after aggregation : ['0:53.50%', '1:36.30%', '2:8.00%', '3:11.00%', '4:29.50%', '5:42.10%', '6:51.20%', '7:37.80%', '8:51.10%', '9:46.50%']

-----------------------------------------------------

Central server round 11 started
Model sent from central server with 100msec communication time, with loss :1.85, accuracy : 36.70%
Accuracy per label : ['0:53.50%', '1:36.30%', '2:8.00%', '3:11.00%', '4:29.50%', '5:42.10%', '6:51.20%', '7:37.80%', '8:51.10%', '9:46.50%']
The model is from round 6 from central server, staleness is 4

Cluster round 1 completed, aggregated models from all the clients, time past : 800msec, loss : 1.74, accuracy 38.80%
Accuracy per label : ['0:37.60%', '1:46.40%', '2:17.20%', '3:18.90%', '4:24.80%', '5:31.70%', '6:68.50%', '7:37.60%', '8:61.90%', '9:43.40%']

Cluster round 2 completed, aggregated models from all the clients, time past : 1500msec, loss : 1.67, accuracy 40.96%
Accuracy per label : ['0:52.40%', '1:59.40%', '2:13.60%', '3:18.00%', '4:32.80%', '5:35.40%', '6:50.30%', '7:45.70%', '8:52.50%', '9:49.50%']

Cluster round 3 completed, aggregated models from all the clients, time past : 2200msec, loss : 1.59, accuracy 43.07%
Accuracy per label : ['0:57.20%', '1:56.70%', '2:21.50%', '3:15.30%', '4:35.90%', '5:37.60%', '6:58.10%', '7:45.10%', '8:55.90%', '9:47.40%']

Before aggregation, loss : 1.75, accuracy : 39.24%
Before aggregation, accuracy per label : ['0:50.00%', '1:41.10%', '2:12.60%', '3:13.30%', '4:36.50%', '5:39.80%', '6:53.30%', '7:38.50%', '8:59.30%', '9:48.00%']
Aggregation to central server completed at central server round 250, loss : 1.72, accuracy: 39.80%, staleness : 4
Accuracy per label after aggregation : ['0:51.60%', '1:42.30%', '2:13.10%', '3:13.40%', '4:37.20%', '5:39.80%', '6:53.50%', '7:39.60%', '8:59.80%', '9:47.70%']

-----------------------------------------------------

Central server round 16 started
Model sent from central server with 100msec communication time, with loss :1.72, accuracy : 39.80%
Accuracy per label : ['0:51.60%', '1:42.30%', '2:13.10%', '3:13.40%', '4:37.20%', '5:39.80%', '6:53.50%', '7:39.60%', '8:59.80%', '9:47.70%']
The model is from round 11 from central server, staleness is 4

Cluster round 1 completed, aggregated models from all the clients, time past : 800msec, loss : 1.65, accuracy 42.05%
Accuracy per label : ['0:47.80%', '1:66.70%', '2:25.20%', '3:19.90%', '4:23.20%', '5:31.00%', '6:64.00%', '7:57.10%', '8:46.70%', '9:38.90%']

Cluster round 2 completed, aggregated models from all the clients, time past : 1500msec, loss : 1.58, accuracy 43.77%
Accuracy per label : ['0:54.60%', '1:52.10%', '2:16.90%', '3:23.50%', '4:48.00%', '5:35.10%', '6:49.80%', '7:48.00%', '8:65.30%', '9:44.40%']

Cluster round 3 completed, aggregated models from all the clients, time past : 2200msec, loss : 1.54, accuracy 45.16%
Accuracy per label : ['0:50.00%', '1:51.50%', '2:27.30%', '3:15.00%', '4:44.30%', '5:28.00%', '6:72.20%', '7:49.90%', '8:62.70%', '9:50.70%']

Before aggregation, loss : 1.64, accuracy : 42.28%
Before aggregation, accuracy per label : ['0:52.50%', '1:47.50%', '2:17.90%', '3:16.70%', '4:39.30%', '5:36.70%', '6:59.10%', '7:43.40%', '8:62.90%', '9:46.80%']
Aggregation to central server completed at central server round 250, loss : 1.62, accuracy: 42.89%, staleness : 4
Accuracy per label after aggregation : ['0:52.10%', '1:48.10%', '2:19.40%', '3:16.20%', '4:40.00%', '5:36.20%', '6:62.10%', '7:44.90%', '8:62.90%', '9:47.00%']

-----------------------------------------------------

Central server round 21 started
Model sent from central server with 100msec communication time, with loss :1.62, accuracy : 42.89%
Accuracy per label : ['0:52.10%', '1:48.10%', '2:19.40%', '3:16.20%', '4:40.00%', '5:36.20%', '6:62.10%', '7:44.90%', '8:62.90%', '9:47.00%']
The model is from round 16 from central server, staleness is 4

Cluster round 1 completed, aggregated models from all the clients, time past : 800msec, loss : 1.58, accuracy 44.46%
Accuracy per label : ['0:52.30%', '1:72.50%', '2:22.30%', '3:39.20%', '4:24.30%', '5:25.20%', '6:57.90%', '7:45.70%', '8:59.80%', '9:45.40%']

Cluster round 2 completed, aggregated models from all the clients, time past : 1500msec, loss : 1.51, accuracy 46.36%
Accuracy per label : ['0:49.50%', '1:51.70%', '2:19.50%', '3:33.70%', '4:41.50%', '5:32.10%', '6:66.50%', '7:57.20%', '8:56.00%', '9:55.90%']

Cluster round 3 completed, aggregated models from all the clients, time past : 2200msec, loss : 1.45, accuracy 48.62%
Accuracy per label : ['0:57.00%', '1:68.30%', '2:25.10%', '3:23.50%', '4:35.80%', '5:49.40%', '6:62.30%', '7:56.50%', '8:56.10%', '9:52.20%']

Before aggregation, loss : 1.55, accuracy : 45.02%
Before aggregation, accuracy per label : ['0:53.30%', '1:53.00%', '2:22.20%', '3:20.80%', '4:40.50%', '5:35.70%', '6:64.80%', '7:46.10%', '8:63.60%', '9:50.20%']
Aggregation to central server completed at central server round 250, loss : 1.53, accuracy: 45.65%, staleness : 4
Accuracy per label after aggregation : ['0:54.40%', '1:54.30%', '2:22.80%', '3:22.00%', '4:40.10%', '5:37.00%', '6:64.80%', '7:47.20%', '8:63.20%', '9:50.70%']

-----------------------------------------------------

Central server round 26 started
Model sent from central server with 100msec communication time, with loss :1.53, accuracy : 45.65%
Accuracy per label : ['0:54.40%', '1:54.30%', '2:22.80%', '3:22.00%', '4:40.10%', '5:37.00%', '6:64.80%', '7:47.20%', '8:63.20%', '9:50.70%']
The model is from round 21 from central server, staleness is 4

Cluster round 1 completed, aggregated models from all the clients, time past : 800msec, loss : 1.49, accuracy 47.29%
Accuracy per label : ['0:56.60%', '1:58.90%', '2:28.20%', '3:23.10%', '4:39.90%', '5:50.80%', '6:46.50%', '7:46.50%', '8:60.90%', '9:61.50%']

Cluster round 2 completed, aggregated models from all the clients, time past : 1500msec, loss : 1.47, accuracy 47.49%
Accuracy per label : ['0:54.00%', '1:74.80%', '2:25.70%', '3:34.70%', '4:23.80%', '5:32.30%', '6:65.50%', '7:66.90%', '8:45.60%', '9:51.60%']

Cluster round 3 completed, aggregated models from all the clients, time past : 2200msec, loss : 1.41, accuracy 50.38%
Accuracy per label : ['0:58.00%', '1:61.30%', '2:29.50%', '3:29.90%', '4:38.90%', '5:40.10%', '6:61.60%', '7:55.20%', '8:68.10%', '9:61.20%']

Before aggregation, loss : 1.48, accuracy : 47.66%
Before aggregation, accuracy per label : ['0:53.10%', '1:57.70%', '2:23.80%', '3:25.00%', '4:42.70%', '5:36.60%', '6:65.20%', '7:51.40%', '8:66.10%', '9:55.00%']
Aggregation to central server completed at central server round 250, loss : 1.46, accuracy: 48.28%, staleness : 4
Accuracy per label after aggregation : ['0:53.60%', '1:58.30%', '2:25.00%', '3:26.00%', '4:41.90%', '5:37.90%', '6:64.30%', '7:53.10%', '8:66.40%', '9:56.30%']

-----------------------------------------------------

Central server round 31 started
Model sent from central server with 100msec communication time, with loss :1.46, accuracy : 48.28%
Accuracy per label : ['0:53.60%', '1:58.30%', '2:25.00%', '3:26.00%', '4:41.90%', '5:37.90%', '6:64.30%', '7:53.10%', '8:66.40%', '9:56.30%']
The model is from round 26 from central server, staleness is 4

Cluster round 1 completed, aggregated models from all the clients, time past : 800msec, loss : 1.43, accuracy 49.30%
Accuracy per label : ['0:60.90%', '1:65.90%', '2:24.20%', '3:32.50%', '4:33.00%', '5:37.50%', '6:62.60%', '7:61.70%', '8:62.20%', '9:52.50%']

Cluster round 2 completed, aggregated models from all the clients, time past : 1500msec, loss : 1.39, accuracy 50.65%
Accuracy per label : ['0:47.80%', '1:65.50%', '2:31.20%', '3:26.60%', '4:36.80%', '5:38.90%', '6:70.00%', '7:60.30%', '8:70.60%', '9:58.80%']

Cluster round 3 completed, aggregated models from all the clients, time past : 2200msec, loss : 1.37, accuracy 51.74%
Accuracy per label : ['0:58.20%', '1:66.60%', '2:36.30%', '3:26.80%', '4:35.60%', '5:48.20%', '6:61.20%', '7:58.60%', '8:59.70%', '9:66.20%']

Before aggregation, loss : 1.42, accuracy : 49.72%
Before aggregation, accuracy per label : ['0:52.30%', '1:60.40%', '2:28.70%', '3:26.40%', '4:45.00%', '5:39.40%', '6:65.30%', '7:53.90%', '8:69.60%', '9:56.20%']
Aggregation to central server completed at central server round 250, loss : 1.40, accuracy: 50.28%, staleness : 4
Accuracy per label after aggregation : ['0:53.30%', '1:61.90%', '2:29.60%', '3:26.90%', '4:43.70%', '5:40.30%', '6:65.20%', '7:55.50%', '8:69.00%', '9:57.40%']

-----------------------------------------------------

Central server round 36 started
Model sent from central server with 100msec communication time, with loss :1.40, accuracy : 50.28%
Accuracy per label : ['0:53.30%', '1:61.90%', '2:29.60%', '3:26.90%', '4:43.70%', '5:40.30%', '6:65.20%', '7:55.50%', '8:69.00%', '9:57.40%']
The model is from round 31 from central server, staleness is 4

Cluster round 1 completed, aggregated models from all the clients, time past : 800msec, loss : 1.38, accuracy 51.35%
Accuracy per label : ['0:54.30%', '1:53.90%', '2:32.70%', '3:30.20%', '4:40.50%', '5:45.90%', '6:75.00%', '7:53.20%', '8:63.80%', '9:64.00%']

Cluster round 2 completed, aggregated models from all the clients, time past : 1500msec, loss : 1.36, accuracy 51.09%
Accuracy per label : ['0:49.30%', '1:67.30%', '2:22.20%', '3:30.60%', '4:49.10%', '5:26.70%', '6:72.80%', '7:63.40%', '8:71.80%', '9:57.70%']

Cluster round 3 completed, aggregated models from all the clients, time past : 2200msec, loss : 1.35, accuracy 52.65%
Accuracy per label : ['0:66.90%', '1:67.80%', '2:33.80%', '3:35.70%', '4:41.50%', '5:32.00%', '6:63.80%', '7:59.60%', '8:69.90%', '9:55.50%']

Before aggregation, loss : 1.36, accuracy : 51.81%
Before aggregation, accuracy per label : ['0:55.50%', '1:63.00%', '2:31.20%', '3:31.30%', '4:43.50%', '5:40.80%', '6:66.30%', '7:57.30%', '8:69.70%', '9:59.50%']
Aggregation to central server completed at central server round 250, loss : 1.36, accuracy: 52.01%, staleness : 4
Accuracy per label after aggregation : ['0:56.50%', '1:63.90%', '2:31.50%', '3:32.20%', '4:43.50%', '5:39.80%', '6:66.10%', '7:57.80%', '8:70.40%', '9:58.40%']

-----------------------------------------------------

Central server round 41 started
Model sent from central server with 100msec communication time, with loss :1.36, accuracy : 52.01%
Accuracy per label : ['0:56.50%', '1:63.90%', '2:31.50%', '3:32.20%', '4:43.50%', '5:39.80%', '6:66.10%', '7:57.80%', '8:70.40%', '9:58.40%']
The model is from round 36 from central server, staleness is 4

Cluster round 1 completed, aggregated models from all the clients, time past : 800msec, loss : 1.33, accuracy 53.29%
Accuracy per label : ['0:52.30%', '1:62.40%', '2:37.00%', '3:32.90%', '4:49.80%', '5:44.20%', '6:68.50%', '7:60.00%', '8:66.80%', '9:59.00%']

Cluster round 2 completed, aggregated models from all the clients, time past : 1500msec, loss : 1.32, accuracy 53.48%
Accuracy per label : ['0:62.90%', '1:51.90%', '2:44.00%', '3:37.70%', '4:42.00%', '5:46.80%', '6:56.00%', '7:62.80%', '8:68.80%', '9:61.90%']

Cluster round 3 completed, aggregated models from all the clients, time past : 2200msec, loss : 1.30, accuracy 54.12%
Accuracy per label : ['0:64.30%', '1:72.80%', '2:47.80%', '3:28.10%', '4:33.80%', '5:40.70%', '6:72.40%', '7:56.30%', '8:62.50%', '9:62.50%']

Before aggregation, loss : 1.32, accuracy : 52.99%
Before aggregation, accuracy per label : ['0:56.80%', '1:64.70%', '2:33.40%', '3:32.80%', '4:45.50%', '5:39.40%', '6:65.30%', '7:61.10%', '8:71.40%', '9:59.50%']
Aggregation to central server completed at central server round 250, loss : 1.31, accuracy: 53.43%, staleness : 4
Accuracy per label after aggregation : ['0:58.30%', '1:65.30%', '2:34.90%', '3:33.00%', '4:44.70%', '5:39.50%', '6:66.80%', '7:61.00%', '8:70.60%', '9:60.20%']

-----------------------------------------------------

Central server round 46 started
Model sent from central server with 100msec communication time, with loss :1.31, accuracy : 53.43%
Accuracy per label : ['0:58.30%', '1:65.30%', '2:34.90%', '3:33.00%', '4:44.70%', '5:39.50%', '6:66.80%', '7:61.00%', '8:70.60%', '9:60.20%']
The model is from round 41 from central server, staleness is 4

Cluster round 1 completed, aggregated models from all the clients, time past : 800msec, loss : 1.34, accuracy 52.93%
Accuracy per label : ['0:69.70%', '1:64.00%', '2:29.90%', '3:32.80%', '4:37.30%', '5:33.50%', '6:72.70%', '7:57.60%', '8:66.60%', '9:65.20%']

Cluster round 2 completed, aggregated models from all the clients, time past : 1500msec, loss : 1.29, accuracy 54.40%
Accuracy per label : ['0:53.60%', '1:60.60%', '2:43.10%', '3:32.60%', '4:41.60%', '5:44.60%', '6:71.70%', '7:60.50%', '8:64.00%', '9:71.70%']

Cluster round 3 completed, aggregated models from all the clients, time past : 2200msec, loss : 1.27, accuracy 55.45%
Accuracy per label : ['0:58.30%', '1:62.00%', '2:52.00%', '3:35.40%', '4:48.10%', '5:37.30%', '6:60.60%', '7:68.00%', '8:69.60%', '9:63.20%']

Before aggregation, loss : 1.28, accuracy : 54.50%
Before aggregation, accuracy per label : ['0:60.00%', '1:68.90%', '2:35.80%', '3:36.10%', '4:45.10%', '5:39.20%', '6:67.30%', '7:60.90%', '8:72.20%', '9:59.50%']
Aggregation to central server completed at central server round 250, loss : 1.28, accuracy: 54.86%, staleness : 4
Accuracy per label after aggregation : ['0:60.90%', '1:68.40%', '2:38.50%', '3:36.10%', '4:45.10%', '5:39.10%', '6:66.70%', '7:62.20%', '8:71.90%', '9:59.70%']

-----------------------------------------------------

Central server round 51 started
Model sent from central server with 100msec communication time, with loss :1.28, accuracy : 54.86%
Accuracy per label : ['0:60.90%', '1:68.40%', '2:38.50%', '3:36.10%', '4:45.10%', '5:39.10%', '6:66.70%', '7:62.20%', '8:71.90%', '9:59.70%']
The model is from round 46 from central server, staleness is 4

Cluster round 1 completed, aggregated models from all the clients, time past : 800msec, loss : 1.25, accuracy 55.98%
Accuracy per label : ['0:65.70%', '1:73.10%', '2:36.10%', '3:34.40%', '4:49.10%', '5:46.60%', '6:65.20%', '7:66.30%', '8:65.00%', '9:58.30%']

Cluster round 2 completed, aggregated models from all the clients, time past : 1500msec, loss : 1.26, accuracy 55.49%
Accuracy per label : ['0:51.40%', '1:68.80%', '2:32.00%', '3:28.80%', '4:56.90%', '5:41.60%', '6:74.10%', '7:65.40%', '8:75.50%', '9:60.40%']

Cluster round 3 completed, aggregated models from all the clients, time past : 2200msec, loss : 1.25, accuracy 56.56%
Accuracy per label : ['0:64.90%', '1:66.60%', '2:41.90%', '3:34.30%', '4:49.50%', '5:40.40%', '6:64.70%', '7:65.00%', '8:72.20%', '9:66.10%']

Before aggregation, loss : 1.24, accuracy : 56.23%
Before aggregation, accuracy per label : ['0:61.20%', '1:68.60%', '2:37.80%', '3:37.60%', '4:46.10%', '5:43.90%', '6:68.70%', '7:63.00%', '8:73.40%', '9:62.00%']
Aggregation to central server completed at central server round 250, loss : 1.24, accuracy: 56.42%, staleness : 4
Accuracy per label after aggregation : ['0:61.80%', '1:68.50%', '2:38.60%', '3:37.70%', '4:46.10%', '5:44.80%', '6:68.50%', '7:63.40%', '8:73.40%', '9:61.40%']

-----------------------------------------------------

Central server round 56 started
Model sent from central server with 100msec communication time, with loss :1.24, accuracy : 56.42%
Accuracy per label : ['0:61.80%', '1:68.50%', '2:38.60%', '3:37.70%', '4:46.10%', '5:44.80%', '6:68.50%', '7:63.40%', '8:73.40%', '9:61.40%']
The model is from round 51 from central server, staleness is 4

Cluster round 1 completed, aggregated models from all the clients, time past : 800msec, loss : 1.24, accuracy 56.66%
Accuracy per label : ['0:68.90%', '1:57.80%', '2:37.10%', '3:39.20%', '4:51.00%', '5:53.20%', '6:61.10%', '7:69.30%', '8:64.10%', '9:64.90%']

Cluster round 2 completed, aggregated models from all the clients, time past : 1500msec, loss : 1.22, accuracy 57.13%
Accuracy per label : ['0:65.20%', '1:69.60%', '2:41.10%', '3:35.30%', '4:40.70%', '5:55.90%', '6:69.80%', '7:65.30%', '8:63.60%', '9:64.80%']

Cluster round 3 completed, aggregated models from all the clients, time past : 2200msec, loss : 1.23, accuracy 56.79%
Accuracy per label : ['0:67.00%', '1:63.20%', '2:45.60%', '3:43.00%', '4:61.30%', '5:35.20%', '6:60.80%', '7:58.90%', '8:63.60%', '9:69.30%']

Before aggregation, loss : 1.22, accuracy : 57.03%
Before aggregation, accuracy per label : ['0:62.00%', '1:71.40%', '2:38.00%', '3:34.60%', '4:48.60%', '5:45.00%', '6:69.80%', '7:64.60%', '8:75.10%', '9:61.20%']
Aggregation to central server completed at central server round 250, loss : 1.21, accuracy: 57.57%, staleness : 4
Accuracy per label after aggregation : ['0:63.40%', '1:71.10%', '2:39.10%', '3:35.90%', '4:51.10%', '5:43.80%', '6:69.70%', '7:64.50%', '8:74.00%', '9:63.10%']

-----------------------------------------------------

Central server round 61 started
Model sent from central server with 100msec communication time, with loss :1.21, accuracy : 57.57%
Accuracy per label : ['0:63.40%', '1:71.10%', '2:39.10%', '3:35.90%', '4:51.10%', '5:43.80%', '6:69.70%', '7:64.50%', '8:74.00%', '9:63.10%']
The model is from round 56 from central server, staleness is 4

Cluster round 1 completed, aggregated models from all the clients, time past : 800msec, loss : 1.19, accuracy 57.84%
Accuracy per label : ['0:63.10%', '1:74.10%', '2:41.60%', '3:42.90%', '4:56.40%', '5:39.00%', '6:70.00%', '7:65.20%', '8:68.70%', '9:57.40%']

Cluster round 2 completed, aggregated models from all the clients, time past : 1500msec, loss : 1.25, accuracy 56.17%
Accuracy per label : ['0:56.10%', '1:75.10%', '2:54.90%', '3:23.30%', '4:32.40%', '5:45.10%', '6:77.90%', '7:61.70%', '8:80.00%', '9:55.20%']

Cluster round 3 completed, aggregated models from all the clients, time past : 2200msec, loss : 1.21, accuracy 58.17%
Accuracy per label : ['0:58.60%', '1:68.70%', '2:37.80%', '3:36.90%', '4:56.30%', '5:44.80%', '6:73.00%', '7:64.00%', '8:74.70%', '9:66.90%']

Before aggregation, loss : 1.19, accuracy : 58.47%
Before aggregation, accuracy per label : ['0:64.10%', '1:72.00%', '2:43.70%', '3:36.50%', '4:49.30%', '5:44.90%', '6:70.90%', '7:65.90%', '8:74.20%', '9:63.20%']
Aggregation to central server completed at central server round 250, loss : 1.18, accuracy: 58.60%, staleness : 4
Accuracy per label after aggregation : ['0:63.70%', '1:71.80%', '2:42.50%', '3:36.30%', '4:50.10%', '5:45.10%', '6:71.40%', '7:66.20%', '8:74.60%', '9:64.30%']

-----------------------------------------------------

Central server round 66 started
Model sent from central server with 100msec communication time, with loss :1.18, accuracy : 58.60%
Accuracy per label : ['0:63.70%', '1:71.80%', '2:42.50%', '3:36.30%', '4:50.10%', '5:45.10%', '6:71.40%', '7:66.20%', '8:74.60%', '9:64.30%']
The model is from round 61 from central server, staleness is 4

Cluster round 1 completed, aggregated models from all the clients, time past : 800msec, loss : 1.21, accuracy 57.74%
Accuracy per label : ['0:63.50%', '1:65.10%', '2:41.20%', '3:36.00%', '4:35.50%', '5:56.80%', '6:79.10%', '7:55.70%', '8:71.40%', '9:73.10%']

Cluster round 2 completed, aggregated models from all the clients, time past : 1500msec, loss : 1.21, accuracy 58.20%
Accuracy per label : ['0:67.10%', '1:58.60%', '2:47.10%', '3:44.00%', '4:36.70%', '5:40.80%', '6:71.00%', '7:73.30%', '8:70.30%', '9:73.10%']

Cluster round 3 completed, aggregated models from all the clients, time past : 2200msec, loss : 1.20, accuracy 58.75%
Accuracy per label : ['0:64.90%', '1:68.00%', '2:42.70%', '3:33.10%', '4:52.80%', '5:64.50%', '6:65.20%', '7:60.70%', '8:64.80%', '9:70.80%']

Before aggregation, loss : 1.17, accuracy : 59.41%
Before aggregation, accuracy per label : ['0:65.10%', '1:72.00%', '2:42.70%', '3:36.00%', '4:51.70%', '5:47.00%', '6:71.90%', '7:68.40%', '8:75.80%', '9:63.50%']
Aggregation to central server completed at central server round 250, loss : 1.16, accuracy: 59.69%, staleness : 4
Accuracy per label after aggregation : ['0:64.80%', '1:72.10%', '2:42.90%', '3:35.70%', '4:52.40%', '5:49.30%', '6:71.20%', '7:68.10%', '8:75.10%', '9:65.30%']

-----------------------------------------------------

Central server round 71 started
Model sent from central server with 100msec communication time, with loss :1.16, accuracy : 59.69%
Accuracy per label : ['0:64.80%', '1:72.10%', '2:42.90%', '3:35.70%', '4:52.40%', '5:49.30%', '6:71.20%', '7:68.10%', '8:75.10%', '9:65.30%']
The model is from round 66 from central server, staleness is 4

Cluster round 1 completed, aggregated models from all the clients, time past : 800msec, loss : 1.16, accuracy 59.55%
Accuracy per label : ['0:68.70%', '1:77.90%', '2:45.50%', '3:51.30%', '4:46.00%', '5:43.80%', '6:71.40%', '7:67.70%', '8:68.90%', '9:54.30%']

Cluster round 2 completed, aggregated models from all the clients, time past : 1500msec, loss : 1.19, accuracy 59.54%
Accuracy per label : ['0:62.10%', '1:62.30%', '2:33.30%', '3:42.00%', '4:55.40%', '5:56.80%', '6:71.90%', '7:68.00%', '8:76.30%', '9:67.30%']

Cluster round 3 completed, aggregated models from all the clients, time past : 2200msec, loss : 1.22, accuracy 58.87%
Accuracy per label : ['0:59.10%', '1:73.10%', '2:44.10%', '3:37.40%', '4:48.30%', '5:47.20%', '6:75.40%', '7:62.50%', '8:80.90%', '9:60.70%']

Before aggregation, loss : 1.15, accuracy : 60.06%
Before aggregation, accuracy per label : ['0:65.90%', '1:74.20%', '2:45.10%', '3:37.90%', '4:51.50%', '5:49.20%', '6:70.40%', '7:68.20%', '8:76.50%', '9:61.70%']
Aggregation to central server completed at central server round 250, loss : 1.14, accuracy: 60.10%, staleness : 4
Accuracy per label after aggregation : ['0:65.00%', '1:74.30%', '2:44.80%', '3:38.30%', '4:51.60%', '5:49.50%', '6:70.90%', '7:68.20%', '8:76.70%', '9:61.70%']

-----------------------------------------------------

Central server round 76 started
Model sent from central server with 100msec communication time, with loss :1.14, accuracy : 60.10%
Accuracy per label : ['0:65.00%', '1:74.30%', '2:44.80%', '3:38.30%', '4:51.60%', '5:49.50%', '6:70.90%', '7:68.20%', '8:76.70%', '9:61.70%']
The model is from round 71 from central server, staleness is 4

Cluster round 1 completed, aggregated models from all the clients, time past : 800msec, loss : 1.17, accuracy 59.86%
Accuracy per label : ['0:59.90%', '1:63.20%', '2:35.50%', '3:44.20%', '4:51.70%', '5:47.60%', '6:75.50%', '7:72.00%', '8:78.30%', '9:70.70%']

Cluster round 2 completed, aggregated models from all the clients, time past : 1500msec, loss : 1.20, accuracy 59.69%
Accuracy per label : ['0:67.30%', '1:75.30%', '2:31.80%', '3:44.70%', '4:52.20%', '5:50.30%', '6:63.70%', '7:77.80%', '8:74.80%', '9:59.00%']

Cluster round 3 completed, aggregated models from all the clients, time past : 2200msec, loss : 1.21, accuracy 59.34%
Accuracy per label : ['0:55.40%', '1:66.20%', '2:44.70%', '3:32.60%', '4:61.00%', '5:50.90%', '6:70.60%', '7:61.00%', '8:79.70%', '9:71.30%']

Before aggregation, loss : 1.13, accuracy : 61.07%
Before aggregation, accuracy per label : ['0:66.20%', '1:73.20%', '2:46.90%', '3:36.00%', '4:52.80%', '5:52.10%', '6:72.20%', '7:70.50%', '8:76.80%', '9:64.00%']
Aggregation to central server completed at central server round 250, loss : 1.13, accuracy: 61.12%, staleness : 4
Accuracy per label after aggregation : ['0:65.20%', '1:73.20%', '2:46.50%', '3:35.30%', '4:54.30%', '5:51.80%', '6:72.80%', '7:69.80%', '8:77.70%', '9:64.60%']

-----------------------------------------------------

Central server round 81 started
Model sent from central server with 100msec communication time, with loss :1.13, accuracy : 61.12%
Accuracy per label : ['0:65.20%', '1:73.20%', '2:46.50%', '3:35.30%', '4:54.30%', '5:51.80%', '6:72.80%', '7:69.80%', '8:77.70%', '9:64.60%']
The model is from round 76 from central server, staleness is 4

Cluster round 1 completed, aggregated models from all the clients, time past : 800msec, loss : 1.20, accuracy 59.13%
Accuracy per label : ['0:71.20%', '1:81.00%', '2:26.00%', '3:48.60%', '4:63.60%', '5:34.40%', '6:67.40%', '7:76.00%', '8:66.50%', '9:56.60%']

Cluster round 2 completed, aggregated models from all the clients, time past : 1500msec, loss : 1.17, accuracy 60.91%
Accuracy per label : ['0:64.20%', '1:70.50%', '2:46.50%', '3:47.70%', '4:51.60%', '5:43.80%', '6:69.40%', '7:74.70%', '8:75.70%', '9:65.00%']

Cluster round 3 completed, aggregated models from all the clients, time past : 2200msec, loss : 1.24, accuracy 60.11%
Accuracy per label : ['0:77.70%', '1:71.70%', '2:39.70%', '3:32.30%', '4:47.50%', '5:52.20%', '6:75.60%', '7:69.40%', '8:69.20%', '9:65.80%']

Before aggregation, loss : 1.13, accuracy : 61.51%
Before aggregation, accuracy per label : ['0:66.50%', '1:73.40%', '2:47.70%', '3:38.80%', '4:55.60%', '5:48.10%', '6:72.30%', '7:69.50%', '8:78.30%', '9:64.90%']
Aggregation to central server completed at central server round 250, loss : 1.13, accuracy: 61.63%, staleness : 4
Accuracy per label after aggregation : ['0:68.00%', '1:73.50%', '2:46.80%', '3:37.90%', '4:55.60%', '5:48.90%', '6:73.10%', '7:69.90%', '8:77.30%', '9:65.30%']

-----------------------------------------------------

Central server round 86 started
Model sent from central server with 100msec communication time, with loss :1.13, accuracy : 61.63%
Accuracy per label : ['0:68.00%', '1:73.50%', '2:46.80%', '3:37.90%', '4:55.60%', '5:48.90%', '6:73.10%', '7:69.90%', '8:77.30%', '9:65.30%']
The model is from round 81 from central server, staleness is 4

Cluster round 1 completed, aggregated models from all the clients, time past : 800msec, loss : 1.17, accuracy 60.25%
Accuracy per label : ['0:66.60%', '1:65.20%', '2:38.20%', '3:25.80%', '4:49.60%', '5:64.50%', '6:69.80%', '7:72.10%', '8:76.70%', '9:74.00%']

Cluster round 2 completed, aggregated models from all the clients, time past : 1500msec, loss : 1.19, accuracy 60.91%
Accuracy per label : ['0:69.80%', '1:74.60%', '2:48.70%', '3:33.40%', '4:61.00%', '5:42.10%', '6:70.90%', '7:70.70%', '8:70.10%', '9:67.80%']

Cluster round 3 completed, aggregated models from all the clients, time past : 2200msec, loss : 1.22, accuracy 60.57%
Accuracy per label : ['0:63.10%', '1:69.10%', '2:58.00%', '3:38.60%', '4:40.80%', '5:51.80%', '6:70.90%', '7:68.40%', '8:71.50%', '9:73.50%']

Before aggregation, loss : 1.12, accuracy : 62.07%
Before aggregation, accuracy per label : ['0:66.90%', '1:72.90%', '2:46.50%', '3:38.20%', '4:56.00%', '5:52.20%', '6:72.60%', '7:70.20%', '8:77.70%', '9:67.50%']
Aggregation to central server completed at central server round 250, loss : 1.12, accuracy: 62.45%, staleness : 4
Accuracy per label after aggregation : ['0:67.60%', '1:72.90%', '2:48.00%', '3:39.10%', '4:55.30%', '5:52.40%', '6:73.30%', '7:69.90%', '8:77.20%', '9:68.80%']

-----------------------------------------------------

Central server round 91 started
Model sent from central server with 100msec communication time, with loss :1.12, accuracy : 62.45%
Accuracy per label : ['0:67.60%', '1:72.90%', '2:48.00%', '3:39.10%', '4:55.30%', '5:52.40%', '6:73.30%', '7:69.90%', '8:77.20%', '9:68.80%']
The model is from round 86 from central server, staleness is 4

Cluster round 1 completed, aggregated models from all the clients, time past : 800msec, loss : 1.15, accuracy 61.51%
Accuracy per label : ['0:67.60%', '1:76.20%', '2:42.30%', '3:46.10%', '4:55.80%', '5:41.20%', '6:72.20%', '7:71.20%', '8:77.60%', '9:64.90%']

Cluster round 2 completed, aggregated models from all the clients, time past : 1500msec, loss : 1.19, accuracy 61.78%
Accuracy per label : ['0:61.10%', '1:78.40%', '2:38.50%', '3:43.80%', '4:58.30%', '5:52.30%', '6:72.90%', '7:73.50%', '8:75.40%', '9:63.60%']

Cluster round 3 completed, aggregated models from all the clients, time past : 2200msec, loss : 1.22, accuracy 61.56%
Accuracy per label : ['0:70.60%', '1:72.50%', '2:40.20%', '3:39.80%', '4:59.80%', '5:55.10%', '6:67.30%', '7:69.60%', '8:72.10%', '9:68.60%']

Before aggregation, loss : 1.13, accuracy : 62.68%
Before aggregation, accuracy per label : ['0:67.70%', '1:74.50%', '2:48.10%', '3:39.30%', '4:54.60%', '5:52.10%', '6:76.10%', '7:69.30%', '8:77.80%', '9:67.30%']
Aggregation to central server completed at central server round 250, loss : 1.13, accuracy: 62.89%, staleness : 4
Accuracy per label after aggregation : ['0:68.50%', '1:74.70%', '2:47.30%', '3:38.50%', '4:55.80%', '5:53.70%', '6:75.00%', '7:69.60%', '8:77.80%', '9:68.00%']

-----------------------------------------------------

Central server round 96 started
Model sent from central server with 100msec communication time, with loss :1.13, accuracy : 62.89%
Accuracy per label : ['0:68.50%', '1:74.70%', '2:47.30%', '3:38.50%', '4:55.80%', '5:53.70%', '6:75.00%', '7:69.60%', '8:77.80%', '9:68.00%']
The model is from round 91 from central server, staleness is 4

Cluster round 1 completed, aggregated models from all the clients, time past : 800msec, loss : 1.14, accuracy 62.18%
Accuracy per label : ['0:68.20%', '1:66.30%', '2:45.10%', '3:49.70%', '4:57.50%', '5:49.00%', '6:72.80%', '7:63.00%', '8:77.10%', '9:73.10%']

Cluster round 2 completed, aggregated models from all the clients, time past : 1500msec, loss : 1.18, accuracy 62.26%
Accuracy per label : ['0:67.20%', '1:70.00%', '2:56.30%', '3:50.10%', '4:47.60%', '5:44.90%', '6:69.30%', '7:70.70%', '8:75.80%', '9:70.70%']

Cluster round 3 completed, aggregated models from all the clients, time past : 2200msec, loss : 1.26, accuracy 61.76%
Accuracy per label : ['0:72.40%', '1:73.30%', '2:31.50%', '3:45.00%', '4:65.80%', '5:54.50%', '6:62.00%', '7:70.40%', '8:69.50%', '9:73.20%']

Before aggregation, loss : 1.13, accuracy : 63.29%
Before aggregation, accuracy per label : ['0:69.20%', '1:75.00%', '2:48.50%', '3:41.30%', '4:55.00%', '5:52.60%', '6:76.00%', '7:70.00%', '8:76.30%', '9:69.00%']
Aggregation to central server completed at central server round 250, loss : 1.13, accuracy: 63.37%, staleness : 4
Accuracy per label after aggregation : ['0:69.70%', '1:75.40%', '2:46.40%', '3:41.80%', '4:56.60%', '5:53.30%', '6:74.50%', '7:70.10%', '8:76.00%', '9:69.90%']

-----------------------------------------------------

Central server round 101 started
Model sent from central server with 100msec communication time, with loss :1.13, accuracy : 63.37%
Accuracy per label : ['0:69.70%', '1:75.40%', '2:46.40%', '3:41.80%', '4:56.60%', '5:53.30%', '6:74.50%', '7:70.10%', '8:76.00%', '9:69.90%']
The model is from round 96 from central server, staleness is 4

Cluster round 1 completed, aggregated models from all the clients, time past : 800msec, loss : 1.16, accuracy 62.59%
Accuracy per label : ['0:69.60%', '1:78.10%', '2:43.00%', '3:47.20%', '4:57.90%', '5:61.40%', '6:69.90%', '7:73.30%', '8:71.60%', '9:53.90%']

Cluster round 2 completed, aggregated models from all the clients, time past : 1500msec, loss : 1.19, accuracy 62.33%
Accuracy per label : ['0:71.20%', '1:72.00%', '2:43.40%', '3:41.30%', '4:59.70%', '5:47.60%', '6:73.50%', '7:72.00%', '8:75.30%', '9:67.30%']

Cluster round 3 completed, aggregated models from all the clients, time past : 2200msec, loss : 1.24, accuracy 62.23%
Accuracy per label : ['0:65.70%', '1:70.10%', '2:42.80%', '3:40.50%', '4:58.70%', '5:55.50%', '6:70.20%', '7:72.80%', '8:75.60%', '9:70.40%']

Before aggregation, loss : 1.13, accuracy : 63.41%
Before aggregation, accuracy per label : ['0:68.50%', '1:76.20%', '2:46.20%', '3:43.10%', '4:56.70%', '5:52.30%', '6:73.70%', '7:71.70%', '8:77.20%', '9:68.50%']
Aggregation to central server completed at central server round 250, loss : 1.13, accuracy: 63.83%, staleness : 4
Accuracy per label after aggregation : ['0:68.40%', '1:75.60%', '2:46.10%', '3:43.30%', '4:57.60%', '5:53.70%', '6:74.00%', '7:72.80%', '8:77.50%', '9:69.30%']

-----------------------------------------------------

Central server round 106 started
Model sent from central server with 100msec communication time, with loss :1.13, accuracy : 63.83%
Accuracy per label : ['0:68.40%', '1:75.60%', '2:46.10%', '3:43.30%', '4:57.60%', '5:53.70%', '6:74.00%', '7:72.80%', '8:77.50%', '9:69.30%']
The model is from round 101 from central server, staleness is 4

Cluster round 1 completed, aggregated models from all the clients, time past : 800msec, loss : 1.17, accuracy 62.87%
Accuracy per label : ['0:71.40%', '1:72.80%', '2:43.60%', '3:47.10%', '4:49.30%', '5:53.20%', '6:78.10%', '7:66.60%', '8:74.60%', '9:72.00%']

Cluster round 2 completed, aggregated models from all the clients, time past : 1500msec, loss : 1.22, accuracy 62.60%
Accuracy per label : ['0:66.90%', '1:72.30%', '2:38.10%', '3:48.70%', '4:59.10%', '5:54.30%', '6:70.40%', '7:71.30%', '8:79.60%', '9:65.30%']

Cluster round 3 completed, aggregated models from all the clients, time past : 2200msec, loss : 1.27, accuracy 62.44%
Accuracy per label : ['0:67.40%', '1:72.10%', '2:44.00%', '3:46.00%', '4:51.90%', '5:62.00%', '6:74.60%', '7:67.90%', '8:70.40%', '9:68.10%']

Before aggregation, loss : 1.14, accuracy : 63.89%
Before aggregation, accuracy per label : ['0:70.00%', '1:75.90%', '2:48.30%', '3:42.60%', '4:56.50%', '5:53.70%', '6:75.10%', '7:71.10%', '8:77.20%', '9:68.50%']
Aggregation to central server completed at central server round 250, loss : 1.14, accuracy: 64.23%, staleness : 4
Accuracy per label after aggregation : ['0:70.20%', '1:75.90%', '2:48.50%', '3:42.70%', '4:56.60%', '5:54.70%', '6:75.80%', '7:71.60%', '8:77.30%', '9:69.00%']

-----------------------------------------------------

Central server round 111 started
Model sent from central server with 100msec communication time, with loss :1.14, accuracy : 64.23%
Accuracy per label : ['0:70.20%', '1:75.90%', '2:48.50%', '3:42.70%', '4:56.60%', '5:54.70%', '6:75.80%', '7:71.60%', '8:77.30%', '9:69.00%']
The model is from round 106 from central server, staleness is 4

Cluster round 1 completed, aggregated models from all the clients, time past : 800msec, loss : 1.17, accuracy 63.18%
Accuracy per label : ['0:64.30%', '1:80.20%', '2:49.40%', '3:38.50%', '4:58.60%', '5:52.70%', '6:75.00%', '7:75.40%', '8:78.30%', '9:59.40%']

Cluster round 2 completed, aggregated models from all the clients, time past : 1500msec, loss : 1.20, accuracy 63.06%
Accuracy per label : ['0:67.90%', '1:77.00%', '2:57.00%', '3:45.10%', '4:50.00%', '5:52.60%', '6:68.70%', '7:71.70%', '8:75.60%', '9:65.00%']

Cluster round 3 completed, aggregated models from all the clients, time past : 2200msec, loss : 1.27, accuracy 62.56%
Accuracy per label : ['0:66.10%', '1:71.10%', '2:47.90%', '3:44.30%', '4:49.30%', '5:51.50%', '6:76.10%', '7:72.30%', '8:75.80%', '9:71.20%']

Before aggregation, loss : 1.14, accuracy : 63.95%
Before aggregation, accuracy per label : ['0:69.00%', '1:75.10%', '2:47.90%', '3:42.50%', '4:57.10%', '5:54.40%', '6:74.20%', '7:72.20%', '8:78.10%', '9:69.00%']
Aggregation to central server completed at central server round 250, loss : 1.15, accuracy: 64.35%, staleness : 4
Accuracy per label after aggregation : ['0:69.60%', '1:75.20%', '2:48.70%', '3:43.20%', '4:57.10%', '5:54.30%', '6:75.10%', '7:72.40%', '8:78.20%', '9:69.70%']

-----------------------------------------------------

Central server round 116 started
Model sent from central server with 100msec communication time, with loss :1.15, accuracy : 64.35%
Accuracy per label : ['0:69.60%', '1:75.20%', '2:48.70%', '3:43.20%', '4:57.10%', '5:54.30%', '6:75.10%', '7:72.40%', '8:78.20%', '9:69.70%']
The model is from round 111 from central server, staleness is 4

Cluster round 1 completed, aggregated models from all the clients, time past : 800msec, loss : 1.17, accuracy 63.41%
Accuracy per label : ['0:69.50%', '1:75.90%', '2:46.70%', '3:32.80%', '4:56.90%', '5:62.80%', '6:74.30%', '7:72.60%', '8:79.10%', '9:63.50%']

Cluster round 2 completed, aggregated models from all the clients, time past : 1500msec, loss : 1.22, accuracy 63.48%
Accuracy per label : ['0:69.20%', '1:72.10%', '2:44.10%', '3:38.10%', '4:56.80%', '5:59.80%', '6:73.80%', '7:73.80%', '8:77.20%', '9:69.90%']

Cluster round 3 completed, aggregated models from all the clients, time past : 2200msec, loss : 1.26, accuracy 63.12%
Accuracy per label : ['0:66.70%', '1:76.70%', '2:47.80%', '3:44.50%', '4:55.30%', '5:55.10%', '6:73.90%', '7:69.40%', '8:75.00%', '9:66.80%']

Before aggregation, loss : 1.15, accuracy : 64.20%
Before aggregation, accuracy per label : ['0:69.40%', '1:75.50%', '2:46.60%', '3:41.30%', '4:58.50%', '5:56.00%', '6:74.90%', '7:71.90%', '8:78.10%', '9:69.80%']
Aggregation to central server completed at central server round 250, loss : 1.16, accuracy: 64.56%, staleness : 4
Accuracy per label after aggregation : ['0:70.00%', '1:76.20%', '2:47.10%', '3:41.70%', '4:59.30%', '5:55.90%', '6:75.30%', '7:72.20%', '8:78.40%', '9:69.50%']

-----------------------------------------------------

Central server round 121 started
Model sent from central server with 100msec communication time, with loss :1.16, accuracy : 64.56%
Accuracy per label : ['0:70.00%', '1:76.20%', '2:47.10%', '3:41.70%', '4:59.30%', '5:55.90%', '6:75.30%', '7:72.20%', '8:78.40%', '9:69.50%']
The model is from round 116 from central server, staleness is 4

Cluster round 1 completed, aggregated models from all the clients, time past : 800msec, loss : 1.18, accuracy 63.94%
Accuracy per label : ['0:68.20%', '1:73.50%', '2:39.90%', '3:45.30%', '4:63.60%', '5:53.10%', '6:71.90%', '7:72.30%', '8:76.80%', '9:74.80%']

Cluster round 2 completed, aggregated models from all the clients, time past : 1500msec, loss : 1.23, accuracy 63.67%
Accuracy per label : ['0:70.00%', '1:74.80%', '2:46.30%', '3:42.70%', '4:60.70%', '5:51.30%', '6:73.70%', '7:69.60%', '8:76.00%', '9:71.60%']

Cluster round 3 completed, aggregated models from all the clients, time past : 2200msec, loss : 1.27, accuracy 63.50%
Accuracy per label : ['0:65.90%', '1:71.50%', '2:49.90%', '3:47.10%', '4:58.70%', '5:50.90%', '6:72.20%', '7:71.10%', '8:78.10%', '9:69.60%']

Before aggregation, loss : 1.16, accuracy : 64.62%
Before aggregation, accuracy per label : ['0:70.80%', '1:75.80%', '2:48.00%', '3:41.30%', '4:58.90%', '5:55.70%', '6:74.90%', '7:72.70%', '8:78.10%', '9:70.00%']
Aggregation to central server completed at central server round 250, loss : 1.16, accuracy: 64.86%, staleness : 4
Accuracy per label after aggregation : ['0:70.50%', '1:75.70%', '2:48.60%', '3:42.20%', '4:59.30%', '5:55.90%', '6:74.70%', '7:73.10%', '8:78.70%', '9:69.90%']

-----------------------------------------------------

Central server round 126 started
Model sent from central server with 100msec communication time, with loss :1.16, accuracy : 64.86%
Accuracy per label : ['0:70.50%', '1:75.70%', '2:48.60%', '3:42.20%', '4:59.30%', '5:55.90%', '6:74.70%', '7:73.10%', '8:78.70%', '9:69.90%']
The model is from round 121 from central server, staleness is 4

Cluster round 1 completed, aggregated models from all the clients, time past : 800msec, loss : 1.19, accuracy 64.16%
Accuracy per label : ['0:74.50%', '1:73.80%', '2:44.10%', '3:42.70%', '4:54.70%', '5:52.70%', '6:76.50%', '7:75.30%', '8:74.50%', '9:72.80%']

Cluster round 2 completed, aggregated models from all the clients, time past : 1500msec, loss : 1.25, accuracy 63.45%
Accuracy per label : ['0:65.80%', '1:73.90%', '2:46.30%', '3:38.30%', '4:63.80%', '5:64.20%', '6:73.90%', '7:68.70%', '8:73.50%', '9:66.10%']

Cluster round 3 completed, aggregated models from all the clients, time past : 2200msec, loss : 1.30, accuracy 63.76%
Accuracy per label : ['0:72.20%', '1:75.60%', '2:43.90%', '3:39.80%', '4:60.10%', '5:54.80%', '6:73.80%', '7:74.30%', '8:76.20%', '9:66.90%']

Before aggregation, loss : 1.17, accuracy : 64.81%
Before aggregation, accuracy per label : ['0:70.80%', '1:75.80%', '2:46.70%', '3:41.90%', '4:60.30%', '5:55.70%', '6:75.10%', '7:71.90%', '8:78.60%', '9:71.30%']
Aggregation to central server completed at central server round 250, loss : 1.17, accuracy: 64.95%, staleness : 4
Accuracy per label after aggregation : ['0:70.90%', '1:75.70%', '2:46.50%', '3:41.80%', '4:60.50%', '5:56.30%', '6:75.50%', '7:73.00%', '8:78.60%', '9:70.70%']

-----------------------------------------------------

Central server round 131 started
Model sent from central server with 100msec communication time, with loss :1.17, accuracy : 64.95%
Accuracy per label : ['0:70.90%', '1:75.70%', '2:46.50%', '3:41.80%', '4:60.50%', '5:56.30%', '6:75.50%', '7:73.00%', '8:78.60%', '9:70.70%']
The model is from round 126 from central server, staleness is 4

Cluster round 1 completed, aggregated models from all the clients, time past : 800msec, loss : 1.19, accuracy 64.39%
Accuracy per label : ['0:70.20%', '1:75.80%', '2:43.50%', '3:49.60%', '4:60.10%', '5:51.30%', '6:74.30%', '7:70.60%', '8:77.90%', '9:70.60%']

Cluster round 2 completed, aggregated models from all the clients, time past : 1500msec, loss : 1.25, accuracy 64.11%
Accuracy per label : ['0:71.30%', '1:75.90%', '2:48.30%', '3:38.80%', '4:59.90%', '5:56.30%', '6:76.20%', '7:73.00%', '8:73.00%', '9:68.40%']

Cluster round 3 completed, aggregated models from all the clients, time past : 2200msec, loss : 1.29, accuracy 63.65%
Accuracy per label : ['0:68.80%', '1:74.40%', '2:46.40%', '3:44.30%', '4:58.40%', '5:53.30%', '6:74.80%', '7:70.00%', '8:76.90%', '9:69.20%']

Before aggregation, loss : 1.18, accuracy : 65.00%
Before aggregation, accuracy per label : ['0:71.50%', '1:76.20%', '2:47.00%', '3:41.90%', '4:60.40%', '5:55.90%', '6:75.50%', '7:72.00%', '8:79.10%', '9:70.50%']
Aggregation to central server completed at central server round 250, loss : 1.18, accuracy: 65.20%, staleness : 4
Accuracy per label after aggregation : ['0:71.50%', '1:76.60%', '2:47.00%', '3:42.70%', '4:60.80%', '5:56.60%', '6:75.50%', '7:72.30%', '8:78.80%', '9:70.20%']

-----------------------------------------------------

Central server round 136 started
Model sent from central server with 100msec communication time, with loss :1.18, accuracy : 65.20%
Accuracy per label : ['0:71.50%', '1:76.60%', '2:47.00%', '3:42.70%', '4:60.80%', '5:56.60%', '6:75.50%', '7:72.30%', '8:78.80%', '9:70.20%']
The model is from round 131 from central server, staleness is 4

Cluster round 1 completed, aggregated models from all the clients, time past : 800msec, loss : 1.20, accuracy 64.37%
Accuracy per label : ['0:69.40%', '1:76.20%', '2:50.50%', '3:42.40%', '4:56.50%', '5:51.80%', '6:73.60%', '7:73.40%', '8:78.20%', '9:71.70%']

Cluster round 2 completed, aggregated models from all the clients, time past : 1500msec, loss : 1.25, accuracy 64.51%
Accuracy per label : ['0:69.80%', '1:74.90%', '2:46.30%', '3:41.10%', '4:61.60%', '5:56.70%', '6:74.10%', '7:71.80%', '8:77.10%', '9:71.70%']

Cluster round 3 completed, aggregated models from all the clients, time past : 2200msec, loss : 1.29, accuracy 64.40%
Accuracy per label : ['0:68.40%', '1:76.00%', '2:45.60%', '3:44.10%', '4:61.50%', '5:53.70%', '6:73.00%', '7:74.10%', '8:77.00%', '9:70.60%']

Before aggregation, loss : 1.19, accuracy : 65.21%
Before aggregation, accuracy per label : ['0:71.30%', '1:76.80%', '2:48.10%', '3:43.00%', '4:60.70%', '5:55.60%', '6:75.20%', '7:71.90%', '8:79.20%', '9:70.30%']
Aggregation to central server completed at central server round 250, loss : 1.19, accuracy: 65.46%, staleness : 4
Accuracy per label after aggregation : ['0:70.90%', '1:77.20%', '2:47.90%', '3:43.50%', '4:61.50%', '5:56.10%', '6:75.20%', '7:73.20%', '8:78.80%', '9:70.30%']

-----------------------------------------------------

Central server round 141 started
Model sent from central server with 100msec communication time, with loss :1.19, accuracy : 65.46%
Accuracy per label : ['0:70.90%', '1:77.20%', '2:47.90%', '3:43.50%', '4:61.50%', '5:56.10%', '6:75.20%', '7:73.20%', '8:78.80%', '9:70.30%']
The model is from round 136 from central server, staleness is 4

Cluster round 1 completed, aggregated models from all the clients, time past : 800msec, loss : 1.21, accuracy 64.74%
Accuracy per label : ['0:71.90%', '1:71.80%', '2:47.80%', '3:40.30%', '4:56.10%', '5:59.10%', '6:77.80%', '7:72.90%', '8:77.40%', '9:72.30%']

Cluster round 2 completed, aggregated models from all the clients, time past : 1500msec, loss : 1.26, accuracy 64.71%
Accuracy per label : ['0:68.90%', '1:73.90%', '2:47.20%', '3:41.60%', '4:61.10%', '5:58.80%', '6:75.70%', '7:71.50%', '8:76.90%', '9:71.50%']

Cluster round 3 completed, aggregated models from all the clients, time past : 2200msec, loss : 1.29, accuracy 64.38%
Accuracy per label : ['0:70.00%', '1:75.00%', '2:46.40%', '3:46.00%', '4:59.50%', '5:53.20%', '6:73.50%', '7:72.80%', '8:77.20%', '9:70.20%']

Before aggregation, loss : 1.19, accuracy : 65.52%
Before aggregation, accuracy per label : ['0:71.50%', '1:77.40%', '2:48.70%', '3:43.70%', '4:61.70%', '5:55.30%', '6:75.20%', '7:72.00%', '8:79.90%', '9:69.80%']
Aggregation to central server completed at central server round 250, loss : 1.20, accuracy: 65.52%, staleness : 4
Accuracy per label after aggregation : ['0:71.00%', '1:77.50%', '2:48.60%', '3:43.80%', '4:61.70%', '5:55.40%', '6:75.00%', '7:73.00%', '8:79.40%', '9:69.80%']

-----------------------------------------------------

Central server round 146 started
Model sent from central server with 100msec communication time, with loss :1.20, accuracy : 65.52%
Accuracy per label : ['0:71.00%', '1:77.50%', '2:48.60%', '3:43.80%', '4:61.70%', '5:55.40%', '6:75.00%', '7:73.00%', '8:79.40%', '9:69.80%']
The model is from round 141 from central server, staleness is 4

Cluster round 1 completed, aggregated models from all the clients, time past : 800msec, loss : 1.20, accuracy 64.65%
Accuracy per label : ['0:70.90%', '1:75.80%', '2:51.20%', '3:47.10%', '4:57.10%', '5:52.80%', '6:72.40%', '7:71.40%', '8:78.80%', '9:69.00%']

Cluster round 2 completed, aggregated models from all the clients, time past : 1500msec, loss : 1.26, accuracy 64.85%
Accuracy per label : ['0:68.60%', '1:76.90%', '2:46.10%', '3:40.30%', '4:59.60%', '5:61.10%', '6:75.80%', '7:71.30%', '8:78.20%', '9:70.60%']

Cluster round 3 completed, aggregated models from all the clients, time past : 2200msec, loss : 1.31, accuracy 64.38%
Accuracy per label : ['0:67.70%', '1:75.20%', '2:48.30%', '3:42.40%', '4:59.40%', '5:53.20%', '6:75.40%', '7:72.30%', '8:77.20%', '9:72.70%']

Before aggregation, loss : 1.20, accuracy : 65.56%
Before aggregation, accuracy per label : ['0:71.10%', '1:77.50%', '2:49.00%', '3:43.90%', '4:61.10%', '5:56.30%', '6:75.50%', '7:71.40%', '8:79.80%', '9:70.00%']
Aggregation to central server completed at central server round 250, loss : 1.20, accuracy: 65.62%, staleness : 4
Accuracy per label after aggregation : ['0:70.40%', '1:77.50%', '2:48.90%', '3:43.20%', '4:61.40%', '5:56.50%', '6:75.70%', '7:72.20%', '8:79.70%', '9:70.70%']

-----------------------------------------------------

Central server round 151 started
Model sent from central server with 100msec communication time, with loss :1.20, accuracy : 65.62%
Accuracy per label : ['0:70.40%', '1:77.50%', '2:48.90%', '3:43.20%', '4:61.40%', '5:56.50%', '6:75.70%', '7:72.20%', '8:79.70%', '9:70.70%']
The model is from round 146 from central server, staleness is 4

Cluster round 1 completed, aggregated models from all the clients, time past : 800msec, loss : 1.22, accuracy 64.93%
Accuracy per label : ['0:71.30%', '1:76.10%', '2:45.50%', '3:41.70%', '4:64.50%', '5:56.10%', '6:72.20%', '7:73.30%', '8:76.50%', '9:72.10%']

Cluster round 2 completed, aggregated models from all the clients, time past : 1500msec, loss : 1.26, accuracy 64.89%
Accuracy per label : ['0:69.20%', '1:76.30%', '2:48.00%', '3:44.90%', '4:61.50%', '5:51.40%', '6:75.10%', '7:72.20%', '8:77.70%', '9:72.60%']

Cluster round 3 completed, aggregated models from all the clients, time past : 2200msec, loss : 1.32, accuracy 64.53%
Accuracy per label : ['0:69.80%', '1:77.40%', '2:44.10%', '3:41.50%', '4:57.30%', '5:60.90%', '6:72.50%', '7:73.10%', '8:77.50%', '9:71.20%']

Before aggregation, loss : 1.21, accuracy : 65.78%
Before aggregation, accuracy per label : ['0:71.80%', '1:77.10%', '2:49.00%', '3:42.70%', '4:61.40%', '5:56.70%', '6:75.70%', '7:72.70%', '8:79.60%', '9:71.10%']
Aggregation to central server completed at central server round 250, loss : 1.21, accuracy: 65.70%, staleness : 4
Accuracy per label after aggregation : ['0:71.00%', '1:77.20%', '2:48.00%', '3:42.80%', '4:61.50%', '5:57.20%', '6:75.70%', '7:72.60%', '8:79.80%', '9:71.20%']

-----------------------------------------------------

Central server round 156 started
Model sent from central server with 100msec communication time, with loss :1.21, accuracy : 65.70%
Accuracy per label : ['0:71.00%', '1:77.20%', '2:48.00%', '3:42.80%', '4:61.50%', '5:57.20%', '6:75.70%', '7:72.60%', '8:79.80%', '9:71.20%']
The model is from round 151 from central server, staleness is 4

Cluster round 1 completed, aggregated models from all the clients, time past : 800msec, loss : 1.22, accuracy 65.35%
Accuracy per label : ['0:68.40%', '1:79.20%', '2:47.40%', '3:49.40%', '4:58.80%', '5:58.00%', '6:72.90%', '7:72.20%', '8:75.90%', '9:71.30%']

Cluster round 2 completed, aggregated models from all the clients, time past : 1500msec, loss : 1.27, accuracy 65.05%
Accuracy per label : ['0:74.10%', '1:76.10%', '2:46.90%', '3:43.60%', '4:59.60%', '5:57.30%', '6:72.50%', '7:72.70%', '8:76.80%', '9:70.90%']

Cluster round 3 completed, aggregated models from all the clients, time past : 2200msec, loss : 1.31, accuracy 64.77%
Accuracy per label : ['0:69.50%', '1:77.00%', '2:47.10%', '3:44.10%', '4:61.60%', '5:54.20%', '6:74.40%', '7:72.50%', '8:78.30%', '9:69.00%']

Before aggregation, loss : 1.22, accuracy : 66.12%
Before aggregation, accuracy per label : ['0:72.70%', '1:77.40%', '2:48.20%', '3:43.30%', '4:61.90%', '5:57.20%', '6:75.90%', '7:73.00%', '8:79.80%', '9:71.80%']
Aggregation to central server completed at central server round 250, loss : 1.22, accuracy: 65.98%, staleness : 4
Accuracy per label after aggregation : ['0:72.10%', '1:77.30%', '2:47.60%', '3:43.50%', '4:61.70%', '5:57.10%', '6:76.20%', '7:73.00%', '8:79.80%', '9:71.50%']

-----------------------------------------------------

Central server round 161 started
Model sent from central server with 100msec communication time, with loss :1.22, accuracy : 65.98%
Accuracy per label : ['0:72.10%', '1:77.30%', '2:47.60%', '3:43.50%', '4:61.70%', '5:57.10%', '6:76.20%', '7:73.00%', '8:79.80%', '9:71.50%']
The model is from round 156 from central server, staleness is 4

Cluster round 1 completed, aggregated models from all the clients, time past : 800msec, loss : 1.23, accuracy 65.37%
Accuracy per label : ['0:72.70%', '1:75.80%', '2:47.60%', '3:40.60%', '4:63.40%', '5:56.50%', '6:76.10%', '7:71.90%', '8:76.90%', '9:72.20%']

Cluster round 2 completed, aggregated models from all the clients, time past : 1500msec, loss : 1.27, accuracy 65.04%
Accuracy per label : ['0:69.50%', '1:75.00%', '2:48.90%', '3:48.70%', '4:57.20%', '5:53.20%', '6:74.10%', '7:72.60%', '8:78.60%', '9:72.60%']

Cluster round 3 completed, aggregated models from all the clients, time past : 2200msec, loss : 1.32, accuracy 64.82%
Accuracy per label : ['0:68.60%', '1:75.90%', '2:46.90%', '3:44.70%', '4:62.40%', '5:56.50%', '6:72.90%', '7:70.70%', '8:78.50%', '9:71.10%']

Before aggregation, loss : 1.23, accuracy : 66.14%
Before aggregation, accuracy per label : ['0:72.80%', '1:77.40%', '2:48.30%', '3:44.10%', '4:62.10%', '5:57.00%', '6:76.10%', '7:73.00%', '8:79.60%', '9:71.00%']
Aggregation to central server completed at central server round 250, loss : 1.23, accuracy: 66.03%, staleness : 4
Accuracy per label after aggregation : ['0:71.60%', '1:77.10%', '2:47.90%', '3:44.60%', '4:62.10%', '5:56.80%', '6:75.90%', '7:73.50%', '8:79.70%', '9:71.10%']

-----------------------------------------------------

Central server round 166 started
Model sent from central server with 100msec communication time, with loss :1.23, accuracy : 66.03%
Accuracy per label : ['0:71.60%', '1:77.10%', '2:47.90%', '3:44.60%', '4:62.10%', '5:56.80%', '6:75.90%', '7:73.50%', '8:79.70%', '9:71.10%']
The model is from round 161 from central server, staleness is 4

Cluster round 1 completed, aggregated models from all the clients, time past : 800msec, loss : 1.23, accuracy 65.34%
Accuracy per label : ['0:70.90%', '1:77.40%', '2:47.50%', '3:46.30%', '4:61.80%', '5:55.30%', '6:75.40%', '7:71.80%', '8:80.50%', '9:66.50%']

Cluster round 2 completed, aggregated models from all the clients, time past : 1500msec, loss : 1.29, accuracy 65.03%
Accuracy per label : ['0:68.30%', '1:76.20%', '2:46.60%', '3:46.00%', '4:62.60%', '5:55.90%', '6:72.70%', '7:71.30%', '8:78.20%', '9:72.50%']

Cluster round 3 completed, aggregated models from all the clients, time past : 2200msec, loss : 1.33, accuracy 65.01%
Accuracy per label : ['0:69.80%', '1:76.40%', '2:47.30%', '3:44.00%', '4:57.10%', '5:57.30%', '6:74.30%', '7:73.30%', '8:78.60%', '9:72.00%']

Before aggregation, loss : 1.23, accuracy : 66.28%
Before aggregation, accuracy per label : ['0:72.50%', '1:77.90%', '2:48.60%', '3:45.10%', '4:62.70%', '5:56.70%', '6:75.70%', '7:72.50%', '8:79.70%', '9:71.40%']
Aggregation to central server completed at central server round 250, loss : 1.23, accuracy: 66.30%, staleness : 4
Accuracy per label after aggregation : ['0:72.00%', '1:77.80%', '2:48.50%', '3:45.30%', '4:62.30%', '5:57.30%', '6:75.40%', '7:73.20%', '8:79.80%', '9:71.40%']

-----------------------------------------------------

Central server round 171 started
Model sent from central server with 100msec communication time, with loss :1.23, accuracy : 66.30%
Accuracy per label : ['0:72.00%', '1:77.80%', '2:48.50%', '3:45.30%', '4:62.30%', '5:57.30%', '6:75.40%', '7:73.20%', '8:79.80%', '9:71.40%']
The model is from round 166 from central server, staleness is 4

Cluster round 1 completed, aggregated models from all the clients, time past : 800msec, loss : 1.24, accuracy 65.70%
Accuracy per label : ['0:72.00%', '1:76.00%', '2:49.50%', '3:42.10%', '4:63.20%', '5:60.70%', '6:72.10%', '7:72.50%', '8:78.00%', '9:70.90%']

Cluster round 2 completed, aggregated models from all the clients, time past : 1500msec, loss : 1.29, accuracy 65.56%
Accuracy per label : ['0:73.40%', '1:75.40%', '2:46.10%', '3:43.30%', '4:60.30%', '5:61.30%', '6:74.70%', '7:70.90%', '8:77.10%', '9:73.10%']

Cluster round 3 completed, aggregated models from all the clients, time past : 2200msec, loss : 1.32, accuracy 64.86%
Accuracy per label : ['0:71.00%', '1:76.40%', '2:51.00%', '3:43.50%', '4:58.10%', '5:52.50%', '6:74.80%', '7:71.80%', '8:78.40%', '9:71.10%']

Before aggregation, loss : 1.24, accuracy : 66.37%
Before aggregation, accuracy per label : ['0:72.20%', '1:77.70%', '2:49.60%', '3:44.60%', '4:61.60%', '5:57.30%', '6:75.80%', '7:73.20%', '8:79.60%', '9:72.10%']
Aggregation to central server completed at central server round 250, loss : 1.24, accuracy: 66.35%, staleness : 4
Accuracy per label after aggregation : ['0:72.00%', '1:77.80%', '2:50.20%', '3:44.60%', '4:61.60%', '5:56.80%', '6:76.00%', '7:73.00%', '8:79.70%', '9:71.80%']

-----------------------------------------------------

Central server round 176 started
Model sent from central server with 100msec communication time, with loss :1.24, accuracy : 66.35%
Accuracy per label : ['0:72.00%', '1:77.80%', '2:50.20%', '3:44.60%', '4:61.60%', '5:56.80%', '6:76.00%', '7:73.00%', '8:79.70%', '9:71.80%']
The model is from round 171 from central server, staleness is 4

Cluster round 1 completed, aggregated models from all the clients, time past : 800msec, loss : 1.25, accuracy 65.63%
Accuracy per label : ['0:70.70%', '1:77.80%', '2:48.70%', '3:43.60%', '4:56.50%', '5:56.50%', '6:78.90%', '7:72.90%', '8:78.20%', '9:72.50%']

Cluster round 2 completed, aggregated models from all the clients, time past : 1500msec, loss : 1.30, accuracy 65.30%
Accuracy per label : ['0:71.70%', '1:76.60%', '2:46.20%', '3:39.00%', '4:62.00%', '5:59.70%', '6:75.40%', '7:73.30%', '8:78.70%', '9:70.40%']

Cluster round 3 completed, aggregated models from all the clients, time past : 2200msec, loss : 1.33, accuracy 65.38%
Accuracy per label : ['0:70.70%', '1:75.80%', '2:46.70%', '3:46.40%', '4:60.80%', '5:55.20%', '6:73.50%', '7:72.60%', '8:79.40%', '9:72.70%']

Before aggregation, loss : 1.24, accuracy : 66.28%
Before aggregation, accuracy per label : ['0:72.90%', '1:77.60%', '2:49.30%', '3:44.20%', '4:61.70%', '5:57.20%', '6:75.40%', '7:72.80%', '8:79.80%', '9:71.90%']
Aggregation to central server completed at central server round 250, loss : 1.24, accuracy: 66.46%, staleness : 4
Accuracy per label after aggregation : ['0:72.40%', '1:77.90%', '2:50.00%', '3:44.60%', '4:61.80%', '5:57.00%', '6:75.60%', '7:73.20%', '8:79.80%', '9:72.30%']

-----------------------------------------------------

Central server round 181 started
Model sent from central server with 100msec communication time, with loss :1.24, accuracy : 66.46%
Accuracy per label : ['0:72.40%', '1:77.90%', '2:50.00%', '3:44.60%', '4:61.80%', '5:57.00%', '6:75.60%', '7:73.20%', '8:79.80%', '9:72.30%']
The model is from round 176 from central server, staleness is 4

Cluster round 1 completed, aggregated models from all the clients, time past : 800msec, loss : 1.25, accuracy 65.68%
Accuracy per label : ['0:70.40%', '1:75.40%', '2:47.40%', '3:42.80%', '4:62.20%', '5:60.00%', '6:75.20%', '7:71.10%', '8:79.60%', '9:72.70%']

Cluster round 2 completed, aggregated models from all the clients, time past : 1500msec, loss : 1.30, accuracy 65.53%
Accuracy per label : ['0:71.60%', '1:75.10%', '2:47.90%', '3:43.20%', '4:61.20%', '5:57.90%', '6:74.50%', '7:73.00%', '8:78.20%', '9:72.70%']

Cluster round 3 completed, aggregated models from all the clients, time past : 2200msec, loss : 1.36, accuracy 65.33%
Accuracy per label : ['0:73.90%', '1:76.10%', '2:45.90%', '3:42.40%', '4:59.00%', '5:57.80%', '6:76.70%', '7:71.90%', '8:75.30%', '9:74.30%']

Before aggregation, loss : 1.25, accuracy : 66.49%
Before aggregation, accuracy per label : ['0:72.40%', '1:77.40%', '2:49.70%', '3:45.20%', '4:61.30%', '5:57.10%', '6:76.70%', '7:72.90%', '8:79.90%', '9:72.30%']
Aggregation to central server completed at central server round 250, loss : 1.25, accuracy: 66.54%, staleness : 4
Accuracy per label after aggregation : ['0:72.80%', '1:77.70%', '2:49.60%', '3:44.50%', '4:61.50%', '5:57.30%', '6:76.50%', '7:73.10%', '8:79.60%', '9:72.80%']

-----------------------------------------------------

Central server round 186 started
Model sent from central server with 100msec communication time, with loss :1.25, accuracy : 66.54%
Accuracy per label : ['0:72.80%', '1:77.70%', '2:49.60%', '3:44.50%', '4:61.50%', '5:57.30%', '6:76.50%', '7:73.10%', '8:79.60%', '9:72.80%']
The model is from round 181 from central server, staleness is 4

Cluster round 1 completed, aggregated models from all the clients, time past : 800msec, loss : 1.26, accuracy 65.68%
Accuracy per label : ['0:72.00%', '1:78.50%', '2:44.80%', '3:42.20%', '4:63.30%', '5:56.60%', '6:75.00%', '7:73.40%', '8:78.40%', '9:72.60%']

Cluster round 2 completed, aggregated models from all the clients, time past : 1500msec, loss : 1.31, accuracy 65.47%
Accuracy per label : ['0:72.50%', '1:75.10%', '2:45.90%', '3:44.70%', '4:59.40%', '5:57.00%', '6:76.70%', '7:72.40%', '8:78.90%', '9:72.10%']

Cluster round 3 completed, aggregated models from all the clients, time past : 2200msec, loss : 1.35, accuracy 65.12%
Accuracy per label : ['0:71.30%', '1:75.20%', '2:46.20%', '3:42.00%', '4:59.70%', '5:58.70%', '6:75.10%', '7:71.40%', '8:77.40%', '9:74.20%']

Before aggregation, loss : 1.26, accuracy : 66.45%
Before aggregation, accuracy per label : ['0:72.90%', '1:76.60%', '2:49.60%', '3:44.00%', '4:61.40%', '5:57.40%', '6:76.60%', '7:73.40%', '8:79.70%', '9:72.90%']
Aggregation to central server completed at central server round 250, loss : 1.26, accuracy: 66.50%, staleness : 4
Accuracy per label after aggregation : ['0:72.90%', '1:76.70%', '2:49.50%', '3:43.80%', '4:61.50%', '5:57.50%', '6:76.70%', '7:73.50%', '8:79.60%', '9:73.30%']

-----------------------------------------------------

Central server round 191 started
Model sent from central server with 100msec communication time, with loss :1.26, accuracy : 66.50%
Accuracy per label : ['0:72.90%', '1:76.70%', '2:49.50%', '3:43.80%', '4:61.50%', '5:57.50%', '6:76.70%', '7:73.50%', '8:79.60%', '9:73.30%']
The model is from round 186 from central server, staleness is 4

Cluster round 1 completed, aggregated models from all the clients, time past : 800msec, loss : 1.27, accuracy 65.76%
Accuracy per label : ['0:73.10%', '1:75.10%', '2:47.70%', '3:42.20%', '4:64.40%', '5:56.10%', '6:74.60%', '7:74.50%', '8:76.60%', '9:73.30%']

Cluster round 2 completed, aggregated models from all the clients, time past : 1500msec, loss : 1.31, accuracy 65.55%
Accuracy per label : ['0:72.50%', '1:75.10%', '2:48.50%', '3:44.40%', '4:62.50%', '5:54.80%', '6:74.50%', '7:72.00%', '8:77.30%', '9:73.90%']

Cluster round 3 completed, aggregated models from all the clients, time past : 2200msec, loss : 1.35, accuracy 65.49%
Accuracy per label : ['0:72.40%', '1:76.30%', '2:46.90%', '3:44.50%', '4:61.60%', '5:56.50%', '6:74.80%', '7:73.50%', '8:76.30%', '9:72.10%']

Before aggregation, loss : 1.26, accuracy : 66.43%
Before aggregation, accuracy per label : ['0:72.80%', '1:77.20%', '2:49.50%', '3:43.60%', '4:61.90%', '5:57.90%', '6:76.30%', '7:72.70%', '8:79.60%', '9:72.80%']
Aggregation to central server completed at central server round 250, loss : 1.26, accuracy: 66.56%, staleness : 4
Accuracy per label after aggregation : ['0:72.90%', '1:77.40%', '2:49.50%', '3:43.90%', '4:62.50%', '5:57.60%', '6:76.70%', '7:72.90%', '8:79.50%', '9:72.70%']

-----------------------------------------------------

Central server round 196 started
Model sent from central server with 100msec communication time, with loss :1.26, accuracy : 66.56%
Accuracy per label : ['0:72.90%', '1:77.40%', '2:49.50%', '3:43.90%', '4:62.50%', '5:57.60%', '6:76.70%', '7:72.90%', '8:79.50%', '9:72.70%']
The model is from round 191 from central server, staleness is 4

Cluster round 1 completed, aggregated models from all the clients, time past : 800msec, loss : 1.26, accuracy 65.69%
Accuracy per label : ['0:72.20%', '1:75.40%', '2:49.80%', '3:46.10%', '4:60.30%', '5:54.20%', '6:74.90%', '7:73.90%', '8:78.70%', '9:71.40%']

Cluster round 2 completed, aggregated models from all the clients, time past : 1500msec, loss : 1.33, accuracy 65.47%
Accuracy per label : ['0:71.30%', '1:75.30%', '2:47.50%', '3:42.30%', '4:61.80%', '5:58.40%', '6:74.90%', '7:72.40%', '8:79.20%', '9:71.60%']

Cluster round 3 completed, aggregated models from all the clients, time past : 2200msec, loss : 1.37, accuracy 65.37%
Accuracy per label : ['0:70.30%', '1:77.60%', '2:49.00%', '3:42.30%', '4:61.20%', '5:56.90%', '6:74.20%', '7:71.80%', '8:78.80%', '9:71.60%']

Before aggregation, loss : 1.27, accuracy : 66.55%
Before aggregation, accuracy per label : ['0:73.50%', '1:76.30%', '2:48.90%', '3:44.30%', '4:62.10%', '5:57.80%', '6:76.30%', '7:73.50%', '8:79.70%', '9:73.10%']
Aggregation to central server completed at central server round 250, loss : 1.27, accuracy: 66.63%, staleness : 4
Accuracy per label after aggregation : ['0:73.50%', '1:76.90%', '2:49.10%', '3:44.30%', '4:62.10%', '5:57.60%', '6:76.50%', '7:73.80%', '8:79.70%', '9:72.80%']

-----------------------------------------------------

Central server round 201 started
Model sent from central server with 100msec communication time, with loss :1.27, accuracy : 66.63%
Accuracy per label : ['0:73.50%', '1:76.90%', '2:49.10%', '3:44.30%', '4:62.10%', '5:57.60%', '6:76.50%', '7:73.80%', '8:79.70%', '9:72.80%']
The model is from round 196 from central server, staleness is 4

Cluster round 1 completed, aggregated models from all the clients, time past : 800msec, loss : 1.28, accuracy 65.99%
Accuracy per label : ['0:72.20%', '1:77.60%', '2:48.70%', '3:42.20%', '4:60.40%', '5:58.00%', '6:76.50%', '7:73.50%', '8:78.90%', '9:71.90%']

Cluster round 2 completed, aggregated models from all the clients, time past : 1500msec, loss : 1.32, accuracy 65.65%
Accuracy per label : ['0:70.00%', '1:76.20%', '2:49.00%', '3:44.40%', '4:61.50%', '5:56.50%', '6:73.90%', '7:74.90%', '8:78.70%', '9:71.40%']

Cluster round 3 completed, aggregated models from all the clients, time past : 2200msec, loss : 1.36, accuracy 65.19%
Accuracy per label : ['0:71.70%', '1:76.60%', '2:46.50%', '3:44.30%', '4:60.10%', '5:54.90%', '6:75.00%', '7:71.70%', '8:78.80%', '9:72.30%']

Before aggregation, loss : 1.28, accuracy : 66.55%
Before aggregation, accuracy per label : ['0:73.30%', '1:76.60%', '2:49.00%', '3:44.50%', '4:62.60%', '5:57.80%', '6:75.60%', '7:73.70%', '8:79.70%', '9:72.70%']
Aggregation to central server completed at central server round 250, loss : 1.28, accuracy: 66.56%, staleness : 4
Accuracy per label after aggregation : ['0:73.30%', '1:76.90%', '2:48.40%', '3:44.90%', '4:62.50%', '5:57.30%', '6:76.10%', '7:73.80%', '8:79.90%', '9:72.50%']

-----------------------------------------------------

Central server round 206 started
Model sent from central server with 100msec communication time, with loss :1.28, accuracy : 66.56%
Accuracy per label : ['0:73.30%', '1:76.90%', '2:48.40%', '3:44.90%', '4:62.50%', '5:57.30%', '6:76.10%', '7:73.80%', '8:79.90%', '9:72.50%']
The model is from round 201 from central server, staleness is 4

Cluster round 1 completed, aggregated models from all the clients, time past : 800msec, loss : 1.28, accuracy 66.15%
Accuracy per label : ['0:73.60%', '1:76.40%', '2:46.40%', '3:42.90%', '4:63.80%', '5:57.90%', '6:77.00%', '7:71.70%', '8:78.40%', '9:73.40%']

Cluster round 2 completed, aggregated models from all the clients, time past : 1500msec, loss : 1.32, accuracy 65.99%
Accuracy per label : ['0:72.00%', '1:77.10%', '2:50.20%', '3:45.80%', '4:59.00%', '5:58.20%', '6:74.20%', '7:72.50%', '8:78.50%', '9:72.40%']

Cluster round 3 completed, aggregated models from all the clients, time past : 2200msec, loss : 1.37, accuracy 65.30%
Accuracy per label : ['0:72.80%', '1:76.20%', '2:45.90%', '3:44.70%', '4:61.00%', '5:57.90%', '6:73.20%', '7:71.90%', '8:76.70%', '9:72.70%']

Before aggregation, loss : 1.28, accuracy : 66.62%
Before aggregation, accuracy per label : ['0:73.30%', '1:76.70%', '2:49.70%', '3:44.30%', '4:61.80%', '5:58.10%', '6:76.20%', '7:73.70%', '8:79.80%', '9:72.60%']
Aggregation to central server completed at central server round 250, loss : 1.28, accuracy: 66.63%, staleness : 4
Accuracy per label after aggregation : ['0:73.20%', '1:76.50%', '2:49.20%', '3:44.90%', '4:62.30%', '5:58.30%', '6:76.30%', '7:73.60%', '8:79.60%', '9:72.40%']

-----------------------------------------------------

Central server round 211 started
Model sent from central server with 100msec communication time, with loss :1.28, accuracy : 66.63%
Accuracy per label : ['0:73.20%', '1:76.50%', '2:49.20%', '3:44.90%', '4:62.30%', '5:58.30%', '6:76.30%', '7:73.60%', '8:79.60%', '9:72.40%']
The model is from round 206 from central server, staleness is 4

Cluster round 1 completed, aggregated models from all the clients, time past : 800msec, loss : 1.28, accuracy 65.87%
Accuracy per label : ['0:70.10%', '1:77.90%', '2:49.60%', '3:45.00%', '4:61.10%', '5:56.10%', '6:75.10%', '7:73.00%', '8:78.20%', '9:72.60%']

Cluster round 2 completed, aggregated models from all the clients, time past : 1500msec, loss : 1.33, accuracy 65.77%
Accuracy per label : ['0:71.00%', '1:76.30%', '2:48.90%', '3:43.60%', '4:61.60%', '5:56.20%', '6:74.40%', '7:72.90%', '8:78.70%', '9:74.10%']

Cluster round 3 completed, aggregated models from all the clients, time past : 2200msec, loss : 1.37, accuracy 65.56%
Accuracy per label : ['0:72.20%', '1:76.90%', '2:47.80%', '3:43.20%', '4:61.20%', '5:57.20%', '6:75.20%', '7:71.30%', '8:78.40%', '9:72.20%']

Before aggregation, loss : 1.29, accuracy : 66.72%
Before aggregation, accuracy per label : ['0:73.40%', '1:76.50%', '2:49.80%', '3:44.90%', '4:62.30%', '5:57.70%', '6:76.30%', '7:74.00%', '8:79.80%', '9:72.50%']
Aggregation to central server completed at central server round 250, loss : 1.29, accuracy: 66.75%, staleness : 4
Accuracy per label after aggregation : ['0:73.20%', '1:76.60%', '2:50.10%', '3:44.60%', '4:62.50%', '5:58.10%', '6:76.30%', '7:73.90%', '8:79.70%', '9:72.50%']

-----------------------------------------------------

Central server round 216 started
Model sent from central server with 100msec communication time, with loss :1.29, accuracy : 66.75%
Accuracy per label : ['0:73.20%', '1:76.60%', '2:50.10%', '3:44.60%', '4:62.50%', '5:58.10%', '6:76.30%', '7:73.90%', '8:79.70%', '9:72.50%']
The model is from round 211 from central server, staleness is 4

Cluster round 1 completed, aggregated models from all the clients, time past : 800msec, loss : 1.29, accuracy 65.96%
Accuracy per label : ['0:72.80%', '1:76.50%', '2:46.40%', '3:43.60%', '4:62.80%', '5:56.90%', '6:77.00%', '7:72.40%', '8:77.50%', '9:73.70%']

Cluster round 2 completed, aggregated models from all the clients, time past : 1500msec, loss : 1.33, accuracy 65.72%
Accuracy per label : ['0:72.10%', '1:74.90%', '2:47.00%', '3:45.60%', '4:60.30%', '5:56.10%', '6:76.50%', '7:73.30%', '8:77.50%', '9:73.90%']

Cluster round 3 completed, aggregated models from all the clients, time past : 2200msec, loss : 1.38, accuracy 65.43%
Accuracy per label : ['0:72.70%', '1:76.30%', '2:47.30%', '3:40.90%', '4:63.10%', '5:56.50%', '6:76.00%', '7:71.60%', '8:78.60%', '9:71.30%']

Before aggregation, loss : 1.29, accuracy : 66.81%
Before aggregation, accuracy per label : ['0:73.70%', '1:76.70%', '2:49.80%', '3:44.90%', '4:62.40%', '5:57.80%', '6:76.80%', '7:73.80%', '8:80.00%', '9:72.20%']
Aggregation to central server completed at central server round 250, loss : 1.29, accuracy: 66.77%, staleness : 4
Accuracy per label after aggregation : ['0:73.80%', '1:76.90%', '2:49.70%', '3:44.60%', '4:62.50%', '5:57.70%', '6:76.70%', '7:74.00%', '8:79.70%', '9:72.10%']

-----------------------------------------------------

Central server round 221 started
Model sent from central server with 100msec communication time, with loss :1.29, accuracy : 66.77%
Accuracy per label : ['0:73.80%', '1:76.90%', '2:49.70%', '3:44.60%', '4:62.50%', '5:57.70%', '6:76.70%', '7:74.00%', '8:79.70%', '9:72.10%']
The model is from round 216 from central server, staleness is 4

Cluster round 1 completed, aggregated models from all the clients, time past : 800msec, loss : 1.30, accuracy 65.98%
Accuracy per label : ['0:71.20%', '1:76.40%', '2:48.80%', '3:42.50%', '4:61.70%', '5:57.30%', '6:75.10%', '7:72.70%', '8:80.90%', '9:73.20%']

Cluster round 2 completed, aggregated models from all the clients, time past : 1500msec, loss : 1.34, accuracy 65.68%
Accuracy per label : ['0:70.70%', '1:76.40%', '2:48.10%', '3:48.30%', '4:61.10%', '5:53.30%', '6:74.70%', '7:72.90%', '8:78.10%', '9:73.20%']

Cluster round 3 completed, aggregated models from all the clients, time past : 2200msec, loss : 1.38, accuracy 65.65%
Accuracy per label : ['0:71.60%', '1:77.30%', '2:49.00%', '3:43.80%', '4:60.90%', '5:56.90%', '6:75.80%', '7:71.80%', '8:77.70%', '9:71.70%']

Before aggregation, loss : 1.30, accuracy : 66.87%
Before aggregation, accuracy per label : ['0:73.80%', '1:76.50%', '2:50.50%', '3:45.10%', '4:62.10%', '5:57.80%', '6:76.90%', '7:73.70%', '8:79.90%', '9:72.40%']
Aggregation to central server completed at central server round 250, loss : 1.30, accuracy: 66.82%, staleness : 4
Accuracy per label after aggregation : ['0:73.70%', '1:76.70%', '2:50.50%', '3:45.00%', '4:62.50%', '5:57.20%', '6:76.50%', '7:73.90%', '8:80.00%', '9:72.20%']

-----------------------------------------------------

Central server round 226 started
Model sent from central server with 100msec communication time, with loss :1.30, accuracy : 66.82%
Accuracy per label : ['0:73.70%', '1:76.70%', '2:50.50%', '3:45.00%', '4:62.50%', '5:57.20%', '6:76.50%', '7:73.90%', '8:80.00%', '9:72.20%']
The model is from round 221 from central server, staleness is 4

Cluster round 1 completed, aggregated models from all the clients, time past : 800msec, loss : 1.30, accuracy 65.69%
Accuracy per label : ['0:73.20%', '1:77.30%', '2:49.20%', '3:45.20%', '4:59.50%', '5:55.60%', '6:74.30%', '7:71.40%', '8:78.90%', '9:72.30%']

Cluster round 2 completed, aggregated models from all the clients, time past : 1500msec, loss : 1.36, accuracy 65.62%
Accuracy per label : ['0:71.70%', '1:76.60%', '2:46.80%', '3:44.00%', '4:62.60%', '5:55.90%', '6:75.80%', '7:72.10%', '8:77.20%', '9:73.50%']

Cluster round 3 completed, aggregated models from all the clients, time past : 2200msec, loss : 1.40, accuracy 65.57%
Accuracy per label : ['0:73.20%', '1:76.90%', '2:46.80%', '3:45.70%', '4:59.80%', '5:57.70%', '6:73.90%', '7:71.90%', '8:77.90%', '9:71.90%']

Before aggregation, loss : 1.31, accuracy : 66.92%
Before aggregation, accuracy per label : ['0:74.10%', '1:76.80%', '2:50.10%', '3:44.50%', '4:62.70%', '5:58.30%', '6:76.90%', '7:73.70%', '8:79.60%', '9:72.50%']
Aggregation to central server completed at central server round 250, loss : 1.31, accuracy: 66.94%, staleness : 4
Accuracy per label after aggregation : ['0:74.30%', '1:76.60%', '2:50.30%', '3:45.00%', '4:62.70%', '5:57.80%', '6:76.70%', '7:73.70%', '8:79.60%', '9:72.70%']

-----------------------------------------------------

Central server round 231 started
Model sent from central server with 100msec communication time, with loss :1.31, accuracy : 66.94%
Accuracy per label : ['0:74.30%', '1:76.60%', '2:50.30%', '3:45.00%', '4:62.70%', '5:57.80%', '6:76.70%', '7:73.70%', '8:79.60%', '9:72.70%']
The model is from round 226 from central server, staleness is 4

Cluster round 1 completed, aggregated models from all the clients, time past : 800msec, loss : 1.30, accuracy 65.93%
Accuracy per label : ['0:72.30%', '1:76.80%', '2:49.90%', '3:41.90%', '4:60.50%', '5:57.40%', '6:75.40%', '7:73.50%', '8:79.70%', '9:71.90%']

Cluster round 2 completed, aggregated models from all the clients, time past : 1500msec, loss : 1.36, accuracy 65.70%
Accuracy per label : ['0:71.30%', '1:75.20%', '2:46.20%', '3:44.90%', '4:61.60%', '5:55.70%', '6:76.50%', '7:72.30%', '8:78.80%', '9:74.50%']

Cluster round 3 completed, aggregated models from all the clients, time past : 2200msec, loss : 1.39, accuracy 65.49%
Accuracy per label : ['0:72.10%', '1:75.70%', '2:49.10%', '3:43.70%', '4:59.00%', '5:57.00%', '6:74.80%', '7:72.50%', '8:77.80%', '9:73.20%']

Before aggregation, loss : 1.31, accuracy : 66.96%
Before aggregation, accuracy per label : ['0:74.40%', '1:77.00%', '2:50.00%', '3:44.70%', '4:62.90%', '5:57.90%', '6:76.70%', '7:73.90%', '8:79.70%', '9:72.40%']
Aggregation to central server completed at central server round 250, loss : 1.31, accuracy: 66.99%, staleness : 4
Accuracy per label after aggregation : ['0:74.50%', '1:76.90%', '2:49.90%', '3:44.90%', '4:63.10%', '5:57.90%', '6:76.60%', '7:73.90%', '8:79.60%', '9:72.60%']

-----------------------------------------------------

Central server round 236 started
Model sent from central server with 100msec communication time, with loss :1.31, accuracy : 66.99%
Accuracy per label : ['0:74.50%', '1:76.90%', '2:49.90%', '3:44.90%', '4:63.10%', '5:57.90%', '6:76.60%', '7:73.90%', '8:79.60%', '9:72.60%']
The model is from round 231 from central server, staleness is 4

Cluster round 1 completed, aggregated models from all the clients, time past : 800msec, loss : 1.31, accuracy 66.24%
Accuracy per label : ['0:72.90%', '1:76.20%', '2:49.00%', '3:46.20%', '4:63.30%', '5:56.20%', '6:75.30%', '7:71.50%', '8:79.90%', '9:71.90%']

Cluster round 2 completed, aggregated models from all the clients, time past : 1500msec, loss : 1.36, accuracy 65.98%
Accuracy per label : ['0:74.10%', '1:76.50%', '2:48.10%', '3:44.00%', '4:61.30%', '5:58.20%', '6:74.40%', '7:71.70%', '8:78.70%', '9:72.80%']

Cluster round 3 completed, aggregated models from all the clients, time past : 2200msec, loss : 1.40, accuracy 65.68%
Accuracy per label : ['0:69.60%', '1:76.50%', '2:50.40%', '3:44.70%', '4:58.80%', '5:57.40%', '6:74.90%', '7:72.40%', '8:78.80%', '9:73.30%']

Before aggregation, loss : 1.32, accuracy : 66.94%
Before aggregation, accuracy per label : ['0:74.20%', '1:77.00%', '2:50.00%', '3:45.00%', '4:62.80%', '5:57.90%', '6:76.70%', '7:74.00%', '8:79.70%', '9:72.10%']
Aggregation to central server completed at central server round 250, loss : 1.32, accuracy: 66.91%, staleness : 4
Accuracy per label after aggregation : ['0:73.50%', '1:77.20%', '2:50.50%', '3:45.00%', '4:62.30%', '5:57.90%', '6:77.00%', '7:73.80%', '8:79.50%', '9:72.40%']

-----------------------------------------------------

Central server round 241 started
Model sent from central server with 100msec communication time, with loss :1.32, accuracy : 66.91%
Accuracy per label : ['0:73.50%', '1:77.20%', '2:50.50%', '3:45.00%', '4:62.30%', '5:57.90%', '6:77.00%', '7:73.80%', '8:79.50%', '9:72.40%']
The model is from round 236 from central server, staleness is 4

Cluster round 1 completed, aggregated models from all the clients, time past : 800msec, loss : 1.32, accuracy 66.11%
Accuracy per label : ['0:72.60%', '1:77.60%', '2:47.00%', '3:44.70%', '4:63.20%', '5:56.10%', '6:75.70%', '7:73.10%', '8:78.80%', '9:72.30%']

Cluster round 2 completed, aggregated models from all the clients, time past : 1500msec, loss : 1.38, accuracy 65.88%
Accuracy per label : ['0:75.30%', '1:77.30%', '2:46.80%', '3:43.70%', '4:60.10%', '5:57.30%', '6:76.10%', '7:73.20%', '8:77.50%', '9:71.50%']

Cluster round 3 completed, aggregated models from all the clients, time past : 2200msec, loss : 1.41, accuracy 65.68%
Accuracy per label : ['0:72.70%', '1:76.80%', '2:48.30%', '3:43.20%', '4:60.80%', '5:57.30%', '6:75.80%', '7:71.80%', '8:78.50%', '9:71.60%']

Before aggregation, loss : 1.32, accuracy : 66.87%
Before aggregation, accuracy per label : ['0:73.70%', '1:76.90%', '2:50.80%', '3:44.70%', '4:61.90%', '5:58.30%', '6:76.60%', '7:73.90%', '8:79.70%', '9:72.20%']
Aggregation to central server completed at central server round 250, loss : 1.33, accuracy: 66.95%, staleness : 4
Accuracy per label after aggregation : ['0:73.90%', '1:76.60%', '2:50.70%', '3:44.60%', '4:62.40%', '5:58.30%', '6:77.00%', '7:73.50%', '8:79.90%', '9:72.60%']

-----------------------------------------------------

Central server round 246 started
Model sent from central server with 100msec communication time, with loss :1.33, accuracy : 66.95%
Accuracy per label : ['0:73.90%', '1:76.60%', '2:50.70%', '3:44.60%', '4:62.40%', '5:58.30%', '6:77.00%', '7:73.50%', '8:79.90%', '9:72.60%']
The model is from round 241 from central server, staleness is 4

Cluster round 1 completed, aggregated models from all the clients, time past : 800msec, loss : 1.33, accuracy 66.08%
Accuracy per label : ['0:73.20%', '1:74.60%', '2:47.20%', '3:45.70%', '4:60.40%', '5:57.10%', '6:76.00%', '7:73.30%', '8:78.10%', '9:75.20%']

Cluster round 2 completed, aggregated models from all the clients, time past : 1500msec, loss : 1.38, accuracy 66.05%
Accuracy per label : ['0:73.80%', '1:77.70%', '2:48.30%', '3:43.30%', '4:60.40%', '5:59.60%', '6:74.90%', '7:72.70%', '8:78.10%', '9:71.70%']

Cluster round 3 completed, aggregated models from all the clients, time past : 2200msec, loss : 1.42, accuracy 65.59%
Accuracy per label : ['0:71.70%', '1:77.30%', '2:47.30%', '3:44.80%', '4:60.80%', '5:56.30%', '6:74.30%', '7:72.40%', '8:79.00%', '9:72.00%']

Before aggregation, loss : 1.33, accuracy : 66.90%
Before aggregation, accuracy per label : ['0:74.50%', '1:76.60%', '2:50.30%', '3:44.10%', '4:61.90%', '5:58.70%', '6:77.00%', '7:74.10%', '8:79.50%', '9:72.30%']
Aggregation to central server completed at central server round 250, loss : 1.33, accuracy: 67.00%, staleness : 4
Accuracy per label after aggregation : ['0:74.20%', '1:76.90%', '2:50.40%', '3:44.30%', '4:62.90%', '5:58.10%', '6:77.20%', '7:74.00%', '8:79.70%', '9:72.30%']

