-----------------------------------------------------

Central server round 3 started
Model sent from central server with 100msec communication time, with loss :2.31, accuracy : 8.86%
Accuracy per label : ['0:0.00%', '1:0.40%', '2:0.40%', '3:3.80%', '4:0.00%', '5:0.00%', '6:0.00%', '7:0.00%', '8:84.00%', '9:0.00%']
The model is from round 0 from central server, staleness is 2

Cluster round 1 completed, aggregated models from all the clients, time past : 800msec, loss : 2.10, accuracy 24.03%
Accuracy per label : ['0:29.90%', '1:13.80%', '2:0.00%', '3:25.60%', '4:0.00%', '5:53.10%', '6:2.90%', '7:22.70%', '8:49.50%', '9:42.80%']

Cluster round 2 completed, aggregated models from all the clients, time past : 1500msec, loss : 1.91, accuracy 32.58%
Accuracy per label : ['0:48.00%', '1:28.00%', '2:4.80%', '3:13.70%', '4:24.10%', '5:44.30%', '6:39.70%', '7:25.90%', '8:61.00%', '9:36.30%']

Cluster round 3 completed, aggregated models from all the clients, time past : 2200msec, loss : 1.83, accuracy 35.37%
Accuracy per label : ['0:46.90%', '1:32.90%', '2:4.00%', '3:7.90%', '4:33.40%', '5:40.80%', '6:49.90%', '7:45.70%', '8:42.60%', '9:49.60%']

Before aggregation, loss : 1.94, accuracy : 35.31%
Before aggregation, accuracy per label : ['0:57.40%', '1:38.80%', '2:10.30%', '3:9.00%', '4:27.20%', '5:41.20%', '6:45.50%', '7:30.10%', '8:46.30%', '9:47.30%']
Aggregation to central server completed at central server round 250, loss : 1.91, accuracy: 35.43%, staleness : 2
Accuracy per label after aggregation : ['0:55.20%', '1:37.30%', '2:8.30%', '3:9.30%', '4:28.10%', '5:41.80%', '6:45.50%', '7:35.20%', '8:46.00%', '9:47.60%']

-----------------------------------------------------

Central server round 8 started
Model sent from central server with 100msec communication time, with loss :1.91, accuracy : 35.43%
Accuracy per label : ['0:55.20%', '1:37.30%', '2:8.30%', '3:9.30%', '4:28.10%', '5:41.80%', '6:45.50%', '7:35.20%', '8:46.00%', '9:47.60%']
The model is from round 3 from central server, staleness is 4

Cluster round 1 completed, aggregated models from all the clients, time past : 800msec, loss : 1.78, accuracy 37.68%
Accuracy per label : ['0:47.70%', '1:47.60%', '2:19.90%', '3:15.30%', '4:26.90%', '5:32.40%', '6:54.50%', '7:28.30%', '8:53.50%', '9:50.70%']

Cluster round 2 completed, aggregated models from all the clients, time past : 1500msec, loss : 1.71, accuracy 39.86%
Accuracy per label : ['0:48.60%', '1:53.40%', '2:12.80%', '3:24.30%', '4:25.70%', '5:33.80%', '6:51.30%', '7:41.00%', '8:59.80%', '9:47.90%']

Cluster round 3 completed, aggregated models from all the clients, time past : 2200msec, loss : 1.64, accuracy 41.76%
Accuracy per label : ['0:40.70%', '1:51.40%', '2:7.90%', '3:26.80%', '4:28.50%', '5:38.50%', '6:59.70%', '7:48.00%', '8:64.10%', '9:52.00%']

Before aggregation, loss : 1.82, accuracy : 37.63%
Before aggregation, accuracy per label : ['0:51.70%', '1:36.90%', '2:10.10%', '3:11.10%', '4:33.90%', '5:41.50%', '6:51.70%', '7:37.90%', '8:54.20%', '9:47.30%']
Aggregation to central server completed at central server round 250, loss : 1.79, accuracy: 38.09%, staleness : 4
Accuracy per label after aggregation : ['0:50.30%', '1:38.00%', '2:9.50%', '3:12.60%', '4:34.30%', '5:41.00%', '6:52.70%', '7:38.30%', '8:56.50%', '9:47.70%']

-----------------------------------------------------

Central server round 13 started
Model sent from central server with 100msec communication time, with loss :1.79, accuracy : 38.09%
Accuracy per label : ['0:50.30%', '1:38.00%', '2:9.50%', '3:12.60%', '4:34.30%', '5:41.00%', '6:52.70%', '7:38.30%', '8:56.50%', '9:47.70%']
The model is from round 8 from central server, staleness is 4

Cluster round 1 completed, aggregated models from all the clients, time past : 800msec, loss : 1.69, accuracy 40.76%
Accuracy per label : ['0:57.00%', '1:53.60%', '2:15.20%', '3:21.30%', '4:35.10%', '5:37.20%', '6:44.20%', '7:46.70%', '8:50.30%', '9:47.00%']

Cluster round 2 completed, aggregated models from all the clients, time past : 1500msec, loss : 1.62, accuracy 42.27%
Accuracy per label : ['0:59.40%', '1:55.70%', '2:14.20%', '3:22.40%', '4:43.20%', '5:35.00%', '6:45.70%', '7:53.80%', '8:41.20%', '9:52.10%']

Cluster round 3 completed, aggregated models from all the clients, time past : 2200msec, loss : 1.57, accuracy 44.04%
Accuracy per label : ['0:64.20%', '1:56.70%', '2:22.30%', '3:37.20%', '4:25.00%', '5:36.40%', '6:55.00%', '7:52.30%', '8:48.70%', '9:42.60%']

Before aggregation, loss : 1.70, accuracy : 40.45%
Before aggregation, accuracy per label : ['0:52.20%', '1:44.10%', '2:14.90%', '3:14.60%', '4:36.80%', '5:39.20%', '6:55.40%', '7:40.20%', '8:59.70%', '9:47.40%']
Aggregation to central server completed at central server round 250, loss : 1.68, accuracy: 41.06%, staleness : 4
Accuracy per label after aggregation : ['0:53.60%', '1:45.50%', '2:17.00%', '3:15.80%', '4:36.10%', '5:38.60%', '6:56.00%', '7:42.30%', '8:58.60%', '9:47.10%']

-----------------------------------------------------

Central server round 18 started
Model sent from central server with 100msec communication time, with loss :1.68, accuracy : 41.06%
Accuracy per label : ['0:53.60%', '1:45.50%', '2:17.00%', '3:15.80%', '4:36.10%', '5:38.60%', '6:56.00%', '7:42.30%', '8:58.60%', '9:47.10%']
The model is from round 13 from central server, staleness is 4

Cluster round 1 completed, aggregated models from all the clients, time past : 800msec, loss : 1.60, accuracy 43.61%
Accuracy per label : ['0:51.70%', '1:52.80%', '2:16.90%', '3:22.90%', '4:33.30%', '5:36.20%', '6:56.10%', '7:49.90%', '8:66.10%', '9:50.20%']

Cluster round 2 completed, aggregated models from all the clients, time past : 1500msec, loss : 1.54, accuracy 45.49%
Accuracy per label : ['0:46.70%', '1:58.70%', '2:22.80%', '3:29.30%', '4:21.00%', '5:40.60%', '6:62.80%', '7:53.90%', '8:60.30%', '9:58.80%']

Cluster round 3 completed, aggregated models from all the clients, time past : 2200msec, loss : 1.51, accuracy 47.23%
Accuracy per label : ['0:51.00%', '1:43.90%', '2:37.40%', '3:34.20%', '4:31.40%', '5:37.80%', '6:60.90%', '7:55.70%', '8:60.30%', '9:59.70%']

Before aggregation, loss : 1.61, accuracy : 43.56%
Before aggregation, accuracy per label : ['0:54.20%', '1:51.30%', '2:21.00%', '3:17.00%', '4:39.60%', '5:35.80%', '6:62.50%', '7:45.00%', '8:62.40%', '9:46.80%']
Aggregation to central server completed at central server round 250, loss : 1.59, accuracy: 44.16%, staleness : 4
Accuracy per label after aggregation : ['0:53.90%', '1:50.20%', '2:23.30%', '3:18.40%', '4:38.40%', '5:36.00%', '6:63.20%', '7:46.40%', '8:62.40%', '9:49.40%']

-----------------------------------------------------

Central server round 23 started
Model sent from central server with 100msec communication time, with loss :1.59, accuracy : 44.16%
Accuracy per label : ['0:53.90%', '1:50.20%', '2:23.30%', '3:18.40%', '4:38.40%', '5:36.00%', '6:63.20%', '7:46.40%', '8:62.40%', '9:49.40%']
The model is from round 18 from central server, staleness is 4

Cluster round 1 completed, aggregated models from all the clients, time past : 800msec, loss : 1.56, accuracy 44.95%
Accuracy per label : ['0:52.30%', '1:67.80%', '2:15.60%', '3:33.10%', '4:18.30%', '5:37.40%', '6:53.30%', '7:54.60%', '8:59.70%', '9:57.40%']

Cluster round 2 completed, aggregated models from all the clients, time past : 1500msec, loss : 1.49, accuracy 47.32%
Accuracy per label : ['0:44.20%', '1:74.90%', '2:22.20%', '3:42.90%', '4:24.60%', '5:28.00%', '6:67.10%', '7:54.30%', '8:64.50%', '9:50.50%']

Cluster round 3 completed, aggregated models from all the clients, time past : 2200msec, loss : 1.45, accuracy 48.92%
Accuracy per label : ['0:46.90%', '1:66.00%', '2:27.80%', '3:24.40%', '4:43.50%', '5:35.80%', '6:58.10%', '7:56.30%', '8:74.20%', '9:56.20%']

Before aggregation, loss : 1.52, accuracy : 46.24%
Before aggregation, accuracy per label : ['0:54.00%', '1:55.80%', '2:22.80%', '3:21.10%', '4:41.90%', '5:37.60%', '6:66.40%', '7:47.90%', '8:63.30%', '9:51.60%']
Aggregation to central server completed at central server round 250, loss : 1.50, accuracy: 46.71%, staleness : 4
Accuracy per label after aggregation : ['0:52.90%', '1:57.50%', '2:22.90%', '3:21.50%', '4:42.20%', '5:37.70%', '6:65.60%', '7:48.80%', '8:65.40%', '9:52.60%']

-----------------------------------------------------

Central server round 28 started
Model sent from central server with 100msec communication time, with loss :1.50, accuracy : 46.71%
Accuracy per label : ['0:52.90%', '1:57.50%', '2:22.90%', '3:21.50%', '4:42.20%', '5:37.70%', '6:65.60%', '7:48.80%', '8:65.40%', '9:52.60%']
The model is from round 23 from central server, staleness is 4

Cluster round 1 completed, aggregated models from all the clients, time past : 800msec, loss : 1.46, accuracy 47.88%
Accuracy per label : ['0:61.20%', '1:68.50%', '2:19.20%', '3:37.80%', '4:34.50%', '5:48.50%', '6:54.10%', '7:53.10%', '8:53.80%', '9:48.10%']

Cluster round 2 completed, aggregated models from all the clients, time past : 1500msec, loss : 1.41, accuracy 49.89%
Accuracy per label : ['0:51.70%', '1:64.60%', '2:32.10%', '3:29.60%', '4:35.00%', '5:42.90%', '6:62.00%', '7:57.60%', '8:69.60%', '9:53.80%']

Cluster round 3 completed, aggregated models from all the clients, time past : 2200msec, loss : 1.41, accuracy 49.69%
Accuracy per label : ['0:41.60%', '1:52.00%', '2:32.20%', '3:36.80%', '4:50.70%', '5:34.10%', '6:61.70%', '7:56.90%', '8:73.00%', '9:57.90%']

Before aggregation, loss : 1.45, accuracy : 48.64%
Before aggregation, accuracy per label : ['0:53.80%', '1:59.50%', '2:27.30%', '3:26.20%', '4:42.60%', '5:38.60%', '6:64.50%', '7:52.60%', '8:66.80%', '9:54.50%']
Aggregation to central server completed at central server round 250, loss : 1.44, accuracy: 49.00%, staleness : 4
Accuracy per label after aggregation : ['0:52.30%', '1:58.90%', '2:28.00%', '3:27.40%', '4:43.80%', '5:38.20%', '6:64.40%', '7:53.20%', '8:68.60%', '9:55.20%']

-----------------------------------------------------

Central server round 33 started
Model sent from central server with 100msec communication time, with loss :1.44, accuracy : 49.00%
Accuracy per label : ['0:52.30%', '1:58.90%', '2:28.00%', '3:27.40%', '4:43.80%', '5:38.20%', '6:64.40%', '7:53.20%', '8:68.60%', '9:55.20%']
The model is from round 28 from central server, staleness is 4

Cluster round 1 completed, aggregated models from all the clients, time past : 800msec, loss : 1.43, accuracy 49.31%
Accuracy per label : ['0:42.00%', '1:52.70%', '2:30.20%', '3:25.30%', '4:36.70%', '5:54.80%', '6:61.80%', '7:62.10%', '8:74.20%', '9:53.30%']

Cluster round 2 completed, aggregated models from all the clients, time past : 1500msec, loss : 1.37, accuracy 51.25%
Accuracy per label : ['0:55.00%', '1:68.10%', '2:28.90%', '3:42.20%', '4:45.30%', '5:36.60%', '6:61.50%', '7:51.60%', '8:70.90%', '9:52.40%']

Cluster round 3 completed, aggregated models from all the clients, time past : 2200msec, loss : 1.38, accuracy 51.61%
Accuracy per label : ['0:57.10%', '1:71.40%', '2:29.20%', '3:36.50%', '4:24.60%', '5:43.90%', '6:68.30%', '7:57.90%', '8:72.60%', '9:54.60%']

Before aggregation, loss : 1.39, accuracy : 50.63%
Before aggregation, accuracy per label : ['0:53.70%', '1:62.50%', '2:29.20%', '3:28.10%', '4:44.30%', '5:40.30%', '6:66.40%', '7:55.20%', '8:69.40%', '9:57.20%']
Aggregation to central server completed at central server round 250, loss : 1.38, accuracy: 51.03%, staleness : 4
Accuracy per label after aggregation : ['0:54.00%', '1:64.00%', '2:29.60%', '3:30.10%', '4:42.10%', '5:41.00%', '6:66.90%', '7:55.80%', '8:69.90%', '9:56.90%']

-----------------------------------------------------

Central server round 38 started
Model sent from central server with 100msec communication time, with loss :1.38, accuracy : 51.03%
Accuracy per label : ['0:54.00%', '1:64.00%', '2:29.60%', '3:30.10%', '4:42.10%', '5:41.00%', '6:66.90%', '7:55.80%', '8:69.90%', '9:56.90%']
The model is from round 33 from central server, staleness is 4

Cluster round 1 completed, aggregated models from all the clients, time past : 800msec, loss : 1.38, accuracy 50.68%
Accuracy per label : ['0:50.80%', '1:57.80%', '2:44.00%', '3:33.10%', '4:39.20%', '5:34.40%', '6:72.70%', '7:54.30%', '8:65.10%', '9:55.40%']

Cluster round 2 completed, aggregated models from all the clients, time past : 1500msec, loss : 1.34, accuracy 52.74%
Accuracy per label : ['0:62.10%', '1:70.70%', '2:31.90%', '3:41.50%', '4:31.70%', '5:36.20%', '6:72.30%', '7:55.40%', '8:66.70%', '9:58.90%']

Cluster round 3 completed, aggregated models from all the clients, time past : 2200msec, loss : 1.32, accuracy 53.38%
Accuracy per label : ['0:60.50%', '1:65.70%', '2:39.40%', '3:32.30%', '4:42.00%', '5:34.10%', '6:65.50%', '7:63.50%', '8:71.00%', '9:59.80%']

Before aggregation, loss : 1.35, accuracy : 52.24%
Before aggregation, accuracy per label : ['0:56.30%', '1:63.00%', '2:33.10%', '3:31.90%', '4:43.70%', '5:39.60%', '6:67.20%', '7:57.80%', '8:70.70%', '9:59.10%']
Aggregation to central server completed at central server round 250, loss : 1.34, accuracy: 52.56%, staleness : 4
Accuracy per label after aggregation : ['0:57.30%', '1:63.40%', '2:33.40%', '3:32.70%', '4:43.70%', '5:39.00%', '6:66.80%', '7:59.10%', '8:70.80%', '9:59.40%']

-----------------------------------------------------

Central server round 43 started
Model sent from central server with 100msec communication time, with loss :1.34, accuracy : 52.56%
Accuracy per label : ['0:57.30%', '1:63.40%', '2:33.40%', '3:32.70%', '4:43.70%', '5:39.00%', '6:66.80%', '7:59.10%', '8:70.80%', '9:59.40%']
The model is from round 38 from central server, staleness is 4

Cluster round 1 completed, aggregated models from all the clients, time past : 800msec, loss : 1.33, accuracy 52.57%
Accuracy per label : ['0:56.50%', '1:66.60%', '2:36.50%', '3:27.10%', '4:49.90%', '5:32.20%', '6:66.70%', '7:56.20%', '8:71.20%', '9:62.80%']

Cluster round 2 completed, aggregated models from all the clients, time past : 1500msec, loss : 1.30, accuracy 54.34%
Accuracy per label : ['0:62.20%', '1:67.40%', '2:32.10%', '3:39.40%', '4:38.00%', '5:49.60%', '6:62.80%', '7:62.30%', '8:64.60%', '9:65.00%']

Cluster round 3 completed, aggregated models from all the clients, time past : 2200msec, loss : 1.28, accuracy 54.52%
Accuracy per label : ['0:61.40%', '1:67.10%', '2:30.60%', '3:39.70%', '4:56.60%', '5:38.10%', '6:60.90%', '7:58.20%', '8:72.40%', '9:60.20%']

Before aggregation, loss : 1.30, accuracy : 53.70%
Before aggregation, accuracy per label : ['0:58.80%', '1:66.80%', '2:36.10%', '3:33.40%', '4:44.80%', '5:39.30%', '6:66.70%', '7:60.20%', '8:71.70%', '9:59.20%']
Aggregation to central server completed at central server round 250, loss : 1.30, accuracy: 53.99%, staleness : 4
Accuracy per label after aggregation : ['0:59.30%', '1:67.40%', '2:35.50%', '3:34.50%', '4:46.50%', '5:39.20%', '6:66.40%', '7:60.20%', '8:71.90%', '9:59.00%']

-----------------------------------------------------

Central server round 48 started
Model sent from central server with 100msec communication time, with loss :1.30, accuracy : 53.99%
Accuracy per label : ['0:59.30%', '1:67.40%', '2:35.50%', '3:34.50%', '4:46.50%', '5:39.20%', '6:66.40%', '7:60.20%', '8:71.90%', '9:59.00%']
The model is from round 43 from central server, staleness is 4

Cluster round 1 completed, aggregated models from all the clients, time past : 800msec, loss : 1.28, accuracy 54.57%
Accuracy per label : ['0:65.70%', '1:73.40%', '2:37.70%', '3:35.20%', '4:42.50%', '5:48.60%', '6:64.30%', '7:58.50%', '8:68.30%', '9:51.50%']

Cluster round 2 completed, aggregated models from all the clients, time past : 1500msec, loss : 1.29, accuracy 54.75%
Accuracy per label : ['0:61.10%', '1:67.10%', '2:37.30%', '3:41.00%', '4:26.60%', '5:60.50%', '6:68.30%', '7:58.80%', '8:73.20%', '9:53.60%']

Cluster round 3 completed, aggregated models from all the clients, time past : 2200msec, loss : 1.26, accuracy 55.51%
Accuracy per label : ['0:51.10%', '1:65.20%', '2:32.90%', '3:42.50%', '4:40.30%', '5:42.30%', '6:75.80%', '7:64.10%', '8:76.00%', '9:64.90%']

Before aggregation, loss : 1.27, accuracy : 55.08%
Before aggregation, accuracy per label : ['0:61.80%', '1:70.40%', '2:37.50%', '3:35.90%', '4:46.40%', '5:39.80%', '6:66.90%', '7:62.30%', '8:71.60%', '9:58.20%']
Aggregation to central server completed at central server round 250, loss : 1.26, accuracy: 55.45%, staleness : 4
Accuracy per label after aggregation : ['0:60.70%', '1:70.40%', '2:36.90%', '3:36.70%', '4:46.40%', '5:40.40%', '6:68.80%', '7:63.00%', '8:72.00%', '9:59.20%']

-----------------------------------------------------

Central server round 53 started
Model sent from central server with 100msec communication time, with loss :1.26, accuracy : 55.45%
Accuracy per label : ['0:60.70%', '1:70.40%', '2:36.90%', '3:36.70%', '4:46.40%', '5:40.40%', '6:68.80%', '7:63.00%', '8:72.00%', '9:59.20%']
The model is from round 48 from central server, staleness is 4

Cluster round 1 completed, aggregated models from all the clients, time past : 800msec, loss : 1.26, accuracy 55.38%
Accuracy per label : ['0:64.90%', '1:67.40%', '2:31.80%', '3:44.30%', '4:42.50%', '5:39.50%', '6:70.30%', '7:56.50%', '8:73.60%', '9:63.00%']

Cluster round 2 completed, aggregated models from all the clients, time past : 1500msec, loss : 1.24, accuracy 55.93%
Accuracy per label : ['0:53.10%', '1:66.90%', '2:39.30%', '3:35.60%', '4:46.50%', '5:44.50%', '6:70.00%', '7:60.50%', '8:79.00%', '9:63.90%']

Cluster round 3 completed, aggregated models from all the clients, time past : 2200msec, loss : 1.23, accuracy 56.84%
Accuracy per label : ['0:65.10%', '1:69.10%', '2:43.60%', '3:31.90%', '4:43.00%', '5:48.70%', '6:65.20%', '7:69.80%', '8:67.20%', '9:64.80%']

Before aggregation, loss : 1.23, accuracy : 56.55%
Before aggregation, accuracy per label : ['0:63.10%', '1:70.50%', '2:39.30%', '3:36.70%', '4:46.30%', '5:44.30%', '6:69.20%', '7:62.30%', '8:73.40%', '9:60.40%']
Aggregation to central server completed at central server round 250, loss : 1.23, accuracy: 56.92%, staleness : 4
Accuracy per label after aggregation : ['0:63.50%', '1:70.50%', '2:40.00%', '3:36.00%', '4:46.20%', '5:45.30%', '6:69.50%', '7:63.50%', '8:73.20%', '9:61.50%']

-----------------------------------------------------

Central server round 58 started
Model sent from central server with 100msec communication time, with loss :1.23, accuracy : 56.92%
Accuracy per label : ['0:63.50%', '1:70.50%', '2:40.00%', '3:36.00%', '4:46.20%', '5:45.30%', '6:69.50%', '7:63.50%', '8:73.20%', '9:61.50%']
The model is from round 53 from central server, staleness is 4

Cluster round 1 completed, aggregated models from all the clients, time past : 800msec, loss : 1.23, accuracy 56.29%
Accuracy per label : ['0:55.00%', '1:76.20%', '2:37.00%', '3:44.80%', '4:50.90%', '5:42.00%', '6:65.00%', '7:57.10%', '8:78.80%', '9:56.10%']

Cluster round 2 completed, aggregated models from all the clients, time past : 1500msec, loss : 1.21, accuracy 57.34%
Accuracy per label : ['0:61.60%', '1:66.80%', '2:47.20%', '3:46.10%', '4:39.50%', '5:53.10%', '6:63.20%', '7:57.50%', '8:72.90%', '9:65.50%']

Cluster round 3 completed, aggregated models from all the clients, time past : 2200msec, loss : 1.22, accuracy 57.22%
Accuracy per label : ['0:60.90%', '1:71.10%', '2:56.40%', '3:45.80%', '4:46.30%', '5:37.90%', '6:63.80%', '7:59.50%', '8:72.90%', '9:57.60%']

Before aggregation, loss : 1.20, accuracy : 57.72%
Before aggregation, accuracy per label : ['0:63.80%', '1:71.60%', '2:39.90%', '3:34.80%', '4:49.20%', '5:44.90%', '6:71.00%', '7:64.90%', '8:74.00%', '9:63.10%']
Aggregation to central server completed at central server round 250, loss : 1.20, accuracy: 57.89%, staleness : 4
Accuracy per label after aggregation : ['0:63.30%', '1:72.00%', '2:41.60%', '3:36.20%', '4:49.00%', '5:44.50%', '6:70.90%', '7:64.40%', '8:73.90%', '9:63.10%']

-----------------------------------------------------

Central server round 63 started
Model sent from central server with 100msec communication time, with loss :1.20, accuracy : 57.89%
Accuracy per label : ['0:63.30%', '1:72.00%', '2:41.60%', '3:36.20%', '4:49.00%', '5:44.50%', '6:70.90%', '7:64.40%', '8:73.90%', '9:63.10%']
The model is from round 58 from central server, staleness is 4

Cluster round 1 completed, aggregated models from all the clients, time past : 800msec, loss : 1.21, accuracy 58.01%
Accuracy per label : ['0:69.30%', '1:75.80%', '2:37.90%', '3:47.70%', '4:46.40%', '5:38.40%', '6:68.30%', '7:63.30%', '8:71.10%', '9:61.90%']

Cluster round 2 completed, aggregated models from all the clients, time past : 1500msec, loss : 1.21, accuracy 57.83%
Accuracy per label : ['0:60.10%', '1:71.20%', '2:26.50%', '3:45.30%', '4:61.20%', '5:45.60%', '6:65.10%', '7:66.40%', '8:76.00%', '9:60.90%']

Cluster round 3 completed, aggregated models from all the clients, time past : 2200msec, loss : 1.21, accuracy 58.12%
Accuracy per label : ['0:64.80%', '1:72.20%', '2:47.60%', '3:48.10%', '4:38.00%', '5:43.50%', '6:67.00%', '7:63.00%', '8:77.90%', '9:59.10%']

Before aggregation, loss : 1.18, accuracy : 58.75%
Before aggregation, accuracy per label : ['0:65.00%', '1:72.50%', '2:42.50%', '3:36.10%', '4:49.70%', '5:45.70%', '6:71.10%', '7:67.20%', '8:74.00%', '9:63.70%']
Aggregation to central server completed at central server round 250, loss : 1.17, accuracy: 58.98%, staleness : 4
Accuracy per label after aggregation : ['0:65.40%', '1:72.70%', '2:43.20%', '3:37.20%', '4:48.90%', '5:46.60%', '6:70.90%', '7:67.10%', '8:74.80%', '9:63.00%']

-----------------------------------------------------

Central server round 68 started
Model sent from central server with 100msec communication time, with loss :1.17, accuracy : 58.98%
Accuracy per label : ['0:65.40%', '1:72.70%', '2:43.20%', '3:37.20%', '4:48.90%', '5:46.60%', '6:70.90%', '7:67.10%', '8:74.80%', '9:63.00%']
The model is from round 63 from central server, staleness is 4

Cluster round 1 completed, aggregated models from all the clients, time past : 800msec, loss : 1.17, accuracy 58.68%
Accuracy per label : ['0:63.50%', '1:74.80%', '2:50.90%', '3:41.80%', '4:47.00%', '5:48.80%', '6:63.30%', '7:63.00%', '8:75.60%', '9:58.10%']

Cluster round 2 completed, aggregated models from all the clients, time past : 1500msec, loss : 1.20, accuracy 58.60%
Accuracy per label : ['0:74.20%', '1:70.40%', '2:45.00%', '3:59.70%', '4:47.70%', '5:35.50%', '6:62.90%', '7:62.00%', '8:65.80%', '9:62.80%']

Cluster round 3 completed, aggregated models from all the clients, time past : 2200msec, loss : 1.20, accuracy 59.07%
Accuracy per label : ['0:67.00%', '1:71.10%', '2:51.00%', '3:35.50%', '4:44.30%', '5:55.10%', '6:62.50%', '7:70.30%', '8:75.00%', '9:58.90%']

Before aggregation, loss : 1.15, accuracy : 59.76%
Before aggregation, accuracy per label : ['0:65.70%', '1:72.20%', '2:44.20%', '3:34.90%', '4:51.20%', '5:49.40%', '6:71.70%', '7:68.40%', '8:75.40%', '9:64.50%']
Aggregation to central server completed at central server round 250, loss : 1.15, accuracy: 59.93%, staleness : 4
Accuracy per label after aggregation : ['0:66.10%', '1:72.50%', '2:45.20%', '3:34.90%', '4:51.00%', '5:50.40%', '6:70.80%', '7:69.30%', '8:75.10%', '9:64.00%']

-----------------------------------------------------

Central server round 73 started
Model sent from central server with 100msec communication time, with loss :1.15, accuracy : 59.93%
Accuracy per label : ['0:66.10%', '1:72.50%', '2:45.20%', '3:34.90%', '4:51.00%', '5:50.40%', '6:70.80%', '7:69.30%', '8:75.10%', '9:64.00%']
The model is from round 68 from central server, staleness is 4

Cluster round 1 completed, aggregated models from all the clients, time past : 800msec, loss : 1.18, accuracy 59.32%
Accuracy per label : ['0:58.70%', '1:64.40%', '2:41.30%', '3:42.10%', '4:48.40%', '5:52.00%', '6:69.80%', '7:59.40%', '8:78.50%', '9:78.60%']

Cluster round 2 completed, aggregated models from all the clients, time past : 1500msec, loss : 1.16, accuracy 59.79%
Accuracy per label : ['0:64.40%', '1:67.10%', '2:46.90%', '3:38.90%', '4:55.90%', '5:46.20%', '6:65.40%', '7:66.80%', '8:76.00%', '9:70.30%']

Cluster round 3 completed, aggregated models from all the clients, time past : 2200msec, loss : 1.19, accuracy 60.14%
Accuracy per label : ['0:62.10%', '1:69.20%', '2:40.80%', '3:39.50%', '4:57.40%', '5:56.70%', '6:65.90%', '7:67.00%', '8:78.10%', '9:64.70%']

Before aggregation, loss : 1.14, accuracy : 60.24%
Before aggregation, accuracy per label : ['0:64.90%', '1:73.70%', '2:45.80%', '3:37.20%', '4:50.70%', '5:49.10%', '6:72.80%', '7:69.40%', '8:77.10%', '9:61.70%']
Aggregation to central server completed at central server round 250, loss : 1.14, accuracy: 60.48%, staleness : 4
Accuracy per label after aggregation : ['0:65.00%', '1:73.70%', '2:45.10%', '3:36.90%', '4:52.40%', '5:50.30%', '6:71.90%', '7:69.40%', '8:77.50%', '9:62.60%']

-----------------------------------------------------

Central server round 78 started
Model sent from central server with 100msec communication time, with loss :1.14, accuracy : 60.48%
Accuracy per label : ['0:65.00%', '1:73.70%', '2:45.10%', '3:36.90%', '4:52.40%', '5:50.30%', '6:71.90%', '7:69.40%', '8:77.50%', '9:62.60%']
The model is from round 73 from central server, staleness is 4

Cluster round 1 completed, aggregated models from all the clients, time past : 800msec, loss : 1.15, accuracy 60.03%
Accuracy per label : ['0:69.50%', '1:73.30%', '2:55.70%', '3:35.40%', '4:41.90%', '5:49.60%', '6:68.60%', '7:68.90%', '8:75.70%', '9:61.70%']

Cluster round 2 completed, aggregated models from all the clients, time past : 1500msec, loss : 1.18, accuracy 60.44%
Accuracy per label : ['0:66.90%', '1:76.50%', '2:39.60%', '3:39.80%', '4:48.60%', '5:55.60%', '6:68.80%', '7:69.00%', '8:77.70%', '9:61.90%']

Cluster round 3 completed, aggregated models from all the clients, time past : 2200msec, loss : 1.22, accuracy 59.59%
Accuracy per label : ['0:74.20%', '1:75.90%', '2:52.40%', '3:54.10%', '4:41.20%', '5:36.90%', '6:72.30%', '7:60.00%', '8:71.00%', '9:57.90%']

Before aggregation, loss : 1.13, accuracy : 61.19%
Before aggregation, accuracy per label : ['0:65.80%', '1:72.40%', '2:46.50%', '3:36.20%', '4:55.50%', '5:50.50%', '6:72.30%', '7:69.80%', '8:78.30%', '9:64.60%']
Aggregation to central server completed at central server round 250, loss : 1.13, accuracy: 61.33%, staleness : 4
Accuracy per label after aggregation : ['0:66.80%', '1:72.80%', '2:47.60%', '3:38.90%', '4:53.90%', '5:49.40%', '6:72.70%', '7:69.30%', '8:77.30%', '9:64.60%']

-----------------------------------------------------

Central server round 83 started
Model sent from central server with 100msec communication time, with loss :1.13, accuracy : 61.33%
Accuracy per label : ['0:66.80%', '1:72.80%', '2:47.60%', '3:38.90%', '4:53.90%', '5:49.40%', '6:72.70%', '7:69.30%', '8:77.30%', '9:64.60%']
The model is from round 78 from central server, staleness is 4

Cluster round 1 completed, aggregated models from all the clients, time past : 800msec, loss : 1.13, accuracy 60.98%
Accuracy per label : ['0:69.20%', '1:71.80%', '2:55.00%', '3:46.70%', '4:57.50%', '5:45.80%', '6:65.80%', '7:64.60%', '8:70.80%', '9:62.60%']

Cluster round 2 completed, aggregated models from all the clients, time past : 1500msec, loss : 1.23, accuracy 59.24%
Accuracy per label : ['0:61.00%', '1:78.50%', '2:30.30%', '3:38.70%', '4:62.30%', '5:52.30%', '6:60.60%', '7:68.30%', '8:80.20%', '9:60.20%']

Cluster round 3 completed, aggregated models from all the clients, time past : 2200msec, loss : 1.21, accuracy 60.40%
Accuracy per label : ['0:64.90%', '1:66.40%', '2:52.50%', '3:33.10%', '4:51.80%', '5:60.10%', '6:65.40%', '7:60.60%', '8:79.00%', '9:70.20%']

Before aggregation, loss : 1.13, accuracy : 61.63%
Before aggregation, accuracy per label : ['0:68.10%', '1:73.10%', '2:45.40%', '3:37.10%', '4:57.10%', '5:50.60%', '6:71.90%', '7:69.60%', '8:76.60%', '9:66.80%']
Aggregation to central server completed at central server round 250, loss : 1.12, accuracy: 61.90%, staleness : 4
Accuracy per label after aggregation : ['0:67.70%', '1:72.80%', '2:47.10%', '3:37.00%', '4:56.50%', '5:52.50%', '6:71.50%', '7:69.10%', '8:77.40%', '9:67.40%']

-----------------------------------------------------

Central server round 88 started
Model sent from central server with 100msec communication time, with loss :1.12, accuracy : 61.90%
Accuracy per label : ['0:67.70%', '1:72.80%', '2:47.10%', '3:37.00%', '4:56.50%', '5:52.50%', '6:71.50%', '7:69.10%', '8:77.40%', '9:67.40%']
The model is from round 83 from central server, staleness is 4

Cluster round 1 completed, aggregated models from all the clients, time past : 800msec, loss : 1.16, accuracy 61.22%
Accuracy per label : ['0:59.60%', '1:66.40%', '2:49.70%', '3:54.00%', '4:43.20%', '5:58.70%', '6:70.10%', '7:61.90%', '8:76.30%', '9:72.30%']

Cluster round 2 completed, aggregated models from all the clients, time past : 1500msec, loss : 1.17, accuracy 61.20%
Accuracy per label : ['0:64.90%', '1:69.80%', '2:40.20%', '3:44.90%', '4:57.40%', '5:51.10%', '6:69.20%', '7:65.40%', '8:76.70%', '9:72.40%']

Cluster round 3 completed, aggregated models from all the clients, time past : 2200msec, loss : 1.20, accuracy 60.97%
Accuracy per label : ['0:63.60%', '1:74.80%', '2:49.90%', '3:40.70%', '4:58.40%', '5:51.20%', '6:68.80%', '7:61.00%', '8:78.30%', '9:63.00%']

Before aggregation, loss : 1.12, accuracy : 62.49%
Before aggregation, accuracy per label : ['0:66.90%', '1:73.10%', '2:48.10%', '3:37.30%', '4:55.20%', '5:52.60%', '6:75.50%', '7:70.00%', '8:77.80%', '9:68.40%']
Aggregation to central server completed at central server round 250, loss : 1.12, accuracy: 62.26%, staleness : 4
Accuracy per label after aggregation : ['0:65.80%', '1:73.50%', '2:47.60%', '3:37.70%', '4:55.70%', '5:53.20%', '6:74.20%', '7:69.00%', '8:78.00%', '9:67.90%']

-----------------------------------------------------

Central server round 93 started
Model sent from central server with 100msec communication time, with loss :1.12, accuracy : 62.26%
Accuracy per label : ['0:65.80%', '1:73.50%', '2:47.60%', '3:37.70%', '4:55.70%', '5:53.20%', '6:74.20%', '7:69.00%', '8:78.00%', '9:67.90%']
The model is from round 88 from central server, staleness is 4

Cluster round 1 completed, aggregated models from all the clients, time past : 800msec, loss : 1.12, accuracy 62.22%
Accuracy per label : ['0:68.00%', '1:73.60%', '2:51.60%', '3:40.20%', '4:50.30%', '5:51.80%', '6:71.80%', '7:71.50%', '8:75.60%', '9:67.80%']

Cluster round 2 completed, aggregated models from all the clients, time past : 1500msec, loss : 1.18, accuracy 61.16%
Accuracy per label : ['0:62.60%', '1:70.10%', '2:48.90%', '3:37.60%', '4:53.10%', '5:54.00%', '6:72.70%', '7:62.80%', '8:80.40%', '9:69.40%']

Cluster round 3 completed, aggregated models from all the clients, time past : 2200msec, loss : 1.23, accuracy 61.41%
Accuracy per label : ['0:67.50%', '1:69.40%', '2:39.90%', '3:44.90%', '4:57.40%', '5:48.40%', '6:70.30%', '7:70.00%', '8:71.90%', '9:74.40%']

Before aggregation, loss : 1.13, accuracy : 62.87%
Before aggregation, accuracy per label : ['0:68.50%', '1:75.10%', '2:48.00%', '3:38.70%', '4:55.50%', '5:53.00%', '6:75.50%', '7:69.00%', '8:77.40%', '9:68.00%']
Aggregation to central server completed at central server round 250, loss : 1.13, accuracy: 62.93%, staleness : 4
Accuracy per label after aggregation : ['0:68.20%', '1:74.80%', '2:46.60%', '3:39.40%', '4:56.20%', '5:52.90%', '6:75.00%', '7:70.00%', '8:77.00%', '9:69.20%']

-----------------------------------------------------

Central server round 98 started
Model sent from central server with 100msec communication time, with loss :1.13, accuracy : 62.93%
Accuracy per label : ['0:68.20%', '1:74.80%', '2:46.60%', '3:39.40%', '4:56.20%', '5:52.90%', '6:75.00%', '7:70.00%', '8:77.00%', '9:69.20%']
The model is from round 93 from central server, staleness is 4

Cluster round 1 completed, aggregated models from all the clients, time past : 800msec, loss : 1.15, accuracy 62.06%
Accuracy per label : ['0:60.20%', '1:69.40%', '2:40.40%', '3:39.60%', '4:57.10%', '5:52.40%', '6:75.40%', '7:72.00%', '8:79.30%', '9:74.80%']

Cluster round 2 completed, aggregated models from all the clients, time past : 1500msec, loss : 1.19, accuracy 62.39%
Accuracy per label : ['0:68.20%', '1:80.20%', '2:44.70%', '3:44.50%', '4:55.00%', '5:48.20%', '6:75.00%', '7:72.20%', '8:74.00%', '9:61.90%']

Cluster round 3 completed, aggregated models from all the clients, time past : 2200msec, loss : 1.25, accuracy 61.67%
Accuracy per label : ['0:62.50%', '1:77.60%', '2:38.60%', '3:54.50%', '4:62.00%', '5:43.70%', '6:65.40%', '7:68.30%', '8:80.40%', '9:63.70%']

Before aggregation, loss : 1.13, accuracy : 63.46%
Before aggregation, accuracy per label : ['0:69.20%', '1:75.00%', '2:46.60%', '3:40.90%', '4:56.40%', '5:54.30%', '6:74.60%', '7:71.10%', '8:76.60%', '9:69.90%']
Aggregation to central server completed at central server round 250, loss : 1.13, accuracy: 63.48%, staleness : 4
Accuracy per label after aggregation : ['0:68.90%', '1:75.60%', '2:46.10%', '3:43.40%', '4:57.00%', '5:53.40%', '6:73.60%', '7:71.10%', '8:76.90%', '9:68.80%']

-----------------------------------------------------

Central server round 103 started
Model sent from central server with 100msec communication time, with loss :1.13, accuracy : 63.48%
Accuracy per label : ['0:68.90%', '1:75.60%', '2:46.10%', '3:43.40%', '4:57.00%', '5:53.40%', '6:73.60%', '7:71.10%', '8:76.90%', '9:68.80%']
The model is from round 98 from central server, staleness is 4

Cluster round 1 completed, aggregated models from all the clients, time past : 800msec, loss : 1.14, accuracy 62.47%
Accuracy per label : ['0:64.00%', '1:71.20%', '2:46.80%', '3:57.50%', '4:47.80%', '5:48.40%', '6:69.10%', '7:69.30%', '8:77.90%', '9:72.70%']

Cluster round 2 completed, aggregated models from all the clients, time past : 1500msec, loss : 1.21, accuracy 61.80%
Accuracy per label : ['0:70.20%', '1:74.10%', '2:40.00%', '3:43.90%', '4:48.00%', '5:64.50%', '6:63.90%', '7:71.10%', '8:73.40%', '9:68.90%']

Cluster round 3 completed, aggregated models from all the clients, time past : 2200msec, loss : 1.24, accuracy 62.23%
Accuracy per label : ['0:74.80%', '1:72.10%', '2:57.00%', '3:36.40%', '4:46.80%', '5:55.70%', '6:72.40%', '7:66.30%', '8:72.70%', '9:68.10%']

Before aggregation, loss : 1.13, accuracy : 63.64%
Before aggregation, accuracy per label : ['0:68.90%', '1:75.40%', '2:46.30%', '3:43.50%', '4:57.30%', '5:52.50%', '6:74.50%', '7:72.40%', '8:77.10%', '9:68.50%']
Aggregation to central server completed at central server round 250, loss : 1.13, accuracy: 63.83%, staleness : 4
Accuracy per label after aggregation : ['0:69.90%', '1:75.40%', '2:47.70%', '3:42.40%', '4:56.80%', '5:53.60%', '6:75.00%', '7:72.20%', '8:76.80%', '9:68.50%']

-----------------------------------------------------

Central server round 108 started
Model sent from central server with 100msec communication time, with loss :1.13, accuracy : 63.83%
Accuracy per label : ['0:69.90%', '1:75.40%', '2:47.70%', '3:42.40%', '4:56.80%', '5:53.60%', '6:75.00%', '7:72.20%', '8:76.80%', '9:68.50%']
The model is from round 103 from central server, staleness is 4

Cluster round 1 completed, aggregated models from all the clients, time past : 800msec, loss : 1.17, accuracy 62.72%
Accuracy per label : ['0:63.60%', '1:69.20%', '2:45.70%', '3:45.20%', '4:56.00%', '5:49.40%', '6:77.20%', '7:64.50%', '8:76.90%', '9:79.50%']

Cluster round 2 completed, aggregated models from all the clients, time past : 1500msec, loss : 1.20, accuracy 63.00%
Accuracy per label : ['0:74.90%', '1:74.40%', '2:49.30%', '3:37.20%', '4:51.80%', '5:56.20%', '6:73.10%', '7:74.90%', '8:70.10%', '9:68.10%']

Cluster round 3 completed, aggregated models from all the clients, time past : 2200msec, loss : 1.26, accuracy 62.72%
Accuracy per label : ['0:70.90%', '1:74.80%', '2:45.30%', '3:50.80%', '4:55.80%', '5:48.90%', '6:66.50%', '7:70.00%', '8:77.90%', '9:66.30%']

Before aggregation, loss : 1.14, accuracy : 63.97%
Before aggregation, accuracy per label : ['0:69.90%', '1:75.00%', '2:48.40%', '3:42.60%', '4:56.90%', '5:54.60%', '6:74.50%', '7:71.20%', '8:77.40%', '9:69.20%']
Aggregation to central server completed at central server round 250, loss : 1.14, accuracy: 64.13%, staleness : 4
Accuracy per label after aggregation : ['0:70.50%', '1:75.40%', '2:48.00%', '3:43.50%', '4:56.90%', '5:54.60%', '6:74.40%', '7:71.20%', '8:77.70%', '9:69.10%']

-----------------------------------------------------

Central server round 113 started
Model sent from central server with 100msec communication time, with loss :1.14, accuracy : 64.13%
Accuracy per label : ['0:70.50%', '1:75.40%', '2:48.00%', '3:43.50%', '4:56.90%', '5:54.60%', '6:74.40%', '7:71.20%', '8:77.70%', '9:69.10%']
The model is from round 108 from central server, staleness is 4

Cluster round 1 completed, aggregated models from all the clients, time past : 800msec, loss : 1.18, accuracy 62.82%
Accuracy per label : ['0:73.20%', '1:78.00%', '2:41.70%', '3:43.00%', '4:59.20%', '5:46.90%', '6:68.30%', '7:77.10%', '8:76.80%', '9:64.00%']

Cluster round 2 completed, aggregated models from all the clients, time past : 1500msec, loss : 1.24, accuracy 62.28%
Accuracy per label : ['0:61.90%', '1:77.70%', '2:43.50%', '3:32.90%', '4:62.50%', '5:56.30%', '6:72.60%', '7:70.80%', '8:82.50%', '9:62.10%']

Cluster round 3 completed, aggregated models from all the clients, time past : 2200msec, loss : 1.26, accuracy 62.99%
Accuracy per label : ['0:68.60%', '1:77.50%', '2:44.20%', '3:46.50%', '4:56.70%', '5:48.70%', '6:74.90%', '7:69.70%', '8:79.40%', '9:63.70%']

Before aggregation, loss : 1.15, accuracy : 64.22%
Before aggregation, accuracy per label : ['0:70.10%', '1:74.90%', '2:48.00%', '3:41.80%', '4:58.00%', '5:54.80%', '6:74.60%', '7:72.10%', '8:78.10%', '9:69.80%']
Aggregation to central server completed at central server round 250, loss : 1.15, accuracy: 64.37%, staleness : 4
Accuracy per label after aggregation : ['0:70.00%', '1:75.50%', '2:47.90%', '3:43.00%', '4:57.70%', '5:54.50%', '6:75.20%', '7:72.40%', '8:78.50%', '9:69.00%']

-----------------------------------------------------

Central server round 118 started
Model sent from central server with 100msec communication time, with loss :1.15, accuracy : 64.37%
Accuracy per label : ['0:70.00%', '1:75.50%', '2:47.90%', '3:43.00%', '4:57.70%', '5:54.50%', '6:75.20%', '7:72.40%', '8:78.50%', '9:69.00%']
The model is from round 113 from central server, staleness is 4

Cluster round 1 completed, aggregated models from all the clients, time past : 800msec, loss : 1.17, accuracy 63.88%
Accuracy per label : ['0:71.10%', '1:75.00%', '2:42.50%', '3:40.50%', '4:63.90%', '5:54.50%', '6:77.00%', '7:68.70%', '8:77.20%', '9:68.40%']

Cluster round 2 completed, aggregated models from all the clients, time past : 1500msec, loss : 1.22, accuracy 63.85%
Accuracy per label : ['0:69.80%', '1:71.50%', '2:49.10%', '3:44.20%', '4:56.20%', '5:49.60%', '6:78.20%', '7:67.90%', '8:79.40%', '9:72.60%']

Cluster round 3 completed, aggregated models from all the clients, time past : 2200msec, loss : 1.26, accuracy 63.48%
Accuracy per label : ['0:72.20%', '1:76.60%', '2:49.90%', '3:39.20%', '4:56.10%', '5:52.70%', '6:76.40%', '7:70.30%', '8:76.20%', '9:65.20%']

Before aggregation, loss : 1.16, accuracy : 64.44%
Before aggregation, accuracy per label : ['0:70.00%', '1:75.50%', '2:47.80%', '3:41.40%', '4:58.10%', '5:56.00%', '6:75.20%', '7:72.30%', '8:78.30%', '9:69.80%']
Aggregation to central server completed at central server round 250, loss : 1.16, accuracy: 64.54%, staleness : 4
Accuracy per label after aggregation : ['0:70.10%', '1:76.10%', '2:48.10%', '3:40.90%', '4:58.10%', '5:56.20%', '6:75.70%', '7:72.20%', '8:78.60%', '9:69.40%']

-----------------------------------------------------

Central server round 123 started
Model sent from central server with 100msec communication time, with loss :1.16, accuracy : 64.54%
Accuracy per label : ['0:70.10%', '1:76.10%', '2:48.10%', '3:40.90%', '4:58.10%', '5:56.20%', '6:75.70%', '7:72.20%', '8:78.60%', '9:69.40%']
The model is from round 118 from central server, staleness is 4

Cluster round 1 completed, aggregated models from all the clients, time past : 800msec, loss : 1.16, accuracy 63.95%
Accuracy per label : ['0:66.80%', '1:74.00%', '2:51.90%', '3:41.70%', '4:57.10%', '5:59.30%', '6:73.80%', '7:68.50%', '8:76.10%', '9:70.30%']

Cluster round 2 completed, aggregated models from all the clients, time past : 1500msec, loss : 1.22, accuracy 63.80%
Accuracy per label : ['0:69.80%', '1:73.90%', '2:53.40%', '3:44.90%', '4:49.80%', '5:54.30%', '6:71.70%', '7:73.00%', '8:78.30%', '9:68.90%']

Cluster round 3 completed, aggregated models from all the clients, time past : 2200msec, loss : 1.27, accuracy 63.43%
Accuracy per label : ['0:69.40%', '1:76.40%', '2:47.90%', '3:40.00%', '4:57.00%', '5:57.80%', '6:73.20%', '7:67.80%', '8:78.70%', '9:66.10%']

Before aggregation, loss : 1.16, accuracy : 64.75%
Before aggregation, accuracy per label : ['0:70.70%', '1:75.60%', '2:48.20%', '3:42.70%', '4:59.60%', '5:55.50%', '6:74.30%', '7:72.80%', '8:78.50%', '9:69.60%']
Aggregation to central server completed at central server round 250, loss : 1.16, accuracy: 64.85%, staleness : 4
Accuracy per label after aggregation : ['0:70.70%', '1:75.90%', '2:48.30%', '3:42.50%', '4:60.20%', '5:55.70%', '6:74.40%', '7:72.10%', '8:79.30%', '9:69.40%']

-----------------------------------------------------

Central server round 128 started
Model sent from central server with 100msec communication time, with loss :1.16, accuracy : 64.85%
Accuracy per label : ['0:70.70%', '1:75.90%', '2:48.30%', '3:42.50%', '4:60.20%', '5:55.70%', '6:74.40%', '7:72.10%', '8:79.30%', '9:69.40%']
The model is from round 123 from central server, staleness is 4

Cluster round 1 completed, aggregated models from all the clients, time past : 800msec, loss : 1.18, accuracy 64.28%
Accuracy per label : ['0:67.30%', '1:77.30%', '2:51.60%', '3:45.50%', '4:55.00%', '5:56.10%', '6:76.60%', '7:69.70%', '8:79.10%', '9:64.60%']

Cluster round 2 completed, aggregated models from all the clients, time past : 1500msec, loss : 1.24, accuracy 64.20%
Accuracy per label : ['0:73.80%', '1:77.40%', '2:48.90%', '3:51.70%', '4:57.10%', '5:46.90%', '6:71.90%', '7:72.10%', '8:74.90%', '9:67.30%']

Cluster round 3 completed, aggregated models from all the clients, time past : 2200msec, loss : 1.28, accuracy 63.85%
Accuracy per label : ['0:67.20%', '1:77.10%', '2:50.90%', '3:45.00%', '4:58.20%', '5:50.60%', '6:71.90%', '7:71.00%', '8:79.00%', '9:67.60%']

Before aggregation, loss : 1.18, accuracy : 64.88%
Before aggregation, accuracy per label : ['0:70.80%', '1:75.80%', '2:46.40%', '3:41.40%', '4:60.40%', '5:56.30%', '6:75.80%', '7:72.80%', '8:78.60%', '9:70.50%']
Aggregation to central server completed at central server round 250, loss : 1.18, accuracy: 64.89%, staleness : 4
Accuracy per label after aggregation : ['0:70.60%', '1:76.10%', '2:46.80%', '3:41.80%', '4:60.20%', '5:55.50%', '6:75.30%', '7:72.70%', '8:79.20%', '9:70.70%']

-----------------------------------------------------

Central server round 133 started
Model sent from central server with 100msec communication time, with loss :1.18, accuracy : 64.89%
Accuracy per label : ['0:70.60%', '1:76.10%', '2:46.80%', '3:41.80%', '4:60.20%', '5:55.50%', '6:75.30%', '7:72.70%', '8:79.20%', '9:70.70%']
The model is from round 128 from central server, staleness is 4

Cluster round 1 completed, aggregated models from all the clients, time past : 800msec, loss : 1.18, accuracy 64.43%
Accuracy per label : ['0:66.90%', '1:76.80%', '2:48.30%', '3:49.00%', '4:58.70%', '5:52.20%', '6:73.30%', '7:69.30%', '8:80.30%', '9:69.50%']

Cluster round 2 completed, aggregated models from all the clients, time past : 1500msec, loss : 1.26, accuracy 63.37%
Accuracy per label : ['0:63.60%', '1:75.00%', '2:52.50%', '3:39.00%', '4:55.10%', '5:50.30%', '6:79.10%', '7:68.30%', '8:81.90%', '9:68.90%']

Cluster round 3 completed, aggregated models from all the clients, time past : 2200msec, loss : 1.28, accuracy 64.08%
Accuracy per label : ['0:72.10%', '1:78.50%', '2:46.20%', '3:46.10%', '4:58.50%', '5:53.30%', '6:74.60%', '7:68.70%', '8:77.80%', '9:65.00%']

Before aggregation, loss : 1.18, accuracy : 65.06%
Before aggregation, accuracy per label : ['0:70.90%', '1:76.20%', '2:47.60%', '3:42.00%', '4:61.00%', '5:56.00%', '6:75.60%', '7:72.40%', '8:78.90%', '9:70.00%']
Aggregation to central server completed at central server round 250, loss : 1.18, accuracy: 65.16%, staleness : 4
Accuracy per label after aggregation : ['0:71.50%', '1:76.80%', '2:47.70%', '3:42.30%', '4:61.20%', '5:55.80%', '6:75.20%', '7:72.10%', '8:79.00%', '9:70.00%']

-----------------------------------------------------

Central server round 138 started
Model sent from central server with 100msec communication time, with loss :1.18, accuracy : 65.16%
Accuracy per label : ['0:71.50%', '1:76.80%', '2:47.70%', '3:42.30%', '4:61.20%', '5:55.80%', '6:75.20%', '7:72.10%', '8:79.00%', '9:70.00%']
The model is from round 133 from central server, staleness is 4

Cluster round 1 completed, aggregated models from all the clients, time past : 800msec, loss : 1.21, accuracy 64.18%
Accuracy per label : ['0:65.10%', '1:78.00%', '2:49.40%', '3:41.50%', '4:56.70%', '5:54.70%', '6:72.20%', '7:74.80%', '8:79.40%', '9:70.00%']

Cluster round 2 completed, aggregated models from all the clients, time past : 1500msec, loss : 1.24, accuracy 64.48%
Accuracy per label : ['0:68.40%', '1:75.90%', '2:49.10%', '3:45.40%', '4:57.10%', '5:54.70%', '6:74.30%', '7:71.20%', '8:78.50%', '9:70.20%']

Cluster round 3 completed, aggregated models from all the clients, time past : 2200msec, loss : 1.31, accuracy 63.64%
Accuracy per label : ['0:67.80%', '1:78.10%', '2:47.70%', '3:43.80%', '4:58.70%', '5:52.50%', '6:76.40%', '7:66.50%', '8:81.70%', '9:63.20%']

Before aggregation, loss : 1.19, accuracy : 65.29%
Before aggregation, accuracy per label : ['0:71.20%', '1:76.80%', '2:47.50%', '3:42.70%', '4:61.40%', '5:56.00%', '6:75.00%', '7:73.00%', '8:79.10%', '9:70.20%']
Aggregation to central server completed at central server round 250, loss : 1.19, accuracy: 65.34%, staleness : 4
Accuracy per label after aggregation : ['0:70.70%', '1:77.20%', '2:47.80%', '3:43.00%', '4:61.50%', '5:55.90%', '6:75.40%', '7:72.60%', '8:79.60%', '9:69.70%']

-----------------------------------------------------

Central server round 143 started
Model sent from central server with 100msec communication time, with loss :1.19, accuracy : 65.34%
Accuracy per label : ['0:70.70%', '1:77.20%', '2:47.80%', '3:43.00%', '4:61.50%', '5:55.90%', '6:75.40%', '7:72.60%', '8:79.60%', '9:69.70%']
The model is from round 138 from central server, staleness is 4

Cluster round 1 completed, aggregated models from all the clients, time past : 800msec, loss : 1.20, accuracy 64.53%
Accuracy per label : ['0:69.20%', '1:77.20%', '2:53.30%', '3:45.30%', '4:55.00%', '5:51.10%', '6:73.00%', '7:72.20%', '8:80.90%', '9:68.10%']

Cluster round 2 completed, aggregated models from all the clients, time past : 1500msec, loss : 1.25, accuracy 64.49%
Accuracy per label : ['0:70.60%', '1:76.30%', '2:49.60%', '3:44.70%', '4:60.30%', '5:51.40%', '6:74.50%', '7:69.70%', '8:77.30%', '9:70.50%']

Cluster round 3 completed, aggregated models from all the clients, time past : 2200msec, loss : 1.30, accuracy 64.23%
Accuracy per label : ['0:70.90%', '1:76.50%', '2:48.50%', '3:43.60%', '4:52.70%', '5:58.40%', '6:74.60%', '7:70.90%', '8:78.50%', '9:67.70%']

Before aggregation, loss : 1.20, accuracy : 65.48%
Before aggregation, accuracy per label : ['0:71.10%', '1:77.20%', '2:49.00%', '3:44.00%', '4:62.00%', '5:55.30%', '6:75.30%', '7:72.20%', '8:79.20%', '9:69.50%']
Aggregation to central server completed at central server round 250, loss : 1.20, accuracy: 65.62%, staleness : 4
Accuracy per label after aggregation : ['0:71.50%', '1:77.10%', '2:48.90%', '3:44.20%', '4:61.40%', '5:56.30%', '6:75.10%', '7:72.60%', '8:79.20%', '9:69.90%']

-----------------------------------------------------

Central server round 148 started
Model sent from central server with 100msec communication time, with loss :1.20, accuracy : 65.62%
Accuracy per label : ['0:71.50%', '1:77.10%', '2:48.90%', '3:44.20%', '4:61.40%', '5:56.30%', '6:75.10%', '7:72.60%', '8:79.20%', '9:69.90%']
The model is from round 143 from central server, staleness is 4

Cluster round 1 completed, aggregated models from all the clients, time past : 800msec, loss : 1.21, accuracy 65.02%
Accuracy per label : ['0:69.00%', '1:72.40%', '2:49.70%', '3:40.90%', '4:55.80%', '5:59.40%', '6:76.90%', '7:72.80%', '8:79.80%', '9:73.50%']

Cluster round 2 completed, aggregated models from all the clients, time past : 1500msec, loss : 1.27, accuracy 64.39%
Accuracy per label : ['0:70.00%', '1:77.60%', '2:50.50%', '3:38.10%', '4:57.10%', '5:55.40%', '6:74.40%', '7:72.00%', '8:80.10%', '9:68.70%']

Cluster round 3 completed, aggregated models from all the clients, time past : 2200msec, loss : 1.31, accuracy 64.18%
Accuracy per label : ['0:67.00%', '1:78.00%', '2:49.20%', '3:46.40%', '4:53.30%', '5:50.70%', '6:76.40%', '7:71.90%', '8:80.30%', '9:68.60%']

Before aggregation, loss : 1.21, accuracy : 65.60%
Before aggregation, accuracy per label : ['0:70.80%', '1:77.20%', '2:49.30%', '3:43.50%', '4:60.90%', '5:56.60%', '6:75.60%', '7:72.50%', '8:79.30%', '9:70.30%']
Aggregation to central server completed at central server round 250, loss : 1.21, accuracy: 65.77%, staleness : 4
Accuracy per label after aggregation : ['0:71.10%', '1:77.50%', '2:49.20%', '3:44.10%', '4:60.90%', '5:56.10%', '6:75.70%', '7:73.10%', '8:79.80%', '9:70.20%']

-----------------------------------------------------

Central server round 153 started
Model sent from central server with 100msec communication time, with loss :1.21, accuracy : 65.77%
Accuracy per label : ['0:71.10%', '1:77.50%', '2:49.20%', '3:44.10%', '4:60.90%', '5:56.10%', '6:75.70%', '7:73.10%', '8:79.80%', '9:70.20%']
The model is from round 148 from central server, staleness is 4

Cluster round 1 completed, aggregated models from all the clients, time past : 800msec, loss : 1.23, accuracy 65.02%
Accuracy per label : ['0:72.30%', '1:77.60%', '2:43.50%', '3:51.60%', '4:59.30%', '5:51.80%', '6:74.90%', '7:70.70%', '8:78.50%', '9:70.00%']

Cluster round 2 completed, aggregated models from all the clients, time past : 1500msec, loss : 1.27, accuracy 64.83%
Accuracy per label : ['0:73.20%', '1:77.70%', '2:42.80%', '3:47.40%', '4:57.50%', '5:54.50%', '6:75.90%', '7:71.20%', '8:79.30%', '9:68.80%']

Cluster round 3 completed, aggregated models from all the clients, time past : 2200msec, loss : 1.31, accuracy 64.66%
Accuracy per label : ['0:72.40%', '1:77.00%', '2:48.00%', '3:43.00%', '4:56.50%', '5:56.20%', '6:75.50%', '7:69.70%', '8:79.60%', '9:68.70%']

Before aggregation, loss : 1.21, accuracy : 65.80%
Before aggregation, accuracy per label : ['0:70.80%', '1:77.20%', '2:48.30%', '3:42.90%', '4:61.30%', '5:57.70%', '6:75.90%', '7:72.70%', '8:79.60%', '9:71.60%']
Aggregation to central server completed at central server round 250, loss : 1.21, accuracy: 65.83%, staleness : 4
Accuracy per label after aggregation : ['0:71.20%', '1:77.20%', '2:48.50%', '3:43.10%', '4:60.90%', '5:57.40%', '6:76.10%', '7:73.00%', '8:79.80%', '9:71.10%']

-----------------------------------------------------

Central server round 158 started
Model sent from central server with 100msec communication time, with loss :1.21, accuracy : 65.83%
Accuracy per label : ['0:71.20%', '1:77.20%', '2:48.50%', '3:43.10%', '4:60.90%', '5:57.40%', '6:76.10%', '7:73.00%', '8:79.80%', '9:71.10%']
The model is from round 153 from central server, staleness is 4

Cluster round 1 completed, aggregated models from all the clients, time past : 800msec, loss : 1.22, accuracy 65.25%
Accuracy per label : ['0:71.40%', '1:78.80%', '2:46.50%', '3:49.30%', '4:57.30%', '5:54.00%', '6:74.40%', '7:71.90%', '8:80.20%', '9:68.70%']

Cluster round 2 completed, aggregated models from all the clients, time past : 1500msec, loss : 1.27, accuracy 64.97%
Accuracy per label : ['0:71.30%', '1:76.90%', '2:45.10%', '3:52.30%', '4:57.40%', '5:50.50%', '6:75.50%', '7:71.30%', '8:78.60%', '9:70.80%']

Cluster round 3 completed, aggregated models from all the clients, time past : 2200msec, loss : 1.31, accuracy 64.81%
Accuracy per label : ['0:70.30%', '1:77.80%', '2:48.00%', '3:44.10%', '4:56.70%', '5:56.20%', '6:73.90%', '7:71.90%', '8:79.40%', '9:69.80%']

Before aggregation, loss : 1.22, accuracy : 66.02%
Before aggregation, accuracy per label : ['0:71.30%', '1:77.30%', '2:48.40%', '3:43.30%', '4:61.80%', '5:57.10%', '6:76.30%', '7:73.30%', '8:80.10%', '9:71.30%']
Aggregation to central server completed at central server round 250, loss : 1.22, accuracy: 66.00%, staleness : 4
Accuracy per label after aggregation : ['0:71.40%', '1:77.10%', '2:48.00%', '3:43.20%', '4:61.80%', '5:57.10%', '6:76.20%', '7:73.60%', '8:80.10%', '9:71.50%']

-----------------------------------------------------

Central server round 163 started
Model sent from central server with 100msec communication time, with loss :1.22, accuracy : 66.00%
Accuracy per label : ['0:71.40%', '1:77.10%', '2:48.00%', '3:43.20%', '4:61.80%', '5:57.10%', '6:76.20%', '7:73.60%', '8:80.10%', '9:71.50%']
The model is from round 158 from central server, staleness is 4

Cluster round 1 completed, aggregated models from all the clients, time past : 800msec, loss : 1.24, accuracy 64.86%
Accuracy per label : ['0:71.20%', '1:77.80%', '2:48.40%', '3:45.00%', '4:64.40%', '5:53.90%', '6:73.90%', '7:70.50%', '8:79.40%', '9:64.10%']

Cluster round 2 completed, aggregated models from all the clients, time past : 1500msec, loss : 1.27, accuracy 65.23%
Accuracy per label : ['0:72.90%', '1:77.40%', '2:48.80%', '3:44.10%', '4:57.90%', '5:55.40%', '6:74.70%', '7:73.20%', '8:78.90%', '9:69.00%']

Cluster round 3 completed, aggregated models from all the clients, time past : 2200msec, loss : 1.32, accuracy 64.79%
Accuracy per label : ['0:69.80%', '1:76.50%', '2:47.70%', '3:48.20%', '4:58.50%', '5:54.10%', '6:72.80%', '7:71.50%', '8:78.30%', '9:70.50%']

Before aggregation, loss : 1.23, accuracy : 66.15%
Before aggregation, accuracy per label : ['0:71.70%', '1:77.50%', '2:48.30%', '3:44.30%', '4:62.50%', '5:56.80%', '6:76.20%', '7:73.30%', '8:79.60%', '9:71.30%']
Aggregation to central server completed at central server round 250, loss : 1.23, accuracy: 66.06%, staleness : 4
Accuracy per label after aggregation : ['0:71.80%', '1:77.20%', '2:47.80%', '3:44.80%', '4:61.90%', '5:56.60%', '6:75.80%', '7:73.30%', '8:79.70%', '9:71.70%']

-----------------------------------------------------

Central server round 168 started
Model sent from central server with 100msec communication time, with loss :1.23, accuracy : 66.06%
Accuracy per label : ['0:71.80%', '1:77.20%', '2:47.80%', '3:44.80%', '4:61.90%', '5:56.60%', '6:75.80%', '7:73.30%', '8:79.70%', '9:71.70%']
The model is from round 163 from central server, staleness is 4

Cluster round 1 completed, aggregated models from all the clients, time past : 800msec, loss : 1.25, accuracy 65.24%
Accuracy per label : ['0:69.50%', '1:75.90%', '2:53.80%', '3:44.90%', '4:54.70%', '5:54.20%', '6:75.30%', '7:70.90%', '8:80.20%', '9:73.00%']

Cluster round 2 completed, aggregated models from all the clients, time past : 1500msec, loss : 1.28, accuracy 65.23%
Accuracy per label : ['0:70.40%', '1:77.70%', '2:49.30%', '3:46.00%', '4:59.50%', '5:53.70%', '6:75.20%', '7:70.90%', '8:79.00%', '9:70.60%']

Cluster round 3 completed, aggregated models from all the clients, time past : 2200msec, loss : 1.33, accuracy 64.83%
Accuracy per label : ['0:68.90%', '1:76.40%', '2:50.90%', '3:44.60%', '4:54.90%', '5:54.90%', '6:75.50%', '7:72.90%', '8:79.00%', '9:70.30%']

Before aggregation, loss : 1.23, accuracy : 66.22%
Before aggregation, accuracy per label : ['0:71.80%', '1:77.40%', '2:48.40%', '3:44.60%', '4:61.90%', '5:57.50%', '6:75.90%', '7:73.40%', '8:79.60%', '9:71.70%']
Aggregation to central server completed at central server round 250, loss : 1.23, accuracy: 66.20%, staleness : 4
Accuracy per label after aggregation : ['0:71.80%', '1:77.30%', '2:48.50%', '3:44.70%', '4:61.30%', '5:57.40%', '6:75.70%', '7:73.60%', '8:79.40%', '9:72.30%']

-----------------------------------------------------

Central server round 173 started
Model sent from central server with 100msec communication time, with loss :1.23, accuracy : 66.20%
Accuracy per label : ['0:71.80%', '1:77.30%', '2:48.50%', '3:44.70%', '4:61.30%', '5:57.40%', '6:75.70%', '7:73.60%', '8:79.40%', '9:72.30%']
The model is from round 168 from central server, staleness is 4

Cluster round 1 completed, aggregated models from all the clients, time past : 800msec, loss : 1.24, accuracy 65.42%
Accuracy per label : ['0:72.30%', '1:76.90%', '2:48.80%', '3:45.50%', '4:59.80%', '5:54.30%', '6:75.50%', '7:71.10%', '8:78.20%', '9:71.80%']

Cluster round 2 completed, aggregated models from all the clients, time past : 1500msec, loss : 1.29, accuracy 65.17%
Accuracy per label : ['0:69.20%', '1:76.30%', '2:49.90%', '3:41.50%', '4:56.70%', '5:57.80%', '6:77.40%', '7:71.00%', '8:80.30%', '9:71.60%']

Cluster round 3 completed, aggregated models from all the clients, time past : 2200msec, loss : 1.33, accuracy 64.84%
Accuracy per label : ['0:70.70%', '1:78.50%', '2:47.40%', '3:41.70%', '4:55.60%', '5:57.60%', '6:75.00%', '7:72.50%', '8:79.90%', '9:69.50%']

Before aggregation, loss : 1.24, accuracy : 66.28%
Before aggregation, accuracy per label : ['0:72.20%', '1:77.30%', '2:49.40%', '3:43.80%', '4:62.00%', '5:57.60%', '6:75.90%', '7:73.30%', '8:79.70%', '9:71.60%']
Aggregation to central server completed at central server round 250, loss : 1.24, accuracy: 66.29%, staleness : 4
Accuracy per label after aggregation : ['0:72.00%', '1:77.80%', '2:49.40%', '3:43.70%', '4:61.60%', '5:57.70%', '6:75.60%', '7:73.40%', '8:79.90%', '9:71.80%']

-----------------------------------------------------

Central server round 178 started
Model sent from central server with 100msec communication time, with loss :1.24, accuracy : 66.29%
Accuracy per label : ['0:72.00%', '1:77.80%', '2:49.40%', '3:43.70%', '4:61.60%', '5:57.70%', '6:75.60%', '7:73.40%', '8:79.90%', '9:71.80%']
The model is from round 173 from central server, staleness is 4

Cluster round 1 completed, aggregated models from all the clients, time past : 800msec, loss : 1.25, accuracy 65.54%
Accuracy per label : ['0:71.80%', '1:79.00%', '2:49.80%', '3:45.90%', '4:58.30%', '5:53.00%', '6:76.60%', '7:71.90%', '8:79.60%', '9:69.50%']

Cluster round 2 completed, aggregated models from all the clients, time past : 1500msec, loss : 1.31, accuracy 65.30%
Accuracy per label : ['0:73.80%', '1:77.60%', '2:45.40%', '3:46.60%', '4:57.60%', '5:54.90%', '6:76.70%', '7:71.50%', '8:79.60%', '9:69.30%']

Cluster round 3 completed, aggregated models from all the clients, time past : 2200msec, loss : 1.34, accuracy 64.70%
Accuracy per label : ['0:70.00%', '1:76.90%', '2:47.80%', '3:46.60%', '4:55.30%', '5:54.90%', '6:74.20%', '7:70.90%', '8:79.70%', '9:70.70%']

Before aggregation, loss : 1.24, accuracy : 66.37%
Before aggregation, accuracy per label : ['0:72.70%', '1:77.40%', '2:49.10%', '3:44.00%', '4:62.00%', '5:57.60%', '6:76.10%', '7:73.10%', '8:79.70%', '9:72.00%']
Aggregation to central server completed at central server round 250, loss : 1.24, accuracy: 66.34%, staleness : 4
Accuracy per label after aggregation : ['0:72.50%', '1:77.50%', '2:49.10%', '3:44.40%', '4:61.60%', '5:57.30%', '6:76.00%', '7:73.20%', '8:79.70%', '9:72.10%']

-----------------------------------------------------

Central server round 183 started
Model sent from central server with 100msec communication time, with loss :1.24, accuracy : 66.34%
Accuracy per label : ['0:72.50%', '1:77.50%', '2:49.10%', '3:44.40%', '4:61.60%', '5:57.30%', '6:76.00%', '7:73.20%', '8:79.70%', '9:72.10%']
The model is from round 178 from central server, staleness is 4

Cluster round 1 completed, aggregated models from all the clients, time past : 800msec, loss : 1.25, accuracy 65.84%
Accuracy per label : ['0:70.70%', '1:75.50%', '2:49.60%', '3:48.30%', '4:59.70%', '5:53.80%', '6:74.00%', '7:72.10%', '8:80.60%', '9:74.10%']

Cluster round 2 completed, aggregated models from all the clients, time past : 1500msec, loss : 1.30, accuracy 65.25%
Accuracy per label : ['0:72.40%', '1:79.30%', '2:47.10%', '3:43.90%', '4:62.60%', '5:56.10%', '6:73.00%', '7:70.50%', '8:78.50%', '9:69.10%']

Cluster round 3 completed, aggregated models from all the clients, time past : 2200msec, loss : 1.34, accuracy 65.02%
Accuracy per label : ['0:70.40%', '1:77.00%', '2:47.40%', '3:46.50%', '4:55.80%', '5:55.80%', '6:74.20%', '7:72.70%', '8:80.10%', '9:70.30%']

Before aggregation, loss : 1.25, accuracy : 66.47%
Before aggregation, accuracy per label : ['0:72.60%', '1:76.90%', '2:49.70%', '3:44.20%', '4:61.70%', '5:57.70%', '6:76.90%', '7:73.00%', '8:79.30%', '9:72.70%']
Aggregation to central server completed at central server round 250, loss : 1.25, accuracy: 66.48%, staleness : 4
Accuracy per label after aggregation : ['0:72.40%', '1:77.10%', '2:49.70%', '3:44.60%', '4:61.20%', '5:57.70%', '6:76.30%', '7:73.60%', '8:79.70%', '9:72.50%']

-----------------------------------------------------

Central server round 188 started
Model sent from central server with 100msec communication time, with loss :1.25, accuracy : 66.48%
Accuracy per label : ['0:72.40%', '1:77.10%', '2:49.70%', '3:44.60%', '4:61.20%', '5:57.70%', '6:76.30%', '7:73.60%', '8:79.70%', '9:72.50%']
The model is from round 183 from central server, staleness is 4

Cluster round 1 completed, aggregated models from all the clients, time past : 800msec, loss : 1.26, accuracy 65.78%
Accuracy per label : ['0:71.60%', '1:75.70%', '2:48.60%', '3:46.90%', '4:61.10%', '5:54.20%', '6:76.70%', '7:71.10%', '8:77.30%', '9:74.60%']

Cluster round 2 completed, aggregated models from all the clients, time past : 1500msec, loss : 1.31, accuracy 65.50%
Accuracy per label : ['0:71.70%', '1:77.00%', '2:48.60%', '3:43.60%', '4:57.60%', '5:55.10%', '6:78.20%', '7:72.00%', '8:80.40%', '9:70.80%']

Cluster round 3 completed, aggregated models from all the clients, time past : 2200msec, loss : 1.34, accuracy 65.59%
Accuracy per label : ['0:70.40%', '1:76.80%', '2:51.00%', '3:48.50%', '4:59.30%', '5:54.00%', '6:74.70%', '7:70.20%', '8:80.30%', '9:70.70%']

Before aggregation, loss : 1.26, accuracy : 66.40%
Before aggregation, accuracy per label : ['0:72.80%', '1:76.30%', '2:48.60%', '3:43.20%', '4:62.30%', '5:57.70%', '6:77.40%', '7:73.60%', '8:79.40%', '9:72.70%']
Aggregation to central server completed at central server round 250, loss : 1.26, accuracy: 66.43%, staleness : 4
Accuracy per label after aggregation : ['0:72.70%', '1:76.90%', '2:49.10%', '3:44.10%', '4:61.80%', '5:57.20%', '6:76.60%', '7:73.40%', '8:79.80%', '9:72.70%']

-----------------------------------------------------

Central server round 193 started
Model sent from central server with 100msec communication time, with loss :1.26, accuracy : 66.43%
Accuracy per label : ['0:72.70%', '1:76.90%', '2:49.10%', '3:44.10%', '4:61.80%', '5:57.20%', '6:76.60%', '7:73.40%', '8:79.80%', '9:72.70%']
The model is from round 188 from central server, staleness is 4

Cluster round 1 completed, aggregated models from all the clients, time past : 800msec, loss : 1.26, accuracy 66.10%
Accuracy per label : ['0:74.30%', '1:76.30%', '2:54.60%', '3:46.10%', '4:57.10%', '5:56.00%', '6:72.50%', '7:71.90%', '8:79.10%', '9:73.10%']

Cluster round 2 completed, aggregated models from all the clients, time past : 1500msec, loss : 1.30, accuracy 65.65%
Accuracy per label : ['0:73.10%', '1:76.70%', '2:49.20%', '3:46.30%', '4:55.80%', '5:56.70%', '6:76.30%', '7:74.20%', '8:79.30%', '9:68.90%']

Cluster round 3 completed, aggregated models from all the clients, time past : 2200msec, loss : 1.35, accuracy 65.53%
Accuracy per label : ['0:73.90%', '1:76.00%', '2:47.50%', '3:45.90%', '4:57.10%', '5:55.70%', '6:74.90%', '7:73.60%', '8:79.60%', '9:71.10%']

Before aggregation, loss : 1.26, accuracy : 66.42%
Before aggregation, accuracy per label : ['0:73.00%', '1:76.80%', '2:49.60%', '3:43.60%', '4:62.00%', '5:57.60%', '6:76.80%', '7:73.20%', '8:79.10%', '9:72.50%']
Aggregation to central server completed at central server round 250, loss : 1.26, accuracy: 66.52%, staleness : 4
Accuracy per label after aggregation : ['0:73.40%', '1:76.70%', '2:49.00%', '3:44.20%', '4:61.90%', '5:57.70%', '6:76.30%', '7:73.50%', '8:79.80%', '9:72.70%']

-----------------------------------------------------

Central server round 198 started
Model sent from central server with 100msec communication time, with loss :1.26, accuracy : 66.52%
Accuracy per label : ['0:73.40%', '1:76.70%', '2:49.00%', '3:44.20%', '4:61.90%', '5:57.70%', '6:76.30%', '7:73.50%', '8:79.80%', '9:72.70%']
The model is from round 193 from central server, staleness is 4

Cluster round 1 completed, aggregated models from all the clients, time past : 800msec, loss : 1.27, accuracy 65.96%
Accuracy per label : ['0:74.20%', '1:76.00%', '2:47.10%', '3:46.50%', '4:58.30%', '5:55.50%', '6:77.40%', '7:74.10%', '8:79.30%', '9:71.20%']

Cluster round 2 completed, aggregated models from all the clients, time past : 1500msec, loss : 1.32, accuracy 65.81%
Accuracy per label : ['0:72.30%', '1:77.40%', '2:50.50%', '3:45.70%', '4:56.50%', '5:56.00%', '6:76.10%', '7:71.70%', '8:80.10%', '9:71.80%']

Cluster round 3 completed, aggregated models from all the clients, time past : 2200msec, loss : 1.36, accuracy 65.26%
Accuracy per label : ['0:71.80%', '1:77.40%', '2:49.60%', '3:44.50%', '4:58.90%', '5:52.50%', '6:73.60%', '7:74.40%', '8:79.50%', '9:70.40%']

Before aggregation, loss : 1.27, accuracy : 66.61%
Before aggregation, accuracy per label : ['0:73.20%', '1:76.70%', '2:48.90%', '3:44.50%', '4:62.40%', '5:58.10%', '6:76.50%', '7:73.50%', '8:79.40%', '9:72.90%']
Aggregation to central server completed at central server round 250, loss : 1.27, accuracy: 66.72%, staleness : 4
Accuracy per label after aggregation : ['0:73.20%', '1:76.90%', '2:49.60%', '3:44.20%', '4:62.30%', '5:57.90%', '6:76.30%', '7:74.10%', '8:79.70%', '9:73.00%']

-----------------------------------------------------

Central server round 203 started
Model sent from central server with 100msec communication time, with loss :1.27, accuracy : 66.72%
Accuracy per label : ['0:73.20%', '1:76.90%', '2:49.60%', '3:44.20%', '4:62.30%', '5:57.90%', '6:76.30%', '7:74.10%', '8:79.70%', '9:73.00%']
The model is from round 198 from central server, staleness is 4

Cluster round 1 completed, aggregated models from all the clients, time past : 800msec, loss : 1.28, accuracy 65.93%
Accuracy per label : ['0:73.50%', '1:78.10%', '2:51.40%', '3:44.70%', '4:59.20%', '5:54.50%', '6:76.20%', '7:71.50%', '8:80.10%', '9:70.10%']

Cluster round 2 completed, aggregated models from all the clients, time past : 1500msec, loss : 1.32, accuracy 65.76%
Accuracy per label : ['0:73.60%', '1:76.40%', '2:50.90%', '3:46.00%', '4:57.70%', '5:55.60%', '6:75.00%', '7:71.80%', '8:78.60%', '9:72.00%']

Cluster round 3 completed, aggregated models from all the clients, time past : 2200msec, loss : 1.36, accuracy 65.52%
Accuracy per label : ['0:72.00%', '1:75.90%', '2:50.20%', '3:44.80%', '4:55.20%', '5:56.60%', '6:76.80%', '7:73.60%', '8:78.70%', '9:71.40%']

Before aggregation, loss : 1.28, accuracy : 66.60%
Before aggregation, accuracy per label : ['0:73.10%', '1:76.80%', '2:49.10%', '3:44.10%', '4:62.60%', '5:57.60%', '6:76.60%', '7:73.60%', '8:79.70%', '9:72.80%']
Aggregation to central server completed at central server round 250, loss : 1.28, accuracy: 66.82%, staleness : 4
Accuracy per label after aggregation : ['0:73.00%', '1:76.80%', '2:49.80%', '3:44.20%', '4:62.40%', '5:57.90%', '6:76.80%', '7:74.30%', '8:80.00%', '9:73.00%']

-----------------------------------------------------

Central server round 208 started
Model sent from central server with 100msec communication time, with loss :1.28, accuracy : 66.82%
Accuracy per label : ['0:73.00%', '1:76.80%', '2:49.80%', '3:44.20%', '4:62.40%', '5:57.90%', '6:76.80%', '7:74.30%', '8:80.00%', '9:73.00%']
The model is from round 203 from central server, staleness is 4

Cluster round 1 completed, aggregated models from all the clients, time past : 800msec, loss : 1.27, accuracy 66.38%
Accuracy per label : ['0:72.60%', '1:77.10%', '2:50.60%', '3:45.80%', '4:59.30%', '5:57.20%', '6:75.90%', '7:73.10%', '8:78.90%', '9:73.30%']

Cluster round 2 completed, aggregated models from all the clients, time past : 1500msec, loss : 1.33, accuracy 65.81%
Accuracy per label : ['0:73.60%', '1:77.80%', '2:52.30%', '3:46.00%', '4:54.70%', '5:56.00%', '6:76.50%', '7:72.30%', '8:79.40%', '9:69.50%']

Cluster round 3 completed, aggregated models from all the clients, time past : 2200msec, loss : 1.37, accuracy 65.41%
Accuracy per label : ['0:69.20%', '1:77.70%', '2:50.70%', '3:48.20%', '4:58.00%', '5:56.20%', '6:71.10%', '7:72.20%', '8:80.10%', '9:70.70%']

Before aggregation, loss : 1.28, accuracy : 66.55%
Before aggregation, accuracy per label : ['0:73.30%', '1:76.30%', '2:50.00%', '3:43.90%', '4:61.80%', '5:57.80%', '6:76.30%', '7:74.00%', '8:79.50%', '9:72.60%']
Aggregation to central server completed at central server round 250, loss : 1.28, accuracy: 66.78%, staleness : 4
Accuracy per label after aggregation : ['0:73.00%', '1:76.80%', '2:50.00%', '3:44.70%', '4:62.10%', '5:58.20%', '6:76.30%', '7:74.00%', '8:79.90%', '9:72.80%']

-----------------------------------------------------

Central server round 213 started
Model sent from central server with 100msec communication time, with loss :1.28, accuracy : 66.78%
Accuracy per label : ['0:73.00%', '1:76.80%', '2:50.00%', '3:44.70%', '4:62.10%', '5:58.20%', '6:76.30%', '7:74.00%', '8:79.90%', '9:72.80%']
The model is from round 208 from central server, staleness is 4

Cluster round 1 completed, aggregated models from all the clients, time past : 800msec, loss : 1.29, accuracy 66.23%
Accuracy per label : ['0:74.70%', '1:78.70%', '2:49.60%', '3:46.10%', '4:57.70%', '5:55.80%', '6:76.00%', '7:72.30%', '8:79.90%', '9:71.50%']

Cluster round 2 completed, aggregated models from all the clients, time past : 1500msec, loss : 1.33, accuracy 66.09%
Accuracy per label : ['0:73.30%', '1:76.40%', '2:49.60%', '3:46.30%', '4:60.80%', '5:55.00%', '6:73.40%', '7:73.40%', '8:79.50%', '9:73.20%']

Cluster round 3 completed, aggregated models from all the clients, time past : 2200msec, loss : 1.37, accuracy 65.71%
Accuracy per label : ['0:71.40%', '1:77.80%', '2:50.00%', '3:45.90%', '4:58.20%', '5:56.10%', '6:75.70%', '7:71.70%', '8:80.10%', '9:70.20%']

Before aggregation, loss : 1.29, accuracy : 66.72%
Before aggregation, accuracy per label : ['0:73.40%', '1:76.80%', '2:50.80%', '3:44.40%', '4:62.00%', '5:57.40%', '6:76.50%', '7:73.80%', '8:79.60%', '9:72.50%']
Aggregation to central server completed at central server round 250, loss : 1.29, accuracy: 66.88%, staleness : 4
Accuracy per label after aggregation : ['0:73.00%', '1:77.00%', '2:50.70%', '3:44.80%', '4:62.30%', '5:57.90%', '6:76.50%', '7:74.00%', '8:80.30%', '9:72.30%']

-----------------------------------------------------

Central server round 218 started
Model sent from central server with 100msec communication time, with loss :1.29, accuracy : 66.88%
Accuracy per label : ['0:73.00%', '1:77.00%', '2:50.70%', '3:44.80%', '4:62.30%', '5:57.90%', '6:76.50%', '7:74.00%', '8:80.30%', '9:72.30%']
The model is from round 213 from central server, staleness is 4

Cluster round 1 completed, aggregated models from all the clients, time past : 800msec, loss : 1.29, accuracy 66.08%
Accuracy per label : ['0:72.70%', '1:77.00%', '2:49.60%', '3:46.30%', '4:60.90%', '5:54.10%', '6:76.50%', '7:72.50%', '8:80.30%', '9:70.90%']

Cluster round 2 completed, aggregated models from all the clients, time past : 1500msec, loss : 1.34, accuracy 66.10%
Accuracy per label : ['0:71.10%', '1:75.90%', '2:50.60%', '3:47.40%', '4:60.40%', '5:56.20%', '6:74.90%', '7:72.80%', '8:79.50%', '9:72.20%']

Cluster round 3 completed, aggregated models from all the clients, time past : 2200msec, loss : 1.38, accuracy 65.58%
Accuracy per label : ['0:72.60%', '1:76.60%', '2:51.20%', '3:48.50%', '4:57.70%', '5:53.40%', '6:73.90%', '7:72.10%', '8:79.60%', '9:70.20%']

Before aggregation, loss : 1.29, accuracy : 66.69%
Before aggregation, accuracy per label : ['0:73.70%', '1:76.80%', '2:50.70%', '3:44.00%', '4:62.30%', '5:57.40%', '6:76.80%', '7:73.80%', '8:79.40%', '9:72.00%']
Aggregation to central server completed at central server round 250, loss : 1.29, accuracy: 66.80%, staleness : 4
Accuracy per label after aggregation : ['0:73.70%', '1:77.20%', '2:50.40%', '3:44.70%', '4:62.20%', '5:57.20%', '6:77.00%', '7:73.80%', '8:79.90%', '9:71.90%']

-----------------------------------------------------

Central server round 223 started
Model sent from central server with 100msec communication time, with loss :1.29, accuracy : 66.80%
Accuracy per label : ['0:73.70%', '1:77.20%', '2:50.40%', '3:44.70%', '4:62.20%', '5:57.20%', '6:77.00%', '7:73.80%', '8:79.90%', '9:71.90%']
The model is from round 218 from central server, staleness is 4

Cluster round 1 completed, aggregated models from all the clients, time past : 800msec, loss : 1.30, accuracy 66.18%
Accuracy per label : ['0:72.90%', '1:77.90%', '2:50.80%', '3:45.50%', '4:58.80%', '5:55.00%', '6:75.40%', '7:73.60%', '8:79.90%', '9:72.00%']

Cluster round 2 completed, aggregated models from all the clients, time past : 1500msec, loss : 1.34, accuracy 65.64%
Accuracy per label : ['0:71.10%', '1:77.20%', '2:51.20%', '3:45.50%', '4:59.80%', '5:54.80%', '6:75.00%', '7:70.60%', '8:80.10%', '9:71.10%']

Cluster round 3 completed, aggregated models from all the clients, time past : 2200msec, loss : 1.38, accuracy 65.78%
Accuracy per label : ['0:74.30%', '1:77.60%', '2:49.40%', '3:46.70%', '4:58.50%', '5:54.20%', '6:74.50%', '7:73.20%', '8:78.00%', '9:71.40%']

Before aggregation, loss : 1.30, accuracy : 66.88%
Before aggregation, accuracy per label : ['0:73.50%', '1:76.50%', '2:51.30%', '3:44.30%', '4:63.10%', '5:57.70%', '6:77.20%', '7:73.60%', '8:79.30%', '9:72.30%']
Aggregation to central server completed at central server round 250, loss : 1.30, accuracy: 66.71%, staleness : 4
Accuracy per label after aggregation : ['0:73.90%', '1:76.90%', '2:50.20%', '3:44.10%', '4:62.40%', '5:57.40%', '6:77.00%', '7:73.70%', '8:79.30%', '9:72.20%']

-----------------------------------------------------

Central server round 228 started
Model sent from central server with 100msec communication time, with loss :1.30, accuracy : 66.71%
Accuracy per label : ['0:73.90%', '1:76.90%', '2:50.20%', '3:44.10%', '4:62.40%', '5:57.40%', '6:77.00%', '7:73.70%', '8:79.30%', '9:72.20%']
The model is from round 223 from central server, staleness is 4

Cluster round 1 completed, aggregated models from all the clients, time past : 800msec, loss : 1.31, accuracy 66.27%
Accuracy per label : ['0:74.10%', '1:76.70%', '2:49.00%', '3:46.90%', '4:59.90%', '5:55.90%', '6:75.60%', '7:72.00%', '8:81.30%', '9:71.30%']

Cluster round 2 completed, aggregated models from all the clients, time past : 1500msec, loss : 1.36, accuracy 65.68%
Accuracy per label : ['0:71.70%', '1:77.60%', '2:50.80%', '3:44.10%', '4:57.20%', '5:57.50%', '6:75.70%', '7:73.00%', '8:80.50%', '9:68.70%']

Cluster round 3 completed, aggregated models from all the clients, time past : 2200msec, loss : 1.39, accuracy 65.71%
Accuracy per label : ['0:73.20%', '1:78.60%', '2:49.80%', '3:48.30%', '4:57.80%', '5:53.40%', '6:76.00%', '7:71.60%', '8:79.40%', '9:69.00%']

Before aggregation, loss : 1.31, accuracy : 66.93%
Before aggregation, accuracy per label : ['0:74.70%', '1:76.70%', '2:50.90%', '3:44.30%', '4:62.70%', '5:57.60%', '6:76.40%', '7:73.80%', '8:79.40%', '9:72.80%']
Aggregation to central server completed at central server round 250, loss : 1.31, accuracy: 66.83%, staleness : 4
Accuracy per label after aggregation : ['0:74.30%', '1:76.90%', '2:50.40%', '3:44.50%', '4:62.40%', '5:57.30%', '6:76.80%', '7:73.50%', '8:79.50%', '9:72.70%']

-----------------------------------------------------

Central server round 233 started
Model sent from central server with 100msec communication time, with loss :1.31, accuracy : 66.83%
Accuracy per label : ['0:74.30%', '1:76.90%', '2:50.40%', '3:44.50%', '4:62.40%', '5:57.30%', '6:76.80%', '7:73.50%', '8:79.50%', '9:72.70%']
The model is from round 228 from central server, staleness is 4

Cluster round 1 completed, aggregated models from all the clients, time past : 800msec, loss : 1.31, accuracy 66.07%
Accuracy per label : ['0:72.50%', '1:76.00%', '2:48.50%', '3:43.90%', '4:57.80%', '5:58.30%', '6:77.10%', '7:72.70%', '8:81.10%', '9:72.80%']

Cluster round 2 completed, aggregated models from all the clients, time past : 1500msec, loss : 1.37, accuracy 65.75%
Accuracy per label : ['0:70.50%', '1:78.60%', '2:49.70%', '3:45.90%', '4:56.50%', '5:55.30%', '6:77.10%', '7:72.80%', '8:80.50%', '9:70.60%']

Cluster round 3 completed, aggregated models from all the clients, time past : 2200msec, loss : 1.41, accuracy 65.62%
Accuracy per label : ['0:73.50%', '1:78.70%', '2:49.90%', '3:45.50%', '4:58.00%', '5:54.90%', '6:75.50%', '7:73.10%', '8:79.10%', '9:68.00%']

Before aggregation, loss : 1.31, accuracy : 67.02%
Before aggregation, accuracy per label : ['0:74.00%', '1:76.70%', '2:50.90%', '3:44.60%', '4:63.10%', '5:57.70%', '6:77.10%', '7:73.80%', '8:79.70%', '9:72.60%']
Aggregation to central server completed at central server round 250, loss : 1.31, accuracy: 66.94%, staleness : 4
Accuracy per label after aggregation : ['0:73.80%', '1:77.00%', '2:50.50%', '3:44.40%', '4:62.80%', '5:57.70%', '6:77.00%', '7:74.00%', '8:79.60%', '9:72.60%']

-----------------------------------------------------

Central server round 238 started
Model sent from central server with 100msec communication time, with loss :1.31, accuracy : 66.94%
Accuracy per label : ['0:73.80%', '1:77.00%', '2:50.50%', '3:44.40%', '4:62.80%', '5:57.70%', '6:77.00%', '7:74.00%', '8:79.60%', '9:72.60%']
The model is from round 233 from central server, staleness is 4

Cluster round 1 completed, aggregated models from all the clients, time past : 800msec, loss : 1.32, accuracy 66.03%
Accuracy per label : ['0:72.30%', '1:77.50%', '2:50.20%', '3:45.60%', '4:56.50%', '5:54.60%', '6:76.70%', '7:74.50%', '8:80.80%', '9:71.60%']

Cluster round 2 completed, aggregated models from all the clients, time past : 1500msec, loss : 1.37, accuracy 65.96%
Accuracy per label : ['0:73.00%', '1:78.10%', '2:48.60%', '3:45.70%', '4:58.30%', '5:54.10%', '6:75.70%', '7:73.60%', '8:80.40%', '9:72.10%']

Cluster round 3 completed, aggregated models from all the clients, time past : 2200msec, loss : 1.40, accuracy 65.62%
Accuracy per label : ['0:72.40%', '1:77.70%', '2:48.80%', '3:45.20%', '4:57.70%', '5:57.30%', '6:74.90%', '7:71.60%', '8:80.30%', '9:70.30%']

Before aggregation, loss : 1.32, accuracy : 66.87%
Before aggregation, accuracy per label : ['0:73.50%', '1:77.10%', '2:50.60%', '3:44.00%', '4:63.00%', '5:57.90%', '6:77.20%', '7:73.80%', '8:79.30%', '9:72.30%']
Aggregation to central server completed at central server round 250, loss : 1.32, accuracy: 66.80%, staleness : 4
Accuracy per label after aggregation : ['0:73.10%', '1:77.20%', '2:50.30%', '3:44.30%', '4:62.80%', '5:58.20%', '6:76.80%', '7:73.70%', '8:79.50%', '9:72.10%']

-----------------------------------------------------

Central server round 243 started
Model sent from central server with 100msec communication time, with loss :1.32, accuracy : 66.80%
Accuracy per label : ['0:73.10%', '1:77.20%', '2:50.30%', '3:44.30%', '4:62.80%', '5:58.20%', '6:76.80%', '7:73.70%', '8:79.50%', '9:72.10%']
The model is from round 238 from central server, staleness is 4

Cluster round 1 completed, aggregated models from all the clients, time past : 800msec, loss : 1.32, accuracy 66.01%
Accuracy per label : ['0:71.80%', '1:76.30%', '2:52.00%', '3:46.80%', '4:57.90%', '5:55.50%', '6:76.40%', '7:71.90%', '8:80.20%', '9:71.30%']

Cluster round 2 completed, aggregated models from all the clients, time past : 1500msec, loss : 1.38, accuracy 65.88%
Accuracy per label : ['0:70.50%', '1:77.90%', '2:51.10%', '3:43.70%', '4:58.50%', '5:57.80%', '6:75.10%', '7:73.70%', '8:81.40%', '9:69.10%']

Cluster round 3 completed, aggregated models from all the clients, time past : 2200msec, loss : 1.41, accuracy 66.00%
Accuracy per label : ['0:73.10%', '1:76.30%', '2:51.40%', '3:46.50%', '4:57.80%', '5:55.50%', '6:74.50%', '7:73.50%', '8:79.80%', '9:71.60%']

Before aggregation, loss : 1.33, accuracy : 66.91%
Before aggregation, accuracy per label : ['0:74.20%', '1:77.00%', '2:50.40%', '3:44.20%', '4:63.00%', '5:57.60%', '6:77.20%', '7:73.90%', '8:79.20%', '9:72.40%']
Aggregation to central server completed at central server round 250, loss : 1.33, accuracy: 66.97%, staleness : 4
Accuracy per label after aggregation : ['0:74.20%', '1:76.90%', '2:50.60%', '3:44.00%', '4:62.80%', '5:58.00%', '6:77.20%', '7:74.10%', '8:79.60%', '9:72.30%']

-----------------------------------------------------

Central server round 248 started
Model sent from central server with 100msec communication time, with loss :1.33, accuracy : 66.97%
Accuracy per label : ['0:74.20%', '1:76.90%', '2:50.60%', '3:44.00%', '4:62.80%', '5:58.00%', '6:77.20%', '7:74.10%', '8:79.60%', '9:72.30%']
The model is from round 243 from central server, staleness is 4

Cluster round 1 completed, aggregated models from all the clients, time past : 800msec, loss : 1.32, accuracy 66.27%
Accuracy per label : ['0:72.40%', '1:78.40%', '2:52.70%', '3:46.40%', '4:58.00%', '5:55.10%', '6:75.70%', '7:73.00%', '8:79.40%', '9:71.60%']

Cluster round 2 completed, aggregated models from all the clients, time past : 1500msec, loss : 1.38, accuracy 66.06%
Accuracy per label : ['0:72.10%', '1:76.10%', '2:50.50%', '3:44.60%', '4:57.80%', '5:56.30%', '6:76.20%', '7:74.50%', '8:79.90%', '9:72.60%']

Cluster round 3 completed, aggregated models from all the clients, time past : 2200msec, loss : 1.42, accuracy 65.83%
Accuracy per label : ['0:72.20%', '1:77.90%', '2:50.70%', '3:48.40%', '4:56.80%', '5:54.20%', '6:76.10%', '7:71.50%', '8:79.50%', '9:71.00%']

Before aggregation, loss : 1.33, accuracy : 66.97%
Before aggregation, accuracy per label : ['0:74.30%', '1:76.60%', '2:50.50%', '3:44.30%', '4:63.00%', '5:58.20%', '6:76.80%', '7:74.30%', '8:79.40%', '9:72.30%']
Aggregation to central server completed at central server round 250, loss : 1.33, accuracy: 66.86%, staleness : 4
Accuracy per label after aggregation : ['0:73.90%', '1:76.70%', '2:50.30%', '3:44.50%', '4:62.70%', '5:57.90%', '6:76.80%', '7:73.80%', '8:79.60%', '9:72.40%']

