Unique id : 0, dataset size : 569
Communication time : 100, Computation time per batch : 100, Training time : 18200
['0:0.00%', '1:0.00%', '2:0.00%', '3:53.95%', '4:0.00%', '5:0.00%', '6:0.00%', '7:46.05%', '8:0.00%', '9:0.00%']
Divergence : jsd 0.6020, tvd 0.7934
labels from the first batch :[7, 7, 3, 7, 3, 3, 7, 3, 7, 7, 7, 3, 3, 3, 3, 7, 7, 3, 3, 7, 3, 3, 3, 3, 7, 7, 7, 3, 3, 3, 7, 3]

Unique id : 1, dataset size : 540
Communication time : 100, Computation time per batch : 100, Training time : 17200
['0:0.00%', '1:0.00%', '2:0.00%', '3:0.00%', '4:0.00%', '5:0.00%', '6:49.81%', '7:0.00%', '8:0.00%', '9:50.19%']
Divergence : jsd 0.6129, tvd 0.8022
labels from the first batch :[9, 9, 6, 9, 6, 6, 9, 6, 6, 6, 6, 6, 6, 9, 9, 6, 9, 9, 9, 9, 6, 6, 6, 9, 6, 9, 6, 6, 6, 9, 9, 6]

Unique id : 2, dataset size : 734
Communication time : 100, Computation time per batch : 100, Training time : 23200
['0:0.00%', '1:0.00%', '2:58.04%', '3:0.00%', '4:41.96%', '5:0.00%', '6:0.00%', '7:0.00%', '8:0.00%', '9:0.00%']
Divergence : jsd 0.6157, tvd 0.8033
labels from the first batch :[2, 4, 2, 2, 2, 4, 4, 2, 2, 4, 2, 4, 2, 4, 2, 2, 2, 2, 2, 2, 4, 2, 2, 4, 4, 4, 4, 4, 2, 2, 2, 2]

Unique id : 3, dataset size : 627
Communication time : 100, Computation time per batch : 100, Training time : 20200
['0:0.00%', '1:0.00%', '2:0.00%', '3:0.00%', '4:49.12%', '5:50.88%', '6:0.00%', '7:0.00%', '8:0.00%', '9:0.00%']
Divergence : jsd 0.6263, tvd 0.8123
labels from the first batch :[5, 5, 4, 4, 5, 5, 4, 5, 5, 4, 5, 5, 4, 4, 4, 4, 4, 4, 5, 4, 4, 5, 5, 5, 4, 5, 4, 5, 4, 4, 4, 4]

Unique id : 4, dataset size : 697
Communication time : 100, Computation time per batch : 100, Training time : 22200
['0:0.00%', '1:0.00%', '2:61.12%', '3:0.00%', '4:0.00%', '5:0.00%', '6:0.00%', '7:0.00%', '8:0.00%', '9:38.88%']
Divergence : jsd 0.6150, tvd 0.8015
labels from the first batch :[2, 9, 2, 2, 2, 2, 9, 2, 2, 9, 9, 2, 9, 9, 2, 9, 9, 9, 2, 2, 9, 2, 2, 9, 9, 2, 2, 2, 2, 2, 9, 2]

Unique id : 5, dataset size : 664
Communication time : 100, Computation time per batch : 100, Training time : 21200
['0:0.00%', '1:0.00%', '2:0.00%', '3:0.00%', '4:0.00%', '5:48.04%', '6:0.00%', '7:0.00%', '8:51.96%', '9:0.00%']
Divergence : jsd 0.6259, tvd 0.8121
labels from the first batch :[8, 5, 8, 8, 5, 8, 8, 8, 8, 8, 5, 5, 8, 5, 5, 8, 8, 8, 8, 8, 8, 5, 5, 8, 5, 5, 8, 5, 5, 5, 5, 8]

Unique id : 6, dataset size : 657
Communication time : 100, Computation time per batch : 100, Training time : 21200
['0:47.49%', '1:0.00%', '2:0.00%', '3:0.00%', '4:0.00%', '5:0.00%', '6:0.00%', '7:0.00%', '8:52.51%', '9:0.00%']
Divergence : jsd 0.6151, tvd 0.8038
labels from the first batch :[0, 0, 0, 8, 8, 8, 0, 8, 8, 8, 8, 8, 8, 0, 8, 8, 8, 0, 0, 0, 8, 8, 8, 8, 8, 8, 0, 8, 0, 8, 0, 8]

Unique id : 7, dataset size : 695
Communication time : 100, Computation time per batch : 100, Training time : 22200
['0:0.00%', '1:0.00%', '2:61.29%', '3:0.00%', '4:0.00%', '5:0.00%', '6:38.71%', '7:0.00%', '8:0.00%', '9:0.00%']
Divergence : jsd 0.6157, tvd 0.8021
labels from the first batch :[6, 2, 6, 2, 6, 2, 2, 2, 2, 2, 6, 6, 6, 2, 2, 2, 6, 6, 2, 6, 6, 6, 6, 2, 2, 6, 2, 2, 6, 2, 2, 2]

Unique id : 8, dataset size : 579
Communication time : 100, Computation time per batch : 100, Training time : 19200
['0:0.00%', '1:0.00%', '2:0.00%', '3:0.00%', '4:53.20%', '5:0.00%', '6:0.00%', '7:0.00%', '8:0.00%', '9:46.80%']
Divergence : jsd 0.6148, tvd 0.8035
labels from the first batch :[9, 4, 9, 4, 9, 9, 9, 4, 4, 9, 4, 9, 9, 4, 9, 4, 9, 4, 4, 4, 4, 4, 4, 4, 9, 4, 4, 9, 4, 4, 4, 9]

Unique id : 9, dataset size : 573
Communication time : 100, Computation time per batch : 100, Training time : 18200
['0:54.45%', '1:0.00%', '2:0.00%', '3:0.00%', '4:0.00%', '5:0.00%', '6:0.00%', '7:45.55%', '8:0.00%', '9:0.00%']
Divergence : jsd 0.6068, tvd 0.7969
labels from the first batch :[7, 0, 0, 7, 7, 0, 0, 7, 0, 0, 7, 0, 7, 7, 0, 0, 0, 0, 7, 7, 0, 7, 0, 0, 0, 0, 7, 7, 0, 7, 7, 7]

Unique id : 10, dataset size : 530
Communication time : 100, Computation time per batch : 100, Training time : 17200
['0:0.00%', '1:0.00%', '2:0.00%', '3:0.00%', '4:0.00%', '5:0.00%', '6:50.75%', '7:49.25%', '8:0.00%', '9:0.00%']
Divergence : jsd 0.6062, tvd 0.7970
labels from the first batch :[7, 7, 7, 7, 6, 7, 7, 7, 6, 6, 6, 7, 7, 7, 7, 7, 6, 6, 7, 7, 6, 7, 6, 6, 6, 7, 6, 6, 6, 7, 6, 6]

Unique id : 11, dataset size : 567
Communication time : 100, Computation time per batch : 100, Training time : 18200
['0:0.00%', '1:45.86%', '2:0.00%', '3:54.14%', '4:0.00%', '5:0.00%', '6:0.00%', '7:0.00%', '8:0.00%', '9:0.00%']
Divergence : jsd 0.5926, tvd 0.7854
labels from the first batch :[3, 3, 1, 3, 1, 3, 3, 1, 3, 3, 3, 1, 3, 1, 3, 3, 1, 3, 1, 3, 3, 3, 3, 3, 3, 3, 3, 3, 1, 3, 3, 3]

Unique id : 12, dataset size : 733
Communication time : 100, Computation time per batch : 100, Training time : 23200
['0:0.00%', '1:0.00%', '2:58.12%', '3:41.88%', '4:0.00%', '5:0.00%', '6:0.00%', '7:0.00%', '8:0.00%', '9:0.00%']
Divergence : jsd 0.6100, tvd 0.7985
labels from the first batch :[2, 3, 3, 2, 2, 2, 2, 2, 2, 2, 3, 2, 3, 2, 3, 2, 3, 3, 2, 3, 3, 3, 3, 2, 3, 3, 2, 3, 2, 3, 2, 2]

Unique id : 13, dataset size : 664
Communication time : 100, Computation time per batch : 100, Training time : 21200
['0:0.00%', '1:0.00%', '2:0.00%', '3:0.00%', '4:0.00%', '5:48.04%', '6:0.00%', '7:0.00%', '8:51.96%', '9:0.00%']
Divergence : jsd 0.6259, tvd 0.8121
labels from the first batch :[8, 8, 5, 5, 8, 5, 8, 5, 8, 8, 8, 5, 5, 8, 5, 5, 8, 8, 8, 5, 8, 8, 8, 8, 8, 5, 8, 5, 5, 5, 5, 5]

Unique id : 14, dataset size : 569
Communication time : 100, Computation time per batch : 100, Training time : 18200
['0:0.00%', '1:0.00%', '2:0.00%', '3:0.00%', '4:54.13%', '5:0.00%', '6:0.00%', '7:45.87%', '8:0.00%', '9:0.00%']
Divergence : jsd 0.6085, tvd 0.7982
labels from the first batch :[7, 7, 7, 7, 4, 4, 4, 4, 4, 4, 7, 7, 4, 4, 4, 4, 4, 7, 4, 7, 4, 7, 7, 7, 7, 4, 4, 7, 4, 7, 7, 7]

Unique id : 15, dataset size : 581
Communication time : 100, Computation time per batch : 100, Training time : 19200
['0:53.70%', '1:0.00%', '2:0.00%', '3:0.00%', '4:0.00%', '5:0.00%', '6:46.30%', '7:0.00%', '8:0.00%', '9:0.00%']
Divergence : jsd 0.6137, tvd 0.8027
labels from the first batch :[6, 0, 0, 0, 6, 0, 6, 0, 0, 6, 0, 0, 6, 0, 0, 0, 6, 0, 6, 6, 0, 6, 6, 6, 0, 0, 0, 0, 0, 0, 6, 6]

Unique id : 16, dataset size : 567
Communication time : 100, Computation time per batch : 100, Training time : 18200
['0:0.00%', '1:45.86%', '2:0.00%', '3:54.14%', '4:0.00%', '5:0.00%', '6:0.00%', '7:0.00%', '8:0.00%', '9:0.00%']
Divergence : jsd 0.5926, tvd 0.7854
labels from the first batch :[3, 3, 1, 1, 3, 1, 1, 3, 3, 1, 3, 3, 3, 3, 3, 1, 3, 3, 3, 3, 3, 3, 3, 3, 3, 1, 1, 1, 1, 1, 1, 3]

Unique id : 17, dataset size : 529
Communication time : 100, Computation time per batch : 100, Training time : 17200
['0:0.00%', '1:49.15%', '2:0.00%', '3:0.00%', '4:0.00%', '5:0.00%', '6:50.85%', '7:0.00%', '8:0.00%', '9:0.00%']
Divergence : jsd 0.5964, tvd 0.7890
labels from the first batch :[1, 6, 1, 6, 1, 6, 1, 6, 6, 6, 6, 1, 1, 6, 6, 1, 6, 6, 1, 1, 1, 1, 1, 6, 1, 1, 6, 1, 1, 6, 1, 6]

Unique id : 18, dataset size : 532
Communication time : 100, Computation time per batch : 100, Training time : 17200
['0:0.00%', '1:0.00%', '2:0.00%', '3:0.00%', '4:0.00%', '5:0.00%', '6:0.00%', '7:49.06%', '8:0.00%', '9:50.94%']
Divergence : jsd 0.6055, tvd 0.7964
labels from the first batch :[7, 7, 7, 7, 9, 7, 9, 7, 7, 7, 9, 9, 9, 9, 9, 9, 9, 7, 7, 7, 7, 7, 7, 7, 9, 9, 7, 7, 7, 9, 7, 9]

Unique id : 19, dataset size : 529
Communication time : 100, Computation time per batch : 100, Training time : 17200
['0:0.00%', '1:49.15%', '2:0.00%', '3:0.00%', '4:0.00%', '5:0.00%', '6:50.85%', '7:0.00%', '8:0.00%', '9:0.00%']
Divergence : jsd 0.5964, tvd 0.7890
labels from the first batch :[1, 6, 1, 1, 1, 1, 1, 6, 1, 1, 6, 6, 6, 1, 6, 6, 1, 6, 1, 1, 6, 1, 1, 6, 6, 6, 1, 6, 1, 1, 6, 1]

Unique id : 20, dataset size : 613
Communication time : 100, Computation time per batch : 100, Training time : 20200
['0:0.00%', '1:0.00%', '2:0.00%', '3:0.00%', '4:0.00%', '5:0.00%', '6:43.88%', '7:0.00%', '8:56.12%', '9:0.00%']
Divergence : jsd 0.6160, tvd 0.8039
labels from the first batch :[8, 6, 8, 6, 8, 8, 8, 8, 8, 6, 6, 6, 8, 6, 6, 8, 6, 6, 6, 8, 8, 8, 8, 8, 6, 6, 8, 8, 6, 8, 8, 8]

Unique id : 21, dataset size : 663
Communication time : 100, Computation time per batch : 100, Training time : 21200
['0:0.00%', '1:0.00%', '2:0.00%', '3:0.00%', '4:0.00%', '5:48.11%', '6:0.00%', '7:0.00%', '8:51.89%', '9:0.00%']
Divergence : jsd 0.6259, tvd 0.8121
labels from the first batch :[5, 5, 8, 8, 8, 5, 8, 8, 8, 8, 5, 8, 8, 8, 5, 8, 5, 8, 5, 8, 5, 5, 5, 8, 5, 5, 8, 5, 8, 8, 8, 8]

Unique id : 22, dataset size : 531
Communication time : 100, Computation time per batch : 100, Training time : 17200
['0:0.00%', '1:48.96%', '2:0.00%', '3:0.00%', '4:0.00%', '5:0.00%', '6:0.00%', '7:0.00%', '8:0.00%', '9:51.04%']
Divergence : jsd 0.5957, tvd 0.7885
labels from the first batch :[1, 1, 1, 9, 1, 9, 1, 9, 9, 1, 9, 9, 9, 1, 9, 9, 9, 1, 9, 1, 9, 1, 9, 1, 9, 1, 1, 9, 9, 9, 1, 9]

Unique id : 23, dataset size : 738
Communication time : 100, Computation time per batch : 100, Training time : 24200
['0:42.28%', '1:0.00%', '2:57.72%', '3:0.00%', '4:0.00%', '5:0.00%', '6:0.00%', '7:0.00%', '8:0.00%', '9:0.00%']
Divergence : jsd 0.6139, tvd 0.8020
labels from the first batch :[0, 2, 2, 2, 2, 2, 0, 2, 2, 2, 0, 2, 0, 2, 2, 2, 0, 0, 2, 0, 2, 2, 0, 2, 0, 2, 2, 2, 0, 2, 0, 0]

Unique id : 24, dataset size : 569
Communication time : 100, Computation time per batch : 100, Training time : 18200
['0:0.00%', '1:0.00%', '2:0.00%', '3:0.00%', '4:54.13%', '5:0.00%', '6:0.00%', '7:45.87%', '8:0.00%', '9:0.00%']
Divergence : jsd 0.6085, tvd 0.7982
labels from the first batch :[4, 7, 7, 4, 7, 7, 4, 4, 4, 4, 7, 4, 4, 7, 4, 7, 7, 7, 4, 7, 7, 4, 4, 7, 7, 7, 7, 4, 7, 7, 7, 7]

Unique id : 25, dataset size : 620
Communication time : 100, Computation time per batch : 100, Training time : 20200
['0:50.32%', '1:0.00%', '2:0.00%', '3:0.00%', '4:49.68%', '5:0.00%', '6:0.00%', '7:0.00%', '8:0.00%', '9:0.00%']
Divergence : jsd 0.6151, tvd 0.8039
labels from the first batch :[0, 0, 4, 4, 4, 0, 4, 4, 4, 4, 0, 4, 4, 4, 4, 0, 0, 4, 0, 4, 4, 4, 0, 4, 4, 0, 0, 0, 4, 4, 0, 0]

Unique id : 26, dataset size : 615
Communication time : 100, Computation time per batch : 100, Training time : 20200
['0:0.00%', '1:0.00%', '2:0.00%', '3:49.92%', '4:50.08%', '5:0.00%', '6:0.00%', '7:0.00%', '8:0.00%', '9:0.00%']
Divergence : jsd 0.6106, tvd 0.8005
labels from the first batch :[3, 4, 3, 3, 3, 3, 4, 4, 3, 4, 4, 4, 3, 4, 3, 4, 4, 4, 3, 4, 3, 3, 3, 3, 4, 3, 4, 3, 4, 4, 3, 4]

Unique id : 27, dataset size : 583
Communication time : 100, Computation time per batch : 100, Training time : 19200
['0:53.52%', '1:0.00%', '2:0.00%', '3:0.00%', '4:0.00%', '5:0.00%', '6:0.00%', '7:0.00%', '8:0.00%', '9:46.48%']
Divergence : jsd 0.6131, tvd 0.8021
labels from the first batch :[0, 9, 9, 9, 9, 9, 0, 0, 0, 0, 0, 0, 9, 0, 0, 0, 0, 0, 9, 0, 0, 9, 0, 9, 0, 0, 0, 0, 0, 0, 0, 9]

Unique id : 28, dataset size : 577
Communication time : 100, Computation time per batch : 100, Training time : 19200
['0:0.00%', '1:0.00%', '2:0.00%', '3:0.00%', '4:53.38%', '5:0.00%', '6:46.62%', '7:0.00%', '8:0.00%', '9:0.00%']
Divergence : jsd 0.6155, tvd 0.8040
labels from the first batch :[4, 6, 4, 6, 4, 6, 4, 4, 4, 6, 6, 6, 4, 6, 4, 4, 4, 4, 6, 4, 4, 4, 6, 6, 4, 6, 4, 6, 4, 6, 4, 6]

Unique id : 29, dataset size : 620
Communication time : 100, Computation time per batch : 100, Training time : 20200
['0:50.32%', '1:0.00%', '2:0.00%', '3:0.00%', '4:49.68%', '5:0.00%', '6:0.00%', '7:0.00%', '8:0.00%', '9:0.00%']
Divergence : jsd 0.6151, tvd 0.8039
labels from the first batch :[0, 4, 0, 4, 0, 0, 0, 0, 4, 4, 0, 4, 4, 4, 0, 4, 4, 4, 0, 0, 0, 0, 4, 4, 4, 4, 4, 0, 0, 4, 0, 0]

Unique id : 30, dataset size : 697
Communication time : 100, Computation time per batch : 100, Training time : 22200
['0:0.00%', '1:0.00%', '2:61.12%', '3:0.00%', '4:0.00%', '5:0.00%', '6:0.00%', '7:0.00%', '8:0.00%', '9:38.88%']
Divergence : jsd 0.6150, tvd 0.8015
labels from the first batch :[2, 2, 9, 2, 9, 2, 2, 2, 2, 2, 9, 2, 9, 9, 2, 2, 2, 9, 2, 9, 9, 2, 2, 9, 9, 2, 2, 2, 2, 2, 2, 2]

Unique id : 31, dataset size : 615
Communication time : 100, Computation time per batch : 100, Training time : 20200
['0:0.00%', '1:0.00%', '2:0.00%', '3:0.00%', '4:0.00%', '5:0.00%', '6:0.00%', '7:0.00%', '8:55.93%', '9:44.07%']
Divergence : jsd 0.6153, tvd 0.8033
labels from the first batch :[8, 8, 9, 8, 8, 8, 8, 9, 8, 8, 9, 9, 9, 8, 8, 9, 8, 9, 9, 9, 9, 8, 9, 9, 9, 9, 8, 8, 9, 9, 9, 8]

Unique id : 32, dataset size : 626
Communication time : 100, Computation time per batch : 100, Training time : 20200
['0:0.00%', '1:0.00%', '2:0.00%', '3:49.04%', '4:0.00%', '5:50.96%', '6:0.00%', '7:0.00%', '8:0.00%', '9:0.00%']
Divergence : jsd 0.6201, tvd 0.8075
labels from the first batch :[3, 3, 5, 3, 3, 5, 3, 3, 3, 5, 3, 5, 3, 5, 3, 3, 3, 3, 3, 5, 3, 3, 3, 3, 5, 5, 5, 3, 3, 5, 3, 5]

Unique id : 33, dataset size : 605
Communication time : 100, Computation time per batch : 100, Training time : 19200
['0:0.00%', '1:0.00%', '2:0.00%', '3:0.00%', '4:0.00%', '5:0.00%', '6:0.00%', '7:43.14%', '8:56.86%', '9:0.00%']
Divergence : jsd 0.6093, tvd 0.7981
labels from the first batch :[8, 7, 8, 8, 7, 8, 7, 8, 8, 7, 8, 7, 7, 7, 8, 8, 8, 7, 7, 8, 8, 8, 7, 8, 8, 7, 7, 8, 8, 8, 8, 8]

Unique id : 34, dataset size : 530
Communication time : 100, Computation time per batch : 100, Training time : 17200
['0:0.00%', '1:0.00%', '2:0.00%', '3:0.00%', '4:0.00%', '5:0.00%', '6:50.75%', '7:49.25%', '8:0.00%', '9:0.00%']
Divergence : jsd 0.6062, tvd 0.7970
labels from the first batch :[6, 7, 6, 7, 6, 6, 7, 7, 6, 7, 7, 7, 7, 7, 6, 6, 7, 7, 7, 7, 6, 6, 7, 6, 6, 6, 6, 6, 7, 7, 7, 6]

Unique id : 35, dataset size : 604
Communication time : 100, Computation time per batch : 100, Training time : 19200
['0:0.00%', '1:43.05%', '2:0.00%', '3:0.00%', '4:0.00%', '5:0.00%', '6:0.00%', '7:0.00%', '8:56.95%', '9:0.00%']
Divergence : jsd 0.6001, tvd 0.7901
labels from the first batch :[8, 8, 8, 1, 8, 8, 1, 8, 1, 1, 1, 1, 1, 1, 8, 8, 8, 8, 1, 1, 8, 8, 1, 1, 1, 1, 8, 1, 8, 8, 8, 8]

Unique id : 36, dataset size : 567
Communication time : 100, Computation time per batch : 100, Training time : 18200
['0:0.00%', '1:45.86%', '2:0.00%', '3:54.14%', '4:0.00%', '5:0.00%', '6:0.00%', '7:0.00%', '8:0.00%', '9:0.00%']
Divergence : jsd 0.5926, tvd 0.7854
labels from the first batch :[3, 3, 3, 1, 1, 3, 1, 3, 1, 3, 1, 3, 3, 1, 3, 1, 1, 1, 3, 1, 1, 1, 3, 3, 1, 3, 1, 1, 3, 1, 1, 1]

Unique id : 37, dataset size : 568
Communication time : 100, Computation time per batch : 100, Training time : 18200
['0:0.00%', '1:0.00%', '2:0.00%', '3:0.00%', '4:54.05%', '5:0.00%', '6:0.00%', '7:45.95%', '8:0.00%', '9:0.00%']
Divergence : jsd 0.6085, tvd 0.7982
labels from the first batch :[4, 7, 4, 7, 4, 4, 7, 4, 7, 4, 4, 7, 4, 7, 7, 7, 7, 4, 4, 7, 4, 7, 7, 7, 4, 4, 7, 7, 7, 4, 4, 4]

Unique id : 38, dataset size : 614
Communication time : 100, Computation time per batch : 100, Training time : 20200
['0:0.00%', '1:0.00%', '2:0.00%', '3:50.00%', '4:50.00%', '5:0.00%', '6:0.00%', '7:0.00%', '8:0.00%', '9:0.00%']
Divergence : jsd 0.6106, tvd 0.8004
labels from the first batch :[3, 3, 4, 4, 4, 4, 3, 3, 4, 4, 4, 3, 3, 4, 4, 3, 3, 3, 3, 3, 3, 3, 4, 3, 4, 3, 4, 3, 3, 3, 3, 4]

Unique id : 39, dataset size : 619
Communication time : 100, Computation time per batch : 100, Training time : 20200
['0:50.40%', '1:0.00%', '2:0.00%', '3:49.60%', '4:0.00%', '5:0.00%', '6:0.00%', '7:0.00%', '8:0.00%', '9:0.00%']
Divergence : jsd 0.6089, tvd 0.7991
labels from the first batch :[3, 0, 3, 0, 3, 0, 0, 3, 3, 3, 3, 0, 0, 3, 3, 0, 0, 3, 3, 0, 0, 3, 0, 0, 0, 3, 3, 3, 3, 3, 3, 3]

Unique id : 40, dataset size : 568
Communication time : 100, Computation time per batch : 100, Training time : 18200
['0:0.00%', '1:0.00%', '2:0.00%', '3:54.05%', '4:0.00%', '5:0.00%', '6:0.00%', '7:45.95%', '8:0.00%', '9:0.00%']
Divergence : jsd 0.6020, tvd 0.7934
labels from the first batch :[7, 7, 3, 3, 7, 7, 7, 7, 3, 3, 7, 7, 3, 3, 7, 3, 7, 3, 7, 7, 3, 7, 3, 7, 3, 3, 3, 3, 3, 7, 3, 3]

Unique id : 41, dataset size : 615
Communication time : 100, Computation time per batch : 100, Training time : 20200
['0:0.00%', '1:0.00%', '2:0.00%', '3:0.00%', '4:0.00%', '5:0.00%', '6:0.00%', '7:0.00%', '8:55.93%', '9:44.07%']
Divergence : jsd 0.6153, tvd 0.8033
labels from the first batch :[9, 8, 8, 9, 8, 8, 8, 9, 8, 9, 8, 9, 9, 9, 8, 9, 8, 9, 8, 8, 8, 8, 8, 8, 8, 9, 9, 8, 8, 9, 9, 9]

Unique id : 42, dataset size : 567
Communication time : 100, Computation time per batch : 100, Training time : 18200
['0:0.00%', '1:45.86%', '2:0.00%', '3:54.14%', '4:0.00%', '5:0.00%', '6:0.00%', '7:0.00%', '8:0.00%', '9:0.00%']
Divergence : jsd 0.5926, tvd 0.7854
labels from the first batch :[1, 1, 3, 1, 3, 1, 1, 1, 3, 1, 1, 1, 3, 3, 1, 1, 1, 3, 3, 1, 1, 1, 1, 1, 3, 1, 3, 3, 3, 1, 1, 1]

Unique id : 43, dataset size : 631
Communication time : 100, Computation time per batch : 100, Training time : 20200
['0:49.45%', '1:0.00%', '2:0.00%', '3:0.00%', '4:0.00%', '5:50.55%', '6:0.00%', '7:0.00%', '8:0.00%', '9:0.00%']
Divergence : jsd 0.6245, tvd 0.8109
labels from the first batch :[0, 0, 5, 5, 0, 5, 0, 5, 0, 0, 0, 0, 5, 0, 0, 5, 0, 0, 0, 5, 0, 0, 0, 0, 0, 0, 5, 0, 0, 0, 0, 0]

Unique id : 44, dataset size : 575
Communication time : 100, Computation time per batch : 100, Training time : 18200
['0:0.00%', '1:0.00%', '2:0.00%', '3:53.22%', '4:0.00%', '5:0.00%', '6:46.78%', '7:0.00%', '8:0.00%', '9:0.00%']
Divergence : jsd 0.6091, tvd 0.7992
labels from the first batch :[3, 3, 3, 6, 6, 3, 3, 3, 3, 3, 3, 3, 6, 3, 6, 3, 3, 6, 3, 6, 6, 3, 6, 6, 3, 3, 3, 3, 6, 3, 6, 3]

Unique id : 45, dataset size : 603
Communication time : 100, Computation time per batch : 100, Training time : 19200
['0:0.00%', '1:42.95%', '2:0.00%', '3:0.00%', '4:0.00%', '5:0.00%', '6:0.00%', '7:0.00%', '8:57.05%', '9:0.00%']
Divergence : jsd 0.6002, tvd 0.7901
labels from the first batch :[8, 8, 1, 8, 1, 1, 8, 8, 8, 8, 1, 8, 1, 1, 8, 8, 8, 1, 8, 1, 1, 8, 1, 1, 8, 8, 8, 8, 1, 8, 1, 8]

Unique id : 46, dataset size : 631
Communication time : 100, Computation time per batch : 100, Training time : 20200
['0:49.45%', '1:0.00%', '2:0.00%', '3:0.00%', '4:0.00%', '5:50.55%', '6:0.00%', '7:0.00%', '8:0.00%', '9:0.00%']
Divergence : jsd 0.6245, tvd 0.8109
labels from the first batch :[5, 5, 5, 0, 5, 0, 0, 0, 5, 5, 5, 0, 0, 0, 0, 5, 0, 0, 0, 5, 0, 0, 0, 5, 0, 0, 0, 5, 5, 5, 0, 5]

Unique id : 47, dataset size : 571
Communication time : 100, Computation time per batch : 100, Training time : 18200
['0:54.64%', '1:45.36%', '2:0.00%', '3:0.00%', '4:0.00%', '5:0.00%', '6:0.00%', '7:0.00%', '8:0.00%', '9:0.00%']
Divergence : jsd 0.5974, tvd 0.7889
labels from the first batch :[0, 0, 0, 0, 0, 1, 1, 0, 0, 1, 0, 0, 0, 1, 0, 1, 0, 1, 1, 0, 0, 1, 1, 0, 0, 0, 1, 0, 0, 1, 1, 1]

Unique id : 48, dataset size : 528
Communication time : 100, Computation time per batch : 100, Training time : 17200
['0:0.00%', '1:49.05%', '2:0.00%', '3:0.00%', '4:0.00%', '5:0.00%', '6:50.95%', '7:0.00%', '8:0.00%', '9:0.00%']
Divergence : jsd 0.5964, tvd 0.7890
labels from the first batch :[6, 6, 1, 1, 6, 6, 6, 1, 6, 6, 1, 6, 1, 1, 6, 1, 1, 1, 1, 1, 1, 6, 1, 6, 6, 1, 1, 1, 6, 6, 6, 1]

Unique id : 49, dataset size : 618
Communication time : 100, Computation time per batch : 100, Training time : 20200
['0:50.49%', '1:0.00%', '2:0.00%', '3:49.51%', '4:0.00%', '5:0.00%', '6:0.00%', '7:0.00%', '8:0.00%', '9:0.00%']
Divergence : jsd 0.6089, tvd 0.7991
labels from the first batch :[0, 0, 3, 3, 0, 0, 3, 0, 0, 0, 0, 0, 3, 3, 0, 0, 0, 0, 0, 0, 0, 0, 3, 3, 3, 3, 3, 3, 0, 3, 0, 3]

Unique id : 50, dataset size : 656
Communication time : 100, Computation time per batch : 100, Training time : 21200
['0:47.56%', '1:0.00%', '2:0.00%', '3:0.00%', '4:0.00%', '5:0.00%', '6:0.00%', '7:0.00%', '8:52.44%', '9:0.00%']
Divergence : jsd 0.6151, tvd 0.8038
labels from the first batch :[0, 8, 8, 8, 8, 8, 8, 8, 0, 8, 8, 0, 0, 0, 0, 8, 8, 8, 0, 8, 8, 8, 8, 8, 8, 0, 0, 8, 8, 0, 8, 8]

Unique id : 51, dataset size : 567
Communication time : 100, Computation time per batch : 100, Training time : 18200
['0:0.00%', '1:0.00%', '2:0.00%', '3:53.97%', '4:0.00%', '5:0.00%', '6:0.00%', '7:46.03%', '8:0.00%', '9:0.00%']
Divergence : jsd 0.6020, tvd 0.7934
labels from the first batch :[7, 7, 3, 3, 7, 7, 3, 3, 7, 3, 3, 3, 3, 7, 7, 3, 7, 7, 3, 3, 7, 7, 7, 7, 7, 3, 3, 3, 7, 7, 3, 3]

Unique id : 52, dataset size : 520
Communication time : 100, Computation time per batch : 100, Training time : 17200
['0:0.00%', '1:49.81%', '2:0.00%', '3:0.00%', '4:0.00%', '5:0.00%', '6:0.00%', '7:50.19%', '8:0.00%', '9:0.00%']
Divergence : jsd 0.5888, tvd 0.7832
labels from the first batch :[1, 1, 7, 7, 1, 1, 7, 7, 1, 7, 1, 1, 7, 7, 1, 1, 7, 7, 7, 7, 1, 7, 7, 1, 1, 1, 1, 7, 7, 7, 7, 7]

Unique id : 53, dataset size : 571
Communication time : 100, Computation time per batch : 100, Training time : 18200
['0:54.64%', '1:45.36%', '2:0.00%', '3:0.00%', '4:0.00%', '5:0.00%', '6:0.00%', '7:0.00%', '8:0.00%', '9:0.00%']
Divergence : jsd 0.5974, tvd 0.7889
labels from the first batch :[1, 0, 1, 1, 0, 1, 0, 0, 1, 0, 1, 0, 1, 1, 0, 1, 1, 1, 0, 1, 0, 1, 0, 0, 0, 0, 1, 1, 1, 1, 1, 1]

Unique id : 54, dataset size : 531
Communication time : 100, Computation time per batch : 100, Training time : 17200
['0:0.00%', '1:0.00%', '2:0.00%', '3:0.00%', '4:0.00%', '5:0.00%', '6:0.00%', '7:49.15%', '8:0.00%', '9:50.85%']
Divergence : jsd 0.6055, tvd 0.7964
labels from the first batch :[7, 7, 9, 9, 9, 7, 9, 9, 7, 9, 7, 7, 7, 7, 7, 9, 9, 7, 7, 9, 7, 9, 7, 7, 7, 7, 9, 7, 9, 7, 9, 9]

Unique id : 55, dataset size : 529
Communication time : 100, Computation time per batch : 100, Training time : 17200
['0:0.00%', '1:48.96%', '2:0.00%', '3:0.00%', '4:0.00%', '5:0.00%', '6:0.00%', '7:0.00%', '8:0.00%', '9:51.04%']
Divergence : jsd 0.5957, tvd 0.7885
labels from the first batch :[1, 1, 9, 9, 9, 1, 9, 9, 1, 9, 9, 1, 1, 1, 1, 9, 1, 9, 1, 1, 9, 1, 1, 9, 1, 1, 9, 9, 9, 9, 1, 9]

Unique id : 56, dataset size : 696
Communication time : 100, Computation time per batch : 100, Training time : 22200
['0:0.00%', '1:0.00%', '2:61.21%', '3:0.00%', '4:0.00%', '5:0.00%', '6:0.00%', '7:0.00%', '8:0.00%', '9:38.79%']
Divergence : jsd 0.6150, tvd 0.8015
labels from the first batch :[2, 2, 2, 2, 2, 2, 9, 9, 2, 2, 2, 9, 9, 2, 2, 2, 2, 2, 2, 2, 2, 2, 2, 2, 2, 2, 9, 9, 2, 9, 9, 2]

Unique id : 57, dataset size : 530
Communication time : 100, Computation time per batch : 100, Training time : 17200
['0:0.00%', '1:0.00%', '2:0.00%', '3:0.00%', '4:0.00%', '5:0.00%', '6:50.75%', '7:49.25%', '8:0.00%', '9:0.00%']
Divergence : jsd 0.6062, tvd 0.7970
labels from the first batch :[7, 6, 6, 6, 6, 7, 6, 6, 6, 7, 6, 6, 7, 7, 6, 7, 7, 6, 6, 7, 6, 6, 7, 7, 7, 7, 6, 7, 7, 7, 6, 7]

Unique id : 58, dataset size : 529
Communication time : 100, Computation time per batch : 100, Training time : 17200
['0:0.00%', '1:48.96%', '2:0.00%', '3:0.00%', '4:0.00%', '5:0.00%', '6:0.00%', '7:0.00%', '8:0.00%', '9:51.04%']
Divergence : jsd 0.5957, tvd 0.7885
labels from the first batch :[1, 9, 9, 9, 9, 9, 9, 9, 1, 9, 1, 1, 9, 9, 1, 1, 1, 1, 1, 1, 1, 1, 1, 1, 1, 1, 1, 1, 9, 1, 1, 1]

Unique id : 59, dataset size : 588
Communication time : 100, Computation time per batch : 100, Training time : 19200
['0:0.00%', '1:0.00%', '2:0.00%', '3:0.00%', '4:0.00%', '5:54.25%', '6:45.75%', '7:0.00%', '8:0.00%', '9:0.00%']
Divergence : jsd 0.6254, tvd 0.8110
labels from the first batch :[6, 6, 5, 6, 5, 5, 6, 5, 5, 5, 5, 5, 6, 6, 5, 5, 6, 5, 6, 6, 5, 6, 5, 6, 6, 5, 5, 6, 6, 5, 5, 6]

Unique id : 60, dataset size : 565
Communication time : 100, Computation time per batch : 100, Training time : 18200
['0:0.00%', '1:45.84%', '2:0.00%', '3:54.16%', '4:0.00%', '5:0.00%', '6:0.00%', '7:0.00%', '8:0.00%', '9:0.00%']
Divergence : jsd 0.5926, tvd 0.7854
labels from the first batch :[3, 1, 3, 1, 3, 1, 3, 1, 3, 3, 1, 3, 1, 1, 3, 3, 1, 3, 1, 1, 3, 3, 1, 1, 3, 1, 3, 1, 3, 1, 3, 3]

Unique id : 61, dataset size : 567
Communication time : 100, Computation time per batch : 100, Training time : 18200
['0:0.00%', '1:0.00%', '2:0.00%', '3:53.97%', '4:0.00%', '5:0.00%', '6:0.00%', '7:46.03%', '8:0.00%', '9:0.00%']
Divergence : jsd 0.6020, tvd 0.7934
labels from the first batch :[3, 3, 7, 3, 7, 7, 3, 7, 7, 7, 7, 3, 3, 7, 7, 3, 7, 7, 7, 7, 3, 7, 7, 3, 7, 3, 7, 3, 3, 3, 3, 3]

Unique id : 62, dataset size : 685
Communication time : 100, Computation time per batch : 100, Training time : 22200
['0:0.00%', '1:37.81%', '2:62.19%', '3:0.00%', '4:0.00%', '5:0.00%', '6:0.00%', '7:0.00%', '8:0.00%', '9:0.00%']
Divergence : jsd 0.6011, tvd 0.7883
labels from the first batch :[2, 2, 1, 1, 1, 2, 2, 1, 2, 2, 1, 2, 2, 1, 2, 2, 2, 2, 1, 1, 1, 1, 2, 1, 2, 1, 2, 2, 2, 1, 1, 2]

Unique id : 63, dataset size : 686
Communication time : 100, Computation time per batch : 100, Training time : 22200
['0:0.00%', '1:0.00%', '2:61.95%', '3:0.00%', '4:0.00%', '5:0.00%', '6:0.00%', '7:38.05%', '8:0.00%', '9:0.00%']
Divergence : jsd 0.6096, tvd 0.7963
labels from the first batch :[7, 2, 7, 7, 2, 7, 2, 2, 7, 7, 2, 2, 2, 2, 2, 2, 2, 2, 2, 2, 7, 2, 7, 2, 2, 2, 7, 7, 2, 2, 2, 7]

Unique id : 64, dataset size : 530
Communication time : 100, Computation time per batch : 100, Training time : 17200
['0:0.00%', '1:0.00%', '2:0.00%', '3:0.00%', '4:0.00%', '5:0.00%', '6:50.75%', '7:49.25%', '8:0.00%', '9:0.00%']
Divergence : jsd 0.6062, tvd 0.7970
labels from the first batch :[6, 6, 6, 6, 6, 7, 6, 7, 7, 6, 7, 6, 7, 7, 6, 6, 6, 7, 7, 6, 6, 6, 6, 6, 7, 6, 7, 7, 6, 6, 7, 6]

Unique id : 65, dataset size : 617
Communication time : 100, Computation time per batch : 100, Training time : 20200
['0:50.41%', '1:0.00%', '2:0.00%', '3:49.59%', '4:0.00%', '5:0.00%', '6:0.00%', '7:0.00%', '8:0.00%', '9:0.00%']
Divergence : jsd 0.6089, tvd 0.7991
labels from the first batch :[0, 3, 0, 3, 3, 3, 3, 0, 3, 3, 0, 0, 0, 0, 3, 0, 0, 0, 0, 3, 3, 3, 3, 0, 3, 0, 0, 0, 0, 0, 3, 3]

Unique id : 66, dataset size : 578
Communication time : 100, Computation time per batch : 100, Training time : 19200
['0:0.00%', '1:44.81%', '2:0.00%', '3:0.00%', '4:0.00%', '5:55.19%', '6:0.00%', '7:0.00%', '8:0.00%', '9:0.00%']
Divergence : jsd 0.6092, tvd 0.7973
labels from the first batch :[1, 1, 1, 1, 1, 1, 5, 5, 1, 1, 5, 5, 1, 1, 1, 1, 5, 5, 5, 1, 5, 1, 1, 1, 5, 1, 5, 1, 5, 5, 5, 1]

Unique id : 67, dataset size : 530
Communication time : 100, Computation time per batch : 100, Training time : 17200
['0:0.00%', '1:0.00%', '2:0.00%', '3:0.00%', '4:0.00%', '5:0.00%', '6:50.75%', '7:49.25%', '8:0.00%', '9:0.00%']
Divergence : jsd 0.6062, tvd 0.7970
labels from the first batch :[7, 7, 6, 6, 7, 6, 6, 6, 6, 7, 6, 7, 6, 7, 7, 6, 6, 7, 6, 7, 6, 6, 6, 6, 6, 6, 7, 7, 7, 7, 7, 6]

Unique id : 68, dataset size : 736
Communication time : 100, Computation time per batch : 100, Training time : 23200
['0:42.26%', '1:0.00%', '2:57.74%', '3:0.00%', '4:0.00%', '5:0.00%', '6:0.00%', '7:0.00%', '8:0.00%', '9:0.00%']
Divergence : jsd 0.6139, tvd 0.8020
labels from the first batch :[2, 2, 0, 2, 2, 2, 0, 0, 0, 2, 2, 0, 2, 0, 0, 2, 0, 2, 2, 2, 2, 2, 2, 2, 2, 0, 2, 0, 2, 2, 2, 2]

Unique id : 69, dataset size : 614
Communication time : 100, Computation time per batch : 100, Training time : 20200
['0:0.00%', '1:0.00%', '2:0.00%', '3:0.00%', '4:0.00%', '5:0.00%', '6:0.00%', '7:0.00%', '8:56.03%', '9:43.97%']
Divergence : jsd 0.6153, tvd 0.8033
labels from the first batch :[9, 9, 8, 9, 9, 9, 8, 9, 8, 9, 9, 8, 8, 8, 8, 8, 9, 9, 8, 9, 9, 8, 8, 9, 9, 8, 9, 8, 9, 9, 9, 9]

Unique id : 70, dataset size : 614
Communication time : 100, Computation time per batch : 100, Training time : 20200
['0:0.00%', '1:0.00%', '2:0.00%', '3:0.00%', '4:0.00%', '5:0.00%', '6:0.00%', '7:0.00%', '8:56.03%', '9:43.97%']
Divergence : jsd 0.6153, tvd 0.8033
labels from the first batch :[9, 9, 8, 8, 9, 9, 9, 8, 8, 8, 8, 9, 9, 9, 8, 8, 9, 8, 8, 9, 9, 9, 8, 8, 8, 8, 8, 9, 8, 9, 8, 9]

Unique id : 71, dataset size : 539
Communication time : 100, Computation time per batch : 100, Training time : 17200
['0:0.00%', '1:0.00%', '2:0.00%', '3:0.00%', '4:0.00%', '5:0.00%', '6:49.91%', '7:0.00%', '8:0.00%', '9:50.09%']
Divergence : jsd 0.6129, tvd 0.8022
labels from the first batch :[9, 9, 6, 6, 6, 9, 9, 6, 9, 9, 9, 6, 6, 6, 9, 6, 6, 6, 9, 9, 9, 9, 6, 9, 6, 6, 9, 9, 6, 9, 9, 6]

Unique id : 72, dataset size : 605
Communication time : 100, Computation time per batch : 100, Training time : 19200
['0:0.00%', '1:0.00%', '2:0.00%', '3:0.00%', '4:0.00%', '5:0.00%', '6:0.00%', '7:43.14%', '8:56.86%', '9:0.00%']
Divergence : jsd 0.6093, tvd 0.7981
labels from the first batch :[8, 8, 7, 8, 8, 7, 7, 8, 8, 7, 7, 7, 7, 8, 8, 7, 7, 8, 7, 8, 8, 7, 8, 7, 8, 8, 7, 8, 7, 8, 8, 8]

Unique id : 73, dataset size : 577
Communication time : 100, Computation time per batch : 100, Training time : 19200
['0:0.00%', '1:0.00%', '2:0.00%', '3:0.00%', '4:53.21%', '5:0.00%', '6:0.00%', '7:0.00%', '8:0.00%', '9:46.79%']
Divergence : jsd 0.6148, tvd 0.8035
labels from the first batch :[9, 9, 9, 9, 4, 9, 4, 9, 4, 4, 4, 4, 9, 9, 9, 9, 4, 4, 9, 4, 9, 4, 4, 9, 4, 9, 4, 9, 4, 9, 4, 9]

Unique id : 74, dataset size : 626
Communication time : 100, Computation time per batch : 100, Training time : 20200
['0:0.00%', '1:0.00%', '2:0.00%', '3:0.00%', '4:49.04%', '5:50.96%', '6:0.00%', '7:0.00%', '8:0.00%', '9:0.00%']
Divergence : jsd 0.6263, tvd 0.8123
labels from the first batch :[4, 5, 5, 4, 5, 5, 4, 4, 4, 4, 4, 5, 4, 4, 4, 4, 4, 5, 4, 5, 4, 5, 4, 4, 4, 5, 5, 4, 5, 4, 5, 5]

Unique id : 75, dataset size : 588
Communication time : 100, Computation time per batch : 100, Training time : 19200
['0:0.00%', '1:0.00%', '2:0.00%', '3:0.00%', '4:0.00%', '5:54.25%', '6:45.75%', '7:0.00%', '8:0.00%', '9:0.00%']
Divergence : jsd 0.6254, tvd 0.8110
labels from the first batch :[6, 6, 6, 6, 6, 5, 5, 5, 6, 5, 5, 5, 6, 6, 5, 5, 5, 5, 6, 5, 5, 5, 5, 5, 5, 6, 6, 6, 6, 6, 5, 5]

Unique id : 76, dataset size : 684
Communication time : 100, Computation time per batch : 100, Training time : 22200
['0:0.00%', '1:37.87%', '2:62.13%', '3:0.00%', '4:0.00%', '5:0.00%', '6:0.00%', '7:0.00%', '8:0.00%', '9:0.00%']
Divergence : jsd 0.6011, tvd 0.7883
labels from the first batch :[2, 2, 2, 2, 1, 2, 1, 2, 2, 2, 2, 1, 1, 2, 1, 2, 1, 1, 1, 2, 2, 1, 2, 1, 2, 2, 2, 1, 2, 2, 1, 2]

Unique id : 77, dataset size : 531
Communication time : 100, Computation time per batch : 100, Training time : 17200
['0:0.00%', '1:0.00%', '2:0.00%', '3:0.00%', '4:0.00%', '5:0.00%', '6:0.00%', '7:49.15%', '8:0.00%', '9:50.85%']
Divergence : jsd 0.6055, tvd 0.7964
labels from the first batch :[9, 9, 9, 7, 7, 9, 9, 9, 9, 9, 9, 9, 9, 9, 7, 9, 9, 7, 7, 7, 9, 7, 7, 7, 7, 7, 7, 7, 7, 7, 9, 9]

Unique id : 78, dataset size : 581
Communication time : 100, Computation time per batch : 100, Training time : 19200
['0:53.53%', '1:0.00%', '2:0.00%', '3:0.00%', '4:0.00%', '5:0.00%', '6:0.00%', '7:0.00%', '8:0.00%', '9:46.47%']
Divergence : jsd 0.6131, tvd 0.8021
labels from the first batch :[9, 0, 0, 9, 9, 9, 9, 9, 0, 0, 0, 9, 0, 0, 0, 9, 0, 9, 0, 9, 9, 0, 0, 9, 9, 9, 0, 0, 0, 9, 9, 9]

Unique id : 79, dataset size : 589
Communication time : 100, Computation time per batch : 100, Training time : 19200
['0:0.00%', '1:0.00%', '2:0.00%', '3:0.00%', '4:0.00%', '5:54.16%', '6:0.00%', '7:0.00%', '8:0.00%', '9:45.84%']
Divergence : jsd 0.6247, tvd 0.8105
labels from the first batch :[5, 9, 9, 5, 5, 5, 5, 5, 5, 9, 9, 9, 9, 5, 9, 9, 5, 5, 5, 5, 5, 9, 5, 5, 5, 5, 5, 9, 9, 5, 5, 5]

Unique id : 80, dataset size : 520
Communication time : 100, Computation time per batch : 100, Training time : 17200
['0:0.00%', '1:49.81%', '2:0.00%', '3:0.00%', '4:0.00%', '5:0.00%', '6:0.00%', '7:50.19%', '8:0.00%', '9:0.00%']
Divergence : jsd 0.5888, tvd 0.7832
labels from the first batch :[1, 7, 1, 1, 7, 1, 7, 1, 7, 1, 7, 7, 1, 1, 1, 7, 1, 1, 7, 7, 1, 1, 1, 7, 1, 7, 7, 7, 1, 1, 1, 7]

Unique id : 81, dataset size : 578
Communication time : 100, Computation time per batch : 100, Training time : 19200
['0:0.00%', '1:44.81%', '2:0.00%', '3:0.00%', '4:0.00%', '5:55.19%', '6:0.00%', '7:0.00%', '8:0.00%', '9:0.00%']
Divergence : jsd 0.6092, tvd 0.7973
labels from the first batch :[5, 1, 5, 5, 1, 5, 1, 5, 5, 5, 5, 1, 1, 1, 1, 1, 1, 1, 1, 5, 1, 1, 1, 5, 1, 5, 5, 5, 5, 5, 1, 1]

Unique id : 82, dataset size : 529
Communication time : 100, Computation time per batch : 100, Training time : 17200
['0:0.00%', '1:48.96%', '2:0.00%', '3:0.00%', '4:0.00%', '5:0.00%', '6:0.00%', '7:0.00%', '8:0.00%', '9:51.04%']
Divergence : jsd 0.5957, tvd 0.7885
labels from the first batch :[9, 9, 9, 9, 1, 1, 1, 1, 1, 1, 1, 9, 9, 9, 1, 1, 1, 9, 1, 1, 1, 1, 1, 9, 1, 9, 1, 9, 9, 9, 9, 9]

Unique id : 83, dataset size : 769
Communication time : 100, Computation time per batch : 100, Training time : 25200
['0:0.00%', '1:0.00%', '2:55.27%', '3:0.00%', '4:0.00%', '5:0.00%', '6:0.00%', '7:0.00%', '8:44.73%', '9:0.00%']
Divergence : jsd 0.6147, tvd 0.8032
labels from the first batch :[8, 8, 8, 2, 8, 8, 2, 2, 8, 8, 2, 8, 8, 2, 8, 2, 2, 8, 2, 2, 2, 2, 2, 8, 2, 2, 2, 8, 2, 2, 8, 2]

Unique id : 84, dataset size : 769
Communication time : 100, Computation time per batch : 100, Training time : 25200
['0:0.00%', '1:0.00%', '2:55.27%', '3:0.00%', '4:0.00%', '5:0.00%', '6:0.00%', '7:0.00%', '8:44.73%', '9:0.00%']
Divergence : jsd 0.6147, tvd 0.8032
labels from the first batch :[2, 2, 8, 2, 2, 8, 8, 8, 2, 8, 2, 2, 2, 8, 2, 8, 2, 2, 2, 2, 8, 8, 2, 2, 2, 2, 2, 2, 2, 2, 8, 2]

Unique id : 85, dataset size : 575
Communication time : 100, Computation time per batch : 100, Training time : 18200
['0:0.00%', '1:0.00%', '2:0.00%', '3:53.22%', '4:0.00%', '5:0.00%', '6:46.78%', '7:0.00%', '8:0.00%', '9:0.00%']
Divergence : jsd 0.6091, tvd 0.7992
labels from the first batch :[3, 3, 3, 6, 6, 6, 3, 3, 6, 6, 3, 3, 3, 3, 6, 3, 6, 6, 6, 6, 6, 3, 3, 3, 3, 3, 6, 3, 3, 6, 3, 3]

Unique id : 86, dataset size : 578
Communication time : 100, Computation time per batch : 100, Training time : 19200
['0:0.00%', '1:44.81%', '2:0.00%', '3:0.00%', '4:0.00%', '5:55.19%', '6:0.00%', '7:0.00%', '8:0.00%', '9:0.00%']
Divergence : jsd 0.6092, tvd 0.7973
labels from the first batch :[1, 5, 5, 5, 1, 5, 1, 5, 1, 5, 1, 1, 5, 5, 1, 5, 1, 5, 1, 5, 5, 5, 5, 5, 1, 5, 5, 5, 5, 5, 5, 5]

Unique id : 87, dataset size : 580
Communication time : 100, Computation time per batch : 100, Training time : 19200
['0:0.00%', '1:0.00%', '2:0.00%', '3:0.00%', '4:0.00%', '5:55.00%', '6:0.00%', '7:45.00%', '8:0.00%', '9:0.00%']
Divergence : jsd 0.6185, tvd 0.8052
labels from the first batch :[5, 7, 7, 7, 5, 5, 7, 5, 7, 5, 5, 7, 7, 7, 5, 5, 5, 7, 7, 5, 7, 7, 5, 7, 5, 7, 7, 5, 7, 7, 7, 5]

Unique id : 88, dataset size : 651
Communication time : 100, Computation time per batch : 100, Training time : 21200
['0:0.00%', '1:0.00%', '2:0.00%', '3:0.00%', '4:47.16%', '5:0.00%', '6:0.00%', '7:0.00%', '8:52.84%', '9:0.00%']
Divergence : jsd 0.6168, tvd 0.8051
labels from the first batch :[8, 4, 8, 8, 4, 4, 4, 8, 8, 4, 8, 4, 8, 8, 4, 4, 8, 4, 4, 4, 4, 8, 8, 8, 4, 8, 4, 8, 8, 8, 4, 8]

Unique id : 89, dataset size : 618
Communication time : 100, Computation time per batch : 100, Training time : 20200
['0:50.32%', '1:0.00%', '2:0.00%', '3:0.00%', '4:49.68%', '5:0.00%', '6:0.00%', '7:0.00%', '8:0.00%', '9:0.00%']
Divergence : jsd 0.6151, tvd 0.8039
labels from the first batch :[4, 0, 0, 4, 4, 0, 0, 0, 4, 4, 4, 4, 4, 0, 4, 0, 4, 0, 0, 0, 4, 0, 0, 4, 0, 0, 4, 4, 4, 4, 4, 0]

Unique id : 90, dataset size : 568
Communication time : 100, Computation time per batch : 100, Training time : 18200
['0:0.00%', '1:0.00%', '2:0.00%', '3:0.00%', '4:54.05%', '5:0.00%', '6:0.00%', '7:45.95%', '8:0.00%', '9:0.00%']
Divergence : jsd 0.6085, tvd 0.7982
labels from the first batch :[4, 7, 4, 4, 4, 7, 4, 4, 4, 4, 7, 4, 4, 7, 4, 7, 4, 4, 7, 4, 7, 4, 7, 7, 7, 4, 4, 7, 7, 7, 4, 4]

Unique id : 91, dataset size : 736
Communication time : 100, Computation time per batch : 100, Training time : 23200
['0:42.26%', '1:0.00%', '2:57.74%', '3:0.00%', '4:0.00%', '5:0.00%', '6:0.00%', '7:0.00%', '8:0.00%', '9:0.00%']
Divergence : jsd 0.6139, tvd 0.8020
labels from the first batch :[0, 2, 2, 2, 2, 0, 2, 2, 0, 0, 2, 0, 2, 2, 0, 2, 0, 2, 0, 2, 0, 2, 2, 2, 2, 0, 0, 2, 0, 2, 2, 0]

Unique id : 92, dataset size : 528
Communication time : 100, Computation time per batch : 100, Training time : 17200
['0:0.00%', '1:49.05%', '2:0.00%', '3:0.00%', '4:0.00%', '5:0.00%', '6:50.95%', '7:0.00%', '8:0.00%', '9:0.00%']
Divergence : jsd 0.5964, tvd 0.7890
labels from the first batch :[1, 1, 1, 1, 6, 1, 1, 6, 6, 1, 6, 6, 1, 6, 1, 6, 6, 6, 1, 6, 6, 6, 6, 6, 6, 6, 1, 6, 6, 6, 1, 6]

Unique id : 93, dataset size : 528
Communication time : 100, Computation time per batch : 100, Training time : 17200
['0:0.00%', '1:49.05%', '2:0.00%', '3:0.00%', '4:0.00%', '5:0.00%', '6:50.95%', '7:0.00%', '8:0.00%', '9:0.00%']
Divergence : jsd 0.5964, tvd 0.7890
labels from the first batch :[1, 1, 6, 6, 1, 6, 6, 6, 6, 6, 1, 1, 6, 1, 6, 1, 6, 1, 1, 1, 6, 6, 1, 1, 1, 1, 6, 6, 6, 6, 1, 6]

Unique id : 94, dataset size : 613
Communication time : 100, Computation time per batch : 100, Training time : 20200
['0:0.00%', '1:0.00%', '2:0.00%', '3:49.92%', '4:50.08%', '5:0.00%', '6:0.00%', '7:0.00%', '8:0.00%', '9:0.00%']
Divergence : jsd 0.6106, tvd 0.8004
labels from the first batch :[3, 3, 4, 3, 4, 3, 3, 3, 3, 3, 3, 4, 4, 4, 3, 4, 3, 3, 3, 4, 3, 4, 3, 4, 3, 4, 4, 3, 3, 4, 4, 4]

Unique id : 95, dataset size : 539
Communication time : 100, Computation time per batch : 100, Training time : 17200
['0:0.00%', '1:0.00%', '2:0.00%', '3:0.00%', '4:0.00%', '5:0.00%', '6:49.91%', '7:0.00%', '8:0.00%', '9:50.09%']
Divergence : jsd 0.6129, tvd 0.8022
labels from the first batch :[9, 6, 9, 9, 6, 9, 9, 9, 6, 6, 6, 6, 6, 9, 6, 9, 9, 9, 6, 9, 9, 9, 9, 6, 6, 9, 6, 9, 9, 9, 6, 9]

Unique id : 96, dataset size : 566
Communication time : 100, Computation time per batch : 100, Training time : 18200
['0:0.00%', '1:45.76%', '2:0.00%', '3:0.00%', '4:54.24%', '5:0.00%', '6:0.00%', '7:0.00%', '8:0.00%', '9:0.00%']
Divergence : jsd 0.5991, tvd 0.7903
labels from the first batch :[4, 4, 1, 4, 1, 1, 1, 1, 1, 1, 4, 4, 4, 1, 4, 4, 4, 1, 1, 4, 4, 4, 4, 1, 1, 4, 1, 4, 1, 1, 4, 4]

Unique id : 97, dataset size : 624
Communication time : 100, Computation time per batch : 100, Training time : 20200
['0:0.00%', '1:0.00%', '2:0.00%', '3:49.04%', '4:0.00%', '5:50.96%', '6:0.00%', '7:0.00%', '8:0.00%', '9:0.00%']
Divergence : jsd 0.6201, tvd 0.8075
labels from the first batch :[5, 3, 3, 5, 5, 5, 5, 3, 3, 3, 3, 5, 3, 5, 3, 3, 5, 3, 3, 5, 5, 3, 5, 5, 3, 5, 5, 5, 5, 3, 3, 3]

Unique id : 98, dataset size : 579
Communication time : 100, Computation time per batch : 100, Training time : 19200
['0:0.00%', '1:0.00%', '2:0.00%', '3:0.00%', '4:0.00%', '5:54.92%', '6:0.00%', '7:45.08%', '8:0.00%', '9:0.00%']
Divergence : jsd 0.6185, tvd 0.8052
labels from the first batch :[7, 7, 5, 5, 5, 7, 5, 5, 5, 5, 5, 7, 7, 5, 7, 7, 7, 5, 7, 5, 5, 5, 7, 7, 5, 7, 5, 5, 7, 7, 5, 7]

Unique id : 99, dataset size : 576
Communication time : 100, Computation time per batch : 100, Training time : 18200
['0:0.00%', '1:0.00%', '2:0.00%', '3:0.00%', '4:53.30%', '5:0.00%', '6:46.70%', '7:0.00%', '8:0.00%', '9:0.00%']
Divergence : jsd 0.6155, tvd 0.8040
labels from the first batch :[4, 4, 4, 6, 4, 4, 6, 4, 4, 4, 6, 4, 4, 4, 4, 6, 6, 4, 6, 4, 4, 4, 6, 4, 4, 6, 6, 6, 6, 4, 4, 6]

