-----------------------------------------------------

Central server round 5 started
Model sent from central server with 100msec communication time, with loss :2.31, accuracy : 8.86%
Accuracy per label : ['0:0.00%', '1:0.40%', '2:0.40%', '3:3.80%', '4:0.00%', '5:0.00%', '6:0.00%', '7:0.00%', '8:84.00%', '9:0.00%']
The model is from round 0 from central server, staleness is 4

Cluster round 1 completed, aggregated models from all the clients, time past : 1500msec, loss : 2.20, accuracy 19.26%
Accuracy per label : ['0:18.60%', '1:2.90%', '2:0.00%', '3:0.80%', '4:0.00%', '5:60.20%', '6:0.20%', '7:40.70%', '8:61.10%', '9:8.10%']

Cluster round 2 completed, aggregated models from all the clients, time past : 2900msec, loss : 2.04, accuracy 25.97%
Accuracy per label : ['0:37.70%', '1:14.10%', '2:0.10%', '3:1.30%', '4:1.20%', '5:54.90%', '6:21.50%', '7:43.60%', '8:61.00%', '9:24.30%']

Cluster round 3 completed, aggregated models from all the clients, time past : 4300msec, loss : 1.94, accuracy 30.63%
Accuracy per label : ['0:43.90%', '1:24.60%', '2:0.90%', '3:2.60%', '4:5.20%', '5:48.70%', '6:48.10%', '7:46.60%', '8:59.00%', '9:26.70%']

Cluster round 4 completed, aggregated models from all the clients, time past : 5700msec, loss : 1.89, accuracy 32.99%
Accuracy per label : ['0:43.60%', '1:29.80%', '2:3.00%', '3:7.10%', '4:12.20%', '5:46.10%', '6:51.30%', '7:49.40%', '8:61.00%', '9:26.40%']

Cluster round 5 completed, aggregated models from all the clients, time past : 7100msec, loss : 1.84, accuracy 34.86%
Accuracy per label : ['0:43.20%', '1:33.40%', '2:4.80%', '3:10.40%', '4:20.30%', '5:44.90%', '6:51.00%', '7:51.70%', '8:61.70%', '9:27.20%']

Before aggregation, loss : 1.83, accuracy : 37.58%
Before aggregation, accuracy per label : ['0:48.20%', '1:44.00%', '2:16.60%', '3:14.30%', '4:28.80%', '5:40.90%', '6:49.70%', '7:30.30%', '8:59.50%', '9:43.50%']
Aggregation to central server completed at central server round 250, loss : 1.83, accuracy: 37.33%, staleness : 4
Accuracy per label after aggregation : ['0:47.80%', '1:42.50%', '2:14.30%', '3:13.60%', '4:28.00%', '5:41.50%', '6:49.90%', '7:34.10%', '8:60.20%', '9:41.40%']

-----------------------------------------------------

Central server round 13 started
Model sent from central server with 100msec communication time, with loss :1.83, accuracy : 37.33%
Accuracy per label : ['0:47.80%', '1:42.50%', '2:14.30%', '3:13.60%', '4:28.00%', '5:41.50%', '6:49.90%', '7:34.10%', '8:60.20%', '9:41.40%']
The model is from round 5 from central server, staleness is 7

Cluster round 1 completed, aggregated models from all the clients, time past : 1500msec, loss : 1.77, accuracy 37.11%
Accuracy per label : ['0:44.10%', '1:37.80%', '2:5.80%', '3:14.10%', '4:24.50%', '5:41.80%', '6:52.90%', '7:58.10%', '8:63.80%', '9:28.20%']

Cluster round 2 completed, aggregated models from all the clients, time past : 2900msec, loss : 1.72, accuracy 38.86%
Accuracy per label : ['0:44.80%', '1:42.80%', '2:9.20%', '3:16.10%', '4:29.30%', '5:39.30%', '6:54.40%', '7:59.30%', '8:63.90%', '9:29.50%']

Cluster round 3 completed, aggregated models from all the clients, time past : 4300msec, loss : 1.68, accuracy 40.71%
Accuracy per label : ['0:46.10%', '1:46.90%', '2:12.10%', '3:19.50%', '4:32.30%', '5:38.10%', '6:56.30%', '7:60.30%', '8:64.80%', '9:30.70%']

Cluster round 4 completed, aggregated models from all the clients, time past : 5700msec, loss : 1.64, accuracy 42.11%
Accuracy per label : ['0:46.20%', '1:50.00%', '2:14.80%', '3:21.90%', '4:33.80%', '5:37.10%', '6:57.60%', '7:61.40%', '8:67.30%', '9:31.00%']

Cluster round 5 completed, aggregated models from all the clients, time past : 7100msec, loss : 1.60, accuracy 43.18%
Accuracy per label : ['0:47.10%', '1:51.20%', '2:18.10%', '3:23.30%', '4:34.00%', '5:36.20%', '6:59.30%', '7:63.20%', '8:67.80%', '9:31.60%']

Before aggregation, loss : 1.61, accuracy : 42.95%
Before aggregation, accuracy per label : ['0:49.80%', '1:52.10%', '2:22.90%', '3:21.00%', '4:38.00%', '5:37.40%', '6:55.60%', '7:41.30%', '8:66.20%', '9:45.20%']
Aggregation to central server completed at central server round 250, loss : 1.61, accuracy: 43.24%, staleness : 7
Accuracy per label after aggregation : ['0:49.70%', '1:52.10%', '2:22.50%', '3:21.60%', '4:37.80%', '5:38.20%', '6:56.60%', '7:43.30%', '8:66.20%', '9:44.40%']

-----------------------------------------------------

Central server round 21 started
Model sent from central server with 100msec communication time, with loss :1.61, accuracy : 43.24%
Accuracy per label : ['0:49.70%', '1:52.10%', '2:22.50%', '3:21.60%', '4:37.80%', '5:38.20%', '6:56.60%', '7:43.30%', '8:66.20%', '9:44.40%']
The model is from round 13 from central server, staleness is 7

Cluster round 1 completed, aggregated models from all the clients, time past : 1500msec, loss : 1.59, accuracy 43.79%
Accuracy per label : ['0:47.40%', '1:52.70%', '2:16.10%', '3:24.50%', '4:34.70%', '5:36.20%', '6:60.40%', '7:64.70%', '8:68.50%', '9:32.70%']

Cluster round 2 completed, aggregated models from all the clients, time past : 2900msec, loss : 1.55, accuracy 44.79%
Accuracy per label : ['0:48.30%', '1:54.30%', '2:18.40%', '3:26.70%', '4:34.30%', '5:36.00%', '6:60.90%', '7:65.20%', '8:70.20%', '9:33.60%']

Cluster round 3 completed, aggregated models from all the clients, time past : 4300msec, loss : 1.51, accuracy 45.81%
Accuracy per label : ['0:49.20%', '1:55.80%', '2:20.30%', '3:29.20%', '4:34.50%', '5:35.60%', '6:61.30%', '7:66.80%', '8:70.30%', '9:35.10%']

Cluster round 4 completed, aggregated models from all the clients, time past : 5700msec, loss : 1.49, accuracy 46.76%
Accuracy per label : ['0:50.50%', '1:57.10%', '2:23.20%', '3:30.30%', '4:34.90%', '5:35.80%', '6:61.50%', '7:66.80%', '8:70.70%', '9:36.80%']

Cluster round 5 completed, aggregated models from all the clients, time past : 7100msec, loss : 1.47, accuracy 47.39%
Accuracy per label : ['0:51.60%', '1:57.50%', '2:24.30%', '3:30.10%', '4:35.80%', '5:36.80%', '6:61.10%', '7:67.40%', '8:71.50%', '9:37.80%']

Before aggregation, loss : 1.45, accuracy : 48.69%
Before aggregation, accuracy per label : ['0:49.00%', '1:63.10%', '2:32.00%', '3:29.30%', '4:39.40%', '5:42.60%', '6:60.90%', '7:50.40%', '8:70.30%', '9:49.90%']
Aggregation to central server completed at central server round 250, loss : 1.44, accuracy: 48.77%, staleness : 7
Accuracy per label after aggregation : ['0:49.40%', '1:62.50%', '2:31.30%', '3:29.60%', '4:39.30%', '5:42.60%', '6:61.20%', '7:52.40%', '8:70.20%', '9:49.20%']

-----------------------------------------------------

Central server round 28 started
Model sent from central server with 100msec communication time, with loss :1.44, accuracy : 48.77%
Accuracy per label : ['0:49.40%', '1:62.50%', '2:31.30%', '3:29.60%', '4:39.30%', '5:42.60%', '6:61.20%', '7:52.40%', '8:70.20%', '9:49.20%']
The model is from round 21 from central server, staleness is 6

Cluster round 1 completed, aggregated models from all the clients, time past : 1500msec, loss : 1.44, accuracy 48.74%
Accuracy per label : ['0:50.90%', '1:58.40%', '2:24.90%', '3:32.90%', '4:39.60%', '5:36.20%', '6:65.20%', '7:68.80%', '8:72.20%', '9:38.30%']

Cluster round 2 completed, aggregated models from all the clients, time past : 2900msec, loss : 1.42, accuracy 49.76%
Accuracy per label : ['0:52.10%', '1:60.00%', '2:26.40%', '3:33.60%', '4:38.70%', '5:37.50%', '6:65.10%', '7:69.70%', '8:73.40%', '9:41.10%']

Cluster round 3 completed, aggregated models from all the clients, time past : 4300msec, loss : 1.40, accuracy 50.43%
Accuracy per label : ['0:52.90%', '1:61.30%', '2:26.90%', '3:34.10%', '4:39.30%', '5:36.70%', '6:65.70%', '7:70.50%', '8:73.70%', '9:43.20%']

Cluster round 4 completed, aggregated models from all the clients, time past : 5700msec, loss : 1.38, accuracy 51.07%
Accuracy per label : ['0:54.00%', '1:62.10%', '2:28.00%', '3:34.10%', '4:38.60%', '5:36.90%', '6:67.40%', '7:70.90%', '8:73.50%', '9:45.20%']

Cluster round 5 completed, aggregated models from all the clients, time past : 7100msec, loss : 1.37, accuracy 51.75%
Accuracy per label : ['0:54.70%', '1:63.40%', '2:28.70%', '3:34.50%', '4:40.40%', '5:38.00%', '6:68.40%', '7:70.70%', '8:73.50%', '9:45.20%']

Before aggregation, loss : 1.38, accuracy : 51.08%
Before aggregation, accuracy per label : ['0:51.70%', '1:65.80%', '2:33.40%', '3:30.80%', '4:40.00%', '5:44.90%', '6:62.50%', '7:57.30%', '8:71.70%', '9:52.70%']
Aggregation to central server completed at central server round 250, loss : 1.37, accuracy: 51.40%, staleness : 6
Accuracy per label after aggregation : ['0:52.30%', '1:65.70%', '2:33.40%', '3:30.80%', '4:40.50%', '5:45.00%', '6:63.30%', '7:58.90%', '8:72.10%', '9:52.00%']

-----------------------------------------------------

Central server round 36 started
Model sent from central server with 100msec communication time, with loss :1.37, accuracy : 51.40%
Accuracy per label : ['0:52.30%', '1:65.70%', '2:33.40%', '3:30.80%', '4:40.50%', '5:45.00%', '6:63.30%', '7:58.90%', '8:72.10%', '9:52.00%']
The model is from round 28 from central server, staleness is 7

Cluster round 1 completed, aggregated models from all the clients, time past : 1500msec, loss : 1.37, accuracy 51.30%
Accuracy per label : ['0:53.50%', '1:62.60%', '2:28.00%', '3:37.00%', '4:41.90%', '5:36.00%', '6:67.80%', '7:70.30%', '8:73.50%', '9:42.40%']

Cluster round 2 completed, aggregated models from all the clients, time past : 2900msec, loss : 1.35, accuracy 52.14%
Accuracy per label : ['0:54.50%', '1:63.50%', '2:28.10%', '3:38.00%', '4:41.20%', '5:36.50%', '6:68.70%', '7:72.20%', '8:73.40%', '9:45.30%']

Cluster round 3 completed, aggregated models from all the clients, time past : 4300msec, loss : 1.34, accuracy 52.67%
Accuracy per label : ['0:55.50%', '1:64.00%', '2:29.30%', '3:37.80%', '4:42.30%', '5:36.10%', '6:69.10%', '7:72.10%', '8:74.20%', '9:46.30%']

Cluster round 4 completed, aggregated models from all the clients, time past : 5700msec, loss : 1.33, accuracy 53.27%
Accuracy per label : ['0:57.50%', '1:65.90%', '2:29.90%', '3:37.90%', '4:42.90%', '5:36.30%', '6:69.90%', '7:71.70%', '8:74.30%', '9:46.40%']

Cluster round 5 completed, aggregated models from all the clients, time past : 7100msec, loss : 1.32, accuracy 53.72%
Accuracy per label : ['0:57.90%', '1:66.70%', '2:30.20%', '3:37.70%', '4:42.50%', '5:38.10%', '6:70.40%', '7:71.60%', '8:74.20%', '9:47.90%']

Before aggregation, loss : 1.32, accuracy : 54.06%
Before aggregation, accuracy per label : ['0:55.90%', '1:69.70%', '2:39.70%', '3:30.80%', '4:42.90%', '5:47.20%', '6:66.20%', '7:57.80%', '8:73.30%', '9:57.10%']
Aggregation to central server completed at central server round 250, loss : 1.31, accuracy: 54.11%, staleness : 7
Accuracy per label after aggregation : ['0:56.60%', '1:69.70%', '2:38.80%', '3:31.40%', '4:43.20%', '5:46.90%', '6:66.40%', '7:58.50%', '8:73.30%', '9:56.30%']

-----------------------------------------------------

Central server round 43 started
Model sent from central server with 100msec communication time, with loss :1.31, accuracy : 54.11%
Accuracy per label : ['0:56.60%', '1:69.70%', '2:38.80%', '3:31.40%', '4:43.20%', '5:46.90%', '6:66.40%', '7:58.50%', '8:73.30%', '9:56.30%']
The model is from round 36 from central server, staleness is 6

Cluster round 1 completed, aggregated models from all the clients, time past : 1500msec, loss : 1.30, accuracy 54.33%
Accuracy per label : ['0:57.10%', '1:67.10%', '2:29.80%', '3:40.60%', '4:44.60%', '5:36.00%', '6:71.80%', '7:74.60%', '8:74.70%', '9:47.00%']

Cluster round 2 completed, aggregated models from all the clients, time past : 2900msec, loss : 1.28, accuracy 54.84%
Accuracy per label : ['0:59.50%', '1:66.10%', '2:31.20%', '3:41.90%', '4:44.40%', '5:36.40%', '6:72.80%', '7:72.60%', '8:74.10%', '9:49.40%']

Cluster round 3 completed, aggregated models from all the clients, time past : 4300msec, loss : 1.27, accuracy 55.20%
Accuracy per label : ['0:60.00%', '1:66.80%', '2:32.30%', '3:41.10%', '4:45.80%', '5:36.80%', '6:73.00%', '7:73.20%', '8:74.10%', '9:48.90%']

Cluster round 4 completed, aggregated models from all the clients, time past : 5700msec, loss : 1.27, accuracy 55.72%
Accuracy per label : ['0:60.20%', '1:68.00%', '2:32.90%', '3:40.50%', '4:48.00%', '5:39.90%', '6:72.30%', '7:71.60%', '8:74.20%', '9:49.60%']

Cluster round 5 completed, aggregated models from all the clients, time past : 7100msec, loss : 1.27, accuracy 56.18%
Accuracy per label : ['0:60.80%', '1:68.40%', '2:33.70%', '3:38.50%', '4:48.90%', '5:42.10%', '6:72.90%', '7:71.60%', '8:74.10%', '9:50.80%']

Before aggregation, loss : 1.32, accuracy : 55.73%
Before aggregation, accuracy per label : ['0:56.80%', '1:71.70%', '2:43.40%', '3:35.70%', '4:43.20%', '5:45.90%', '6:69.30%', '7:58.20%', '8:74.60%', '9:58.50%']
Aggregation to central server completed at central server round 250, loss : 1.30, accuracy: 56.23%, staleness : 6
Accuracy per label after aggregation : ['0:57.80%', '1:71.70%', '2:43.10%', '3:36.90%', '4:44.00%', '5:45.50%', '6:70.20%', '7:60.10%', '8:74.90%', '9:58.10%']

-----------------------------------------------------

Central server round 50 started
Model sent from central server with 100msec communication time, with loss :1.30, accuracy : 56.23%
Accuracy per label : ['0:57.80%', '1:71.70%', '2:43.10%', '3:36.90%', '4:44.00%', '5:45.50%', '6:70.20%', '7:60.10%', '8:74.90%', '9:58.10%']
The model is from round 43 from central server, staleness is 6

Cluster round 1 completed, aggregated models from all the clients, time past : 1500msec, loss : 1.24, accuracy 56.43%
Accuracy per label : ['0:57.10%', '1:69.00%', '2:36.00%', '3:42.10%', '4:48.40%', '5:37.60%', '6:75.30%', '7:72.20%', '8:76.90%', '9:49.70%']

Cluster round 2 completed, aggregated models from all the clients, time past : 2900msec, loss : 1.24, accuracy 56.71%
Accuracy per label : ['0:58.90%', '1:69.60%', '2:34.90%', '3:41.00%', '4:49.00%', '5:39.90%', '6:74.20%', '7:73.30%', '8:75.90%', '9:50.40%']

Cluster round 3 completed, aggregated models from all the clients, time past : 4300msec, loss : 1.24, accuracy 57.06%
Accuracy per label : ['0:60.40%', '1:71.20%', '2:34.70%', '3:40.40%', '4:50.20%', '5:42.00%', '6:73.50%', '7:72.50%', '8:75.90%', '9:49.80%']

Cluster round 4 completed, aggregated models from all the clients, time past : 5700msec, loss : 1.24, accuracy 57.69%
Accuracy per label : ['0:62.00%', '1:69.80%', '2:36.50%', '3:39.20%', '4:50.50%', '5:46.70%', '6:72.70%', '7:70.70%', '8:75.70%', '9:53.10%']

Cluster round 5 completed, aggregated models from all the clients, time past : 7100msec, loss : 1.25, accuracy 57.76%
Accuracy per label : ['0:62.20%', '1:68.60%', '2:37.60%', '3:34.00%', '4:50.70%', '5:50.30%', '6:70.50%', '7:70.10%', '8:77.40%', '9:56.20%']

Before aggregation, loss : 1.29, accuracy : 57.74%
Before aggregation, accuracy per label : ['0:61.60%', '1:72.30%', '2:46.50%', '3:37.20%', '4:46.80%', '5:46.70%', '6:70.30%', '7:59.80%', '8:74.40%', '9:61.80%']
Aggregation to central server completed at central server round 250, loss : 1.27, accuracy: 58.09%, staleness : 6
Accuracy per label after aggregation : ['0:62.10%', '1:72.90%', '2:45.90%', '3:36.80%', '4:47.60%', '5:47.50%', '6:70.30%', '7:61.90%', '8:74.20%', '9:61.70%']

-----------------------------------------------------

Central server round 58 started
Model sent from central server with 100msec communication time, with loss :1.27, accuracy : 58.09%
Accuracy per label : ['0:62.10%', '1:72.90%', '2:45.90%', '3:36.80%', '4:47.60%', '5:47.50%', '6:70.30%', '7:61.90%', '8:74.20%', '9:61.70%']
The model is from round 50 from central server, staleness is 7

Cluster round 1 completed, aggregated models from all the clients, time past : 1500msec, loss : 1.21, accuracy 57.51%
Accuracy per label : ['0:56.70%', '1:72.00%', '2:35.80%', '3:41.20%', '4:53.10%', '5:41.80%', '6:74.70%', '7:70.80%', '8:78.40%', '9:50.60%']

Cluster round 2 completed, aggregated models from all the clients, time past : 2900msec, loss : 1.20, accuracy 58.32%
Accuracy per label : ['0:59.00%', '1:72.10%', '2:38.50%', '3:42.40%', '4:50.60%', '5:44.40%', '6:73.90%', '7:72.20%', '8:77.40%', '9:52.70%']

Cluster round 3 completed, aggregated models from all the clients, time past : 4300msec, loss : 1.21, accuracy 58.59%
Accuracy per label : ['0:59.50%', '1:72.50%', '2:40.20%', '3:38.40%', '4:51.10%', '5:47.30%', '6:73.40%', '7:70.30%', '8:78.10%', '9:55.10%']

Cluster round 4 completed, aggregated models from all the clients, time past : 5700msec, loss : 1.22, accuracy 58.80%
Accuracy per label : ['0:61.60%', '1:72.70%', '2:40.00%', '3:34.90%', '4:52.90%', '5:51.10%', '6:70.70%', '7:69.70%', '8:78.50%', '9:55.90%']

Cluster round 5 completed, aggregated models from all the clients, time past : 7100msec, loss : 1.24, accuracy 59.08%
Accuracy per label : ['0:63.30%', '1:70.70%', '2:39.70%', '3:35.40%', '4:54.00%', '5:52.20%', '6:68.10%', '7:69.20%', '8:78.20%', '9:60.00%']

Before aggregation, loss : 1.34, accuracy : 58.15%
Before aggregation, accuracy per label : ['0:62.20%', '1:73.90%', '2:43.30%', '3:37.60%', '4:48.60%', '5:47.50%', '6:71.90%', '7:62.30%', '8:74.30%', '9:59.90%']
Aggregation to central server completed at central server round 250, loss : 1.32, accuracy: 58.53%, staleness : 7
Accuracy per label after aggregation : ['0:62.80%', '1:74.10%', '2:43.10%', '3:37.80%', '4:49.80%', '5:48.40%', '6:71.90%', '7:63.10%', '8:74.60%', '9:59.70%']

-----------------------------------------------------

Central server round 66 started
Model sent from central server with 100msec communication time, with loss :1.32, accuracy : 58.53%
Accuracy per label : ['0:62.80%', '1:74.10%', '2:43.10%', '3:37.80%', '4:49.80%', '5:48.40%', '6:71.90%', '7:63.10%', '8:74.60%', '9:59.70%']
The model is from round 58 from central server, staleness is 7

Cluster round 1 completed, aggregated models from all the clients, time past : 1500msec, loss : 1.20, accuracy 57.65%
Accuracy per label : ['0:55.60%', '1:72.10%', '2:40.80%', '3:42.10%', '4:52.70%', '5:41.60%', '6:72.10%', '7:72.10%', '8:77.10%', '9:50.30%']

Cluster round 2 completed, aggregated models from all the clients, time past : 2900msec, loss : 1.20, accuracy 58.51%
Accuracy per label : ['0:58.70%', '1:73.90%', '2:38.80%', '3:38.90%', '4:55.40%', '5:47.30%', '6:73.30%', '7:69.90%', '8:77.60%', '9:51.30%']

Cluster round 3 completed, aggregated models from all the clients, time past : 4300msec, loss : 1.21, accuracy 58.90%
Accuracy per label : ['0:59.70%', '1:72.80%', '2:40.10%', '3:35.30%', '4:54.40%', '5:50.90%', '6:70.60%', '7:70.20%', '8:79.40%', '9:55.60%']

Cluster round 4 completed, aggregated models from all the clients, time past : 5700msec, loss : 1.24, accuracy 59.19%
Accuracy per label : ['0:63.10%', '1:71.20%', '2:38.00%', '3:32.90%', '4:55.60%', '5:52.30%', '6:69.40%', '7:71.60%', '8:78.30%', '9:59.50%']

Cluster round 5 completed, aggregated models from all the clients, time past : 7100msec, loss : 1.27, accuracy 59.31%
Accuracy per label : ['0:63.90%', '1:69.50%', '2:38.20%', '3:35.70%', '4:55.30%', '5:53.70%', '6:67.10%', '7:70.60%', '8:78.00%', '9:61.10%']

Before aggregation, loss : 1.40, accuracy : 58.51%
Before aggregation, accuracy per label : ['0:62.00%', '1:77.20%', '2:47.10%', '3:36.90%', '4:50.20%', '5:48.50%', '6:71.50%', '7:57.80%', '8:74.40%', '9:59.50%']
Aggregation to central server completed at central server round 250, loss : 1.38, accuracy: 58.99%, staleness : 7
Accuracy per label after aggregation : ['0:62.70%', '1:77.20%', '2:46.90%', '3:37.20%', '4:51.70%', '5:48.50%', '6:71.40%', '7:59.60%', '8:74.90%', '9:59.80%']

-----------------------------------------------------

Central server round 73 started
Model sent from central server with 100msec communication time, with loss :1.38, accuracy : 58.99%
Accuracy per label : ['0:62.70%', '1:77.20%', '2:46.90%', '3:37.20%', '4:51.70%', '5:48.50%', '6:71.40%', '7:59.60%', '8:74.90%', '9:59.80%']
The model is from round 66 from central server, staleness is 6

Cluster round 1 completed, aggregated models from all the clients, time past : 1500msec, loss : 1.20, accuracy 58.08%
Accuracy per label : ['0:54.40%', '1:74.50%', '2:43.30%', '3:38.90%', '4:52.60%', '5:42.40%', '6:73.00%', '7:72.30%', '8:78.40%', '9:51.00%']

Cluster round 2 completed, aggregated models from all the clients, time past : 2900msec, loss : 1.20, accuracy 58.83%
Accuracy per label : ['0:59.20%', '1:73.70%', '2:40.50%', '3:38.60%', '4:56.30%', '5:48.60%', '6:69.90%', '7:71.10%', '8:78.50%', '9:51.90%']

Cluster round 3 completed, aggregated models from all the clients, time past : 4300msec, loss : 1.22, accuracy 59.46%
Accuracy per label : ['0:61.00%', '1:72.50%', '2:40.80%', '3:35.40%', '4:55.90%', '5:53.40%', '6:68.90%', '7:70.60%', '8:79.40%', '9:56.70%']

Cluster round 4 completed, aggregated models from all the clients, time past : 5700msec, loss : 1.25, accuracy 59.80%
Accuracy per label : ['0:63.80%', '1:69.30%', '2:39.70%', '3:35.90%', '4:55.40%', '5:52.90%', '6:68.40%', '7:71.70%', '8:78.50%', '9:62.40%']

Cluster round 5 completed, aggregated models from all the clients, time past : 7100msec, loss : 1.29, accuracy 59.76%
Accuracy per label : ['0:64.10%', '1:70.10%', '2:37.50%', '3:37.10%', '4:56.10%', '5:51.20%', '6:67.90%', '7:71.60%', '8:78.90%', '9:63.10%']

Before aggregation, loss : 1.39, accuracy : 60.05%
Before aggregation, accuracy per label : ['0:64.70%', '1:75.80%', '2:46.20%', '3:39.30%', '4:52.50%', '5:50.00%', '6:71.50%', '7:63.80%', '8:74.50%', '9:62.20%']
Aggregation to central server completed at central server round 250, loss : 1.37, accuracy: 60.30%, staleness : 6
Accuracy per label after aggregation : ['0:64.70%', '1:76.30%', '2:45.50%', '3:40.20%', '4:52.50%', '5:49.90%', '6:71.30%', '7:65.00%', '8:75.30%', '9:62.30%']

-----------------------------------------------------

Central server round 80 started
Model sent from central server with 100msec communication time, with loss :1.37, accuracy : 60.30%
Accuracy per label : ['0:64.70%', '1:76.30%', '2:45.50%', '3:40.20%', '4:52.50%', '5:49.90%', '6:71.30%', '7:65.00%', '8:75.30%', '9:62.30%']
The model is from round 73 from central server, staleness is 6

Cluster round 1 completed, aggregated models from all the clients, time past : 1500msec, loss : 1.19, accuracy 58.82%
Accuracy per label : ['0:55.40%', '1:73.80%', '2:41.90%', '3:41.20%', '4:57.50%', '5:43.70%', '6:70.70%', '7:71.20%', '8:80.40%', '9:52.40%']

Cluster round 2 completed, aggregated models from all the clients, time past : 2900msec, loss : 1.21, accuracy 59.26%
Accuracy per label : ['0:57.60%', '1:76.50%', '2:42.00%', '3:37.60%', '4:57.50%', '5:49.10%', '6:71.30%', '7:70.40%', '8:80.50%', '9:50.10%']

Cluster round 3 completed, aggregated models from all the clients, time past : 4300msec, loss : 1.23, accuracy 59.91%
Accuracy per label : ['0:62.50%', '1:72.10%', '2:41.20%', '3:35.70%', '4:55.10%', '5:54.20%', '6:68.60%', '7:71.00%', '8:79.80%', '9:58.90%']

Cluster round 4 completed, aggregated models from all the clients, time past : 5700msec, loss : 1.26, accuracy 60.22%
Accuracy per label : ['0:66.80%', '1:70.40%', '2:40.10%', '3:37.40%', '4:55.00%', '5:53.00%', '6:67.80%', '7:72.00%', '8:77.80%', '9:61.90%']

Cluster round 5 completed, aggregated models from all the clients, time past : 7100msec, loss : 1.31, accuracy 60.04%
Accuracy per label : ['0:64.80%', '1:71.50%', '2:39.70%', '3:39.90%', '4:55.70%', '5:49.70%', '6:66.70%', '7:71.40%', '8:77.30%', '9:63.70%']

Before aggregation, loss : 1.53, accuracy : 60.11%
Before aggregation, accuracy per label : ['0:65.60%', '1:73.80%', '2:43.90%', '3:38.30%', '4:55.20%', '5:50.30%', '6:70.60%', '7:65.10%', '8:74.60%', '9:63.70%']
Aggregation to central server completed at central server round 250, loss : 1.49, accuracy: 60.57%, staleness : 6
Accuracy per label after aggregation : ['0:66.00%', '1:74.40%', '2:44.50%', '3:39.10%', '4:55.50%', '5:50.40%', '6:70.70%', '7:65.90%', '8:75.20%', '9:64.00%']

-----------------------------------------------------

Central server round 88 started
Model sent from central server with 100msec communication time, with loss :1.49, accuracy : 60.57%
Accuracy per label : ['0:66.00%', '1:74.40%', '2:44.50%', '3:39.10%', '4:55.50%', '5:50.40%', '6:70.70%', '7:65.90%', '8:75.20%', '9:64.00%']
The model is from round 80 from central server, staleness is 7

Cluster round 1 completed, aggregated models from all the clients, time past : 1500msec, loss : 1.20, accuracy 59.00%
Accuracy per label : ['0:56.60%', '1:71.40%', '2:42.80%', '3:44.10%', '4:57.60%', '5:40.70%', '6:71.50%', '7:71.90%', '8:80.30%', '9:53.10%']

Cluster round 2 completed, aggregated models from all the clients, time past : 2900msec, loss : 1.21, accuracy 59.73%
Accuracy per label : ['0:56.50%', '1:74.50%', '2:44.50%', '3:40.70%', '4:55.50%', '5:49.50%', '6:71.60%', '7:69.90%', '8:81.30%', '9:53.30%']

Cluster round 3 completed, aggregated models from all the clients, time past : 4300msec, loss : 1.25, accuracy 59.82%
Accuracy per label : ['0:61.90%', '1:72.50%', '2:40.30%', '3:33.60%', '4:56.20%', '5:54.10%', '6:68.60%', '7:72.60%', '8:80.00%', '9:58.40%']

Cluster round 4 completed, aggregated models from all the clients, time past : 5700msec, loss : 1.29, accuracy 60.28%
Accuracy per label : ['0:64.90%', '1:69.10%', '2:39.90%', '3:37.80%', '4:57.70%', '5:50.70%', '6:68.30%', '7:72.40%', '8:77.90%', '9:64.10%']

Cluster round 5 completed, aggregated models from all the clients, time past : 7100msec, loss : 1.33, accuracy 60.15%
Accuracy per label : ['0:64.60%', '1:68.60%', '2:40.10%', '3:40.30%', '4:59.60%', '5:50.50%', '6:67.10%', '7:68.80%', '8:78.00%', '9:63.90%']

Before aggregation, loss : 1.61, accuracy : 60.40%
Before aggregation, accuracy per label : ['0:65.90%', '1:72.90%', '2:43.50%', '3:38.90%', '4:58.40%', '5:49.20%', '6:69.20%', '7:65.70%', '8:75.50%', '9:64.80%']
Aggregation to central server completed at central server round 250, loss : 1.57, accuracy: 60.78%, staleness : 7
Accuracy per label after aggregation : ['0:65.80%', '1:73.30%', '2:43.50%', '3:39.60%', '4:58.30%', '5:50.00%', '6:69.60%', '7:66.60%', '8:76.30%', '9:64.80%']

-----------------------------------------------------

Central server round 95 started
Model sent from central server with 100msec communication time, with loss :1.57, accuracy : 60.78%
Accuracy per label : ['0:65.80%', '1:73.30%', '2:43.50%', '3:39.60%', '4:58.30%', '5:50.00%', '6:69.60%', '7:66.60%', '8:76.30%', '9:64.80%']
The model is from round 88 from central server, staleness is 6

Cluster round 1 completed, aggregated models from all the clients, time past : 1500msec, loss : 1.20, accuracy 59.24%
Accuracy per label : ['0:53.20%', '1:71.50%', '2:44.90%', '3:40.20%', '4:56.10%', '5:42.00%', '6:74.10%', '7:71.10%', '8:79.90%', '9:59.40%']

Cluster round 2 completed, aggregated models from all the clients, time past : 2900msec, loss : 1.23, accuracy 59.91%
Accuracy per label : ['0:57.20%', '1:75.40%', '2:43.50%', '3:35.00%', '4:57.30%', '5:53.20%', '6:69.50%', '7:72.40%', '8:81.90%', '9:53.70%']

Cluster round 3 completed, aggregated models from all the clients, time past : 4300msec, loss : 1.26, accuracy 60.44%
Accuracy per label : ['0:61.00%', '1:70.80%', '2:41.10%', '3:42.10%', '4:56.60%', '5:48.20%', '6:69.60%', '7:73.00%', '8:79.70%', '9:62.30%']

Cluster round 4 completed, aggregated models from all the clients, time past : 5700msec, loss : 1.30, accuracy 60.66%
Accuracy per label : ['0:65.30%', '1:70.40%', '2:41.10%', '3:40.50%', '4:59.00%', '5:49.60%', '6:68.50%', '7:69.40%', '8:78.10%', '9:64.70%']

Cluster round 5 completed, aggregated models from all the clients, time past : 7100msec, loss : 1.36, accuracy 60.29%
Accuracy per label : ['0:64.30%', '1:70.20%', '2:39.20%', '3:40.80%', '4:62.40%', '5:47.80%', '6:67.50%', '7:68.90%', '8:79.20%', '9:62.60%']

Before aggregation, loss : 1.60, accuracy : 61.26%
Before aggregation, accuracy per label : ['0:66.30%', '1:73.40%', '2:45.80%', '3:40.30%', '4:57.70%', '5:49.90%', '6:69.90%', '7:68.00%', '8:75.70%', '9:65.60%']
Aggregation to central server completed at central server round 250, loss : 1.56, accuracy: 61.36%, staleness : 6
Accuracy per label after aggregation : ['0:66.20%', '1:74.20%', '2:45.50%', '3:40.40%', '4:57.90%', '5:49.60%', '6:69.80%', '7:68.20%', '8:76.50%', '9:65.30%']

-----------------------------------------------------

Central server round 103 started
Model sent from central server with 100msec communication time, with loss :1.56, accuracy : 61.36%
Accuracy per label : ['0:66.20%', '1:74.20%', '2:45.50%', '3:40.40%', '4:57.90%', '5:49.60%', '6:69.80%', '7:68.20%', '8:76.50%', '9:65.30%']
The model is from round 95 from central server, staleness is 7

Cluster round 1 completed, aggregated models from all the clients, time past : 1500msec, loss : 1.18, accuracy 59.88%
Accuracy per label : ['0:55.90%', '1:72.70%', '2:46.50%', '3:41.20%', '4:55.90%', '5:46.30%', '6:72.40%', '7:70.50%', '8:77.20%', '9:60.20%']

Cluster round 2 completed, aggregated models from all the clients, time past : 2900msec, loss : 1.24, accuracy 60.28%
Accuracy per label : ['0:60.20%', '1:75.90%', '2:41.10%', '3:37.00%', '4:58.70%', '5:51.50%', '6:70.40%', '7:72.50%', '8:80.20%', '9:55.30%']

Cluster round 3 completed, aggregated models from all the clients, time past : 4300msec, loss : 1.28, accuracy 60.74%
Accuracy per label : ['0:65.40%', '1:71.10%', '2:39.30%', '3:39.60%', '4:59.20%', '5:49.60%', '6:69.60%', '7:72.60%', '8:77.00%', '9:64.00%']

Cluster round 4 completed, aggregated models from all the clients, time past : 5700msec, loss : 1.32, accuracy 60.96%
Accuracy per label : ['0:68.20%', '1:71.80%', '2:41.00%', '3:42.00%', '4:58.10%', '5:48.10%', '6:69.60%', '7:70.80%', '8:76.00%', '9:64.00%']

Cluster round 5 completed, aggregated models from all the clients, time past : 7100msec, loss : 1.39, accuracy 60.71%
Accuracy per label : ['0:67.30%', '1:71.40%', '2:40.50%', '3:42.50%', '4:61.50%', '5:39.30%', '6:71.30%', '7:71.50%', '8:77.60%', '9:64.20%']

Before aggregation, loss : 1.74, accuracy : 61.00%
Before aggregation, accuracy per label : ['0:65.90%', '1:72.60%', '2:44.60%', '3:40.10%', '4:57.30%', '5:49.60%', '6:69.60%', '7:68.20%', '8:75.80%', '9:66.30%']
Aggregation to central server completed at central server round 250, loss : 1.69, accuracy: 61.28%, staleness : 7
Accuracy per label after aggregation : ['0:67.20%', '1:73.00%', '2:44.10%', '3:40.30%', '4:57.50%', '5:49.00%', '6:70.20%', '7:68.80%', '8:76.50%', '9:66.20%']

-----------------------------------------------------

Central server round 110 started
Model sent from central server with 100msec communication time, with loss :1.69, accuracy : 61.28%
Accuracy per label : ['0:67.20%', '1:73.00%', '2:44.10%', '3:40.30%', '4:57.50%', '5:49.00%', '6:70.20%', '7:68.80%', '8:76.50%', '9:66.20%']
The model is from round 103 from central server, staleness is 6

Cluster round 1 completed, aggregated models from all the clients, time past : 1500msec, loss : 1.20, accuracy 59.49%
Accuracy per label : ['0:56.70%', '1:74.40%', '2:44.90%', '3:36.40%', '4:56.00%', '5:50.00%', '6:71.50%', '7:72.30%', '8:81.60%', '9:51.10%']

Cluster round 2 completed, aggregated models from all the clients, time past : 2900msec, loss : 1.24, accuracy 60.78%
Accuracy per label : ['0:59.90%', '1:73.30%', '2:42.90%', '3:39.70%', '4:56.40%', '5:50.50%', '6:71.30%', '7:74.20%', '8:79.30%', '9:60.30%']

Cluster round 3 completed, aggregated models from all the clients, time past : 4300msec, loss : 1.29, accuracy 61.08%
Accuracy per label : ['0:63.80%', '1:71.80%', '2:44.10%', '3:42.00%', '4:56.40%', '5:46.90%', '6:72.10%', '7:71.10%', '8:78.50%', '9:64.10%']

Cluster round 4 completed, aggregated models from all the clients, time past : 5700msec, loss : 1.34, accuracy 61.27%
Accuracy per label : ['0:68.70%', '1:71.10%', '2:43.10%', '3:40.70%', '4:59.60%', '5:46.90%', '6:72.10%', '7:69.30%', '8:76.10%', '9:65.10%']

Cluster round 5 completed, aggregated models from all the clients, time past : 7100msec, loss : 1.39, accuracy 61.08%
Accuracy per label : ['0:65.00%', '1:72.20%', '2:41.00%', '3:41.20%', '4:60.60%', '5:48.60%', '6:72.50%', '7:69.00%', '8:78.00%', '9:62.70%']

Before aggregation, loss : 1.89, accuracy : 61.00%
Before aggregation, accuracy per label : ['0:67.60%', '1:72.20%', '2:45.30%', '3:39.60%', '4:58.10%', '5:48.70%', '6:69.30%', '7:67.70%', '8:75.00%', '9:66.50%']
Aggregation to central server completed at central server round 250, loss : 1.81, accuracy: 61.37%, staleness : 6
Accuracy per label after aggregation : ['0:67.80%', '1:72.80%', '2:44.50%', '3:40.90%', '4:57.60%', '5:49.40%', '6:69.80%', '7:68.00%', '8:76.10%', '9:66.80%']

-----------------------------------------------------

Central server round 118 started
Model sent from central server with 100msec communication time, with loss :1.81, accuracy : 61.37%
Accuracy per label : ['0:67.80%', '1:72.80%', '2:44.50%', '3:40.90%', '4:57.60%', '5:49.40%', '6:69.80%', '7:68.00%', '8:76.10%', '9:66.80%']
The model is from round 110 from central server, staleness is 7

Cluster round 1 completed, aggregated models from all the clients, time past : 1500msec, loss : 1.25, accuracy 57.54%
Accuracy per label : ['0:52.00%', '1:59.70%', '2:41.90%', '3:36.90%', '4:54.80%', '5:47.80%', '6:69.60%', '7:74.80%', '8:88.90%', '9:49.00%']

Cluster round 2 completed, aggregated models from all the clients, time past : 2900msec, loss : 1.24, accuracy 60.84%
Accuracy per label : ['0:62.70%', '1:75.20%', '2:44.50%', '3:37.70%', '4:56.90%', '5:51.40%', '6:70.70%', '7:72.50%', '8:78.40%', '9:58.40%']

Cluster round 3 completed, aggregated models from all the clients, time past : 4300msec, loss : 1.30, accuracy 61.36%
Accuracy per label : ['0:67.10%', '1:70.60%', '2:42.20%', '3:40.70%', '4:58.30%', '5:50.10%', '6:70.80%', '7:72.10%', '8:77.00%', '9:64.70%']

Cluster round 4 completed, aggregated models from all the clients, time past : 5700msec, loss : 1.35, accuracy 61.44%
Accuracy per label : ['0:67.10%', '1:71.50%', '2:41.70%', '3:45.30%', '4:61.20%', '5:46.10%', '6:70.80%', '7:69.60%', '8:76.50%', '9:64.60%']

Cluster round 5 completed, aggregated models from all the clients, time past : 7100msec, loss : 1.40, accuracy 61.31%
Accuracy per label : ['0:65.70%', '1:73.80%', '2:42.90%', '3:41.40%', '4:59.20%', '5:50.30%', '6:72.10%', '7:70.40%', '8:77.50%', '9:59.80%']

Before aggregation, loss : 1.70, accuracy : 61.99%
Before aggregation, accuracy per label : ['0:67.70%', '1:74.20%', '2:45.50%', '3:40.10%', '4:58.80%', '5:50.20%', '6:71.30%', '7:68.80%', '8:76.40%', '9:66.90%']
Aggregation to central server completed at central server round 250, loss : 1.66, accuracy: 62.16%, staleness : 7
Accuracy per label after aggregation : ['0:67.40%', '1:74.80%', '2:45.70%', '3:40.10%', '4:58.30%', '5:50.20%', '6:71.30%', '7:69.70%', '8:77.10%', '9:67.00%']

-----------------------------------------------------

Central server round 126 started
Model sent from central server with 100msec communication time, with loss :1.66, accuracy : 62.16%
Accuracy per label : ['0:67.40%', '1:74.80%', '2:45.70%', '3:40.10%', '4:58.30%', '5:50.20%', '6:71.30%', '7:69.70%', '8:77.10%', '9:67.00%']
The model is from round 118 from central server, staleness is 7

Cluster round 1 completed, aggregated models from all the clients, time past : 1500msec, loss : 1.20, accuracy 60.26%
Accuracy per label : ['0:62.10%', '1:74.60%', '2:46.80%', '3:44.30%', '4:56.50%', '5:44.00%', '6:69.80%', '7:73.00%', '8:74.20%', '9:57.30%']

Cluster round 2 completed, aggregated models from all the clients, time past : 2900msec, loss : 1.25, accuracy 61.69%
Accuracy per label : ['0:65.50%', '1:74.20%', '2:43.60%', '3:42.90%', '4:57.10%', '5:51.30%', '6:70.30%', '7:72.90%', '8:78.20%', '9:60.90%']

Cluster round 3 completed, aggregated models from all the clients, time past : 4300msec, loss : 1.32, accuracy 61.65%
Accuracy per label : ['0:67.10%', '1:72.70%', '2:43.20%', '3:41.30%', '4:59.00%', '5:48.30%', '6:72.00%', '7:71.40%', '8:76.70%', '9:64.80%']

Cluster round 4 completed, aggregated models from all the clients, time past : 5700msec, loss : 1.38, accuracy 61.37%
Accuracy per label : ['0:65.50%', '1:71.10%', '2:42.30%', '3:42.30%', '4:60.40%', '5:48.60%', '6:71.60%', '7:68.90%', '8:78.30%', '9:64.70%']

Cluster round 5 completed, aggregated models from all the clients, time past : 7100msec, loss : 1.43, accuracy 61.35%
Accuracy per label : ['0:66.10%', '1:73.20%', '2:41.70%', '3:41.80%', '4:59.90%', '5:47.70%', '6:72.00%', '7:71.30%', '8:77.80%', '9:62.00%']

Before aggregation, loss : 1.74, accuracy : 62.32%
Before aggregation, accuracy per label : ['0:68.50%', '1:73.60%', '2:46.10%', '3:41.20%', '4:58.10%', '5:50.30%', '6:70.90%', '7:70.10%', '8:76.30%', '9:68.10%']
Aggregation to central server completed at central server round 250, loss : 1.69, accuracy: 62.54%, staleness : 7
Accuracy per label after aggregation : ['0:68.50%', '1:74.60%', '2:45.60%', '3:41.50%', '4:58.50%', '5:49.90%', '6:71.30%', '7:70.70%', '8:76.70%', '9:68.10%']

-----------------------------------------------------

Central server round 132 started
Model sent from central server with 100msec communication time, with loss :1.69, accuracy : 62.54%
Accuracy per label : ['0:68.50%', '1:74.60%', '2:45.60%', '3:41.50%', '4:58.50%', '5:49.90%', '6:71.30%', '7:70.70%', '8:76.70%', '9:68.10%']
The model is from round 126 from central server, staleness is 5

Cluster round 1 completed, aggregated models from all the clients, time past : 1500msec, loss : 1.20, accuracy 59.64%
Accuracy per label : ['0:58.20%', '1:77.40%', '2:48.80%', '3:39.20%', '4:49.70%', '5:51.90%', '6:70.40%', '7:70.50%', '8:71.90%', '9:58.40%']

Cluster round 2 completed, aggregated models from all the clients, time past : 2900msec, loss : 1.26, accuracy 61.54%
Accuracy per label : ['0:64.20%', '1:75.00%', '2:44.50%', '3:40.50%', '4:58.40%', '5:49.50%', '6:69.90%', '7:73.70%', '8:78.40%', '9:61.30%']

Cluster round 3 completed, aggregated models from all the clients, time past : 4300msec, loss : 1.33, accuracy 61.97%
Accuracy per label : ['0:69.50%', '1:71.40%', '2:44.20%', '3:41.10%', '4:58.00%', '5:47.90%', '6:74.20%', '7:70.90%', '8:77.20%', '9:65.30%']

Cluster round 4 completed, aggregated models from all the clients, time past : 5700msec, loss : 1.38, accuracy 61.41%
Accuracy per label : ['0:65.50%', '1:69.40%', '2:43.40%', '3:44.90%', '4:57.50%', '5:44.30%', '6:73.80%', '7:68.90%', '8:78.60%', '9:67.80%']

Cluster round 5 completed, aggregated models from all the clients, time past : 7100msec, loss : 1.43, accuracy 61.38%
Accuracy per label : ['0:65.50%', '1:70.20%', '2:42.90%', '3:40.50%', '4:57.80%', '5:46.80%', '6:73.60%', '7:72.50%', '8:77.80%', '9:66.20%']

Before aggregation, loss : 1.96, accuracy : 61.74%
Before aggregation, accuracy per label : ['0:69.80%', '1:72.60%', '2:45.40%', '3:40.10%', '4:57.60%', '5:49.90%', '6:70.00%', '7:69.20%', '8:74.40%', '9:68.40%']
Aggregation to central server completed at central server round 250, loss : 1.87, accuracy: 62.19%, staleness : 5
Accuracy per label after aggregation : ['0:69.70%', '1:73.20%', '2:45.50%', '3:40.90%', '4:57.80%', '5:50.70%', '6:70.70%', '7:69.50%', '8:75.40%', '9:68.50%']

-----------------------------------------------------

Central server round 140 started
Model sent from central server with 100msec communication time, with loss :1.87, accuracy : 62.19%
Accuracy per label : ['0:69.70%', '1:73.20%', '2:45.50%', '3:40.90%', '4:57.80%', '5:50.70%', '6:70.70%', '7:69.50%', '8:75.40%', '9:68.50%']
The model is from round 132 from central server, staleness is 7

Cluster round 1 completed, aggregated models from all the clients, time past : 1500msec, loss : 1.21, accuracy 59.49%
Accuracy per label : ['0:55.30%', '1:72.00%', '2:43.90%', '3:40.40%', '4:57.00%', '5:46.60%', '6:73.70%', '7:72.20%', '8:82.30%', '9:51.50%']

Cluster round 2 completed, aggregated models from all the clients, time past : 2900msec, loss : 1.28, accuracy 61.49%
Accuracy per label : ['0:61.40%', '1:72.10%', '2:44.90%', '3:42.20%', '4:58.10%', '5:49.00%', '6:71.20%', '7:72.20%', '8:80.10%', '9:63.70%']

Cluster round 3 completed, aggregated models from all the clients, time past : 4300msec, loss : 1.34, accuracy 61.61%
Accuracy per label : ['0:64.70%', '1:70.50%', '2:42.50%', '3:43.70%', '4:59.00%', '5:49.40%', '6:72.90%', '7:70.40%', '8:79.10%', '9:63.90%']

Cluster round 4 completed, aggregated models from all the clients, time past : 5700msec, loss : 1.40, accuracy 61.76%
Accuracy per label : ['0:64.90%', '1:72.30%', '2:42.40%', '3:38.30%', '4:61.00%', '5:51.90%', '6:74.60%', '7:70.00%', '8:77.90%', '9:64.30%']

Cluster round 5 completed, aggregated models from all the clients, time past : 7100msec, loss : 1.45, accuracy 61.82%
Accuracy per label : ['0:65.70%', '1:72.60%', '2:43.50%', '3:41.70%', '4:59.10%', '5:50.60%', '6:73.50%', '7:70.10%', '8:77.00%', '9:64.40%']

Before aggregation, loss : 1.76, accuracy : 62.73%
Before aggregation, accuracy per label : ['0:68.10%', '1:74.60%', '2:45.00%', '3:42.70%', '4:59.10%', '5:49.90%', '6:71.80%', '7:70.40%', '8:76.80%', '9:68.90%']
Aggregation to central server completed at central server round 250, loss : 1.71, accuracy: 62.93%, staleness : 7
Accuracy per label after aggregation : ['0:68.10%', '1:74.80%', '2:45.40%', '3:43.60%', '4:58.60%', '5:51.00%', '6:71.80%', '7:70.30%', '8:77.20%', '9:68.50%']

-----------------------------------------------------

Central server round 148 started
Model sent from central server with 100msec communication time, with loss :1.71, accuracy : 62.93%
Accuracy per label : ['0:68.10%', '1:74.80%', '2:45.40%', '3:43.60%', '4:58.60%', '5:51.00%', '6:71.80%', '7:70.30%', '8:77.20%', '9:68.50%']
The model is from round 140 from central server, staleness is 7

Cluster round 1 completed, aggregated models from all the clients, time past : 1500msec, loss : 1.22, accuracy 60.42%
Accuracy per label : ['0:67.10%', '1:74.50%', '2:40.10%', '3:43.60%', '4:59.20%', '5:43.60%', '6:66.50%', '7:76.20%', '8:76.60%', '9:56.80%']

Cluster round 2 completed, aggregated models from all the clients, time past : 2900msec, loss : 1.29, accuracy 61.68%
Accuracy per label : ['0:65.90%', '1:73.60%', '2:46.90%', '3:43.30%', '4:57.80%', '5:47.40%', '6:70.30%', '7:71.20%', '8:77.30%', '9:63.10%']

Cluster round 3 completed, aggregated models from all the clients, time past : 4300msec, loss : 1.36, accuracy 61.87%
Accuracy per label : ['0:65.30%', '1:71.00%', '2:44.30%', '3:41.90%', '4:59.20%', '5:50.20%', '6:73.40%', '7:69.50%', '8:79.10%', '9:64.80%']

Cluster round 4 completed, aggregated models from all the clients, time past : 5700msec, loss : 1.42, accuracy 61.76%
Accuracy per label : ['0:64.70%', '1:72.40%', '2:43.00%', '3:42.20%', '4:59.90%', '5:47.40%', '6:73.90%', '7:70.50%', '8:79.30%', '9:64.30%']

Cluster round 5 completed, aggregated models from all the clients, time past : 7100msec, loss : 1.45, accuracy 61.52%
Accuracy per label : ['0:67.60%', '1:71.90%', '2:45.00%', '3:38.90%', '4:60.80%', '5:49.70%', '6:73.40%', '7:68.80%', '8:76.90%', '9:62.20%']

Before aggregation, loss : 1.80, accuracy : 62.90%
Before aggregation, accuracy per label : ['0:68.40%', '1:74.90%', '2:46.20%', '3:41.90%', '4:59.50%', '5:50.70%', '6:71.90%', '7:70.20%', '8:76.60%', '9:68.70%']
Aggregation to central server completed at central server round 250, loss : 1.75, accuracy: 63.12%, staleness : 7
Accuracy per label after aggregation : ['0:68.40%', '1:75.10%', '2:46.70%', '3:41.90%', '4:59.50%', '5:51.10%', '6:72.10%', '7:70.70%', '8:77.60%', '9:68.10%']

-----------------------------------------------------

Central server round 156 started
Model sent from central server with 100msec communication time, with loss :1.75, accuracy : 63.12%
Accuracy per label : ['0:68.40%', '1:75.10%', '2:46.70%', '3:41.90%', '4:59.50%', '5:51.10%', '6:72.10%', '7:70.70%', '8:77.60%', '9:68.10%']
The model is from round 148 from central server, staleness is 7

Cluster round 1 completed, aggregated models from all the clients, time past : 1500msec, loss : 1.21, accuracy 61.22%
Accuracy per label : ['0:65.00%', '1:75.10%', '2:43.50%', '3:43.50%', '4:59.50%', '5:50.00%', '6:67.30%', '7:71.20%', '8:77.30%', '9:59.80%']

Cluster round 2 completed, aggregated models from all the clients, time past : 2900msec, loss : 1.30, accuracy 61.86%
Accuracy per label : ['0:67.90%', '1:74.70%', '2:46.40%', '3:43.30%', '4:57.60%', '5:46.20%', '6:70.80%', '7:72.50%', '8:77.40%', '9:61.80%']

Cluster round 3 completed, aggregated models from all the clients, time past : 4300msec, loss : 1.38, accuracy 61.98%
Accuracy per label : ['0:61.00%', '1:71.50%', '2:46.70%', '3:44.50%', '4:58.50%', '5:45.80%', '6:73.90%', '7:71.30%', '8:81.30%', '9:65.30%']

Cluster round 4 completed, aggregated models from all the clients, time past : 5700msec, loss : 1.42, accuracy 61.89%
Accuracy per label : ['0:66.90%', '1:72.40%', '2:44.30%', '3:39.60%', '4:60.60%', '5:49.80%', '6:73.10%', '7:69.40%', '8:77.90%', '9:64.90%']

Cluster round 5 completed, aggregated models from all the clients, time past : 7100msec, loss : 1.44, accuracy 61.90%
Accuracy per label : ['0:65.70%', '1:73.20%', '2:42.10%', '3:42.90%', '4:61.60%', '5:51.30%', '6:71.20%', '7:70.00%', '8:78.00%', '9:63.00%']

Before aggregation, loss : 1.95, accuracy : 62.60%
Before aggregation, accuracy per label : ['0:69.60%', '1:73.60%', '2:46.60%', '3:40.80%', '4:58.00%', '5:51.40%', '6:71.10%', '7:70.70%', '8:75.20%', '9:69.00%']
Aggregation to central server completed at central server round 250, loss : 1.88, accuracy: 62.89%, staleness : 7
Accuracy per label after aggregation : ['0:69.70%', '1:74.60%', '2:46.00%', '3:41.10%', '4:58.30%', '5:51.80%', '6:71.60%', '7:71.00%', '8:75.90%', '9:68.90%']

-----------------------------------------------------

Central server round 162 started
Model sent from central server with 100msec communication time, with loss :1.88, accuracy : 62.89%
Accuracy per label : ['0:69.70%', '1:74.60%', '2:46.00%', '3:41.10%', '4:58.30%', '5:51.80%', '6:71.60%', '7:71.00%', '8:75.90%', '9:68.90%']
The model is from round 156 from central server, staleness is 5

Cluster round 1 completed, aggregated models from all the clients, time past : 1500msec, loss : 1.21, accuracy 60.80%
Accuracy per label : ['0:64.20%', '1:78.70%', '2:42.70%', '3:39.20%', '4:58.40%', '5:52.20%', '6:73.10%', '7:69.20%', '8:78.90%', '9:51.40%']

Cluster round 2 completed, aggregated models from all the clients, time past : 2900msec, loss : 1.31, accuracy 62.11%
Accuracy per label : ['0:66.80%', '1:72.30%', '2:45.10%', '3:40.60%', '4:55.40%', '5:50.20%', '6:73.20%', '7:73.00%', '8:78.80%', '9:65.70%']

Cluster round 3 completed, aggregated models from all the clients, time past : 4300msec, loss : 1.38, accuracy 61.97%
Accuracy per label : ['0:66.30%', '1:72.10%', '2:44.40%', '3:38.20%', '4:59.30%', '5:54.00%', '6:73.60%', '7:70.20%', '8:78.00%', '9:63.60%']

Cluster round 4 completed, aggregated models from all the clients, time past : 5700msec, loss : 1.42, accuracy 61.18%
Accuracy per label : ['0:62.00%', '1:70.60%', '2:46.50%', '3:38.30%', '4:59.60%', '5:56.10%', '6:73.00%', '7:63.10%', '8:78.80%', '9:63.80%']

Cluster round 5 completed, aggregated models from all the clients, time past : 7100msec, loss : 1.48, accuracy 61.78%
Accuracy per label : ['0:67.00%', '1:73.50%', '2:43.40%', '3:42.40%', '4:57.80%', '5:48.10%', '6:74.70%', '7:70.80%', '8:77.60%', '9:62.50%']

Before aggregation, loss : 1.85, accuracy : 63.01%
Before aggregation, accuracy per label : ['0:69.00%', '1:74.30%', '2:46.20%', '3:39.00%', '4:59.40%', '5:52.90%', '6:72.10%', '7:71.30%', '8:76.50%', '9:69.40%']
Aggregation to central server completed at central server round 250, loss : 1.78, accuracy: 63.41%, staleness : 5
Accuracy per label after aggregation : ['0:68.90%', '1:75.50%', '2:47.10%', '3:40.20%', '4:59.10%', '5:53.10%', '6:73.00%', '7:71.40%', '8:76.80%', '9:69.00%']

-----------------------------------------------------

Central server round 171 started
Model sent from central server with 100msec communication time, with loss :1.78, accuracy : 63.41%
Accuracy per label : ['0:68.90%', '1:75.50%', '2:47.10%', '3:40.20%', '4:59.10%', '5:53.10%', '6:73.00%', '7:71.40%', '8:76.80%', '9:69.00%']
The model is from round 162 from central server, staleness is 8

Cluster round 1 completed, aggregated models from all the clients, time past : 1500msec, loss : 1.24, accuracy 61.05%
Accuracy per label : ['0:69.70%', '1:77.30%', '2:39.40%', '3:42.40%', '4:57.90%', '5:47.90%', '6:69.60%', '7:74.40%', '8:73.80%', '9:58.10%']

Cluster round 2 completed, aggregated models from all the clients, time past : 2900msec, loss : 1.33, accuracy 62.05%
Accuracy per label : ['0:68.20%', '1:73.00%', '2:45.60%', '3:38.90%', '4:59.20%', '5:47.50%', '6:74.30%', '7:72.00%', '8:77.40%', '9:64.40%']

Cluster round 3 completed, aggregated models from all the clients, time past : 4300msec, loss : 1.39, accuracy 62.08%
Accuracy per label : ['0:66.20%', '1:73.10%', '2:44.60%', '3:42.10%', '4:58.60%', '5:49.70%', '6:74.30%', '7:72.00%', '8:77.20%', '9:63.00%']

Cluster round 4 completed, aggregated models from all the clients, time past : 5700msec, loss : 1.43, accuracy 62.18%
Accuracy per label : ['0:66.00%', '1:74.30%', '2:44.30%', '3:43.10%', '4:61.00%', '5:49.50%', '6:74.30%', '7:71.60%', '8:76.60%', '9:61.10%']

Cluster round 5 completed, aggregated models from all the clients, time past : 7100msec, loss : 1.50, accuracy 61.85%
Accuracy per label : ['0:65.20%', '1:71.00%', '2:45.10%', '3:43.60%', '4:57.60%', '5:45.00%', '6:71.10%', '7:73.70%', '8:76.40%', '9:69.80%']

Before aggregation, loss : 1.78, accuracy : 63.28%
Before aggregation, accuracy per label : ['0:69.40%', '1:75.00%', '2:46.30%', '3:42.30%', '4:59.80%', '5:51.10%', '6:72.80%', '7:71.30%', '8:76.30%', '9:68.50%']
Aggregation to central server completed at central server round 250, loss : 1.75, accuracy: 63.37%, staleness : 8
Accuracy per label after aggregation : ['0:69.60%', '1:75.00%', '2:46.80%', '3:42.50%', '4:59.70%', '5:50.50%', '6:72.60%', '7:72.00%', '8:76.30%', '9:68.70%']

-----------------------------------------------------

Central server round 178 started
Model sent from central server with 100msec communication time, with loss :1.75, accuracy : 63.37%
Accuracy per label : ['0:69.60%', '1:75.00%', '2:46.80%', '3:42.50%', '4:59.70%', '5:50.50%', '6:72.60%', '7:72.00%', '8:76.30%', '9:68.70%']
The model is from round 171 from central server, staleness is 6

Cluster round 1 completed, aggregated models from all the clients, time past : 1500msec, loss : 1.24, accuracy 61.02%
Accuracy per label : ['0:71.00%', '1:75.90%', '2:41.50%', '3:37.70%', '4:56.70%', '5:52.20%', '6:66.10%', '7:75.90%', '8:77.50%', '9:55.70%']

Cluster round 2 completed, aggregated models from all the clients, time past : 2900msec, loss : 1.33, accuracy 62.36%
Accuracy per label : ['0:66.60%', '1:73.30%', '2:45.80%', '3:40.50%', '4:58.10%', '5:51.00%', '6:74.10%', '7:70.70%', '8:78.70%', '9:64.80%']

Cluster round 3 completed, aggregated models from all the clients, time past : 4300msec, loss : 1.42, accuracy 61.94%
Accuracy per label : ['0:66.00%', '1:72.90%', '2:44.60%', '3:42.20%', '4:61.00%', '5:45.40%', '6:74.00%', '7:71.40%', '8:78.20%', '9:63.70%']

Cluster round 4 completed, aggregated models from all the clients, time past : 5700msec, loss : 1.46, accuracy 62.32%
Accuracy per label : ['0:68.50%', '1:72.60%', '2:44.40%', '3:43.00%', '4:59.70%', '5:46.90%', '6:73.70%', '7:72.30%', '8:76.40%', '9:65.70%']

Cluster round 5 completed, aggregated models from all the clients, time past : 7100msec, loss : 1.47, accuracy 61.81%
Accuracy per label : ['0:62.80%', '1:71.60%', '2:45.00%', '3:48.30%', '4:56.10%', '5:51.00%', '6:69.10%', '7:70.70%', '8:79.60%', '9:63.90%']

Before aggregation, loss : 1.88, accuracy : 63.29%
Before aggregation, accuracy per label : ['0:69.60%', '1:74.30%', '2:47.00%', '3:42.70%', '4:58.30%', '5:51.70%', '6:72.80%', '7:71.30%', '8:75.70%', '9:69.50%']
Aggregation to central server completed at central server round 250, loss : 1.82, accuracy: 63.43%, staleness : 6
Accuracy per label after aggregation : ['0:69.40%', '1:74.80%', '2:46.90%', '3:43.90%', '4:58.50%', '5:51.20%', '6:72.70%', '7:71.70%', '8:76.10%', '9:69.10%']

-----------------------------------------------------

Central server round 184 started
Model sent from central server with 100msec communication time, with loss :1.82, accuracy : 63.43%
Accuracy per label : ['0:69.40%', '1:74.80%', '2:46.90%', '3:43.90%', '4:58.50%', '5:51.20%', '6:72.70%', '7:71.70%', '8:76.10%', '9:69.10%']
The model is from round 178 from central server, staleness is 5

Cluster round 1 completed, aggregated models from all the clients, time past : 1500msec, loss : 1.27, accuracy 60.82%
Accuracy per label : ['0:62.70%', '1:77.00%', '2:43.80%', '3:45.40%', '4:62.00%', '5:40.90%', '6:67.60%', '7:74.80%', '8:78.40%', '9:55.60%']

Cluster round 2 completed, aggregated models from all the clients, time past : 2900msec, loss : 1.36, accuracy 62.33%
Accuracy per label : ['0:67.30%', '1:75.00%', '2:43.90%', '3:38.50%', '4:61.00%', '5:53.00%', '6:73.20%', '7:71.30%', '8:77.50%', '9:62.60%']

Cluster round 3 completed, aggregated models from all the clients, time past : 4300msec, loss : 1.43, accuracy 61.69%
Accuracy per label : ['0:65.00%', '1:74.70%', '2:44.60%', '3:37.10%', '4:61.60%', '5:48.00%', '6:75.80%', '7:70.30%', '8:79.40%', '9:60.40%']

Cluster round 4 completed, aggregated models from all the clients, time past : 5700msec, loss : 1.48, accuracy 62.06%
Accuracy per label : ['0:64.00%', '1:76.20%', '2:43.50%', '3:42.60%', '4:62.80%', '5:47.20%', '6:73.60%', '7:71.20%', '8:79.70%', '9:59.80%']

Cluster round 5 completed, aggregated models from all the clients, time past : 7100msec, loss : 1.54, accuracy 61.74%
Accuracy per label : ['0:67.90%', '1:72.30%', '2:45.00%', '3:28.50%', '4:58.10%', '5:63.00%', '6:72.20%', '7:69.50%', '8:76.40%', '9:64.50%']

Before aggregation, loss : 1.87, accuracy : 63.30%
Before aggregation, accuracy per label : ['0:69.80%', '1:74.60%', '2:46.70%', '3:43.40%', '4:59.10%', '5:51.00%', '6:72.50%', '7:70.90%', '8:75.60%', '9:69.40%']
Aggregation to central server completed at central server round 250, loss : 1.80, accuracy: 63.57%, staleness : 5
Accuracy per label after aggregation : ['0:70.50%', '1:75.30%', '2:47.70%', '3:42.20%', '4:59.10%', '5:51.80%', '6:72.80%', '7:71.50%', '8:76.00%', '9:68.80%']

-----------------------------------------------------

Central server round 192 started
Model sent from central server with 100msec communication time, with loss :1.80, accuracy : 63.57%
Accuracy per label : ['0:70.50%', '1:75.30%', '2:47.70%', '3:42.20%', '4:59.10%', '5:51.80%', '6:72.80%', '7:71.50%', '8:76.00%', '9:68.80%']
The model is from round 184 from central server, staleness is 7

Cluster round 1 completed, aggregated models from all the clients, time past : 1500msec, loss : 1.25, accuracy 61.94%
Accuracy per label : ['0:66.40%', '1:72.90%', '2:43.80%', '3:46.10%', '4:57.00%', '5:53.10%', '6:68.60%', '7:69.40%', '8:78.10%', '9:64.00%']

Cluster round 2 completed, aggregated models from all the clients, time past : 2900msec, loss : 1.39, accuracy 62.01%
Accuracy per label : ['0:67.90%', '1:73.40%', '2:41.70%', '3:38.60%', '4:64.90%', '5:47.60%', '6:74.30%', '7:69.50%', '8:77.80%', '9:64.40%']

Cluster round 3 completed, aggregated models from all the clients, time past : 4300msec, loss : 1.44, accuracy 61.96%
Accuracy per label : ['0:67.50%', '1:71.90%', '2:45.70%', '3:44.40%', '4:58.70%', '5:46.60%', '6:72.60%', '7:70.90%', '8:78.50%', '9:62.80%']

Cluster round 4 completed, aggregated models from all the clients, time past : 5700msec, loss : 1.48, accuracy 62.65%
Accuracy per label : ['0:68.10%', '1:74.30%', '2:45.10%', '3:41.00%', '4:58.30%', '5:51.50%', '6:75.20%', '7:71.50%', '8:77.30%', '9:64.20%']

Cluster round 5 completed, aggregated models from all the clients, time past : 7100msec, loss : 1.50, accuracy 61.93%
Accuracy per label : ['0:64.50%', '1:71.30%', '2:49.50%', '3:38.90%', '4:59.30%', '5:51.10%', '6:73.90%', '7:70.70%', '8:79.70%', '9:60.40%']

Before aggregation, loss : 1.93, accuracy : 63.40%
Before aggregation, accuracy per label : ['0:70.30%', '1:74.50%', '2:46.80%', '3:42.60%', '4:59.10%', '5:51.40%', '6:72.70%', '7:71.70%', '8:75.30%', '9:69.60%']
Aggregation to central server completed at central server round 250, loss : 1.87, accuracy: 63.55%, staleness : 7
Accuracy per label after aggregation : ['0:70.20%', '1:74.90%', '2:47.60%', '3:42.80%', '4:58.40%', '5:51.50%', '6:72.90%', '7:72.10%', '8:75.90%', '9:69.20%']

-----------------------------------------------------

Central server round 201 started
Model sent from central server with 100msec communication time, with loss :1.87, accuracy : 63.55%
Accuracy per label : ['0:70.20%', '1:74.90%', '2:47.60%', '3:42.80%', '4:58.40%', '5:51.50%', '6:72.90%', '7:72.10%', '8:75.90%', '9:69.20%']
The model is from round 192 from central server, staleness is 8

Cluster round 1 completed, aggregated models from all the clients, time past : 1500msec, loss : 1.26, accuracy 61.26%
Accuracy per label : ['0:63.80%', '1:75.70%', '2:45.00%', '3:41.70%', '4:59.30%', '5:46.90%', '6:69.70%', '7:74.00%', '8:79.10%', '9:57.40%']

Cluster round 2 completed, aggregated models from all the clients, time past : 2900msec, loss : 1.36, accuracy 62.40%
Accuracy per label : ['0:67.90%', '1:73.90%', '2:46.40%', '3:40.70%', '4:57.00%', '5:49.90%', '6:74.20%', '7:71.40%', '8:77.70%', '9:64.90%']

Cluster round 3 completed, aggregated models from all the clients, time past : 4300msec, loss : 1.44, accuracy 62.43%
Accuracy per label : ['0:67.50%', '1:75.10%', '2:44.80%', '3:39.10%', '4:57.90%', '5:55.20%', '6:74.40%', '7:70.70%', '8:78.10%', '9:61.50%']

Cluster round 4 completed, aggregated models from all the clients, time past : 5700msec, loss : 1.50, accuracy 62.38%
Accuracy per label : ['0:66.90%', '1:74.10%', '2:44.50%', '3:45.40%', '4:59.50%', '5:48.60%', '6:73.00%', '7:71.60%', '8:77.00%', '9:63.20%']

Cluster round 5 completed, aggregated models from all the clients, time past : 7100msec, loss : 1.53, accuracy 62.47%
Accuracy per label : ['0:69.80%', '1:73.60%', '2:46.30%', '3:41.60%', '4:56.30%', '5:52.90%', '6:73.70%', '7:70.00%', '8:75.50%', '9:65.00%']

Before aggregation, loss : 1.89, accuracy : 63.62%
Before aggregation, accuracy per label : ['0:70.50%', '1:74.70%', '2:48.00%', '3:43.00%', '4:58.90%', '5:50.70%', '6:73.10%', '7:72.30%', '8:75.70%', '9:69.30%']
Aggregation to central server completed at central server round 250, loss : 1.85, accuracy: 63.75%, staleness : 8
Accuracy per label after aggregation : ['0:70.80%', '1:74.90%', '2:48.10%', '3:43.30%', '4:58.50%', '5:50.80%', '6:73.70%', '7:72.30%', '8:75.60%', '9:69.50%']

-----------------------------------------------------

Central server round 208 started
Model sent from central server with 100msec communication time, with loss :1.85, accuracy : 63.75%
Accuracy per label : ['0:70.80%', '1:74.90%', '2:48.10%', '3:43.30%', '4:58.50%', '5:50.80%', '6:73.70%', '7:72.30%', '8:75.60%', '9:69.50%']
The model is from round 201 from central server, staleness is 6

Cluster round 1 completed, aggregated models from all the clients, time past : 1500msec, loss : 1.28, accuracy 61.49%
Accuracy per label : ['0:66.60%', '1:76.60%', '2:44.80%', '3:42.10%', '4:61.60%', '5:44.70%', '6:66.00%', '7:75.00%', '8:81.10%', '9:56.40%']

Cluster round 2 completed, aggregated models from all the clients, time past : 2900msec, loss : 1.39, accuracy 62.31%
Accuracy per label : ['0:68.20%', '1:74.70%', '2:45.40%', '3:42.80%', '4:58.90%', '5:43.40%', '6:76.00%', '7:71.60%', '8:76.90%', '9:65.20%']

Cluster round 3 completed, aggregated models from all the clients, time past : 4300msec, loss : 1.46, accuracy 62.52%
Accuracy per label : ['0:70.20%', '1:72.20%', '2:43.60%', '3:42.80%', '4:59.70%', '5:48.00%', '6:74.90%', '7:72.30%', '8:77.00%', '9:64.50%']

Cluster round 4 completed, aggregated models from all the clients, time past : 5700msec, loss : 1.49, accuracy 62.52%
Accuracy per label : ['0:66.70%', '1:73.40%', '2:45.80%', '3:45.40%', '4:56.70%', '5:48.80%', '6:71.90%', '7:74.60%', '8:77.80%', '9:64.10%']

Cluster round 5 completed, aggregated models from all the clients, time past : 7100msec, loss : 1.54, accuracy 62.34%
Accuracy per label : ['0:68.00%', '1:72.80%', '2:42.50%', '3:40.40%', '4:62.20%', '5:52.40%', '6:74.10%', '7:69.50%', '8:77.00%', '9:64.50%']

Before aggregation, loss : 1.86, accuracy : 63.72%
Before aggregation, accuracy per label : ['0:70.20%', '1:74.30%', '2:48.10%', '3:43.40%', '4:59.40%', '5:50.80%', '6:73.30%', '7:72.20%', '8:75.90%', '9:69.60%']
Aggregation to central server completed at central server round 250, loss : 1.81, accuracy: 63.90%, staleness : 6
Accuracy per label after aggregation : ['0:70.60%', '1:74.60%', '2:47.80%', '3:43.80%', '4:59.70%', '5:50.90%', '6:73.80%', '7:71.80%', '8:76.50%', '9:69.50%']

-----------------------------------------------------

Central server round 214 started
Model sent from central server with 100msec communication time, with loss :1.81, accuracy : 63.90%
Accuracy per label : ['0:70.60%', '1:74.60%', '2:47.80%', '3:43.80%', '4:59.70%', '5:50.90%', '6:73.80%', '7:71.80%', '8:76.50%', '9:69.50%']
The model is from round 208 from central server, staleness is 5

Cluster round 1 completed, aggregated models from all the clients, time past : 1500msec, loss : 1.28, accuracy 61.36%
Accuracy per label : ['0:61.00%', '1:77.60%', '2:53.20%', '3:35.60%', '4:54.60%', '5:50.10%', '6:74.50%', '7:71.70%', '8:80.30%', '9:55.00%']

Cluster round 2 completed, aggregated models from all the clients, time past : 2900msec, loss : 1.41, accuracy 62.30%
Accuracy per label : ['0:66.00%', '1:75.00%', '2:46.20%', '3:29.30%', '4:61.40%', '5:60.60%', '6:71.30%', '7:72.20%', '8:78.20%', '9:62.80%']

Cluster round 3 completed, aggregated models from all the clients, time past : 4300msec, loss : 1.47, accuracy 62.74%
Accuracy per label : ['0:64.60%', '1:75.50%', '2:45.80%', '3:38.60%', '4:61.80%', '5:51.40%', '6:75.40%', '7:72.80%', '8:77.10%', '9:64.40%']

Cluster round 4 completed, aggregated models from all the clients, time past : 5700msec, loss : 1.48, accuracy 62.17%
Accuracy per label : ['0:69.90%', '1:73.70%', '2:43.80%', '3:43.10%', '4:59.00%', '5:48.10%', '6:74.40%', '7:68.20%', '8:78.00%', '9:63.50%']

Cluster round 5 completed, aggregated models from all the clients, time past : 7100msec, loss : 1.55, accuracy 62.82%
Accuracy per label : ['0:69.70%', '1:71.20%', '2:45.60%', '3:39.20%', '4:57.30%', '5:57.00%', '6:73.70%', '7:70.80%', '8:77.60%', '9:66.10%']

Before aggregation, loss : 2.03, accuracy : 63.37%
Before aggregation, accuracy per label : ['0:70.90%', '1:73.90%', '2:47.40%', '3:42.60%', '4:58.50%', '5:51.60%', '6:72.50%', '7:71.50%', '8:74.60%', '9:70.20%']
Aggregation to central server completed at central server round 250, loss : 1.96, accuracy: 63.57%, staleness : 5
Accuracy per label after aggregation : ['0:70.40%', '1:74.50%', '2:47.70%', '3:42.40%', '4:57.80%', '5:51.80%', '6:73.30%', '7:72.10%', '8:75.60%', '9:70.10%']

-----------------------------------------------------

Central server round 222 started
Model sent from central server with 100msec communication time, with loss :1.96, accuracy : 63.57%
Accuracy per label : ['0:70.40%', '1:74.50%', '2:47.70%', '3:42.40%', '4:57.80%', '5:51.80%', '6:73.30%', '7:72.10%', '8:75.60%', '9:70.10%']
The model is from round 214 from central server, staleness is 7

Cluster round 1 completed, aggregated models from all the clients, time past : 1500msec, loss : 1.29, accuracy 61.19%
Accuracy per label : ['0:63.50%', '1:80.60%', '2:46.80%', '3:40.90%', '4:63.80%', '5:45.60%', '6:66.30%', '7:72.70%', '8:76.50%', '9:55.20%']

Cluster round 2 completed, aggregated models from all the clients, time past : 2900msec, loss : 1.40, accuracy 62.49%
Accuracy per label : ['0:68.40%', '1:75.50%', '2:43.40%', '3:43.30%', '4:60.10%', '5:50.10%', '6:74.10%', '7:70.80%', '8:76.70%', '9:62.50%']

Cluster round 3 completed, aggregated models from all the clients, time past : 4300msec, loss : 1.46, accuracy 62.38%
Accuracy per label : ['0:66.70%', '1:73.20%', '2:45.40%', '3:43.00%', '4:58.30%', '5:49.30%', '6:74.40%', '7:71.40%', '8:77.30%', '9:64.80%']

Cluster round 4 completed, aggregated models from all the clients, time past : 5700msec, loss : 1.49, accuracy 62.53%
Accuracy per label : ['0:68.40%', '1:72.30%', '2:46.10%', '3:48.00%', '4:57.70%', '5:49.30%', '6:70.50%', '7:71.70%', '8:76.70%', '9:64.60%']

Cluster round 5 completed, aggregated models from all the clients, time past : 7100msec, loss : 1.56, accuracy 62.40%
Accuracy per label : ['0:69.10%', '1:73.70%', '2:45.30%', '3:43.10%', '4:58.30%', '5:49.80%', '6:72.70%', '7:70.20%', '8:76.90%', '9:64.90%']

Before aggregation, loss : 2.03, accuracy : 63.37%
Before aggregation, accuracy per label : ['0:71.00%', '1:73.60%', '2:47.70%', '3:42.40%', '4:58.80%', '5:50.90%', '6:72.70%', '7:71.50%', '8:75.00%', '9:70.10%']
Aggregation to central server completed at central server round 250, loss : 1.97, accuracy: 63.57%, staleness : 7
Accuracy per label after aggregation : ['0:70.80%', '1:74.40%', '2:47.90%', '3:42.70%', '4:58.70%', '5:50.80%', '6:72.90%', '7:71.60%', '8:76.20%', '9:69.70%']

-----------------------------------------------------

Central server round 230 started
Model sent from central server with 100msec communication time, with loss :1.97, accuracy : 63.57%
Accuracy per label : ['0:70.80%', '1:74.40%', '2:47.90%', '3:42.70%', '4:58.70%', '5:50.80%', '6:72.90%', '7:71.60%', '8:76.20%', '9:69.70%']
The model is from round 222 from central server, staleness is 7

Cluster round 1 completed, aggregated models from all the clients, time past : 1500msec, loss : 1.29, accuracy 61.51%
Accuracy per label : ['0:67.10%', '1:81.40%', '2:40.50%', '3:49.30%', '4:63.50%', '5:40.40%', '6:65.30%', '7:71.90%', '8:77.90%', '9:57.80%']

Cluster round 2 completed, aggregated models from all the clients, time past : 2900msec, loss : 1.41, accuracy 62.59%
Accuracy per label : ['0:67.70%', '1:74.50%', '2:45.50%', '3:40.70%', '4:59.80%', '5:49.20%', '6:75.00%', '7:71.70%', '8:76.30%', '9:65.50%']

Cluster round 3 completed, aggregated models from all the clients, time past : 4300msec, loss : 1.47, accuracy 62.66%
Accuracy per label : ['0:68.90%', '1:72.70%', '2:44.90%', '3:43.00%', '4:59.50%', '5:47.80%', '6:73.90%', '7:72.10%', '8:77.00%', '9:66.80%']

Cluster round 4 completed, aggregated models from all the clients, time past : 5700msec, loss : 1.52, accuracy 62.54%
Accuracy per label : ['0:67.10%', '1:75.80%', '2:47.30%', '3:41.90%', '4:61.60%', '5:53.30%', '6:72.30%', '7:68.80%', '8:75.60%', '9:61.70%']

Cluster round 5 completed, aggregated models from all the clients, time past : 7100msec, loss : 1.57, accuracy 62.55%
Accuracy per label : ['0:69.00%', '1:71.60%', '2:45.00%', '3:40.00%', '4:58.00%', '5:54.00%', '6:73.90%', '7:70.50%', '8:77.00%', '9:66.50%']

Before aggregation, loss : 1.97, accuracy : 63.60%
Before aggregation, accuracy per label : ['0:71.10%', '1:74.20%', '2:48.10%', '3:42.50%', '4:58.40%', '5:51.10%', '6:73.20%', '7:72.30%', '8:75.10%', '9:70.00%']
Aggregation to central server completed at central server round 250, loss : 1.92, accuracy: 63.69%, staleness : 7
Accuracy per label after aggregation : ['0:71.20%', '1:73.90%', '2:48.20%', '3:42.80%', '4:58.60%', '5:50.40%', '6:74.10%', '7:72.20%', '8:75.80%', '9:69.70%']

-----------------------------------------------------

Central server round 237 started
Model sent from central server with 100msec communication time, with loss :1.92, accuracy : 63.69%
Accuracy per label : ['0:71.20%', '1:73.90%', '2:48.20%', '3:42.80%', '4:58.60%', '5:50.40%', '6:74.10%', '7:72.20%', '8:75.80%', '9:69.70%']
The model is from round 230 from central server, staleness is 6

Cluster round 1 completed, aggregated models from all the clients, time past : 1500msec, loss : 1.31, accuracy 59.45%
Accuracy per label : ['0:60.20%', '1:75.20%', '2:54.40%', '3:45.90%', '4:46.30%', '5:45.40%', '6:59.20%', '7:74.20%', '8:80.80%', '9:52.90%']

Cluster round 2 completed, aggregated models from all the clients, time past : 2900msec, loss : 1.42, accuracy 62.55%
Accuracy per label : ['0:64.40%', '1:73.00%', '2:46.80%', '3:42.80%', '4:58.80%', '5:48.00%', '6:73.60%', '7:74.00%', '8:79.50%', '9:64.60%']

Cluster round 3 completed, aggregated models from all the clients, time past : 4300msec, loss : 1.49, accuracy 62.47%
Accuracy per label : ['0:65.60%', '1:75.20%', '2:44.30%', '3:42.40%', '4:60.20%', '5:50.30%', '6:73.70%', '7:71.10%', '8:79.90%', '9:62.00%']

Cluster round 4 completed, aggregated models from all the clients, time past : 5700msec, loss : 1.54, accuracy 62.73%
Accuracy per label : ['0:69.50%', '1:71.20%', '2:46.10%', '3:44.40%', '4:60.30%', '5:49.30%', '6:71.30%', '7:71.50%', '8:76.30%', '9:67.40%']

Cluster round 5 completed, aggregated models from all the clients, time past : 7100msec, loss : 1.58, accuracy 62.83%
Accuracy per label : ['0:68.80%', '1:72.30%', '2:48.70%', '3:37.40%', '4:57.60%', '5:54.20%', '6:74.10%', '7:72.30%', '8:76.40%', '9:66.50%']

Before aggregation, loss : 1.99, accuracy : 63.61%
Before aggregation, accuracy per label : ['0:71.50%', '1:74.30%', '2:48.30%', '3:42.30%', '4:58.40%', '5:51.40%', '6:73.00%', '7:72.00%', '8:75.20%', '9:69.70%']
Aggregation to central server completed at central server round 250, loss : 1.93, accuracy: 63.73%, staleness : 6
Accuracy per label after aggregation : ['0:71.30%', '1:73.90%', '2:48.50%', '3:42.40%', '4:57.90%', '5:51.50%', '6:73.80%', '7:72.00%', '8:75.90%', '9:70.10%']

-----------------------------------------------------

Central server round 245 started
Model sent from central server with 100msec communication time, with loss :1.93, accuracy : 63.73%
Accuracy per label : ['0:71.30%', '1:73.90%', '2:48.50%', '3:42.40%', '4:57.90%', '5:51.50%', '6:73.80%', '7:72.00%', '8:75.90%', '9:70.10%']
The model is from round 237 from central server, staleness is 7

Cluster round 1 completed, aggregated models from all the clients, time past : 1500msec, loss : 1.28, accuracy 61.78%
Accuracy per label : ['0:61.40%', '1:72.90%', '2:52.10%', '3:41.90%', '4:62.30%', '5:51.30%', '6:67.90%', '7:64.60%', '8:80.70%', '9:62.70%']

Cluster round 2 completed, aggregated models from all the clients, time past : 2900msec, loss : 1.43, accuracy 62.44%
Accuracy per label : ['0:67.00%', '1:75.00%', '2:45.00%', '3:44.80%', '4:59.10%', '5:45.20%', '6:75.70%', '7:72.00%', '8:76.60%', '9:64.00%']

Cluster round 3 completed, aggregated models from all the clients, time past : 4300msec, loss : 1.49, accuracy 62.70%
Accuracy per label : ['0:69.90%', '1:75.20%', '2:46.60%', '3:40.20%', '4:57.90%', '5:49.90%', '6:75.00%', '7:70.50%', '8:77.10%', '9:64.70%']

Cluster round 4 completed, aggregated models from all the clients, time past : 5700msec, loss : 1.54, accuracy 62.81%
Accuracy per label : ['0:70.30%', '1:74.20%', '2:46.40%', '3:40.70%', '4:57.20%', '5:53.40%', '6:73.20%', '7:72.20%', '8:75.10%', '9:65.40%']

Cluster round 5 completed, aggregated models from all the clients, time past : 7100msec, loss : 1.59, accuracy 62.73%
Accuracy per label : ['0:69.50%', '1:73.40%', '2:46.20%', '3:39.10%', '4:59.30%', '5:53.60%', '6:74.40%', '7:71.40%', '8:75.90%', '9:64.50%']

Before aggregation, loss : 1.99, accuracy : 63.63%
Before aggregation, accuracy per label : ['0:71.40%', '1:73.90%', '2:48.80%', '3:42.20%', '4:58.30%', '5:51.10%', '6:72.70%', '7:72.20%', '8:75.80%', '9:69.90%']
Aggregation to central server completed at central server round 250, loss : 1.94, accuracy: 63.84%, staleness : 7
Accuracy per label after aggregation : ['0:71.10%', '1:74.10%', '2:48.60%', '3:42.50%', '4:58.90%', '5:51.50%', '6:73.70%', '7:72.20%', '8:75.90%', '9:69.90%']

