Unique id : 0, dataset size : 602
Communication time : 100, Computation time per batch : 100, Training time : 2100
['0:10.30%', '1:54.82%', '2:1.16%', '3:23.26%', '4:0.17%', '5:1.99%', '6:3.82%', '7:0.00%', '8:0.50%', '9:3.99%']
Divergence : jsd 0.3453, tvd 0.5837
labels from the first batch :[3, 1, 1, 1, 1, 1, 2, 1, 1, 1, 1, 1, 0, 1, 0, 1, 1, 0, 1, 3, 1, 1, 3, 0, 3, 1, 3, 0, 3, 1, 3, 1]

Unique id : 1, dataset size : 416
Communication time : 100, Computation time per batch : 100, Training time : 1500
['0:0.00%', '1:26.20%', '2:2.64%', '3:0.48%', '4:1.20%', '5:32.69%', '6:0.24%', '7:0.96%', '8:7.21%', '9:28.37%']
Divergence : jsd 0.3151, tvd 0.5726
labels from the first batch :[1, 1, 1, 8, 5, 1, 9, 9, 1, 1, 9, 1, 5, 9, 5, 1, 5, 5, 9, 9, 9, 2, 1, 5, 1, 8, 5, 1, 8, 5, 8, 9]

Unique id : 2, dataset size : 371
Communication time : 100, Computation time per batch : 100, Training time : 1400
['0:38.54%', '1:0.27%', '2:2.43%', '3:2.96%', '4:22.64%', '5:2.96%', '6:8.36%', '7:0.81%', '8:6.74%', '9:14.29%']
Divergence : jsd 0.2109, tvd 0.4547
labels from the first batch :[0, 0, 4, 0, 0, 0, 0, 0, 0, 0, 4, 0, 0, 9, 6, 9, 9, 0, 2, 3, 7, 0, 0, 0, 0, 0, 9, 4, 6, 8, 5, 0]

Unique id : 3, dataset size : 493
Communication time : 100, Computation time per batch : 100, Training time : 1800
['0:9.33%', '1:0.00%', '2:0.20%', '3:5.07%', '4:26.37%', '5:0.41%', '6:0.20%', '7:10.95%', '8:10.34%', '9:37.12%']
Divergence : jsd 0.2710, tvd 0.4479
labels from the first batch :[7, 4, 8, 4, 4, 7, 7, 9, 7, 9, 7, 0, 9, 9, 9, 9, 9, 5, 9, 9, 9, 7, 0, 9, 9, 0, 9, 9, 3, 5, 9, 7]

Unique id : 4, dataset size : 514
Communication time : 100, Computation time per batch : 100, Training time : 1900
['0:2.53%', '1:2.33%', '2:21.98%', '3:14.40%', '4:4.28%', '5:4.47%', '6:49.22%', '7:0.39%', '8:0.19%', '9:0.19%']
Divergence : jsd 0.3016, tvd 0.5560
labels from the first batch :[6, 2, 6, 6, 2, 5, 2, 6, 6, 6, 6, 2, 2, 2, 6, 6, 6, 3, 6, 6, 2, 6, 2, 6, 6, 6, 3, 6, 6, 6, 5, 6]

Unique id : 5, dataset size : 267
Communication time : 100, Computation time per batch : 100, Training time : 1100
['0:17.23%', '1:23.22%', '2:1.50%', '3:0.75%', '4:0.75%', '5:12.36%', '6:10.11%', '7:21.72%', '8:10.49%', '9:1.87%']
Divergence : jsd 0.1592, tvd 0.3513
labels from the first batch :[1, 0, 1, 8, 6, 6, 8, 1, 1, 4, 0, 1, 6, 5, 7, 8, 1, 1, 1, 6, 5, 0, 1, 5, 5, 6, 1, 0, 0, 1, 1, 8]

Unique id : 6, dataset size : 280
Communication time : 100, Computation time per batch : 100, Training time : 1100
['0:12.14%', '1:0.36%', '2:7.50%', '3:0.36%', '4:18.21%', '5:4.64%', '6:4.29%', '7:0.00%', '8:0.36%', '9:52.14%']
Divergence : jsd 0.3112, tvd 0.5250
labels from the first batch :[0, 9, 0, 9, 9, 9, 9, 9, 5, 9, 4, 9, 9, 9, 6, 9, 4, 4, 9, 9, 9, 0, 9, 4, 9, 4, 9, 9, 9, 4, 9, 5]

Unique id : 7, dataset size : 764
Communication time : 100, Computation time per batch : 100, Training time : 2600
['0:4.97%', '1:10.34%', '2:23.82%', '3:2.75%', '4:5.24%', '5:51.31%', '6:0.26%', '7:0.65%', '8:0.39%', '9:0.26%']
Divergence : jsd 0.3188, tvd 0.5547
labels from the first batch :[1, 1, 4, 2, 5, 5, 5, 2, 5, 5, 2, 5, 5, 5, 7, 5, 5, 5, 2, 5, 5, 0, 2, 5, 0, 1, 5, 1, 4, 1, 5, 1]

Unique id : 8, dataset size : 561
Communication time : 100, Computation time per batch : 100, Training time : 2000
['0:0.00%', '1:1.25%', '2:12.83%', '3:12.48%', '4:18.00%', '5:0.53%', '6:18.36%', '7:24.06%', '8:11.76%', '9:0.71%']
Divergence : jsd 0.1918, tvd 0.3750
labels from the first batch :[7, 2, 6, 6, 8, 4, 4, 6, 6, 7, 2, 4, 7, 8, 3, 7, 3, 4, 7, 2, 4, 3, 3, 4, 3, 7, 8, 4, 8, 7, 3, 3]

Unique id : 9, dataset size : 1073
Communication time : 100, Computation time per batch : 100, Training time : 3600
['0:1.77%', '1:4.47%', '2:21.06%', '3:1.49%', '4:0.00%', '5:15.47%', '6:5.41%', '7:0.00%', '8:28.15%', '9:22.18%']
Divergence : jsd 0.2295, tvd 0.4686
labels from the first batch :[2, 9, 0, 9, 2, 9, 9, 2, 2, 5, 5, 8, 2, 8, 2, 1, 8, 2, 8, 2, 2, 9, 9, 8, 2, 2, 9, 8, 8, 2, 9, 5]

Unique id : 10, dataset size : 353
Communication time : 100, Computation time per batch : 100, Training time : 1400
['0:0.57%', '1:27.48%', '2:0.85%', '3:20.96%', '4:0.85%', '5:5.10%', '6:14.16%', '7:0.00%', '8:30.03%', '9:0.00%']
Divergence : jsd 0.2936, tvd 0.5263
labels from the first batch :[1, 8, 3, 3, 8, 8, 1, 3, 6, 3, 1, 8, 5, 8, 6, 8, 0, 1, 8, 5, 8, 3, 3, 1, 1, 6, 8, 3, 3, 3, 1, 8]

Unique id : 11, dataset size : 785
Communication time : 100, Computation time per batch : 100, Training time : 2700
['0:11.46%', '1:19.11%', '2:16.18%', '3:0.00%', '4:21.40%', '5:1.66%', '6:24.84%', '7:1.02%', '8:3.82%', '9:0.51%']
Divergence : jsd 0.2076, tvd 0.4299
labels from the first batch :[1, 4, 1, 1, 2, 8, 2, 6, 0, 2, 6, 2, 1, 2, 6, 0, 4, 4, 6, 0, 2, 0, 7, 4, 1, 0, 6, 4, 0, 4, 0, 6]

Unique id : 12, dataset size : 292
Communication time : 100, Computation time per batch : 100, Training time : 1200
['0:3.08%', '1:31.85%', '2:1.03%', '3:4.79%', '4:3.77%', '5:2.05%', '6:12.33%', '7:0.00%', '8:2.05%', '9:39.04%']
Divergence : jsd 0.2632, tvd 0.5322
labels from the first batch :[1, 0, 1, 9, 9, 9, 4, 9, 9, 9, 1, 8, 9, 1, 9, 1, 3, 0, 6, 9, 3, 1, 1, 8, 6, 1, 3, 1, 1, 9, 9, 8]

Unique id : 13, dataset size : 1139
Communication time : 100, Computation time per batch : 100, Training time : 3800
['0:22.21%', '1:4.83%', '2:3.25%', '3:5.27%', '4:31.78%', '5:2.46%', '6:27.30%', '7:2.55%', '8:0.26%', '9:0.09%']
Divergence : jsd 0.2393, tvd 0.5130
labels from the first batch :[0, 4, 4, 6, 0, 0, 4, 6, 0, 4, 4, 6, 6, 0, 4, 4, 4, 6, 4, 1, 4, 0, 0, 0, 1, 4, 6, 4, 5, 4, 2, 0]

Unique id : 14, dataset size : 818
Communication time : 100, Computation time per batch : 100, Training time : 2800
['0:31.42%', '1:2.69%', '2:4.65%', '3:28.12%', '4:0.00%', '5:14.18%', '6:1.22%', '7:10.02%', '8:0.86%', '9:6.85%']
Divergence : jsd 0.2134, tvd 0.4374
labels from the first batch :[5, 0, 3, 0, 0, 0, 5, 1, 0, 3, 3, 9, 0, 3, 7, 3, 0, 7, 1, 0, 5, 0, 0, 3, 3, 0, 7, 3, 0, 2, 0, 5]

Unique id : 15, dataset size : 528
Communication time : 100, Computation time per batch : 100, Training time : 1900
['0:0.00%', '1:17.05%', '2:10.61%', '3:66.10%', '4:0.38%', '5:3.79%', '6:0.00%', '7:1.70%', '8:0.00%', '9:0.38%']
Divergence : jsd 0.4380, tvd 0.6375
labels from the first batch :[3, 3, 3, 3, 3, 3, 1, 3, 3, 1, 3, 1, 1, 2, 3, 3, 3, 3, 3, 3, 3, 3, 3, 3, 3, 3, 1, 3, 3, 3, 3, 3]

Unique id : 16, dataset size : 585
Communication time : 100, Computation time per batch : 100, Training time : 2100
['0:14.87%', '1:27.52%', '2:12.48%', '3:17.44%', '4:17.78%', '5:1.71%', '6:7.01%', '7:0.51%', '8:0.34%', '9:0.34%']
Divergence : jsd 0.1953, tvd 0.4009
labels from the first batch :[0, 1, 1, 4, 1, 1, 2, 0, 1, 2, 3, 0, 1, 4, 0, 3, 3, 0, 6, 0, 4, 4, 2, 0, 3, 1, 3, 4, 4, 2, 1, 4]

Unique id : 17, dataset size : 354
Communication time : 100, Computation time per batch : 100, Training time : 1400
['0:10.73%', '1:11.02%', '2:16.67%', '3:0.56%', '4:31.92%', '5:9.60%', '6:0.00%', '7:0.00%', '8:14.41%', '9:5.08%']
Divergence : jsd 0.1955, tvd 0.3475
labels from the first batch :[2, 1, 0, 5, 4, 8, 1, 2, 1, 2, 0, 9, 4, 4, 5, 4, 0, 4, 2, 9, 4, 4, 2, 0, 4, 2, 5, 4, 4, 4, 1, 4]

Unique id : 18, dataset size : 491
Communication time : 100, Computation time per batch : 100, Training time : 1800
['0:3.46%', '1:5.91%', '2:1.63%', '3:3.26%', '4:0.20%', '5:47.66%', '6:20.57%', '7:8.35%', '8:5.30%', '9:3.67%']
Divergence : jsd 0.2235, tvd 0.4823
labels from the first batch :[5, 6, 7, 5, 6, 6, 5, 5, 5, 9, 5, 5, 5, 6, 5, 1, 7, 9, 5, 5, 7, 5, 1, 5, 5, 5, 7, 5, 5, 6, 5, 5]

Unique id : 19, dataset size : 380
Communication time : 100, Computation time per batch : 100, Training time : 1400
['0:3.42%', '1:8.68%', '2:60.53%', '3:18.95%', '4:0.00%', '5:0.00%', '6:1.84%', '7:1.84%', '8:1.32%', '9:3.42%']
Divergence : jsd 0.3516, tvd 0.5947
labels from the first batch :[2, 2, 2, 2, 1, 3, 3, 2, 3, 2, 3, 0, 9, 2, 3, 8, 3, 2, 2, 2, 0, 3, 2, 1, 2, 2, 2, 2, 2, 2, 3, 2]

Unique id : 20, dataset size : 218
Communication time : 100, Computation time per batch : 100, Training time : 900
['0:0.00%', '1:8.26%', '2:2.75%', '3:24.31%', '4:5.96%', '5:40.83%', '6:0.00%', '7:1.83%', '8:8.72%', '9:7.34%']
Divergence : jsd 0.2388, tvd 0.4514
labels from the first batch :[3, 5, 5, 4, 5, 1, 1, 5, 1, 5, 1, 5, 5, 5, 3, 5, 5, 5, 3, 9, 5, 3, 5, 8, 5, 5, 5, 5, 5, 5, 3, 3]

Unique id : 21, dataset size : 1075
Communication time : 100, Computation time per batch : 100, Training time : 3600
['0:0.65%', '1:15.63%', '2:13.02%', '3:7.44%', '4:6.79%', '5:6.79%', '6:9.30%', '7:29.95%', '8:10.14%', '9:0.28%']
Divergence : jsd 0.1272, tvd 0.2874
labels from the first batch :[7, 1, 1, 3, 4, 2, 7, 7, 5, 3, 7, 7, 8, 7, 8, 1, 7, 7, 4, 2, 2, 2, 7, 7, 6, 2, 1, 2, 0, 1, 1, 7]

Unique id : 22, dataset size : 324
Communication time : 100, Computation time per batch : 100, Training time : 1300
['0:15.12%', '1:0.31%', '2:21.60%', '3:10.80%', '4:2.47%', '5:21.30%', '6:1.54%', '7:15.43%', '8:11.42%', '9:0.00%']
Divergence : jsd 0.1733, tvd 0.3568
labels from the first batch :[0, 5, 2, 6, 2, 8, 6, 7, 8, 0, 8, 3, 2, 0, 3, 0, 2, 2, 8, 7, 8, 7, 8, 5, 4, 7, 7, 2, 2, 2, 7, 7]

Unique id : 23, dataset size : 236
Communication time : 100, Computation time per batch : 100, Training time : 1000
['0:4.24%', '1:8.05%', '2:0.85%', '3:0.42%', '4:27.12%', '5:2.54%', '6:14.83%', '7:1.69%', '8:22.46%', '9:17.80%']
Divergence : jsd 0.1809, tvd 0.4220
labels from the first batch :[6, 6, 1, 4, 4, 4, 4, 8, 6, 9, 4, 6, 6, 1, 6, 6, 4, 9, 4, 6, 6, 8, 7, 9, 9, 6, 9, 4, 4, 6, 6, 4]

Unique id : 24, dataset size : 311
Communication time : 100, Computation time per batch : 100, Training time : 1200
['0:0.64%', '1:4.82%', '2:0.32%', '3:9.97%', '4:10.93%', '5:43.09%', '6:13.50%', '7:13.50%', '8:1.93%', '9:1.29%']
Divergence : jsd 0.2168, tvd 0.4103
labels from the first batch :[5, 6, 5, 7, 5, 5, 7, 5, 7, 7, 7, 6, 6, 6, 5, 4, 5, 7, 5, 5, 1, 9, 6, 8, 3, 5, 5, 7, 9, 5, 7, 3]

Unique id : 25, dataset size : 558
Communication time : 100, Computation time per batch : 100, Training time : 2000
['0:49.28%', '1:4.30%', '2:0.36%', '3:6.99%', '4:2.87%', '5:0.18%', '6:6.09%', '7:25.45%', '8:2.87%', '9:1.61%']
Divergence : jsd 0.2807, tvd 0.5473
labels from the first batch :[3, 7, 0, 7, 0, 0, 0, 0, 7, 0, 1, 6, 7, 7, 3, 0, 7, 0, 7, 0, 3, 7, 7, 0, 4, 0, 0, 3, 9, 7, 4, 3]

Unique id : 26, dataset size : 322
Communication time : 100, Computation time per batch : 100, Training time : 1300
['0:23.29%', '1:6.52%', '2:12.42%', '3:0.00%', '4:1.24%', '5:25.47%', '6:4.35%', '7:7.14%', '8:7.76%', '9:11.80%']
Divergence : jsd 0.1380, tvd 0.3298
labels from the first batch :[2, 8, 1, 2, 8, 9, 5, 0, 7, 0, 5, 5, 2, 8, 9, 7, 2, 8, 1, 5, 0, 7, 8, 9, 2, 9, 5, 6, 0, 2, 0, 0]

Unique id : 27, dataset size : 851
Communication time : 100, Computation time per batch : 100, Training time : 2900
['0:10.11%', '1:29.26%', '2:18.80%', '3:12.46%', '4:10.81%', '5:0.00%', '6:0.00%', '7:0.47%', '8:5.29%', '9:12.81%']
Divergence : jsd 0.1916, tvd 0.3424
labels from the first batch :[0, 2, 4, 3, 7, 4, 9, 3, 1, 8, 2, 3, 9, 1, 9, 9, 9, 3, 0, 8, 1, 2, 1, 9, 4, 4, 1, 4, 2, 3, 1, 4]

Unique id : 28, dataset size : 223
Communication time : 100, Computation time per batch : 100, Training time : 900
['0:3.59%', '1:0.90%', '2:6.73%', '3:9.42%', '4:8.07%', '5:13.90%', '6:7.17%', '7:23.77%', '8:0.45%', '9:26.01%']
Divergence : jsd 0.1369, tvd 0.3368
labels from the first batch :[1, 9, 7, 2, 9, 3, 9, 7, 6, 7, 3, 7, 7, 4, 4, 2, 7, 7, 7, 0, 5, 5, 9, 9, 7, 9, 7, 1, 7, 9, 6, 2]

Unique id : 29, dataset size : 472
Communication time : 100, Computation time per batch : 100, Training time : 1700
['0:6.36%', '1:26.91%', '2:12.08%', '3:8.26%', '4:3.60%', '5:1.91%', '6:6.14%', '7:23.94%', '8:2.33%', '9:8.47%']
Divergence : jsd 0.1099, tvd 0.3292
labels from the first batch :[5, 7, 7, 2, 1, 1, 6, 2, 9, 2, 6, 7, 7, 9, 1, 1, 1, 2, 1, 3, 5, 1, 1, 7, 1, 1, 3, 2, 9, 1, 9, 1]

Unique id : 30, dataset size : 283
Communication time : 100, Computation time per batch : 100, Training time : 1100
['0:14.13%', '1:15.19%', '2:25.09%', '3:0.35%', '4:0.00%', '5:20.85%', '6:8.83%', '7:5.30%', '8:5.65%', '9:4.59%']
Divergence : jsd 0.1527, tvd 0.3527
labels from the first batch :[5, 1, 6, 2, 1, 7, 5, 1, 7, 5, 9, 0, 1, 1, 2, 1, 9, 0, 8, 7, 2, 0, 0, 5, 1, 2, 1, 9, 0, 2, 7, 0]

Unique id : 31, dataset size : 142
Communication time : 100, Computation time per batch : 100, Training time : 700
['0:0.00%', '1:9.15%', '2:10.56%', '3:0.70%', '4:0.00%', '5:5.63%', '6:1.41%', '7:7.75%', '8:16.20%', '9:48.59%']
Divergence : jsd 0.2719, tvd 0.4535
labels from the first batch :[3, 9, 9, 2, 9, 6, 9, 9, 2, 9, 9, 7, 8, 9, 9, 9, 9, 9, 7, 8, 9, 9, 9, 8, 5, 8, 2, 2, 9, 9, 5, 8]

Unique id : 32, dataset size : 490
Communication time : 100, Computation time per batch : 100, Training time : 1800
['0:14.49%', '1:42.86%', '2:3.27%', '3:9.39%', '4:13.27%', '5:11.63%', '6:1.84%', '7:0.82%', '8:0.82%', '9:1.63%']
Divergence : jsd 0.2103, tvd 0.4224
labels from the first batch :[1, 5, 5, 5, 1, 1, 1, 0, 4, 0, 0, 1, 0, 0, 1, 5, 1, 1, 9, 0, 1, 1, 1, 1, 1, 1, 1, 1, 0, 3, 7, 5]

Unique id : 33, dataset size : 848
Communication time : 100, Computation time per batch : 100, Training time : 2900
['0:28.18%', '1:11.79%', '2:26.42%', '3:6.72%', '4:1.89%', '5:1.89%', '6:5.07%', '7:5.54%', '8:11.44%', '9:1.06%']
Divergence : jsd 0.1479, tvd 0.3783
labels from the first batch :[8, 0, 8, 0, 0, 2, 2, 0, 8, 8, 2, 0, 9, 2, 8, 2, 8, 0, 0, 7, 2, 2, 0, 6, 2, 6, 2, 6, 2, 2, 0, 1]

Unique id : 34, dataset size : 482
Communication time : 100, Computation time per batch : 100, Training time : 1800
['0:1.66%', '1:16.60%', '2:0.21%', '3:9.75%', '4:9.13%', '5:2.70%', '6:9.96%', '7:11.83%', '8:37.76%', '9:0.41%']
Divergence : jsd 0.1919, tvd 0.3618
labels from the first batch :[8, 3, 1, 8, 1, 6, 5, 8, 7, 6, 1, 8, 3, 8, 7, 7, 3, 3, 8, 8, 6, 6, 8, 1, 1, 8, 1, 8, 7, 3, 8, 9]

Unique id : 35, dataset size : 177
Communication time : 100, Computation time per batch : 100, Training time : 800
['0:5.65%', '1:10.17%', '2:0.56%', '3:19.21%', '4:12.99%', '5:15.25%', '6:1.13%', '7:6.78%', '8:1.13%', '9:27.12%']
Divergence : jsd 0.1478, tvd 0.3475
labels from the first batch :[7, 8, 3, 3, 1, 1, 4, 0, 4, 0, 3, 1, 3, 9, 5, 4, 7, 9, 9, 4, 9, 3, 3, 3, 4, 5, 1, 7, 9, 1, 7, 4]

Unique id : 36, dataset size : 435
Communication time : 100, Computation time per batch : 100, Training time : 1600
['0:8.97%', '1:0.00%', '2:4.60%', '3:4.60%', '4:0.46%', '5:12.41%', '6:9.43%', '7:57.93%', '8:0.23%', '9:1.38%']
Divergence : jsd 0.3094, tvd 0.5034
labels from the first batch :[0, 7, 2, 7, 6, 7, 0, 6, 6, 7, 9, 7, 7, 3, 5, 7, 0, 6, 7, 3, 7, 7, 7, 7, 3, 7, 7, 7, 7, 7, 7, 7]

Unique id : 37, dataset size : 498
Communication time : 100, Computation time per batch : 100, Training time : 1800
['0:33.13%', '1:19.28%', '2:0.20%', '3:4.42%', '4:2.21%', '5:1.00%', '6:6.43%', '7:0.20%', '8:5.22%', '9:27.91%']
Divergence : jsd 0.2440, tvd 0.5032
labels from the first batch :[9, 1, 5, 1, 6, 9, 1, 1, 1, 0, 1, 6, 1, 0, 0, 9, 0, 8, 9, 8, 0, 1, 0, 4, 9, 1, 3, 0, 0, 0, 9, 0]

Unique id : 38, dataset size : 302
Communication time : 100, Computation time per batch : 100, Training time : 1200
['0:3.31%', '1:0.33%', '2:33.11%', '3:3.97%', '4:2.98%', '5:2.65%', '6:2.98%', '7:16.23%', '8:34.11%', '9:0.33%']
Divergence : jsd 0.2526, tvd 0.5344
labels from the first batch :[2, 7, 8, 2, 8, 8, 2, 8, 8, 7, 2, 7, 7, 8, 6, 7, 7, 8, 2, 2, 5, 0, 2, 7, 2, 2, 2, 8, 2, 8, 2, 2]

Unique id : 39, dataset size : 689
Communication time : 100, Computation time per batch : 100, Training time : 2400
['0:2.90%', '1:0.73%', '2:1.31%', '3:6.53%', '4:1.89%', '5:3.05%', '6:27.72%', '7:11.47%', '8:44.41%', '9:0.00%']
Divergence : jsd 0.2818, tvd 0.5360
labels from the first batch :[7, 8, 8, 8, 8, 8, 8, 3, 7, 7, 6, 7, 6, 4, 8, 6, 6, 8, 8, 6, 6, 3, 7, 8, 3, 0, 8, 6, 7, 6, 6, 6]

Unique id : 40, dataset size : 926
Communication time : 100, Computation time per batch : 100, Training time : 3100
['0:7.34%', '1:0.32%', '2:0.00%', '3:12.31%', '4:2.38%', '5:21.49%', '6:0.11%', '7:12.85%', '8:42.55%', '9:0.65%']
Divergence : jsd 0.2887, tvd 0.4920
labels from the first batch :[7, 3, 3, 8, 0, 5, 0, 7, 8, 8, 5, 0, 8, 8, 3, 8, 7, 8, 8, 7, 5, 0, 3, 8, 5, 8, 8, 8, 7, 8, 0, 5]

Unique id : 41, dataset size : 947
Communication time : 100, Computation time per batch : 100, Training time : 3200
['0:19.64%', '1:0.11%', '2:1.27%', '3:1.16%', '4:12.25%', '5:0.00%', '6:0.32%', '7:1.27%', '8:3.27%', '9:60.72%']
Divergence : jsd 0.3930, tvd 0.6261
labels from the first batch :[9, 9, 9, 9, 9, 9, 9, 9, 9, 0, 2, 9, 4, 9, 4, 0, 9, 9, 0, 2, 9, 9, 0, 0, 9, 9, 2, 9, 9, 9, 9, 3]

Unique id : 42, dataset size : 489
Communication time : 100, Computation time per batch : 100, Training time : 1800
['0:7.16%', '1:0.00%', '2:15.13%', '3:38.65%', '4:12.07%', '5:1.23%', '6:10.02%', '7:0.00%', '8:8.59%', '9:7.16%']
Divergence : jsd 0.2015, tvd 0.3587
labels from the first batch :[8, 9, 8, 2, 2, 8, 3, 8, 2, 0, 0, 4, 3, 8, 3, 6, 3, 6, 4, 4, 0, 0, 2, 2, 3, 3, 2, 9, 8, 3, 0, 4]

Unique id : 43, dataset size : 921
Communication time : 100, Computation time per batch : 100, Training time : 3100
['0:18.02%', '1:8.14%', '2:4.99%', '3:23.24%', '4:0.54%', '5:1.74%', '6:0.00%', '7:0.76%', '8:20.20%', '9:22.37%']
Divergence : jsd 0.2094, tvd 0.4382
labels from the first batch :[0, 1, 0, 8, 4, 9, 0, 1, 2, 8, 1, 0, 0, 9, 9, 0, 3, 9, 0, 0, 0, 3, 8, 1, 3, 8, 9, 8, 3, 8, 8, 8]

Unique id : 44, dataset size : 488
Communication time : 100, Computation time per batch : 100, Training time : 1800
['0:23.16%', '1:12.91%', '2:2.05%', '3:11.68%', '4:0.41%', '5:22.75%', '6:7.58%', '7:4.92%', '8:4.30%', '9:10.25%']
Divergence : jsd 0.1157, tvd 0.3074
labels from the first batch :[5, 0, 9, 0, 5, 8, 0, 3, 0, 0, 8, 1, 0, 0, 5, 7, 5, 9, 0, 5, 1, 9, 3, 5, 5, 3, 5, 5, 0, 2, 9, 6]

Unique id : 45, dataset size : 399
Communication time : 100, Computation time per batch : 100, Training time : 1500
['0:0.25%', '1:14.79%', '2:0.00%', '3:16.29%', '4:1.00%', '5:20.30%', '6:0.25%', '7:11.28%', '8:2.26%', '9:33.58%']
Divergence : jsd 0.2560, tvd 0.4624
labels from the first batch :[9, 9, 5, 5, 1, 5, 4, 1, 3, 1, 3, 7, 1, 5, 1, 7, 9, 9, 1, 5, 5, 5, 7, 3, 9, 1, 5, 1, 9, 9, 5, 9]

Unique id : 46, dataset size : 412
Communication time : 100, Computation time per batch : 100, Training time : 1500
['0:19.42%', '1:4.13%', '2:0.73%', '3:4.85%', '4:1.70%', '5:3.16%', '6:25.24%', '7:3.16%', '8:36.65%', '9:0.97%']
Divergence : jsd 0.2258, tvd 0.5131
labels from the first batch :[8, 0, 8, 0, 8, 6, 6, 8, 8, 0, 6, 8, 6, 0, 8, 8, 0, 0, 7, 0, 8, 8, 8, 6, 0, 0, 8, 0, 6, 6, 6, 8]

Unique id : 47, dataset size : 502
Communication time : 100, Computation time per batch : 100, Training time : 1800
['0:1.99%', '1:1.59%', '2:0.20%', '3:12.95%', '4:58.37%', '5:16.53%', '6:2.39%', '7:1.00%', '8:2.79%', '9:2.19%']
Divergence : jsd 0.3174, tvd 0.5785
labels from the first batch :[9, 4, 3, 4, 3, 4, 4, 4, 9, 3, 4, 4, 0, 4, 3, 5, 5, 4, 3, 4, 9, 1, 4, 5, 4, 3, 4, 4, 4, 4, 4, 4]

Unique id : 48, dataset size : 483
Communication time : 100, Computation time per batch : 100, Training time : 1800
['0:1.24%', '1:0.41%', '2:14.70%', '3:14.49%', '4:6.42%', '5:14.91%', '6:21.53%', '7:5.18%', '8:18.63%', '9:2.48%']
Divergence : jsd 0.1283, tvd 0.3427
labels from the first batch :[6, 5, 5, 3, 8, 3, 4, 3, 5, 8, 6, 4, 9, 2, 8, 6, 6, 8, 6, 8, 2, 6, 5, 6, 2, 6, 0, 3, 2, 6, 8, 5]

Unique id : 49, dataset size : 682
Communication time : 100, Computation time per batch : 100, Training time : 2400
['0:0.00%', '1:3.08%', '2:1.47%', '3:11.14%', '4:0.88%', '5:27.71%', '6:27.13%', '7:18.18%', '8:2.49%', '9:7.92%']
Divergence : jsd 0.2100, tvd 0.4416
labels from the first batch :[6, 5, 9, 5, 1, 6, 5, 9, 6, 1, 9, 1, 7, 9, 6, 7, 6, 7, 6, 7, 7, 6, 1, 6, 5, 6, 6, 6, 3, 5, 6, 5]

Unique id : 50, dataset size : 520
Communication time : 100, Computation time per batch : 100, Training time : 1900
['0:1.92%', '1:4.62%', '2:34.81%', '3:1.35%', '4:14.23%', '5:3.08%', '6:9.23%', '7:27.50%', '8:2.12%', '9:1.15%']
Divergence : jsd 0.2048, tvd 0.4654
labels from the first batch :[1, 2, 2, 6, 4, 6, 2, 2, 9, 7, 2, 5, 1, 6, 2, 5, 7, 4, 1, 7, 2, 7, 4, 1, 4, 4, 4, 6, 8, 2, 5, 2]

Unique id : 51, dataset size : 332
Communication time : 100, Computation time per batch : 100, Training time : 1300
['0:12.65%', '1:16.27%', '2:0.60%', '3:14.16%', '4:37.35%', '5:3.61%', '6:8.73%', '7:2.71%', '8:3.61%', '9:0.30%']
Divergence : jsd 0.1867, tvd 0.4042
labels from the first batch :[4, 1, 8, 4, 6, 3, 1, 4, 1, 4, 1, 4, 4, 4, 4, 6, 4, 6, 6, 6, 0, 1, 1, 1, 4, 0, 5, 4, 4, 4, 4, 5]

Unique id : 52, dataset size : 428
Communication time : 100, Computation time per batch : 100, Training time : 1600
['0:1.64%', '1:8.64%', '2:0.93%', '3:2.34%', '4:3.04%', '5:19.39%', '6:28.04%', '7:23.83%', '8:6.07%', '9:6.07%']
Divergence : jsd 0.1599, tvd 0.4126
labels from the first batch :[5, 7, 7, 8, 0, 6, 6, 6, 1, 6, 7, 7, 6, 0, 6, 7, 6, 6, 6, 6, 6, 7, 1, 7, 5, 8, 8, 6, 5, 5, 6, 6]

Unique id : 53, dataset size : 256
Communication time : 100, Computation time per batch : 100, Training time : 1000
['0:0.00%', '1:0.78%', '2:36.72%', '3:1.95%', '4:1.17%', '5:6.64%', '6:0.00%', '7:16.80%', '8:33.98%', '9:1.95%']
Divergence : jsd 0.3224, tvd 0.5750
labels from the first batch :[2, 2, 8, 8, 2, 7, 8, 2, 8, 2, 8, 2, 5, 5, 2, 8, 8, 2, 3, 2, 5, 8, 2, 9, 8, 8, 8, 2, 2, 7, 8, 8]

Unique id : 54, dataset size : 560
Communication time : 100, Computation time per batch : 100, Training time : 2000
['0:0.36%', '1:0.54%', '2:19.82%', '3:3.21%', '4:56.25%', '5:8.21%', '6:1.07%', '7:7.14%', '8:2.14%', '9:1.25%']
Divergence : jsd 0.3117, tvd 0.5607
labels from the first batch :[8, 4, 4, 1, 2, 2, 4, 7, 4, 4, 4, 2, 7, 4, 2, 2, 8, 2, 3, 4, 3, 2, 2, 4, 3, 4, 4, 4, 4, 4, 2, 2]

Unique id : 55, dataset size : 982
Communication time : 100, Computation time per batch : 100, Training time : 3300
['0:9.06%', '1:1.83%', '2:28.21%', '3:2.75%', '4:7.43%', '5:1.32%', '6:22.00%', '7:0.92%', '8:8.86%', '9:17.62%']
Divergence : jsd 0.1559, tvd 0.3782
labels from the first batch :[0, 9, 2, 1, 0, 9, 2, 8, 4, 0, 9, 2, 6, 8, 9, 6, 1, 2, 4, 6, 2, 9, 0, 6, 2, 8, 2, 6, 2, 2, 2, 2]

Unique id : 56, dataset size : 125
Communication time : 100, Computation time per batch : 100, Training time : 600
['0:42.40%', '1:4.00%', '2:6.40%', '3:2.40%', '4:11.20%', '5:5.60%', '6:0.80%', '7:0.80%', '8:20.80%', '9:5.60%']
Divergence : jsd 0.1984, tvd 0.4440
labels from the first batch :[5, 0, 1, 8, 8, 0, 7, 0, 0, 0, 0, 9, 8, 0, 9, 0, 0, 3, 0, 0, 0, 2, 9, 8, 8, 5, 5, 0, 0, 4, 4, 0]

Unique id : 57, dataset size : 499
Communication time : 100, Computation time per batch : 100, Training time : 1800
['0:19.04%', '1:12.02%', '2:1.40%', '3:2.00%', '4:1.80%', '5:6.41%', '6:5.81%', '7:50.90%', '8:0.20%', '9:0.40%']
Divergence : jsd 0.2798, tvd 0.5196
labels from the first batch :[1, 3, 6, 1, 0, 7, 6, 7, 5, 7, 7, 2, 7, 7, 7, 3, 1, 6, 5, 3, 7, 7, 7, 0, 7, 7, 7, 6, 7, 7, 1, 7]

Unique id : 58, dataset size : 491
Communication time : 100, Computation time per batch : 100, Training time : 1800
['0:0.00%', '1:0.20%', '2:10.39%', '3:0.00%', '4:3.87%', '5:0.20%', '6:24.03%', '7:59.67%', '8:1.02%', '9:0.61%']
Divergence : jsd 0.4277, tvd 0.6409
labels from the first batch :[8, 6, 7, 7, 7, 7, 2, 7, 7, 6, 2, 1, 7, 7, 7, 7, 6, 2, 7, 4, 2, 7, 7, 2, 6, 6, 6, 6, 7, 8, 6, 7]

Unique id : 59, dataset size : 1020
Communication time : 100, Computation time per batch : 100, Training time : 3400
['0:0.69%', '1:55.98%', '2:16.18%', '3:10.59%', '4:2.94%', '5:1.27%', '6:5.10%', '7:1.96%', '8:3.24%', '9:2.06%']
Divergence : jsd 0.2710, tvd 0.5275
labels from the first batch :[2, 1, 1, 1, 5, 9, 1, 2, 1, 1, 1, 2, 1, 6, 1, 1, 1, 1, 1, 1, 1, 1, 1, 3, 2, 1, 1, 1, 1, 6, 1, 2]

Unique id : 60, dataset size : 465
Communication time : 100, Computation time per batch : 100, Training time : 1700
['0:0.86%', '1:0.00%', '2:47.53%', '3:0.22%', '4:0.22%', '5:25.16%', '6:7.74%', '7:1.29%', '8:9.89%', '9:7.10%']
Divergence : jsd 0.3204, tvd 0.5269
labels from the first batch :[2, 9, 2, 5, 2, 5, 8, 2, 6, 2, 2, 2, 2, 5, 2, 6, 8, 2, 2, 2, 2, 2, 2, 6, 2, 5, 9, 2, 2, 2, 2, 9]

Unique id : 61, dataset size : 502
Communication time : 100, Computation time per batch : 100, Training time : 1800
['0:0.00%', '1:6.97%', '2:5.78%', '3:4.38%', '4:14.14%', '5:0.00%', '6:23.90%', '7:1.99%', '8:20.12%', '9:22.71%']
Divergence : jsd 0.1898, tvd 0.4088
labels from the first batch :[4, 7, 6, 1, 2, 9, 2, 6, 1, 1, 6, 3, 8, 9, 4, 6, 8, 6, 6, 4, 9, 4, 9, 6, 6, 4, 8, 9, 6, 1, 8, 4]

Unique id : 62, dataset size : 475
Communication time : 100, Computation time per batch : 100, Training time : 1700
['0:0.00%', '1:1.05%', '2:0.00%', '3:2.11%', '4:11.37%', '5:0.42%', '6:0.84%', '7:64.42%', '8:8.42%', '9:11.37%']
Divergence : jsd 0.3840, tvd 0.5716
labels from the first batch :[7, 8, 4, 9, 4, 7, 7, 4, 7, 9, 7, 8, 7, 4, 7, 7, 7, 4, 7, 8, 8, 7, 7, 7, 9, 7, 7, 7, 7, 7, 7, 9]

Unique id : 63, dataset size : 291
Communication time : 100, Computation time per batch : 100, Training time : 1200
['0:0.34%', '1:1.72%', '2:6.87%', '3:21.99%', '4:2.41%', '5:7.56%', '6:2.41%', '7:54.64%', '8:1.72%', '9:0.34%']
Divergence : jsd 0.3067, tvd 0.5663
labels from the first batch :[7, 3, 7, 7, 7, 3, 7, 7, 5, 7, 7, 7, 9, 3, 7, 3, 7, 2, 7, 7, 7, 7, 7, 7, 7, 3, 7, 6, 7, 3, 7, 7]

Unique id : 64, dataset size : 366
Communication time : 100, Computation time per batch : 100, Training time : 1400
['0:16.67%', '1:0.00%', '2:0.27%', '3:28.69%', '4:42.90%', '5:0.27%', '6:1.91%', '7:5.74%', '8:2.73%', '9:0.82%']
Divergence : jsd 0.3290, tvd 0.5825
labels from the first batch :[4, 4, 4, 0, 4, 4, 4, 0, 3, 4, 3, 8, 4, 7, 4, 3, 3, 4, 3, 4, 3, 4, 4, 3, 3, 4, 4, 4, 0, 6, 4, 4]

Unique id : 65, dataset size : 682
Communication time : 100, Computation time per batch : 100, Training time : 2400
['0:1.47%', '1:2.20%', '2:7.77%', '3:2.64%', '4:4.99%', '5:24.05%', '6:18.04%', '7:2.20%', '8:2.64%', '9:34.02%']
Divergence : jsd 0.1847, tvd 0.4610
labels from the first batch :[4, 4, 6, 0, 9, 9, 6, 9, 5, 8, 9, 9, 9, 2, 6, 4, 5, 5, 6, 9, 9, 5, 2, 6, 9, 9, 5, 6, 1, 6, 6, 5]

Unique id : 66, dataset size : 338
Communication time : 100, Computation time per batch : 100, Training time : 1300
['0:19.53%', '1:46.45%', '2:4.73%', '3:0.59%', '4:0.30%', '5:1.48%', '6:0.00%', '7:0.89%', '8:14.79%', '9:11.24%']
Divergence : jsd 0.3001, tvd 0.5201
labels from the first batch :[0, 0, 9, 1, 0, 1, 1, 0, 1, 1, 9, 1, 1, 0, 7, 8, 1, 1, 1, 9, 8, 0, 1, 1, 1, 1, 7, 1, 2, 8, 1, 1]

Unique id : 67, dataset size : 665
Communication time : 100, Computation time per batch : 100, Training time : 2300
['0:4.06%', '1:0.00%', '2:25.11%', '3:5.41%', '4:0.60%', '5:8.42%', '6:24.96%', '7:4.96%', '8:26.02%', '9:0.45%']
Divergence : jsd 0.2210, tvd 0.4609
labels from the first batch :[6, 8, 2, 0, 8, 6, 2, 8, 6, 8, 6, 5, 8, 0, 2, 0, 2, 2, 6, 3, 2, 8, 2, 0, 6, 8, 8, 6, 8, 3, 2, 8]

Unique id : 68, dataset size : 179
Communication time : 100, Computation time per batch : 100, Training time : 800
['0:13.97%', '1:22.91%', '2:10.06%', '3:3.35%', '4:4.47%', '5:6.70%', '6:4.47%', '7:5.03%', '8:11.73%', '9:17.32%']
Divergence : jsd 0.0653, tvd 0.2598
labels from the first batch :[0, 7, 8, 9, 0, 9, 4, 0, 1, 8, 5, 2, 0, 7, 2, 3, 5, 9, 5, 9, 6, 8, 8, 8, 1, 9, 1, 1, 7, 1, 3, 6]

Unique id : 69, dataset size : 586
Communication time : 100, Computation time per batch : 100, Training time : 2100
['0:8.36%', '1:0.51%', '2:1.54%', '3:12.46%', '4:3.92%', '5:0.51%', '6:30.20%', '7:35.15%', '8:3.24%', '9:4.10%']
Divergence : jsd 0.2262, tvd 0.4782
labels from the first batch :[6, 7, 6, 6, 6, 7, 6, 6, 6, 7, 0, 6, 7, 7, 6, 9, 4, 6, 7, 6, 6, 0, 6, 0, 7, 7, 7, 6, 7, 8, 6, 7]

Unique id : 70, dataset size : 312
Communication time : 100, Computation time per batch : 100, Training time : 1200
['0:50.00%', '1:0.64%', '2:33.33%', '3:3.21%', '4:1.28%', '5:0.64%', '6:1.60%', '7:6.09%', '8:3.21%', '9:0.00%']
Divergence : jsd 0.3562, tvd 0.6333
labels from the first batch :[2, 0, 0, 2, 0, 0, 0, 2, 0, 2, 3, 0, 2, 0, 7, 0, 2, 8, 5, 2, 7, 0, 0, 8, 7, 0, 2, 2, 0, 0, 2, 3]

Unique id : 71, dataset size : 267
Communication time : 100, Computation time per batch : 100, Training time : 1100
['0:5.62%', '1:14.61%', '2:13.48%', '3:0.37%', '4:1.50%', '5:0.00%', '6:4.87%', '7:13.11%', '8:25.09%', '9:21.35%']
Divergence : jsd 0.1725, tvd 0.3764
labels from the first batch :[8, 6, 9, 7, 7, 8, 9, 7, 2, 2, 8, 9, 7, 8, 0, 9, 1, 2, 4, 6, 6, 9, 8, 9, 1, 1, 9, 9, 0, 6, 9, 1]

Unique id : 72, dataset size : 741
Communication time : 100, Computation time per batch : 100, Training time : 2600
['0:0.00%', '1:4.59%', '2:0.40%', '3:5.67%', '4:4.72%', '5:46.42%', '6:28.21%', '7:0.13%', '8:1.75%', '9:8.10%']
Divergence : jsd 0.3023, tvd 0.5463
labels from the first batch :[6, 6, 9, 5, 5, 5, 1, 6, 9, 5, 4, 5, 1, 5, 6, 5, 6, 3, 5, 6, 5, 5, 5, 6, 5, 5, 5, 9, 5, 6, 8, 6]

Unique id : 73, dataset size : 533
Communication time : 100, Computation time per batch : 100, Training time : 1900
['0:0.00%', '1:12.95%', '2:28.89%', '3:20.45%', '4:2.44%', '5:0.56%', '6:20.26%', '7:0.00%', '8:1.13%', '9:13.32%']
Divergence : jsd 0.2477, tvd 0.4587
labels from the first batch :[3, 9, 2, 3, 2, 1, 1, 6, 6, 3, 2, 9, 2, 2, 6, 6, 2, 1, 2, 2, 1, 1, 2, 6, 2, 3, 9, 2, 9, 9, 2, 1]

Unique id : 74, dataset size : 308
Communication time : 100, Computation time per batch : 100, Training time : 1200
['0:4.55%', '1:3.25%', '2:19.48%', '3:14.29%', '4:2.27%', '5:0.00%', '6:0.97%', '7:3.57%', '8:44.48%', '9:7.14%']
Divergence : jsd 0.2328, tvd 0.4825
labels from the first batch :[9, 0, 3, 3, 9, 0, 8, 2, 8, 8, 8, 2, 3, 7, 8, 7, 8, 8, 8, 0, 8, 8, 1, 0, 2, 3, 8, 2, 8, 1, 3, 8]

Unique id : 75, dataset size : 425
Communication time : 100, Computation time per batch : 100, Training time : 1600
['0:0.47%', '1:18.59%', '2:0.00%', '3:8.24%', '4:9.65%', '5:0.00%', '6:7.76%', '7:48.00%', '8:2.59%', '9:4.71%']
Divergence : jsd 0.2711, tvd 0.4659
labels from the first batch :[7, 7, 6, 7, 1, 7, 3, 4, 7, 7, 6, 7, 7, 3, 6, 7, 7, 7, 7, 7, 7, 1, 7, 7, 3, 9, 4, 1, 7, 1, 7, 7]

Unique id : 76, dataset size : 430
Communication time : 100, Computation time per batch : 100, Training time : 1600
['0:9.30%', '1:3.72%', '2:2.33%', '3:47.21%', '4:0.93%', '5:11.40%', '6:16.05%', '7:4.88%', '8:0.23%', '9:3.95%']
Divergence : jsd 0.2208, tvd 0.4465
labels from the first batch :[6, 5, 3, 0, 3, 3, 6, 3, 3, 3, 5, 9, 5, 3, 3, 6, 1, 7, 6, 5, 5, 5, 9, 6, 3, 1, 5, 3, 3, 5, 0, 3]

Unique id : 77, dataset size : 820
Communication time : 100, Computation time per batch : 100, Training time : 2800
['0:27.20%', '1:10.24%', '2:1.10%', '3:0.49%', '4:16.10%', '5:0.49%', '6:13.66%', '7:25.00%', '8:2.07%', '9:3.66%']
Divergence : jsd 0.1985, tvd 0.4220
labels from the first batch :[0, 6, 4, 6, 1, 6, 0, 6, 7, 0, 6, 1, 1, 7, 6, 6, 3, 4, 0, 7, 4, 1, 4, 1, 7, 4, 9, 6, 8, 0, 0, 0]

Unique id : 78, dataset size : 279
Communication time : 100, Computation time per batch : 100, Training time : 1100
['0:2.87%', '1:23.66%', '2:2.51%', '3:5.38%', '4:38.71%', '5:1.08%', '6:16.13%', '7:7.89%', '8:1.79%', '9:0.00%']
Divergence : jsd 0.2320, tvd 0.4849
labels from the first batch :[8, 7, 4, 3, 7, 4, 4, 3, 6, 7, 7, 4, 1, 1, 4, 6, 1, 1, 6, 1, 4, 4, 6, 8, 4, 1, 1, 6, 6, 4, 1, 0]

Unique id : 79, dataset size : 554
Communication time : 100, Computation time per batch : 100, Training time : 2000
['0:3.43%', '1:3.25%', '2:3.07%', '3:0.00%', '4:48.38%', '5:0.18%', '6:9.03%', '7:0.72%', '8:28.34%', '9:3.61%']
Divergence : jsd 0.3114, tvd 0.5671
labels from the first batch :[1, 4, 4, 4, 8, 4, 6, 4, 6, 4, 4, 8, 6, 4, 4, 4, 8, 4, 2, 4, 4, 6, 9, 8, 2, 0, 8, 8, 4, 8, 4, 8]

Unique id : 80, dataset size : 399
Communication time : 100, Computation time per batch : 100, Training time : 1500
['0:9.02%', '1:2.26%', '2:1.00%', '3:32.08%', '4:4.76%', '5:37.59%', '6:2.51%', '7:1.25%', '8:7.27%', '9:2.26%']
Divergence : jsd 0.2282, tvd 0.4967
labels from the first batch :[3, 0, 3, 3, 5, 3, 3, 5, 8, 5, 4, 5, 3, 5, 5, 5, 5, 3, 5, 7, 3, 5, 5, 4, 3, 3, 3, 5, 5, 5, 5, 5]

Unique id : 81, dataset size : 397
Communication time : 100, Computation time per batch : 100, Training time : 1500
['0:0.00%', '1:9.32%', '2:12.59%', '3:7.81%', '4:24.18%', '5:32.75%', '6:1.01%', '7:7.30%', '8:2.52%', '9:2.52%']
Divergence : jsd 0.1868, tvd 0.3952
labels from the first batch :[4, 4, 1, 1, 3, 2, 8, 7, 2, 5, 5, 2, 5, 2, 1, 5, 8, 1, 3, 5, 2, 2, 4, 5, 2, 8, 4, 7, 4, 1, 4, 2]

Unique id : 82, dataset size : 213
Communication time : 100, Computation time per batch : 100, Training time : 900
['0:1.41%', '1:6.10%', '2:18.78%', '3:0.47%', '4:10.80%', '5:2.35%', '6:7.98%', '7:20.19%', '8:12.68%', '9:19.25%']
Divergence : jsd 0.1219, tvd 0.3169
labels from the first batch :[9, 2, 2, 8, 4, 9, 4, 6, 2, 4, 8, 2, 2, 4, 8, 2, 7, 9, 2, 0, 9, 8, 6, 8, 4, 7, 6, 2, 5, 8, 7, 2]

Unique id : 83, dataset size : 761
Communication time : 100, Computation time per batch : 100, Training time : 2600
['0:12.88%', '1:12.75%', '2:5.26%', '3:7.49%', '4:5.91%', '5:6.57%', '6:29.43%', '7:2.50%', '8:11.83%', '9:5.39%']
Divergence : jsd 0.0747, tvd 0.2689
labels from the first batch :[1, 8, 8, 1, 3, 1, 0, 6, 3, 6, 4, 3, 3, 1, 7, 9, 6, 7, 4, 4, 8, 6, 6, 5, 0, 6, 8, 8, 6, 4, 9, 8]

Unique id : 84, dataset size : 653
Communication time : 100, Computation time per batch : 100, Training time : 2300
['0:20.37%', '1:12.40%', '2:1.68%', '3:28.18%', '4:0.46%', '5:15.62%', '6:3.37%', '7:1.99%', '8:7.50%', '9:8.42%']
Divergence : jsd 0.1486, tvd 0.3657
labels from the first batch :[2, 0, 8, 5, 3, 6, 0, 6, 2, 0, 1, 3, 0, 3, 3, 9, 9, 0, 0, 1, 0, 0, 3, 9, 3, 5, 7, 3, 5, 2, 3, 3]

Unique id : 85, dataset size : 457
Communication time : 100, Computation time per batch : 100, Training time : 1700
['0:17.72%', '1:2.84%', '2:19.04%', '3:3.06%', '4:1.31%', '5:6.35%', '6:5.91%', '7:0.44%', '8:0.44%', '9:42.89%']
Divergence : jsd 0.2391, tvd 0.4965
labels from the first batch :[9, 5, 2, 5, 9, 9, 0, 0, 9, 2, 2, 9, 9, 2, 9, 0, 0, 9, 9, 2, 9, 9, 9, 9, 9, 9, 2, 9, 2, 9, 9, 9]

Unique id : 86, dataset size : 527
Communication time : 100, Computation time per batch : 100, Training time : 1900
['0:4.93%', '1:2.85%', '2:19.17%', '3:0.38%', '4:1.14%', '5:11.20%', '6:14.23%', '7:13.66%', '8:7.78%', '9:24.67%']
Divergence : jsd 0.1305, tvd 0.3292
labels from the first batch :[9, 2, 0, 7, 2, 0, 9, 7, 5, 9, 7, 9, 9, 9, 7, 9, 2, 9, 6, 9, 0, 9, 5, 1, 9, 7, 9, 2, 9, 9, 9, 6]

Unique id : 87, dataset size : 565
Communication time : 100, Computation time per batch : 100, Training time : 2000
['0:4.96%', '1:0.35%', '2:8.85%', '3:2.83%', '4:0.71%', '5:32.57%', '6:10.62%', '7:6.73%', '8:9.73%', '9:22.65%']
Divergence : jsd 0.1632, tvd 0.3584
labels from the first batch :[6, 9, 5, 5, 2, 8, 2, 5, 9, 9, 2, 0, 9, 5, 5, 5, 9, 9, 5, 8, 7, 0, 6, 9, 5, 5, 8, 5, 8, 7, 5, 0]

Unique id : 88, dataset size : 298
Communication time : 100, Computation time per batch : 100, Training time : 1200
['0:30.54%', '1:1.01%', '2:18.46%', '3:38.26%', '4:0.00%', '5:0.34%', '6:3.36%', '7:2.35%', '8:5.70%', '9:0.00%']
Divergence : jsd 0.3191, tvd 0.5725
labels from the first batch :[0, 2, 0, 0, 3, 2, 8, 2, 3, 2, 0, 3, 0, 3, 0, 2, 3, 0, 2, 3, 0, 0, 3, 0, 0, 3, 8, 0, 0, 0, 2, 3]

Unique id : 89, dataset size : 498
Communication time : 100, Computation time per batch : 100, Training time : 1800
['0:10.44%', '1:14.26%', '2:11.45%', '3:4.82%', '4:15.46%', '5:5.62%', '6:0.40%', '7:7.03%', '8:3.61%', '9:26.91%']
Divergence : jsd 0.1004, tvd 0.2851
labels from the first batch :[5, 3, 4, 2, 2, 2, 9, 4, 2, 5, 9, 1, 2, 5, 4, 0, 9, 9, 1, 9, 9, 1, 2, 4, 2, 9, 2, 9, 0, 5, 0, 3]

Unique id : 90, dataset size : 248
Communication time : 100, Computation time per batch : 100, Training time : 1000
['0:35.89%', '1:0.00%', '2:2.82%', '3:16.13%', '4:2.82%', '5:9.68%', '6:0.00%', '7:23.39%', '8:4.03%', '9:5.24%']
Divergence : jsd 0.2267, tvd 0.4540
labels from the first batch :[7, 0, 7, 7, 7, 3, 7, 7, 0, 0, 7, 3, 9, 5, 3, 5, 2, 7, 0, 3, 7, 5, 5, 0, 0, 0, 0, 0, 0, 0, 0, 8]

Unique id : 91, dataset size : 554
Communication time : 100, Computation time per batch : 100, Training time : 2000
['0:11.55%', '1:4.15%', '2:8.12%', '3:34.48%', '4:4.87%', '5:0.90%', '6:0.18%', '7:3.07%', '8:14.80%', '9:17.87%']
Divergence : jsd 0.1699, tvd 0.3870
labels from the first batch :[3, 3, 9, 2, 9, 0, 3, 4, 8, 7, 9, 3, 0, 3, 0, 2, 3, 9, 0, 9, 3, 3, 3, 8, 8, 3, 8, 0, 9, 0, 3, 0]

Unique id : 92, dataset size : 498
Communication time : 100, Computation time per batch : 100, Training time : 1800
['0:35.34%', '1:12.45%', '2:0.20%', '3:9.64%', '4:14.46%', '5:0.40%', '6:1.41%', '7:15.86%', '8:0.00%', '9:10.24%']
Divergence : jsd 0.2229, tvd 0.3835
labels from the first batch :[7, 1, 0, 4, 0, 0, 5, 0, 9, 1, 0, 4, 0, 0, 7, 9, 0, 0, 0, 0, 0, 1, 4, 7, 1, 9, 1, 7, 1, 1, 0, 3]

Unique id : 93, dataset size : 128
Communication time : 100, Computation time per batch : 100, Training time : 600
['0:4.69%', '1:3.91%', '2:25.00%', '3:4.69%', '4:34.38%', '5:3.91%', '6:7.03%', '7:3.12%', '8:9.38%', '9:3.91%']
Divergence : jsd 0.1347, tvd 0.3937
labels from the first batch :[4, 4, 8, 8, 4, 4, 9, 7, 8, 4, 4, 8, 2, 4, 4, 4, 0, 6, 4, 2, 2, 2, 2, 4, 8, 1, 6, 2, 4, 2, 4, 9]

Unique id : 94, dataset size : 266
Communication time : 100, Computation time per batch : 100, Training time : 1100
['0:17.29%', '1:20.68%', '2:0.38%', '3:7.89%', '4:0.00%', '5:1.50%', '6:18.42%', '7:0.75%', '8:21.05%', '9:12.03%']
Divergence : jsd 0.1957, tvd 0.3947
labels from the first batch :[8, 3, 1, 6, 0, 8, 1, 1, 1, 6, 8, 1, 9, 8, 8, 9, 1, 9, 3, 6, 6, 8, 1, 0, 8, 6, 8, 3, 6, 6, 8, 1]

Unique id : 95, dataset size : 627
Communication time : 100, Computation time per batch : 100, Training time : 2200
['0:0.64%', '1:2.23%', '2:0.32%', '3:13.08%', '4:1.12%', '5:28.71%', '6:1.12%', '7:9.73%', '8:19.78%', '9:23.29%']
Divergence : jsd 0.2222, tvd 0.4485
labels from the first batch :[5, 5, 5, 9, 5, 8, 5, 7, 3, 5, 2, 5, 5, 3, 8, 9, 5, 9, 7, 5, 5, 7, 9, 9, 5, 5, 5, 5, 3, 4, 9, 7]

Unique id : 96, dataset size : 870
Communication time : 100, Computation time per batch : 100, Training time : 3000
['0:4.48%', '1:9.54%', '2:6.21%', '3:14.02%', '4:44.02%', '5:1.95%', '6:1.38%', '7:12.64%', '8:5.52%', '9:0.23%']
Divergence : jsd 0.1939, tvd 0.4069
labels from the first batch :[1, 3, 4, 4, 4, 4, 1, 4, 3, 4, 0, 1, 4, 2, 8, 8, 4, 4, 4, 7, 4, 4, 8, 4, 8, 1, 4, 7, 4, 4, 4, 4]

Unique id : 97, dataset size : 413
Communication time : 100, Computation time per batch : 100, Training time : 1500
['0:1.21%', '1:1.45%', '2:2.66%', '3:1.69%', '4:38.74%', '5:4.60%', '6:24.21%', '7:10.90%', '8:1.69%', '9:12.83%']
Divergence : jsd 0.2137, tvd 0.4668
labels from the first batch :[4, 6, 9, 7, 0, 4, 4, 4, 4, 6, 1, 6, 6, 9, 6, 6, 0, 2, 4, 9, 5, 4, 6, 6, 6, 3, 7, 7, 2, 4, 4, 4]

Unique id : 98, dataset size : 397
Communication time : 100, Computation time per batch : 100, Training time : 1500
['0:2.02%', '1:0.25%', '2:13.10%', '3:0.76%', '4:25.94%', '5:35.01%', '6:0.25%', '7:0.00%', '8:6.80%', '9:15.87%']
Divergence : jsd 0.2785, tvd 0.4992
labels from the first batch :[4, 4, 5, 4, 8, 9, 9, 4, 4, 8, 5, 5, 8, 5, 5, 5, 4, 4, 8, 2, 2, 9, 4, 5, 2, 2, 5, 5, 9, 4, 4, 8]

Unique id : 99, dataset size : 549
Communication time : 100, Computation time per batch : 100, Training time : 2000
['0:2.55%', '1:14.57%', '2:1.46%', '3:4.01%', '4:0.18%', '5:6.74%', '6:2.55%', '7:10.75%', '8:55.74%', '9:1.46%']
Divergence : jsd 0.2716, tvd 0.5106
labels from the first batch :[7, 2, 5, 8, 9, 3, 8, 8, 1, 8, 8, 1, 1, 8, 6, 8, 7, 7, 8, 8, 3, 8, 8, 7, 8, 8, 8, 8, 8, 8, 8, 8]

