Cluster 0 with 1 clients
Cluster communication time : 0
Cluster computation time : 1770
Cluster training time : 1770
Cluster clients : [0]
Label percentage: ['0 : 0.00%', '1 : 0.00%', '2 : 0.00%', '3 : 0.00%', '4 : 0.00%', '5 : 100.00%', '6 : 0.00%', '7 : 0.00%', '8 : 0.00%', '9 : 0.00%']%
Divergence : jsd 0.7753, tvd 0.9096

Cluster 1 with 1 clients
Cluster communication time : 0
Cluster computation time : 1790
Cluster training time : 1790
Cluster clients : [10]
Label percentage: ['0 : 100.00%', '1 : 0.00%', '2 : 0.00%', '3 : 0.00%', '4 : 0.00%', '5 : 0.00%', '6 : 0.00%', '7 : 0.00%', '8 : 0.00%', '9 : 0.00%']%
Divergence : jsd 0.7605, tvd 0.9013

Cluster 2 with 1 clients
Cluster communication time : 0
Cluster computation time : 1790
Cluster training time : 1790
Cluster clients : [20]
Label percentage: ['0 : 0.00%', '1 : 0.00%', '2 : 0.00%', '3 : 0.00%', '4 : 100.00%', '5 : 0.00%', '6 : 0.00%', '7 : 0.00%', '8 : 0.00%', '9 : 0.00%']%
Divergence : jsd 0.7629, tvd 0.9026

Cluster 3 with 1 clients
Cluster communication time : 0
Cluster computation time : 1820
Cluster training time : 1820
Cluster clients : [30]
Label percentage: ['0 : 0.00%', '1 : 100.00%', '2 : 0.00%', '3 : 0.00%', '4 : 0.00%', '5 : 0.00%', '6 : 0.00%', '7 : 0.00%', '8 : 0.00%', '9 : 0.00%']%
Divergence : jsd 0.7374, tvd 0.8876

Cluster 4 with 1 clients
Cluster communication time : 0
Cluster computation time : 1790
Cluster training time : 1790
Cluster clients : [40]
Label percentage: ['0 : 0.00%', '1 : 0.00%', '2 : 0.00%', '3 : 0.00%', '4 : 0.00%', '5 : 0.00%', '6 : 0.00%', '7 : 0.00%', '8 : 0.00%', '9 : 100.00%']%
Divergence : jsd 0.7597, tvd 0.9008

Cluster 5 with 1 clients
Cluster communication time : 0
Cluster computation time : 1790
Cluster training time : 1790
Cluster clients : [50]
Label percentage: ['0 : 0.00%', '1 : 0.00%', '2 : 100.00%', '3 : 0.00%', '4 : 0.00%', '5 : 0.00%', '6 : 0.00%', '7 : 0.00%', '8 : 0.00%', '9 : 0.00%']%
Divergence : jsd 0.7595, tvd 0.9007

Cluster 6 with 1 clients
Cluster communication time : 0
Cluster computation time : 1800
Cluster training time : 1800
Cluster clients : [60]
Label percentage: ['0 : 0.00%', '1 : 0.00%', '2 : 0.00%', '3 : 100.00%', '4 : 0.00%', '5 : 0.00%', '6 : 0.00%', '7 : 0.00%', '8 : 0.00%', '9 : 0.00%']%
Divergence : jsd 0.7545, tvd 0.8978

Cluster 7 with 1 clients
Cluster communication time : 0
Cluster computation time : 1790
Cluster training time : 1790
Cluster clients : [70]
Label percentage: ['0 : 0.00%', '1 : 0.00%', '2 : 0.00%', '3 : 0.00%', '4 : 0.00%', '5 : 0.00%', '6 : 100.00%', '7 : 0.00%', '8 : 0.00%', '9 : 0.00%']%
Divergence : jsd 0.7606, tvd 0.9014

Cluster 8 with 1 clients
Cluster communication time : 0
Cluster computation time : 1800
Cluster training time : 1800
Cluster clients : [80]
Label percentage: ['0 : 0.00%', '1 : 0.00%', '2 : 0.00%', '3 : 0.00%', '4 : 0.00%', '5 : 0.00%', '6 : 0.00%', '7 : 100.00%', '8 : 0.00%', '9 : 0.00%']%
Divergence : jsd 0.7507, tvd 0.8956

Cluster 9 with 1 clients
Cluster communication time : 0
Cluster computation time : 1790
Cluster training time : 1790
Cluster clients : [90]
Label percentage: ['0 : 0.00%', '1 : 0.00%', '2 : 0.00%', '3 : 0.00%', '4 : 0.00%', '5 : 0.00%', '6 : 0.00%', '7 : 0.00%', '8 : 100.00%', '9 : 0.00%']%
Divergence : jsd 0.7626, tvd 0.9025

