Cluster 0 with 1 clients
Cluster communication time : 0
Cluster computation time : 2400
Cluster training time : 2400
Cluster clients : [0]
Label percentage: ['0 : 0.20%', '1 : 0.00%', '2 : 0.00%', '3 : 0.20%', '4 : 0.20%', '5 : 0.40%', '6 : 98.80%', '7 : 0.00%', '8 : 0.00%', '9 : 0.20%']%
Divergence : jsd 0.7185, tvd 0.8880

Cluster 1 with 1 clients
Cluster communication time : 0
Cluster computation time : 2400
Cluster training time : 2400
Cluster clients : [10]
Label percentage: ['0 : 0.00%', '1 : 0.20%', '2 : 0.00%', '3 : 0.40%', '4 : 0.40%', '5 : 0.00%', '6 : 0.20%', '7 : 0.00%', '8 : 0.00%', '9 : 98.80%']%
Divergence : jsd 0.7205, tvd 0.8880

Cluster 2 with 1 clients
Cluster communication time : 0
Cluster computation time : 2400
Cluster training time : 2400
Cluster clients : [20]
Label percentage: ['0 : 0.20%', '1 : 0.00%', '2 : 0.40%', '3 : 0.00%', '4 : 98.80%', '5 : 0.00%', '6 : 0.20%', '7 : 0.20%', '8 : 0.20%', '9 : 0.00%']%
Divergence : jsd 0.7185, tvd 0.8880

Cluster 3 with 1 clients
Cluster communication time : 0
Cluster computation time : 2400
Cluster training time : 2400
Cluster clients : [30]
Label percentage: ['0 : 0.00%', '1 : 98.80%', '2 : 0.00%', '3 : 0.20%', '4 : 0.20%', '5 : 0.20%', '6 : 0.40%', '7 : 0.00%', '8 : 0.00%', '9 : 0.20%']%
Divergence : jsd 0.7185, tvd 0.8880

Cluster 4 with 1 clients
Cluster communication time : 0
Cluster computation time : 2400
Cluster training time : 2400
Cluster clients : [40]
Label percentage: ['0 : 0.20%', '1 : 0.00%', '2 : 98.80%', '3 : 0.00%', '4 : 0.20%', '5 : 0.20%', '6 : 0.00%', '7 : 0.40%', '8 : 0.00%', '9 : 0.20%']%
Divergence : jsd 0.7185, tvd 0.8880

Cluster 5 with 1 clients
Cluster communication time : 0
Cluster computation time : 2400
Cluster training time : 2400
Cluster clients : [50]
Label percentage: ['0 : 0.00%', '1 : 0.20%', '2 : 0.00%', '3 : 0.00%', '4 : 0.20%', '5 : 0.00%', '6 : 0.20%', '7 : 99.00%', '8 : 0.40%', '9 : 0.00%']%
Divergence : jsd 0.7254, tvd 0.8900

Cluster 6 with 1 clients
Cluster communication time : 0
Cluster computation time : 2400
Cluster training time : 2400
Cluster clients : [60]
Label percentage: ['0 : 0.00%', '1 : 0.00%', '2 : 0.20%', '3 : 0.20%', '4 : 0.00%', '5 : 0.20%', '6 : 0.20%', '7 : 0.00%', '8 : 99.00%', '9 : 0.20%']%
Divergence : jsd 0.7235, tvd 0.8900

Cluster 7 with 1 clients
Cluster communication time : 0
Cluster computation time : 2400
Cluster training time : 2400
Cluster clients : [70]
Label percentage: ['0 : 0.20%', '1 : 0.00%', '2 : 0.20%', '3 : 99.00%', '4 : 0.20%', '5 : 0.20%', '6 : 0.00%', '7 : 0.00%', '8 : 0.00%', '9 : 0.20%']%
Divergence : jsd 0.7235, tvd 0.8900

Cluster 8 with 1 clients
Cluster communication time : 0
Cluster computation time : 2400
Cluster training time : 2400
Cluster clients : [80]
Label percentage: ['0 : 0.20%', '1 : 0.00%', '2 : 0.40%', '3 : 0.00%', '4 : 0.00%', '5 : 99.00%', '6 : 0.20%', '7 : 0.00%', '8 : 0.00%', '9 : 0.20%']%
Divergence : jsd 0.7254, tvd 0.8900

Cluster 9 with 1 clients
Cluster communication time : 0
Cluster computation time : 2400
Cluster training time : 2400
Cluster clients : [90]
Label percentage: ['0 : 99.00%', '1 : 0.00%', '2 : 0.00%', '3 : 0.20%', '4 : 0.00%', '5 : 0.00%', '6 : 0.00%', '7 : 0.20%', '8 : 0.40%', '9 : 0.20%']%
Divergence : jsd 0.7254, tvd 0.8900

