Unique id : 0, dataset size : 5457
Communication time : 800, Computation time per batch : 10, Training time : 3310
0 : 0.60%  1 : 0.70%  2 : 0.62%  3 : 0.64%  4 : 0.60%  5 : 94.36%  6 : 0.60%  7 : 0.64%  8 : 0.60%  9 : 0.62%  
Divergence : jsd 0.6238, tvd 0.8532
labels from the first batch :[5, 5, 2, 5, 5, 5, 5, 5, 5, 5, 5, 5, 2, 5, 5, 5, 5, 1, 5, 5, 5, 5, 5, 5, 5, 5, 5, 5, 5, 5, 5, 5]

Unique id : 1, dataset size : 5929
Communication time : 800, Computation time per batch : 10, Training time : 3460
0 : 94.89%  1 : 0.64%  2 : 0.56%  3 : 0.57%  4 : 0.56%  5 : 0.52%  6 : 0.56%  7 : 0.59%  8 : 0.56%  9 : 0.56%  
Divergence : jsd 0.6204, tvd 0.8502
labels from the first batch :[0, 0, 0, 0, 0, 0, 0, 0, 0, 0, 0, 0, 0, 0, 0, 0, 0, 0, 0, 0, 7, 0, 0, 0, 0, 0, 0, 0, 0, 0, 0, 0]

Unique id : 2, dataset size : 5852
Communication time : 800, Computation time per batch : 10, Training time : 3430
0 : 0.56%  1 : 0.65%  2 : 0.56%  3 : 0.58%  4 : 94.82%  5 : 0.53%  6 : 0.56%  7 : 0.60%  8 : 0.56%  9 : 0.56%  
Divergence : jsd 0.6213, tvd 0.8509
labels from the first batch :[4, 4, 4, 4, 6, 4, 4, 4, 4, 4, 4, 4, 4, 4, 4, 4, 4, 4, 4, 4, 4, 4, 4, 4, 4, 4, 4, 4, 4, 4, 4, 4]

Unique id : 3, dataset size : 6701
Communication time : 800, Computation time per batch : 10, Training time : 3700
0 : 0.49%  1 : 95.57%  2 : 0.49%  3 : 0.51%  4 : 0.49%  5 : 0.45%  6 : 0.49%  7 : 0.52%  8 : 0.49%  9 : 0.49%  
Divergence : jsd 0.6123, tvd 0.8433
labels from the first batch :[1, 1, 1, 1, 1, 1, 1, 1, 1, 1, 1, 1, 1, 1, 1, 1, 1, 1, 1, 1, 3, 1, 1, 1, 1, 1, 1, 1, 1, 1, 1, 1]

Unique id : 4, dataset size : 5953
Communication time : 800, Computation time per batch : 10, Training time : 3470
0 : 0.55%  1 : 0.64%  2 : 0.55%  3 : 0.57%  4 : 0.55%  5 : 0.50%  6 : 0.55%  7 : 0.59%  8 : 0.55%  9 : 94.93%  
Divergence : jsd 0.6204, tvd 0.8501
labels from the first batch :[9, 9, 9, 9, 9, 9, 9, 9, 9, 9, 9, 9, 9, 9, 9, 9, 9, 9, 9, 9, 9, 9, 9, 9, 9, 9, 9, 9, 9, 9, 9, 9]

Unique id : 5, dataset size : 5961
Communication time : 800, Computation time per batch : 10, Training time : 3470
0 : 0.55%  1 : 0.64%  2 : 94.95%  3 : 0.57%  4 : 0.55%  5 : 0.50%  6 : 0.55%  7 : 0.59%  8 : 0.54%  9 : 0.55%  
Divergence : jsd 0.6206, tvd 0.8502
labels from the first batch :[2, 2, 2, 2, 4, 2, 2, 2, 2, 2, 2, 2, 2, 2, 2, 2, 2, 2, 2, 2, 2, 2, 2, 2, 2, 2, 2, 2, 7, 2, 2, 2]

Unique id : 6, dataset size : 6122
Communication time : 800, Computation time per batch : 10, Training time : 3520
0 : 0.54%  1 : 0.60%  2 : 0.54%  3 : 95.13%  4 : 0.52%  5 : 0.49%  6 : 0.54%  7 : 0.57%  8 : 0.52%  9 : 0.54%  
Divergence : jsd 0.6196, tvd 0.8491
labels from the first batch :[3, 3, 3, 3, 3, 3, 3, 3, 3, 3, 3, 3, 3, 3, 3, 3, 3, 2, 3, 3, 3, 3, 3, 3, 3, 3, 4, 3, 3, 3, 3, 1]

Unique id : 7, dataset size : 5921
Communication time : 800, Computation time per batch : 10, Training time : 3460
0 : 0.56%  1 : 0.62%  2 : 0.56%  3 : 0.57%  4 : 0.54%  5 : 0.51%  6 : 94.95%  7 : 0.59%  8 : 0.54%  9 : 0.56%  
Divergence : jsd 0.6217, tvd 0.8509
labels from the first batch :[6, 6, 6, 6, 6, 6, 6, 6, 6, 6, 6, 6, 6, 6, 6, 6, 6, 6, 6, 6, 6, 6, 6, 6, 6, 6, 6, 7, 6, 6, 6, 6]

Unique id : 8, dataset size : 6248
Communication time : 800, Computation time per batch : 10, Training time : 3560
0 : 0.53%  1 : 0.59%  2 : 0.53%  3 : 0.54%  4 : 0.51%  5 : 0.48%  6 : 0.53%  7 : 95.25%  8 : 0.51%  9 : 0.53%  
Divergence : jsd 0.6183, tvd 0.8480
labels from the first batch :[7, 7, 7, 7, 7, 7, 7, 7, 7, 7, 7, 7, 7, 7, 7, 7, 7, 7, 7, 7, 7, 7, 7, 7, 7, 7, 7, 7, 7, 7, 7, 7]

Unique id : 9, dataset size : 5856
Communication time : 800, Computation time per batch : 10, Training time : 3430
0 : 0.56%  1 : 0.63%  2 : 0.56%  3 : 0.58%  4 : 0.55%  5 : 0.51%  6 : 0.55%  7 : 0.58%  8 : 94.91%  9 : 0.56%  
Divergence : jsd 0.6228, tvd 0.8516
labels from the first batch :[2, 9, 8, 8, 8, 8, 8, 8, 8, 8, 8, 8, 8, 8, 8, 8, 8, 8, 8, 9, 8, 8, 8, 8, 8, 7, 8, 8, 8, 8, 8, 5]

