Unique id : 0, dataset size : 543
Communication time : 800, Computation time per batch : 10, Training time : 3300
0 : 0.00%  1 : 0.00%  2 : 0.00%  3 : 0.00%  4 : 0.00%  5 : 100.00%  6 : 0.00%  7 : 0.00%  8 : 0.00%  9 : 0.00%  
Divergence : jsd 0.7753, tvd 0.9096
labels from the first batch :[5, 5, 5, 5, 5, 5, 5, 5, 5, 5, 5, 5, 5, 5, 5, 5, 5, 5, 5, 5, 5, 5, 5, 5, 5, 5, 5, 5, 5, 5, 5, 5]

Unique id : 1, dataset size : 542
Communication time : 800, Computation time per batch : 10, Training time : 1430
0 : 0.00%  1 : 0.00%  2 : 0.00%  3 : 0.00%  4 : 0.00%  5 : 100.00%  6 : 0.00%  7 : 0.00%  8 : 0.00%  9 : 0.00%  
Divergence : jsd 0.7753, tvd 0.9096
labels from the first batch :[5, 5, 5, 5, 5, 5, 5, 5, 5, 5, 5, 5, 5, 5, 5, 5, 5, 5, 5, 5, 5, 5, 5, 5, 5, 5, 5, 5, 5, 5, 5, 5]

Unique id : 2, dataset size : 542
Communication time : 800, Computation time per batch : 10, Training time : 1430
0 : 0.00%  1 : 0.00%  2 : 0.00%  3 : 0.00%  4 : 0.00%  5 : 100.00%  6 : 0.00%  7 : 0.00%  8 : 0.00%  9 : 0.00%  
Divergence : jsd 0.7753, tvd 0.9096
labels from the first batch :[5, 5, 5, 5, 5, 5, 5, 5, 5, 5, 5, 5, 5, 5, 5, 5, 5, 5, 5, 5, 5, 5, 5, 5, 5, 5, 5, 5, 5, 5, 5, 5]

Unique id : 3, dataset size : 542
Communication time : 800, Computation time per batch : 10, Training time : 1430
0 : 0.00%  1 : 0.00%  2 : 0.00%  3 : 0.00%  4 : 0.00%  5 : 100.00%  6 : 0.00%  7 : 0.00%  8 : 0.00%  9 : 0.00%  
Divergence : jsd 0.7753, tvd 0.9096
labels from the first batch :[5, 5, 5, 5, 5, 5, 5, 5, 5, 5, 5, 5, 5, 5, 5, 5, 5, 5, 5, 5, 5, 5, 5, 5, 5, 5, 5, 5, 5, 5, 5, 5]

Unique id : 4, dataset size : 542
Communication time : 800, Computation time per batch : 10, Training time : 1430
0 : 0.00%  1 : 0.00%  2 : 0.00%  3 : 0.00%  4 : 0.00%  5 : 100.00%  6 : 0.00%  7 : 0.00%  8 : 0.00%  9 : 0.00%  
Divergence : jsd 0.7753, tvd 0.9096
labels from the first batch :[5, 5, 5, 5, 5, 5, 5, 5, 5, 5, 5, 5, 5, 5, 5, 5, 5, 5, 5, 5, 5, 5, 5, 5, 5, 5, 5, 5, 5, 5, 5, 5]

Unique id : 5, dataset size : 542
Communication time : 800, Computation time per batch : 10, Training time : 1430
0 : 0.00%  1 : 0.00%  2 : 0.00%  3 : 0.00%  4 : 0.00%  5 : 100.00%  6 : 0.00%  7 : 0.00%  8 : 0.00%  9 : 0.00%  
Divergence : jsd 0.7753, tvd 0.9096
labels from the first batch :[5, 5, 5, 5, 5, 5, 5, 5, 5, 5, 5, 5, 5, 5, 5, 5, 5, 5, 5, 5, 5, 5, 5, 5, 5, 5, 5, 5, 5, 5, 5, 5]

Unique id : 6, dataset size : 542
Communication time : 800, Computation time per batch : 10, Training time : 1430
0 : 0.00%  1 : 0.00%  2 : 0.00%  3 : 0.00%  4 : 0.00%  5 : 100.00%  6 : 0.00%  7 : 0.00%  8 : 0.00%  9 : 0.00%  
Divergence : jsd 0.7753, tvd 0.9096
labels from the first batch :[5, 5, 5, 5, 5, 5, 5, 5, 5, 5, 5, 5, 5, 5, 5, 5, 5, 5, 5, 5, 5, 5, 5, 5, 5, 5, 5, 5, 5, 5, 5, 5]

Unique id : 7, dataset size : 542
Communication time : 800, Computation time per batch : 10, Training time : 1430
0 : 0.00%  1 : 0.00%  2 : 0.00%  3 : 0.00%  4 : 0.00%  5 : 100.00%  6 : 0.00%  7 : 0.00%  8 : 0.00%  9 : 0.00%  
Divergence : jsd 0.7753, tvd 0.9096
labels from the first batch :[5, 5, 5, 5, 5, 5, 5, 5, 5, 5, 5, 5, 5, 5, 5, 5, 5, 5, 5, 5, 5, 5, 5, 5, 5, 5, 5, 5, 5, 5, 5, 5]

Unique id : 8, dataset size : 542
Communication time : 800, Computation time per batch : 10, Training time : 1430
0 : 0.00%  1 : 0.00%  2 : 0.00%  3 : 0.00%  4 : 0.00%  5 : 100.00%  6 : 0.00%  7 : 0.00%  8 : 0.00%  9 : 0.00%  
Divergence : jsd 0.7753, tvd 0.9096
labels from the first batch :[5, 5, 5, 5, 5, 5, 5, 5, 5, 5, 5, 5, 5, 5, 5, 5, 5, 5, 5, 5, 5, 5, 5, 5, 5, 5, 5, 5, 5, 5, 5, 5]

Unique id : 9, dataset size : 542
Communication time : 800, Computation time per batch : 10, Training time : 1430
0 : 0.00%  1 : 0.00%  2 : 0.00%  3 : 0.00%  4 : 0.00%  5 : 100.00%  6 : 0.00%  7 : 0.00%  8 : 0.00%  9 : 0.00%  
Divergence : jsd 0.7753, tvd 0.9096
labels from the first batch :[5, 5, 5, 5, 5, 5, 5, 5, 5, 5, 5, 5, 5, 5, 5, 5, 5, 5, 5, 5, 5, 5, 5, 5, 5, 5, 5, 5, 5, 5, 5, 5]

Unique id : 10, dataset size : 593
Communication time : 800, Computation time per batch : 10, Training time : 3500
0 : 100.00%  1 : 0.00%  2 : 0.00%  3 : 0.00%  4 : 0.00%  5 : 0.00%  6 : 0.00%  7 : 0.00%  8 : 0.00%  9 : 0.00%  
Divergence : jsd 0.7605, tvd 0.9013
labels from the first batch :[0, 0, 0, 0, 0, 0, 0, 0, 0, 0, 0, 0, 0, 0, 0, 0, 0, 0, 0, 0, 0, 0, 0, 0, 0, 0, 0, 0, 0, 0, 0, 0]

Unique id : 11, dataset size : 593
Communication time : 800, Computation time per batch : 10, Training time : 1410
0 : 100.00%  1 : 0.00%  2 : 0.00%  3 : 0.00%  4 : 0.00%  5 : 0.00%  6 : 0.00%  7 : 0.00%  8 : 0.00%  9 : 0.00%  
Divergence : jsd 0.7605, tvd 0.9013
labels from the first batch :[0, 0, 0, 0, 0, 0, 0, 0, 0, 0, 0, 0, 0, 0, 0, 0, 0, 0, 0, 0, 0, 0, 0, 0, 0, 0, 0, 0, 0, 0, 0, 0]

Unique id : 12, dataset size : 593
Communication time : 800, Computation time per batch : 10, Training time : 1410
0 : 100.00%  1 : 0.00%  2 : 0.00%  3 : 0.00%  4 : 0.00%  5 : 0.00%  6 : 0.00%  7 : 0.00%  8 : 0.00%  9 : 0.00%  
Divergence : jsd 0.7605, tvd 0.9013
labels from the first batch :[0, 0, 0, 0, 0, 0, 0, 0, 0, 0, 0, 0, 0, 0, 0, 0, 0, 0, 0, 0, 0, 0, 0, 0, 0, 0, 0, 0, 0, 0, 0, 0]

Unique id : 13, dataset size : 592
Communication time : 800, Computation time per batch : 10, Training time : 1410
0 : 100.00%  1 : 0.00%  2 : 0.00%  3 : 0.00%  4 : 0.00%  5 : 0.00%  6 : 0.00%  7 : 0.00%  8 : 0.00%  9 : 0.00%  
Divergence : jsd 0.7605, tvd 0.9013
labels from the first batch :[0, 0, 0, 0, 0, 0, 0, 0, 0, 0, 0, 0, 0, 0, 0, 0, 0, 0, 0, 0, 0, 0, 0, 0, 0, 0, 0, 0, 0, 0, 0, 0]

Unique id : 14, dataset size : 592
Communication time : 800, Computation time per batch : 10, Training time : 1410
0 : 100.00%  1 : 0.00%  2 : 0.00%  3 : 0.00%  4 : 0.00%  5 : 0.00%  6 : 0.00%  7 : 0.00%  8 : 0.00%  9 : 0.00%  
Divergence : jsd 0.7605, tvd 0.9013
labels from the first batch :[0, 0, 0, 0, 0, 0, 0, 0, 0, 0, 0, 0, 0, 0, 0, 0, 0, 0, 0, 0, 0, 0, 0, 0, 0, 0, 0, 0, 0, 0, 0, 0]

Unique id : 15, dataset size : 592
Communication time : 800, Computation time per batch : 10, Training time : 1410
0 : 100.00%  1 : 0.00%  2 : 0.00%  3 : 0.00%  4 : 0.00%  5 : 0.00%  6 : 0.00%  7 : 0.00%  8 : 0.00%  9 : 0.00%  
Divergence : jsd 0.7605, tvd 0.9013
labels from the first batch :[0, 0, 0, 0, 0, 0, 0, 0, 0, 0, 0, 0, 0, 0, 0, 0, 0, 0, 0, 0, 0, 0, 0, 0, 0, 0, 0, 0, 0, 0, 0, 0]

Unique id : 16, dataset size : 592
Communication time : 800, Computation time per batch : 10, Training time : 1410
0 : 100.00%  1 : 0.00%  2 : 0.00%  3 : 0.00%  4 : 0.00%  5 : 0.00%  6 : 0.00%  7 : 0.00%  8 : 0.00%  9 : 0.00%  
Divergence : jsd 0.7605, tvd 0.9013
labels from the first batch :[0, 0, 0, 0, 0, 0, 0, 0, 0, 0, 0, 0, 0, 0, 0, 0, 0, 0, 0, 0, 0, 0, 0, 0, 0, 0, 0, 0, 0, 0, 0, 0]

Unique id : 17, dataset size : 592
Communication time : 800, Computation time per batch : 10, Training time : 1410
0 : 100.00%  1 : 0.00%  2 : 0.00%  3 : 0.00%  4 : 0.00%  5 : 0.00%  6 : 0.00%  7 : 0.00%  8 : 0.00%  9 : 0.00%  
Divergence : jsd 0.7605, tvd 0.9013
labels from the first batch :[0, 0, 0, 0, 0, 0, 0, 0, 0, 0, 0, 0, 0, 0, 0, 0, 0, 0, 0, 0, 0, 0, 0, 0, 0, 0, 0, 0, 0, 0, 0, 0]

Unique id : 18, dataset size : 592
Communication time : 800, Computation time per batch : 10, Training time : 1410
0 : 100.00%  1 : 0.00%  2 : 0.00%  3 : 0.00%  4 : 0.00%  5 : 0.00%  6 : 0.00%  7 : 0.00%  8 : 0.00%  9 : 0.00%  
Divergence : jsd 0.7605, tvd 0.9013
labels from the first batch :[0, 0, 0, 0, 0, 0, 0, 0, 0, 0, 0, 0, 0, 0, 0, 0, 0, 0, 0, 0, 0, 0, 0, 0, 0, 0, 0, 0, 0, 0, 0, 0]

Unique id : 19, dataset size : 592
Communication time : 800, Computation time per batch : 10, Training time : 1410
0 : 100.00%  1 : 0.00%  2 : 0.00%  3 : 0.00%  4 : 0.00%  5 : 0.00%  6 : 0.00%  7 : 0.00%  8 : 0.00%  9 : 0.00%  
Divergence : jsd 0.7605, tvd 0.9013
labels from the first batch :[0, 0, 0, 0, 0, 0, 0, 0, 0, 0, 0, 0, 0, 0, 0, 0, 0, 0, 0, 0, 0, 0, 0, 0, 0, 0, 0, 0, 0, 0, 0, 0]

Unique id : 20, dataset size : 585
Communication time : 800, Computation time per batch : 10, Training time : 3500
0 : 0.00%  1 : 0.00%  2 : 0.00%  3 : 0.00%  4 : 100.00%  5 : 0.00%  6 : 0.00%  7 : 0.00%  8 : 0.00%  9 : 0.00%  
Divergence : jsd 0.7629, tvd 0.9026
labels from the first batch :[4, 4, 4, 4, 4, 4, 4, 4, 4, 4, 4, 4, 4, 4, 4, 4, 4, 4, 4, 4, 4, 4, 4, 4, 4, 4, 4, 4, 4, 4, 4, 4]

Unique id : 21, dataset size : 585
Communication time : 800, Computation time per batch : 10, Training time : 1410
0 : 0.00%  1 : 0.00%  2 : 0.00%  3 : 0.00%  4 : 100.00%  5 : 0.00%  6 : 0.00%  7 : 0.00%  8 : 0.00%  9 : 0.00%  
Divergence : jsd 0.7629, tvd 0.9026
labels from the first batch :[4, 4, 4, 4, 4, 4, 4, 4, 4, 4, 4, 4, 4, 4, 4, 4, 4, 4, 4, 4, 4, 4, 4, 4, 4, 4, 4, 4, 4, 4, 4, 4]

Unique id : 22, dataset size : 584
Communication time : 800, Computation time per batch : 10, Training time : 1410
0 : 0.00%  1 : 0.00%  2 : 0.00%  3 : 0.00%  4 : 100.00%  5 : 0.00%  6 : 0.00%  7 : 0.00%  8 : 0.00%  9 : 0.00%  
Divergence : jsd 0.7629, tvd 0.9026
labels from the first batch :[4, 4, 4, 4, 4, 4, 4, 4, 4, 4, 4, 4, 4, 4, 4, 4, 4, 4, 4, 4, 4, 4, 4, 4, 4, 4, 4, 4, 4, 4, 4, 4]

Unique id : 23, dataset size : 584
Communication time : 800, Computation time per batch : 10, Training time : 1410
0 : 0.00%  1 : 0.00%  2 : 0.00%  3 : 0.00%  4 : 100.00%  5 : 0.00%  6 : 0.00%  7 : 0.00%  8 : 0.00%  9 : 0.00%  
Divergence : jsd 0.7629, tvd 0.9026
labels from the first batch :[4, 4, 4, 4, 4, 4, 4, 4, 4, 4, 4, 4, 4, 4, 4, 4, 4, 4, 4, 4, 4, 4, 4, 4, 4, 4, 4, 4, 4, 4, 4, 4]

Unique id : 24, dataset size : 584
Communication time : 800, Computation time per batch : 10, Training time : 1410
0 : 0.00%  1 : 0.00%  2 : 0.00%  3 : 0.00%  4 : 100.00%  5 : 0.00%  6 : 0.00%  7 : 0.00%  8 : 0.00%  9 : 0.00%  
Divergence : jsd 0.7629, tvd 0.9026
labels from the first batch :[4, 4, 4, 4, 4, 4, 4, 4, 4, 4, 4, 4, 4, 4, 4, 4, 4, 4, 4, 4, 4, 4, 4, 4, 4, 4, 4, 4, 4, 4, 4, 4]

Unique id : 25, dataset size : 584
Communication time : 800, Computation time per batch : 10, Training time : 1410
0 : 0.00%  1 : 0.00%  2 : 0.00%  3 : 0.00%  4 : 100.00%  5 : 0.00%  6 : 0.00%  7 : 0.00%  8 : 0.00%  9 : 0.00%  
Divergence : jsd 0.7629, tvd 0.9026
labels from the first batch :[4, 4, 4, 4, 4, 4, 4, 4, 4, 4, 4, 4, 4, 4, 4, 4, 4, 4, 4, 4, 4, 4, 4, 4, 4, 4, 4, 4, 4, 4, 4, 4]

Unique id : 26, dataset size : 584
Communication time : 800, Computation time per batch : 10, Training time : 1410
0 : 0.00%  1 : 0.00%  2 : 0.00%  3 : 0.00%  4 : 100.00%  5 : 0.00%  6 : 0.00%  7 : 0.00%  8 : 0.00%  9 : 0.00%  
Divergence : jsd 0.7629, tvd 0.9026
labels from the first batch :[4, 4, 4, 4, 4, 4, 4, 4, 4, 4, 4, 4, 4, 4, 4, 4, 4, 4, 4, 4, 4, 4, 4, 4, 4, 4, 4, 4, 4, 4, 4, 4]

Unique id : 27, dataset size : 584
Communication time : 800, Computation time per batch : 10, Training time : 1410
0 : 0.00%  1 : 0.00%  2 : 0.00%  3 : 0.00%  4 : 100.00%  5 : 0.00%  6 : 0.00%  7 : 0.00%  8 : 0.00%  9 : 0.00%  
Divergence : jsd 0.7629, tvd 0.9026
labels from the first batch :[4, 4, 4, 4, 4, 4, 4, 4, 4, 4, 4, 4, 4, 4, 4, 4, 4, 4, 4, 4, 4, 4, 4, 4, 4, 4, 4, 4, 4, 4, 4, 4]

Unique id : 28, dataset size : 584
Communication time : 800, Computation time per batch : 10, Training time : 1410
0 : 0.00%  1 : 0.00%  2 : 0.00%  3 : 0.00%  4 : 100.00%  5 : 0.00%  6 : 0.00%  7 : 0.00%  8 : 0.00%  9 : 0.00%  
Divergence : jsd 0.7629, tvd 0.9026
labels from the first batch :[4, 4, 4, 4, 4, 4, 4, 4, 4, 4, 4, 4, 4, 4, 4, 4, 4, 4, 4, 4, 4, 4, 4, 4, 4, 4, 4, 4, 4, 4, 4, 4]

Unique id : 29, dataset size : 584
Communication time : 800, Computation time per batch : 10, Training time : 1410
0 : 0.00%  1 : 0.00%  2 : 0.00%  3 : 0.00%  4 : 100.00%  5 : 0.00%  6 : 0.00%  7 : 0.00%  8 : 0.00%  9 : 0.00%  
Divergence : jsd 0.7629, tvd 0.9026
labels from the first batch :[4, 4, 4, 4, 4, 4, 4, 4, 4, 4, 4, 4, 4, 4, 4, 4, 4, 4, 4, 4, 4, 4, 4, 4, 4, 4, 4, 4, 4, 4, 4, 4]

Unique id : 30, dataset size : 675
Communication time : 800, Computation time per batch : 10, Training time : 3800
0 : 0.00%  1 : 100.00%  2 : 0.00%  3 : 0.00%  4 : 0.00%  5 : 0.00%  6 : 0.00%  7 : 0.00%  8 : 0.00%  9 : 0.00%  
Divergence : jsd 0.7374, tvd 0.8876
labels from the first batch :[1, 1, 1, 1, 1, 1, 1, 1, 1, 1, 1, 1, 1, 1, 1, 1, 1, 1, 1, 1, 1, 1, 1, 1, 1, 1, 1, 1, 1, 1, 1, 1]

Unique id : 31, dataset size : 675
Communication time : 800, Computation time per batch : 10, Training time : 1380
0 : 0.00%  1 : 100.00%  2 : 0.00%  3 : 0.00%  4 : 0.00%  5 : 0.00%  6 : 0.00%  7 : 0.00%  8 : 0.00%  9 : 0.00%  
Divergence : jsd 0.7374, tvd 0.8876
labels from the first batch :[1, 1, 1, 1, 1, 1, 1, 1, 1, 1, 1, 1, 1, 1, 1, 1, 1, 1, 1, 1, 1, 1, 1, 1, 1, 1, 1, 1, 1, 1, 1, 1]

Unique id : 32, dataset size : 674
Communication time : 800, Computation time per batch : 10, Training time : 1380
0 : 0.00%  1 : 100.00%  2 : 0.00%  3 : 0.00%  4 : 0.00%  5 : 0.00%  6 : 0.00%  7 : 0.00%  8 : 0.00%  9 : 0.00%  
Divergence : jsd 0.7374, tvd 0.8876
labels from the first batch :[1, 1, 1, 1, 1, 1, 1, 1, 1, 1, 1, 1, 1, 1, 1, 1, 1, 1, 1, 1, 1, 1, 1, 1, 1, 1, 1, 1, 1, 1, 1, 1]

Unique id : 33, dataset size : 674
Communication time : 800, Computation time per batch : 10, Training time : 1380
0 : 0.00%  1 : 100.00%  2 : 0.00%  3 : 0.00%  4 : 0.00%  5 : 0.00%  6 : 0.00%  7 : 0.00%  8 : 0.00%  9 : 0.00%  
Divergence : jsd 0.7374, tvd 0.8876
labels from the first batch :[1, 1, 1, 1, 1, 1, 1, 1, 1, 1, 1, 1, 1, 1, 1, 1, 1, 1, 1, 1, 1, 1, 1, 1, 1, 1, 1, 1, 1, 1, 1, 1]

Unique id : 34, dataset size : 674
Communication time : 800, Computation time per batch : 10, Training time : 1380
0 : 0.00%  1 : 100.00%  2 : 0.00%  3 : 0.00%  4 : 0.00%  5 : 0.00%  6 : 0.00%  7 : 0.00%  8 : 0.00%  9 : 0.00%  
Divergence : jsd 0.7374, tvd 0.8876
labels from the first batch :[1, 1, 1, 1, 1, 1, 1, 1, 1, 1, 1, 1, 1, 1, 1, 1, 1, 1, 1, 1, 1, 1, 1, 1, 1, 1, 1, 1, 1, 1, 1, 1]

Unique id : 35, dataset size : 674
Communication time : 800, Computation time per batch : 10, Training time : 1380
0 : 0.00%  1 : 100.00%  2 : 0.00%  3 : 0.00%  4 : 0.00%  5 : 0.00%  6 : 0.00%  7 : 0.00%  8 : 0.00%  9 : 0.00%  
Divergence : jsd 0.7374, tvd 0.8876
labels from the first batch :[1, 1, 1, 1, 1, 1, 1, 1, 1, 1, 1, 1, 1, 1, 1, 1, 1, 1, 1, 1, 1, 1, 1, 1, 1, 1, 1, 1, 1, 1, 1, 1]

Unique id : 36, dataset size : 674
Communication time : 800, Computation time per batch : 10, Training time : 1380
0 : 0.00%  1 : 100.00%  2 : 0.00%  3 : 0.00%  4 : 0.00%  5 : 0.00%  6 : 0.00%  7 : 0.00%  8 : 0.00%  9 : 0.00%  
Divergence : jsd 0.7374, tvd 0.8876
labels from the first batch :[1, 1, 1, 1, 1, 1, 1, 1, 1, 1, 1, 1, 1, 1, 1, 1, 1, 1, 1, 1, 1, 1, 1, 1, 1, 1, 1, 1, 1, 1, 1, 1]

Unique id : 37, dataset size : 674
Communication time : 800, Computation time per batch : 10, Training time : 1380
0 : 0.00%  1 : 100.00%  2 : 0.00%  3 : 0.00%  4 : 0.00%  5 : 0.00%  6 : 0.00%  7 : 0.00%  8 : 0.00%  9 : 0.00%  
Divergence : jsd 0.7374, tvd 0.8876
labels from the first batch :[1, 1, 1, 1, 1, 1, 1, 1, 1, 1, 1, 1, 1, 1, 1, 1, 1, 1, 1, 1, 1, 1, 1, 1, 1, 1, 1, 1, 1, 1, 1, 1]

Unique id : 38, dataset size : 674
Communication time : 800, Computation time per batch : 10, Training time : 1380
0 : 0.00%  1 : 100.00%  2 : 0.00%  3 : 0.00%  4 : 0.00%  5 : 0.00%  6 : 0.00%  7 : 0.00%  8 : 0.00%  9 : 0.00%  
Divergence : jsd 0.7374, tvd 0.8876
labels from the first batch :[1, 1, 1, 1, 1, 1, 1, 1, 1, 1, 1, 1, 1, 1, 1, 1, 1, 1, 1, 1, 1, 1, 1, 1, 1, 1, 1, 1, 1, 1, 1, 1]

Unique id : 39, dataset size : 674
Communication time : 800, Computation time per batch : 10, Training time : 1380
0 : 0.00%  1 : 100.00%  2 : 0.00%  3 : 0.00%  4 : 0.00%  5 : 0.00%  6 : 0.00%  7 : 0.00%  8 : 0.00%  9 : 0.00%  
Divergence : jsd 0.7374, tvd 0.8876
labels from the first batch :[1, 1, 1, 1, 1, 1, 1, 1, 1, 1, 1, 1, 1, 1, 1, 1, 1, 1, 1, 1, 1, 1, 1, 1, 1, 1, 1, 1, 1, 1, 1, 1]

Unique id : 40, dataset size : 595
Communication time : 800, Computation time per batch : 10, Training time : 3500
0 : 0.00%  1 : 0.00%  2 : 0.00%  3 : 0.00%  4 : 0.00%  5 : 0.00%  6 : 0.00%  7 : 0.00%  8 : 0.00%  9 : 100.00%  
Divergence : jsd 0.7597, tvd 0.9008
labels from the first batch :[9, 9, 9, 9, 9, 9, 9, 9, 9, 9, 9, 9, 9, 9, 9, 9, 9, 9, 9, 9, 9, 9, 9, 9, 9, 9, 9, 9, 9, 9, 9, 9]

Unique id : 41, dataset size : 595
Communication time : 800, Computation time per batch : 10, Training time : 1410
0 : 0.00%  1 : 0.00%  2 : 0.00%  3 : 0.00%  4 : 0.00%  5 : 0.00%  6 : 0.00%  7 : 0.00%  8 : 0.00%  9 : 100.00%  
Divergence : jsd 0.7597, tvd 0.9008
labels from the first batch :[9, 9, 9, 9, 9, 9, 9, 9, 9, 9, 9, 9, 9, 9, 9, 9, 9, 9, 9, 9, 9, 9, 9, 9, 9, 9, 9, 9, 9, 9, 9, 9]

Unique id : 42, dataset size : 595
Communication time : 800, Computation time per batch : 10, Training time : 1410
0 : 0.00%  1 : 0.00%  2 : 0.00%  3 : 0.00%  4 : 0.00%  5 : 0.00%  6 : 0.00%  7 : 0.00%  8 : 0.00%  9 : 100.00%  
Divergence : jsd 0.7597, tvd 0.9008
labels from the first batch :[9, 9, 9, 9, 9, 9, 9, 9, 9, 9, 9, 9, 9, 9, 9, 9, 9, 9, 9, 9, 9, 9, 9, 9, 9, 9, 9, 9, 9, 9, 9, 9]

Unique id : 43, dataset size : 595
Communication time : 800, Computation time per batch : 10, Training time : 1410
0 : 0.00%  1 : 0.00%  2 : 0.00%  3 : 0.00%  4 : 0.00%  5 : 0.00%  6 : 0.00%  7 : 0.00%  8 : 0.00%  9 : 100.00%  
Divergence : jsd 0.7597, tvd 0.9008
labels from the first batch :[9, 9, 9, 9, 9, 9, 9, 9, 9, 9, 9, 9, 9, 9, 9, 9, 9, 9, 9, 9, 9, 9, 9, 9, 9, 9, 9, 9, 9, 9, 9, 9]

Unique id : 44, dataset size : 595
Communication time : 800, Computation time per batch : 10, Training time : 1410
0 : 0.00%  1 : 0.00%  2 : 0.00%  3 : 0.00%  4 : 0.00%  5 : 0.00%  6 : 0.00%  7 : 0.00%  8 : 0.00%  9 : 100.00%  
Divergence : jsd 0.7597, tvd 0.9008
labels from the first batch :[9, 9, 9, 9, 9, 9, 9, 9, 9, 9, 9, 9, 9, 9, 9, 9, 9, 9, 9, 9, 9, 9, 9, 9, 9, 9, 9, 9, 9, 9, 9, 9]

Unique id : 45, dataset size : 595
Communication time : 800, Computation time per batch : 10, Training time : 1410
0 : 0.00%  1 : 0.00%  2 : 0.00%  3 : 0.00%  4 : 0.00%  5 : 0.00%  6 : 0.00%  7 : 0.00%  8 : 0.00%  9 : 100.00%  
Divergence : jsd 0.7597, tvd 0.9008
labels from the first batch :[9, 9, 9, 9, 9, 9, 9, 9, 9, 9, 9, 9, 9, 9, 9, 9, 9, 9, 9, 9, 9, 9, 9, 9, 9, 9, 9, 9, 9, 9, 9, 9]

Unique id : 46, dataset size : 595
Communication time : 800, Computation time per batch : 10, Training time : 1410
0 : 0.00%  1 : 0.00%  2 : 0.00%  3 : 0.00%  4 : 0.00%  5 : 0.00%  6 : 0.00%  7 : 0.00%  8 : 0.00%  9 : 100.00%  
Divergence : jsd 0.7597, tvd 0.9008
labels from the first batch :[9, 9, 9, 9, 9, 9, 9, 9, 9, 9, 9, 9, 9, 9, 9, 9, 9, 9, 9, 9, 9, 9, 9, 9, 9, 9, 9, 9, 9, 9, 9, 9]

Unique id : 47, dataset size : 595
Communication time : 800, Computation time per batch : 10, Training time : 1410
0 : 0.00%  1 : 0.00%  2 : 0.00%  3 : 0.00%  4 : 0.00%  5 : 0.00%  6 : 0.00%  7 : 0.00%  8 : 0.00%  9 : 100.00%  
Divergence : jsd 0.7597, tvd 0.9008
labels from the first batch :[9, 9, 9, 9, 9, 9, 9, 9, 9, 9, 9, 9, 9, 9, 9, 9, 9, 9, 9, 9, 9, 9, 9, 9, 9, 9, 9, 9, 9, 9, 9, 9]

Unique id : 48, dataset size : 595
Communication time : 800, Computation time per batch : 10, Training time : 1410
0 : 0.00%  1 : 0.00%  2 : 0.00%  3 : 0.00%  4 : 0.00%  5 : 0.00%  6 : 0.00%  7 : 0.00%  8 : 0.00%  9 : 100.00%  
Divergence : jsd 0.7597, tvd 0.9008
labels from the first batch :[9, 9, 9, 9, 9, 9, 9, 9, 9, 9, 9, 9, 9, 9, 9, 9, 9, 9, 9, 9, 9, 9, 9, 9, 9, 9, 9, 9, 9, 9, 9, 9]

Unique id : 49, dataset size : 594
Communication time : 800, Computation time per batch : 10, Training time : 1410
0 : 0.00%  1 : 0.00%  2 : 0.00%  3 : 0.00%  4 : 0.00%  5 : 0.00%  6 : 0.00%  7 : 0.00%  8 : 0.00%  9 : 100.00%  
Divergence : jsd 0.7597, tvd 0.9008
labels from the first batch :[9, 9, 9, 9, 9, 9, 9, 9, 9, 9, 9, 9, 9, 9, 9, 9, 9, 9, 9, 9, 9, 9, 9, 9, 9, 9, 9, 9, 9, 9, 9, 9]

Unique id : 50, dataset size : 596
Communication time : 800, Computation time per batch : 10, Training time : 3500
0 : 0.00%  1 : 0.00%  2 : 100.00%  3 : 0.00%  4 : 0.00%  5 : 0.00%  6 : 0.00%  7 : 0.00%  8 : 0.00%  9 : 0.00%  
Divergence : jsd 0.7595, tvd 0.9007
labels from the first batch :[2, 2, 2, 2, 2, 2, 2, 2, 2, 2, 2, 2, 2, 2, 2, 2, 2, 2, 2, 2, 2, 2, 2, 2, 2, 2, 2, 2, 2, 2, 2, 2]

Unique id : 51, dataset size : 596
Communication time : 800, Computation time per batch : 10, Training time : 1410
0 : 0.00%  1 : 0.00%  2 : 100.00%  3 : 0.00%  4 : 0.00%  5 : 0.00%  6 : 0.00%  7 : 0.00%  8 : 0.00%  9 : 0.00%  
Divergence : jsd 0.7595, tvd 0.9007
labels from the first batch :[2, 2, 2, 2, 2, 2, 2, 2, 2, 2, 2, 2, 2, 2, 2, 2, 2, 2, 2, 2, 2, 2, 2, 2, 2, 2, 2, 2, 2, 2, 2, 2]

Unique id : 52, dataset size : 596
Communication time : 800, Computation time per batch : 10, Training time : 1410
0 : 0.00%  1 : 0.00%  2 : 100.00%  3 : 0.00%  4 : 0.00%  5 : 0.00%  6 : 0.00%  7 : 0.00%  8 : 0.00%  9 : 0.00%  
Divergence : jsd 0.7595, tvd 0.9007
labels from the first batch :[2, 2, 2, 2, 2, 2, 2, 2, 2, 2, 2, 2, 2, 2, 2, 2, 2, 2, 2, 2, 2, 2, 2, 2, 2, 2, 2, 2, 2, 2, 2, 2]

Unique id : 53, dataset size : 596
Communication time : 800, Computation time per batch : 10, Training time : 1410
0 : 0.00%  1 : 0.00%  2 : 100.00%  3 : 0.00%  4 : 0.00%  5 : 0.00%  6 : 0.00%  7 : 0.00%  8 : 0.00%  9 : 0.00%  
Divergence : jsd 0.7595, tvd 0.9007
labels from the first batch :[2, 2, 2, 2, 2, 2, 2, 2, 2, 2, 2, 2, 2, 2, 2, 2, 2, 2, 2, 2, 2, 2, 2, 2, 2, 2, 2, 2, 2, 2, 2, 2]

Unique id : 54, dataset size : 596
Communication time : 800, Computation time per batch : 10, Training time : 1410
0 : 0.00%  1 : 0.00%  2 : 100.00%  3 : 0.00%  4 : 0.00%  5 : 0.00%  6 : 0.00%  7 : 0.00%  8 : 0.00%  9 : 0.00%  
Divergence : jsd 0.7595, tvd 0.9007
labels from the first batch :[2, 2, 2, 2, 2, 2, 2, 2, 2, 2, 2, 2, 2, 2, 2, 2, 2, 2, 2, 2, 2, 2, 2, 2, 2, 2, 2, 2, 2, 2, 2, 2]

Unique id : 55, dataset size : 596
Communication time : 800, Computation time per batch : 10, Training time : 1410
0 : 0.00%  1 : 0.00%  2 : 100.00%  3 : 0.00%  4 : 0.00%  5 : 0.00%  6 : 0.00%  7 : 0.00%  8 : 0.00%  9 : 0.00%  
Divergence : jsd 0.7595, tvd 0.9007
labels from the first batch :[2, 2, 2, 2, 2, 2, 2, 2, 2, 2, 2, 2, 2, 2, 2, 2, 2, 2, 2, 2, 2, 2, 2, 2, 2, 2, 2, 2, 2, 2, 2, 2]

Unique id : 56, dataset size : 596
Communication time : 800, Computation time per batch : 10, Training time : 1410
0 : 0.00%  1 : 0.00%  2 : 100.00%  3 : 0.00%  4 : 0.00%  5 : 0.00%  6 : 0.00%  7 : 0.00%  8 : 0.00%  9 : 0.00%  
Divergence : jsd 0.7595, tvd 0.9007
labels from the first batch :[2, 2, 2, 2, 2, 2, 2, 2, 2, 2, 2, 2, 2, 2, 2, 2, 2, 2, 2, 2, 2, 2, 2, 2, 2, 2, 2, 2, 2, 2, 2, 2]

Unique id : 57, dataset size : 596
Communication time : 800, Computation time per batch : 10, Training time : 1410
0 : 0.00%  1 : 0.00%  2 : 100.00%  3 : 0.00%  4 : 0.00%  5 : 0.00%  6 : 0.00%  7 : 0.00%  8 : 0.00%  9 : 0.00%  
Divergence : jsd 0.7595, tvd 0.9007
labels from the first batch :[2, 2, 2, 2, 2, 2, 2, 2, 2, 2, 2, 2, 2, 2, 2, 2, 2, 2, 2, 2, 2, 2, 2, 2, 2, 2, 2, 2, 2, 2, 2, 2]

Unique id : 58, dataset size : 595
Communication time : 800, Computation time per batch : 10, Training time : 1410
0 : 0.00%  1 : 0.00%  2 : 100.00%  3 : 0.00%  4 : 0.00%  5 : 0.00%  6 : 0.00%  7 : 0.00%  8 : 0.00%  9 : 0.00%  
Divergence : jsd 0.7595, tvd 0.9007
labels from the first batch :[2, 2, 2, 2, 2, 2, 2, 2, 2, 2, 2, 2, 2, 2, 2, 2, 2, 2, 2, 2, 2, 2, 2, 2, 2, 2, 2, 2, 2, 2, 2, 2]

Unique id : 59, dataset size : 595
Communication time : 800, Computation time per batch : 10, Training time : 1410
0 : 0.00%  1 : 0.00%  2 : 100.00%  3 : 0.00%  4 : 0.00%  5 : 0.00%  6 : 0.00%  7 : 0.00%  8 : 0.00%  9 : 0.00%  
Divergence : jsd 0.7595, tvd 0.9007
labels from the first batch :[2, 2, 2, 2, 2, 2, 2, 2, 2, 2, 2, 2, 2, 2, 2, 2, 2, 2, 2, 2, 2, 2, 2, 2, 2, 2, 2, 2, 2, 2, 2, 2]

Unique id : 60, dataset size : 614
Communication time : 800, Computation time per batch : 10, Training time : 3600
0 : 0.00%  1 : 0.00%  2 : 0.00%  3 : 100.00%  4 : 0.00%  5 : 0.00%  6 : 0.00%  7 : 0.00%  8 : 0.00%  9 : 0.00%  
Divergence : jsd 0.7545, tvd 0.8978
labels from the first batch :[3, 3, 3, 3, 3, 3, 3, 3, 3, 3, 3, 3, 3, 3, 3, 3, 3, 3, 3, 3, 3, 3, 3, 3, 3, 3, 3, 3, 3, 3, 3, 3]

Unique id : 61, dataset size : 613
Communication time : 800, Computation time per batch : 10, Training time : 1400
0 : 0.00%  1 : 0.00%  2 : 0.00%  3 : 100.00%  4 : 0.00%  5 : 0.00%  6 : 0.00%  7 : 0.00%  8 : 0.00%  9 : 0.00%  
Divergence : jsd 0.7545, tvd 0.8978
labels from the first batch :[3, 3, 3, 3, 3, 3, 3, 3, 3, 3, 3, 3, 3, 3, 3, 3, 3, 3, 3, 3, 3, 3, 3, 3, 3, 3, 3, 3, 3, 3, 3, 3]

Unique id : 62, dataset size : 613
Communication time : 800, Computation time per batch : 10, Training time : 1400
0 : 0.00%  1 : 0.00%  2 : 0.00%  3 : 100.00%  4 : 0.00%  5 : 0.00%  6 : 0.00%  7 : 0.00%  8 : 0.00%  9 : 0.00%  
Divergence : jsd 0.7545, tvd 0.8978
labels from the first batch :[3, 3, 3, 3, 3, 3, 3, 3, 3, 3, 3, 3, 3, 3, 3, 3, 3, 3, 3, 3, 3, 3, 3, 3, 3, 3, 3, 3, 3, 3, 3, 3]

Unique id : 63, dataset size : 613
Communication time : 800, Computation time per batch : 10, Training time : 1400
0 : 0.00%  1 : 0.00%  2 : 0.00%  3 : 100.00%  4 : 0.00%  5 : 0.00%  6 : 0.00%  7 : 0.00%  8 : 0.00%  9 : 0.00%  
Divergence : jsd 0.7545, tvd 0.8978
labels from the first batch :[3, 3, 3, 3, 3, 3, 3, 3, 3, 3, 3, 3, 3, 3, 3, 3, 3, 3, 3, 3, 3, 3, 3, 3, 3, 3, 3, 3, 3, 3, 3, 3]

Unique id : 64, dataset size : 613
Communication time : 800, Computation time per batch : 10, Training time : 1400
0 : 0.00%  1 : 0.00%  2 : 0.00%  3 : 100.00%  4 : 0.00%  5 : 0.00%  6 : 0.00%  7 : 0.00%  8 : 0.00%  9 : 0.00%  
Divergence : jsd 0.7545, tvd 0.8978
labels from the first batch :[3, 3, 3, 3, 3, 3, 3, 3, 3, 3, 3, 3, 3, 3, 3, 3, 3, 3, 3, 3, 3, 3, 3, 3, 3, 3, 3, 3, 3, 3, 3, 3]

Unique id : 65, dataset size : 613
Communication time : 800, Computation time per batch : 10, Training time : 1400
0 : 0.00%  1 : 0.00%  2 : 0.00%  3 : 100.00%  4 : 0.00%  5 : 0.00%  6 : 0.00%  7 : 0.00%  8 : 0.00%  9 : 0.00%  
Divergence : jsd 0.7545, tvd 0.8978
labels from the first batch :[3, 3, 3, 3, 3, 3, 3, 3, 3, 3, 3, 3, 3, 3, 3, 3, 3, 3, 3, 3, 3, 3, 3, 3, 3, 3, 3, 3, 3, 3, 3, 3]

Unique id : 66, dataset size : 613
Communication time : 800, Computation time per batch : 10, Training time : 1400
0 : 0.00%  1 : 0.00%  2 : 0.00%  3 : 100.00%  4 : 0.00%  5 : 0.00%  6 : 0.00%  7 : 0.00%  8 : 0.00%  9 : 0.00%  
Divergence : jsd 0.7545, tvd 0.8978
labels from the first batch :[3, 3, 3, 3, 3, 3, 3, 3, 3, 3, 3, 3, 3, 3, 3, 3, 3, 3, 3, 3, 3, 3, 3, 3, 3, 3, 3, 3, 3, 3, 3, 3]

Unique id : 67, dataset size : 613
Communication time : 800, Computation time per batch : 10, Training time : 1400
0 : 0.00%  1 : 0.00%  2 : 0.00%  3 : 100.00%  4 : 0.00%  5 : 0.00%  6 : 0.00%  7 : 0.00%  8 : 0.00%  9 : 0.00%  
Divergence : jsd 0.7545, tvd 0.8978
labels from the first batch :[3, 3, 3, 3, 3, 3, 3, 3, 3, 3, 3, 3, 3, 3, 3, 3, 3, 3, 3, 3, 3, 3, 3, 3, 3, 3, 3, 3, 3, 3, 3, 3]

Unique id : 68, dataset size : 613
Communication time : 800, Computation time per batch : 10, Training time : 1400
0 : 0.00%  1 : 0.00%  2 : 0.00%  3 : 100.00%  4 : 0.00%  5 : 0.00%  6 : 0.00%  7 : 0.00%  8 : 0.00%  9 : 0.00%  
Divergence : jsd 0.7545, tvd 0.8978
labels from the first batch :[3, 3, 3, 3, 3, 3, 3, 3, 3, 3, 3, 3, 3, 3, 3, 3, 3, 3, 3, 3, 3, 3, 3, 3, 3, 3, 3, 3, 3, 3, 3, 3]

Unique id : 69, dataset size : 613
Communication time : 800, Computation time per batch : 10, Training time : 1400
0 : 0.00%  1 : 0.00%  2 : 0.00%  3 : 100.00%  4 : 0.00%  5 : 0.00%  6 : 0.00%  7 : 0.00%  8 : 0.00%  9 : 0.00%  
Divergence : jsd 0.7545, tvd 0.8978
labels from the first batch :[3, 3, 3, 3, 3, 3, 3, 3, 3, 3, 3, 3, 3, 3, 3, 3, 3, 3, 3, 3, 3, 3, 3, 3, 3, 3, 3, 3, 3, 3, 3, 3]

Unique id : 70, dataset size : 592
Communication time : 800, Computation time per batch : 10, Training time : 3500
0 : 0.00%  1 : 0.00%  2 : 0.00%  3 : 0.00%  4 : 0.00%  5 : 0.00%  6 : 100.00%  7 : 0.00%  8 : 0.00%  9 : 0.00%  
Divergence : jsd 0.7606, tvd 0.9014
labels from the first batch :[6, 6, 6, 6, 6, 6, 6, 6, 6, 6, 6, 6, 6, 6, 6, 6, 6, 6, 6, 6, 6, 6, 6, 6, 6, 6, 6, 6, 6, 6, 6, 6]

Unique id : 71, dataset size : 592
Communication time : 800, Computation time per batch : 10, Training time : 1410
0 : 0.00%  1 : 0.00%  2 : 0.00%  3 : 0.00%  4 : 0.00%  5 : 0.00%  6 : 100.00%  7 : 0.00%  8 : 0.00%  9 : 0.00%  
Divergence : jsd 0.7606, tvd 0.9014
labels from the first batch :[6, 6, 6, 6, 6, 6, 6, 6, 6, 6, 6, 6, 6, 6, 6, 6, 6, 6, 6, 6, 6, 6, 6, 6, 6, 6, 6, 6, 6, 6, 6, 6]

Unique id : 72, dataset size : 592
Communication time : 800, Computation time per batch : 10, Training time : 1410
0 : 0.00%  1 : 0.00%  2 : 0.00%  3 : 0.00%  4 : 0.00%  5 : 0.00%  6 : 100.00%  7 : 0.00%  8 : 0.00%  9 : 0.00%  
Divergence : jsd 0.7606, tvd 0.9014
labels from the first batch :[6, 6, 6, 6, 6, 6, 6, 6, 6, 6, 6, 6, 6, 6, 6, 6, 6, 6, 6, 6, 6, 6, 6, 6, 6, 6, 6, 6, 6, 6, 6, 6]

Unique id : 73, dataset size : 592
Communication time : 800, Computation time per batch : 10, Training time : 1410
0 : 0.00%  1 : 0.00%  2 : 0.00%  3 : 0.00%  4 : 0.00%  5 : 0.00%  6 : 100.00%  7 : 0.00%  8 : 0.00%  9 : 0.00%  
Divergence : jsd 0.7606, tvd 0.9014
labels from the first batch :[6, 6, 6, 6, 6, 6, 6, 6, 6, 6, 6, 6, 6, 6, 6, 6, 6, 6, 6, 6, 6, 6, 6, 6, 6, 6, 6, 6, 6, 6, 6, 6]

Unique id : 74, dataset size : 592
Communication time : 800, Computation time per batch : 10, Training time : 1410
0 : 0.00%  1 : 0.00%  2 : 0.00%  3 : 0.00%  4 : 0.00%  5 : 0.00%  6 : 100.00%  7 : 0.00%  8 : 0.00%  9 : 0.00%  
Divergence : jsd 0.7606, tvd 0.9014
labels from the first batch :[6, 6, 6, 6, 6, 6, 6, 6, 6, 6, 6, 6, 6, 6, 6, 6, 6, 6, 6, 6, 6, 6, 6, 6, 6, 6, 6, 6, 6, 6, 6, 6]

Unique id : 75, dataset size : 592
Communication time : 800, Computation time per batch : 10, Training time : 1410
0 : 0.00%  1 : 0.00%  2 : 0.00%  3 : 0.00%  4 : 0.00%  5 : 0.00%  6 : 100.00%  7 : 0.00%  8 : 0.00%  9 : 0.00%  
Divergence : jsd 0.7606, tvd 0.9014
labels from the first batch :[6, 6, 6, 6, 6, 6, 6, 6, 6, 6, 6, 6, 6, 6, 6, 6, 6, 6, 6, 6, 6, 6, 6, 6, 6, 6, 6, 6, 6, 6, 6, 6]

Unique id : 76, dataset size : 592
Communication time : 800, Computation time per batch : 10, Training time : 1410
0 : 0.00%  1 : 0.00%  2 : 0.00%  3 : 0.00%  4 : 0.00%  5 : 0.00%  6 : 100.00%  7 : 0.00%  8 : 0.00%  9 : 0.00%  
Divergence : jsd 0.7606, tvd 0.9014
labels from the first batch :[6, 6, 6, 6, 6, 6, 6, 6, 6, 6, 6, 6, 6, 6, 6, 6, 6, 6, 6, 6, 6, 6, 6, 6, 6, 6, 6, 6, 6, 6, 6, 6]

Unique id : 77, dataset size : 592
Communication time : 800, Computation time per batch : 10, Training time : 1410
0 : 0.00%  1 : 0.00%  2 : 0.00%  3 : 0.00%  4 : 0.00%  5 : 0.00%  6 : 100.00%  7 : 0.00%  8 : 0.00%  9 : 0.00%  
Divergence : jsd 0.7606, tvd 0.9014
labels from the first batch :[6, 6, 6, 6, 6, 6, 6, 6, 6, 6, 6, 6, 6, 6, 6, 6, 6, 6, 6, 6, 6, 6, 6, 6, 6, 6, 6, 6, 6, 6, 6, 6]

Unique id : 78, dataset size : 591
Communication time : 800, Computation time per batch : 10, Training time : 1410
0 : 0.00%  1 : 0.00%  2 : 0.00%  3 : 0.00%  4 : 0.00%  5 : 0.00%  6 : 100.00%  7 : 0.00%  8 : 0.00%  9 : 0.00%  
Divergence : jsd 0.7606, tvd 0.9014
labels from the first batch :[6, 6, 6, 6, 6, 6, 6, 6, 6, 6, 6, 6, 6, 6, 6, 6, 6, 6, 6, 6, 6, 6, 6, 6, 6, 6, 6, 6, 6, 6, 6, 6]

Unique id : 79, dataset size : 591
Communication time : 800, Computation time per batch : 10, Training time : 1410
0 : 0.00%  1 : 0.00%  2 : 0.00%  3 : 0.00%  4 : 0.00%  5 : 0.00%  6 : 100.00%  7 : 0.00%  8 : 0.00%  9 : 0.00%  
Divergence : jsd 0.7606, tvd 0.9014
labels from the first batch :[6, 6, 6, 6, 6, 6, 6, 6, 6, 6, 6, 6, 6, 6, 6, 6, 6, 6, 6, 6, 6, 6, 6, 6, 6, 6, 6, 6, 6, 6, 6, 6]

Unique id : 80, dataset size : 627
Communication time : 800, Computation time per batch : 10, Training time : 3600
0 : 0.00%  1 : 0.00%  2 : 0.00%  3 : 0.00%  4 : 0.00%  5 : 0.00%  6 : 0.00%  7 : 100.00%  8 : 0.00%  9 : 0.00%  
Divergence : jsd 0.7507, tvd 0.8956
labels from the first batch :[7, 7, 7, 7, 7, 7, 7, 7, 7, 7, 7, 7, 7, 7, 7, 7, 7, 7, 7, 7, 7, 7, 7, 7, 7, 7, 7, 7, 7, 7, 7, 7]

Unique id : 81, dataset size : 627
Communication time : 800, Computation time per batch : 10, Training time : 1400
0 : 0.00%  1 : 0.00%  2 : 0.00%  3 : 0.00%  4 : 0.00%  5 : 0.00%  6 : 0.00%  7 : 100.00%  8 : 0.00%  9 : 0.00%  
Divergence : jsd 0.7507, tvd 0.8956
labels from the first batch :[7, 7, 7, 7, 7, 7, 7, 7, 7, 7, 7, 7, 7, 7, 7, 7, 7, 7, 7, 7, 7, 7, 7, 7, 7, 7, 7, 7, 7, 7, 7, 7]

Unique id : 82, dataset size : 627
Communication time : 800, Computation time per batch : 10, Training time : 1400
0 : 0.00%  1 : 0.00%  2 : 0.00%  3 : 0.00%  4 : 0.00%  5 : 0.00%  6 : 0.00%  7 : 100.00%  8 : 0.00%  9 : 0.00%  
Divergence : jsd 0.7507, tvd 0.8956
labels from the first batch :[7, 7, 7, 7, 7, 7, 7, 7, 7, 7, 7, 7, 7, 7, 7, 7, 7, 7, 7, 7, 7, 7, 7, 7, 7, 7, 7, 7, 7, 7, 7, 7]

Unique id : 83, dataset size : 627
Communication time : 800, Computation time per batch : 10, Training time : 1400
0 : 0.00%  1 : 0.00%  2 : 0.00%  3 : 0.00%  4 : 0.00%  5 : 0.00%  6 : 0.00%  7 : 100.00%  8 : 0.00%  9 : 0.00%  
Divergence : jsd 0.7507, tvd 0.8956
labels from the first batch :[7, 7, 7, 7, 7, 7, 7, 7, 7, 7, 7, 7, 7, 7, 7, 7, 7, 7, 7, 7, 7, 7, 7, 7, 7, 7, 7, 7, 7, 7, 7, 7]

Unique id : 84, dataset size : 627
Communication time : 800, Computation time per batch : 10, Training time : 1400
0 : 0.00%  1 : 0.00%  2 : 0.00%  3 : 0.00%  4 : 0.00%  5 : 0.00%  6 : 0.00%  7 : 100.00%  8 : 0.00%  9 : 0.00%  
Divergence : jsd 0.7507, tvd 0.8956
labels from the first batch :[7, 7, 7, 7, 7, 7, 7, 7, 7, 7, 7, 7, 7, 7, 7, 7, 7, 7, 7, 7, 7, 7, 7, 7, 7, 7, 7, 7, 7, 7, 7, 7]

Unique id : 85, dataset size : 626
Communication time : 800, Computation time per batch : 10, Training time : 1400
0 : 0.00%  1 : 0.00%  2 : 0.00%  3 : 0.00%  4 : 0.00%  5 : 0.00%  6 : 0.00%  7 : 100.00%  8 : 0.00%  9 : 0.00%  
Divergence : jsd 0.7507, tvd 0.8956
labels from the first batch :[7, 7, 7, 7, 7, 7, 7, 7, 7, 7, 7, 7, 7, 7, 7, 7, 7, 7, 7, 7, 7, 7, 7, 7, 7, 7, 7, 7, 7, 7, 7, 7]

Unique id : 86, dataset size : 626
Communication time : 800, Computation time per batch : 10, Training time : 1400
0 : 0.00%  1 : 0.00%  2 : 0.00%  3 : 0.00%  4 : 0.00%  5 : 0.00%  6 : 0.00%  7 : 100.00%  8 : 0.00%  9 : 0.00%  
Divergence : jsd 0.7507, tvd 0.8956
labels from the first batch :[7, 7, 7, 7, 7, 7, 7, 7, 7, 7, 7, 7, 7, 7, 7, 7, 7, 7, 7, 7, 7, 7, 7, 7, 7, 7, 7, 7, 7, 7, 7, 7]

Unique id : 87, dataset size : 626
Communication time : 800, Computation time per batch : 10, Training time : 1400
0 : 0.00%  1 : 0.00%  2 : 0.00%  3 : 0.00%  4 : 0.00%  5 : 0.00%  6 : 0.00%  7 : 100.00%  8 : 0.00%  9 : 0.00%  
Divergence : jsd 0.7507, tvd 0.8956
labels from the first batch :[7, 7, 7, 7, 7, 7, 7, 7, 7, 7, 7, 7, 7, 7, 7, 7, 7, 7, 7, 7, 7, 7, 7, 7, 7, 7, 7, 7, 7, 7, 7, 7]

Unique id : 88, dataset size : 626
Communication time : 800, Computation time per batch : 10, Training time : 1400
0 : 0.00%  1 : 0.00%  2 : 0.00%  3 : 0.00%  4 : 0.00%  5 : 0.00%  6 : 0.00%  7 : 100.00%  8 : 0.00%  9 : 0.00%  
Divergence : jsd 0.7507, tvd 0.8956
labels from the first batch :[7, 7, 7, 7, 7, 7, 7, 7, 7, 7, 7, 7, 7, 7, 7, 7, 7, 7, 7, 7, 7, 7, 7, 7, 7, 7, 7, 7, 7, 7, 7, 7]

Unique id : 89, dataset size : 626
Communication time : 800, Computation time per batch : 10, Training time : 1400
0 : 0.00%  1 : 0.00%  2 : 0.00%  3 : 0.00%  4 : 0.00%  5 : 0.00%  6 : 0.00%  7 : 100.00%  8 : 0.00%  9 : 0.00%  
Divergence : jsd 0.7507, tvd 0.8956
labels from the first batch :[7, 7, 7, 7, 7, 7, 7, 7, 7, 7, 7, 7, 7, 7, 7, 7, 7, 7, 7, 7, 7, 7, 7, 7, 7, 7, 7, 7, 7, 7, 7, 7]

Unique id : 90, dataset size : 586
Communication time : 800, Computation time per batch : 10, Training time : 3500
0 : 0.00%  1 : 0.00%  2 : 0.00%  3 : 0.00%  4 : 0.00%  5 : 0.00%  6 : 0.00%  7 : 0.00%  8 : 100.00%  9 : 0.00%  
Divergence : jsd 0.7626, tvd 0.9025
labels from the first batch :[8, 8, 8, 8, 8, 8, 8, 8, 8, 8, 8, 8, 8, 8, 8, 8, 8, 8, 8, 8, 8, 8, 8, 8, 8, 8, 8, 8, 8, 8, 8, 8]

Unique id : 91, dataset size : 585
Communication time : 800, Computation time per batch : 10, Training time : 1410
0 : 0.00%  1 : 0.00%  2 : 0.00%  3 : 0.00%  4 : 0.00%  5 : 0.00%  6 : 0.00%  7 : 0.00%  8 : 100.00%  9 : 0.00%  
Divergence : jsd 0.7626, tvd 0.9025
labels from the first batch :[8, 8, 8, 8, 8, 8, 8, 8, 8, 8, 8, 8, 8, 8, 8, 8, 8, 8, 8, 8, 8, 8, 8, 8, 8, 8, 8, 8, 8, 8, 8, 8]

Unique id : 92, dataset size : 585
Communication time : 800, Computation time per batch : 10, Training time : 1410
0 : 0.00%  1 : 0.00%  2 : 0.00%  3 : 0.00%  4 : 0.00%  5 : 0.00%  6 : 0.00%  7 : 0.00%  8 : 100.00%  9 : 0.00%  
Divergence : jsd 0.7626, tvd 0.9025
labels from the first batch :[8, 8, 8, 8, 8, 8, 8, 8, 8, 8, 8, 8, 8, 8, 8, 8, 8, 8, 8, 8, 8, 8, 8, 8, 8, 8, 8, 8, 8, 8, 8, 8]

Unique id : 93, dataset size : 585
Communication time : 800, Computation time per batch : 10, Training time : 1410
0 : 0.00%  1 : 0.00%  2 : 0.00%  3 : 0.00%  4 : 0.00%  5 : 0.00%  6 : 0.00%  7 : 0.00%  8 : 100.00%  9 : 0.00%  
Divergence : jsd 0.7626, tvd 0.9025
labels from the first batch :[8, 8, 8, 8, 8, 8, 8, 8, 8, 8, 8, 8, 8, 8, 8, 8, 8, 8, 8, 8, 8, 8, 8, 8, 8, 8, 8, 8, 8, 8, 8, 8]

Unique id : 94, dataset size : 585
Communication time : 800, Computation time per batch : 10, Training time : 1410
0 : 0.00%  1 : 0.00%  2 : 0.00%  3 : 0.00%  4 : 0.00%  5 : 0.00%  6 : 0.00%  7 : 0.00%  8 : 100.00%  9 : 0.00%  
Divergence : jsd 0.7626, tvd 0.9025
labels from the first batch :[8, 8, 8, 8, 8, 8, 8, 8, 8, 8, 8, 8, 8, 8, 8, 8, 8, 8, 8, 8, 8, 8, 8, 8, 8, 8, 8, 8, 8, 8, 8, 8]

Unique id : 95, dataset size : 585
Communication time : 800, Computation time per batch : 10, Training time : 1410
0 : 0.00%  1 : 0.00%  2 : 0.00%  3 : 0.00%  4 : 0.00%  5 : 0.00%  6 : 0.00%  7 : 0.00%  8 : 100.00%  9 : 0.00%  
Divergence : jsd 0.7626, tvd 0.9025
labels from the first batch :[8, 8, 8, 8, 8, 8, 8, 8, 8, 8, 8, 8, 8, 8, 8, 8, 8, 8, 8, 8, 8, 8, 8, 8, 8, 8, 8, 8, 8, 8, 8, 8]

Unique id : 96, dataset size : 585
Communication time : 800, Computation time per batch : 10, Training time : 1410
0 : 0.00%  1 : 0.00%  2 : 0.00%  3 : 0.00%  4 : 0.00%  5 : 0.00%  6 : 0.00%  7 : 0.00%  8 : 100.00%  9 : 0.00%  
Divergence : jsd 0.7626, tvd 0.9025
labels from the first batch :[8, 8, 8, 8, 8, 8, 8, 8, 8, 8, 8, 8, 8, 8, 8, 8, 8, 8, 8, 8, 8, 8, 8, 8, 8, 8, 8, 8, 8, 8, 8, 8]

Unique id : 97, dataset size : 585
Communication time : 800, Computation time per batch : 10, Training time : 1410
0 : 0.00%  1 : 0.00%  2 : 0.00%  3 : 0.00%  4 : 0.00%  5 : 0.00%  6 : 0.00%  7 : 0.00%  8 : 100.00%  9 : 0.00%  
Divergence : jsd 0.7626, tvd 0.9025
labels from the first batch :[8, 8, 8, 8, 8, 8, 8, 8, 8, 8, 8, 8, 8, 8, 8, 8, 8, 8, 8, 8, 8, 8, 8, 8, 8, 8, 8, 8, 8, 8, 8, 8]

Unique id : 98, dataset size : 585
Communication time : 800, Computation time per batch : 10, Training time : 1410
0 : 0.00%  1 : 0.00%  2 : 0.00%  3 : 0.00%  4 : 0.00%  5 : 0.00%  6 : 0.00%  7 : 0.00%  8 : 100.00%  9 : 0.00%  
Divergence : jsd 0.7626, tvd 0.9025
labels from the first batch :[8, 8, 8, 8, 8, 8, 8, 8, 8, 8, 8, 8, 8, 8, 8, 8, 8, 8, 8, 8, 8, 8, 8, 8, 8, 8, 8, 8, 8, 8, 8, 8]

Unique id : 99, dataset size : 585
Communication time : 800, Computation time per batch : 10, Training time : 1410
0 : 0.00%  1 : 0.00%  2 : 0.00%  3 : 0.00%  4 : 0.00%  5 : 0.00%  6 : 0.00%  7 : 0.00%  8 : 100.00%  9 : 0.00%  
Divergence : jsd 0.7626, tvd 0.9025
labels from the first batch :[8, 8, 8, 8, 8, 8, 8, 8, 8, 8, 8, 8, 8, 8, 8, 8, 8, 8, 8, 8, 8, 8, 8, 8, 8, 8, 8, 8, 8, 8, 8, 8]

