Unique id : 0, dataset size : 581
Communication time : 100, Computation time per batch : 100, Training time : 19200
['0:0.00%', '1:0.00%', '2:21.00%', '3:0.00%', '4:0.00%', '5:15.83%', '6:20.83%', '7:0.00%', '8:24.61%', '9:17.73%']
Divergence : jsd 0.3254, tvd 0.5151
labels from the first batch :[9, 6, 9, 5, 2, 6, 2, 9, 9, 6, 8, 6, 2, 2, 6, 6, 6, 2, 6, 2, 9, 6, 5, 6, 9, 8, 5, 8, 5, 6, 2, 6]

Unique id : 1, dataset size : 573
Communication time : 100, Computation time per batch : 100, Training time : 18200
['0:19.55%', '1:25.13%', '2:21.29%', '3:0.00%', '4:0.00%', '5:16.06%', '6:0.00%', '7:0.00%', '8:0.00%', '9:17.98%']
Divergence : jsd 0.3124, tvd 0.5001
labels from the first batch :[0, 1, 9, 0, 5, 1, 5, 2, 1, 2, 1, 2, 0, 1, 1, 1, 9, 2, 5, 1, 1, 5, 0, 5, 0, 1, 9, 2, 0, 0, 2, 1]

Unique id : 2, dataset size : 578
Communication time : 100, Computation time per batch : 100, Training time : 19200
['0:19.38%', '1:0.00%', '2:21.11%', '3:22.66%', '4:0.00%', '5:15.92%', '6:20.93%', '7:0.00%', '8:0.00%', '9:0.00%']
Divergence : jsd 0.3206, tvd 0.5108
labels from the first batch :[6, 6, 5, 3, 0, 6, 3, 5, 6, 5, 3, 6, 6, 3, 5, 3, 5, 3, 5, 2, 2, 3, 2, 3, 0, 5, 3, 0, 5, 3, 0, 3]

Unique id : 3, dataset size : 641
Communication time : 100, Computation time per batch : 100, Training time : 21200
['0:17.47%', '1:0.00%', '2:19.03%', '3:0.00%', '4:0.00%', '5:0.00%', '6:18.88%', '7:22.31%', '8:22.31%', '9:0.00%']
Divergence : jsd 0.3134, tvd 0.5014
labels from the first batch :[8, 8, 6, 2, 0, 7, 8, 0, 7, 6, 0, 2, 6, 6, 8, 8, 8, 7, 2, 2, 7, 7, 7, 7, 7, 8, 2, 6, 0, 6, 7, 8]

Unique id : 4, dataset size : 604
Communication time : 100, Computation time per batch : 100, Training time : 19200
['0:0.00%', '1:23.84%', '2:20.20%', '3:0.00%', '4:0.00%', '5:15.23%', '6:0.00%', '7:0.00%', '8:23.68%', '9:17.05%']
Divergence : jsd 0.3145, tvd 0.5013
labels from the first batch :[2, 8, 8, 8, 9, 1, 2, 9, 5, 9, 5, 8, 8, 5, 8, 9, 9, 1, 1, 2, 2, 1, 8, 2, 2, 2, 2, 9, 8, 1, 9, 1]

Unique id : 5, dataset size : 601
Communication time : 100, Computation time per batch : 100, Training time : 19200
['0:18.64%', '1:23.96%', '2:20.30%', '3:21.80%', '4:0.00%', '5:15.31%', '6:0.00%', '7:0.00%', '8:0.00%', '9:0.00%']
Divergence : jsd 0.3098, tvd 0.4971
labels from the first batch :[5, 0, 5, 3, 5, 0, 3, 5, 1, 3, 2, 0, 1, 2, 0, 3, 2, 1, 5, 0, 5, 3, 5, 3, 0, 0, 1, 1, 5, 1, 3, 2]

Unique id : 6, dataset size : 682
Communication time : 100, Computation time per batch : 100, Training time : 22200
['0:0.00%', '1:21.11%', '2:0.00%', '3:19.21%', '4:0.00%', '5:0.00%', '6:17.74%', '7:20.97%', '8:20.97%', '9:0.00%']
Divergence : jsd 0.2999, tvd 0.4849
labels from the first batch :[7, 3, 3, 7, 1, 8, 3, 1, 7, 3, 3, 6, 1, 6, 1, 3, 6, 7, 8, 1, 7, 7, 7, 1, 8, 6, 7, 3, 8, 7, 6, 8]

Unique id : 7, dataset size : 613
Communication time : 100, Computation time per batch : 100, Training time : 20200
['0:0.00%', '1:23.49%', '2:0.00%', '3:21.37%', '4:0.00%', '5:15.01%', '6:0.00%', '7:0.00%', '8:23.33%', '9:16.80%']
Divergence : jsd 0.3123, tvd 0.4984
labels from the first batch :[9, 3, 9, 9, 1, 1, 5, 1, 1, 8, 5, 3, 1, 8, 8, 1, 5, 1, 8, 8, 8, 8, 8, 1, 9, 1, 1, 1, 8, 9, 8, 1]

Unique id : 8, dataset size : 609
Communication time : 100, Computation time per batch : 100, Training time : 20200
['0:18.39%', '1:0.00%', '2:20.03%', '3:0.00%', '4:18.23%', '5:0.00%', '6:19.87%', '7:0.00%', '8:23.48%', '9:0.00%']
Divergence : jsd 0.3191, tvd 0.5085
labels from the first batch :[8, 0, 8, 2, 4, 4, 0, 8, 2, 6, 8, 6, 0, 0, 8, 8, 0, 8, 0, 2, 2, 4, 0, 4, 2, 4, 8, 4, 2, 6, 0, 8]

Unique id : 9, dataset size : 618
Communication time : 100, Computation time per batch : 100, Training time : 20200
['0:18.12%', '1:0.00%', '2:0.00%', '3:21.20%', '4:17.96%', '5:0.00%', '6:19.58%', '7:0.00%', '8:23.14%', '9:0.00%']
Divergence : jsd 0.3168, tvd 0.5056
labels from the first batch :[4, 8, 4, 3, 8, 4, 3, 4, 3, 3, 6, 0, 3, 0, 3, 3, 3, 6, 3, 4, 3, 6, 0, 6, 6, 3, 3, 3, 8, 8, 6, 6]

Unique id : 10, dataset size : 632
Communication time : 100, Computation time per batch : 100, Training time : 20200
['0:0.00%', '1:22.78%', '2:0.00%', '3:20.73%', '4:17.56%', '5:0.00%', '6:0.00%', '7:0.00%', '8:22.63%', '9:16.30%']
Divergence : jsd 0.3061, tvd 0.4914
labels from the first batch :[3, 4, 1, 4, 1, 8, 3, 9, 8, 3, 4, 9, 3, 8, 4, 9, 3, 1, 3, 3, 4, 8, 9, 3, 8, 8, 4, 1, 9, 1, 4, 8]

Unique id : 11, dataset size : 609
Communication time : 100, Computation time per batch : 100, Training time : 20200
['0:0.00%', '1:0.00%', '2:20.03%', '3:21.51%', '4:0.00%', '5:15.11%', '6:19.87%', '7:23.48%', '8:0.00%', '9:0.00%']
Divergence : jsd 0.3164, tvd 0.5051
labels from the first batch :[7, 5, 7, 7, 2, 2, 7, 3, 6, 5, 6, 6, 5, 2, 3, 3, 5, 7, 5, 3, 7, 7, 2, 2, 5, 3, 2, 5, 3, 7, 6, 6]

Unique id : 12, dataset size : 612
Communication time : 100, Computation time per batch : 100, Training time : 20200
['0:18.30%', '1:0.00%', '2:0.00%', '3:0.00%', '4:18.14%', '5:0.00%', '6:0.00%', '7:23.37%', '8:23.37%', '9:16.83%']
Divergence : jsd 0.3155, tvd 0.5028
labels from the first batch :[8, 7, 9, 8, 8, 0, 9, 0, 8, 7, 4, 4, 0, 9, 7, 4, 9, 0, 9, 8, 9, 0, 0, 4, 8, 4, 4, 7, 9, 7, 7, 8]

Unique id : 13, dataset size : 611
Communication time : 100, Computation time per batch : 100, Training time : 20200
['0:18.33%', '1:0.00%', '2:19.97%', '3:21.44%', '4:0.00%', '5:0.00%', '6:0.00%', '7:23.40%', '8:0.00%', '9:16.86%']
Divergence : jsd 0.3094, tvd 0.4962
labels from the first batch :[9, 7, 7, 0, 0, 3, 9, 7, 3, 2, 9, 3, 3, 9, 0, 2, 0, 9, 3, 3, 9, 7, 3, 9, 3, 9, 3, 9, 3, 7, 9, 3]

Unique id : 14, dataset size : 540
Communication time : 100, Computation time per batch : 100, Training time : 17200
['0:20.74%', '1:0.00%', '2:22.59%', '3:0.00%', '4:20.56%', '5:17.04%', '6:0.00%', '7:0.00%', '8:0.00%', '9:19.07%']
Divergence : jsd 0.3239, tvd 0.5151
labels from the first batch :[2, 5, 2, 9, 5, 9, 4, 2, 0, 9, 4, 0, 9, 2, 9, 5, 4, 2, 2, 5, 0, 0, 4, 5, 9, 9, 9, 2, 9, 0, 5, 5]

Unique id : 15, dataset size : 567
Communication time : 100, Computation time per batch : 100, Training time : 18200
['0:19.75%', '1:0.00%', '2:0.00%', '3:23.10%', '4:19.58%', '5:16.23%', '6:21.34%', '7:0.00%', '8:0.00%', '9:0.00%']
Divergence : jsd 0.3222, tvd 0.5128
labels from the first batch :[6, 6, 0, 5, 0, 6, 3, 5, 6, 5, 3, 5, 6, 0, 3, 0, 3, 3, 0, 4, 4, 3, 0, 0, 6, 4, 6, 4, 6, 5, 5, 3]

Unique id : 16, dataset size : 568
Communication time : 100, Computation time per batch : 100, Training time : 18200
['0:19.72%', '1:0.00%', '2:21.48%', '3:23.06%', '4:19.54%', '5:16.20%', '6:0.00%', '7:0.00%', '8:0.00%', '9:0.00%']
Divergence : jsd 0.3216, tvd 0.5121
labels from the first batch :[2, 0, 4, 3, 2, 2, 5, 0, 4, 2, 4, 2, 5, 3, 4, 2, 4, 5, 3, 0, 3, 2, 4, 4, 5, 3, 0, 0, 5, 2, 5, 3]

Unique id : 17, dataset size : 633
Communication time : 100, Computation time per batch : 100, Training time : 20200
['0:0.00%', '1:22.75%', '2:19.27%', '3:0.00%', '4:0.00%', '5:0.00%', '6:19.12%', '7:22.59%', '8:0.00%', '9:16.27%']
Divergence : jsd 0.3014, tvd 0.4861
labels from the first batch :[2, 6, 7, 6, 9, 1, 2, 1, 2, 6, 2, 7, 1, 7, 1, 7, 1, 9, 9, 9, 9, 1, 6, 7, 9, 6, 6, 7, 6, 1, 2, 7]

Unique id : 18, dataset size : 601
Communication time : 100, Computation time per batch : 100, Training time : 19200
['0:0.00%', '1:23.96%', '2:20.30%', '3:0.00%', '4:18.47%', '5:0.00%', '6:20.13%', '7:0.00%', '8:0.00%', '9:17.14%']
Divergence : jsd 0.3066, tvd 0.4932
labels from the first batch :[9, 2, 6, 2, 9, 4, 2, 2, 1, 6, 6, 9, 2, 6, 4, 1, 1, 2, 2, 1, 4, 6, 1, 1, 1, 2, 1, 1, 9, 1, 9, 4]

Unique id : 19, dataset size : 611
Communication time : 100, Computation time per batch : 100, Training time : 20200
['0:0.00%', '1:23.57%', '2:19.97%', '3:21.44%', '4:18.17%', '5:0.00%', '6:0.00%', '7:0.00%', '8:0.00%', '9:16.86%']
Divergence : jsd 0.3039, tvd 0.4896
labels from the first batch :[9, 3, 4, 3, 2, 9, 1, 1, 2, 9, 2, 1, 3, 2, 3, 1, 3, 4, 3, 2, 4, 4, 3, 3, 3, 4, 9, 3, 9, 9, 9, 2]

Unique id : 20, dataset size : 609
Communication time : 100, Computation time per batch : 100, Training time : 20200
['0:0.00%', '1:0.00%', '2:0.00%', '3:21.51%', '4:18.23%', '5:0.00%', '6:19.87%', '7:23.48%', '8:0.00%', '9:16.91%']
Divergence : jsd 0.3110, tvd 0.4982
labels from the first batch :[9, 6, 7, 7, 9, 6, 7, 6, 7, 9, 6, 6, 3, 3, 4, 9, 3, 6, 4, 6, 4, 9, 3, 4, 6, 7, 7, 4, 4, 4, 3, 3]

Unique id : 21, dataset size : 601
Communication time : 100, Computation time per batch : 100, Training time : 19200
['0:18.64%', '1:0.00%', '2:20.30%', '3:0.00%', '4:0.00%', '5:0.00%', '6:20.13%', '7:23.79%', '8:0.00%', '9:17.14%']
Divergence : jsd 0.3121, tvd 0.4998
labels from the first batch :[2, 0, 6, 0, 7, 6, 7, 2, 6, 7, 0, 6, 2, 2, 6, 7, 7, 6, 9, 0, 6, 2, 9, 2, 2, 9, 2, 7, 7, 9, 0, 9]

Unique id : 22, dataset size : 579
Communication time : 100, Computation time per batch : 100, Training time : 19200
['0:19.34%', '1:0.00%', '2:0.00%', '3:0.00%', '4:19.17%', '5:15.89%', '6:20.90%', '7:24.70%', '8:0.00%', '9:0.00%']
Divergence : jsd 0.3208, tvd 0.5105
labels from the first batch :[6, 0, 6, 4, 6, 5, 6, 4, 5, 7, 6, 6, 7, 6, 5, 0, 7, 4, 7, 5, 7, 6, 6, 7, 7, 0, 5, 5, 5, 6, 6, 4]

Unique id : 23, dataset size : 632
Communication time : 100, Computation time per batch : 100, Training time : 20200
['0:0.00%', '1:22.78%', '2:0.00%', '3:20.73%', '4:17.56%', '5:0.00%', '6:0.00%', '7:0.00%', '8:22.63%', '9:16.30%']
Divergence : jsd 0.3061, tvd 0.4914
labels from the first batch :[3, 1, 3, 8, 1, 1, 9, 3, 3, 8, 8, 8, 9, 4, 3, 1, 1, 4, 8, 8, 3, 8, 4, 1, 8, 8, 8, 8, 4, 9, 4, 4]

Unique id : 24, dataset size : 587
Communication time : 100, Computation time per batch : 100, Training time : 19200
['0:0.00%', '1:0.00%', '2:20.78%', '3:22.32%', '4:18.74%', '5:0.00%', '6:20.61%', '7:0.00%', '8:0.00%', '9:17.55%']
Divergence : jsd 0.3146, tvd 0.5034
labels from the first batch :[6, 4, 6, 2, 9, 9, 4, 3, 4, 4, 6, 2, 9, 6, 2, 3, 3, 6, 3, 3, 9, 9, 2, 2, 9, 6, 6, 2, 3, 3, 9, 3]

Unique id : 25, dataset size : 613
Communication time : 100, Computation time per batch : 100, Training time : 20200
['0:18.27%', '1:23.49%', '2:19.90%', '3:0.00%', '4:0.00%', '5:15.01%', '6:0.00%', '7:23.33%', '8:0.00%', '9:0.00%']
Divergence : jsd 0.3084, tvd 0.4948
labels from the first batch :[0, 2, 7, 5, 1, 0, 7, 5, 1, 1, 2, 0, 1, 5, 5, 1, 5, 1, 2, 2, 0, 1, 7, 7, 1, 1, 5, 7, 5, 1, 0, 2]

Unique id : 26, dataset size : 561
Communication time : 100, Computation time per batch : 100, Training time : 18200
['0:19.96%', '1:25.67%', '2:0.00%', '3:0.00%', '4:19.61%', '5:16.40%', '6:0.00%', '7:0.00%', '8:0.00%', '9:18.36%']
Divergence : jsd 0.3137, tvd 0.5020
labels from the first batch :[9, 9, 5, 4, 4, 9, 5, 4, 5, 5, 4, 5, 9, 1, 5, 9, 4, 4, 1, 5, 0, 5, 9, 1, 9, 1, 9, 1, 0, 1, 9, 5]

Unique id : 27, dataset size : 580
Communication time : 100, Computation time per batch : 100, Training time : 19200
['0:0.00%', '1:24.83%', '2:0.00%', '3:22.59%', '4:18.97%', '5:15.86%', '6:0.00%', '7:0.00%', '8:0.00%', '9:17.76%']
Divergence : jsd 0.3113, tvd 0.4986
labels from the first batch :[1, 1, 3, 1, 9, 1, 4, 5, 3, 4, 1, 5, 3, 9, 3, 1, 3, 3, 1, 4, 9, 5, 5, 1, 3, 9, 1, 9, 5, 3, 4, 5]

Unique id : 28, dataset size : 651
Communication time : 100, Computation time per batch : 100, Training time : 21200
['0:17.20%', '1:22.12%', '2:0.00%', '3:20.12%', '4:0.00%', '5:0.00%', '6:18.59%', '7:21.97%', '8:0.00%', '9:0.00%']
Divergence : jsd 0.2989, tvd 0.4837
labels from the first batch :[1, 3, 3, 1, 6, 7, 1, 6, 1, 3, 6, 6, 1, 1, 3, 3, 7, 6, 1, 6, 0, 3, 3, 3, 6, 0, 0, 6, 6, 3, 6, 1]

Unique id : 29, dataset size : 579
Communication time : 100, Computation time per batch : 100, Training time : 19200
['0:19.34%', '1:0.00%', '2:21.07%', '3:0.00%', '4:19.00%', '5:15.89%', '6:0.00%', '7:0.00%', '8:24.70%', '9:0.00%']
Divergence : jsd 0.3265, tvd 0.5168
labels from the first batch :[0, 0, 8, 0, 4, 5, 0, 8, 0, 2, 8, 2, 2, 0, 2, 4, 8, 4, 4, 5, 0, 4, 4, 4, 0, 4, 0, 5, 8, 4, 4, 4]

Unique id : 30, dataset size : 641
Communication time : 100, Computation time per batch : 100, Training time : 21200
['0:17.47%', '1:0.00%', '2:19.03%', '3:0.00%', '4:0.00%', '5:0.00%', '6:18.88%', '7:22.31%', '8:22.31%', '9:0.00%']
Divergence : jsd 0.3134, tvd 0.5014
labels from the first batch :[8, 2, 7, 0, 0, 8, 8, 7, 2, 7, 2, 8, 2, 0, 8, 8, 0, 0, 8, 6, 6, 6, 8, 2, 8, 0, 6, 7, 7, 2, 2, 8]

Unique id : 31, dataset size : 650
Communication time : 100, Computation time per batch : 100, Training time : 21200
['0:0.00%', '1:22.15%', '2:18.77%', '3:20.15%', '4:16.92%', '5:0.00%', '6:0.00%', '7:22.00%', '8:0.00%', '9:0.00%']
Divergence : jsd 0.2995, tvd 0.4844
labels from the first batch :[4, 2, 1, 7, 1, 4, 3, 7, 7, 3, 3, 4, 3, 1, 4, 1, 3, 7, 7, 2, 3, 4, 2, 3, 2, 4, 1, 7, 2, 2, 1, 2]

Unique id : 32, dataset size : 588
Communication time : 100, Computation time per batch : 100, Training time : 19200
['0:19.05%', '1:0.00%', '2:0.00%', '3:22.28%', '4:18.71%', '5:15.65%', '6:0.00%', '7:24.32%', '8:0.00%', '9:0.00%']
Divergence : jsd 0.3181, tvd 0.5070
labels from the first batch :[4, 0, 3, 7, 7, 3, 4, 7, 4, 0, 0, 5, 4, 7, 5, 7, 0, 3, 7, 0, 3, 3, 4, 5, 0, 0, 0, 0, 4, 0, 0, 3]

Unique id : 33, dataset size : 600
Communication time : 100, Computation time per batch : 100, Training time : 19200
['0:18.67%', '1:0.00%', '2:20.33%', '3:21.83%', '4:0.00%', '5:15.33%', '6:0.00%', '7:0.00%', '8:23.83%', '9:0.00%']
Divergence : jsd 0.3225, tvd 0.5119
labels from the first batch :[0, 3, 3, 8, 0, 5, 2, 8, 0, 8, 5, 3, 0, 8, 0, 2, 0, 8, 8, 2, 3, 0, 8, 3, 3, 8, 5, 5, 2, 5, 3, 2]

Unique id : 34, dataset size : 620
Communication time : 100, Computation time per batch : 100, Training time : 20200
['0:0.00%', '1:0.00%', '2:0.00%', '3:0.00%', '4:17.74%', '5:0.00%', '6:19.52%', '7:23.06%', '8:23.06%', '9:16.61%']
Divergence : jsd 0.3154, tvd 0.5029
labels from the first batch :[7, 8, 7, 7, 4, 4, 7, 6, 7, 7, 8, 6, 9, 6, 7, 6, 8, 8, 8, 4, 7, 4, 6, 9, 9, 8, 9, 6, 8, 7, 9, 8]

Unique id : 35, dataset size : 631
Communication time : 100, Computation time per batch : 100, Training time : 20200
['0:0.00%', '1:22.82%', '2:0.00%', '3:20.76%', '4:0.00%', '5:14.58%', '6:19.18%', '7:22.66%', '8:0.00%', '9:0.00%']
Divergence : jsd 0.3061, tvd 0.4921
labels from the first batch :[1, 7, 1, 1, 6, 6, 3, 7, 3, 7, 3, 3, 5, 7, 5, 3, 3, 1, 1, 6, 1, 1, 1, 3, 1, 1, 6, 6, 5, 6, 7, 5]

Unique id : 36, dataset size : 600
Communication time : 100, Computation time per batch : 100, Training time : 19200
['0:0.00%', '1:24.00%', '2:20.33%', '3:0.00%', '4:18.33%', '5:0.00%', '6:20.17%', '7:0.00%', '8:0.00%', '9:17.17%']
Divergence : jsd 0.3066, tvd 0.4932
labels from the first batch :[9, 4, 2, 2, 1, 1, 9, 9, 1, 1, 4, 2, 6, 6, 2, 2, 6, 9, 2, 2, 1, 1, 9, 2, 2, 2, 1, 9, 9, 4, 9, 6]

Unique id : 37, dataset size : 621
Communication time : 100, Computation time per batch : 100, Training time : 20200
['0:0.00%', '1:23.19%', '2:19.65%', '3:21.10%', '4:0.00%', '5:0.00%', '6:19.48%', '7:0.00%', '8:0.00%', '9:16.59%']
Divergence : jsd 0.3028, tvd 0.4884
labels from the first batch :[9, 3, 3, 2, 3, 2, 1, 2, 6, 2, 9, 1, 9, 9, 9, 3, 1, 2, 6, 9, 9, 6, 1, 6, 3, 9, 2, 6, 9, 9, 2, 3]

Unique id : 38, dataset size : 547
Communication time : 100, Computation time per batch : 100, Training time : 18200
['0:20.48%', '1:0.00%', '2:0.00%', '3:23.77%', '4:20.11%', '5:16.82%', '6:0.00%', '7:0.00%', '8:0.00%', '9:18.83%']
Divergence : jsd 0.3218, tvd 0.5122
labels from the first batch :[4, 3, 4, 3, 3, 5, 3, 0, 9, 3, 5, 5, 4, 9, 5, 5, 3, 4, 0, 4, 0, 5, 4, 9, 4, 3, 9, 4, 4, 5, 0, 4]

Unique id : 39, dataset size : 570
Communication time : 100, Computation time per batch : 100, Training time : 18200
['0:0.00%', '1:0.00%', '2:21.40%', '3:0.00%', '4:19.30%', '5:16.14%', '6:0.00%', '7:25.09%', '8:0.00%', '9:18.07%']
Divergence : jsd 0.3203, tvd 0.5094
labels from the first batch :[4, 7, 5, 4, 5, 9, 2, 7, 9, 2, 7, 2, 7, 9, 7, 2, 2, 5, 2, 5, 5, 9, 4, 9, 7, 4, 4, 5, 5, 4, 4, 9]

Unique id : 40, dataset size : 579
Communication time : 100, Computation time per batch : 100, Training time : 19200
['0:19.34%', '1:0.00%', '2:21.07%', '3:0.00%', '4:19.00%', '5:15.89%', '6:0.00%', '7:0.00%', '8:24.70%', '9:0.00%']
Divergence : jsd 0.3265, tvd 0.5168
labels from the first batch :[4, 5, 5, 8, 2, 0, 0, 5, 5, 2, 2, 0, 0, 0, 4, 4, 2, 8, 8, 5, 2, 0, 4, 2, 5, 0, 8, 0, 0, 4, 2, 4]

Unique id : 41, dataset size : 593
Communication time : 100, Computation time per batch : 100, Training time : 19200
['0:18.89%', '1:24.28%', '2:0.00%', '3:0.00%', '4:0.00%', '5:15.51%', '6:0.00%', '7:23.95%', '8:0.00%', '9:17.37%']
Divergence : jsd 0.3089, tvd 0.4950
labels from the first batch :[5, 9, 9, 0, 0, 7, 9, 7, 9, 0, 7, 7, 7, 1, 1, 9, 5, 9, 5, 1, 1, 0, 7, 9, 7, 5, 5, 7, 1, 9, 1, 1]

Unique id : 42, dataset size : 561
Communication time : 100, Computation time per batch : 100, Training time : 18200
['0:19.96%', '1:25.67%', '2:0.00%', '3:0.00%', '4:19.61%', '5:16.40%', '6:0.00%', '7:0.00%', '8:0.00%', '9:18.36%']
Divergence : jsd 0.3137, tvd 0.5020
labels from the first batch :[5, 4, 4, 5, 0, 0, 1, 4, 1, 0, 4, 1, 1, 5, 1, 0, 1, 9, 0, 9, 1, 5, 1, 9, 1, 1, 9, 0, 4, 4, 5, 1]

Unique id : 43, dataset size : 610
Communication time : 100, Computation time per batch : 100, Training time : 20200
['0:0.00%', '1:23.61%', '2:0.00%', '3:0.00%', '4:18.03%', '5:15.08%', '6:19.84%', '7:0.00%', '8:23.44%', '9:0.00%']
Divergence : jsd 0.3160, tvd 0.5038
labels from the first batch :[4, 8, 8, 4, 5, 1, 1, 4, 6, 8, 8, 4, 6, 5, 8, 6, 8, 5, 6, 4, 1, 4, 8, 6, 8, 4, 1, 8, 6, 8, 1, 1]

Unique id : 44, dataset size : 628
Communication time : 100, Computation time per batch : 100, Training time : 20200
['0:17.83%', '1:0.00%', '2:0.00%', '3:0.00%', '4:17.52%', '5:0.00%', '6:19.27%', '7:22.61%', '8:22.77%', '9:0.00%']
Divergence : jsd 0.3152, tvd 0.5034
labels from the first batch :[8, 6, 8, 4, 4, 7, 6, 6, 7, 7, 8, 6, 6, 0, 7, 7, 6, 4, 4, 4, 0, 7, 7, 6, 8, 4, 4, 7, 4, 7, 6, 6]

Unique id : 45, dataset size : 587
Communication time : 100, Computation time per batch : 100, Training time : 19200
['0:19.08%', '1:24.36%', '2:0.00%', '3:22.15%', '4:18.74%', '5:15.67%', '6:0.00%', '7:0.00%', '8:0.00%', '9:0.00%']
Divergence : jsd 0.3113, tvd 0.4990
labels from the first batch :[0, 5, 0, 4, 0, 0, 1, 0, 3, 1, 3, 0, 5, 3, 1, 3, 0, 4, 3, 0, 0, 3, 5, 4, 5, 4, 1, 1, 4, 4, 4, 0]

Unique id : 46, dataset size : 570
Communication time : 100, Computation time per batch : 100, Training time : 18200
['0:0.00%', '1:25.09%', '2:21.40%', '3:0.00%', '4:19.30%', '5:16.14%', '6:0.00%', '7:0.00%', '8:0.00%', '9:18.07%']
Divergence : jsd 0.3134, tvd 0.5015
labels from the first batch :[5, 4, 2, 5, 9, 2, 5, 2, 2, 1, 5, 4, 1, 4, 1, 2, 4, 5, 1, 1, 1, 9, 2, 2, 2, 5, 9, 2, 9, 2, 4, 1]

Unique id : 47, dataset size : 589
Communication time : 100, Computation time per batch : 100, Training time : 19200
['0:19.02%', '1:0.00%', '2:0.00%', '3:0.00%', '4:18.68%', '5:0.00%', '6:20.54%', '7:0.00%', '8:24.28%', '9:17.49%']
Divergence : jsd 0.3198, tvd 0.5086
labels from the first batch :[4, 6, 0, 8, 4, 4, 9, 8, 9, 4, 4, 8, 6, 6, 4, 9, 8, 8, 9, 8, 8, 9, 0, 6, 9, 8, 0, 4, 6, 6, 9, 8]

Unique id : 48, dataset size : 589
Communication time : 100, Computation time per batch : 100, Training time : 19200
['0:19.02%', '1:0.00%', '2:0.00%', '3:0.00%', '4:18.68%', '5:0.00%', '6:20.54%', '7:0.00%', '8:24.28%', '9:17.49%']
Divergence : jsd 0.3198, tvd 0.5086
labels from the first batch :[8, 8, 4, 0, 0, 6, 6, 8, 9, 4, 9, 9, 8, 0, 4, 6, 8, 6, 6, 6, 6, 9, 8, 0, 0, 0, 8, 9, 9, 8, 4, 8]

Unique id : 49, dataset size : 569
Communication time : 100, Computation time per batch : 100, Training time : 18200
['0:0.00%', '1:25.13%', '2:0.00%', '3:0.00%', '4:19.33%', '5:16.17%', '6:21.27%', '7:0.00%', '8:0.00%', '9:18.10%']
Divergence : jsd 0.3139, tvd 0.5021
labels from the first batch :[5, 9, 9, 9, 4, 6, 4, 1, 6, 5, 1, 5, 9, 9, 5, 6, 1, 9, 4, 6, 1, 1, 1, 5, 5, 1, 5, 4, 4, 6, 5, 9]

Unique id : 50, dataset size : 577
Communication time : 100, Computation time per batch : 100, Training time : 19200
['0:19.41%', '1:0.00%', '2:0.00%', '3:0.00%', '4:19.06%', '5:15.94%', '6:20.97%', '7:24.61%', '8:0.00%', '9:0.00%']
Divergence : jsd 0.3208, tvd 0.5105
labels from the first batch :[0, 6, 0, 6, 0, 6, 7, 0, 0, 0, 7, 7, 4, 0, 6, 7, 7, 5, 4, 6, 4, 7, 7, 6, 5, 7, 7, 0, 6, 7, 4, 7]

Unique id : 51, dataset size : 599
Communication time : 100, Computation time per batch : 100, Training time : 19200
['0:0.00%', '1:23.87%', '2:20.37%', '3:0.00%', '4:18.36%', '5:0.00%', '6:20.20%', '7:0.00%', '8:0.00%', '9:17.20%']
Divergence : jsd 0.3065, tvd 0.4932
labels from the first batch :[6, 9, 1, 2, 6, 6, 6, 4, 1, 6, 1, 9, 2, 9, 2, 4, 4, 2, 2, 2, 1, 4, 9, 6, 9, 4, 1, 4, 4, 9, 6, 9]

Unique id : 52, dataset size : 572
Communication time : 100, Computation time per batch : 100, Training time : 18200
['0:19.58%', '1:25.00%', '2:21.33%', '3:0.00%', '4:0.00%', '5:16.08%', '6:0.00%', '7:0.00%', '8:0.00%', '9:18.01%']
Divergence : jsd 0.3123, tvd 0.5001
labels from the first batch :[5, 0, 1, 5, 1, 9, 1, 1, 2, 5, 1, 1, 9, 1, 9, 2, 0, 1, 2, 1, 0, 2, 1, 9, 2, 2, 2, 0, 5, 9, 1, 2]

Unique id : 53, dataset size : 619
Communication time : 100, Computation time per batch : 100, Training time : 20200
['0:18.09%', '1:0.00%', '2:0.00%', '3:21.00%', '4:0.00%', '5:14.86%', '6:0.00%', '7:22.94%', '8:23.10%', '9:0.00%']
Divergence : jsd 0.3186, tvd 0.5068
labels from the first batch :[8, 0, 8, 7, 8, 3, 3, 8, 0, 8, 8, 7, 5, 7, 8, 5, 8, 5, 3, 0, 8, 7, 0, 3, 5, 5, 3, 7, 7, 8, 5, 7]

Unique id : 54, dataset size : 598
Communication time : 100, Computation time per batch : 100, Training time : 19200
['0:18.73%', '1:0.00%', '2:0.00%', '3:21.74%', '4:0.00%', '5:15.38%', '6:20.23%', '7:0.00%', '8:23.91%', '9:0.00%']
Divergence : jsd 0.3230, tvd 0.5126
labels from the first batch :[5, 5, 5, 6, 8, 3, 3, 5, 6, 8, 6, 0, 3, 0, 6, 6, 8, 6, 6, 8, 8, 8, 8, 0, 5, 8, 0, 6, 8, 5, 8, 6]

Unique id : 55, dataset size : 628
Communication time : 100, Computation time per batch : 100, Training time : 20200
['0:0.00%', '1:0.00%', '2:0.00%', '3:20.70%', '4:0.00%', '5:14.65%', '6:19.27%', '7:22.61%', '8:22.77%', '9:0.00%']
Divergence : jsd 0.3184, tvd 0.5069
labels from the first batch :[6, 8, 3, 8, 7, 3, 5, 8, 3, 5, 8, 3, 6, 7, 8, 5, 7, 3, 6, 5, 8, 7, 7, 3, 6, 8, 6, 8, 6, 8, 3, 6]

Unique id : 56, dataset size : 618
Communication time : 100, Computation time per batch : 100, Training time : 20200
['0:0.00%', '1:23.14%', '2:0.00%', '3:21.04%', '4:17.80%', '5:14.89%', '6:0.00%', '7:0.00%', '8:23.14%', '9:0.00%']
Divergence : jsd 0.3132, tvd 0.5002
labels from the first batch :[1, 8, 8, 8, 3, 4, 1, 3, 1, 1, 1, 1, 4, 8, 8, 1, 8, 3, 1, 5, 8, 8, 3, 8, 1, 8, 4, 1, 4, 3, 3, 3]

Unique id : 57, dataset size : 559
Communication time : 100, Computation time per batch : 100, Training time : 18200
['0:20.04%', '1:0.00%', '2:21.82%', '3:23.26%', '4:0.00%', '5:16.46%', '6:0.00%', '7:0.00%', '8:0.00%', '9:18.43%']
Divergence : jsd 0.3204, tvd 0.5103
labels from the first batch :[5, 2, 0, 3, 0, 0, 5, 2, 3, 5, 5, 5, 9, 2, 2, 5, 3, 3, 0, 0, 0, 3, 3, 3, 9, 9, 3, 3, 0, 3, 3, 9]

Unique id : 58, dataset size : 608
Communication time : 100, Computation time per batch : 100, Training time : 19200
['0:18.42%', '1:0.00%', '2:19.90%', '3:21.38%', '4:0.00%', '5:0.00%', '6:0.00%', '7:23.36%', '8:0.00%', '9:16.94%']
Divergence : jsd 0.3093, tvd 0.4962
labels from the first batch :[3, 2, 0, 9, 0, 2, 3, 3, 7, 9, 2, 0, 9, 9, 2, 2, 2, 0, 3, 3, 3, 2, 2, 7, 9, 3, 7, 2, 3, 0, 9, 0]

Unique id : 59, dataset size : 624
Communication time : 100, Computation time per batch : 100, Training time : 20200
['0:0.00%', '1:0.00%', '2:19.39%', '3:20.83%', '4:17.63%', '5:0.00%', '6:19.39%', '7:22.76%', '8:0.00%', '9:0.00%']
Divergence : jsd 0.3102, tvd 0.4981
labels from the first batch :[3, 7, 2, 6, 3, 2, 4, 6, 6, 6, 7, 4, 7, 3, 4, 6, 3, 6, 7, 6, 2, 4, 6, 7, 6, 6, 3, 3, 6, 6, 7, 4]

Unique id : 60, dataset size : 611
Communication time : 100, Computation time per batch : 100, Training time : 20200
['0:18.33%', '1:23.40%', '2:19.80%', '3:0.00%', '4:0.00%', '5:15.06%', '6:0.00%', '7:0.00%', '8:23.40%', '9:0.00%']
Divergence : jsd 0.3143, tvd 0.5018
labels from the first batch :[0, 8, 8, 8, 5, 2, 0, 0, 1, 2, 8, 8, 8, 0, 5, 2, 8, 8, 0, 5, 2, 0, 5, 8, 2, 8, 0, 0, 8, 1, 0, 5]

Unique id : 61, dataset size : 639
Communication time : 100, Computation time per batch : 100, Training time : 20200
['0:0.00%', '1:22.38%', '2:18.94%', '3:20.34%', '4:0.00%', '5:0.00%', '6:0.00%', '7:22.22%', '8:0.00%', '9:16.12%']
Divergence : jsd 0.2986, tvd 0.4826
labels from the first batch :[7, 2, 3, 2, 1, 7, 9, 1, 1, 3, 1, 1, 7, 1, 3, 1, 9, 1, 7, 9, 1, 2, 1, 2, 1, 2, 1, 7, 2, 2, 1, 3]

Unique id : 62, dataset size : 568
Communication time : 100, Computation time per batch : 100, Training time : 18200
['0:0.00%', '1:0.00%', '2:0.00%', '3:0.00%', '4:19.37%', '5:16.20%', '6:21.30%', '7:0.00%', '8:25.18%', '9:17.96%']
Divergence : jsd 0.3271, tvd 0.5170
labels from the first batch :[6, 4, 9, 4, 6, 5, 5, 9, 8, 8, 4, 9, 9, 4, 8, 9, 8, 4, 8, 4, 4, 6, 8, 8, 8, 8, 8, 5, 6, 8, 9, 8]

Unique id : 63, dataset size : 579
Communication time : 100, Computation time per batch : 100, Training time : 19200
['0:19.34%', '1:0.00%', '2:0.00%', '3:22.45%', '4:0.00%', '5:15.89%', '6:0.00%', '7:0.00%', '8:24.70%', '9:17.62%']
Divergence : jsd 0.3232, tvd 0.5121
labels from the first batch :[3, 0, 3, 9, 8, 0, 3, 8, 0, 0, 5, 8, 5, 8, 3, 9, 9, 5, 0, 8, 8, 8, 8, 5, 0, 3, 5, 3, 0, 8, 5, 3]

Unique id : 64, dataset size : 579
Communication time : 100, Computation time per batch : 100, Training time : 19200
['0:0.00%', '1:24.70%', '2:20.90%', '3:0.00%', '4:0.00%', '5:15.89%', '6:20.90%', '7:0.00%', '8:0.00%', '9:17.62%']
Divergence : jsd 0.3125, tvd 0.5002
labels from the first batch :[2, 9, 6, 1, 2, 2, 1, 1, 1, 5, 5, 9, 2, 2, 1, 6, 2, 9, 1, 9, 6, 1, 9, 6, 5, 6, 1, 1, 1, 2, 5, 9]

Unique id : 65, dataset size : 638
Communication time : 100, Computation time per batch : 100, Training time : 20200
['0:0.00%', '1:22.41%', '2:0.00%', '3:20.38%', '4:0.00%', '5:0.00%', '6:18.97%', '7:22.26%', '8:0.00%', '9:15.99%']
Divergence : jsd 0.2992, tvd 0.4832
labels from the first batch :[3, 7, 1, 1, 9, 1, 9, 9, 7, 7, 7, 6, 3, 3, 3, 9, 7, 7, 3, 6, 9, 9, 7, 3, 9, 7, 3, 3, 9, 6, 7, 1]

Unique id : 66, dataset size : 617
Communication time : 100, Computation time per batch : 100, Training time : 20200
['0:0.00%', '1:0.00%', '2:0.00%', '3:21.07%', '4:17.83%', '5:14.91%', '6:0.00%', '7:23.01%', '8:23.18%', '9:0.00%']
Divergence : jsd 0.3197, tvd 0.5082
labels from the first batch :[8, 8, 8, 5, 8, 8, 5, 3, 8, 7, 5, 3, 5, 4, 8, 3, 4, 8, 4, 7, 7, 5, 7, 7, 7, 5, 8, 4, 7, 4, 8, 3]

Unique id : 67, dataset size : 578
Communication time : 100, Computation time per batch : 100, Training time : 19200
['0:19.38%', '1:0.00%', '2:20.93%', '3:0.00%', '4:19.03%', '5:15.92%', '6:0.00%', '7:0.00%', '8:24.74%', '9:0.00%']
Divergence : jsd 0.3264, tvd 0.5168
labels from the first batch :[8, 8, 8, 8, 0, 2, 2, 8, 0, 8, 4, 8, 8, 8, 8, 4, 0, 0, 2, 8, 5, 2, 5, 0, 5, 0, 4, 5, 2, 4, 8, 8]

Unique id : 68, dataset size : 648
Communication time : 100, Computation time per batch : 100, Training time : 21200
['0:17.28%', '1:22.07%', '2:0.00%', '3:20.06%', '4:0.00%', '5:0.00%', '6:18.67%', '7:21.91%', '8:0.00%', '9:0.00%']
Divergence : jsd 0.2989, tvd 0.4837
labels from the first batch :[0, 3, 0, 3, 3, 3, 7, 1, 0, 1, 1, 3, 7, 3, 3, 1, 6, 6, 6, 3, 0, 0, 1, 6, 0, 3, 6, 1, 0, 7, 7, 0]

Unique id : 69, dataset size : 579
Communication time : 100, Computation time per batch : 100, Training time : 19200
['0:0.00%', '1:0.00%', '2:20.90%', '3:0.00%', '4:0.00%', '5:15.89%', '6:20.90%', '7:0.00%', '8:24.70%', '9:17.62%']
Divergence : jsd 0.3255, tvd 0.5151
labels from the first batch :[5, 8, 8, 6, 2, 8, 9, 6, 8, 2, 2, 9, 8, 2, 8, 8, 9, 6, 5, 2, 5, 8, 6, 9, 5, 9, 8, 8, 8, 8, 2, 8]

Unique id : 70, dataset size : 569
Communication time : 100, Computation time per batch : 100, Training time : 18200
['0:19.68%', '1:0.00%', '2:0.00%', '3:0.00%', '4:0.00%', '5:16.17%', '6:21.27%', '7:24.96%', '8:0.00%', '9:17.93%']
Divergence : jsd 0.3197, tvd 0.5087
labels from the first batch :[5, 9, 5, 9, 5, 6, 0, 0, 7, 6, 5, 6, 7, 7, 7, 9, 0, 9, 0, 9, 9, 6, 9, 6, 7, 5, 0, 9, 7, 0, 6, 7]

Unique id : 71, dataset size : 629
Communication time : 100, Computation time per batch : 100, Training time : 20200
['0:17.81%', '1:22.73%', '2:0.00%', '3:20.67%', '4:0.00%', '5:0.00%', '6:0.00%', '7:0.00%', '8:22.58%', '9:16.22%']
Divergence : jsd 0.3051, tvd 0.4901
labels from the first batch :[9, 8, 3, 8, 3, 9, 0, 8, 9, 3, 8, 8, 3, 3, 3, 1, 1, 0, 9, 0, 0, 3, 3, 1, 9, 8, 8, 3, 9, 8, 3, 9]

Unique id : 72, dataset size : 584
Communication time : 100, Computation time per batch : 100, Training time : 19200
['0:0.00%', '1:0.00%', '2:20.72%', '3:22.26%', '4:18.84%', '5:0.00%', '6:20.72%', '7:0.00%', '8:0.00%', '9:17.47%']
Divergence : jsd 0.3146, tvd 0.5034
labels from the first batch :[2, 4, 3, 2, 3, 2, 3, 3, 9, 6, 3, 4, 2, 4, 9, 3, 4, 6, 3, 2, 4, 6, 2, 9, 4, 4, 9, 3, 2, 2, 2, 6]

Unique id : 73, dataset size : 628
Communication time : 100, Computation time per batch : 100, Training time : 20200
['0:0.00%', '1:22.77%', '2:19.27%', '3:20.70%', '4:0.00%', '5:14.65%', '6:0.00%', '7:22.61%', '8:0.00%', '9:0.00%']
Divergence : jsd 0.3055, tvd 0.4914
labels from the first batch :[7, 7, 5, 3, 5, 3, 7, 3, 2, 1, 3, 7, 2, 3, 2, 5, 2, 7, 1, 7, 3, 1, 5, 3, 2, 3, 2, 2, 7, 5, 2, 2]

Unique id : 74, dataset size : 567
Communication time : 100, Computation time per batch : 100, Training time : 18200
['0:0.00%', '1:0.00%', '2:0.00%', '3:0.00%', '4:19.40%', '5:16.23%', '6:21.34%', '7:0.00%', '8:25.04%', '9:17.99%']
Divergence : jsd 0.3270, tvd 0.5170
labels from the first batch :[8, 4, 9, 4, 9, 5, 6, 4, 6, 5, 9, 5, 6, 9, 5, 4, 5, 6, 5, 4, 4, 4, 9, 6, 6, 8, 6, 4, 5, 6, 5, 8]

Unique id : 75, dataset size : 557
Communication time : 100, Computation time per batch : 100, Training time : 18200
['0:19.93%', '1:0.00%', '2:0.00%', '3:0.00%', '4:19.75%', '5:16.52%', '6:0.00%', '7:25.49%', '8:0.00%', '9:18.31%']
Divergence : jsd 0.3206, tvd 0.5100
labels from the first batch :[5, 9, 0, 7, 5, 4, 4, 0, 5, 4, 7, 7, 7, 0, 7, 4, 5, 5, 9, 9, 5, 4, 7, 5, 0, 0, 7, 9, 7, 0, 7, 7]

Unique id : 76, dataset size : 608
Communication time : 100, Computation time per batch : 100, Training time : 19200
['0:18.26%', '1:23.52%', '2:0.00%', '3:0.00%', '4:18.09%', '5:0.00%', '6:0.00%', '7:23.36%', '8:0.00%', '9:16.78%']
Divergence : jsd 0.3030, tvd 0.4880
labels from the first batch :[4, 9, 1, 9, 7, 9, 0, 9, 4, 9, 0, 9, 1, 9, 0, 4, 7, 9, 7, 1, 9, 0, 4, 7, 9, 1, 7, 9, 7, 7, 7, 7]

Unique id : 77, dataset size : 656
Communication time : 100, Computation time per batch : 100, Training time : 21200
['0:0.00%', '1:21.80%', '2:18.45%', '3:19.82%', '4:0.00%', '5:0.00%', '6:18.29%', '7:21.65%', '8:0.00%', '9:0.00%']
Divergence : jsd 0.2982, tvd 0.4831
labels from the first batch :[1, 3, 7, 6, 2, 6, 1, 1, 2, 7, 1, 1, 1, 2, 7, 2, 7, 6, 6, 7, 2, 6, 6, 6, 7, 6, 1, 2, 2, 6, 1, 1]

Unique id : 78, dataset size : 617
Communication time : 100, Computation time per batch : 100, Training time : 20200
['0:0.00%', '1:23.18%', '2:0.00%', '3:21.07%', '4:17.83%', '5:14.91%', '6:0.00%', '7:23.01%', '8:0.00%', '9:0.00%']
Divergence : jsd 0.3072, tvd 0.4933
labels from the first batch :[7, 3, 3, 7, 7, 1, 5, 5, 3, 3, 4, 5, 7, 1, 7, 4, 5, 1, 7, 3, 7, 5, 1, 7, 7, 3, 7, 7, 1, 5, 1, 3]

Unique id : 79, dataset size : 576
Communication time : 100, Computation time per batch : 100, Training time : 18200
['0:0.00%', '1:0.00%', '2:0.00%', '3:22.57%', '4:19.10%', '5:15.97%', '6:0.00%', '7:24.65%', '8:0.00%', '9:17.71%']
Divergence : jsd 0.3181, tvd 0.5065
labels from the first batch :[5, 3, 5, 5, 9, 5, 7, 4, 7, 7, 7, 5, 9, 3, 4, 9, 4, 7, 3, 7, 4, 7, 9, 4, 3, 5, 5, 9, 7, 5, 4, 9]

Unique id : 80, dataset size : 568
Communication time : 100, Computation time per batch : 100, Training time : 18200
['0:19.54%', '1:0.00%', '2:21.30%', '3:0.00%', '4:0.00%', '5:16.20%', '6:0.00%', '7:0.00%', '8:25.00%', '9:17.96%']
Divergence : jsd 0.3253, tvd 0.5150
labels from the first batch :[8, 9, 0, 2, 8, 9, 0, 0, 9, 5, 9, 2, 8, 0, 2, 2, 0, 0, 9, 0, 2, 0, 0, 5, 2, 9, 0, 9, 9, 8, 5, 2]

Unique id : 81, dataset size : 589
Communication time : 100, Computation time per batch : 100, Training time : 19200
['0:0.00%', '1:24.28%', '2:0.00%', '3:0.00%', '4:18.68%', '5:15.62%', '6:0.00%', '7:0.00%', '8:24.11%', '9:17.32%']
Divergence : jsd 0.3161, tvd 0.5033
labels from the first batch :[9, 9, 8, 5, 9, 4, 5, 8, 4, 8, 4, 5, 8, 4, 8, 8, 8, 9, 1, 8, 1, 5, 4, 4, 8, 5, 1, 4, 9, 9, 9, 9]

Unique id : 82, dataset size : 626
Communication time : 100, Computation time per batch : 100, Training time : 20200
['0:0.00%', '1:0.00%', '2:0.00%', '3:20.77%', '4:17.57%', '5:0.00%', '6:0.00%', '7:22.68%', '8:22.68%', '9:16.29%']
Divergence : jsd 0.3126, tvd 0.4994
labels from the first batch :[7, 4, 4, 3, 4, 3, 8, 4, 8, 3, 3, 4, 3, 8, 9, 4, 4, 8, 9, 8, 7, 7, 3, 8, 8, 7, 3, 8, 9, 8, 7, 8]

Unique id : 83, dataset size : 617
Communication time : 100, Computation time per batch : 100, Training time : 20200
['0:0.00%', '1:23.18%', '2:0.00%', '3:0.00%', '4:17.83%', '5:0.00%', '6:19.45%', '7:23.01%', '8:0.00%', '9:16.53%']
Divergence : jsd 0.3030, tvd 0.4881
labels from the first batch :[6, 4, 1, 9, 7, 6, 4, 4, 1, 9, 7, 9, 1, 1, 9, 1, 4, 7, 4, 4, 9, 7, 6, 1, 4, 7, 4, 9, 9, 1, 1, 9]

Unique id : 84, dataset size : 573
Communication time : 100, Computation time per batch : 100, Training time : 18200
['0:19.37%', '1:0.00%', '2:0.00%', '3:22.69%', '4:19.20%', '5:0.00%', '6:20.94%', '7:0.00%', '8:0.00%', '9:17.80%']
Divergence : jsd 0.3151, tvd 0.5040
labels from the first batch :[0, 0, 4, 0, 9, 4, 0, 3, 3, 6, 4, 9, 4, 6, 6, 4, 3, 3, 9, 6, 3, 4, 3, 0, 6, 4, 0, 3, 4, 9, 4, 9]

Unique id : 85, dataset size : 536
Communication time : 100, Computation time per batch : 100, Training time : 17200
['0:20.71%', '1:0.00%', '2:22.57%', '3:0.00%', '4:20.52%', '5:17.16%', '6:0.00%', '7:0.00%', '8:0.00%', '9:19.03%']
Divergence : jsd 0.3239, tvd 0.5151
labels from the first batch :[0, 2, 2, 4, 0, 9, 4, 4, 2, 4, 9, 0, 2, 2, 2, 9, 0, 9, 0, 4, 4, 2, 5, 9, 4, 4, 9, 9, 5, 2, 0, 2]

Unique id : 86, dataset size : 617
Communication time : 100, Computation time per batch : 100, Training time : 20200
['0:17.99%', '1:0.00%', '2:0.00%', '3:21.07%', '4:0.00%', '5:14.91%', '6:0.00%', '7:23.01%', '8:23.01%', '9:0.00%']
Divergence : jsd 0.3186, tvd 0.5068
labels from the first batch :[0, 3, 8, 8, 5, 8, 5, 8, 5, 8, 3, 0, 5, 0, 5, 0, 7, 7, 0, 0, 3, 7, 7, 7, 3, 8, 7, 7, 7, 0, 3, 5]

Unique id : 87, dataset size : 656
Communication time : 100, Computation time per batch : 100, Training time : 21200
['0:0.00%', '1:21.80%', '2:18.45%', '3:19.82%', '4:0.00%', '5:0.00%', '6:18.29%', '7:21.65%', '8:0.00%', '9:0.00%']
Divergence : jsd 0.2982, tvd 0.4831
labels from the first batch :[1, 7, 7, 3, 6, 2, 3, 6, 3, 2, 7, 7, 2, 3, 2, 2, 2, 2, 1, 6, 7, 2, 3, 1, 2, 1, 7, 1, 2, 1, 2, 2]

Unique id : 88, dataset size : 568
Communication time : 100, Computation time per batch : 100, Training time : 18200
['0:19.54%', '1:0.00%', '2:21.30%', '3:0.00%', '4:0.00%', '5:16.20%', '6:0.00%', '7:0.00%', '8:25.00%', '9:17.96%']
Divergence : jsd 0.3253, tvd 0.5150
labels from the first batch :[9, 9, 9, 9, 9, 2, 2, 8, 5, 0, 8, 2, 8, 0, 8, 5, 8, 2, 9, 5, 8, 0, 5, 9, 9, 0, 2, 8, 9, 9, 8, 8]

Unique id : 89, dataset size : 567
Communication time : 100, Computation time per batch : 100, Training time : 18200
['0:0.00%', '1:25.22%', '2:21.34%', '3:0.00%', '4:19.40%', '5:16.05%', '6:0.00%', '7:0.00%', '8:0.00%', '9:17.99%']
Divergence : jsd 0.3135, tvd 0.5015
labels from the first batch :[1, 5, 5, 9, 9, 1, 4, 9, 2, 2, 1, 1, 5, 4, 2, 5, 1, 9, 9, 2, 2, 1, 9, 1, 4, 4, 1, 2, 9, 2, 4, 4]

Unique id : 90, dataset size : 596
Communication time : 100, Computation time per batch : 100, Training time : 19200
['0:18.62%', '1:0.00%', '2:20.30%', '3:0.00%', '4:0.00%', '5:0.00%', '6:20.13%', '7:23.83%', '8:0.00%', '9:17.11%']
Divergence : jsd 0.3122, tvd 0.4998
labels from the first batch :[2, 2, 7, 6, 7, 2, 6, 7, 2, 7, 2, 9, 7, 9, 0, 0, 2, 9, 0, 7, 9, 7, 2, 9, 0, 6, 7, 7, 0, 0, 9, 2]

Unique id : 91, dataset size : 557
Communication time : 100, Computation time per batch : 100, Training time : 18200
['0:19.93%', '1:25.67%', '2:0.00%', '3:0.00%', '4:19.75%', '5:16.34%', '6:0.00%', '7:0.00%', '8:0.00%', '9:18.31%']
Divergence : jsd 0.3138, tvd 0.5021
labels from the first batch :[9, 1, 0, 4, 9, 1, 9, 4, 9, 4, 4, 0, 1, 5, 0, 9, 0, 9, 5, 4, 0, 4, 4, 1, 4, 4, 9, 1, 1, 5, 5, 9]

Unique id : 92, dataset size : 597
Communication time : 100, Computation time per batch : 100, Training time : 19200
['0:18.59%', '1:23.95%', '2:20.27%', '3:0.00%', '4:0.00%', '5:0.00%', '6:20.10%', '7:0.00%', '8:0.00%', '9:17.09%']
Divergence : jsd 0.3055, tvd 0.4918
labels from the first batch :[2, 0, 9, 6, 2, 9, 1, 2, 9, 1, 1, 2, 0, 0, 6, 2, 0, 6, 0, 2, 2, 2, 6, 0, 9, 0, 2, 9, 6, 1, 9, 1]

Unique id : 93, dataset size : 607
Communication time : 100, Computation time per batch : 100, Training time : 19200
['0:18.29%', '1:23.56%', '2:0.00%', '3:0.00%', '4:0.00%', '5:14.99%', '6:19.77%', '7:0.00%', '8:23.39%', '9:0.00%']
Divergence : jsd 0.3149, tvd 0.5024
labels from the first batch :[0, 1, 5, 5, 6, 8, 1, 8, 8, 1, 8, 6, 5, 6, 5, 6, 1, 0, 1, 6, 1, 1, 1, 0, 0, 0, 5, 8, 8, 5, 8, 8]

Unique id : 94, dataset size : 593
Communication time : 100, Computation time per batch : 100, Training time : 19200
['0:0.00%', '1:0.00%', '2:0.00%', '3:21.92%', '4:18.55%', '5:15.35%', '6:20.24%', '7:0.00%', '8:23.95%', '9:0.00%']
Divergence : jsd 0.3241, tvd 0.5140
labels from the first batch :[8, 8, 8, 8, 6, 6, 4, 6, 4, 8, 3, 4, 5, 4, 8, 3, 8, 6, 5, 4, 8, 4, 4, 6, 8, 8, 6, 4, 4, 4, 5, 6]

Unique id : 95, dataset size : 564
Communication time : 100, Computation time per batch : 100, Training time : 18200
['0:0.00%', '1:0.00%', '2:21.45%', '3:23.05%', '4:0.00%', '5:16.13%', '6:21.28%', '7:0.00%', '8:0.00%', '9:18.09%']
Divergence : jsd 0.3206, tvd 0.5104
labels from the first batch :[3, 2, 3, 9, 3, 3, 3, 2, 3, 6, 6, 6, 9, 2, 9, 9, 6, 3, 2, 6, 9, 3, 6, 3, 3, 6, 9, 5, 9, 3, 9, 2]

Unique id : 96, dataset size : 668
Communication time : 100, Computation time per batch : 100, Training time : 21200
['0:0.00%', '1:21.41%', '2:18.11%', '3:0.00%', '4:0.00%', '5:0.00%', '6:17.96%', '7:21.26%', '8:21.26%', '9:0.00%']
Divergence : jsd 0.3022, tvd 0.4878
labels from the first batch :[8, 1, 1, 1, 2, 1, 6, 2, 2, 7, 7, 7, 6, 6, 8, 6, 6, 1, 6, 1, 1, 7, 8, 2, 1, 7, 6, 6, 2, 7, 2, 8]

Unique id : 97, dataset size : 556
Communication time : 100, Computation time per batch : 100, Training time : 18200
['0:19.96%', '1:0.00%', '2:0.00%', '3:0.00%', '4:19.78%', '5:16.37%', '6:0.00%', '7:25.54%', '8:0.00%', '9:18.35%']
Divergence : jsd 0.3207, tvd 0.5100
labels from the first batch :[0, 9, 0, 9, 0, 9, 7, 7, 7, 5, 9, 7, 4, 5, 7, 5, 7, 7, 0, 7, 5, 0, 4, 5, 0, 5, 7, 0, 4, 0, 9, 0]

Unique id : 98, dataset size : 639
Communication time : 100, Computation time per batch : 100, Training time : 20200
['0:0.00%', '1:22.38%', '2:18.94%', '3:0.00%', '4:0.00%', '5:14.24%', '6:0.00%', '7:22.22%', '8:22.22%', '9:0.00%']
Divergence : jsd 0.3098, tvd 0.4961
labels from the first batch :[8, 8, 5, 8, 5, 8, 5, 8, 7, 8, 1, 8, 1, 8, 8, 1, 2, 7, 2, 1, 8, 8, 1, 2, 7, 7, 5, 5, 5, 8, 7, 8]

Unique id : 99, dataset size : 658
Communication time : 100, Computation time per batch : 100, Training time : 21200
['0:16.87%', '1:21.73%', '2:0.00%', '3:0.00%', '4:0.00%', '5:0.00%', '6:18.24%', '7:21.58%', '8:21.58%', '9:0.00%']
Divergence : jsd 0.3030, tvd 0.4884
labels from the first batch :[8, 6, 7, 0, 7, 8, 7, 6, 8, 6, 0, 1, 8, 6, 1, 7, 0, 7, 1, 1, 1, 6, 7, 8, 6, 1, 1, 1, 7, 0, 7, 8]

