Cluster 0 with 1 clients
Cluster communication time : 0
Cluster computation time : 2080
Cluster training time : 2080
Cluster clients : [0]
Label percentage: ['0 : 0.40%', '1 : 0.60%', '2 : 1.00%', '3 : 0.80%', '4 : 0.40%', '5 : 0.80%', '6 : 94.81%', '7 : 0.40%', '8 : 0.40%', '9 : 0.40%']%
Divergence : jsd 0.6191, tvd 0.8481

Cluster 1 with 1 clients
Cluster communication time : 0
Cluster computation time : 2080
Cluster training time : 2080
Cluster clients : [10]
Label percentage: ['0 : 0.40%', '1 : 0.60%', '2 : 1.40%', '3 : 0.60%', '4 : 0.20%', '5 : 0.60%', '6 : 0.40%', '7 : 0.60%', '8 : 0.40%', '9 : 94.81%']%
Divergence : jsd 0.6212, tvd 0.8481

Cluster 2 with 1 clients
Cluster communication time : 0
Cluster computation time : 2080
Cluster training time : 2080
Cluster clients : [20]
Label percentage: ['0 : 0.60%', '1 : 0.20%', '2 : 0.00%', '3 : 0.80%', '4 : 94.81%', '5 : 1.00%', '6 : 0.60%', '7 : 0.80%', '8 : 1.00%', '9 : 0.20%']%
Divergence : jsd 0.6252, tvd 0.8481

Cluster 3 with 1 clients
Cluster communication time : 0
Cluster computation time : 2080
Cluster training time : 2080
Cluster clients : [30]
Label percentage: ['0 : 0.60%', '1 : 94.81%', '2 : 0.20%', '3 : 0.40%', '4 : 0.40%', '5 : 0.80%', '6 : 0.40%', '7 : 0.80%', '8 : 0.40%', '9 : 1.20%']%
Divergence : jsd 0.6208, tvd 0.8481

Cluster 4 with 1 clients
Cluster communication time : 0
Cluster computation time : 2080
Cluster training time : 2080
Cluster clients : [40]
Label percentage: ['0 : 0.80%', '1 : 0.20%', '2 : 94.81%', '3 : 1.00%', '4 : 0.20%', '5 : 0.80%', '6 : 0.80%', '7 : 0.40%', '8 : 0.20%', '9 : 0.80%']%
Divergence : jsd 0.6222, tvd 0.8481

Cluster 5 with 1 clients
Cluster communication time : 0
Cluster computation time : 2080
Cluster training time : 2080
Cluster clients : [50]
Label percentage: ['0 : 0.40%', '1 : 0.60%', '2 : 0.60%', '3 : 0.40%', '4 : 0.40%', '5 : 1.40%', '6 : 0.60%', '7 : 94.81%', '8 : 0.00%', '9 : 0.80%']%
Divergence : jsd 0.6244, tvd 0.8481

Cluster 6 with 1 clients
Cluster communication time : 0
Cluster computation time : 2080
Cluster training time : 2080
Cluster clients : [60]
Label percentage: ['0 : 1.00%', '1 : 0.80%', '2 : 0.60%', '3 : 0.80%', '4 : 0.20%', '5 : 0.60%', '6 : 0.40%', '7 : 0.60%', '8 : 94.81%', '9 : 0.20%']%
Divergence : jsd 0.6205, tvd 0.8481

Cluster 7 with 1 clients
Cluster communication time : 0
Cluster computation time : 2080
Cluster training time : 2080
Cluster clients : [70]
Label percentage: ['0 : 0.60%', '1 : 0.40%', '2 : 1.40%', '3 : 95.00%', '4 : 0.80%', '5 : 0.20%', '6 : 0.20%', '7 : 0.40%', '8 : 0.60%', '9 : 0.40%']%
Divergence : jsd 0.6264, tvd 0.8500

Cluster 8 with 1 clients
Cluster communication time : 0
Cluster computation time : 2080
Cluster training time : 2080
Cluster clients : [80]
Label percentage: ['0 : 0.40%', '1 : 1.20%', '2 : 0.00%', '3 : 1.20%', '4 : 0.20%', '5 : 95.00%', '6 : 0.60%', '7 : 0.40%', '8 : 0.40%', '9 : 0.60%']%
Divergence : jsd 0.6297, tvd 0.8500

Cluster 9 with 1 clients
Cluster communication time : 0
Cluster computation time : 2080
Cluster training time : 2080
Cluster clients : [90]
Label percentage: ['0 : 95.00%', '1 : 0.20%', '2 : 0.60%', '3 : 0.60%', '4 : 0.20%', '5 : 0.60%', '6 : 0.80%', '7 : 0.40%', '8 : 1.00%', '9 : 0.60%']%
Divergence : jsd 0.6241, tvd 0.8500

