Unique id : 0, dataset size : 459
Communication time : 100, Computation time per batch : 100, Training time : 1700
['0:0.00%', '1:0.00%', '2:0.00%', '3:0.00%', '4:0.00%', '5:45.53%', '6:0.00%', '7:0.00%', '8:54.47%', '9:0.00%']
Divergence : jsd 0.6105, tvd 0.8000
labels from the first batch :[5, 8, 5, 8, 5, 8, 5, 8, 5, 5, 8, 5, 5, 5, 5, 8, 8, 5, 8, 8, 8, 8, 8, 8, 5, 8, 5, 8, 5, 5, 5, 5]

Unique id : 1, dataset size : 456
Communication time : 100, Computation time per batch : 100, Training time : 1700
['0:0.00%', '1:0.00%', '2:50.00%', '3:50.00%', '4:0.00%', '5:0.00%', '6:0.00%', '7:0.00%', '8:0.00%', '9:0.00%']
Divergence : jsd 0.6100, tvd 0.8000
labels from the first batch :[2, 2, 3, 3, 3, 2, 3, 3, 2, 3, 2, 3, 3, 3, 3, 3, 3, 3, 3, 3, 3, 3, 3, 2, 2, 3, 3, 3, 3, 2, 2, 3]

Unique id : 2, dataset size : 622
Communication time : 100, Computation time per batch : 100, Training time : 2200
['0:0.00%', '1:0.00%', '2:0.00%', '3:0.00%', '4:42.44%', '5:0.00%', '6:0.00%', '7:57.56%', '8:0.00%', '9:0.00%']
Divergence : jsd 0.6114, tvd 0.8000
labels from the first batch :[4, 4, 7, 7, 7, 7, 7, 7, 7, 7, 4, 7, 7, 4, 4, 4, 4, 7, 4, 7, 4, 7, 4, 4, 4, 4, 7, 7, 7, 7, 7, 4]

Unique id : 3, dataset size : 559
Communication time : 100, Computation time per batch : 100, Training time : 2000
['0:0.00%', '1:0.00%', '2:0.00%', '3:0.00%', '4:47.23%', '5:0.00%', '6:52.77%', '7:0.00%', '8:0.00%', '9:0.00%']
Divergence : jsd 0.6102, tvd 0.8000
labels from the first batch :[6, 4, 4, 4, 6, 4, 6, 4, 4, 6, 4, 4, 4, 6, 6, 4, 6, 4, 6, 4, 6, 6, 4, 4, 4, 6, 4, 6, 4, 6, 6, 6]

Unique id : 4, dataset size : 586
Communication time : 100, Computation time per batch : 100, Training time : 2100
['0:0.00%', '1:0.00%', '2:38.91%', '3:0.00%', '4:0.00%', '5:0.00%', '6:0.00%', '7:61.09%', '8:0.00%', '9:0.00%']
Divergence : jsd 0.6130, tvd 0.8000
labels from the first batch :[2, 7, 2, 7, 7, 7, 7, 7, 7, 7, 7, 7, 7, 2, 2, 7, 7, 7, 7, 7, 2, 7, 2, 7, 7, 2, 2, 7, 7, 2, 7, 7]

Unique id : 5, dataset size : 590
Communication time : 100, Computation time per batch : 100, Training time : 2100
['0:50.00%', '1:0.00%', '2:0.00%', '3:0.00%', '4:0.00%', '5:0.00%', '6:50.00%', '7:0.00%', '8:0.00%', '9:0.00%']
Divergence : jsd 0.6100, tvd 0.8000
labels from the first batch :[6, 6, 6, 0, 6, 0, 0, 6, 0, 0, 0, 6, 0, 6, 0, 0, 6, 0, 0, 6, 6, 6, 6, 6, 6, 6, 0, 6, 0, 6, 6, 0]

Unique id : 6, dataset size : 559
Communication time : 100, Computation time per batch : 100, Training time : 2000
['0:52.77%', '1:0.00%', '2:0.00%', '3:0.00%', '4:0.00%', '5:0.00%', '6:0.00%', '7:0.00%', '8:0.00%', '9:47.23%']
Divergence : jsd 0.6102, tvd 0.8000
labels from the first batch :[0, 0, 0, 0, 9, 0, 9, 0, 9, 0, 0, 9, 0, 0, 0, 0, 0, 0, 9, 9, 0, 9, 0, 9, 9, 0, 0, 9, 9, 0, 9, 9]

Unique id : 7, dataset size : 585
Communication time : 100, Computation time per batch : 100, Training time : 2100
['0:0.00%', '1:0.00%', '2:0.00%', '3:38.97%', '4:0.00%', '5:0.00%', '6:0.00%', '7:61.03%', '8:0.00%', '9:0.00%']
Divergence : jsd 0.6130, tvd 0.8000
labels from the first batch :[3, 7, 7, 7, 7, 7, 3, 7, 7, 7, 3, 7, 7, 3, 7, 7, 3, 7, 3, 3, 7, 3, 7, 3, 3, 3, 3, 3, 7, 3, 7, 7]

Unique id : 8, dataset size : 492
Communication time : 100, Computation time per batch : 100, Training time : 1800
['0:0.00%', '1:0.00%', '2:46.34%', '3:0.00%', '4:53.66%', '5:0.00%', '6:0.00%', '7:0.00%', '8:0.00%', '9:0.00%']
Divergence : jsd 0.6103, tvd 0.8000
labels from the first batch :[4, 4, 2, 2, 4, 2, 2, 4, 4, 4, 4, 4, 4, 2, 4, 2, 2, 2, 4, 2, 2, 4, 2, 4, 4, 4, 2, 4, 2, 2, 4, 2]

Unique id : 9, dataset size : 473
Communication time : 100, Computation time per batch : 100, Training time : 1700
['0:0.00%', '1:0.00%', '2:0.00%', '3:0.00%', '4:0.00%', '5:44.19%', '6:0.00%', '7:0.00%', '8:0.00%', '9:55.81%']
Divergence : jsd 0.6108, tvd 0.8000
labels from the first batch :[9, 5, 9, 5, 5, 9, 9, 9, 5, 5, 5, 5, 9, 9, 9, 5, 5, 5, 5, 9, 9, 9, 5, 9, 5, 9, 9, 9, 9, 9, 5, 9]

Unique id : 10, dataset size : 437
Communication time : 100, Computation time per batch : 100, Training time : 1600
['0:0.00%', '1:0.00%', '2:0.00%', '3:52.17%', '4:0.00%', '5:47.83%', '6:0.00%', '7:0.00%', '8:0.00%', '9:0.00%']
Divergence : jsd 0.6101, tvd 0.8000
labels from the first batch :[3, 5, 3, 5, 5, 5, 5, 5, 3, 3, 5, 5, 5, 5, 3, 3, 3, 3, 3, 3, 5, 5, 5, 3, 5, 3, 5, 5, 3, 5, 3, 3]

Unique id : 11, dataset size : 443
Communication time : 100, Computation time per batch : 100, Training time : 1600
['0:0.00%', '1:43.57%', '2:0.00%', '3:0.00%', '4:0.00%', '5:0.00%', '6:0.00%', '7:0.00%', '8:56.43%', '9:0.00%']
Divergence : jsd 0.6110, tvd 0.8000
labels from the first batch :[1, 1, 8, 1, 1, 8, 8, 8, 8, 1, 1, 8, 8, 8, 8, 1, 8, 1, 8, 1, 1, 1, 8, 8, 1, 8, 1, 8, 1, 1, 8, 8]

Unique id : 12, dataset size : 607
Communication time : 100, Computation time per batch : 100, Training time : 2100
['0:0.00%', '1:0.00%', '2:0.00%', '3:0.00%', '4:0.00%', '5:0.00%', '6:0.00%', '7:58.81%', '8:41.19%', '9:0.00%']
Divergence : jsd 0.6119, tvd 0.8000
labels from the first batch :[7, 7, 7, 8, 8, 7, 8, 8, 8, 8, 7, 7, 8, 7, 8, 8, 7, 8, 8, 7, 7, 8, 7, 7, 7, 8, 8, 7, 8, 7, 8, 8]

Unique id : 13, dataset size : 588
Communication time : 100, Computation time per batch : 100, Training time : 2100
['0:50.00%', '1:0.00%', '2:0.00%', '3:0.00%', '4:0.00%', '5:0.00%', '6:50.00%', '7:0.00%', '8:0.00%', '9:0.00%']
Divergence : jsd 0.6100, tvd 0.8000
labels from the first batch :[6, 6, 0, 6, 6, 6, 6, 0, 6, 0, 0, 0, 6, 0, 0, 6, 0, 0, 6, 6, 6, 6, 6, 0, 0, 0, 0, 0, 6, 0, 0, 6]

Unique id : 14, dataset size : 472
Communication time : 100, Computation time per batch : 100, Training time : 1700
['0:0.00%', '1:0.00%', '2:0.00%', '3:0.00%', '4:55.72%', '5:44.28%', '6:0.00%', '7:0.00%', '8:0.00%', '9:0.00%']
Divergence : jsd 0.6108, tvd 0.8000
labels from the first batch :[5, 5, 5, 5, 4, 4, 4, 4, 5, 5, 4, 5, 4, 4, 4, 4, 4, 4, 5, 5, 4, 5, 5, 4, 5, 5, 4, 5, 4, 5, 4, 5]

Unique id : 15, dataset size : 492
Communication time : 100, Computation time per batch : 100, Training time : 1800
['0:0.00%', '1:0.00%', '2:0.00%', '3:46.34%', '4:0.00%', '5:0.00%', '6:0.00%', '7:0.00%', '8:0.00%', '9:53.66%']
Divergence : jsd 0.6103, tvd 0.8000
labels from the first batch :[3, 9, 9, 3, 9, 3, 3, 3, 3, 3, 9, 9, 9, 3, 9, 3, 9, 3, 9, 9, 3, 9, 3, 9, 9, 9, 9, 3, 3, 9, 9, 9]

Unique id : 16, dataset size : 443
Communication time : 100, Computation time per batch : 100, Training time : 1600
['0:0.00%', '1:43.57%', '2:0.00%', '3:0.00%', '4:0.00%', '5:0.00%', '6:0.00%', '7:0.00%', '8:56.43%', '9:0.00%']
Divergence : jsd 0.6110, tvd 0.8000
labels from the first batch :[8, 1, 1, 1, 8, 1, 8, 8, 1, 1, 8, 8, 8, 1, 1, 1, 1, 1, 1, 8, 8, 8, 8, 8, 8, 1, 8, 8, 1, 8, 1, 8]

Unique id : 17, dataset size : 421
Communication time : 100, Computation time per batch : 100, Training time : 1600
['0:0.00%', '1:45.84%', '2:0.00%', '3:54.16%', '4:0.00%', '5:0.00%', '6:0.00%', '7:0.00%', '8:0.00%', '9:0.00%']
Divergence : jsd 0.6104, tvd 0.8000
labels from the first batch :[3, 3, 1, 1, 1, 3, 3, 1, 3, 1, 3, 1, 3, 3, 3, 3, 3, 1, 1, 1, 1, 1, 3, 3, 3, 3, 3, 1, 1, 1, 3, 3]

Unique id : 18, dataset size : 437
Communication time : 100, Computation time per batch : 100, Training time : 1600
['0:0.00%', '1:0.00%', '2:52.17%', '3:0.00%', '4:0.00%', '5:47.83%', '6:0.00%', '7:0.00%', '8:0.00%', '9:0.00%']
Divergence : jsd 0.6101, tvd 0.8000
labels from the first batch :[5, 2, 2, 5, 2, 5, 2, 5, 5, 2, 2, 2, 5, 5, 2, 2, 5, 2, 5, 2, 2, 2, 5, 5, 2, 5, 2, 5, 5, 2, 5, 5]

Unique id : 19, dataset size : 421
Communication time : 100, Computation time per batch : 100, Training time : 1600
['0:0.00%', '1:45.84%', '2:0.00%', '3:54.16%', '4:0.00%', '5:0.00%', '6:0.00%', '7:0.00%', '8:0.00%', '9:0.00%']
Divergence : jsd 0.6104, tvd 0.8000
labels from the first batch :[1, 1, 3, 3, 1, 3, 1, 3, 3, 3, 1, 3, 3, 3, 3, 1, 3, 3, 3, 1, 1, 1, 1, 1, 1, 1, 3, 1, 1, 3, 1, 3]

Unique id : 20, dataset size : 521
Communication time : 100, Computation time per batch : 100, Training time : 1900
['0:56.43%', '1:0.00%', '2:0.00%', '3:43.57%', '4:0.00%', '5:0.00%', '6:0.00%', '7:0.00%', '8:0.00%', '9:0.00%']
Divergence : jsd 0.6110, tvd 0.8000
labels from the first batch :[0, 0, 0, 3, 3, 0, 0, 3, 3, 3, 0, 0, 0, 0, 0, 0, 0, 0, 0, 3, 3, 0, 3, 3, 0, 0, 3, 0, 0, 3, 0, 3]

Unique id : 21, dataset size : 588
Communication time : 100, Computation time per batch : 100, Training time : 2100
['0:50.00%', '1:0.00%', '2:0.00%', '3:0.00%', '4:0.00%', '5:0.00%', '6:50.00%', '7:0.00%', '8:0.00%', '9:0.00%']
Divergence : jsd 0.6100, tvd 0.8000
labels from the first batch :[0, 6, 0, 0, 6, 6, 6, 6, 6, 6, 0, 6, 0, 0, 6, 6, 0, 0, 0, 6, 0, 0, 6, 0, 6, 0, 6, 0, 6, 0, 6, 6]

Unique id : 22, dataset size : 421
Communication time : 100, Computation time per batch : 100, Training time : 1600
['0:0.00%', '1:45.84%', '2:54.16%', '3:0.00%', '4:0.00%', '5:0.00%', '6:0.00%', '7:0.00%', '8:0.00%', '9:0.00%']
Divergence : jsd 0.6104, tvd 0.8000
labels from the first batch :[1, 2, 1, 1, 2, 1, 2, 2, 1, 2, 2, 2, 2, 2, 2, 2, 1, 2, 1, 2, 2, 2, 1, 1, 2, 2, 1, 1, 2, 2, 1, 1]

Unique id : 23, dataset size : 620
Communication time : 100, Computation time per batch : 100, Training time : 2200
['0:0.00%', '1:0.00%', '2:0.00%', '3:0.00%', '4:0.00%', '5:0.00%', '6:0.00%', '7:57.58%', '8:0.00%', '9:42.42%']
Divergence : jsd 0.6114, tvd 0.8000
labels from the first batch :[9, 9, 7, 7, 9, 7, 7, 7, 9, 7, 9, 7, 9, 9, 7, 7, 7, 7, 7, 9, 9, 7, 7, 9, 9, 7, 9, 9, 7, 7, 9, 7]

Unique id : 24, dataset size : 472
Communication time : 100, Computation time per batch : 100, Training time : 1700
['0:0.00%', '1:0.00%', '2:0.00%', '3:0.00%', '4:55.72%', '5:44.28%', '6:0.00%', '7:0.00%', '8:0.00%', '9:0.00%']
Divergence : jsd 0.6108, tvd 0.8000
labels from the first batch :[4, 4, 4, 5, 4, 4, 5, 5, 4, 4, 5, 5, 4, 4, 4, 5, 5, 5, 4, 4, 5, 4, 5, 4, 5, 4, 4, 5, 4, 5, 4, 4]

Unique id : 25, dataset size : 526
Communication time : 100, Computation time per batch : 100, Training time : 1900
['0:0.00%', '1:0.00%', '2:0.00%', '3:0.00%', '4:50.00%', '5:0.00%', '6:0.00%', '7:0.00%', '8:0.00%', '9:50.00%']
Divergence : jsd 0.6100, tvd 0.8000
labels from the first batch :[4, 4, 4, 9, 4, 4, 4, 9, 4, 9, 4, 9, 4, 4, 4, 9, 4, 4, 4, 9, 9, 9, 9, 9, 4, 9, 9, 4, 9, 9, 9, 9]

Unique id : 26, dataset size : 513
Communication time : 100, Computation time per batch : 100, Training time : 1900
['0:0.00%', '1:0.00%', '2:0.00%', '3:0.00%', '4:51.27%', '5:0.00%', '6:0.00%', '7:0.00%', '8:48.73%', '9:0.00%']
Divergence : jsd 0.6100, tvd 0.8000
labels from the first batch :[8, 8, 8, 8, 4, 4, 8, 8, 8, 8, 8, 4, 4, 8, 8, 4, 8, 8, 8, 4, 8, 8, 4, 8, 8, 4, 4, 4, 4, 8, 4, 8]

Unique id : 27, dataset size : 491
Communication time : 100, Computation time per batch : 100, Training time : 1800
['0:0.00%', '1:0.00%', '2:46.44%', '3:0.00%', '4:0.00%', '5:0.00%', '6:0.00%', '7:0.00%', '8:0.00%', '9:53.56%']
Divergence : jsd 0.6103, tvd 0.8000
labels from the first batch :[2, 9, 9, 9, 2, 9, 9, 2, 2, 9, 2, 2, 9, 9, 9, 2, 2, 2, 2, 9, 9, 2, 2, 2, 9, 9, 2, 2, 2, 9, 2, 9]

Unique id : 28, dataset size : 490
Communication time : 100, Computation time per batch : 100, Training time : 1800
['0:0.00%', '1:0.00%', '2:0.00%', '3:46.33%', '4:53.67%', '5:0.00%', '6:0.00%', '7:0.00%', '8:0.00%', '9:0.00%']
Divergence : jsd 0.6103, tvd 0.8000
labels from the first batch :[3, 4, 4, 4, 4, 3, 4, 4, 3, 4, 4, 3, 3, 4, 4, 3, 3, 4, 3, 3, 3, 3, 3, 4, 4, 3, 4, 4, 4, 4, 3, 4]

Unique id : 29, dataset size : 526
Communication time : 100, Computation time per batch : 100, Training time : 1900
['0:0.00%', '1:0.00%', '2:0.00%', '3:0.00%', '4:50.00%', '5:0.00%', '6:0.00%', '7:0.00%', '8:0.00%', '9:50.00%']
Divergence : jsd 0.6100, tvd 0.8000
labels from the first batch :[4, 9, 4, 9, 9, 9, 4, 4, 4, 9, 9, 9, 4, 9, 4, 4, 4, 4, 4, 9, 4, 9, 9, 4, 9, 9, 9, 4, 9, 9, 9, 9]

Unique id : 30, dataset size : 584
Communication time : 100, Computation time per batch : 100, Training time : 2100
['0:0.00%', '1:0.00%', '2:38.87%', '3:0.00%', '4:0.00%', '5:0.00%', '6:0.00%', '7:61.13%', '8:0.00%', '9:0.00%']
Divergence : jsd 0.6130, tvd 0.8000
labels from the first batch :[2, 7, 7, 7, 7, 2, 2, 7, 2, 7, 2, 7, 7, 7, 2, 2, 2, 7, 2, 7, 2, 7, 2, 2, 7, 2, 7, 7, 7, 7, 2, 2]

Unique id : 31, dataset size : 521
Communication time : 100, Computation time per batch : 100, Training time : 1900
['0:56.43%', '1:0.00%', '2:43.57%', '3:0.00%', '4:0.00%', '5:0.00%', '6:0.00%', '7:0.00%', '8:0.00%', '9:0.00%']
Divergence : jsd 0.6110, tvd 0.8000
labels from the first batch :[0, 2, 0, 2, 0, 2, 0, 2, 2, 0, 2, 0, 0, 2, 0, 2, 2, 0, 0, 2, 2, 0, 2, 0, 0, 2, 0, 0, 2, 0, 0, 2]

Unique id : 32, dataset size : 544
Communication time : 100, Computation time per batch : 100, Training time : 1900
['0:0.00%', '1:0.00%', '2:0.00%', '3:0.00%', '4:0.00%', '5:0.00%', '6:54.04%', '7:0.00%', '8:45.96%', '9:0.00%']
Divergence : jsd 0.6104, tvd 0.8000
labels from the first batch :[6, 8, 6, 6, 8, 8, 6, 6, 6, 6, 8, 6, 8, 6, 8, 6, 6, 6, 8, 8, 6, 6, 6, 6, 8, 8, 8, 8, 6, 6, 6, 8]

Unique id : 33, dataset size : 503
Communication time : 100, Computation time per batch : 100, Training time : 1800
['0:58.45%', '1:0.00%', '2:0.00%', '3:0.00%', '4:0.00%', '5:41.55%', '6:0.00%', '7:0.00%', '8:0.00%', '9:0.00%']
Divergence : jsd 0.6117, tvd 0.8000
labels from the first batch :[5, 5, 5, 0, 5, 5, 0, 0, 0, 0, 5, 0, 0, 5, 0, 0, 5, 0, 5, 0, 0, 5, 5, 5, 5, 0, 0, 5, 0, 0, 0, 0]

Unique id : 34, dataset size : 436
Communication time : 100, Computation time per batch : 100, Training time : 1600
['0:0.00%', '1:0.00%', '2:0.00%', '3:52.06%', '4:0.00%', '5:47.94%', '6:0.00%', '7:0.00%', '8:0.00%', '9:0.00%']
Divergence : jsd 0.6101, tvd 0.8000
labels from the first batch :[3, 3, 5, 3, 5, 5, 5, 5, 3, 5, 3, 5, 3, 3, 3, 5, 3, 3, 3, 3, 5, 5, 5, 3, 3, 3, 5, 3, 5, 3, 5, 3]

Unique id : 35, dataset size : 487
Communication time : 100, Computation time per batch : 100, Training time : 1800
['0:60.37%', '1:39.63%', '2:0.00%', '3:0.00%', '4:0.00%', '5:0.00%', '6:0.00%', '7:0.00%', '8:0.00%', '9:0.00%']
Divergence : jsd 0.6126, tvd 0.8000
labels from the first batch :[0, 0, 0, 0, 1, 1, 0, 0, 0, 0, 1, 1, 0, 1, 1, 0, 0, 0, 0, 0, 0, 1, 1, 0, 0, 0, 1, 1, 0, 0, 1, 1]

Unique id : 36, dataset size : 443
Communication time : 100, Computation time per batch : 100, Training time : 1600
['0:0.00%', '1:43.57%', '2:0.00%', '3:0.00%', '4:0.00%', '5:0.00%', '6:0.00%', '7:0.00%', '8:56.43%', '9:0.00%']
Divergence : jsd 0.6110, tvd 0.8000
labels from the first batch :[8, 8, 8, 8, 8, 8, 8, 8, 8, 8, 1, 1, 1, 8, 8, 8, 8, 1, 8, 8, 8, 8, 1, 8, 8, 8, 1, 8, 8, 1, 8, 1]

Unique id : 37, dataset size : 471
Communication time : 100, Computation time per batch : 100, Training time : 1700
['0:0.00%', '1:0.00%', '2:0.00%', '3:0.00%', '4:55.84%', '5:44.16%', '6:0.00%', '7:0.00%', '8:0.00%', '9:0.00%']
Divergence : jsd 0.6108, tvd 0.8000
labels from the first batch :[5, 5, 5, 4, 4, 4, 5, 4, 4, 4, 5, 4, 4, 4, 5, 5, 4, 5, 4, 5, 4, 4, 4, 4, 4, 5, 4, 4, 5, 5, 5, 5]

Unique id : 38, dataset size : 513
Communication time : 100, Computation time per batch : 100, Training time : 1900
['0:0.00%', '1:0.00%', '2:0.00%', '3:0.00%', '4:51.27%', '5:0.00%', '6:0.00%', '7:0.00%', '8:48.73%', '9:0.00%']
Divergence : jsd 0.6100, tvd 0.8000
labels from the first batch :[8, 4, 4, 4, 4, 4, 8, 8, 4, 8, 8, 8, 8, 4, 4, 4, 8, 4, 8, 4, 4, 4, 4, 4, 8, 4, 8, 4, 8, 4, 4, 8]

Unique id : 39, dataset size : 513
Communication time : 100, Computation time per batch : 100, Training time : 1900
['0:0.00%', '1:0.00%', '2:0.00%', '3:0.00%', '4:0.00%', '5:0.00%', '6:0.00%', '7:0.00%', '8:48.73%', '9:51.27%']
Divergence : jsd 0.6100, tvd 0.8000
labels from the first batch :[9, 8, 8, 9, 8, 9, 8, 9, 9, 8, 9, 8, 9, 9, 9, 8, 8, 9, 9, 9, 9, 9, 8, 8, 8, 9, 8, 8, 8, 9, 8, 9]

Unique id : 40, dataset size : 458
Communication time : 100, Computation time per batch : 100, Training time : 1700
['0:0.00%', '1:0.00%', '2:0.00%', '3:0.00%', '4:0.00%', '5:45.41%', '6:0.00%', '7:0.00%', '8:54.59%', '9:0.00%']
Divergence : jsd 0.6105, tvd 0.8000
labels from the first batch :[8, 8, 8, 8, 5, 5, 5, 8, 5, 5, 5, 5, 8, 8, 5, 8, 5, 8, 8, 8, 5, 8, 5, 5, 8, 8, 8, 5, 8, 5, 5, 5]

Unique id : 41, dataset size : 521
Communication time : 100, Computation time per batch : 100, Training time : 1900
['0:56.43%', '1:0.00%', '2:43.57%', '3:0.00%', '4:0.00%', '5:0.00%', '6:0.00%', '7:0.00%', '8:0.00%', '9:0.00%']
Divergence : jsd 0.6110, tvd 0.8000
labels from the first batch :[2, 2, 0, 0, 2, 2, 2, 0, 2, 2, 2, 0, 0, 2, 0, 2, 2, 2, 0, 0, 0, 2, 0, 0, 0, 0, 2, 0, 0, 0, 0, 0]

Unique id : 42, dataset size : 443
Communication time : 100, Computation time per batch : 100, Training time : 1600
['0:0.00%', '1:43.57%', '2:0.00%', '3:0.00%', '4:0.00%', '5:0.00%', '6:0.00%', '7:0.00%', '8:56.43%', '9:0.00%']
Divergence : jsd 0.6110, tvd 0.8000
labels from the first batch :[1, 8, 8, 1, 8, 8, 8, 8, 1, 1, 1, 1, 8, 1, 8, 8, 1, 1, 8, 1, 8, 1, 1, 1, 1, 1, 8, 1, 1, 8, 1, 8]

Unique id : 43, dataset size : 557
Communication time : 100, Computation time per batch : 100, Training time : 2000
['0:0.00%', '1:0.00%', '2:0.00%', '3:0.00%', '4:0.00%', '5:0.00%', '6:52.78%', '7:0.00%', '8:0.00%', '9:47.22%']
Divergence : jsd 0.6102, tvd 0.8000
labels from the first batch :[6, 6, 9, 6, 9, 9, 9, 6, 9, 9, 9, 6, 6, 9, 9, 9, 6, 9, 9, 9, 9, 6, 9, 6, 6, 6, 6, 9, 6, 9, 9, 6]

Unique id : 44, dataset size : 477
Communication time : 100, Computation time per batch : 100, Training time : 1700
['0:0.00%', '1:0.00%', '2:0.00%', '3:47.59%', '4:0.00%', '5:0.00%', '6:0.00%', '7:0.00%', '8:52.41%', '9:0.00%']
Divergence : jsd 0.6101, tvd 0.8000
labels from the first batch :[8, 8, 8, 3, 8, 8, 8, 3, 3, 3, 8, 8, 8, 8, 8, 3, 8, 8, 3, 8, 3, 3, 3, 3, 8, 8, 3, 3, 8, 3, 8, 3]

Unique id : 45, dataset size : 486
Communication time : 100, Computation time per batch : 100, Training time : 1800
['0:60.49%', '1:39.51%', '2:0.00%', '3:0.00%', '4:0.00%', '5:0.00%', '6:0.00%', '7:0.00%', '8:0.00%', '9:0.00%']
Divergence : jsd 0.6127, tvd 0.8000
labels from the first batch :[1, 0, 1, 1, 1, 0, 0, 0, 1, 0, 1, 0, 0, 0, 1, 0, 0, 1, 0, 0, 0, 0, 0, 0, 0, 1, 0, 1, 0, 1, 1, 0]

Unique id : 46, dataset size : 557
Communication time : 100, Computation time per batch : 100, Training time : 2000
['0:0.00%', '1:0.00%', '2:0.00%', '3:0.00%', '4:0.00%', '5:0.00%', '6:52.78%', '7:0.00%', '8:0.00%', '9:47.22%']
Divergence : jsd 0.6102, tvd 0.8000
labels from the first batch :[6, 6, 6, 9, 9, 9, 6, 6, 6, 6, 9, 6, 9, 6, 6, 9, 6, 9, 6, 6, 6, 9, 6, 6, 6, 9, 9, 9, 6, 9, 9, 9]

Unique id : 47, dataset size : 455
Communication time : 100, Computation time per batch : 100, Training time : 1700
['0:0.00%', '1:42.20%', '2:0.00%', '3:0.00%', '4:0.00%', '5:0.00%', '6:0.00%', '7:0.00%', '8:0.00%', '9:57.80%']
Divergence : jsd 0.6115, tvd 0.8000
labels from the first batch :[9, 1, 1, 9, 1, 9, 1, 1, 1, 9, 9, 9, 1, 1, 9, 9, 9, 1, 9, 1, 1, 1, 1, 9, 1, 1, 9, 1, 1, 9, 9, 1]

Unique id : 48, dataset size : 419
Communication time : 100, Computation time per batch : 100, Training time : 1600
['0:0.00%', '1:45.82%', '2:0.00%', '3:54.18%', '4:0.00%', '5:0.00%', '6:0.00%', '7:0.00%', '8:0.00%', '9:0.00%']
Divergence : jsd 0.6104, tvd 0.8000
labels from the first batch :[1, 3, 1, 3, 3, 1, 1, 3, 3, 3, 1, 1, 3, 3, 3, 1, 3, 1, 1, 3, 1, 3, 3, 1, 3, 3, 1, 3, 1, 1, 1, 1]

Unique id : 49, dataset size : 513
Communication time : 100, Computation time per batch : 100, Training time : 1900
['0:0.00%', '1:0.00%', '2:0.00%', '3:0.00%', '4:0.00%', '5:0.00%', '6:0.00%', '7:0.00%', '8:48.73%', '9:51.27%']
Divergence : jsd 0.6100, tvd 0.8000
labels from the first batch :[8, 8, 8, 9, 8, 9, 9, 9, 8, 9, 8, 9, 8, 8, 9, 9, 9, 8, 8, 8, 8, 8, 8, 8, 8, 8, 9, 9, 9, 9, 9, 9]

Unique id : 50, dataset size : 557
Communication time : 100, Computation time per batch : 100, Training time : 2000
['0:52.78%', '1:0.00%', '2:0.00%', '3:0.00%', '4:0.00%', '5:0.00%', '6:0.00%', '7:0.00%', '8:0.00%', '9:47.22%']
Divergence : jsd 0.6102, tvd 0.8000
labels from the first batch :[9, 9, 9, 0, 9, 0, 0, 0, 9, 9, 0, 0, 9, 9, 9, 9, 0, 9, 9, 0, 0, 0, 0, 9, 0, 0, 9, 9, 9, 0, 9, 9]

Unique id : 51, dataset size : 458
Communication time : 100, Computation time per batch : 100, Training time : 1700
['0:0.00%', '1:0.00%', '2:0.00%', '3:0.00%', '4:0.00%', '5:45.41%', '6:0.00%', '7:0.00%', '8:54.59%', '9:0.00%']
Divergence : jsd 0.6105, tvd 0.8000
labels from the first batch :[5, 5, 8, 8, 5, 8, 8, 8, 5, 8, 8, 5, 8, 5, 5, 8, 5, 8, 8, 8, 8, 8, 5, 8, 5, 8, 8, 8, 5, 8, 8, 8]

Unique id : 52, dataset size : 400
Communication time : 100, Computation time per batch : 100, Training time : 1500
['0:0.00%', '1:48.00%', '2:0.00%', '3:0.00%', '4:0.00%', '5:52.00%', '6:0.00%', '7:0.00%', '8:0.00%', '9:0.00%']
Divergence : jsd 0.6101, tvd 0.8000
labels from the first batch :[1, 5, 5, 5, 1, 5, 5, 5, 1, 5, 5, 5, 5, 1, 1, 1, 5, 5, 1, 1, 1, 5, 5, 1, 5, 1, 1, 5, 5, 1, 5, 5]

Unique id : 53, dataset size : 455
Communication time : 100, Computation time per batch : 100, Training time : 1700
['0:0.00%', '1:42.20%', '2:0.00%', '3:0.00%', '4:0.00%', '5:0.00%', '6:0.00%', '7:0.00%', '8:0.00%', '9:57.80%']
Divergence : jsd 0.6115, tvd 0.8000
labels from the first batch :[1, 9, 9, 1, 1, 9, 1, 9, 1, 9, 1, 1, 1, 9, 9, 1, 1, 1, 9, 1, 1, 1, 1, 9, 9, 1, 9, 1, 9, 9, 9, 9]

Unique id : 54, dataset size : 435
Communication time : 100, Computation time per batch : 100, Training time : 1600
['0:0.00%', '1:0.00%', '2:52.18%', '3:0.00%', '4:0.00%', '5:47.82%', '6:0.00%', '7:0.00%', '8:0.00%', '9:0.00%']
Divergence : jsd 0.6101, tvd 0.8000
labels from the first batch :[2, 2, 2, 2, 5, 2, 5, 2, 2, 2, 5, 2, 2, 2, 2, 5, 5, 5, 2, 2, 2, 5, 2, 5, 5, 5, 5, 5, 5, 2, 2, 2]

Unique id : 55, dataset size : 419
Communication time : 100, Computation time per batch : 100, Training time : 1600
['0:0.00%', '1:45.82%', '2:54.18%', '3:0.00%', '4:0.00%', '5:0.00%', '6:0.00%', '7:0.00%', '8:0.00%', '9:0.00%']
Divergence : jsd 0.6104, tvd 0.8000
labels from the first batch :[2, 1, 1, 1, 1, 2, 1, 2, 1, 2, 2, 1, 2, 2, 2, 1, 1, 2, 2, 2, 1, 2, 2, 2, 2, 1, 1, 2, 2, 2, 2, 1]

Unique id : 56, dataset size : 584
Communication time : 100, Computation time per batch : 100, Training time : 2100
['0:0.00%', '1:0.00%', '2:38.87%', '3:0.00%', '4:0.00%', '5:0.00%', '6:0.00%', '7:61.13%', '8:0.00%', '9:0.00%']
Divergence : jsd 0.6130, tvd 0.8000
labels from the first batch :[2, 2, 7, 2, 2, 7, 2, 7, 7, 7, 2, 2, 7, 2, 2, 7, 7, 7, 7, 7, 2, 2, 7, 7, 2, 7, 7, 7, 7, 2, 7, 7]

Unique id : 57, dataset size : 435
Communication time : 100, Computation time per batch : 100, Training time : 1600
['0:0.00%', '1:0.00%', '2:0.00%', '3:52.18%', '4:0.00%', '5:47.82%', '6:0.00%', '7:0.00%', '8:0.00%', '9:0.00%']
Divergence : jsd 0.6101, tvd 0.8000
labels from the first batch :[3, 3, 3, 3, 5, 5, 3, 3, 5, 5, 3, 3, 5, 5, 5, 3, 3, 5, 3, 3, 5, 3, 3, 3, 3, 3, 5, 5, 3, 3, 3, 3]

Unique id : 58, dataset size : 419
Communication time : 100, Computation time per batch : 100, Training time : 1600
['0:0.00%', '1:45.82%', '2:54.18%', '3:0.00%', '4:0.00%', '5:0.00%', '6:0.00%', '7:0.00%', '8:0.00%', '9:0.00%']
Divergence : jsd 0.6104, tvd 0.8000
labels from the first batch :[1, 2, 1, 2, 1, 2, 2, 2, 2, 2, 2, 2, 1, 1, 1, 1, 1, 1, 1, 1, 1, 1, 1, 1, 1, 2, 2, 2, 1, 1, 1, 2]

Unique id : 59, dataset size : 521
Communication time : 100, Computation time per batch : 100, Training time : 1900
['0:0.00%', '1:0.00%', '2:0.00%', '3:43.57%', '4:0.00%', '5:0.00%', '6:56.43%', '7:0.00%', '8:0.00%', '9:0.00%']
Divergence : jsd 0.6110, tvd 0.8000
labels from the first batch :[3, 6, 6, 6, 3, 3, 3, 6, 6, 3, 6, 6, 6, 6, 6, 6, 3, 3, 6, 6, 3, 3, 3, 3, 3, 6, 6, 3, 3, 3, 3, 3]

Unique id : 60, dataset size : 442
Communication time : 100, Computation time per batch : 100, Training time : 1600
['0:0.00%', '1:43.44%', '2:0.00%', '3:0.00%', '4:0.00%', '5:0.00%', '6:0.00%', '7:0.00%', '8:56.56%', '9:0.00%']
Divergence : jsd 0.6110, tvd 0.8000
labels from the first batch :[8, 8, 8, 8, 8, 8, 8, 8, 8, 8, 1, 1, 1, 1, 1, 8, 1, 1, 1, 1, 1, 8, 1, 1, 1, 8, 1, 8, 8, 8, 1, 8]

Unique id : 61, dataset size : 458
Communication time : 100, Computation time per batch : 100, Training time : 1700
['0:0.00%', '1:0.00%', '2:0.00%', '3:0.00%', '4:0.00%', '5:45.41%', '6:0.00%', '7:0.00%', '8:54.59%', '9:0.00%']
Divergence : jsd 0.6105, tvd 0.8000
labels from the first batch :[8, 5, 8, 8, 5, 8, 8, 5, 8, 5, 8, 5, 8, 5, 8, 8, 5, 5, 8, 8, 8, 8, 8, 5, 8, 5, 5, 5, 8, 8, 8, 5]

Unique id : 62, dataset size : 549
Communication time : 100, Computation time per batch : 100, Training time : 2000
['0:0.00%', '1:34.97%', '2:0.00%', '3:0.00%', '4:0.00%', '5:0.00%', '6:0.00%', '7:65.03%', '8:0.00%', '9:0.00%']
Divergence : jsd 0.6156, tvd 0.8000
labels from the first batch :[7, 7, 7, 7, 7, 7, 7, 7, 7, 1, 1, 7, 1, 1, 1, 7, 7, 1, 7, 1, 7, 7, 1, 7, 7, 7, 7, 7, 7, 1, 7, 7]

Unique id : 63, dataset size : 565
Communication time : 100, Computation time per batch : 100, Training time : 2000
['0:0.00%', '1:0.00%', '2:0.00%', '3:0.00%', '4:0.00%', '5:36.81%', '6:0.00%', '7:63.19%', '8:0.00%', '9:0.00%']
Divergence : jsd 0.6143, tvd 0.8000
labels from the first batch :[7, 7, 7, 7, 7, 5, 7, 7, 5, 5, 7, 5, 7, 7, 7, 7, 7, 7, 7, 7, 5, 7, 7, 7, 5, 7, 5, 5, 5, 7, 7, 7]

Unique id : 64, dataset size : 435
Communication time : 100, Computation time per batch : 100, Training time : 1600
['0:0.00%', '1:0.00%', '2:0.00%', '3:52.18%', '4:0.00%', '5:47.82%', '6:0.00%', '7:0.00%', '8:0.00%', '9:0.00%']
Divergence : jsd 0.6101, tvd 0.8000
labels from the first batch :[3, 5, 3, 5, 3, 3, 3, 3, 5, 3, 5, 3, 5, 5, 3, 5, 5, 5, 5, 5, 3, 5, 5, 3, 5, 5, 5, 5, 3, 3, 3, 3]

Unique id : 65, dataset size : 513
Communication time : 100, Computation time per batch : 100, Training time : 1900
['0:0.00%', '1:0.00%', '2:0.00%', '3:0.00%', '4:0.00%', '5:0.00%', '6:0.00%', '7:0.00%', '8:48.73%', '9:51.27%']
Divergence : jsd 0.6100, tvd 0.8000
labels from the first batch :[9, 8, 9, 8, 8, 8, 9, 9, 8, 8, 9, 9, 9, 9, 8, 9, 8, 9, 8, 9, 8, 8, 9, 8, 9, 8, 8, 8, 8, 8, 8, 8]

Unique id : 66, dataset size : 486
Communication time : 100, Computation time per batch : 100, Training time : 1800
['0:0.00%', '1:39.51%', '2:0.00%', '3:0.00%', '4:0.00%', '5:0.00%', '6:60.49%', '7:0.00%', '8:0.00%', '9:0.00%']
Divergence : jsd 0.6127, tvd 0.8000
labels from the first batch :[6, 6, 6, 1, 6, 6, 6, 6, 6, 6, 6, 6, 6, 1, 1, 1, 1, 1, 1, 1, 1, 1, 6, 1, 6, 6, 6, 1, 1, 6, 6, 1]

Unique id : 67, dataset size : 435
Communication time : 100, Computation time per batch : 100, Training time : 1600
['0:0.00%', '1:0.00%', '2:0.00%', '3:52.18%', '4:0.00%', '5:47.82%', '6:0.00%', '7:0.00%', '8:0.00%', '9:0.00%']
Divergence : jsd 0.6101, tvd 0.8000
labels from the first batch :[3, 3, 3, 3, 5, 5, 3, 3, 5, 3, 3, 3, 5, 3, 5, 3, 5, 5, 5, 5, 5, 3, 3, 3, 5, 3, 3, 5, 3, 5, 3, 3]

Unique id : 68, dataset size : 620
Communication time : 100, Computation time per batch : 100, Training time : 2200
['0:0.00%', '1:0.00%', '2:0.00%', '3:0.00%', '4:0.00%', '5:0.00%', '6:0.00%', '7:57.58%', '8:0.00%', '9:42.42%']
Divergence : jsd 0.6114, tvd 0.8000
labels from the first batch :[7, 9, 7, 7, 9, 9, 9, 9, 7, 9, 7, 9, 7, 9, 7, 7, 7, 9, 9, 9, 7, 9, 7, 7, 7, 7, 9, 9, 9, 9, 7, 7]

Unique id : 69, dataset size : 521
Communication time : 100, Computation time per batch : 100, Training time : 1900
['0:56.43%', '1:0.00%', '2:43.57%', '3:0.00%', '4:0.00%', '5:0.00%', '6:0.00%', '7:0.00%', '8:0.00%', '9:0.00%']
Divergence : jsd 0.6110, tvd 0.8000
labels from the first batch :[2, 2, 0, 0, 2, 2, 0, 0, 0, 0, 2, 2, 2, 2, 0, 2, 0, 0, 2, 2, 2, 2, 0, 0, 0, 0, 2, 2, 2, 2, 0, 2]

Unique id : 70, dataset size : 521
Communication time : 100, Computation time per batch : 100, Training time : 1900
['0:56.43%', '1:0.00%', '2:43.57%', '3:0.00%', '4:0.00%', '5:0.00%', '6:0.00%', '7:0.00%', '8:0.00%', '9:0.00%']
Divergence : jsd 0.6110, tvd 0.8000
labels from the first batch :[0, 0, 2, 0, 0, 0, 0, 2, 0, 0, 2, 2, 0, 2, 2, 2, 0, 2, 2, 2, 2, 0, 2, 0, 2, 0, 2, 2, 0, 0, 2, 2]

Unique id : 71, dataset size : 454
Communication time : 100, Computation time per batch : 100, Training time : 1700
['0:0.00%', '1:0.00%', '2:50.00%', '3:50.00%', '4:0.00%', '5:0.00%', '6:0.00%', '7:0.00%', '8:0.00%', '9:0.00%']
Divergence : jsd 0.6100, tvd 0.8000
labels from the first batch :[3, 3, 2, 3, 3, 2, 2, 2, 3, 2, 3, 3, 3, 3, 3, 2, 3, 2, 2, 2, 2, 3, 2, 2, 2, 2, 3, 3, 2, 2, 3, 3]

Unique id : 72, dataset size : 502
Communication time : 100, Computation time per batch : 100, Training time : 1800
['0:58.57%', '1:0.00%', '2:0.00%', '3:0.00%', '4:0.00%', '5:41.43%', '6:0.00%', '7:0.00%', '8:0.00%', '9:0.00%']
Divergence : jsd 0.6118, tvd 0.8000
labels from the first batch :[0, 5, 0, 0, 0, 0, 0, 0, 0, 5, 5, 5, 0, 5, 0, 0, 5, 5, 0, 0, 0, 0, 5, 0, 5, 0, 0, 0, 5, 0, 5, 0]

Unique id : 73, dataset size : 490
Communication time : 100, Computation time per batch : 100, Training time : 1800
['0:0.00%', '1:0.00%', '2:46.33%', '3:0.00%', '4:53.67%', '5:0.00%', '6:0.00%', '7:0.00%', '8:0.00%', '9:0.00%']
Divergence : jsd 0.6103, tvd 0.8000
labels from the first batch :[2, 2, 2, 2, 4, 2, 4, 2, 2, 2, 2, 4, 4, 4, 4, 4, 2, 2, 2, 2, 4, 4, 2, 4, 4, 4, 2, 2, 4, 4, 4, 2]

Unique id : 74, dataset size : 557
Communication time : 100, Computation time per batch : 100, Training time : 2000
['0:0.00%', '1:0.00%', '2:0.00%', '3:0.00%', '4:47.22%', '5:0.00%', '6:52.78%', '7:0.00%', '8:0.00%', '9:0.00%']
Divergence : jsd 0.6102, tvd 0.8000
labels from the first batch :[6, 4, 6, 6, 6, 6, 4, 6, 6, 6, 4, 6, 6, 4, 6, 6, 6, 4, 6, 4, 6, 6, 6, 6, 6, 6, 4, 6, 4, 6, 4, 4]

Unique id : 75, dataset size : 521
Communication time : 100, Computation time per batch : 100, Training time : 1900
['0:0.00%', '1:0.00%', '2:0.00%', '3:43.57%', '4:0.00%', '5:0.00%', '6:56.43%', '7:0.00%', '8:0.00%', '9:0.00%']
Divergence : jsd 0.6110, tvd 0.8000
labels from the first batch :[6, 3, 6, 6, 6, 6, 6, 6, 3, 6, 6, 6, 3, 6, 6, 6, 6, 6, 6, 6, 6, 6, 6, 3, 3, 6, 6, 3, 3, 3, 3, 6]

Unique id : 76, dataset size : 549
Communication time : 100, Computation time per batch : 100, Training time : 2000
['0:0.00%', '1:34.97%', '2:0.00%', '3:0.00%', '4:0.00%', '5:0.00%', '6:0.00%', '7:65.03%', '8:0.00%', '9:0.00%']
Divergence : jsd 0.6156, tvd 0.8000
labels from the first batch :[1, 1, 7, 1, 7, 7, 1, 7, 7, 7, 7, 7, 1, 7, 1, 7, 7, 7, 7, 1, 7, 1, 7, 7, 1, 7, 1, 7, 7, 7, 7, 7]

Unique id : 77, dataset size : 435
Communication time : 100, Computation time per batch : 100, Training time : 1600
['0:0.00%', '1:0.00%', '2:52.18%', '3:0.00%', '4:0.00%', '5:47.82%', '6:0.00%', '7:0.00%', '8:0.00%', '9:0.00%']
Divergence : jsd 0.6101, tvd 0.8000
labels from the first batch :[2, 2, 2, 5, 5, 2, 5, 2, 5, 5, 2, 2, 5, 5, 5, 5, 2, 2, 2, 2, 5, 2, 5, 2, 2, 2, 5, 5, 2, 5, 5, 2]

Unique id : 78, dataset size : 490
Communication time : 100, Computation time per batch : 100, Training time : 1800
['0:0.00%', '1:0.00%', '2:46.33%', '3:0.00%', '4:0.00%', '5:0.00%', '6:0.00%', '7:0.00%', '8:0.00%', '9:53.67%']
Divergence : jsd 0.6103, tvd 0.8000
labels from the first batch :[9, 2, 9, 9, 9, 2, 2, 2, 2, 9, 9, 2, 2, 2, 2, 9, 2, 9, 9, 9, 9, 2, 2, 9, 9, 9, 2, 9, 9, 9, 2, 2]

Unique id : 79, dataset size : 521
Communication time : 100, Computation time per batch : 100, Training time : 1900
['0:0.00%', '1:0.00%', '2:43.57%', '3:0.00%', '4:0.00%', '5:0.00%', '6:56.43%', '7:0.00%', '8:0.00%', '9:0.00%']
Divergence : jsd 0.6110, tvd 0.8000
labels from the first batch :[2, 6, 2, 6, 6, 6, 6, 2, 2, 2, 2, 2, 6, 6, 6, 2, 6, 2, 2, 6, 2, 6, 2, 6, 2, 2, 2, 6, 6, 6, 6, 6]

Unique id : 80, dataset size : 400
Communication time : 100, Computation time per batch : 100, Training time : 1500
['0:0.00%', '1:48.00%', '2:0.00%', '3:0.00%', '4:0.00%', '5:52.00%', '6:0.00%', '7:0.00%', '8:0.00%', '9:0.00%']
Divergence : jsd 0.6101, tvd 0.8000
labels from the first batch :[5, 5, 1, 5, 1, 1, 5, 1, 5, 1, 1, 1, 1, 1, 5, 5, 5, 5, 5, 5, 1, 5, 1, 1, 1, 1, 1, 5, 1, 1, 1, 5]

Unique id : 81, dataset size : 486
Communication time : 100, Computation time per batch : 100, Training time : 1800
['0:0.00%', '1:39.51%', '2:0.00%', '3:0.00%', '4:0.00%', '5:0.00%', '6:60.49%', '7:0.00%', '8:0.00%', '9:0.00%']
Divergence : jsd 0.6127, tvd 0.8000
labels from the first batch :[1, 6, 6, 6, 1, 6, 6, 6, 1, 1, 6, 6, 6, 1, 1, 6, 6, 6, 1, 1, 6, 6, 6, 6, 6, 6, 6, 6, 6, 6, 1, 6]

Unique id : 82, dataset size : 419
Communication time : 100, Computation time per batch : 100, Training time : 1600
['0:0.00%', '1:45.82%', '2:54.18%', '3:0.00%', '4:0.00%', '5:0.00%', '6:0.00%', '7:0.00%', '8:0.00%', '9:0.00%']
Divergence : jsd 0.6104, tvd 0.8000
labels from the first batch :[1, 2, 2, 1, 1, 2, 2, 2, 2, 2, 1, 2, 1, 2, 1, 1, 2, 2, 1, 1, 2, 2, 1, 2, 2, 1, 2, 1, 2, 2, 2, 1]

Unique id : 83, dataset size : 651
Communication time : 100, Computation time per batch : 100, Training time : 2300
['0:45.16%', '1:0.00%', '2:0.00%', '3:0.00%', '4:0.00%', '5:0.00%', '6:0.00%', '7:54.84%', '8:0.00%', '9:0.00%']
Divergence : jsd 0.6106, tvd 0.8000
labels from the first batch :[7, 7, 0, 7, 0, 7, 0, 0, 0, 0, 7, 7, 7, 0, 0, 7, 0, 0, 7, 7, 0, 7, 7, 7, 7, 7, 7, 0, 0, 0, 0, 7]

Unique id : 84, dataset size : 651
Communication time : 100, Computation time per batch : 100, Training time : 2300
['0:45.16%', '1:0.00%', '2:0.00%', '3:0.00%', '4:0.00%', '5:0.00%', '6:0.00%', '7:54.84%', '8:0.00%', '9:0.00%']
Divergence : jsd 0.6106, tvd 0.8000
labels from the first batch :[0, 7, 0, 7, 0, 0, 7, 7, 0, 0, 0, 0, 0, 7, 7, 0, 7, 7, 7, 7, 7, 0, 7, 0, 0, 7, 0, 0, 7, 7, 0, 0]

Unique id : 85, dataset size : 477
Communication time : 100, Computation time per batch : 100, Training time : 1700
['0:0.00%', '1:0.00%', '2:0.00%', '3:47.59%', '4:0.00%', '5:0.00%', '6:0.00%', '7:0.00%', '8:52.41%', '9:0.00%']
Divergence : jsd 0.6101, tvd 0.8000
labels from the first batch :[8, 8, 3, 8, 3, 3, 8, 8, 3, 8, 8, 3, 8, 3, 8, 3, 8, 3, 8, 8, 8, 8, 3, 8, 8, 8, 3, 3, 8, 8, 8, 3]

Unique id : 86, dataset size : 486
Communication time : 100, Computation time per batch : 100, Training time : 1800
['0:0.00%', '1:39.51%', '2:0.00%', '3:0.00%', '4:0.00%', '5:0.00%', '6:60.49%', '7:0.00%', '8:0.00%', '9:0.00%']
Divergence : jsd 0.6127, tvd 0.8000
labels from the first batch :[1, 6, 6, 1, 6, 6, 6, 6, 1, 1, 1, 6, 6, 1, 6, 6, 6, 6, 1, 1, 6, 6, 6, 1, 1, 6, 6, 6, 1, 6, 6, 1]

Unique id : 87, dataset size : 502
Communication time : 100, Computation time per batch : 100, Training time : 1800
['0:0.00%', '1:0.00%', '2:0.00%', '3:0.00%', '4:0.00%', '5:41.43%', '6:58.57%', '7:0.00%', '8:0.00%', '9:0.00%']
Divergence : jsd 0.6118, tvd 0.8000
labels from the first batch :[6, 6, 6, 6, 5, 5, 6, 6, 5, 6, 6, 5, 6, 6, 6, 6, 6, 5, 5, 6, 6, 6, 5, 6, 5, 6, 5, 5, 6, 6, 6, 6]

Unique id : 88, dataset size : 557
Communication time : 100, Computation time per batch : 100, Training time : 2000
['0:52.78%', '1:0.00%', '2:0.00%', '3:0.00%', '4:47.22%', '5:0.00%', '6:0.00%', '7:0.00%', '8:0.00%', '9:0.00%']
Divergence : jsd 0.6102, tvd 0.8000
labels from the first batch :[0, 4, 4, 0, 0, 0, 0, 0, 4, 0, 4, 0, 0, 4, 0, 4, 4, 4, 0, 4, 0, 4, 0, 0, 0, 4, 4, 4, 4, 0, 0, 0]

Unique id : 89, dataset size : 526
Communication time : 100, Computation time per batch : 100, Training time : 1900
['0:0.00%', '1:0.00%', '2:0.00%', '3:0.00%', '4:50.00%', '5:0.00%', '6:0.00%', '7:0.00%', '8:0.00%', '9:50.00%']
Divergence : jsd 0.6100, tvd 0.8000
labels from the first batch :[4, 9, 9, 9, 4, 9, 4, 9, 9, 4, 9, 9, 4, 9, 4, 4, 4, 9, 9, 9, 9, 9, 4, 4, 4, 9, 4, 4, 4, 9, 4, 9]

Unique id : 90, dataset size : 471
Communication time : 100, Computation time per batch : 100, Training time : 1700
['0:0.00%', '1:0.00%', '2:0.00%', '3:0.00%', '4:55.84%', '5:44.16%', '6:0.00%', '7:0.00%', '8:0.00%', '9:0.00%']
Divergence : jsd 0.6108, tvd 0.8000
labels from the first batch :[4, 4, 4, 4, 4, 4, 5, 4, 5, 4, 5, 4, 4, 5, 4, 5, 4, 4, 5, 4, 4, 5, 5, 5, 4, 5, 4, 5, 4, 4, 5, 5]

Unique id : 91, dataset size : 620
Communication time : 100, Computation time per batch : 100, Training time : 2200
['0:0.00%', '1:0.00%', '2:0.00%', '3:0.00%', '4:0.00%', '5:0.00%', '6:0.00%', '7:57.58%', '8:0.00%', '9:42.42%']
Divergence : jsd 0.6114, tvd 0.8000
labels from the first batch :[9, 7, 7, 9, 9, 7, 7, 7, 7, 7, 9, 9, 7, 7, 9, 7, 7, 9, 9, 7, 9, 7, 9, 9, 9, 9, 7, 9, 9, 9, 9, 7]

Unique id : 92, dataset size : 419
Communication time : 100, Computation time per batch : 100, Training time : 1600
['0:0.00%', '1:45.82%', '2:0.00%', '3:54.18%', '4:0.00%', '5:0.00%', '6:0.00%', '7:0.00%', '8:0.00%', '9:0.00%']
Divergence : jsd 0.6104, tvd 0.8000
labels from the first batch :[3, 1, 3, 1, 3, 1, 3, 3, 3, 1, 3, 3, 3, 3, 3, 1, 3, 1, 3, 1, 3, 1, 1, 1, 3, 3, 3, 1, 3, 3, 3, 1]

Unique id : 93, dataset size : 419
Communication time : 100, Computation time per batch : 100, Training time : 1600
['0:0.00%', '1:45.82%', '2:0.00%', '3:54.18%', '4:0.00%', '5:0.00%', '6:0.00%', '7:0.00%', '8:0.00%', '9:0.00%']
Divergence : jsd 0.6104, tvd 0.8000
labels from the first batch :[3, 3, 3, 3, 1, 1, 3, 3, 3, 3, 3, 3, 3, 1, 1, 1, 3, 1, 3, 3, 1, 1, 1, 3, 1, 3, 1, 1, 1, 3, 3, 3]

Unique id : 94, dataset size : 513
Communication time : 100, Computation time per batch : 100, Training time : 1900
['0:0.00%', '1:0.00%', '2:0.00%', '3:0.00%', '4:51.27%', '5:0.00%', '6:0.00%', '7:0.00%', '8:48.73%', '9:0.00%']
Divergence : jsd 0.6100, tvd 0.8000
labels from the first batch :[4, 4, 4, 4, 4, 4, 8, 4, 8, 8, 8, 4, 8, 4, 8, 8, 4, 4, 8, 8, 4, 8, 4, 8, 8, 4, 4, 4, 4, 4, 8, 4]

Unique id : 95, dataset size : 454
Communication time : 100, Computation time per batch : 100, Training time : 1700
['0:0.00%', '1:0.00%', '2:50.00%', '3:50.00%', '4:0.00%', '5:0.00%', '6:0.00%', '7:0.00%', '8:0.00%', '9:0.00%']
Divergence : jsd 0.6100, tvd 0.8000
labels from the first batch :[3, 3, 2, 3, 2, 3, 2, 3, 3, 2, 2, 2, 2, 2, 3, 2, 2, 3, 3, 2, 2, 3, 2, 2, 2, 3, 3, 3, 2, 2, 3, 2]

Unique id : 96, dataset size : 455
Communication time : 100, Computation time per batch : 100, Training time : 1700
['0:0.00%', '1:42.20%', '2:0.00%', '3:0.00%', '4:57.80%', '5:0.00%', '6:0.00%', '7:0.00%', '8:0.00%', '9:0.00%']
Divergence : jsd 0.6115, tvd 0.8000
labels from the first batch :[4, 4, 1, 4, 1, 1, 1, 4, 1, 4, 4, 4, 1, 1, 1, 1, 4, 1, 4, 1, 4, 1, 4, 4, 4, 4, 4, 1, 4, 1, 4, 4]

Unique id : 97, dataset size : 544
Communication time : 100, Computation time per batch : 100, Training time : 1900
['0:0.00%', '1:0.00%', '2:0.00%', '3:0.00%', '4:0.00%', '5:0.00%', '6:54.04%', '7:0.00%', '8:45.96%', '9:0.00%']
Divergence : jsd 0.6104, tvd 0.8000
labels from the first batch :[8, 6, 8, 8, 8, 8, 6, 6, 6, 8, 8, 8, 6, 6, 6, 8, 8, 6, 6, 6, 8, 8, 6, 6, 8, 6, 6, 6, 8, 6, 8, 6]

Unique id : 98, dataset size : 502
Communication time : 100, Computation time per batch : 100, Training time : 1800
['0:0.00%', '1:0.00%', '2:0.00%', '3:0.00%', '4:0.00%', '5:41.43%', '6:58.57%', '7:0.00%', '8:0.00%', '9:0.00%']
Divergence : jsd 0.6118, tvd 0.8000
labels from the first batch :[6, 6, 6, 5, 5, 6, 5, 5, 6, 5, 5, 5, 5, 5, 6, 6, 5, 6, 6, 6, 6, 5, 6, 6, 6, 5, 6, 6, 6, 5, 5, 6]

Unique id : 99, dataset size : 490
Communication time : 100, Computation time per batch : 100, Training time : 1800
['0:0.00%', '1:0.00%', '2:0.00%', '3:46.33%', '4:53.67%', '5:0.00%', '6:0.00%', '7:0.00%', '8:0.00%', '9:0.00%']
Divergence : jsd 0.6103, tvd 0.8000
labels from the first batch :[4, 3, 4, 3, 4, 4, 3, 4, 4, 3, 4, 4, 3, 4, 3, 4, 3, 3, 4, 4, 3, 3, 3, 3, 4, 4, 3, 4, 4, 4, 4, 4]

