Client 0 with 2400 data
Communication time : 100, Computation time per epoch : 100, Training time : 700
0 : 9.96%  1 : 11.00%  2 : 10.50%  3 : 10.96%  4 : 9.83%  5 : 7.79%  6 : 9.79%  7 : 10.71%  8 : 9.38%  9 : 10.08%  
Divergence : jsd 0.0005, tvd 0.0193
labels from the first batch :[5, 2, 7, 1, 2, 2, 2, 1, 8, 7, 1, 5, 3, 7, 3, 3, 1, 0, 4, 7, 6, 3, 7, 5, 2, 3, 4, 7, 9, 2, 8, 0]

Client 1 with 2400 data
Communication time : 100, Computation time per epoch : 100, Training time : 700
0 : 9.38%  1 : 11.33%  2 : 10.88%  3 : 9.33%  4 : 9.75%  5 : 9.33%  6 : 10.12%  7 : 10.08%  8 : 9.79%  9 : 10.00%  
Divergence : jsd 0.0004, tvd 0.0174
labels from the first batch :[8, 0, 3, 8, 5, 8, 3, 1, 0, 6, 3, 4, 2, 7, 6, 6, 5, 9, 4, 8, 2, 9, 2, 3, 0, 6, 4, 7, 5, 0, 3, 1]

Client 2 with 2400 data
Communication time : 100, Computation time per epoch : 100, Training time : 700
0 : 10.58%  1 : 12.21%  2 : 8.96%  3 : 10.25%  4 : 8.42%  5 : 9.12%  6 : 10.04%  7 : 10.38%  8 : 10.29%  9 : 9.75%  
Divergence : jsd 0.0008, tvd 0.0252
labels from the first batch :[1, 5, 6, 5, 5, 1, 9, 7, 2, 8, 6, 2, 5, 8, 1, 0, 4, 7, 4, 9, 8, 8, 9, 3, 8, 2, 8, 7, 6, 7, 7, 5]

Client 3 with 2400 data
Communication time : 100, Computation time per epoch : 100, Training time : 700
0 : 9.75%  1 : 9.62%  2 : 10.25%  3 : 10.67%  4 : 10.25%  5 : 9.62%  6 : 9.12%  7 : 11.42%  8 : 9.75%  9 : 9.54%  
Divergence : jsd 0.0009, tvd 0.0285
labels from the first batch :[3, 5, 4, 2, 3, 9, 7, 1, 4, 6, 1, 6, 1, 0, 1, 2, 9, 5, 4, 4, 3, 5, 7, 9, 6, 4, 3, 9, 8, 3, 0, 7]

Client 4 with 2400 data
Communication time : 100, Computation time per epoch : 100, Training time : 700
0 : 10.21%  1 : 11.75%  2 : 11.29%  3 : 9.83%  4 : 8.67%  5 : 9.46%  6 : 9.75%  7 : 10.75%  8 : 9.46%  9 : 8.83%  
Divergence : jsd 0.0009, tvd 0.0294
labels from the first batch :[7, 1, 3, 4, 5, 9, 8, 4, 7, 5, 1, 2, 6, 1, 0, 3, 9, 4, 9, 4, 8, 8, 4, 9, 4, 9, 7, 9, 4, 0, 2, 4]

Client 5 with 2400 data
Communication time : 100, Computation time per epoch : 100, Training time : 700
0 : 9.50%  1 : 11.58%  2 : 9.79%  3 : 10.04%  4 : 10.04%  5 : 8.92%  6 : 10.29%  7 : 9.75%  8 : 10.08%  9 : 10.00%  
Divergence : jsd 0.0002, tvd 0.0150
labels from the first batch :[8, 2, 7, 7, 3, 8, 4, 9, 2, 3, 6, 9, 1, 5, 5, 3, 2, 9, 2, 0, 0, 1, 1, 8, 8, 4, 5, 5, 5, 7, 3, 1]

Client 6 with 2400 data
Communication time : 100, Computation time per epoch : 100, Training time : 700
0 : 9.33%  1 : 12.08%  2 : 9.75%  3 : 9.88%  4 : 9.58%  5 : 9.04%  6 : 9.92%  7 : 10.08%  8 : 10.25%  9 : 10.08%  
Divergence : jsd 0.0003, tvd 0.0157
labels from the first batch :[4, 5, 0, 5, 9, 2, 9, 0, 9, 9, 9, 4, 1, 0, 6, 8, 8, 8, 5, 4, 7, 3, 8, 2, 8, 1, 7, 2, 3, 5, 0, 9]

Client 7 with 2400 data
Communication time : 100, Computation time per epoch : 100, Training time : 700
0 : 9.50%  1 : 11.21%  2 : 9.50%  3 : 10.29%  4 : 10.46%  5 : 8.75%  6 : 9.58%  7 : 10.21%  8 : 10.17%  9 : 10.33%  
Divergence : jsd 0.0003, tvd 0.0163
labels from the first batch :[3, 8, 5, 4, 5, 3, 9, 0, 3, 1, 6, 9, 2, 1, 1, 3, 0, 9, 0, 6, 7, 0, 4, 3, 5, 2, 6, 4, 7, 7, 8, 7]

Client 8 with 2400 data
Communication time : 100, Computation time per epoch : 100, Training time : 700
0 : 8.96%  1 : 10.54%  2 : 9.79%  3 : 10.21%  4 : 10.17%  5 : 9.46%  6 : 9.75%  7 : 10.62%  8 : 9.38%  9 : 11.12%  
Divergence : jsd 0.0006, tvd 0.0225
labels from the first batch :[9, 2, 8, 8, 3, 1, 1, 1, 4, 1, 1, 6, 3, 9, 9, 1, 5, 2, 3, 7, 0, 7, 8, 9, 3, 5, 1, 1, 8, 5, 6, 0]

Client 9 with 2400 data
Communication time : 100, Computation time per epoch : 100, Training time : 700
0 : 10.67%  1 : 11.08%  2 : 9.04%  3 : 10.42%  4 : 10.33%  5 : 9.08%  6 : 10.21%  7 : 9.71%  8 : 9.29%  9 : 10.17%  
Divergence : jsd 0.0005, tvd 0.0224
labels from the first batch :[3, 7, 5, 0, 3, 5, 9, 1, 2, 9, 9, 3, 1, 8, 7, 9, 4, 9, 4, 0, 3, 8, 6, 9, 4, 3, 5, 5, 7, 6, 8, 6]

Client 10 with 2400 data
Communication time : 100, Computation time per epoch : 100, Training time : 700
0 : 9.71%  1 : 11.42%  2 : 10.08%  3 : 9.71%  4 : 9.29%  5 : 9.50%  6 : 10.58%  7 : 11.29%  8 : 8.00%  9 : 10.42%  
Divergence : jsd 0.0010, tvd 0.0287
labels from the first batch :[1, 7, 9, 4, 3, 4, 3, 3, 2, 7, 4, 0, 0, 1, 9, 3, 6, 4, 5, 6, 7, 6, 3, 6, 2, 8, 5, 5, 7, 1, 2, 2]

Client 11 with 2400 data
Communication time : 100, Computation time per epoch : 100, Training time : 700
0 : 9.42%  1 : 11.67%  2 : 10.17%  3 : 11.46%  4 : 9.92%  5 : 9.25%  6 : 10.54%  7 : 9.79%  8 : 8.83%  9 : 8.96%  
Divergence : jsd 0.0008, tvd 0.0298
labels from the first batch :[0, 7, 5, 1, 6, 7, 4, 5, 0, 2, 6, 7, 6, 1, 3, 7, 4, 1, 3, 9, 4, 3, 3, 8, 3, 4, 4, 9, 5, 7, 4, 6]

Client 12 with 2400 data
Communication time : 100, Computation time per epoch : 100, Training time : 700
0 : 10.46%  1 : 11.54%  2 : 9.88%  3 : 10.83%  4 : 10.38%  5 : 8.54%  6 : 10.46%  7 : 8.79%  8 : 9.54%  9 : 9.58%  
Divergence : jsd 0.0009, tvd 0.0274
labels from the first batch :[8, 0, 0, 9, 0, 5, 5, 0, 0, 4, 5, 8, 1, 4, 7, 2, 2, 3, 3, 6, 1, 8, 8, 8, 9, 2, 1, 4, 1, 0, 2, 1]

Client 13 with 2400 data
Communication time : 100, Computation time per epoch : 100, Training time : 700
0 : 9.71%  1 : 11.33%  2 : 9.79%  3 : 11.12%  4 : 9.25%  5 : 9.00%  6 : 10.67%  7 : 10.33%  8 : 9.79%  9 : 9.00%  
Divergence : jsd 0.0005, tvd 0.0185
labels from the first batch :[4, 4, 0, 3, 6, 5, 3, 3, 4, 7, 3, 1, 7, 5, 8, 0, 7, 1, 8, 4, 1, 0, 7, 3, 3, 8, 0, 2, 6, 6, 1, 9]

Client 14 with 2400 data
Communication time : 100, Computation time per epoch : 100, Training time : 700
0 : 11.12%  1 : 10.88%  2 : 9.33%  3 : 9.75%  4 : 10.46%  5 : 8.42%  6 : 8.75%  7 : 10.83%  8 : 10.12%  9 : 10.33%  
Divergence : jsd 0.0009, tvd 0.0316
labels from the first batch :[6, 0, 8, 1, 1, 2, 1, 8, 2, 6, 7, 7, 9, 8, 7, 5, 0, 0, 9, 4, 2, 6, 0, 5, 6, 2, 3, 1, 5, 5, 4, 1]

Client 15 with 2400 data
Communication time : 100, Computation time per epoch : 100, Training time : 700
0 : 8.62%  1 : 11.38%  2 : 10.17%  3 : 10.12%  4 : 9.58%  5 : 9.17%  6 : 10.04%  7 : 11.25%  8 : 9.33%  9 : 10.33%  
Divergence : jsd 0.0005, tvd 0.0191
labels from the first batch :[2, 3, 8, 4, 9, 9, 7, 2, 7, 1, 6, 5, 4, 8, 8, 3, 0, 3, 8, 9, 7, 0, 9, 2, 6, 6, 3, 5, 4, 5, 8, 3]

Client 16 with 2400 data
Communication time : 100, Computation time per epoch : 100, Training time : 700
0 : 10.42%  1 : 11.58%  2 : 10.00%  3 : 9.75%  4 : 9.88%  5 : 9.08%  6 : 9.58%  7 : 10.71%  8 : 9.33%  9 : 9.67%  
Divergence : jsd 0.0002, tvd 0.0142
labels from the first batch :[8, 0, 6, 2, 3, 6, 2, 8, 1, 5, 8, 3, 8, 6, 2, 8, 4, 6, 8, 1, 4, 8, 5, 1, 6, 2, 0, 8, 6, 7, 2, 1]

Client 17 with 2400 data
Communication time : 100, Computation time per epoch : 100, Training time : 700
0 : 9.88%  1 : 11.29%  2 : 10.46%  3 : 10.25%  4 : 9.21%  5 : 8.46%  6 : 9.12%  7 : 11.79%  8 : 9.92%  9 : 9.62%  
Divergence : jsd 0.0006, tvd 0.0213
labels from the first batch :[5, 0, 8, 2, 5, 7, 4, 2, 2, 6, 4, 0, 7, 5, 9, 5, 0, 7, 4, 9, 5, 2, 3, 3, 8, 4, 2, 2, 6, 3, 6, 2]

Client 18 with 2400 data
Communication time : 100, Computation time per epoch : 100, Training time : 700
0 : 10.00%  1 : 10.62%  2 : 9.71%  3 : 10.33%  4 : 10.25%  5 : 8.83%  6 : 9.33%  7 : 10.21%  8 : 11.21%  9 : 9.50%  
Divergence : jsd 0.0006, tvd 0.0221
labels from the first batch :[6, 8, 1, 6, 5, 5, 8, 4, 4, 9, 9, 2, 7, 0, 5, 2, 2, 9, 2, 4, 4, 2, 1, 0, 6, 6, 8, 1, 1, 0, 5, 5]

Client 19 with 2400 data
Communication time : 100, Computation time per epoch : 100, Training time : 700
0 : 10.67%  1 : 11.33%  2 : 10.46%  3 : 9.58%  4 : 9.42%  5 : 8.75%  6 : 10.38%  7 : 9.71%  8 : 10.00%  9 : 9.71%  
Divergence : jsd 0.0004, tvd 0.0218
labels from the first batch :[6, 1, 5, 2, 9, 6, 4, 1, 5, 2, 7, 3, 7, 0, 8, 0, 6, 6, 4, 3, 6, 4, 5, 8, 9, 8, 0, 8, 1, 7, 6, 1]

Client 20 with 2400 data
Communication time : 100, Computation time per epoch : 100, Training time : 700
0 : 9.25%  1 : 11.54%  2 : 9.33%  3 : 9.79%  4 : 9.75%  5 : 8.96%  6 : 9.38%  7 : 10.25%  8 : 10.92%  9 : 10.83%  
Divergence : jsd 0.0006, tvd 0.0240
labels from the first batch :[6, 6, 7, 9, 9, 9, 5, 4, 1, 9, 7, 2, 0, 9, 5, 8, 9, 0, 5, 8, 4, 4, 7, 1, 2, 1, 7, 9, 9, 2, 7, 7]

Client 21 with 2400 data
Communication time : 100, Computation time per epoch : 100, Training time : 700
0 : 9.67%  1 : 12.08%  2 : 10.79%  3 : 10.04%  4 : 9.42%  5 : 9.04%  6 : 9.08%  7 : 11.21%  8 : 8.62%  9 : 10.04%  
Divergence : jsd 0.0007, tvd 0.0261
labels from the first batch :[7, 0, 2, 9, 8, 0, 0, 7, 3, 6, 2, 7, 6, 9, 1, 5, 4, 0, 5, 6, 6, 0, 9, 6, 1, 2, 4, 8, 0, 1, 6, 5]

Client 22 with 2400 data
Communication time : 100, Computation time per epoch : 100, Training time : 700
0 : 10.62%  1 : 10.00%  2 : 9.71%  3 : 10.17%  4 : 9.67%  5 : 9.71%  6 : 9.62%  7 : 10.58%  8 : 9.83%  9 : 10.08%  
Divergence : jsd 0.0005, tvd 0.0182
labels from the first batch :[8, 3, 7, 3, 3, 4, 3, 2, 1, 8, 8, 9, 3, 9, 3, 9, 8, 2, 4, 0, 4, 2, 7, 3, 3, 8, 6, 3, 1, 0, 6, 4]

Client 23 with 2400 data
Communication time : 100, Computation time per epoch : 100, Training time : 700
0 : 9.21%  1 : 10.75%  2 : 9.58%  3 : 10.58%  4 : 10.08%  5 : 8.58%  6 : 10.88%  7 : 10.50%  8 : 10.46%  9 : 9.38%  
Divergence : jsd 0.0006, tvd 0.0249
labels from the first batch :[9, 2, 7, 2, 1, 7, 1, 7, 8, 6, 8, 5, 9, 2, 3, 3, 5, 5, 1, 2, 4, 3, 6, 9, 8, 4, 4, 6, 7, 4, 4, 8]

Client 24 with 2400 data
Communication time : 100, Computation time per epoch : 100, Training time : 700
0 : 10.21%  1 : 11.08%  2 : 9.04%  3 : 10.08%  4 : 9.38%  5 : 10.00%  6 : 9.58%  7 : 10.08%  8 : 10.04%  9 : 10.50%  
Divergence : jsd 0.0005, tvd 0.0218
labels from the first batch :[3, 7, 8, 3, 5, 5, 2, 9, 5, 1, 9, 6, 5, 0, 9, 7, 8, 5, 4, 7, 9, 0, 9, 6, 5, 0, 6, 1, 3, 8, 9, 6]

