Unique id : 0, dataset size : 501
Communication time : 800, Computation time per batch : 10, Training time : 9600
0 : 0.40%  1 : 0.60%  2 : 1.00%  3 : 0.80%  4 : 0.40%  5 : 0.80%  6 : 94.81%  7 : 0.40%  8 : 0.40%  9 : 0.40%  
Divergence : jsd 0.6191, tvd 0.8481
labels from the first batch :[6, 6, 6, 6, 6, 6, 6, 6, 6, 6, 6, 6, 6, 6, 6, 0, 6, 6, 6, 6, 6, 6, 6, 6, 6, 6, 6, 3, 6, 6, 6, 6]

Unique id : 1, dataset size : 501
Communication time : 800, Computation time per batch : 10, Training time : 1440
0 : 0.60%  1 : 0.40%  2 : 0.20%  3 : 0.60%  4 : 0.60%  5 : 0.80%  6 : 94.81%  7 : 0.20%  8 : 1.20%  9 : 0.60%  
Divergence : jsd 0.6211, tvd 0.8481
labels from the first batch :[6, 6, 6, 6, 6, 6, 6, 6, 0, 6, 6, 6, 6, 6, 6, 6, 6, 6, 6, 6, 6, 6, 6, 6, 6, 6, 6, 6, 6, 6, 6, 6]

Unique id : 2, dataset size : 500
Communication time : 800, Computation time per batch : 10, Training time : 1440
0 : 0.80%  1 : 0.40%  2 : 0.40%  3 : 0.00%  4 : 0.40%  5 : 1.00%  6 : 95.00%  7 : 0.60%  8 : 1.00%  9 : 0.40%  
Divergence : jsd 0.6273, tvd 0.8500
labels from the first batch :[6, 6, 6, 6, 6, 6, 6, 5, 6, 6, 6, 6, 7, 6, 6, 6, 5, 6, 6, 6, 6, 6, 6, 6, 6, 6, 6, 6, 6, 6, 6, 6]

Unique id : 3, dataset size : 500
Communication time : 800, Computation time per batch : 10, Training time : 1440
0 : 0.40%  1 : 0.60%  2 : 0.80%  3 : 0.40%  4 : 0.80%  5 : 0.60%  6 : 95.00%  7 : 0.80%  8 : 0.40%  9 : 0.20%  
Divergence : jsd 0.6230, tvd 0.8500
labels from the first batch :[6, 6, 6, 6, 6, 6, 6, 6, 6, 6, 6, 6, 6, 6, 6, 6, 6, 6, 6, 6, 6, 6, 6, 6, 6, 6, 6, 6, 6, 6, 6, 6]

Unique id : 4, dataset size : 500
Communication time : 800, Computation time per batch : 10, Training time : 1440
0 : 1.00%  1 : 0.40%  2 : 0.80%  3 : 0.00%  4 : 0.40%  5 : 0.60%  6 : 95.00%  7 : 0.80%  8 : 0.60%  9 : 0.40%  
Divergence : jsd 0.6265, tvd 0.8500
labels from the first batch :[6, 6, 0, 6, 6, 6, 6, 6, 6, 6, 6, 6, 6, 6, 6, 6, 6, 6, 6, 6, 6, 6, 6, 6, 6, 6, 6, 6, 6, 6, 6, 6]

Unique id : 5, dataset size : 500
Communication time : 800, Computation time per batch : 10, Training time : 1440
0 : 0.20%  1 : 0.40%  2 : 0.80%  3 : 0.60%  4 : 0.20%  5 : 0.60%  6 : 95.00%  7 : 0.80%  8 : 0.40%  9 : 1.00%  
Divergence : jsd 0.6246, tvd 0.8500
labels from the first batch :[6, 6, 6, 6, 6, 6, 6, 6, 6, 6, 6, 6, 6, 6, 6, 6, 6, 2, 6, 6, 6, 6, 6, 6, 6, 6, 6, 6, 8, 6, 6, 6]

Unique id : 6, dataset size : 500
Communication time : 800, Computation time per batch : 10, Training time : 1440
0 : 0.60%  1 : 0.60%  2 : 0.20%  3 : 0.80%  4 : 0.60%  5 : 0.60%  6 : 95.00%  7 : 1.00%  8 : 0.00%  9 : 0.60%  
Divergence : jsd 0.6268, tvd 0.8500
labels from the first batch :[6, 6, 6, 6, 6, 6, 6, 6, 6, 6, 6, 6, 6, 6, 6, 6, 6, 6, 6, 6, 6, 6, 6, 6, 6, 6, 6, 6, 6, 6, 6, 6]

Unique id : 7, dataset size : 500
Communication time : 800, Computation time per batch : 10, Training time : 1440
0 : 0.20%  1 : 0.60%  2 : 0.40%  3 : 1.00%  4 : 0.80%  5 : 0.00%  6 : 95.00%  7 : 0.80%  8 : 0.60%  9 : 0.60%  
Divergence : jsd 0.6273, tvd 0.8500
labels from the first batch :[6, 6, 6, 6, 6, 6, 6, 6, 6, 6, 0, 6, 6, 6, 6, 6, 6, 6, 6, 6, 6, 6, 6, 6, 6, 6, 6, 6, 6, 6, 9, 6]

Unique id : 8, dataset size : 500
Communication time : 800, Computation time per batch : 10, Training time : 1440
0 : 0.40%  1 : 0.80%  2 : 0.80%  3 : 0.60%  4 : 1.00%  5 : 0.20%  6 : 95.00%  7 : 0.00%  8 : 0.40%  9 : 0.80%  
Divergence : jsd 0.6277, tvd 0.8500
labels from the first batch :[6, 6, 6, 6, 6, 6, 6, 6, 6, 6, 6, 6, 6, 6, 6, 6, 6, 6, 6, 6, 6, 6, 6, 6, 6, 6, 6, 6, 6, 6, 6, 6]

Unique id : 9, dataset size : 500
Communication time : 800, Computation time per batch : 10, Training time : 1440
0 : 1.00%  1 : 0.80%  2 : 0.20%  3 : 0.80%  4 : 0.40%  5 : 0.40%  6 : 95.00%  7 : 0.20%  8 : 0.60%  9 : 0.60%  
Divergence : jsd 0.6246, tvd 0.8500
labels from the first batch :[6, 6, 6, 6, 6, 6, 6, 1, 6, 6, 6, 6, 6, 6, 6, 6, 6, 6, 6, 6, 6, 6, 6, 6, 6, 6, 6, 6, 6, 6, 6, 6]

Unique id : 10, dataset size : 501
Communication time : 800, Computation time per batch : 10, Training time : 9600
0 : 0.40%  1 : 0.60%  2 : 1.40%  3 : 0.60%  4 : 0.20%  5 : 0.60%  6 : 0.40%  7 : 0.60%  8 : 0.40%  9 : 94.81%  
Divergence : jsd 0.6212, tvd 0.8481
labels from the first batch :[9, 9, 9, 9, 9, 9, 9, 9, 9, 9, 9, 9, 9, 9, 9, 9, 9, 9, 9, 9, 9, 9, 9, 9, 9, 9, 9, 9, 9, 9, 9, 9]

Unique id : 11, dataset size : 501
Communication time : 800, Computation time per batch : 10, Training time : 1440
0 : 0.20%  1 : 0.20%  2 : 0.40%  3 : 0.80%  4 : 0.60%  5 : 0.40%  6 : 1.00%  7 : 1.20%  8 : 0.40%  9 : 94.81%  
Divergence : jsd 0.6224, tvd 0.8481
labels from the first batch :[9, 9, 9, 9, 9, 9, 9, 9, 9, 5, 9, 9, 9, 9, 9, 9, 9, 9, 4, 9, 9, 9, 9, 9, 9, 9, 9, 9, 9, 9, 9, 9]

Unique id : 12, dataset size : 500
Communication time : 800, Computation time per batch : 10, Training time : 1440
0 : 0.40%  1 : 1.20%  2 : 0.00%  3 : 0.40%  4 : 1.00%  5 : 0.80%  6 : 0.20%  7 : 0.80%  8 : 0.20%  9 : 95.00%  
Divergence : jsd 0.6303, tvd 0.8500
labels from the first batch :[9, 9, 9, 9, 9, 9, 9, 9, 9, 9, 9, 9, 9, 9, 9, 9, 9, 9, 9, 4, 9, 9, 9, 9, 9, 9, 9, 9, 9, 9, 9, 9]

Unique id : 13, dataset size : 500
Communication time : 800, Computation time per batch : 10, Training time : 1440
0 : 0.40%  1 : 0.40%  2 : 0.60%  3 : 0.60%  4 : 0.80%  5 : 0.80%  6 : 0.60%  7 : 0.40%  8 : 0.40%  9 : 95.00%  
Divergence : jsd 0.6218, tvd 0.8500
labels from the first batch :[9, 9, 9, 9, 9, 7, 9, 9, 9, 9, 9, 9, 9, 9, 9, 9, 9, 9, 9, 9, 9, 9, 9, 9, 9, 9, 9, 9, 8, 9, 9, 9]

Unique id : 14, dataset size : 500
Communication time : 800, Computation time per batch : 10, Training time : 1440
0 : 0.80%  1 : 0.40%  2 : 0.80%  3 : 0.20%  4 : 1.00%  5 : 0.60%  6 : 0.40%  7 : 0.00%  8 : 0.80%  9 : 95.00%  
Divergence : jsd 0.6277, tvd 0.8500
labels from the first batch :[9, 9, 9, 9, 2, 9, 9, 9, 0, 9, 9, 9, 9, 9, 9, 9, 9, 9, 9, 9, 9, 9, 9, 9, 9, 5, 9, 9, 9, 9, 9, 9]

Unique id : 15, dataset size : 500
Communication time : 800, Computation time per batch : 10, Training time : 1440
0 : 0.40%  1 : 0.60%  2 : 0.20%  3 : 0.40%  4 : 0.80%  5 : 0.60%  6 : 0.80%  7 : 0.80%  8 : 0.40%  9 : 95.00%  
Divergence : jsd 0.6230, tvd 0.8500
labels from the first batch :[9, 9, 9, 9, 9, 9, 9, 9, 9, 9, 9, 9, 9, 9, 9, 9, 9, 9, 9, 9, 9, 9, 9, 9, 9, 9, 9, 9, 9, 9, 9, 9]

Unique id : 16, dataset size : 500
Communication time : 800, Computation time per batch : 10, Training time : 1440
0 : 0.40%  1 : 0.80%  2 : 0.40%  3 : 0.80%  4 : 0.40%  5 : 0.40%  6 : 0.80%  7 : 0.00%  8 : 1.00%  9 : 95.00%  
Divergence : jsd 0.6270, tvd 0.8500
labels from the first batch :[9, 9, 9, 9, 9, 9, 9, 9, 9, 9, 9, 9, 9, 9, 9, 9, 9, 9, 9, 9, 9, 9, 9, 9, 9, 9, 9, 9, 9, 9, 9, 9]

Unique id : 17, dataset size : 500
Communication time : 800, Computation time per batch : 10, Training time : 1440
0 : 1.20%  1 : 0.60%  2 : 0.60%  3 : 1.00%  4 : 0.00%  5 : 0.00%  6 : 0.40%  7 : 0.60%  8 : 0.60%  9 : 95.00%  
Divergence : jsd 0.6314, tvd 0.8500
labels from the first batch :[9, 9, 9, 9, 9, 9, 9, 9, 9, 9, 9, 9, 9, 9, 9, 9, 9, 9, 9, 9, 9, 9, 7, 9, 9, 9, 9, 9, 9, 9, 9, 9]

Unique id : 18, dataset size : 500
Communication time : 800, Computation time per batch : 10, Training time : 1440
0 : 0.60%  1 : 0.80%  2 : 0.80%  3 : 0.40%  4 : 0.40%  5 : 0.60%  6 : 0.20%  7 : 0.60%  8 : 0.60%  9 : 95.00%  
Divergence : jsd 0.6226, tvd 0.8500
labels from the first batch :[9, 9, 9, 9, 9, 9, 9, 4, 9, 9, 9, 7, 9, 9, 9, 9, 9, 9, 9, 9, 9, 9, 9, 9, 9, 9, 5, 9, 9, 9, 9, 9]

Unique id : 19, dataset size : 500
Communication time : 800, Computation time per batch : 10, Training time : 1440
0 : 0.80%  1 : 0.00%  2 : 0.40%  3 : 0.40%  4 : 0.40%  5 : 0.80%  6 : 0.80%  7 : 0.60%  8 : 0.80%  9 : 95.00%  
Divergence : jsd 0.6262, tvd 0.8500
labels from the first batch :[9, 9, 9, 9, 9, 9, 9, 9, 9, 6, 9, 5, 9, 9, 9, 9, 9, 9, 9, 0, 9, 9, 9, 9, 9, 7, 9, 9, 9, 9, 9, 9]

Unique id : 20, dataset size : 501
Communication time : 800, Computation time per batch : 10, Training time : 9600
0 : 0.60%  1 : 0.20%  2 : 0.00%  3 : 0.80%  4 : 94.81%  5 : 1.00%  6 : 0.60%  7 : 0.80%  8 : 1.00%  9 : 0.20%  
Divergence : jsd 0.6252, tvd 0.8481
labels from the first batch :[4, 4, 4, 4, 4, 4, 4, 4, 4, 4, 4, 4, 4, 4, 4, 4, 4, 4, 4, 4, 4, 4, 4, 4, 4, 4, 4, 4, 4, 4, 4, 4]

Unique id : 21, dataset size : 501
Communication time : 800, Computation time per batch : 10, Training time : 1440
0 : 0.40%  1 : 0.00%  2 : 1.00%  3 : 0.60%  4 : 94.81%  5 : 1.00%  6 : 0.60%  7 : 0.80%  8 : 0.40%  9 : 0.40%  
Divergence : jsd 0.6233, tvd 0.8481
labels from the first batch :[5, 4, 4, 4, 4, 4, 4, 4, 4, 4, 4, 4, 4, 4, 4, 4, 4, 4, 4, 4, 4, 4, 4, 4, 4, 4, 4, 4, 4, 4, 4, 4]

Unique id : 22, dataset size : 500
Communication time : 800, Computation time per batch : 10, Training time : 1440
0 : 0.60%  1 : 0.40%  2 : 0.40%  3 : 0.20%  4 : 95.00%  5 : 0.20%  6 : 0.80%  7 : 0.80%  8 : 0.80%  9 : 0.80%  
Divergence : jsd 0.6242, tvd 0.8500
labels from the first batch :[4, 4, 4, 4, 4, 4, 4, 4, 4, 4, 4, 7, 4, 4, 4, 4, 4, 9, 4, 4, 4, 4, 4, 4, 4, 4, 4, 4, 4, 4, 4, 4]

Unique id : 23, dataset size : 500
Communication time : 800, Computation time per batch : 10, Training time : 1440
0 : 1.20%  1 : 0.60%  2 : 0.40%  3 : 0.80%  4 : 95.00%  5 : 0.40%  6 : 0.60%  7 : 0.60%  8 : 0.20%  9 : 0.20%  
Divergence : jsd 0.6252, tvd 0.8500
labels from the first batch :[9, 4, 4, 4, 4, 4, 4, 4, 4, 0, 4, 4, 4, 4, 4, 4, 4, 4, 4, 4, 4, 4, 4, 7, 4, 4, 4, 4, 4, 4, 4, 4]

Unique id : 24, dataset size : 500
Communication time : 800, Computation time per batch : 10, Training time : 1440
0 : 1.00%  1 : 1.00%  2 : 0.40%  3 : 0.40%  4 : 95.00%  5 : 0.80%  6 : 0.20%  7 : 0.00%  8 : 0.20%  9 : 1.00%  
Divergence : jsd 0.6300, tvd 0.8500
labels from the first batch :[4, 4, 4, 4, 4, 4, 4, 4, 4, 4, 4, 4, 4, 4, 4, 4, 4, 4, 4, 4, 4, 4, 4, 4, 4, 4, 4, 4, 4, 4, 4, 4]

Unique id : 25, dataset size : 500
Communication time : 800, Computation time per batch : 10, Training time : 1440
0 : 0.80%  1 : 1.00%  2 : 0.40%  3 : 0.40%  4 : 95.00%  5 : 0.60%  6 : 0.20%  7 : 0.80%  8 : 0.60%  9 : 0.20%  
Divergence : jsd 0.6246, tvd 0.8500
labels from the first batch :[4, 4, 4, 4, 4, 4, 4, 4, 4, 4, 4, 4, 4, 4, 4, 4, 4, 4, 4, 4, 4, 8, 4, 4, 4, 4, 4, 4, 4, 4, 4, 4]

Unique id : 26, dataset size : 500
Communication time : 800, Computation time per batch : 10, Training time : 1440
0 : 0.60%  1 : 0.80%  2 : 1.00%  3 : 0.20%  4 : 95.00%  5 : 0.00%  6 : 0.80%  7 : 0.00%  8 : 0.60%  9 : 1.00%  
Divergence : jsd 0.6319, tvd 0.8500
labels from the first batch :[4, 4, 4, 4, 4, 4, 4, 4, 4, 4, 4, 4, 4, 4, 4, 4, 4, 4, 4, 4, 4, 4, 4, 4, 4, 4, 4, 4, 4, 4, 4, 4]

Unique id : 27, dataset size : 500
Communication time : 800, Computation time per batch : 10, Training time : 1440
0 : 0.20%  1 : 0.80%  2 : 0.80%  3 : 0.60%  4 : 95.00%  5 : 0.60%  6 : 0.40%  7 : 0.60%  8 : 0.20%  9 : 0.80%  
Divergence : jsd 0.6238, tvd 0.8500
labels from the first batch :[4, 4, 4, 4, 4, 4, 4, 4, 4, 4, 4, 4, 4, 4, 4, 4, 4, 4, 4, 4, 4, 4, 4, 4, 4, 4, 4, 4, 4, 4, 4, 4]

Unique id : 28, dataset size : 500
Communication time : 800, Computation time per batch : 10, Training time : 1440
0 : 0.20%  1 : 0.00%  2 : 0.80%  3 : 1.00%  4 : 95.00%  5 : 0.20%  6 : 0.80%  7 : 0.80%  8 : 0.60%  9 : 0.60%  
Divergence : jsd 0.6284, tvd 0.8500
labels from the first batch :[4, 4, 4, 4, 4, 4, 4, 7, 4, 4, 4, 4, 4, 4, 8, 4, 4, 4, 3, 4, 4, 4, 4, 4, 4, 4, 4, 4, 4, 4, 4, 4]

Unique id : 29, dataset size : 500
Communication time : 800, Computation time per batch : 10, Training time : 1440
0 : 0.00%  1 : 0.80%  2 : 0.40%  3 : 0.60%  4 : 95.00%  5 : 0.80%  6 : 0.60%  7 : 0.40%  8 : 1.00%  9 : 0.40%  
Divergence : jsd 0.6265, tvd 0.8500
labels from the first batch :[4, 4, 6, 4, 4, 4, 4, 4, 4, 4, 4, 4, 4, 4, 4, 4, 4, 4, 4, 4, 4, 4, 7, 4, 4, 4, 4, 4, 4, 4, 4, 4]

Unique id : 30, dataset size : 501
Communication time : 800, Computation time per batch : 10, Training time : 9600
0 : 0.60%  1 : 94.81%  2 : 0.20%  3 : 0.40%  4 : 0.40%  5 : 0.80%  6 : 0.40%  7 : 0.80%  8 : 0.40%  9 : 1.20%  
Divergence : jsd 0.6208, tvd 0.8481
labels from the first batch :[1, 1, 1, 1, 1, 1, 1, 1, 1, 1, 1, 1, 1, 1, 1, 2, 1, 1, 1, 1, 1, 1, 1, 1, 1, 1, 1, 9, 1, 1, 1, 1]

Unique id : 31, dataset size : 501
Communication time : 800, Computation time per batch : 10, Training time : 1440
0 : 0.60%  1 : 94.81%  2 : 0.40%  3 : 0.60%  4 : 0.20%  5 : 0.00%  6 : 0.80%  7 : 1.20%  8 : 1.20%  9 : 0.20%  
Divergence : jsd 0.6268, tvd 0.8481
labels from the first batch :[1, 1, 0, 1, 1, 1, 1, 1, 1, 1, 1, 1, 1, 1, 1, 1, 3, 1, 1, 8, 1, 1, 1, 1, 1, 1, 1, 1, 1, 1, 1, 1]

Unique id : 32, dataset size : 500
Communication time : 800, Computation time per batch : 10, Training time : 1440
0 : 0.40%  1 : 95.00%  2 : 1.00%  3 : 0.40%  4 : 0.80%  5 : 0.40%  6 : 0.80%  7 : 0.60%  8 : 0.40%  9 : 0.20%  
Divergence : jsd 0.6238, tvd 0.8500
labels from the first batch :[1, 1, 1, 1, 1, 1, 1, 1, 1, 1, 1, 1, 1, 1, 1, 1, 5, 1, 1, 1, 1, 1, 1, 1, 1, 1, 1, 1, 1, 7, 1, 1]

Unique id : 33, dataset size : 500
Communication time : 800, Computation time per batch : 10, Training time : 1440
0 : 0.60%  1 : 95.00%  2 : 0.40%  3 : 1.20%  4 : 0.80%  5 : 0.60%  6 : 0.40%  7 : 0.40%  8 : 0.00%  9 : 0.60%  
Divergence : jsd 0.6271, tvd 0.8500
labels from the first batch :[1, 1, 1, 1, 1, 1, 1, 1, 1, 9, 1, 1, 1, 1, 1, 1, 1, 1, 1, 1, 1, 1, 1, 1, 1, 1, 1, 1, 1, 6, 7, 1]

Unique id : 34, dataset size : 500
Communication time : 800, Computation time per batch : 10, Training time : 1440
0 : 0.40%  1 : 95.00%  2 : 0.60%  3 : 0.60%  4 : 1.00%  5 : 0.60%  6 : 0.60%  7 : 0.40%  8 : 0.40%  9 : 0.40%  
Divergence : jsd 0.6222, tvd 0.8500
labels from the first batch :[1, 1, 1, 1, 1, 1, 1, 1, 1, 1, 1, 1, 1, 9, 1, 1, 1, 1, 1, 1, 1, 1, 1, 1, 1, 1, 1, 1, 1, 1, 1, 1]

Unique id : 35, dataset size : 500
Communication time : 800, Computation time per batch : 10, Training time : 1440
0 : 0.80%  1 : 95.00%  2 : 0.80%  3 : 0.40%  4 : 0.80%  5 : 0.20%  6 : 0.80%  7 : 0.20%  8 : 0.40%  9 : 0.60%  
Divergence : jsd 0.6242, tvd 0.8500
labels from the first batch :[1, 1, 1, 1, 1, 1, 1, 1, 1, 1, 6, 1, 1, 1, 1, 9, 1, 1, 1, 1, 1, 1, 1, 1, 1, 1, 1, 1, 1, 1, 1, 1]

Unique id : 36, dataset size : 500
Communication time : 800, Computation time per batch : 10, Training time : 1440
0 : 0.80%  1 : 95.00%  2 : 0.60%  3 : 0.60%  4 : 0.00%  5 : 0.20%  6 : 0.60%  7 : 0.60%  8 : 0.80%  9 : 0.80%  
Divergence : jsd 0.6265, tvd 0.8500
labels from the first batch :[1, 1, 1, 1, 1, 1, 1, 1, 1, 1, 1, 9, 1, 1, 1, 1, 1, 1, 1, 1, 1, 1, 1, 1, 1, 1, 1, 1, 1, 1, 1, 1]

Unique id : 37, dataset size : 500
Communication time : 800, Computation time per batch : 10, Training time : 1440
0 : 0.20%  1 : 95.00%  2 : 0.60%  3 : 0.20%  4 : 0.60%  5 : 1.00%  6 : 0.60%  7 : 0.60%  8 : 0.80%  9 : 0.40%  
Divergence : jsd 0.6241, tvd 0.8500
labels from the first batch :[1, 1, 1, 1, 1, 1, 1, 8, 1, 1, 1, 1, 1, 1, 1, 1, 6, 1, 1, 1, 1, 1, 1, 1, 1, 1, 1, 1, 1, 1, 1, 1]

Unique id : 38, dataset size : 500
Communication time : 800, Computation time per batch : 10, Training time : 1440
0 : 0.20%  1 : 95.00%  2 : 0.40%  3 : 0.80%  4 : 0.40%  5 : 1.40%  6 : 0.40%  7 : 0.20%  8 : 0.40%  9 : 0.80%  
Divergence : jsd 0.6269, tvd 0.8500
labels from the first batch :[1, 1, 1, 1, 1, 1, 6, 1, 1, 1, 1, 1, 1, 1, 1, 1, 1, 1, 1, 1, 1, 1, 1, 1, 1, 1, 1, 1, 1, 1, 1, 1]

Unique id : 39, dataset size : 500
Communication time : 800, Computation time per batch : 10, Training time : 1440
0 : 1.00%  1 : 95.00%  2 : 0.60%  3 : 0.40%  4 : 0.60%  5 : 0.40%  6 : 0.20%  7 : 0.60%  8 : 0.80%  9 : 0.40%  
Divergence : jsd 0.6234, tvd 0.8500
labels from the first batch :[1, 1, 1, 1, 1, 1, 1, 1, 1, 1, 1, 1, 1, 1, 1, 1, 1, 1, 1, 1, 2, 1, 0, 1, 1, 1, 1, 1, 1, 1, 6, 1]

Unique id : 40, dataset size : 501
Communication time : 800, Computation time per batch : 10, Training time : 9600
0 : 0.80%  1 : 0.20%  2 : 94.81%  3 : 1.00%  4 : 0.20%  5 : 0.80%  6 : 0.80%  7 : 0.40%  8 : 0.20%  9 : 0.80%  
Divergence : jsd 0.6222, tvd 0.8481
labels from the first batch :[2, 2, 2, 2, 2, 2, 2, 2, 2, 2, 2, 2, 2, 2, 2, 2, 2, 2, 2, 2, 2, 2, 2, 2, 2, 2, 2, 2, 2, 2, 2, 2]

Unique id : 41, dataset size : 501
Communication time : 800, Computation time per batch : 10, Training time : 1440
0 : 0.80%  1 : 0.40%  2 : 94.81%  3 : 0.40%  4 : 0.40%  5 : 0.20%  6 : 0.60%  7 : 0.80%  8 : 0.80%  9 : 0.80%  
Divergence : jsd 0.6194, tvd 0.8481
labels from the first batch :[2, 2, 2, 2, 2, 2, 2, 2, 2, 2, 2, 2, 2, 0, 2, 2, 2, 2, 8, 2, 2, 2, 2, 2, 2, 2, 2, 2, 2, 2, 2, 2]

Unique id : 42, dataset size : 500
Communication time : 800, Computation time per batch : 10, Training time : 1440
0 : 0.40%  1 : 0.60%  2 : 95.00%  3 : 0.20%  4 : 0.20%  5 : 1.20%  6 : 0.40%  7 : 0.20%  8 : 0.60%  9 : 1.20%  
Divergence : jsd 0.6278, tvd 0.8500
labels from the first batch :[2, 2, 2, 2, 2, 2, 2, 2, 2, 2, 2, 2, 2, 2, 2, 2, 2, 2, 2, 2, 5, 2, 2, 2, 2, 2, 2, 2, 2, 2, 2, 2]

Unique id : 43, dataset size : 500
Communication time : 800, Computation time per batch : 10, Training time : 1440
0 : 0.40%  1 : 0.60%  2 : 95.00%  3 : 0.40%  4 : 0.80%  5 : 0.60%  6 : 0.40%  7 : 0.60%  8 : 1.00%  9 : 0.20%  
Divergence : jsd 0.6234, tvd 0.8500
labels from the first batch :[2, 2, 2, 2, 2, 2, 2, 2, 2, 2, 2, 2, 2, 2, 2, 2, 2, 2, 2, 2, 2, 2, 2, 2, 2, 2, 2, 2, 2, 2, 2, 2]

Unique id : 44, dataset size : 500
Communication time : 800, Computation time per batch : 10, Training time : 1440
0 : 0.00%  1 : 0.00%  2 : 95.00%  3 : 0.80%  4 : 1.40%  5 : 0.40%  6 : 0.80%  7 : 1.00%  8 : 0.60%  9 : 0.00%  
Divergence : jsd 0.6370, tvd 0.8500
labels from the first batch :[2, 2, 2, 2, 2, 2, 2, 2, 2, 2, 2, 2, 2, 2, 2, 2, 2, 2, 2, 2, 2, 2, 2, 2, 2, 2, 2, 2, 2, 2, 2, 2]

Unique id : 45, dataset size : 500
Communication time : 800, Computation time per batch : 10, Training time : 1440
0 : 0.80%  1 : 1.40%  2 : 95.00%  3 : 0.20%  4 : 0.20%  5 : 0.40%  6 : 0.80%  7 : 0.60%  8 : 0.40%  9 : 0.20%  
Divergence : jsd 0.6276, tvd 0.8500
labels from the first batch :[2, 2, 2, 2, 2, 2, 2, 2, 2, 2, 2, 2, 2, 2, 2, 2, 2, 2, 2, 2, 2, 2, 2, 2, 2, 2, 2, 2, 2, 2, 2, 2]

Unique id : 46, dataset size : 500
Communication time : 800, Computation time per batch : 10, Training time : 1440
0 : 1.20%  1 : 0.60%  2 : 95.00%  3 : 0.20%  4 : 0.80%  5 : 0.40%  6 : 0.40%  7 : 0.40%  8 : 0.60%  9 : 0.40%  
Divergence : jsd 0.6244, tvd 0.8500
labels from the first batch :[2, 2, 2, 2, 2, 2, 2, 2, 2, 2, 2, 2, 2, 2, 2, 2, 2, 2, 2, 2, 2, 2, 2, 2, 2, 2, 2, 2, 2, 2, 2, 2]

Unique id : 47, dataset size : 500
Communication time : 800, Computation time per batch : 10, Training time : 1440
0 : 0.60%  1 : 0.80%  2 : 95.00%  3 : 0.40%  4 : 0.40%  5 : 0.60%  6 : 0.60%  7 : 1.00%  8 : 0.40%  9 : 0.20%  
Divergence : jsd 0.6234, tvd 0.8500
labels from the first batch :[6, 2, 2, 4, 2, 2, 2, 2, 2, 2, 2, 2, 2, 2, 2, 2, 2, 7, 2, 2, 2, 2, 2, 2, 2, 2, 2, 2, 1, 2, 2, 2]

Unique id : 48, dataset size : 500
Communication time : 800, Computation time per batch : 10, Training time : 1440
0 : 0.20%  1 : 0.60%  2 : 95.00%  3 : 1.00%  4 : 0.60%  5 : 0.80%  6 : 0.40%  7 : 0.40%  8 : 0.40%  9 : 0.60%  
Divergence : jsd 0.6234, tvd 0.8500
labels from the first batch :[2, 2, 2, 2, 2, 2, 2, 3, 2, 2, 2, 2, 2, 2, 2, 2, 2, 2, 2, 2, 2, 2, 2, 2, 2, 2, 3, 2, 2, 2, 2, 9]

Unique id : 49, dataset size : 500
Communication time : 800, Computation time per batch : 10, Training time : 1440
0 : 0.40%  1 : 0.40%  2 : 95.00%  3 : 1.00%  4 : 0.60%  5 : 0.20%  6 : 0.40%  7 : 0.20%  8 : 0.60%  9 : 1.20%  
Divergence : jsd 0.6260, tvd 0.8500
labels from the first batch :[2, 2, 2, 2, 2, 2, 2, 2, 2, 2, 2, 2, 2, 2, 9, 2, 2, 2, 9, 2, 2, 2, 2, 2, 2, 2, 2, 2, 2, 2, 2, 2]

Unique id : 50, dataset size : 501
Communication time : 800, Computation time per batch : 10, Training time : 9600
0 : 0.40%  1 : 0.60%  2 : 0.60%  3 : 0.40%  4 : 0.40%  5 : 1.40%  6 : 0.60%  7 : 94.81%  8 : 0.00%  9 : 0.80%  
Divergence : jsd 0.6244, tvd 0.8481
labels from the first batch :[7, 7, 7, 7, 7, 7, 7, 7, 7, 7, 7, 7, 7, 7, 7, 7, 7, 7, 7, 7, 7, 7, 7, 7, 7, 7, 7, 7, 7, 7, 7, 7]

Unique id : 51, dataset size : 501
Communication time : 800, Computation time per batch : 10, Training time : 1440
0 : 0.40%  1 : 0.40%  2 : 1.00%  3 : 0.60%  4 : 1.40%  5 : 0.00%  6 : 0.60%  7 : 94.81%  8 : 0.60%  9 : 0.20%  
Divergence : jsd 0.6259, tvd 0.8481
labels from the first batch :[7, 7, 7, 6, 7, 7, 7, 7, 7, 7, 7, 7, 7, 7, 7, 7, 7, 7, 7, 7, 7, 7, 7, 7, 7, 7, 7, 7, 7, 7, 7, 7]

Unique id : 52, dataset size : 500
Communication time : 800, Computation time per batch : 10, Training time : 1440
0 : 0.40%  1 : 0.60%  2 : 0.60%  3 : 0.60%  4 : 0.60%  5 : 0.20%  6 : 0.00%  7 : 95.00%  8 : 1.00%  9 : 1.00%  
Divergence : jsd 0.6276, tvd 0.8500
labels from the first batch :[7, 7, 7, 7, 7, 7, 7, 7, 7, 7, 7, 7, 7, 7, 7, 7, 7, 7, 7, 7, 7, 7, 7, 7, 7, 8, 7, 7, 7, 7, 7, 7]

Unique id : 53, dataset size : 500
Communication time : 800, Computation time per batch : 10, Training time : 1440
0 : 0.60%  1 : 0.60%  2 : 0.20%  3 : 0.40%  4 : 0.80%  5 : 0.60%  6 : 0.40%  7 : 95.00%  8 : 0.60%  9 : 0.80%  
Divergence : jsd 0.6226, tvd 0.8500
labels from the first batch :[7, 7, 7, 7, 7, 7, 7, 7, 7, 7, 7, 0, 7, 8, 7, 7, 7, 0, 6, 7, 7, 7, 7, 7, 7, 7, 7, 7, 7, 7, 7, 7]

Unique id : 54, dataset size : 500
Communication time : 800, Computation time per batch : 10, Training time : 1440
0 : 0.80%  1 : 0.20%  2 : 0.40%  3 : 0.80%  4 : 0.40%  5 : 0.60%  6 : 1.00%  7 : 95.00%  8 : 0.40%  9 : 0.40%  
Divergence : jsd 0.6238, tvd 0.8500
labels from the first batch :[7, 7, 7, 7, 7, 4, 7, 7, 0, 7, 7, 7, 7, 7, 7, 7, 3, 7, 7, 7, 7, 7, 7, 7, 7, 7, 7, 7, 7, 7, 7, 7]

Unique id : 55, dataset size : 500
Communication time : 800, Computation time per batch : 10, Training time : 1440
0 : 0.40%  1 : 1.00%  2 : 0.60%  3 : 0.40%  4 : 0.20%  5 : 0.80%  6 : 0.60%  7 : 95.00%  8 : 0.20%  9 : 0.80%  
Divergence : jsd 0.6246, tvd 0.8500
labels from the first batch :[7, 7, 7, 7, 2, 7, 7, 7, 7, 7, 7, 7, 7, 7, 7, 7, 7, 7, 7, 7, 7, 7, 7, 7, 7, 7, 7, 7, 7, 7, 7, 7]

Unique id : 56, dataset size : 500
Communication time : 800, Computation time per batch : 10, Training time : 1440
0 : 0.40%  1 : 0.40%  2 : 0.80%  3 : 0.40%  4 : 0.00%  5 : 0.40%  6 : 1.00%  7 : 95.00%  8 : 0.80%  9 : 0.80%  
Divergence : jsd 0.6270, tvd 0.8500
labels from the first batch :[7, 7, 7, 7, 7, 7, 7, 7, 7, 7, 7, 7, 7, 7, 7, 7, 7, 7, 7, 7, 2, 7, 7, 7, 7, 7, 7, 7, 7, 7, 7, 7]

Unique id : 57, dataset size : 500
Communication time : 800, Computation time per batch : 10, Training time : 1440
0 : 1.00%  1 : 0.60%  2 : 0.60%  3 : 0.00%  4 : 0.80%  5 : 1.00%  6 : 0.60%  7 : 95.00%  8 : 0.20%  9 : 0.20%  
Divergence : jsd 0.6288, tvd 0.8500
labels from the first batch :[7, 7, 7, 7, 7, 8, 7, 7, 7, 7, 7, 7, 7, 7, 7, 7, 7, 7, 7, 7, 7, 7, 7, 7, 7, 7, 7, 7, 7, 7, 7, 5]

Unique id : 58, dataset size : 500
Communication time : 800, Computation time per batch : 10, Training time : 1440
0 : 0.40%  1 : 0.60%  2 : 0.40%  3 : 1.20%  4 : 0.20%  5 : 0.60%  6 : 0.40%  7 : 95.00%  8 : 1.00%  9 : 0.20%  
Divergence : jsd 0.6260, tvd 0.8500
labels from the first batch :[7, 7, 7, 7, 7, 7, 7, 7, 7, 7, 7, 7, 7, 7, 7, 7, 7, 7, 7, 7, 7, 7, 7, 7, 7, 7, 7, 7, 7, 7, 7, 7]

Unique id : 59, dataset size : 500
Communication time : 800, Computation time per batch : 10, Training time : 1440
0 : 0.80%  1 : 0.60%  2 : 0.40%  3 : 0.80%  4 : 0.80%  5 : 0.00%  6 : 0.40%  7 : 95.00%  8 : 0.80%  9 : 0.40%  
Divergence : jsd 0.6262, tvd 0.8500
labels from the first batch :[7, 7, 7, 7, 7, 7, 7, 7, 7, 7, 7, 7, 7, 7, 7, 7, 7, 7, 7, 7, 7, 7, 7, 7, 7, 7, 7, 7, 7, 7, 7, 7]

Unique id : 60, dataset size : 501
Communication time : 800, Computation time per batch : 10, Training time : 9600
0 : 1.00%  1 : 0.80%  2 : 0.60%  3 : 0.80%  4 : 0.20%  5 : 0.60%  6 : 0.40%  7 : 0.60%  8 : 94.81%  9 : 0.20%  
Divergence : jsd 0.6205, tvd 0.8481
labels from the first batch :[6, 7, 8, 8, 8, 8, 8, 8, 8, 7, 8, 8, 8, 8, 8, 8, 8, 8, 8, 8, 8, 8, 8, 8, 8, 8, 8, 8, 8, 8, 8, 8]

Unique id : 61, dataset size : 501
Communication time : 800, Computation time per batch : 10, Training time : 1440
0 : 0.20%  1 : 0.40%  2 : 0.60%  3 : 0.60%  4 : 1.20%  5 : 0.80%  6 : 0.20%  7 : 0.40%  8 : 94.81%  9 : 0.80%  
Divergence : jsd 0.6216, tvd 0.8481
labels from the first batch :[8, 8, 8, 8, 8, 8, 8, 8, 8, 8, 8, 8, 8, 8, 8, 8, 8, 8, 8, 8, 8, 8, 8, 8, 8, 8, 8, 8, 8, 8, 8, 8]

Unique id : 62, dataset size : 500
Communication time : 800, Computation time per batch : 10, Training time : 1440
0 : 0.20%  1 : 0.80%  2 : 0.40%  3 : 1.00%  4 : 0.40%  5 : 0.40%  6 : 0.40%  7 : 0.60%  8 : 95.00%  9 : 0.80%  
Divergence : jsd 0.6238, tvd 0.8500
labels from the first batch :[8, 8, 8, 8, 8, 8, 8, 8, 8, 8, 8, 8, 8, 8, 8, 8, 8, 8, 8, 8, 8, 8, 8, 8, 8, 8, 8, 8, 8, 8, 8, 8]

Unique id : 63, dataset size : 500
Communication time : 800, Computation time per batch : 10, Training time : 1440
0 : 0.20%  1 : 0.40%  2 : 0.60%  3 : 1.00%  4 : 1.20%  5 : 1.00%  6 : 0.60%  7 : 0.00%  8 : 95.00%  9 : 0.00%  
Divergence : jsd 0.6333, tvd 0.8500
labels from the first batch :[8, 8, 8, 8, 8, 8, 8, 8, 2, 8, 8, 8, 8, 8, 8, 8, 3, 8, 8, 8, 8, 5, 8, 8, 8, 8, 8, 8, 8, 8, 8, 8]

Unique id : 64, dataset size : 500
Communication time : 800, Computation time per batch : 10, Training time : 1440
0 : 0.80%  1 : 0.60%  2 : 1.00%  3 : 0.40%  4 : 0.40%  5 : 0.00%  6 : 0.20%  7 : 0.80%  8 : 95.00%  9 : 0.80%  
Divergence : jsd 0.6277, tvd 0.8500
labels from the first batch :[7, 8, 8, 8, 8, 8, 8, 8, 8, 8, 8, 8, 0, 8, 8, 8, 8, 8, 8, 8, 8, 8, 8, 8, 8, 8, 3, 8, 8, 2, 8, 8]

Unique id : 65, dataset size : 500
Communication time : 800, Computation time per batch : 10, Training time : 1440
0 : 0.40%  1 : 0.40%  2 : 0.40%  3 : 0.20%  4 : 0.40%  5 : 1.20%  6 : 0.60%  7 : 0.80%  8 : 95.00%  9 : 0.60%  
Divergence : jsd 0.6244, tvd 0.8500
labels from the first batch :[8, 8, 8, 8, 8, 8, 8, 8, 8, 8, 8, 8, 8, 8, 8, 8, 8, 8, 8, 8, 8, 8, 8, 8, 8, 8, 8, 8, 8, 8, 7, 8]

Unique id : 66, dataset size : 500
Communication time : 800, Computation time per batch : 10, Training time : 1440
0 : 0.60%  1 : 0.40%  2 : 0.00%  3 : 0.40%  4 : 0.60%  5 : 0.60%  6 : 0.60%  7 : 0.60%  8 : 95.00%  9 : 1.20%  
Divergence : jsd 0.6267, tvd 0.8500
labels from the first batch :[8, 8, 8, 8, 8, 8, 8, 8, 8, 8, 8, 8, 8, 8, 8, 8, 8, 8, 8, 8, 8, 8, 8, 8, 8, 8, 8, 8, 8, 8, 8, 8]

Unique id : 67, dataset size : 500
Communication time : 800, Computation time per batch : 10, Training time : 1440
0 : 0.60%  1 : 1.20%  2 : 0.80%  3 : 0.60%  4 : 0.00%  5 : 0.40%  6 : 0.60%  7 : 0.40%  8 : 95.00%  9 : 0.40%  
Divergence : jsd 0.6271, tvd 0.8500
labels from the first batch :[8, 8, 8, 8, 8, 8, 3, 8, 8, 8, 8, 8, 8, 8, 3, 8, 8, 8, 8, 8, 8, 8, 8, 8, 8, 8, 8, 8, 8, 8, 8, 8]

Unique id : 68, dataset size : 500
Communication time : 800, Computation time per batch : 10, Training time : 1440
0 : 1.20%  1 : 0.40%  2 : 0.40%  3 : 0.40%  4 : 0.20%  5 : 0.40%  6 : 0.80%  7 : 0.80%  8 : 95.00%  9 : 0.40%  
Divergence : jsd 0.6249, tvd 0.8500
labels from the first batch :[8, 2, 6, 8, 8, 8, 8, 8, 8, 8, 8, 8, 8, 8, 8, 8, 8, 8, 2, 8, 8, 8, 8, 8, 6, 8, 8, 8, 8, 8, 8, 8]

Unique id : 69, dataset size : 500
Communication time : 800, Computation time per batch : 10, Training time : 1440
0 : 0.40%  1 : 0.20%  2 : 0.80%  3 : 0.20%  4 : 1.00%  5 : 0.20%  6 : 1.20%  7 : 0.60%  8 : 95.00%  9 : 0.40%  
Divergence : jsd 0.6272, tvd 0.8500
labels from the first batch :[8, 8, 8, 8, 8, 8, 8, 8, 8, 8, 8, 8, 8, 8, 8, 8, 8, 8, 8, 8, 8, 8, 8, 8, 8, 8, 8, 8, 8, 8, 8, 8]

Unique id : 70, dataset size : 500
Communication time : 800, Computation time per batch : 10, Training time : 9600
0 : 0.60%  1 : 0.40%  2 : 1.40%  3 : 95.00%  4 : 0.80%  5 : 0.20%  6 : 0.20%  7 : 0.40%  8 : 0.60%  9 : 0.40%  
Divergence : jsd 0.6264, tvd 0.8500
labels from the first batch :[3, 3, 3, 2, 3, 3, 3, 3, 3, 3, 3, 3, 3, 0, 3, 3, 3, 3, 3, 3, 6, 3, 3, 3, 3, 2, 3, 3, 3, 3, 3, 3]

Unique id : 71, dataset size : 500
Communication time : 800, Computation time per batch : 10, Training time : 1440
0 : 0.40%  1 : 0.80%  2 : 0.60%  3 : 95.00%  4 : 0.60%  5 : 0.60%  6 : 0.20%  7 : 0.40%  8 : 0.40%  9 : 1.00%  
Divergence : jsd 0.6234, tvd 0.8500
labels from the first batch :[3, 3, 3, 3, 3, 3, 3, 3, 3, 3, 3, 3, 3, 3, 3, 3, 3, 3, 3, 3, 3, 3, 3, 3, 3, 3, 3, 3, 3, 3, 3, 3]

Unique id : 72, dataset size : 500
Communication time : 800, Computation time per batch : 10, Training time : 1440
0 : 0.40%  1 : 0.40%  2 : 0.40%  3 : 95.00%  4 : 0.60%  5 : 0.40%  6 : 0.60%  7 : 0.60%  8 : 0.80%  9 : 0.80%  
Divergence : jsd 0.6218, tvd 0.8500
labels from the first batch :[3, 3, 3, 3, 3, 3, 3, 3, 3, 3, 3, 3, 8, 3, 3, 3, 3, 3, 3, 3, 3, 3, 3, 3, 3, 3, 8, 2, 3, 3, 3, 3]

Unique id : 73, dataset size : 500
Communication time : 800, Computation time per batch : 10, Training time : 1440
0 : 1.00%  1 : 0.40%  2 : 0.80%  3 : 95.00%  4 : 0.40%  5 : 0.80%  6 : 0.60%  7 : 0.40%  8 : 0.20%  9 : 0.40%  
Divergence : jsd 0.6238, tvd 0.8500
labels from the first batch :[3, 3, 3, 3, 3, 3, 3, 3, 3, 3, 3, 3, 3, 3, 3, 3, 3, 3, 3, 3, 3, 3, 3, 3, 3, 3, 3, 3, 3, 3, 3, 8]

Unique id : 74, dataset size : 500
Communication time : 800, Computation time per batch : 10, Training time : 1440
0 : 0.60%  1 : 0.40%  2 : 0.00%  3 : 95.00%  4 : 0.20%  5 : 0.80%  6 : 1.00%  7 : 0.80%  8 : 0.60%  9 : 0.60%  
Divergence : jsd 0.6273, tvd 0.8500
labels from the first batch :[3, 3, 3, 3, 3, 3, 3, 3, 3, 3, 3, 3, 3, 3, 3, 3, 3, 3, 3, 3, 3, 3, 3, 3, 3, 3, 3, 3, 8, 3, 3, 3]

Unique id : 75, dataset size : 500
Communication time : 800, Computation time per batch : 10, Training time : 1440
0 : 0.60%  1 : 0.60%  2 : 0.80%  3 : 95.00%  4 : 0.40%  5 : 0.80%  6 : 0.80%  7 : 0.00%  8 : 0.40%  9 : 0.60%  
Divergence : jsd 0.6257, tvd 0.8500
labels from the first batch :[3, 3, 3, 3, 3, 3, 3, 3, 3, 3, 3, 3, 3, 3, 3, 3, 3, 3, 3, 6, 3, 3, 3, 3, 3, 3, 3, 3, 3, 3, 3, 5]

Unique id : 76, dataset size : 500
Communication time : 800, Computation time per batch : 10, Training time : 1440
0 : 0.20%  1 : 1.00%  2 : 0.40%  3 : 95.00%  4 : 0.40%  5 : 0.40%  6 : 0.40%  7 : 1.00%  8 : 0.80%  9 : 0.40%  
Divergence : jsd 0.6246, tvd 0.8500
labels from the first batch :[3, 3, 3, 3, 3, 3, 3, 3, 3, 3, 3, 1, 3, 3, 3, 1, 3, 3, 3, 3, 3, 3, 3, 3, 3, 3, 3, 3, 3, 3, 3, 3]

Unique id : 77, dataset size : 500
Communication time : 800, Computation time per batch : 10, Training time : 1440
0 : 0.40%  1 : 0.60%  2 : 0.20%  3 : 95.00%  4 : 0.80%  5 : 0.80%  6 : 0.20%  7 : 1.00%  8 : 1.00%  9 : 0.00%  
Divergence : jsd 0.6292, tvd 0.8500
labels from the first batch :[3, 3, 3, 3, 3, 3, 3, 3, 3, 3, 3, 3, 3, 3, 3, 3, 3, 3, 3, 3, 3, 3, 3, 3, 3, 3, 4, 3, 3, 3, 3, 3]

Unique id : 78, dataset size : 500
Communication time : 800, Computation time per batch : 10, Training time : 1440
0 : 0.60%  1 : 0.20%  2 : 0.40%  3 : 95.00%  4 : 0.80%  5 : 0.20%  6 : 0.80%  7 : 0.40%  8 : 0.40%  9 : 1.20%  
Divergence : jsd 0.6256, tvd 0.8500
labels from the first batch :[3, 3, 3, 3, 3, 3, 3, 3, 3, 3, 3, 3, 3, 3, 3, 3, 3, 3, 3, 3, 9, 3, 3, 3, 3, 3, 3, 3, 3, 3, 3, 3]

Unique id : 79, dataset size : 500
Communication time : 800, Computation time per batch : 10, Training time : 1440
0 : 0.60%  1 : 0.80%  2 : 0.60%  3 : 95.00%  4 : 0.60%  5 : 0.40%  6 : 0.80%  7 : 0.60%  8 : 0.40%  9 : 0.20%  
Divergence : jsd 0.6226, tvd 0.8500
labels from the first batch :[3, 3, 3, 3, 3, 3, 3, 3, 3, 3, 3, 3, 5, 2, 3, 3, 3, 3, 3, 3, 3, 3, 3, 3, 3, 3, 3, 3, 3, 3, 3, 3]

Unique id : 80, dataset size : 500
Communication time : 800, Computation time per batch : 10, Training time : 9600
0 : 0.40%  1 : 1.20%  2 : 0.00%  3 : 1.20%  4 : 0.20%  5 : 95.00%  6 : 0.60%  7 : 0.40%  8 : 0.40%  9 : 0.60%  
Divergence : jsd 0.6297, tvd 0.8500
labels from the first batch :[5, 5, 5, 5, 5, 5, 5, 5, 5, 5, 5, 3, 5, 5, 5, 5, 5, 5, 5, 5, 5, 0, 5, 5, 5, 5, 5, 5, 5, 5, 5, 5]

Unique id : 81, dataset size : 500
Communication time : 800, Computation time per batch : 10, Training time : 1440
0 : 0.40%  1 : 0.60%  2 : 1.00%  3 : 0.20%  4 : 1.00%  5 : 95.00%  6 : 0.60%  7 : 0.40%  8 : 0.20%  9 : 0.60%  
Divergence : jsd 0.6249, tvd 0.8500
labels from the first batch :[5, 7, 5, 5, 5, 5, 5, 5, 5, 5, 5, 5, 5, 5, 5, 5, 5, 5, 5, 5, 5, 5, 5, 5, 5, 5, 5, 5, 5, 5, 5, 5]

Unique id : 82, dataset size : 500
Communication time : 800, Computation time per batch : 10, Training time : 1440
0 : 0.80%  1 : 0.40%  2 : 0.40%  3 : 0.20%  4 : 0.40%  5 : 95.00%  6 : 0.80%  7 : 0.60%  8 : 1.20%  9 : 0.20%  
Divergence : jsd 0.6256, tvd 0.8500
labels from the first batch :[5, 5, 5, 5, 5, 5, 5, 5, 5, 5, 5, 5, 5, 5, 5, 5, 5, 5, 5, 5, 5, 5, 5, 5, 5, 5, 5, 5, 5, 5, 5, 5]

Unique id : 83, dataset size : 499
Communication time : 800, Computation time per batch : 10, Training time : 1440
0 : 0.60%  1 : 0.80%  2 : 0.80%  3 : 0.40%  4 : 0.40%  5 : 95.19%  6 : 1.00%  7 : 0.00%  8 : 0.60%  9 : 0.20%  
Divergence : jsd 0.6313, tvd 0.8519
labels from the first batch :[5, 5, 5, 5, 5, 5, 5, 5, 5, 5, 5, 5, 5, 5, 5, 5, 5, 5, 5, 5, 5, 5, 5, 5, 5, 5, 5, 8, 5, 5, 5, 5]

Unique id : 84, dataset size : 499
Communication time : 800, Computation time per batch : 10, Training time : 1440
0 : 0.20%  1 : 0.60%  2 : 0.40%  3 : 1.00%  4 : 0.40%  5 : 95.19%  6 : 0.80%  7 : 0.40%  8 : 0.40%  9 : 0.60%  
Divergence : jsd 0.6274, tvd 0.8519
labels from the first batch :[5, 5, 5, 5, 5, 5, 5, 5, 5, 5, 5, 5, 5, 5, 5, 5, 5, 5, 5, 5, 5, 5, 5, 5, 5, 5, 5, 5, 5, 5, 5, 5]

Unique id : 85, dataset size : 499
Communication time : 800, Computation time per batch : 10, Training time : 1440
0 : 1.00%  1 : 0.20%  2 : 0.40%  3 : 0.40%  4 : 0.60%  5 : 95.19%  6 : 0.20%  7 : 0.60%  8 : 0.80%  9 : 0.60%  
Divergence : jsd 0.6282, tvd 0.8519
labels from the first batch :[5, 5, 5, 5, 5, 5, 5, 5, 5, 5, 5, 5, 5, 5, 5, 5, 5, 5, 0, 5, 5, 5, 5, 5, 5, 5, 5, 5, 5, 5, 5, 7]

Unique id : 86, dataset size : 499
Communication time : 800, Computation time per batch : 10, Training time : 1440
0 : 0.20%  1 : 0.40%  2 : 0.60%  3 : 0.60%  4 : 1.00%  5 : 95.19%  6 : 0.60%  7 : 0.40%  8 : 0.40%  9 : 0.60%  
Divergence : jsd 0.6270, tvd 0.8519
labels from the first batch :[5, 5, 4, 5, 5, 5, 5, 5, 5, 5, 5, 5, 8, 5, 5, 5, 5, 5, 5, 5, 5, 5, 5, 5, 5, 5, 5, 5, 5, 5, 5, 5]

Unique id : 87, dataset size : 499
Communication time : 800, Computation time per batch : 10, Training time : 1440
0 : 0.80%  1 : 0.40%  2 : 0.40%  3 : 0.40%  4 : 0.80%  5 : 95.19%  6 : 0.20%  7 : 0.80%  8 : 0.40%  9 : 0.60%  
Divergence : jsd 0.6271, tvd 0.8519
labels from the first batch :[5, 5, 5, 5, 5, 5, 5, 5, 5, 5, 5, 5, 5, 5, 5, 5, 5, 5, 5, 5, 5, 5, 5, 5, 5, 5, 5, 5, 5, 5, 5, 5]

Unique id : 88, dataset size : 499
Communication time : 800, Computation time per batch : 10, Training time : 1440
0 : 0.60%  1 : 0.40%  2 : 0.40%  3 : 0.60%  4 : 0.40%  5 : 95.19%  6 : 0.40%  7 : 0.80%  8 : 0.60%  9 : 0.60%  
Divergence : jsd 0.6254, tvd 0.8519
labels from the first batch :[5, 5, 5, 5, 5, 5, 5, 5, 5, 5, 5, 5, 5, 5, 5, 5, 5, 5, 5, 5, 5, 5, 5, 5, 5, 5, 5, 5, 5, 5, 5, 5]

Unique id : 89, dataset size : 499
Communication time : 800, Computation time per batch : 10, Training time : 1440
0 : 0.40%  1 : 0.40%  2 : 1.00%  3 : 0.40%  4 : 0.20%  5 : 95.19%  6 : 0.20%  7 : 1.00%  8 : 0.40%  9 : 0.80%  
Divergence : jsd 0.6294, tvd 0.8519
labels from the first batch :[5, 4, 5, 5, 5, 5, 5, 5, 5, 5, 5, 5, 5, 5, 5, 5, 5, 5, 5, 5, 5, 5, 5, 5, 5, 5, 5, 5, 5, 5, 5, 5]

Unique id : 90, dataset size : 500
Communication time : 800, Computation time per batch : 10, Training time : 9600
0 : 95.00%  1 : 0.20%  2 : 0.60%  3 : 0.60%  4 : 0.20%  5 : 0.60%  6 : 0.80%  7 : 0.40%  8 : 1.00%  9 : 0.60%  
Divergence : jsd 0.6241, tvd 0.8500
labels from the first batch :[6, 0, 7, 0, 0, 0, 0, 0, 0, 0, 0, 2, 0, 0, 0, 0, 0, 0, 0, 0, 0, 0, 0, 0, 0, 0, 0, 0, 0, 0, 0, 0]

Unique id : 91, dataset size : 500
Communication time : 800, Computation time per batch : 10, Training time : 1440
0 : 95.00%  1 : 1.40%  2 : 0.20%  3 : 0.60%  4 : 0.20%  5 : 0.60%  6 : 0.20%  7 : 1.20%  8 : 0.00%  9 : 0.60%  
Divergence : jsd 0.6325, tvd 0.8500
labels from the first batch :[0, 1, 0, 0, 0, 0, 0, 0, 0, 0, 0, 0, 0, 0, 0, 0, 0, 0, 0, 0, 0, 0, 0, 0, 0, 0, 0, 0, 0, 0, 0, 0]

Unique id : 92, dataset size : 500
Communication time : 800, Computation time per batch : 10, Training time : 1440
0 : 95.00%  1 : 0.20%  2 : 0.40%  3 : 0.20%  4 : 1.00%  5 : 0.00%  6 : 1.00%  7 : 0.40%  8 : 0.80%  9 : 1.00%  
Divergence : jsd 0.6300, tvd 0.8500
labels from the first batch :[0, 0, 0, 0, 0, 0, 1, 0, 0, 0, 0, 0, 0, 0, 0, 0, 0, 0, 0, 0, 0, 4, 0, 0, 0, 0, 0, 0, 0, 0, 0, 0]

Unique id : 93, dataset size : 499
Communication time : 800, Computation time per batch : 10, Training time : 1440
0 : 95.19%  1 : 0.20%  2 : 0.20%  3 : 0.60%  4 : 0.60%  5 : 0.60%  6 : 0.80%  7 : 0.60%  8 : 1.00%  9 : 0.20%  
Divergence : jsd 0.6289, tvd 0.8519
labels from the first batch :[0, 0, 7, 0, 0, 0, 0, 0, 0, 0, 0, 0, 0, 0, 0, 0, 0, 0, 0, 0, 0, 0, 0, 0, 0, 0, 0, 0, 0, 0, 0, 0]

Unique id : 94, dataset size : 499
Communication time : 800, Computation time per batch : 10, Training time : 1440
0 : 95.19%  1 : 0.80%  2 : 0.40%  3 : 0.20%  4 : 1.00%  5 : 0.40%  6 : 0.60%  7 : 0.80%  8 : 0.40%  9 : 0.20%  
Divergence : jsd 0.6286, tvd 0.8519
labels from the first batch :[0, 0, 0, 0, 0, 0, 0, 0, 0, 0, 0, 0, 0, 0, 0, 0, 0, 0, 0, 0, 0, 0, 0, 0, 0, 7, 0, 0, 0, 0, 0, 0]

Unique id : 95, dataset size : 499
Communication time : 800, Computation time per batch : 10, Training time : 1440
0 : 95.19%  1 : 0.60%  2 : 0.80%  3 : 0.40%  4 : 0.20%  5 : 0.40%  6 : 0.40%  7 : 0.40%  8 : 0.80%  9 : 0.80%  
Divergence : jsd 0.6271, tvd 0.8519
labels from the first batch :[0, 0, 0, 0, 0, 0, 0, 0, 0, 0, 0, 1, 0, 0, 0, 0, 0, 0, 0, 0, 0, 0, 0, 0, 0, 0, 0, 0, 0, 0, 0, 0]

Unique id : 96, dataset size : 499
Communication time : 800, Computation time per batch : 10, Training time : 1440
0 : 95.19%  1 : 0.60%  2 : 0.80%  3 : 0.60%  4 : 0.20%  5 : 0.80%  6 : 0.40%  7 : 0.40%  8 : 0.20%  9 : 0.80%  
Divergence : jsd 0.6278, tvd 0.8519
labels from the first batch :[3, 0, 0, 0, 0, 0, 0, 0, 0, 0, 0, 0, 0, 0, 0, 0, 0, 0, 0, 0, 0, 0, 0, 0, 0, 0, 0, 0, 0, 0, 0, 0]

Unique id : 97, dataset size : 499
Communication time : 800, Computation time per batch : 10, Training time : 1440
0 : 95.19%  1 : 0.20%  2 : 0.60%  3 : 1.00%  4 : 1.20%  5 : 0.40%  6 : 0.40%  7 : 0.20%  8 : 0.40%  9 : 0.40%  
Divergence : jsd 0.6300, tvd 0.8519
labels from the first batch :[0, 0, 0, 0, 0, 0, 0, 0, 0, 0, 0, 0, 0, 0, 0, 0, 0, 0, 0, 0, 0, 0, 0, 0, 0, 0, 0, 5, 0, 0, 0, 0]

Unique id : 98, dataset size : 499
Communication time : 800, Computation time per batch : 10, Training time : 1440
0 : 95.19%  1 : 0.60%  2 : 1.00%  3 : 0.60%  4 : 0.60%  5 : 0.40%  6 : 0.40%  7 : 0.60%  8 : 0.20%  9 : 0.40%  
Divergence : jsd 0.6270, tvd 0.8519
labels from the first batch :[0, 0, 0, 0, 0, 0, 0, 0, 0, 0, 0, 0, 0, 0, 0, 0, 0, 0, 0, 0, 0, 0, 0, 0, 0, 0, 0, 0, 0, 0, 0, 0]

Unique id : 99, dataset size : 499
Communication time : 800, Computation time per batch : 10, Training time : 1440
0 : 95.19%  1 : 0.60%  2 : 0.40%  3 : 0.60%  4 : 0.20%  5 : 1.20%  6 : 0.40%  7 : 0.40%  8 : 0.60%  9 : 0.40%  
Divergence : jsd 0.6280, tvd 0.8519
labels from the first batch :[0, 0, 0, 0, 0, 0, 0, 0, 0, 5, 0, 0, 0, 0, 0, 0, 3, 0, 0, 0, 0, 0, 0, 0, 0, 0, 0, 0, 0, 0, 0, 0]

