-----------------------------------------------------

Central server round 5 started
Model sent from central server with 100msec communication time, with loss :2.31, accuracy : 11.16%
Accuracy per label : ['0:0.00%', '1:0.00%', '2:0.00%', '3:0.00%', '4:0.00%', '5:0.00%', '6:0.00%', '7:0.00%', '8:33.16%', '9:78.59%']
The model is from round 0 from central server, staleness is 4

Cluster round 1 completed, aggregated models from all the clients, time past : 1500msec, loss : 2.28, accuracy 12.48%
Accuracy per label : ['0:0.00%', '1:0.00%', '2:0.10%', '3:0.00%', '4:0.00%', '5:0.00%', '6:1.98%', '7:0.00%', '8:98.87%', '9:26.26%']

Cluster round 2 completed, aggregated models from all the clients, time past : 2900msec, loss : 2.11, accuracy 49.65%
Accuracy per label : ['0:90.20%', '1:0.00%', '2:53.97%', '3:50.30%', '4:73.93%', '5:0.00%', '6:66.49%', '7:70.72%', '8:89.43%', '9:5.45%']

Cluster round 3 completed, aggregated models from all the clients, time past : 4300msec, loss : 0.72, accuracy 80.16%
Accuracy per label : ['0:94.69%', '1:96.12%', '2:83.43%', '3:84.26%', '4:69.55%', '5:62.33%', '6:80.17%', '7:82.88%', '8:63.14%', '9:80.38%']

Cluster round 4 completed, aggregated models from all the clients, time past : 5700msec, loss : 0.46, accuracy 86.69%
Accuracy per label : ['0:96.73%', '1:96.39%', '2:88.76%', '3:87.33%', '4:84.11%', '5:78.92%', '6:85.91%', '7:86.96%', '8:75.67%', '9:83.75%']

Cluster round 5 completed, aggregated models from all the clients, time past : 7100msec, loss : 0.37, accuracy 89.12%
Accuracy per label : ['0:97.65%', '1:97.00%', '2:89.92%', '3:89.70%', '4:87.78%', '5:81.61%', '6:88.10%', '7:88.91%', '8:82.85%', '9:85.73%']

Before aggregation, loss : 0.46, accuracy : 90.19%
Before aggregation, accuracy per label : ['0:97.04%', '1:96.65%', '2:88.57%', '3:89.90%', '4:89.61%', '5:81.17%', '6:93.63%', '7:89.30%', '8:86.24%', '9:88.21%']
Aggregation to central server completed at central server round 250, loss : 0.44, accuracy: 90.16%, staleness : 4
Accuracy per label after aggregation : ['0:97.24%', '1:96.65%', '2:88.86%', '3:89.80%', '4:89.51%', '5:81.05%', '6:93.11%', '7:89.20%', '8:86.34%', '9:88.21%']

-----------------------------------------------------

Central server round 13 started
Model sent from central server with 100msec communication time, with loss :0.44, accuracy : 90.16%
Accuracy per label : ['0:97.24%', '1:96.65%', '2:88.86%', '3:89.80%', '4:89.51%', '5:81.05%', '6:93.11%', '7:89.20%', '8:86.34%', '9:88.21%']
The model is from round 5 from central server, staleness is 7

Cluster round 1 completed, aggregated models from all the clients, time past : 1500msec, loss : 0.30, accuracy 91.54%
Accuracy per label : ['0:98.16%', '1:97.53%', '2:90.99%', '3:91.58%', '4:90.53%', '5:86.55%', '6:92.17%', '7:89.79%', '8:87.99%', '9:88.90%']

Cluster round 2 completed, aggregated models from all the clients, time past : 2900msec, loss : 0.26, accuracy 92.50%
Accuracy per label : ['0:98.37%', '1:97.62%', '2:91.76%', '3:92.48%', '4:91.14%', '5:88.79%', '6:93.01%', '7:90.76%', '8:89.94%', '9:90.19%']

Cluster round 3 completed, aggregated models from all the clients, time past : 4300msec, loss : 0.23, accuracy 93.25%
Accuracy per label : ['0:98.37%', '1:97.71%', '2:93.02%', '3:93.27%', '4:92.26%', '5:89.91%', '6:93.74%', '7:91.54%', '8:90.97%', '9:90.88%']

Cluster round 4 completed, aggregated models from all the clients, time past : 5700msec, loss : 0.21, accuracy 94.02%
Accuracy per label : ['0:98.47%', '1:97.71%', '2:93.90%', '3:94.36%', '4:93.38%', '5:91.14%', '6:94.68%', '7:91.93%', '8:92.09%', '9:91.87%']

Cluster round 5 completed, aggregated models from all the clients, time past : 7100msec, loss : 0.19, accuracy 94.54%
Accuracy per label : ['0:98.78%', '1:97.62%', '2:94.28%', '3:95.15%', '4:94.40%', '5:92.49%', '6:95.20%', '7:92.32%', '8:92.71%', '9:91.97%']

Before aggregation, loss : 0.22, accuracy : 93.83%
Before aggregation, accuracy per label : ['0:98.27%', '1:97.80%', '2:92.54%', '3:93.86%', '4:93.99%', '5:90.25%', '6:95.09%', '7:92.12%', '8:91.68%', '9:91.97%']
Aggregation to central server completed at central server round 250, loss : 0.22, accuracy: 93.92%, staleness : 7
Accuracy per label after aggregation : ['0:98.27%', '1:97.80%', '2:92.83%', '3:93.86%', '4:94.20%', '5:90.25%', '6:95.20%', '7:92.12%', '8:91.89%', '9:92.07%']

-----------------------------------------------------

Central server round 21 started
Model sent from central server with 100msec communication time, with loss :0.22, accuracy : 93.92%
Accuracy per label : ['0:98.27%', '1:97.80%', '2:92.83%', '3:93.86%', '4:94.20%', '5:90.25%', '6:95.20%', '7:92.12%', '8:91.89%', '9:92.07%']
The model is from round 13 from central server, staleness is 7

Cluster round 1 completed, aggregated models from all the clients, time past : 1500msec, loss : 0.19, accuracy 94.48%
Accuracy per label : ['0:98.47%', '1:97.97%', '2:93.90%', '3:95.05%', '4:94.30%', '5:91.93%', '6:94.99%', '7:92.51%', '8:92.71%', '9:92.37%']

Cluster round 2 completed, aggregated models from all the clients, time past : 2900msec, loss : 0.17, accuracy 95.07%
Accuracy per label : ['0:98.78%', '1:97.89%', '2:94.38%', '3:95.35%', '4:95.01%', '5:93.83%', '6:95.62%', '7:92.90%', '8:93.53%', '9:93.06%']

Cluster round 3 completed, aggregated models from all the clients, time past : 4300msec, loss : 0.16, accuracy 95.42%
Accuracy per label : ['0:98.78%', '1:97.89%', '2:94.57%', '3:95.94%', '4:95.42%', '5:94.51%', '6:96.14%', '7:93.68%', '8:93.63%', '9:93.36%']

Cluster round 4 completed, aggregated models from all the clients, time past : 5700msec, loss : 0.15, accuracy 95.71%
Accuracy per label : ['0:98.88%', '1:97.80%', '2:94.77%', '3:96.34%', '4:95.42%', '5:95.07%', '6:96.24%', '7:94.36%', '8:94.46%', '9:93.56%']

Cluster round 5 completed, aggregated models from all the clients, time past : 7100msec, loss : 0.14, accuracy 95.94%
Accuracy per label : ['0:98.88%', '1:97.80%', '2:95.06%', '3:96.34%', '4:96.03%', '5:95.29%', '6:96.56%', '7:94.55%', '8:94.87%', '9:93.86%']

Before aggregation, loss : 0.14, accuracy : 95.74%
Before aggregation, accuracy per label : ['0:98.57%', '1:98.06%', '2:95.06%', '3:95.94%', '4:95.32%', '5:94.62%', '6:96.76%', '7:94.07%', '8:94.56%', '9:94.15%']
Aggregation to central server completed at central server round 250, loss : 0.14, accuracy: 95.76%, staleness : 7
Accuracy per label after aggregation : ['0:98.57%', '1:98.06%', '2:95.06%', '3:95.84%', '4:95.42%', '5:94.84%', '6:96.76%', '7:94.07%', '8:94.56%', '9:94.15%']

-----------------------------------------------------

Central server round 28 started
Model sent from central server with 100msec communication time, with loss :0.14, accuracy : 95.76%
Accuracy per label : ['0:98.57%', '1:98.06%', '2:95.06%', '3:95.84%', '4:95.42%', '5:94.84%', '6:96.76%', '7:94.07%', '8:94.56%', '9:94.15%']
The model is from round 21 from central server, staleness is 6

Cluster round 1 completed, aggregated models from all the clients, time past : 1500msec, loss : 0.13, accuracy 96.00%
Accuracy per label : ['0:98.88%', '1:97.80%', '2:95.16%', '3:96.44%', '4:95.93%', '5:95.52%', '6:96.97%', '7:94.36%', '8:95.07%', '9:93.76%']

Cluster round 2 completed, aggregated models from all the clients, time past : 2900msec, loss : 0.13, accuracy 96.26%
Accuracy per label : ['0:98.88%', '1:97.80%', '2:95.45%', '3:96.63%', '4:96.54%', '5:95.74%', '6:96.97%', '7:94.94%', '8:95.28%', '9:94.25%']

Cluster round 3 completed, aggregated models from all the clients, time past : 4300msec, loss : 0.12, accuracy 96.43%
Accuracy per label : ['0:98.88%', '1:97.80%', '2:95.64%', '3:96.73%', '4:96.84%', '5:95.96%', '6:97.18%', '7:95.14%', '8:95.48%', '9:94.55%']

Cluster round 4 completed, aggregated models from all the clients, time past : 5700msec, loss : 0.11, accuracy 96.62%
Accuracy per label : ['0:98.88%', '1:97.89%', '2:95.74%', '3:96.83%', '4:97.25%', '5:96.30%', '6:97.39%', '7:95.23%', '8:95.89%', '9:94.75%']

Cluster round 5 completed, aggregated models from all the clients, time past : 7100msec, loss : 0.11, accuracy 96.79%
Accuracy per label : ['0:99.08%', '1:97.89%', '2:96.12%', '3:97.03%', '4:97.45%', '5:96.30%', '6:97.49%', '7:95.43%', '8:95.89%', '9:95.14%']

Before aggregation, loss : 0.12, accuracy : 96.37%
Before aggregation, accuracy per label : ['0:98.78%', '1:98.06%', '2:95.93%', '3:96.04%', '4:96.33%', '5:95.85%', '6:97.49%', '7:94.94%', '8:95.28%', '9:94.85%']
Aggregation to central server completed at central server round 250, loss : 0.12, accuracy: 96.38%, staleness : 6
Accuracy per label after aggregation : ['0:98.78%', '1:98.06%', '2:96.12%', '3:96.14%', '4:96.33%', '5:95.85%', '6:97.39%', '7:94.84%', '8:95.28%', '9:94.85%']

-----------------------------------------------------

Central server round 36 started
Model sent from central server with 100msec communication time, with loss :0.12, accuracy : 96.38%
Accuracy per label : ['0:98.78%', '1:98.06%', '2:96.12%', '3:96.14%', '4:96.33%', '5:95.85%', '6:97.39%', '7:94.84%', '8:95.28%', '9:94.85%']
The model is from round 28 from central server, staleness is 7

Cluster round 1 completed, aggregated models from all the clients, time past : 1500msec, loss : 0.11, accuracy 96.63%
Accuracy per label : ['0:98.88%', '1:97.89%', '2:96.03%', '3:96.83%', '4:97.15%', '5:96.30%', '6:97.49%', '7:95.23%', '8:95.79%', '9:94.65%']

Cluster round 2 completed, aggregated models from all the clients, time past : 2900msec, loss : 0.11, accuracy 96.78%
Accuracy per label : ['0:98.88%', '1:97.89%', '2:96.32%', '3:96.83%', '4:97.66%', '5:96.52%', '6:97.60%', '7:95.33%', '8:95.89%', '9:94.85%']

Cluster round 3 completed, aggregated models from all the clients, time past : 4300msec, loss : 0.10, accuracy 96.91%
Accuracy per label : ['0:99.08%', '1:97.89%', '2:96.61%', '3:97.33%', '4:97.56%', '5:96.52%', '6:97.49%', '7:95.33%', '8:96.10%', '9:95.14%']

Cluster round 4 completed, aggregated models from all the clients, time past : 5700msec, loss : 0.10, accuracy 97.04%
Accuracy per label : ['0:99.08%', '1:98.06%', '2:96.71%', '3:97.33%', '4:97.66%', '5:96.75%', '6:97.81%', '7:95.43%', '8:96.41%', '9:95.14%']

Cluster round 5 completed, aggregated models from all the clients, time past : 7100msec, loss : 0.10, accuracy 97.11%
Accuracy per label : ['0:99.08%', '1:98.06%', '2:96.90%', '3:97.23%', '4:97.86%', '5:96.75%', '6:97.70%', '7:95.53%', '8:96.51%', '9:95.44%']

Before aggregation, loss : 0.10, accuracy : 97.14%
Before aggregation, accuracy per label : ['0:98.78%', '1:98.68%', '2:96.90%', '3:97.33%', '4:97.56%', '5:96.30%', '6:98.02%', '7:95.53%', '8:96.41%', '9:95.74%']
Aggregation to central server completed at central server round 250, loss : 0.10, accuracy: 97.17%, staleness : 7
Accuracy per label after aggregation : ['0:98.88%', '1:98.59%', '2:96.90%', '3:97.33%', '4:97.56%', '5:96.52%', '6:98.02%', '7:95.43%', '8:96.61%', '9:95.74%']

-----------------------------------------------------

Central server round 43 started
Model sent from central server with 100msec communication time, with loss :0.10, accuracy : 97.17%
Accuracy per label : ['0:98.88%', '1:98.59%', '2:96.90%', '3:97.33%', '4:97.56%', '5:96.52%', '6:98.02%', '7:95.43%', '8:96.61%', '9:95.74%']
The model is from round 36 from central server, staleness is 6

Cluster round 1 completed, aggregated models from all the clients, time past : 1500msec, loss : 0.09, accuracy 97.21%
Accuracy per label : ['0:99.08%', '1:98.33%', '2:97.19%', '3:97.23%', '4:97.86%', '5:96.86%', '6:98.02%', '7:95.62%', '8:96.41%', '9:95.44%']

Cluster round 2 completed, aggregated models from all the clients, time past : 2900msec, loss : 0.09, accuracy 97.26%
Accuracy per label : ['0:99.08%', '1:98.33%', '2:97.09%', '3:97.13%', '4:97.86%', '5:96.86%', '6:98.23%', '7:95.91%', '8:96.71%', '9:95.34%']

Cluster round 3 completed, aggregated models from all the clients, time past : 4300msec, loss : 0.09, accuracy 97.32%
Accuracy per label : ['0:99.08%', '1:98.24%', '2:97.19%', '3:97.23%', '4:97.76%', '5:96.86%', '6:98.43%', '7:95.82%', '8:97.02%', '9:95.54%']

Cluster round 4 completed, aggregated models from all the clients, time past : 5700msec, loss : 0.08, accuracy 97.41%
Accuracy per label : ['0:99.18%', '1:98.41%', '2:97.48%', '3:97.33%', '4:97.86%', '5:96.97%', '6:98.43%', '7:95.72%', '8:97.02%', '9:95.64%']

Cluster round 5 completed, aggregated models from all the clients, time past : 7100msec, loss : 0.08, accuracy 97.44%
Accuracy per label : ['0:99.18%', '1:98.41%', '2:97.48%', '3:97.33%', '4:97.96%', '5:96.97%', '6:98.43%', '7:95.72%', '8:97.13%', '9:95.74%']

Before aggregation, loss : 0.08, accuracy : 97.49%
Before aggregation, accuracy per label : ['0:98.98%', '1:98.77%', '2:97.19%', '3:98.02%', '4:97.76%', '5:96.97%', '6:97.91%', '7:95.91%', '8:96.82%', '9:96.43%']
Aggregation to central server completed at central server round 250, loss : 0.08, accuracy: 97.50%, staleness : 6
Accuracy per label after aggregation : ['0:99.08%', '1:98.77%', '2:97.19%', '3:97.92%', '4:97.76%', '5:96.97%', '6:98.02%', '7:95.91%', '8:96.82%', '9:96.43%']

-----------------------------------------------------

Central server round 50 started
Model sent from central server with 100msec communication time, with loss :0.08, accuracy : 97.50%
Accuracy per label : ['0:99.08%', '1:98.77%', '2:97.19%', '3:97.92%', '4:97.76%', '5:96.97%', '6:98.02%', '7:95.91%', '8:96.82%', '9:96.43%']
The model is from round 43 from central server, staleness is 6

Cluster round 1 completed, aggregated models from all the clients, time past : 1500msec, loss : 0.08, accuracy 97.58%
Accuracy per label : ['0:99.18%', '1:98.77%', '2:97.19%', '3:97.52%', '4:97.96%', '5:97.20%', '6:98.33%', '7:96.21%', '8:97.33%', '9:96.04%']

Cluster round 2 completed, aggregated models from all the clients, time past : 2900msec, loss : 0.08, accuracy 97.61%
Accuracy per label : ['0:99.18%', '1:98.68%', '2:97.38%', '3:97.62%', '4:97.96%', '5:97.09%', '6:98.43%', '7:96.30%', '8:97.23%', '9:96.13%']

Cluster round 3 completed, aggregated models from all the clients, time past : 4300msec, loss : 0.08, accuracy 97.62%
Accuracy per label : ['0:99.18%', '1:98.59%', '2:97.58%', '3:97.62%', '4:98.07%', '5:97.09%', '6:98.43%', '7:96.21%', '8:97.33%', '9:96.04%']

Cluster round 4 completed, aggregated models from all the clients, time past : 5700msec, loss : 0.07, accuracy 97.70%
Accuracy per label : ['0:99.29%', '1:98.59%', '2:97.77%', '3:97.72%', '4:98.07%', '5:97.31%', '6:98.43%', '7:96.21%', '8:97.43%', '9:96.13%']

Cluster round 5 completed, aggregated models from all the clients, time past : 7100msec, loss : 0.07, accuracy 97.72%
Accuracy per label : ['0:99.29%', '1:98.59%', '2:97.67%', '3:97.72%', '4:98.07%', '5:97.31%', '6:98.43%', '7:96.40%', '8:97.43%', '9:96.23%']

Before aggregation, loss : 0.08, accuracy : 97.70%
Before aggregation, accuracy per label : ['0:99.18%', '1:98.77%', '2:97.58%', '3:98.12%', '4:97.96%', '5:97.42%', '6:98.02%', '7:95.91%', '8:97.23%', '9:96.73%']
Aggregation to central server completed at central server round 250, loss : 0.07, accuracy: 97.71%, staleness : 6
Accuracy per label after aggregation : ['0:99.18%', '1:98.77%', '2:97.58%', '3:98.12%', '4:97.96%', '5:97.31%', '6:98.02%', '7:96.11%', '8:97.23%', '9:96.73%']

-----------------------------------------------------

Central server round 58 started
Model sent from central server with 100msec communication time, with loss :0.07, accuracy : 97.71%
Accuracy per label : ['0:99.18%', '1:98.77%', '2:97.58%', '3:98.12%', '4:97.96%', '5:97.31%', '6:98.02%', '7:96.11%', '8:97.23%', '9:96.73%']
The model is from round 50 from central server, staleness is 7

Cluster round 1 completed, aggregated models from all the clients, time past : 1500msec, loss : 0.07, accuracy 97.71%
Accuracy per label : ['0:99.29%', '1:98.85%', '2:97.38%', '3:97.72%', '4:98.07%', '5:97.42%', '6:98.43%', '7:96.30%', '8:97.33%', '9:96.23%']

Cluster round 2 completed, aggregated models from all the clients, time past : 2900msec, loss : 0.07, accuracy 97.79%
Accuracy per label : ['0:99.29%', '1:98.85%', '2:97.77%', '3:97.82%', '4:98.07%', '5:97.42%', '6:98.54%', '7:96.40%', '8:97.43%', '9:96.23%']

Cluster round 3 completed, aggregated models from all the clients, time past : 4300msec, loss : 0.07, accuracy 97.86%
Accuracy per label : ['0:99.39%', '1:98.77%', '2:97.87%', '3:97.82%', '4:98.17%', '5:97.42%', '6:98.54%', '7:96.50%', '8:97.64%', '9:96.43%']

Cluster round 4 completed, aggregated models from all the clients, time past : 5700msec, loss : 0.07, accuracy 97.91%
Accuracy per label : ['0:99.39%', '1:98.77%', '2:97.87%', '3:97.72%', '4:98.37%', '5:97.53%', '6:98.43%', '7:96.60%', '8:97.84%', '9:96.53%']

Cluster round 5 completed, aggregated models from all the clients, time past : 7100msec, loss : 0.07, accuracy 97.93%
Accuracy per label : ['0:99.39%', '1:98.77%', '2:97.87%', '3:97.72%', '4:98.47%', '5:97.76%', '6:98.43%', '7:96.89%', '8:97.64%', '9:96.33%']

Before aggregation, loss : 0.07, accuracy : 97.87%
Before aggregation, accuracy per label : ['0:99.08%', '1:98.85%', '2:97.58%', '3:98.32%', '4:98.27%', '5:97.42%', '6:98.23%', '7:96.50%', '8:97.43%', '9:96.93%']
Aggregation to central server completed at central server round 250, loss : 0.07, accuracy: 97.84%, staleness : 7
Accuracy per label after aggregation : ['0:99.18%', '1:98.85%', '2:97.48%', '3:98.12%', '4:98.17%', '5:97.53%', '6:98.12%', '7:96.50%', '8:97.43%', '9:96.93%']

-----------------------------------------------------

Central server round 66 started
Model sent from central server with 100msec communication time, with loss :0.07, accuracy : 97.84%
Accuracy per label : ['0:99.18%', '1:98.85%', '2:97.48%', '3:98.12%', '4:98.17%', '5:97.53%', '6:98.12%', '7:96.50%', '8:97.43%', '9:96.93%']
The model is from round 58 from central server, staleness is 7

Cluster round 1 completed, aggregated models from all the clients, time past : 1500msec, loss : 0.07, accuracy 97.93%
Accuracy per label : ['0:99.29%', '1:98.85%', '2:97.87%', '3:98.02%', '4:98.37%', '5:97.53%', '6:98.54%', '7:96.69%', '8:97.54%', '9:96.53%']

Cluster round 2 completed, aggregated models from all the clients, time past : 2900msec, loss : 0.07, accuracy 97.99%
Accuracy per label : ['0:99.39%', '1:98.85%', '2:97.97%', '3:98.12%', '4:98.37%', '5:97.53%', '6:98.54%', '7:96.60%', '8:97.64%', '9:96.83%']

Cluster round 3 completed, aggregated models from all the clients, time past : 4300msec, loss : 0.07, accuracy 98.02%
Accuracy per label : ['0:99.39%', '1:98.77%', '2:98.06%', '3:98.02%', '4:98.47%', '5:97.65%', '6:98.54%', '7:96.79%', '8:97.64%', '9:96.83%']

Cluster round 4 completed, aggregated models from all the clients, time past : 5700msec, loss : 0.06, accuracy 98.05%
Accuracy per label : ['0:99.39%', '1:98.77%', '2:97.97%', '3:98.02%', '4:98.57%', '5:97.76%', '6:98.54%', '7:96.89%', '8:97.74%', '9:96.83%']

Cluster round 5 completed, aggregated models from all the clients, time past : 7100msec, loss : 0.06, accuracy 98.06%
Accuracy per label : ['0:99.39%', '1:98.77%', '2:97.97%', '3:97.92%', '4:98.68%', '5:97.76%', '6:98.54%', '7:97.08%', '8:97.74%', '9:96.73%']

Before aggregation, loss : 0.06, accuracy : 97.96%
Before aggregation, accuracy per label : ['0:99.08%', '1:98.85%', '2:97.58%', '3:98.42%', '4:98.37%', '5:97.65%', '6:98.12%', '7:96.69%', '8:97.74%', '9:97.03%']
Aggregation to central server completed at central server round 250, loss : 0.06, accuracy: 97.94%, staleness : 7
Accuracy per label after aggregation : ['0:99.08%', '1:98.85%', '2:97.58%', '3:98.42%', '4:98.37%', '5:97.53%', '6:98.23%', '7:96.60%', '8:97.64%', '9:97.03%']

-----------------------------------------------------

Central server round 73 started
Model sent from central server with 100msec communication time, with loss :0.06, accuracy : 97.94%
Accuracy per label : ['0:99.08%', '1:98.85%', '2:97.58%', '3:98.42%', '4:98.37%', '5:97.53%', '6:98.23%', '7:96.60%', '8:97.64%', '9:97.03%']
The model is from round 66 from central server, staleness is 6

Cluster round 1 completed, aggregated models from all the clients, time past : 1500msec, loss : 0.06, accuracy 98.04%
Accuracy per label : ['0:99.18%', '1:98.85%', '2:97.87%', '3:98.02%', '4:98.68%', '5:97.76%', '6:98.54%', '7:96.79%', '8:97.64%', '9:97.03%']

Cluster round 2 completed, aggregated models from all the clients, time past : 2900msec, loss : 0.06, accuracy 98.08%
Accuracy per label : ['0:99.39%', '1:98.85%', '2:97.97%', '3:98.12%', '4:98.68%', '5:97.76%', '6:98.43%', '7:96.89%', '8:97.64%', '9:97.03%']

Cluster round 3 completed, aggregated models from all the clients, time past : 4300msec, loss : 0.06, accuracy 98.12%
Accuracy per label : ['0:99.39%', '1:98.77%', '2:97.97%', '3:98.12%', '4:98.78%', '5:97.87%', '6:98.54%', '7:97.08%', '8:97.64%', '9:97.03%']

Cluster round 4 completed, aggregated models from all the clients, time past : 5700msec, loss : 0.06, accuracy 98.12%
Accuracy per label : ['0:99.39%', '1:98.77%', '2:97.97%', '3:98.02%', '4:98.78%', '5:97.87%', '6:98.54%', '7:97.18%', '8:97.64%', '9:97.03%']

Cluster round 5 completed, aggregated models from all the clients, time past : 7100msec, loss : 0.06, accuracy 98.17%
Accuracy per label : ['0:99.39%', '1:98.77%', '2:98.06%', '3:98.02%', '4:98.88%', '5:97.87%', '6:98.64%', '7:97.18%', '8:97.74%', '9:97.13%']

Before aggregation, loss : 0.06, accuracy : 98.02%
Before aggregation, accuracy per label : ['0:99.08%', '1:98.77%', '2:97.67%', '3:98.51%', '4:98.47%', '5:97.65%', '6:98.23%', '7:97.08%', '8:97.64%', '9:97.03%']
Aggregation to central server completed at central server round 250, loss : 0.06, accuracy: 98.05%, staleness : 6
Accuracy per label after aggregation : ['0:99.18%', '1:98.85%', '2:97.67%', '3:98.51%', '4:98.47%', '5:97.65%', '6:98.33%', '7:97.08%', '8:97.64%', '9:97.03%']

-----------------------------------------------------

Central server round 80 started
Model sent from central server with 100msec communication time, with loss :0.06, accuracy : 98.05%
Accuracy per label : ['0:99.18%', '1:98.85%', '2:97.67%', '3:98.51%', '4:98.47%', '5:97.65%', '6:98.33%', '7:97.08%', '8:97.64%', '9:97.03%']
The model is from round 73 from central server, staleness is 6

Cluster round 1 completed, aggregated models from all the clients, time past : 1500msec, loss : 0.06, accuracy 98.12%
Accuracy per label : ['0:99.29%', '1:98.85%', '2:97.97%', '3:98.02%', '4:98.98%', '5:97.87%', '6:98.43%', '7:96.98%', '8:97.64%', '9:97.13%']

Cluster round 2 completed, aggregated models from all the clients, time past : 2900msec, loss : 0.06, accuracy 98.13%
Accuracy per label : ['0:99.29%', '1:98.85%', '2:97.97%', '3:98.02%', '4:98.88%', '5:97.87%', '6:98.54%', '7:97.08%', '8:97.64%', '9:97.13%']

Cluster round 3 completed, aggregated models from all the clients, time past : 4300msec, loss : 0.06, accuracy 98.15%
Accuracy per label : ['0:99.39%', '1:98.85%', '2:98.06%', '3:98.02%', '4:98.78%', '5:97.87%', '6:98.54%', '7:97.18%', '8:97.64%', '9:97.13%']

Cluster round 4 completed, aggregated models from all the clients, time past : 5700msec, loss : 0.06, accuracy 98.17%
Accuracy per label : ['0:99.39%', '1:98.77%', '2:97.97%', '3:98.02%', '4:98.98%', '5:97.87%', '6:98.54%', '7:97.28%', '8:97.64%', '9:97.22%']

Cluster round 5 completed, aggregated models from all the clients, time past : 7100msec, loss : 0.06, accuracy 98.19%
Accuracy per label : ['0:99.39%', '1:98.77%', '2:98.06%', '3:98.02%', '4:98.98%', '5:97.76%', '6:98.54%', '7:97.47%', '8:97.74%', '9:97.13%']

Before aggregation, loss : 0.06, accuracy : 98.07%
Before aggregation, accuracy per label : ['0:99.08%', '1:98.85%', '2:97.67%', '3:98.42%', '4:98.57%', '5:97.76%', '6:98.23%', '7:97.08%', '8:97.84%', '9:97.13%']
Aggregation to central server completed at central server round 250, loss : 0.06, accuracy: 98.10%, staleness : 6
Accuracy per label after aggregation : ['0:99.08%', '1:98.85%', '2:97.67%', '3:98.42%', '4:98.68%', '5:97.76%', '6:98.33%', '7:97.18%', '8:97.84%', '9:97.13%']

-----------------------------------------------------

Central server round 88 started
Model sent from central server with 100msec communication time, with loss :0.06, accuracy : 98.10%
Accuracy per label : ['0:99.08%', '1:98.85%', '2:97.67%', '3:98.42%', '4:98.68%', '5:97.76%', '6:98.33%', '7:97.18%', '8:97.84%', '9:97.13%']
The model is from round 80 from central server, staleness is 7

Cluster round 1 completed, aggregated models from all the clients, time past : 1500msec, loss : 0.06, accuracy 98.16%
Accuracy per label : ['0:99.29%', '1:98.94%', '2:97.87%', '3:98.02%', '4:98.98%', '5:97.87%', '6:98.64%', '7:97.18%', '8:97.64%', '9:97.13%']

Cluster round 2 completed, aggregated models from all the clients, time past : 2900msec, loss : 0.06, accuracy 98.16%
Accuracy per label : ['0:99.29%', '1:98.94%', '2:97.87%', '3:97.92%', '4:98.88%', '5:97.87%', '6:98.64%', '7:97.28%', '8:97.74%', '9:97.13%']

Cluster round 3 completed, aggregated models from all the clients, time past : 4300msec, loss : 0.06, accuracy 98.18%
Accuracy per label : ['0:99.29%', '1:99.03%', '2:97.87%', '3:97.82%', '4:98.98%', '5:97.87%', '6:98.64%', '7:97.47%', '8:97.64%', '9:97.13%']

Cluster round 4 completed, aggregated models from all the clients, time past : 5700msec, loss : 0.06, accuracy 98.19%
Accuracy per label : ['0:99.29%', '1:98.94%', '2:97.87%', '3:97.92%', '4:99.08%', '5:97.87%', '6:98.54%', '7:97.57%', '8:97.74%', '9:97.03%']

Cluster round 5 completed, aggregated models from all the clients, time past : 7100msec, loss : 0.06, accuracy 98.22%
Accuracy per label : ['0:99.29%', '1:99.03%', '2:97.87%', '3:97.92%', '4:99.08%', '5:97.98%', '6:98.54%', '7:97.57%', '8:97.84%', '9:97.03%']

Before aggregation, loss : 0.06, accuracy : 98.17%
Before aggregation, accuracy per label : ['0:98.88%', '1:98.94%', '2:97.58%', '3:98.51%', '4:98.78%', '5:97.87%', '6:98.43%', '7:97.57%', '8:97.84%', '9:97.22%']
Aggregation to central server completed at central server round 250, loss : 0.06, accuracy: 98.18%, staleness : 7
Accuracy per label after aggregation : ['0:98.98%', '1:98.94%', '2:97.67%', '3:98.42%', '4:98.78%', '5:97.87%', '6:98.43%', '7:97.57%', '8:97.84%', '9:97.22%']

-----------------------------------------------------

Central server round 95 started
Model sent from central server with 100msec communication time, with loss :0.06, accuracy : 98.18%
Accuracy per label : ['0:98.98%', '1:98.94%', '2:97.67%', '3:98.42%', '4:98.78%', '5:97.87%', '6:98.43%', '7:97.57%', '8:97.84%', '9:97.22%']
The model is from round 88 from central server, staleness is 6

Cluster round 1 completed, aggregated models from all the clients, time past : 1500msec, loss : 0.05, accuracy 98.28%
Accuracy per label : ['0:99.29%', '1:99.12%', '2:97.87%', '3:98.22%', '4:99.08%', '5:98.21%', '6:98.64%', '7:97.47%', '8:97.74%', '9:97.13%']

Cluster round 2 completed, aggregated models from all the clients, time past : 2900msec, loss : 0.05, accuracy 98.31%
Accuracy per label : ['0:99.29%', '1:99.21%', '2:97.97%', '3:98.22%', '4:98.98%', '5:98.09%', '6:98.64%', '7:97.67%', '8:97.74%', '9:97.22%']

Cluster round 3 completed, aggregated models from all the clients, time past : 4300msec, loss : 0.05, accuracy 98.25%
Accuracy per label : ['0:99.29%', '1:99.21%', '2:97.87%', '3:97.92%', '4:98.98%', '5:98.21%', '6:98.64%', '7:97.57%', '8:97.64%', '9:97.13%']

Cluster round 4 completed, aggregated models from all the clients, time past : 5700msec, loss : 0.05, accuracy 98.29%
Accuracy per label : ['0:99.29%', '1:99.21%', '2:97.87%', '3:98.02%', '4:99.08%', '5:98.21%', '6:98.54%', '7:97.86%', '8:97.74%', '9:97.03%']

Cluster round 5 completed, aggregated models from all the clients, time past : 7100msec, loss : 0.05, accuracy 98.35%
Accuracy per label : ['0:99.29%', '1:99.30%', '2:97.97%', '3:98.22%', '4:99.08%', '5:98.09%', '6:98.43%', '7:97.96%', '8:98.05%', '9:97.03%']

Before aggregation, loss : 0.05, accuracy : 98.28%
Before aggregation, accuracy per label : ['0:98.98%', '1:99.21%', '2:97.77%', '3:98.61%', '4:98.78%', '5:98.09%', '6:98.33%', '7:97.67%', '8:97.95%', '9:97.32%']
Aggregation to central server completed at central server round 250, loss : 0.05, accuracy: 98.27%, staleness : 6
Accuracy per label after aggregation : ['0:98.98%', '1:99.21%', '2:97.77%', '3:98.51%', '4:98.88%', '5:98.09%', '6:98.23%', '7:97.67%', '8:97.95%', '9:97.32%']

-----------------------------------------------------

Central server round 103 started
Model sent from central server with 100msec communication time, with loss :0.05, accuracy : 98.27%
Accuracy per label : ['0:98.98%', '1:99.21%', '2:97.77%', '3:98.51%', '4:98.88%', '5:98.09%', '6:98.23%', '7:97.67%', '8:97.95%', '9:97.32%']
The model is from round 95 from central server, staleness is 7

Cluster round 1 completed, aggregated models from all the clients, time past : 1500msec, loss : 0.05, accuracy 98.34%
Accuracy per label : ['0:99.29%', '1:99.12%', '2:97.97%', '3:98.42%', '4:99.08%', '5:98.32%', '6:98.54%', '7:97.57%', '8:97.84%', '9:97.22%']

Cluster round 2 completed, aggregated models from all the clients, time past : 2900msec, loss : 0.05, accuracy 98.35%
Accuracy per label : ['0:99.29%', '1:99.21%', '2:98.06%', '3:98.42%', '4:98.98%', '5:98.32%', '6:98.54%', '7:97.76%', '8:97.74%', '9:97.13%']

Cluster round 3 completed, aggregated models from all the clients, time past : 4300msec, loss : 0.05, accuracy 98.33%
Accuracy per label : ['0:99.29%', '1:99.30%', '2:97.97%', '3:98.32%', '4:99.19%', '5:98.21%', '6:98.33%', '7:97.96%', '8:97.64%', '9:97.03%']

Cluster round 4 completed, aggregated models from all the clients, time past : 5700msec, loss : 0.05, accuracy 98.39%
Accuracy per label : ['0:99.29%', '1:99.30%', '2:97.97%', '3:98.42%', '4:99.19%', '5:98.09%', '6:98.43%', '7:98.05%', '8:98.05%', '9:97.03%']

Cluster round 5 completed, aggregated models from all the clients, time past : 7100msec, loss : 0.05, accuracy 98.39%
Accuracy per label : ['0:99.29%', '1:99.30%', '2:97.97%', '3:98.42%', '4:99.19%', '5:98.09%', '6:98.33%', '7:98.15%', '8:98.05%', '9:97.03%']

Before aggregation, loss : 0.05, accuracy : 98.25%
Before aggregation, accuracy per label : ['0:98.98%', '1:99.03%', '2:97.67%', '3:98.61%', '4:98.88%', '5:98.09%', '6:98.33%', '7:97.67%', '8:98.05%', '9:97.13%']
Aggregation to central server completed at central server round 250, loss : 0.05, accuracy: 98.28%, staleness : 7
Accuracy per label after aggregation : ['0:98.98%', '1:99.12%', '2:97.77%', '3:98.61%', '4:98.88%', '5:98.09%', '6:98.33%', '7:97.67%', '8:98.05%', '9:97.22%']

-----------------------------------------------------

Central server round 110 started
Model sent from central server with 100msec communication time, with loss :0.05, accuracy : 98.28%
Accuracy per label : ['0:98.98%', '1:99.12%', '2:97.77%', '3:98.61%', '4:98.88%', '5:98.09%', '6:98.33%', '7:97.67%', '8:98.05%', '9:97.22%']
The model is from round 103 from central server, staleness is 6

Cluster round 1 completed, aggregated models from all the clients, time past : 1500msec, loss : 0.05, accuracy 98.42%
Accuracy per label : ['0:99.29%', '1:99.21%', '2:98.16%', '3:98.61%', '4:99.19%', '5:98.43%', '6:98.54%', '7:97.67%', '8:97.95%', '9:97.13%']

Cluster round 2 completed, aggregated models from all the clients, time past : 2900msec, loss : 0.05, accuracy 98.38%
Accuracy per label : ['0:99.29%', '1:99.30%', '2:98.16%', '3:98.51%', '4:99.08%', '5:98.43%', '6:98.33%', '7:97.76%', '8:97.84%', '9:97.03%']

Cluster round 3 completed, aggregated models from all the clients, time past : 4300msec, loss : 0.05, accuracy 98.43%
Accuracy per label : ['0:99.29%', '1:99.30%', '2:98.06%', '3:98.51%', '4:99.29%', '5:98.43%', '6:98.33%', '7:97.96%', '8:98.05%', '9:97.03%']

Cluster round 4 completed, aggregated models from all the clients, time past : 5700msec, loss : 0.05, accuracy 98.41%
Accuracy per label : ['0:99.29%', '1:99.30%', '2:97.97%', '3:98.61%', '4:99.29%', '5:98.43%', '6:98.33%', '7:97.96%', '8:97.95%', '9:96.93%']

Cluster round 5 completed, aggregated models from all the clients, time past : 7100msec, loss : 0.05, accuracy 98.41%
Accuracy per label : ['0:99.29%', '1:99.30%', '2:97.97%', '3:98.61%', '4:99.29%', '5:98.32%', '6:98.33%', '7:98.15%', '8:97.84%', '9:96.93%']

Before aggregation, loss : 0.05, accuracy : 98.35%
Before aggregation, accuracy per label : ['0:98.98%', '1:99.12%', '2:97.67%', '3:98.81%', '4:98.98%', '5:98.09%', '6:98.64%', '7:97.76%', '8:98.25%', '9:97.13%']
Aggregation to central server completed at central server round 250, loss : 0.05, accuracy: 98.35%, staleness : 6
Accuracy per label after aggregation : ['0:98.98%', '1:99.12%', '2:97.87%', '3:98.71%', '4:98.98%', '5:98.09%', '6:98.54%', '7:97.76%', '8:98.25%', '9:97.13%']

-----------------------------------------------------

Central server round 118 started
Model sent from central server with 100msec communication time, with loss :0.05, accuracy : 98.35%
Accuracy per label : ['0:98.98%', '1:99.12%', '2:97.87%', '3:98.71%', '4:98.98%', '5:98.09%', '6:98.54%', '7:97.76%', '8:98.25%', '9:97.13%']
The model is from round 110 from central server, staleness is 7

Cluster round 1 completed, aggregated models from all the clients, time past : 1500msec, loss : 0.05, accuracy 98.40%
Accuracy per label : ['0:99.18%', '1:99.21%', '2:98.26%', '3:98.61%', '4:99.19%', '5:98.32%', '6:98.54%', '7:97.76%', '8:97.84%', '9:97.03%']

Cluster round 2 completed, aggregated models from all the clients, time past : 2900msec, loss : 0.05, accuracy 98.38%
Accuracy per label : ['0:99.18%', '1:99.21%', '2:98.16%', '3:98.51%', '4:99.08%', '5:98.43%', '6:98.23%', '7:98.05%', '8:97.95%', '9:96.93%']

Cluster round 3 completed, aggregated models from all the clients, time past : 4300msec, loss : 0.05, accuracy 98.40%
Accuracy per label : ['0:99.18%', '1:99.21%', '2:98.06%', '3:98.61%', '4:99.08%', '5:98.43%', '6:98.23%', '7:98.15%', '8:98.05%', '9:96.93%']

Cluster round 4 completed, aggregated models from all the clients, time past : 5700msec, loss : 0.05, accuracy 98.39%
Accuracy per label : ['0:99.18%', '1:99.21%', '2:98.06%', '3:98.61%', '4:99.19%', '5:98.32%', '6:98.23%', '7:98.15%', '8:98.05%', '9:96.83%']

Cluster round 5 completed, aggregated models from all the clients, time past : 7100msec, loss : 0.05, accuracy 98.37%
Accuracy per label : ['0:99.18%', '1:99.21%', '2:97.87%', '3:98.51%', '4:99.29%', '5:98.32%', '6:98.23%', '7:98.25%', '8:97.84%', '9:96.93%']

Before aggregation, loss : 0.05, accuracy : 98.41%
Before aggregation, accuracy per label : ['0:98.98%', '1:99.30%', '2:97.97%', '3:98.91%', '4:98.78%', '5:98.21%', '6:98.43%', '7:97.96%', '8:98.05%', '9:97.42%']
Aggregation to central server completed at central server round 250, loss : 0.05, accuracy: 98.43%, staleness : 7
Accuracy per label after aggregation : ['0:98.98%', '1:99.30%', '2:97.97%', '3:98.91%', '4:98.98%', '5:98.21%', '6:98.43%', '7:98.05%', '8:98.05%', '9:97.32%']

-----------------------------------------------------

Central server round 126 started
Model sent from central server with 100msec communication time, with loss :0.05, accuracy : 98.43%
Accuracy per label : ['0:98.98%', '1:99.30%', '2:97.97%', '3:98.91%', '4:98.98%', '5:98.21%', '6:98.43%', '7:98.05%', '8:98.05%', '9:97.32%']
The model is from round 118 from central server, staleness is 7

Cluster round 1 completed, aggregated models from all the clients, time past : 1500msec, loss : 0.05, accuracy 98.39%
Accuracy per label : ['0:99.18%', '1:99.21%', '2:98.26%', '3:98.71%', '4:99.08%', '5:98.32%', '6:98.33%', '7:97.96%', '8:97.74%', '9:97.03%']

Cluster round 2 completed, aggregated models from all the clients, time past : 2900msec, loss : 0.05, accuracy 98.41%
Accuracy per label : ['0:99.18%', '1:99.21%', '2:98.06%', '3:98.51%', '4:99.08%', '5:98.43%', '6:98.23%', '7:98.25%', '8:97.95%', '9:97.13%']

Cluster round 3 completed, aggregated models from all the clients, time past : 4300msec, loss : 0.05, accuracy 98.39%
Accuracy per label : ['0:99.18%', '1:99.21%', '2:98.06%', '3:98.61%', '4:99.19%', '5:98.32%', '6:98.12%', '7:98.25%', '8:97.84%', '9:97.03%']

Cluster round 4 completed, aggregated models from all the clients, time past : 5700msec, loss : 0.05, accuracy 98.41%
Accuracy per label : ['0:99.18%', '1:99.21%', '2:98.06%', '3:98.61%', '4:99.29%', '5:98.32%', '6:98.23%', '7:98.35%', '8:97.84%', '9:96.93%']

Cluster round 5 completed, aggregated models from all the clients, time past : 7100msec, loss : 0.05, accuracy 98.39%
Accuracy per label : ['0:99.18%', '1:99.21%', '2:97.97%', '3:98.51%', '4:99.29%', '5:98.32%', '6:98.23%', '7:98.35%', '8:97.84%', '9:96.93%']

Before aggregation, loss : 0.05, accuracy : 98.39%
Before aggregation, accuracy per label : ['0:98.98%', '1:99.38%', '2:98.06%', '3:98.91%', '4:98.78%', '5:98.09%', '6:98.33%', '7:97.76%', '8:98.05%', '9:97.42%']
Aggregation to central server completed at central server round 250, loss : 0.05, accuracy: 98.40%, staleness : 7
Accuracy per label after aggregation : ['0:98.98%', '1:99.38%', '2:97.97%', '3:98.81%', '4:98.88%', '5:98.09%', '6:98.33%', '7:98.05%', '8:98.05%', '9:97.32%']

-----------------------------------------------------

Central server round 132 started
Model sent from central server with 100msec communication time, with loss :0.05, accuracy : 98.40%
Accuracy per label : ['0:98.98%', '1:99.38%', '2:97.97%', '3:98.81%', '4:98.88%', '5:98.09%', '6:98.33%', '7:98.05%', '8:98.05%', '9:97.32%']
The model is from round 126 from central server, staleness is 5

Cluster round 1 completed, aggregated models from all the clients, time past : 1500msec, loss : 0.05, accuracy 98.42%
Accuracy per label : ['0:99.18%', '1:99.30%', '2:98.16%', '3:98.71%', '4:99.19%', '5:98.21%', '6:98.43%', '7:98.15%', '8:97.84%', '9:96.93%']

Cluster round 2 completed, aggregated models from all the clients, time past : 2900msec, loss : 0.05, accuracy 98.44%
Accuracy per label : ['0:99.18%', '1:99.30%', '2:98.26%', '3:98.61%', '4:99.19%', '5:98.21%', '6:98.23%', '7:98.35%', '8:97.84%', '9:97.13%']

Cluster round 3 completed, aggregated models from all the clients, time past : 4300msec, loss : 0.05, accuracy 98.42%
Accuracy per label : ['0:99.18%', '1:99.30%', '2:98.16%', '3:98.71%', '4:99.08%', '5:98.32%', '6:98.23%', '7:98.35%', '8:97.84%', '9:96.93%']

Cluster round 4 completed, aggregated models from all the clients, time past : 5700msec, loss : 0.05, accuracy 98.43%
Accuracy per label : ['0:99.18%', '1:99.30%', '2:97.97%', '3:98.71%', '4:99.29%', '5:98.32%', '6:98.23%', '7:98.44%', '8:97.84%', '9:96.93%']

Cluster round 5 completed, aggregated models from all the clients, time past : 7100msec, loss : 0.05, accuracy 98.42%
Accuracy per label : ['0:99.18%', '1:99.38%', '2:97.97%', '3:98.42%', '4:99.29%', '5:98.32%', '6:98.23%', '7:98.54%', '8:97.84%', '9:96.93%']

Before aggregation, loss : 0.05, accuracy : 98.39%
Before aggregation, accuracy per label : ['0:98.98%', '1:99.38%', '2:98.06%', '3:98.61%', '4:98.98%', '5:97.98%', '6:98.64%', '7:97.96%', '8:98.15%', '9:97.03%']
Aggregation to central server completed at central server round 250, loss : 0.05, accuracy: 98.38%, staleness : 5
Accuracy per label after aggregation : ['0:98.98%', '1:99.30%', '2:97.97%', '3:98.61%', '4:98.98%', '5:97.98%', '6:98.64%', '7:98.05%', '8:98.15%', '9:97.03%']

-----------------------------------------------------

Central server round 140 started
Model sent from central server with 100msec communication time, with loss :0.05, accuracy : 98.38%
Accuracy per label : ['0:98.98%', '1:99.30%', '2:97.97%', '3:98.61%', '4:98.98%', '5:97.98%', '6:98.64%', '7:98.05%', '8:98.15%', '9:97.03%']
The model is from round 132 from central server, staleness is 7

Cluster round 1 completed, aggregated models from all the clients, time past : 1500msec, loss : 0.05, accuracy 98.40%
Accuracy per label : ['0:99.18%', '1:99.38%', '2:98.06%', '3:98.71%', '4:99.29%', '5:98.21%', '6:98.43%', '7:98.05%', '8:97.64%', '9:96.93%']

Cluster round 2 completed, aggregated models from all the clients, time past : 2900msec, loss : 0.05, accuracy 98.44%
Accuracy per label : ['0:99.18%', '1:99.38%', '2:98.26%', '3:98.61%', '4:99.29%', '5:98.21%', '6:98.23%', '7:98.25%', '8:97.95%', '9:96.93%']

Cluster round 3 completed, aggregated models from all the clients, time past : 4300msec, loss : 0.05, accuracy 98.44%
Accuracy per label : ['0:99.18%', '1:99.38%', '2:97.97%', '3:98.71%', '4:99.19%', '5:98.32%', '6:98.23%', '7:98.54%', '8:97.95%', '9:96.83%']

Cluster round 4 completed, aggregated models from all the clients, time past : 5700msec, loss : 0.05, accuracy 98.45%
Accuracy per label : ['0:99.18%', '1:99.47%', '2:98.06%', '3:98.61%', '4:99.19%', '5:98.32%', '6:98.33%', '7:98.54%', '8:97.84%', '9:96.83%']

Cluster round 5 completed, aggregated models from all the clients, time past : 7100msec, loss : 0.05, accuracy 98.46%
Accuracy per label : ['0:99.18%', '1:99.47%', '2:97.97%', '3:98.61%', '4:99.29%', '5:98.32%', '6:98.33%', '7:98.54%', '8:97.84%', '9:96.93%']

Before aggregation, loss : 0.05, accuracy : 98.46%
Before aggregation, accuracy per label : ['0:98.98%', '1:99.38%', '2:98.26%', '3:98.81%', '4:98.98%', '5:98.09%', '6:98.54%', '7:98.15%', '8:97.95%', '9:97.32%']
Aggregation to central server completed at central server round 250, loss : 0.05, accuracy: 98.41%, staleness : 7
Accuracy per label after aggregation : ['0:98.98%', '1:99.38%', '2:98.16%', '3:98.71%', '4:98.98%', '5:98.09%', '6:98.43%', '7:98.05%', '8:97.95%', '9:97.22%']

-----------------------------------------------------

Central server round 148 started
Model sent from central server with 100msec communication time, with loss :0.05, accuracy : 98.41%
Accuracy per label : ['0:98.98%', '1:99.38%', '2:98.16%', '3:98.71%', '4:98.98%', '5:98.09%', '6:98.43%', '7:98.05%', '8:97.95%', '9:97.22%']
The model is from round 140 from central server, staleness is 7

Cluster round 1 completed, aggregated models from all the clients, time past : 1500msec, loss : 0.05, accuracy 98.44%
Accuracy per label : ['0:99.18%', '1:99.38%', '2:98.16%', '3:98.61%', '4:99.29%', '5:98.21%', '6:98.33%', '7:98.05%', '8:97.95%', '9:97.13%']

Cluster round 2 completed, aggregated models from all the clients, time past : 2900msec, loss : 0.05, accuracy 98.48%
Accuracy per label : ['0:99.18%', '1:99.47%', '2:98.16%', '3:98.61%', '4:99.19%', '5:98.32%', '6:98.23%', '7:98.44%', '8:97.95%', '9:97.13%']

Cluster round 3 completed, aggregated models from all the clients, time past : 4300msec, loss : 0.05, accuracy 98.49%
Accuracy per label : ['0:99.18%', '1:99.56%', '2:98.16%', '3:98.61%', '4:99.19%', '5:98.32%', '6:98.33%', '7:98.54%', '8:97.84%', '9:97.03%']

Cluster round 4 completed, aggregated models from all the clients, time past : 5700msec, loss : 0.05, accuracy 98.47%
Accuracy per label : ['0:99.18%', '1:99.56%', '2:98.06%', '3:98.51%', '4:99.29%', '5:98.32%', '6:98.33%', '7:98.54%', '8:97.84%', '9:96.93%']

Cluster round 5 completed, aggregated models from all the clients, time past : 7100msec, loss : 0.05, accuracy 98.48%
Accuracy per label : ['0:99.18%', '1:99.38%', '2:98.16%', '3:98.61%', '4:99.29%', '5:98.32%', '6:98.33%', '7:98.54%', '8:97.84%', '9:97.03%']

Before aggregation, loss : 0.05, accuracy : 98.45%
Before aggregation, accuracy per label : ['0:98.98%', '1:99.38%', '2:98.26%', '3:98.81%', '4:98.98%', '5:98.09%', '6:98.43%', '7:98.15%', '8:97.95%', '9:97.32%']
Aggregation to central server completed at central server round 250, loss : 0.05, accuracy: 98.43%, staleness : 7
Accuracy per label after aggregation : ['0:98.98%', '1:99.38%', '2:98.26%', '3:98.81%', '4:98.98%', '5:98.21%', '6:98.33%', '7:98.05%', '8:97.95%', '9:97.22%']

-----------------------------------------------------

Central server round 156 started
Model sent from central server with 100msec communication time, with loss :0.05, accuracy : 98.43%
Accuracy per label : ['0:98.98%', '1:99.38%', '2:98.26%', '3:98.81%', '4:98.98%', '5:98.21%', '6:98.33%', '7:98.05%', '8:97.95%', '9:97.22%']
The model is from round 148 from central server, staleness is 7

Cluster round 1 completed, aggregated models from all the clients, time past : 1500msec, loss : 0.05, accuracy 98.46%
Accuracy per label : ['0:99.18%', '1:99.38%', '2:98.16%', '3:98.81%', '4:99.29%', '5:98.21%', '6:98.33%', '7:98.05%', '8:97.84%', '9:97.22%']

Cluster round 2 completed, aggregated models from all the clients, time past : 2900msec, loss : 0.05, accuracy 98.50%
Accuracy per label : ['0:99.18%', '1:99.47%', '2:98.26%', '3:98.61%', '4:99.19%', '5:98.21%', '6:98.23%', '7:98.64%', '8:98.05%', '9:97.03%']

Cluster round 3 completed, aggregated models from all the clients, time past : 4300msec, loss : 0.05, accuracy 98.52%
Accuracy per label : ['0:99.18%', '1:99.56%', '2:98.16%', '3:98.61%', '4:99.19%', '5:98.32%', '6:98.33%', '7:98.64%', '8:98.05%', '9:97.03%']

Cluster round 4 completed, aggregated models from all the clients, time past : 5700msec, loss : 0.05, accuracy 98.53%
Accuracy per label : ['0:99.18%', '1:99.56%', '2:98.16%', '3:98.51%', '4:99.39%', '5:98.43%', '6:98.43%', '7:98.54%', '8:97.95%', '9:97.03%']

Cluster round 5 completed, aggregated models from all the clients, time past : 7100msec, loss : 0.05, accuracy 98.53%
Accuracy per label : ['0:99.18%', '1:99.56%', '2:98.16%', '3:98.51%', '4:99.39%', '5:98.43%', '6:98.43%', '7:98.54%', '8:97.95%', '9:97.03%']

Before aggregation, loss : 0.05, accuracy : 98.45%
Before aggregation, accuracy per label : ['0:98.98%', '1:99.38%', '2:98.35%', '3:98.71%', '4:98.98%', '5:98.21%', '6:98.54%', '7:98.05%', '8:98.15%', '9:97.03%']
Aggregation to central server completed at central server round 250, loss : 0.05, accuracy: 98.46%, staleness : 7
Accuracy per label after aggregation : ['0:98.98%', '1:99.38%', '2:98.35%', '3:98.61%', '4:98.98%', '5:98.21%', '6:98.54%', '7:98.05%', '8:98.15%', '9:97.22%']

-----------------------------------------------------

Central server round 162 started
Model sent from central server with 100msec communication time, with loss :0.05, accuracy : 98.46%
Accuracy per label : ['0:98.98%', '1:99.38%', '2:98.35%', '3:98.61%', '4:98.98%', '5:98.21%', '6:98.54%', '7:98.05%', '8:98.15%', '9:97.22%']
The model is from round 156 from central server, staleness is 5

Cluster round 1 completed, aggregated models from all the clients, time past : 1500msec, loss : 0.05, accuracy 98.45%
Accuracy per label : ['0:99.08%', '1:99.38%', '2:98.16%', '3:98.71%', '4:99.29%', '5:98.32%', '6:98.33%', '7:98.25%', '8:97.95%', '9:96.93%']

Cluster round 2 completed, aggregated models from all the clients, time past : 2900msec, loss : 0.05, accuracy 98.52%
Accuracy per label : ['0:99.18%', '1:99.56%', '2:98.16%', '3:98.71%', '4:99.29%', '5:98.21%', '6:98.33%', '7:98.54%', '8:97.95%', '9:97.13%']

Cluster round 3 completed, aggregated models from all the clients, time past : 4300msec, loss : 0.05, accuracy 98.53%
Accuracy per label : ['0:99.18%', '1:99.56%', '2:98.06%', '3:98.61%', '4:99.29%', '5:98.43%', '6:98.43%', '7:98.54%', '8:98.05%', '9:97.03%']

Cluster round 4 completed, aggregated models from all the clients, time past : 5700msec, loss : 0.05, accuracy 98.52%
Accuracy per label : ['0:99.18%', '1:99.56%', '2:98.16%', '3:98.51%', '4:99.19%', '5:98.43%', '6:98.43%', '7:98.54%', '8:98.05%', '9:97.03%']

Cluster round 5 completed, aggregated models from all the clients, time past : 7100msec, loss : 0.05, accuracy 98.55%
Accuracy per label : ['0:99.18%', '1:99.56%', '2:98.26%', '3:98.51%', '4:99.39%', '5:98.43%', '6:98.43%', '7:98.54%', '8:98.05%', '9:97.03%']

Before aggregation, loss : 0.05, accuracy : 98.49%
Before aggregation, accuracy per label : ['0:98.98%', '1:99.38%', '2:98.35%', '3:98.61%', '4:98.98%', '5:98.21%', '6:98.54%', '7:98.15%', '8:98.05%', '9:97.52%']
Aggregation to central server completed at central server round 250, loss : 0.05, accuracy: 98.45%, staleness : 5
Accuracy per label after aggregation : ['0:98.98%', '1:99.38%', '2:98.35%', '3:98.61%', '4:98.98%', '5:98.21%', '6:98.43%', '7:98.15%', '8:98.05%', '9:97.22%']

-----------------------------------------------------

Central server round 171 started
Model sent from central server with 100msec communication time, with loss :0.05, accuracy : 98.45%
Accuracy per label : ['0:98.98%', '1:99.38%', '2:98.35%', '3:98.61%', '4:98.98%', '5:98.21%', '6:98.43%', '7:98.15%', '8:98.05%', '9:97.22%']
The model is from round 162 from central server, staleness is 8

Cluster round 1 completed, aggregated models from all the clients, time past : 1500msec, loss : 0.05, accuracy 98.55%
Accuracy per label : ['0:99.08%', '1:99.56%', '2:98.26%', '3:98.81%', '4:99.29%', '5:98.32%', '6:98.33%', '7:98.44%', '8:97.95%', '9:97.32%']

Cluster round 2 completed, aggregated models from all the clients, time past : 2900msec, loss : 0.05, accuracy 98.57%
Accuracy per label : ['0:99.18%', '1:99.56%', '2:98.26%', '3:98.81%', '4:99.29%', '5:98.43%', '6:98.43%', '7:98.64%', '8:97.95%', '9:97.03%']

Cluster round 3 completed, aggregated models from all the clients, time past : 4300msec, loss : 0.05, accuracy 98.55%
Accuracy per label : ['0:99.18%', '1:99.56%', '2:98.16%', '3:98.61%', '4:99.39%', '5:98.43%', '6:98.43%', '7:98.54%', '8:98.05%', '9:97.03%']

Cluster round 4 completed, aggregated models from all the clients, time past : 5700msec, loss : 0.05, accuracy 98.55%
Accuracy per label : ['0:99.18%', '1:99.56%', '2:98.26%', '3:98.51%', '4:99.29%', '5:98.43%', '6:98.43%', '7:98.54%', '8:98.15%', '9:97.03%']

Cluster round 5 completed, aggregated models from all the clients, time past : 7100msec, loss : 0.05, accuracy 98.52%
Accuracy per label : ['0:99.18%', '1:99.56%', '2:98.26%', '3:98.51%', '4:99.39%', '5:98.32%', '6:98.43%', '7:98.54%', '8:98.05%', '9:96.83%']

Before aggregation, loss : 0.05, accuracy : 98.56%
Before aggregation, accuracy per label : ['0:98.98%', '1:99.56%', '2:98.55%', '3:98.71%', '4:98.98%', '5:98.21%', '6:98.64%', '7:98.25%', '8:98.05%', '9:97.52%']
Aggregation to central server completed at central server round 250, loss : 0.05, accuracy: 98.55%, staleness : 8
Accuracy per label after aggregation : ['0:98.98%', '1:99.56%', '2:98.55%', '3:98.61%', '4:98.98%', '5:98.21%', '6:98.54%', '7:98.35%', '8:98.05%', '9:97.52%']

-----------------------------------------------------

Central server round 178 started
Model sent from central server with 100msec communication time, with loss :0.05, accuracy : 98.55%
Accuracy per label : ['0:98.98%', '1:99.56%', '2:98.55%', '3:98.61%', '4:98.98%', '5:98.21%', '6:98.54%', '7:98.35%', '8:98.05%', '9:97.52%']
The model is from round 171 from central server, staleness is 6

Cluster round 1 completed, aggregated models from all the clients, time past : 1500msec, loss : 0.05, accuracy 98.55%
Accuracy per label : ['0:99.08%', '1:99.56%', '2:98.35%', '3:98.81%', '4:99.29%', '5:98.21%', '6:98.33%', '7:98.44%', '8:97.95%', '9:97.32%']

Cluster round 2 completed, aggregated models from all the clients, time past : 2900msec, loss : 0.05, accuracy 98.56%
Accuracy per label : ['0:99.18%', '1:99.56%', '2:98.35%', '3:98.71%', '4:99.29%', '5:98.32%', '6:98.43%', '7:98.64%', '8:97.84%', '9:97.13%']

Cluster round 3 completed, aggregated models from all the clients, time past : 4300msec, loss : 0.05, accuracy 98.58%
Accuracy per label : ['0:99.18%', '1:99.56%', '2:98.26%', '3:98.61%', '4:99.39%', '5:98.43%', '6:98.43%', '7:98.74%', '8:97.95%', '9:97.13%']

Cluster round 4 completed, aggregated models from all the clients, time past : 5700msec, loss : 0.05, accuracy 98.54%
Accuracy per label : ['0:99.18%', '1:99.56%', '2:98.16%', '3:98.61%', '4:99.29%', '5:98.43%', '6:98.43%', '7:98.54%', '8:98.15%', '9:96.93%']

Cluster round 5 completed, aggregated models from all the clients, time past : 7100msec, loss : 0.05, accuracy 98.53%
Accuracy per label : ['0:99.18%', '1:99.56%', '2:98.16%', '3:98.51%', '4:99.39%', '5:98.32%', '6:98.43%', '7:98.54%', '8:98.25%', '9:96.83%']

Before aggregation, loss : 0.05, accuracy : 98.53%
Before aggregation, accuracy per label : ['0:98.88%', '1:99.56%', '2:98.55%', '3:98.71%', '4:98.98%', '5:98.21%', '6:98.43%', '7:98.25%', '8:98.05%', '9:97.52%']
Aggregation to central server completed at central server round 250, loss : 0.05, accuracy: 98.57%, staleness : 6
Accuracy per label after aggregation : ['0:98.88%', '1:99.56%', '2:98.64%', '3:98.81%', '4:98.98%', '5:98.21%', '6:98.64%', '7:98.25%', '8:98.15%', '9:97.42%']

-----------------------------------------------------

Central server round 184 started
Model sent from central server with 100msec communication time, with loss :0.05, accuracy : 98.57%
Accuracy per label : ['0:98.88%', '1:99.56%', '2:98.64%', '3:98.81%', '4:98.98%', '5:98.21%', '6:98.64%', '7:98.25%', '8:98.15%', '9:97.42%']
The model is from round 178 from central server, staleness is 5

Cluster round 1 completed, aggregated models from all the clients, time past : 1500msec, loss : 0.05, accuracy 98.55%
Accuracy per label : ['0:99.08%', '1:99.56%', '2:98.45%', '3:98.81%', '4:99.29%', '5:98.21%', '6:98.23%', '7:98.44%', '8:97.95%', '9:97.32%']

Cluster round 2 completed, aggregated models from all the clients, time past : 2900msec, loss : 0.05, accuracy 98.60%
Accuracy per label : ['0:99.18%', '1:99.56%', '2:98.55%', '3:98.71%', '4:99.29%', '5:98.54%', '6:98.43%', '7:98.64%', '8:97.84%', '9:97.13%']

Cluster round 3 completed, aggregated models from all the clients, time past : 4300msec, loss : 0.05, accuracy 98.57%
Accuracy per label : ['0:99.18%', '1:99.56%', '2:98.35%', '3:98.71%', '4:99.29%', '5:98.43%', '6:98.43%', '7:98.64%', '8:97.95%', '9:97.03%']

Cluster round 4 completed, aggregated models from all the clients, time past : 5700msec, loss : 0.05, accuracy 98.55%
Accuracy per label : ['0:99.18%', '1:99.56%', '2:98.26%', '3:98.61%', '4:99.29%', '5:98.32%', '6:98.43%', '7:98.64%', '8:98.05%', '9:97.03%']

Cluster round 5 completed, aggregated models from all the clients, time past : 7100msec, loss : 0.05, accuracy 98.55%
Accuracy per label : ['0:99.18%', '1:99.56%', '2:98.26%', '3:98.51%', '4:99.39%', '5:98.32%', '6:98.43%', '7:98.64%', '8:98.15%', '9:96.93%']

Before aggregation, loss : 0.05, accuracy : 98.54%
Before aggregation, accuracy per label : ['0:98.88%', '1:99.56%', '2:98.55%', '3:98.71%', '4:98.98%', '5:98.21%', '6:98.54%', '7:98.25%', '8:98.05%', '9:97.52%']
Aggregation to central server completed at central server round 250, loss : 0.05, accuracy: 98.59%, staleness : 5
Accuracy per label after aggregation : ['0:98.88%', '1:99.65%', '2:98.74%', '3:98.61%', '4:98.98%', '5:98.21%', '6:98.54%', '7:98.35%', '8:98.25%', '9:97.52%']

-----------------------------------------------------

Central server round 192 started
Model sent from central server with 100msec communication time, with loss :0.05, accuracy : 98.59%
Accuracy per label : ['0:98.88%', '1:99.65%', '2:98.74%', '3:98.61%', '4:98.98%', '5:98.21%', '6:98.54%', '7:98.35%', '8:98.25%', '9:97.52%']
The model is from round 184 from central server, staleness is 7

Cluster round 1 completed, aggregated models from all the clients, time past : 1500msec, loss : 0.04, accuracy 98.56%
Accuracy per label : ['0:99.08%', '1:99.56%', '2:98.45%', '3:98.81%', '4:99.29%', '5:98.32%', '6:98.33%', '7:98.44%', '8:97.95%', '9:97.22%']

Cluster round 2 completed, aggregated models from all the clients, time past : 2900msec, loss : 0.05, accuracy 98.59%
Accuracy per label : ['0:99.08%', '1:99.56%', '2:98.45%', '3:98.81%', '4:99.29%', '5:98.54%', '6:98.43%', '7:98.64%', '8:97.84%', '9:97.13%']

Cluster round 3 completed, aggregated models from all the clients, time past : 4300msec, loss : 0.05, accuracy 98.58%
Accuracy per label : ['0:99.08%', '1:99.56%', '2:98.35%', '3:98.71%', '4:99.29%', '5:98.43%', '6:98.43%', '7:98.64%', '8:98.05%', '9:97.13%']

Cluster round 4 completed, aggregated models from all the clients, time past : 5700msec, loss : 0.05, accuracy 98.52%
Accuracy per label : ['0:99.08%', '1:99.56%', '2:98.26%', '3:98.51%', '4:99.29%', '5:98.32%', '6:98.43%', '7:98.64%', '8:98.05%', '9:96.93%']

Cluster round 5 completed, aggregated models from all the clients, time past : 7100msec, loss : 0.05, accuracy 98.50%
Accuracy per label : ['0:99.08%', '1:99.56%', '2:98.16%', '3:98.51%', '4:99.39%', '5:98.32%', '6:98.43%', '7:98.54%', '8:97.95%', '9:96.93%']

Before aggregation, loss : 0.05, accuracy : 98.60%
Before aggregation, accuracy per label : ['0:98.88%', '1:99.65%', '2:98.64%', '3:98.61%', '4:99.08%', '5:98.21%', '6:98.54%', '7:98.35%', '8:98.25%', '9:97.62%']
Aggregation to central server completed at central server round 250, loss : 0.05, accuracy: 98.59%, staleness : 7
Accuracy per label after aggregation : ['0:98.88%', '1:99.65%', '2:98.64%', '3:98.71%', '4:99.08%', '5:98.21%', '6:98.54%', '7:98.35%', '8:98.25%', '9:97.42%']

-----------------------------------------------------

Central server round 201 started
Model sent from central server with 100msec communication time, with loss :0.05, accuracy : 98.59%
Accuracy per label : ['0:98.88%', '1:99.65%', '2:98.64%', '3:98.71%', '4:99.08%', '5:98.21%', '6:98.54%', '7:98.35%', '8:98.25%', '9:97.42%']
The model is from round 192 from central server, staleness is 8

Cluster round 1 completed, aggregated models from all the clients, time past : 1500msec, loss : 0.04, accuracy 98.52%
Accuracy per label : ['0:98.98%', '1:99.56%', '2:98.35%', '3:98.81%', '4:99.29%', '5:98.32%', '6:98.33%', '7:98.44%', '8:97.74%', '9:97.22%']

Cluster round 2 completed, aggregated models from all the clients, time past : 2900msec, loss : 0.04, accuracy 98.59%
Accuracy per label : ['0:99.08%', '1:99.56%', '2:98.55%', '3:98.81%', '4:99.29%', '5:98.65%', '6:98.33%', '7:98.64%', '8:97.74%', '9:97.13%']

Cluster round 3 completed, aggregated models from all the clients, time past : 4300msec, loss : 0.04, accuracy 98.60%
Accuracy per label : ['0:99.08%', '1:99.56%', '2:98.35%', '3:98.71%', '4:99.29%', '5:98.65%', '6:98.43%', '7:98.64%', '8:98.05%', '9:97.13%']

Cluster round 4 completed, aggregated models from all the clients, time past : 5700msec, loss : 0.04, accuracy 98.58%
Accuracy per label : ['0:99.08%', '1:99.56%', '2:98.26%', '3:98.71%', '4:99.39%', '5:98.32%', '6:98.43%', '7:98.64%', '8:98.15%', '9:97.13%']

Cluster round 5 completed, aggregated models from all the clients, time past : 7100msec, loss : 0.05, accuracy 98.54%
Accuracy per label : ['0:99.08%', '1:99.56%', '2:98.16%', '3:98.61%', '4:99.39%', '5:98.43%', '6:98.43%', '7:98.54%', '8:98.05%', '9:97.03%']

Before aggregation, loss : 0.05, accuracy : 98.64%
Before aggregation, accuracy per label : ['0:98.88%', '1:99.74%', '2:98.74%', '3:98.81%', '4:99.08%', '5:98.21%', '6:98.54%', '7:98.35%', '8:98.25%', '9:97.62%']
Aggregation to central server completed at central server round 250, loss : 0.05, accuracy: 98.65%, staleness : 8
Accuracy per label after aggregation : ['0:98.88%', '1:99.74%', '2:98.74%', '3:98.91%', '4:99.08%', '5:98.21%', '6:98.54%', '7:98.35%', '8:98.25%', '9:97.62%']

-----------------------------------------------------

Central server round 208 started
Model sent from central server with 100msec communication time, with loss :0.05, accuracy : 98.65%
Accuracy per label : ['0:98.88%', '1:99.74%', '2:98.74%', '3:98.91%', '4:99.08%', '5:98.21%', '6:98.54%', '7:98.35%', '8:98.25%', '9:97.62%']
The model is from round 201 from central server, staleness is 6

Cluster round 1 completed, aggregated models from all the clients, time past : 1500msec, loss : 0.04, accuracy 98.58%
Accuracy per label : ['0:98.98%', '1:99.56%', '2:98.74%', '3:98.81%', '4:99.19%', '5:98.54%', '6:98.43%', '7:98.44%', '8:97.64%', '9:97.32%']

Cluster round 2 completed, aggregated models from all the clients, time past : 2900msec, loss : 0.04, accuracy 98.57%
Accuracy per label : ['0:98.98%', '1:99.56%', '2:98.55%', '3:98.61%', '4:99.29%', '5:98.65%', '6:98.33%', '7:98.64%', '8:97.74%', '9:97.22%']

Cluster round 3 completed, aggregated models from all the clients, time past : 4300msec, loss : 0.04, accuracy 98.60%
Accuracy per label : ['0:99.08%', '1:99.56%', '2:98.35%', '3:98.71%', '4:99.29%', '5:98.65%', '6:98.43%', '7:98.64%', '8:98.05%', '9:97.13%']

Cluster round 4 completed, aggregated models from all the clients, time past : 5700msec, loss : 0.04, accuracy 98.58%
Accuracy per label : ['0:99.08%', '1:99.56%', '2:98.26%', '3:98.71%', '4:99.19%', '5:98.54%', '6:98.43%', '7:98.64%', '8:98.15%', '9:97.13%']

Cluster round 5 completed, aggregated models from all the clients, time past : 7100msec, loss : 0.04, accuracy 98.59%
Accuracy per label : ['0:99.08%', '1:99.56%', '2:98.35%', '3:98.71%', '4:99.39%', '5:98.43%', '6:98.43%', '7:98.64%', '8:98.15%', '9:97.03%']

Before aggregation, loss : 0.05, accuracy : 98.66%
Before aggregation, accuracy per label : ['0:98.88%', '1:99.74%', '2:98.74%', '3:98.91%', '4:99.08%', '5:98.21%', '6:98.64%', '7:98.25%', '8:98.25%', '9:97.72%']
Aggregation to central server completed at central server round 250, loss : 0.04, accuracy: 98.64%, staleness : 6
Accuracy per label after aggregation : ['0:98.88%', '1:99.65%', '2:98.74%', '3:98.91%', '4:99.08%', '5:98.09%', '6:98.64%', '7:98.25%', '8:98.36%', '9:97.62%']

-----------------------------------------------------

Central server round 214 started
Model sent from central server with 100msec communication time, with loss :0.04, accuracy : 98.64%
Accuracy per label : ['0:98.88%', '1:99.65%', '2:98.74%', '3:98.91%', '4:99.08%', '5:98.09%', '6:98.64%', '7:98.25%', '8:98.36%', '9:97.62%']
The model is from round 208 from central server, staleness is 5

Cluster round 1 completed, aggregated models from all the clients, time past : 1500msec, loss : 0.04, accuracy 98.62%
Accuracy per label : ['0:98.98%', '1:99.56%', '2:98.84%', '3:98.81%', '4:99.19%', '5:98.65%', '6:98.43%', '7:98.44%', '8:97.84%', '9:97.32%']

Cluster round 2 completed, aggregated models from all the clients, time past : 2900msec, loss : 0.04, accuracy 98.60%
Accuracy per label : ['0:98.98%', '1:99.56%', '2:98.74%', '3:98.61%', '4:99.29%', '5:98.65%', '6:98.33%', '7:98.74%', '8:97.74%', '9:97.22%']

Cluster round 3 completed, aggregated models from all the clients, time past : 4300msec, loss : 0.04, accuracy 98.64%
Accuracy per label : ['0:98.98%', '1:99.56%', '2:98.55%', '3:98.61%', '4:99.29%', '5:98.54%', '6:98.54%', '7:98.83%', '8:98.05%', '9:97.32%']

Cluster round 4 completed, aggregated models from all the clients, time past : 5700msec, loss : 0.04, accuracy 98.62%
Accuracy per label : ['0:99.08%', '1:99.56%', '2:98.55%', '3:98.61%', '4:99.29%', '5:98.54%', '6:98.43%', '7:98.74%', '8:98.05%', '9:97.22%']

Cluster round 5 completed, aggregated models from all the clients, time past : 7100msec, loss : 0.04, accuracy 98.59%
Accuracy per label : ['0:99.08%', '1:99.56%', '2:98.45%', '3:98.61%', '4:99.29%', '5:98.32%', '6:98.43%', '7:98.64%', '8:98.15%', '9:97.22%']

Before aggregation, loss : 0.05, accuracy : 98.62%
Before aggregation, accuracy per label : ['0:98.78%', '1:99.74%', '2:98.64%', '3:98.71%', '4:98.98%', '5:98.21%', '6:98.64%', '7:98.35%', '8:98.36%', '9:97.62%']
Aggregation to central server completed at central server round 250, loss : 0.05, accuracy: 98.66%, staleness : 5
Accuracy per label after aggregation : ['0:98.88%', '1:99.74%', '2:98.64%', '3:98.81%', '4:99.08%', '5:98.21%', '6:98.54%', '7:98.35%', '8:98.46%', '9:97.72%']

-----------------------------------------------------

Central server round 222 started
Model sent from central server with 100msec communication time, with loss :0.05, accuracy : 98.66%
Accuracy per label : ['0:98.88%', '1:99.74%', '2:98.64%', '3:98.81%', '4:99.08%', '5:98.21%', '6:98.54%', '7:98.35%', '8:98.46%', '9:97.72%']
The model is from round 214 from central server, staleness is 7

Cluster round 1 completed, aggregated models from all the clients, time past : 1500msec, loss : 0.04, accuracy 98.59%
Accuracy per label : ['0:98.98%', '1:99.56%', '2:98.64%', '3:98.81%', '4:99.29%', '5:98.65%', '6:98.23%', '7:98.74%', '8:97.74%', '9:97.13%']

Cluster round 2 completed, aggregated models from all the clients, time past : 2900msec, loss : 0.04, accuracy 98.62%
Accuracy per label : ['0:98.98%', '1:99.56%', '2:98.64%', '3:98.61%', '4:99.29%', '5:98.77%', '6:98.43%', '7:98.83%', '8:97.84%', '9:97.13%']

Cluster round 3 completed, aggregated models from all the clients, time past : 4300msec, loss : 0.04, accuracy 98.65%
Accuracy per label : ['0:99.08%', '1:99.56%', '2:98.55%', '3:98.61%', '4:99.29%', '5:98.65%', '6:98.54%', '7:98.83%', '8:98.05%', '9:97.22%']

Cluster round 4 completed, aggregated models from all the clients, time past : 5700msec, loss : 0.04, accuracy 98.61%
Accuracy per label : ['0:99.08%', '1:99.56%', '2:98.45%', '3:98.71%', '4:99.29%', '5:98.32%', '6:98.43%', '7:98.74%', '8:98.15%', '9:97.22%']

Cluster round 5 completed, aggregated models from all the clients, time past : 7100msec, loss : 0.04, accuracy 98.59%
Accuracy per label : ['0:99.08%', '1:99.56%', '2:98.45%', '3:98.61%', '4:99.29%', '5:98.32%', '6:98.33%', '7:98.74%', '8:98.25%', '9:97.13%']

Before aggregation, loss : 0.05, accuracy : 98.64%
Before aggregation, accuracy per label : ['0:98.78%', '1:99.65%', '2:98.64%', '3:98.71%', '4:99.08%', '5:98.21%', '6:98.64%', '7:98.44%', '8:98.46%', '9:97.62%']
Aggregation to central server completed at central server round 250, loss : 0.05, accuracy: 98.65%, staleness : 7
Accuracy per label after aggregation : ['0:98.88%', '1:99.65%', '2:98.74%', '3:98.71%', '4:99.08%', '5:98.21%', '6:98.54%', '7:98.54%', '8:98.46%', '9:97.52%']

-----------------------------------------------------

Central server round 230 started
Model sent from central server with 100msec communication time, with loss :0.05, accuracy : 98.65%
Accuracy per label : ['0:98.88%', '1:99.65%', '2:98.74%', '3:98.71%', '4:99.08%', '5:98.21%', '6:98.54%', '7:98.54%', '8:98.46%', '9:97.52%']
The model is from round 222 from central server, staleness is 7

Cluster round 1 completed, aggregated models from all the clients, time past : 1500msec, loss : 0.04, accuracy 98.63%
Accuracy per label : ['0:98.98%', '1:99.56%', '2:98.64%', '3:98.81%', '4:99.29%', '5:98.65%', '6:98.43%', '7:98.83%', '8:97.84%', '9:97.13%']

Cluster round 2 completed, aggregated models from all the clients, time past : 2900msec, loss : 0.04, accuracy 98.61%
Accuracy per label : ['0:98.98%', '1:99.56%', '2:98.64%', '3:98.61%', '4:99.29%', '5:98.65%', '6:98.43%', '7:98.83%', '8:97.84%', '9:97.13%']

Cluster round 3 completed, aggregated models from all the clients, time past : 4300msec, loss : 0.04, accuracy 98.62%
Accuracy per label : ['0:98.98%', '1:99.56%', '2:98.45%', '3:98.61%', '4:99.29%', '5:98.65%', '6:98.54%', '7:98.83%', '8:98.05%', '9:97.13%']

Cluster round 4 completed, aggregated models from all the clients, time past : 5700msec, loss : 0.04, accuracy 98.58%
Accuracy per label : ['0:99.08%', '1:99.56%', '2:98.35%', '3:98.51%', '4:99.29%', '5:98.43%', '6:98.33%', '7:98.74%', '8:98.25%', '9:97.13%']

Cluster round 5 completed, aggregated models from all the clients, time past : 7100msec, loss : 0.04, accuracy 98.57%
Accuracy per label : ['0:99.08%', '1:99.56%', '2:98.35%', '3:98.51%', '4:99.39%', '5:98.32%', '6:98.23%', '7:98.74%', '8:98.25%', '9:97.13%']

Before aggregation, loss : 0.05, accuracy : 98.64%
Before aggregation, accuracy per label : ['0:98.78%', '1:99.65%', '2:98.74%', '3:98.91%', '4:98.98%', '5:98.09%', '6:98.54%', '7:98.44%', '8:98.36%', '9:97.72%']
Aggregation to central server completed at central server round 250, loss : 0.05, accuracy: 98.65%, staleness : 7
Accuracy per label after aggregation : ['0:98.78%', '1:99.74%', '2:98.74%', '3:98.91%', '4:98.98%', '5:98.09%', '6:98.54%', '7:98.44%', '8:98.36%', '9:97.72%']

-----------------------------------------------------

Central server round 237 started
Model sent from central server with 100msec communication time, with loss :0.05, accuracy : 98.65%
Accuracy per label : ['0:98.78%', '1:99.74%', '2:98.74%', '3:98.91%', '4:98.98%', '5:98.09%', '6:98.54%', '7:98.44%', '8:98.36%', '9:97.72%']
The model is from round 230 from central server, staleness is 6

Cluster round 1 completed, aggregated models from all the clients, time past : 1500msec, loss : 0.04, accuracy 98.63%
Accuracy per label : ['0:98.98%', '1:99.65%', '2:98.74%', '3:98.81%', '4:99.19%', '5:98.65%', '6:98.33%', '7:98.83%', '8:97.84%', '9:97.13%']

Cluster round 2 completed, aggregated models from all the clients, time past : 2900msec, loss : 0.04, accuracy 98.61%
Accuracy per label : ['0:98.98%', '1:99.56%', '2:98.74%', '3:98.61%', '4:99.29%', '5:98.65%', '6:98.33%', '7:98.83%', '8:97.84%', '9:97.13%']

Cluster round 3 completed, aggregated models from all the clients, time past : 4300msec, loss : 0.04, accuracy 98.57%
Accuracy per label : ['0:98.98%', '1:99.56%', '2:98.35%', '3:98.51%', '4:99.29%', '5:98.54%', '6:98.33%', '7:98.83%', '8:98.05%', '9:97.13%']

Cluster round 4 completed, aggregated models from all the clients, time past : 5700msec, loss : 0.04, accuracy 98.56%
Accuracy per label : ['0:98.98%', '1:99.56%', '2:98.45%', '3:98.51%', '4:99.08%', '5:98.43%', '6:98.23%', '7:98.83%', '8:98.25%', '9:97.13%']

Cluster round 5 completed, aggregated models from all the clients, time past : 7100msec, loss : 0.04, accuracy 98.54%
Accuracy per label : ['0:99.18%', '1:99.56%', '2:98.35%', '3:98.32%', '4:98.98%', '5:98.43%', '6:98.23%', '7:98.83%', '8:98.25%', '9:97.13%']

Before aggregation, loss : 0.05, accuracy : 98.66%
Before aggregation, accuracy per label : ['0:98.88%', '1:99.65%', '2:98.64%', '3:98.91%', '4:99.08%', '5:98.09%', '6:98.64%', '7:98.44%', '8:98.46%', '9:97.62%']
Aggregation to central server completed at central server round 250, loss : 0.05, accuracy: 98.67%, staleness : 6
Accuracy per label after aggregation : ['0:98.88%', '1:99.74%', '2:98.74%', '3:98.91%', '4:99.08%', '5:98.09%', '6:98.64%', '7:98.44%', '8:98.46%', '9:97.52%']

-----------------------------------------------------

Central server round 245 started
Model sent from central server with 100msec communication time, with loss :0.05, accuracy : 98.67%
Accuracy per label : ['0:98.88%', '1:99.74%', '2:98.74%', '3:98.91%', '4:99.08%', '5:98.09%', '6:98.64%', '7:98.44%', '8:98.46%', '9:97.52%']
The model is from round 237 from central server, staleness is 7

Cluster round 1 completed, aggregated models from all the clients, time past : 1500msec, loss : 0.04, accuracy 98.63%
Accuracy per label : ['0:98.98%', '1:99.65%', '2:98.64%', '3:98.71%', '4:99.29%', '5:98.65%', '6:98.33%', '7:98.83%', '8:97.95%', '9:97.13%']

Cluster round 2 completed, aggregated models from all the clients, time past : 2900msec, loss : 0.04, accuracy 98.62%
Accuracy per label : ['0:98.98%', '1:99.56%', '2:98.64%', '3:98.61%', '4:99.29%', '5:98.65%', '6:98.43%', '7:98.83%', '8:97.95%', '9:97.13%']

Cluster round 3 completed, aggregated models from all the clients, time past : 4300msec, loss : 0.04, accuracy 98.57%
Accuracy per label : ['0:98.98%', '1:99.56%', '2:98.45%', '3:98.51%', '4:99.08%', '5:98.54%', '6:98.43%', '7:98.83%', '8:98.05%', '9:97.13%']

Cluster round 4 completed, aggregated models from all the clients, time past : 5700msec, loss : 0.04, accuracy 98.56%
Accuracy per label : ['0:99.18%', '1:99.56%', '2:98.35%', '3:98.51%', '4:98.98%', '5:98.43%', '6:98.23%', '7:98.83%', '8:98.25%', '9:97.13%']

Cluster round 5 completed, aggregated models from all the clients, time past : 7100msec, loss : 0.04, accuracy 98.55%
Accuracy per label : ['0:99.18%', '1:99.56%', '2:98.35%', '3:98.32%', '4:99.08%', '5:98.43%', '6:98.23%', '7:98.83%', '8:98.25%', '9:97.13%']

Before aggregation, loss : 0.05, accuracy : 98.68%
Before aggregation, accuracy per label : ['0:98.78%', '1:99.65%', '2:98.74%', '3:98.91%', '4:99.08%', '5:98.09%', '6:98.64%', '7:98.44%', '8:98.46%', '9:97.82%']
Aggregation to central server completed at central server round 250, loss : 0.05, accuracy: 98.68%, staleness : 7
Accuracy per label after aggregation : ['0:98.88%', '1:99.65%', '2:98.74%', '3:98.91%', '4:99.08%', '5:98.09%', '6:98.64%', '7:98.44%', '8:98.46%', '9:97.72%']

