-----------------------------------------------------

Central server round 8 started
Model sent from central server with 100msec communication time, with loss :2.31, accuracy : 11.16%
Accuracy per label : ['0:0.00%', '1:0.00%', '2:0.00%', '3:0.00%', '4:0.00%', '5:0.00%', '6:0.00%', '7:0.00%', '8:33.16%', '9:78.59%']
The model is from round 0 from central server, staleness is 7

Cluster round 1 completed, aggregated models from all the clients, time past : 1800msec, loss : 2.28, accuracy 15.28%
Accuracy per label : ['0:0.00%', '1:0.00%', '2:0.00%', '3:1.09%', '4:0.00%', '5:0.00%', '6:28.60%', '7:0.00%', '8:98.67%', '9:27.95%']

Cluster round 2 completed, aggregated models from all the clients, time past : 3500msec, loss : 2.12, accuracy 51.34%
Accuracy per label : ['0:92.04%', '1:22.03%', '2:37.31%', '3:73.47%', '4:53.36%', '5:0.00%', '6:87.16%', '7:71.30%', '8:77.72%', '9:0.59%']

Cluster round 3 completed, aggregated models from all the clients, time past : 5200msec, loss : 0.74, accuracy 78.77%
Accuracy per label : ['0:95.51%', '1:95.24%', '2:87.02%', '3:80.00%', '4:78.92%', '5:55.27%', '6:88.00%', '7:84.82%', '8:53.70%', '9:64.22%']

Cluster round 4 completed, aggregated models from all the clients, time past : 6900msec, loss : 0.47, accuracy 86.29%
Accuracy per label : ['0:97.04%', '1:95.59%', '2:90.21%', '3:84.95%', '4:82.79%', '5:77.35%', '6:91.13%', '7:86.87%', '8:77.21%', '9:77.60%']

Cluster round 5 completed, aggregated models from all the clients, time past : 8600msec, loss : 0.38, accuracy 88.94%
Accuracy per label : ['0:97.96%', '1:96.21%', '2:91.18%', '3:87.52%', '4:85.03%', '5:81.84%', '6:92.17%', '7:88.62%', '8:83.47%', '9:83.75%']

Before aggregation, loss : 0.33, accuracy : 91.72%
Before aggregation, accuracy per label : ['0:97.76%', '1:97.36%', '2:90.41%', '3:92.18%', '4:91.45%', '5:84.87%', '6:93.63%', '7:90.56%', '8:88.30%', '9:89.40%']
Aggregation to central server completed at central server round 250, loss : 0.33, accuracy: 91.60%, staleness : 7
Accuracy per label after aggregation : ['0:97.86%', '1:97.36%', '2:90.50%', '3:92.08%', '4:91.34%', '5:84.42%', '6:93.63%', '7:90.37%', '8:88.09%', '9:89.00%']

-----------------------------------------------------

Central server round 17 started
Model sent from central server with 100msec communication time, with loss :0.33, accuracy : 91.60%
Accuracy per label : ['0:97.86%', '1:97.36%', '2:90.50%', '3:92.08%', '4:91.34%', '5:84.42%', '6:93.63%', '7:90.37%', '8:88.09%', '9:89.00%']
The model is from round 8 from central server, staleness is 8

Cluster round 1 completed, aggregated models from all the clients, time past : 1800msec, loss : 0.26, accuracy 92.38%
Accuracy per label : ['0:98.47%', '1:97.62%', '2:92.73%', '3:90.79%', '4:91.24%', '5:89.80%', '6:94.47%', '7:91.15%', '8:88.30%', '9:88.40%']

Cluster round 2 completed, aggregated models from all the clients, time past : 3500msec, loss : 0.23, accuracy 93.25%
Accuracy per label : ['0:98.67%', '1:97.89%', '2:93.70%', '3:91.58%', '4:92.67%', '5:91.82%', '6:94.89%', '7:91.44%', '8:89.22%', '9:89.99%']

Cluster round 3 completed, aggregated models from all the clients, time past : 5200msec, loss : 0.20, accuracy 94.01%
Accuracy per label : ['0:98.67%', '1:97.97%', '2:93.90%', '3:93.17%', '4:93.89%', '5:93.05%', '6:95.20%', '7:92.22%', '8:89.94%', '9:91.58%']

Cluster round 4 completed, aggregated models from all the clients, time past : 6900msec, loss : 0.19, accuracy 94.61%
Accuracy per label : ['0:98.88%', '1:98.06%', '2:94.67%', '3:94.06%', '4:94.81%', '5:94.28%', '6:95.62%', '7:92.51%', '8:90.55%', '9:92.27%']

Cluster round 5 completed, aggregated models from all the clients, time past : 8600msec, loss : 0.17, accuracy 94.97%
Accuracy per label : ['0:98.88%', '1:98.06%', '2:95.25%', '3:94.46%', '4:95.11%', '5:94.28%', '6:96.14%', '7:92.80%', '8:91.58%', '9:92.77%']

Before aggregation, loss : 0.18, accuracy : 94.76%
Before aggregation, accuracy per label : ['0:98.47%', '1:97.97%', '2:93.70%', '3:94.85%', '4:94.91%', '5:92.71%', '6:95.82%', '7:92.90%', '8:93.02%', '9:92.77%']
Aggregation to central server completed at central server round 250, loss : 0.17, accuracy: 94.79%, staleness : 8
Accuracy per label after aggregation : ['0:98.47%', '1:97.97%', '2:93.80%', '3:94.75%', '4:94.91%', '5:92.94%', '6:95.93%', '7:93.00%', '8:93.02%', '9:92.67%']

-----------------------------------------------------

Central server round 25 started
Model sent from central server with 100msec communication time, with loss :0.17, accuracy : 94.79%
Accuracy per label : ['0:98.47%', '1:97.97%', '2:93.80%', '3:94.75%', '4:94.91%', '5:92.94%', '6:95.93%', '7:93.00%', '8:93.02%', '9:92.67%']
The model is from round 17 from central server, staleness is 7

Cluster round 1 completed, aggregated models from all the clients, time past : 1800msec, loss : 0.16, accuracy 95.33%
Accuracy per label : ['0:98.88%', '1:98.33%', '2:95.74%', '3:94.75%', '4:95.21%', '5:95.52%', '6:96.14%', '7:93.19%', '8:92.20%', '9:93.06%']

Cluster round 2 completed, aggregated models from all the clients, time past : 3500msec, loss : 0.15, accuracy 95.65%
Accuracy per label : ['0:98.98%', '1:98.24%', '2:96.22%', '3:95.05%', '4:95.52%', '5:95.52%', '6:96.87%', '7:93.77%', '8:92.40%', '9:93.66%']

Cluster round 3 completed, aggregated models from all the clients, time past : 5200msec, loss : 0.14, accuracy 95.98%
Accuracy per label : ['0:98.98%', '1:98.24%', '2:96.32%', '3:95.45%', '4:96.23%', '5:95.63%', '6:97.18%', '7:94.16%', '8:93.22%', '9:94.15%']

Cluster round 4 completed, aggregated models from all the clients, time past : 6900msec, loss : 0.13, accuracy 96.21%
Accuracy per label : ['0:98.88%', '1:98.24%', '2:96.51%', '3:96.14%', '4:96.33%', '5:95.85%', '6:97.18%', '7:94.26%', '8:94.05%', '9:94.45%']

Cluster round 5 completed, aggregated models from all the clients, time past : 8600msec, loss : 0.12, accuracy 96.35%
Accuracy per label : ['0:98.88%', '1:98.24%', '2:96.90%', '3:96.14%', '4:96.64%', '5:95.96%', '6:97.29%', '7:94.36%', '8:94.15%', '9:94.75%']

Before aggregation, loss : 0.13, accuracy : 96.12%
Before aggregation, accuracy per label : ['0:98.67%', '1:98.06%', '2:95.74%', '3:96.24%', '4:95.72%', '5:95.29%', '6:97.18%', '7:94.55%', '8:94.87%', '9:94.65%']
Aggregation to central server completed at central server round 250, loss : 0.13, accuracy: 96.14%, staleness : 7
Accuracy per label after aggregation : ['0:98.67%', '1:97.97%', '2:95.74%', '3:96.24%', '4:95.82%', '5:95.40%', '6:97.29%', '7:94.55%', '8:94.87%', '9:94.65%']

-----------------------------------------------------

Central server round 34 started
Model sent from central server with 100msec communication time, with loss :0.13, accuracy : 96.14%
Accuracy per label : ['0:98.67%', '1:97.97%', '2:95.74%', '3:96.24%', '4:95.82%', '5:95.40%', '6:97.29%', '7:94.55%', '8:94.87%', '9:94.65%']
The model is from round 25 from central server, staleness is 8

Cluster round 1 completed, aggregated models from all the clients, time past : 1800msec, loss : 0.12, accuracy 96.38%
Accuracy per label : ['0:98.98%', '1:98.33%', '2:96.61%', '3:96.04%', '4:96.44%', '5:96.19%', '6:97.29%', '7:94.65%', '8:94.46%', '9:94.65%']

Cluster round 2 completed, aggregated models from all the clients, time past : 3500msec, loss : 0.12, accuracy 96.56%
Accuracy per label : ['0:98.98%', '1:98.41%', '2:97.09%', '3:96.34%', '4:96.84%', '5:96.08%', '6:97.39%', '7:94.65%', '8:94.66%', '9:94.95%']

Cluster round 3 completed, aggregated models from all the clients, time past : 5200msec, loss : 0.11, accuracy 96.69%
Accuracy per label : ['0:98.88%', '1:98.50%', '2:97.29%', '3:96.34%', '4:97.05%', '5:96.41%', '6:97.49%', '7:94.84%', '8:94.87%', '9:95.04%']

Cluster round 4 completed, aggregated models from all the clients, time past : 6900msec, loss : 0.11, accuracy 96.78%
Accuracy per label : ['0:98.88%', '1:98.50%', '2:97.29%', '3:96.53%', '4:97.05%', '5:96.41%', '6:97.60%', '7:94.84%', '8:95.17%', '9:95.34%']

Cluster round 5 completed, aggregated models from all the clients, time past : 8600msec, loss : 0.10, accuracy 96.89%
Accuracy per label : ['0:98.67%', '1:98.41%', '2:97.38%', '3:96.63%', '4:97.25%', '5:96.64%', '6:97.60%', '7:94.94%', '8:95.48%', '9:95.74%']

Before aggregation, loss : 0.10, accuracy : 97.11%
Before aggregation, accuracy per label : ['0:98.78%', '1:98.59%', '2:97.00%', '3:97.33%', '4:97.25%', '5:96.30%', '6:97.91%', '7:95.53%', '8:96.51%', '9:95.74%']
Aggregation to central server completed at central server round 250, loss : 0.10, accuracy: 97.12%, staleness : 8
Accuracy per label after aggregation : ['0:98.98%', '1:98.59%', '2:97.00%', '3:97.33%', '4:97.25%', '5:96.30%', '6:97.91%', '7:95.53%', '8:96.41%', '9:95.74%']

-----------------------------------------------------

Central server round 44 started
Model sent from central server with 100msec communication time, with loss :0.10, accuracy : 97.12%
Accuracy per label : ['0:98.98%', '1:98.59%', '2:97.00%', '3:97.33%', '4:97.25%', '5:96.30%', '6:97.91%', '7:95.53%', '8:96.41%', '9:95.74%']
The model is from round 34 from central server, staleness is 9

Cluster round 1 completed, aggregated models from all the clients, time past : 1800msec, loss : 0.10, accuracy 97.18%
Accuracy per label : ['0:99.08%', '1:98.77%', '2:97.58%', '3:97.13%', '4:97.35%', '5:96.52%', '6:97.70%', '7:95.23%', '8:96.30%', '9:95.94%']

Cluster round 2 completed, aggregated models from all the clients, time past : 3500msec, loss : 0.09, accuracy 97.30%
Accuracy per label : ['0:99.08%', '1:98.77%', '2:97.77%', '3:97.23%', '4:97.45%', '5:96.52%', '6:97.81%', '7:95.43%', '8:96.61%', '9:96.13%']

Cluster round 3 completed, aggregated models from all the clients, time past : 5200msec, loss : 0.09, accuracy 97.35%
Accuracy per label : ['0:99.08%', '1:98.77%', '2:97.77%', '3:97.52%', '4:97.45%', '5:96.52%', '6:97.81%', '7:95.43%', '8:96.82%', '9:96.13%']

Cluster round 4 completed, aggregated models from all the clients, time past : 6900msec, loss : 0.09, accuracy 97.43%
Accuracy per label : ['0:98.98%', '1:98.77%', '2:97.77%', '3:97.43%', '4:97.66%', '5:96.97%', '6:98.02%', '7:95.53%', '8:96.82%', '9:96.23%']

Cluster round 5 completed, aggregated models from all the clients, time past : 8600msec, loss : 0.08, accuracy 97.45%
Accuracy per label : ['0:98.98%', '1:98.85%', '2:97.77%', '3:97.33%', '4:97.56%', '5:97.20%', '6:98.02%', '7:95.53%', '8:96.92%', '9:96.23%']

Before aggregation, loss : 0.08, accuracy : 97.50%
Before aggregation, accuracy per label : ['0:99.08%', '1:98.77%', '2:97.19%', '3:97.92%', '4:97.76%', '5:96.97%', '6:98.02%', '7:95.91%', '8:96.82%', '9:96.43%']
Aggregation to central server completed at central server round 250, loss : 0.08, accuracy: 97.51%, staleness : 9
Accuracy per label after aggregation : ['0:99.08%', '1:98.77%', '2:97.19%', '3:97.92%', '4:97.76%', '5:97.09%', '6:98.02%', '7:95.91%', '8:96.82%', '9:96.43%']

-----------------------------------------------------

Central server round 53 started
Model sent from central server with 100msec communication time, with loss :0.08, accuracy : 97.51%
Accuracy per label : ['0:99.08%', '1:98.77%', '2:97.19%', '3:97.92%', '4:97.76%', '5:97.09%', '6:98.02%', '7:95.91%', '8:96.82%', '9:96.43%']
The model is from round 44 from central server, staleness is 8

Cluster round 1 completed, aggregated models from all the clients, time past : 1800msec, loss : 0.08, accuracy 97.59%
Accuracy per label : ['0:98.98%', '1:98.94%', '2:97.77%', '3:97.72%', '4:97.76%', '5:97.20%', '6:98.23%', '7:95.82%', '8:96.92%', '9:96.43%']

Cluster round 2 completed, aggregated models from all the clients, time past : 3500msec, loss : 0.08, accuracy 97.67%
Accuracy per label : ['0:98.98%', '1:98.85%', '2:97.77%', '3:97.92%', '4:97.86%', '5:97.42%', '6:98.12%', '7:96.01%', '8:97.13%', '9:96.53%']

Cluster round 3 completed, aggregated models from all the clients, time past : 5200msec, loss : 0.08, accuracy 97.65%
Accuracy per label : ['0:98.98%', '1:98.85%', '2:97.97%', '3:97.72%', '4:97.66%', '5:97.42%', '6:98.12%', '7:96.01%', '8:97.13%', '9:96.53%']

Cluster round 4 completed, aggregated models from all the clients, time past : 6900msec, loss : 0.08, accuracy 97.71%
Accuracy per label : ['0:98.98%', '1:98.94%', '2:97.97%', '3:97.82%', '4:97.66%', '5:97.65%', '6:98.12%', '7:96.01%', '8:97.23%', '9:96.63%']

Cluster round 5 completed, aggregated models from all the clients, time past : 8600msec, loss : 0.07, accuracy 97.69%
Accuracy per label : ['0:98.98%', '1:98.94%', '2:97.97%', '3:97.82%', '4:97.66%', '5:97.65%', '6:98.02%', '7:96.01%', '8:97.13%', '9:96.63%']

Before aggregation, loss : 0.07, accuracy : 97.73%
Before aggregation, accuracy per label : ['0:99.18%', '1:98.77%', '2:97.58%', '3:97.92%', '4:97.96%', '5:97.31%', '6:98.02%', '7:96.30%', '8:97.33%', '9:96.83%']
Aggregation to central server completed at central server round 250, loss : 0.07, accuracy: 97.75%, staleness : 8
Accuracy per label after aggregation : ['0:99.18%', '1:98.77%', '2:97.58%', '3:98.02%', '4:98.07%', '5:97.31%', '6:98.02%', '7:96.30%', '8:97.33%', '9:96.83%']

-----------------------------------------------------

Central server round 61 started
Model sent from central server with 100msec communication time, with loss :0.07, accuracy : 97.75%
Accuracy per label : ['0:99.18%', '1:98.77%', '2:97.58%', '3:98.02%', '4:98.07%', '5:97.31%', '6:98.02%', '7:96.30%', '8:97.33%', '9:96.83%']
The model is from round 53 from central server, staleness is 7

Cluster round 1 completed, aggregated models from all the clients, time past : 1800msec, loss : 0.07, accuracy 97.76%
Accuracy per label : ['0:99.18%', '1:98.94%', '2:98.06%', '3:98.02%', '4:97.76%', '5:97.53%', '6:98.02%', '7:96.01%', '8:97.13%', '9:96.83%']

Cluster round 2 completed, aggregated models from all the clients, time past : 3500msec, loss : 0.07, accuracy 97.76%
Accuracy per label : ['0:99.08%', '1:98.85%', '2:98.06%', '3:98.02%', '4:97.76%', '5:97.65%', '6:98.02%', '7:96.01%', '8:97.33%', '9:96.73%']

Cluster round 3 completed, aggregated models from all the clients, time past : 5200msec, loss : 0.07, accuracy 97.84%
Accuracy per label : ['0:98.98%', '1:98.94%', '2:97.97%', '3:98.12%', '4:97.96%', '5:97.76%', '6:98.12%', '7:96.30%', '8:97.43%', '9:96.73%']

Cluster round 4 completed, aggregated models from all the clients, time past : 6900msec, loss : 0.07, accuracy 97.86%
Accuracy per label : ['0:99.08%', '1:98.94%', '2:98.06%', '3:97.92%', '4:98.07%', '5:97.76%', '6:98.12%', '7:96.30%', '8:97.43%', '9:96.83%']

Cluster round 5 completed, aggregated models from all the clients, time past : 8600msec, loss : 0.07, accuracy 97.88%
Accuracy per label : ['0:98.98%', '1:98.94%', '2:98.16%', '3:98.02%', '4:98.07%', '5:97.76%', '6:98.12%', '7:96.30%', '8:97.43%', '9:96.93%']

Before aggregation, loss : 0.07, accuracy : 97.87%
Before aggregation, accuracy per label : ['0:99.18%', '1:98.85%', '2:97.58%', '3:98.32%', '4:98.17%', '5:97.53%', '6:98.12%', '7:96.50%', '8:97.43%', '9:96.93%']
Aggregation to central server completed at central server round 250, loss : 0.07, accuracy: 97.87%, staleness : 7
Accuracy per label after aggregation : ['0:99.18%', '1:98.85%', '2:97.67%', '3:98.32%', '4:98.17%', '5:97.53%', '6:98.02%', '7:96.50%', '8:97.43%', '9:96.93%']

-----------------------------------------------------

Central server round 70 started
Model sent from central server with 100msec communication time, with loss :0.07, accuracy : 97.87%
Accuracy per label : ['0:99.18%', '1:98.85%', '2:97.67%', '3:98.32%', '4:98.17%', '5:97.53%', '6:98.02%', '7:96.50%', '8:97.43%', '9:96.93%']
The model is from round 61 from central server, staleness is 8

Cluster round 1 completed, aggregated models from all the clients, time past : 1800msec, loss : 0.07, accuracy 97.92%
Accuracy per label : ['0:99.18%', '1:99.21%', '2:98.16%', '3:98.12%', '4:97.96%', '5:97.65%', '6:98.12%', '7:96.30%', '8:97.54%', '9:96.83%']

Cluster round 2 completed, aggregated models from all the clients, time past : 3500msec, loss : 0.07, accuracy 98.00%
Accuracy per label : ['0:99.29%', '1:99.30%', '2:98.06%', '3:98.22%', '4:98.07%', '5:97.65%', '6:98.23%', '7:96.50%', '8:97.54%', '9:97.03%']

Cluster round 3 completed, aggregated models from all the clients, time past : 5200msec, loss : 0.06, accuracy 97.99%
Accuracy per label : ['0:99.29%', '1:99.21%', '2:98.16%', '3:98.22%', '4:98.17%', '5:97.65%', '6:98.12%', '7:96.40%', '8:97.54%', '9:97.03%']

Cluster round 4 completed, aggregated models from all the clients, time past : 6900msec, loss : 0.06, accuracy 98.03%
Accuracy per label : ['0:99.29%', '1:99.21%', '2:98.26%', '3:98.22%', '4:98.27%', '5:97.76%', '6:98.12%', '7:96.50%', '8:97.54%', '9:97.03%']

Cluster round 5 completed, aggregated models from all the clients, time past : 8600msec, loss : 0.06, accuracy 98.05%
Accuracy per label : ['0:99.29%', '1:99.21%', '2:98.35%', '3:98.22%', '4:98.27%', '5:97.76%', '6:98.12%', '7:96.60%', '8:97.54%', '9:97.03%']

Before aggregation, loss : 0.06, accuracy : 98.03%
Before aggregation, accuracy per label : ['0:99.08%', '1:98.85%', '2:97.67%', '3:98.51%', '4:98.47%', '5:97.65%', '6:98.23%', '7:96.98%', '8:97.64%', '9:97.13%']
Aggregation to central server completed at central server round 250, loss : 0.06, accuracy: 98.03%, staleness : 8
Accuracy per label after aggregation : ['0:99.18%', '1:98.85%', '2:97.67%', '3:98.51%', '4:98.47%', '5:97.65%', '6:98.33%', '7:96.89%', '8:97.64%', '9:97.03%']

-----------------------------------------------------

Central server round 79 started
Model sent from central server with 100msec communication time, with loss :0.06, accuracy : 98.03%
Accuracy per label : ['0:99.18%', '1:98.85%', '2:97.67%', '3:98.51%', '4:98.47%', '5:97.65%', '6:98.33%', '7:96.89%', '8:97.64%', '9:97.03%']
The model is from round 70 from central server, staleness is 8

Cluster round 1 completed, aggregated models from all the clients, time past : 1800msec, loss : 0.06, accuracy 98.04%
Accuracy per label : ['0:99.29%', '1:99.21%', '2:98.16%', '3:98.12%', '4:98.37%', '5:97.76%', '6:98.23%', '7:96.40%', '8:97.64%', '9:97.13%']

Cluster round 2 completed, aggregated models from all the clients, time past : 3500msec, loss : 0.06, accuracy 98.12%
Accuracy per label : ['0:99.29%', '1:99.30%', '2:98.35%', '3:98.32%', '4:98.57%', '5:97.87%', '6:98.33%', '7:96.50%', '8:97.54%', '9:97.03%']

Cluster round 3 completed, aggregated models from all the clients, time past : 5200msec, loss : 0.06, accuracy 98.13%
Accuracy per label : ['0:99.29%', '1:99.30%', '2:98.35%', '3:98.42%', '4:98.47%', '5:97.87%', '6:98.23%', '7:96.69%', '8:97.43%', '9:97.13%']

Cluster round 4 completed, aggregated models from all the clients, time past : 6900msec, loss : 0.06, accuracy 98.15%
Accuracy per label : ['0:99.29%', '1:99.30%', '2:98.45%', '3:98.42%', '4:98.47%', '5:97.87%', '6:98.23%', '7:96.69%', '8:97.54%', '9:97.13%']

Cluster round 5 completed, aggregated models from all the clients, time past : 8600msec, loss : 0.06, accuracy 98.15%
Accuracy per label : ['0:99.29%', '1:99.21%', '2:98.45%', '3:98.42%', '4:98.57%', '5:97.87%', '6:98.23%', '7:96.69%', '8:97.43%', '9:97.22%']

Before aggregation, loss : 0.06, accuracy : 98.07%
Before aggregation, accuracy per label : ['0:98.98%', '1:98.85%', '2:97.58%', '3:98.42%', '4:98.68%', '5:97.65%', '6:98.23%', '7:97.18%', '8:97.95%', '9:97.13%']
Aggregation to central server completed at central server round 250, loss : 0.06, accuracy: 98.07%, staleness : 8
Accuracy per label after aggregation : ['0:99.08%', '1:98.85%', '2:97.67%', '3:98.42%', '4:98.57%', '5:97.76%', '6:98.23%', '7:97.08%', '8:97.84%', '9:97.13%']

-----------------------------------------------------

Central server round 89 started
Model sent from central server with 100msec communication time, with loss :0.06, accuracy : 98.07%
Accuracy per label : ['0:99.08%', '1:98.85%', '2:97.67%', '3:98.42%', '4:98.57%', '5:97.76%', '6:98.23%', '7:97.08%', '8:97.84%', '9:97.13%']
The model is from round 79 from central server, staleness is 9

Cluster round 1 completed, aggregated models from all the clients, time past : 1800msec, loss : 0.06, accuracy 98.09%
Accuracy per label : ['0:99.29%', '1:99.21%', '2:98.64%', '3:98.02%', '4:98.57%', '5:97.87%', '6:98.23%', '7:96.21%', '8:97.64%', '9:97.13%']

Cluster round 2 completed, aggregated models from all the clients, time past : 3500msec, loss : 0.06, accuracy 98.13%
Accuracy per label : ['0:99.29%', '1:99.21%', '2:98.55%', '3:98.32%', '4:98.57%', '5:97.87%', '6:98.23%', '7:96.40%', '8:97.64%', '9:97.13%']

Cluster round 3 completed, aggregated models from all the clients, time past : 5200msec, loss : 0.06, accuracy 98.16%
Accuracy per label : ['0:99.29%', '1:99.21%', '2:98.55%', '3:98.42%', '4:98.57%', '5:97.87%', '6:98.12%', '7:96.60%', '8:97.54%', '9:97.32%']

Cluster round 4 completed, aggregated models from all the clients, time past : 6900msec, loss : 0.06, accuracy 98.20%
Accuracy per label : ['0:99.29%', '1:99.30%', '2:98.64%', '3:98.42%', '4:98.68%', '5:97.98%', '6:98.12%', '7:96.60%', '8:97.54%', '9:97.32%']

Cluster round 5 completed, aggregated models from all the clients, time past : 8600msec, loss : 0.06, accuracy 98.26%
Accuracy per label : ['0:99.29%', '1:99.30%', '2:98.74%', '3:98.42%', '4:98.78%', '5:97.98%', '6:98.23%', '7:96.89%', '8:97.54%', '9:97.32%']

Before aggregation, loss : 0.06, accuracy : 98.18%
Before aggregation, accuracy per label : ['0:98.98%', '1:98.94%', '2:97.67%', '3:98.42%', '4:98.78%', '5:97.87%', '6:98.43%', '7:97.57%', '8:97.84%', '9:97.22%']
Aggregation to central server completed at central server round 250, loss : 0.06, accuracy: 98.22%, staleness : 9
Accuracy per label after aggregation : ['0:98.98%', '1:99.12%', '2:97.67%', '3:98.42%', '4:98.78%', '5:98.09%', '6:98.43%', '7:97.57%', '8:97.84%', '9:97.22%']

-----------------------------------------------------

Central server round 97 started
Model sent from central server with 100msec communication time, with loss :0.06, accuracy : 98.22%
Accuracy per label : ['0:98.98%', '1:99.12%', '2:97.67%', '3:98.42%', '4:98.78%', '5:98.09%', '6:98.43%', '7:97.57%', '8:97.84%', '9:97.22%']
The model is from round 89 from central server, staleness is 7

Cluster round 1 completed, aggregated models from all the clients, time past : 1800msec, loss : 0.06, accuracy 98.15%
Accuracy per label : ['0:99.18%', '1:99.21%', '2:98.55%', '3:98.12%', '4:98.68%', '5:97.87%', '6:98.43%', '7:96.50%', '8:97.74%', '9:97.13%']

Cluster round 2 completed, aggregated models from all the clients, time past : 3500msec, loss : 0.05, accuracy 98.23%
Accuracy per label : ['0:99.29%', '1:99.30%', '2:98.74%', '3:98.32%', '4:98.78%', '5:97.98%', '6:98.33%', '7:96.50%', '8:97.74%', '9:97.22%']

Cluster round 3 completed, aggregated models from all the clients, time past : 5200msec, loss : 0.05, accuracy 98.26%
Accuracy per label : ['0:99.39%', '1:99.30%', '2:98.74%', '3:98.42%', '4:98.88%', '5:97.98%', '6:98.33%', '7:96.60%', '8:97.64%', '9:97.22%']

Cluster round 4 completed, aggregated models from all the clients, time past : 6900msec, loss : 0.05, accuracy 98.27%
Accuracy per label : ['0:99.39%', '1:99.30%', '2:98.74%', '3:98.42%', '4:98.98%', '5:97.98%', '6:98.23%', '7:96.69%', '8:97.64%', '9:97.22%']

Cluster round 5 completed, aggregated models from all the clients, time past : 8600msec, loss : 0.05, accuracy 98.32%
Accuracy per label : ['0:99.39%', '1:99.30%', '2:98.84%', '3:98.42%', '4:98.88%', '5:98.09%', '6:98.23%', '7:96.98%', '8:97.64%', '9:97.32%']

Before aggregation, loss : 0.05, accuracy : 98.25%
Before aggregation, accuracy per label : ['0:98.98%', '1:99.03%', '2:97.77%', '3:98.51%', '4:98.88%', '5:98.09%', '6:98.23%', '7:97.67%', '8:98.05%', '9:97.22%']
Aggregation to central server completed at central server round 250, loss : 0.05, accuracy: 98.28%, staleness : 7
Accuracy per label after aggregation : ['0:98.98%', '1:99.21%', '2:97.77%', '3:98.51%', '4:98.88%', '5:98.09%', '6:98.43%', '7:97.47%', '8:98.05%', '9:97.32%']

-----------------------------------------------------

Central server round 106 started
Model sent from central server with 100msec communication time, with loss :0.05, accuracy : 98.28%
Accuracy per label : ['0:98.98%', '1:99.21%', '2:97.77%', '3:98.51%', '4:98.88%', '5:98.09%', '6:98.43%', '7:97.47%', '8:98.05%', '9:97.32%']
The model is from round 97 from central server, staleness is 8

Cluster round 1 completed, aggregated models from all the clients, time past : 1800msec, loss : 0.05, accuracy 98.25%
Accuracy per label : ['0:99.29%', '1:99.38%', '2:98.64%', '3:98.22%', '4:98.88%', '5:97.98%', '6:98.43%', '7:96.60%', '8:97.74%', '9:97.22%']

Cluster round 2 completed, aggregated models from all the clients, time past : 3500msec, loss : 0.05, accuracy 98.26%
Accuracy per label : ['0:99.29%', '1:99.38%', '2:98.64%', '3:98.32%', '4:98.88%', '5:97.98%', '6:98.43%', '7:96.69%', '8:97.74%', '9:97.13%']

Cluster round 3 completed, aggregated models from all the clients, time past : 5200msec, loss : 0.05, accuracy 98.30%
Accuracy per label : ['0:99.39%', '1:99.38%', '2:98.74%', '3:98.51%', '4:98.98%', '5:97.98%', '6:98.12%', '7:96.89%', '8:97.64%', '9:97.22%']

Cluster round 4 completed, aggregated models from all the clients, time past : 6900msec, loss : 0.05, accuracy 98.35%
Accuracy per label : ['0:99.39%', '1:99.38%', '2:98.93%', '3:98.61%', '4:99.08%', '5:97.98%', '6:98.12%', '7:97.08%', '8:97.64%', '9:97.13%']

Cluster round 5 completed, aggregated models from all the clients, time past : 8600msec, loss : 0.05, accuracy 98.37%
Accuracy per label : ['0:99.39%', '1:99.30%', '2:99.03%', '3:98.61%', '4:98.88%', '5:98.09%', '6:98.23%', '7:97.18%', '8:97.64%', '9:97.22%']

Before aggregation, loss : 0.05, accuracy : 98.34%
Before aggregation, accuracy per label : ['0:98.98%', '1:99.21%', '2:97.77%', '3:98.51%', '4:98.98%', '5:98.09%', '6:98.64%', '7:97.76%', '8:98.05%', '9:97.32%']
Aggregation to central server completed at central server round 250, loss : 0.05, accuracy: 98.34%, staleness : 8
Accuracy per label after aggregation : ['0:98.98%', '1:99.21%', '2:97.87%', '3:98.51%', '4:98.98%', '5:98.09%', '6:98.64%', '7:97.67%', '8:98.05%', '9:97.32%']

-----------------------------------------------------

Central server round 114 started
Model sent from central server with 100msec communication time, with loss :0.05, accuracy : 98.34%
Accuracy per label : ['0:98.98%', '1:99.21%', '2:97.87%', '3:98.51%', '4:98.98%', '5:98.09%', '6:98.64%', '7:97.67%', '8:98.05%', '9:97.32%']
The model is from round 106 from central server, staleness is 7

Cluster round 1 completed, aggregated models from all the clients, time past : 1800msec, loss : 0.05, accuracy 98.26%
Accuracy per label : ['0:99.08%', '1:99.38%', '2:98.64%', '3:98.22%', '4:98.98%', '5:97.87%', '6:98.54%', '7:96.79%', '8:97.74%', '9:97.22%']

Cluster round 2 completed, aggregated models from all the clients, time past : 3500msec, loss : 0.05, accuracy 98.35%
Accuracy per label : ['0:99.29%', '1:99.38%', '2:98.84%', '3:98.42%', '4:99.08%', '5:97.98%', '6:98.43%', '7:96.89%', '8:97.74%', '9:97.32%']

Cluster round 3 completed, aggregated models from all the clients, time past : 5200msec, loss : 0.05, accuracy 98.35%
Accuracy per label : ['0:99.39%', '1:99.30%', '2:98.84%', '3:98.61%', '4:99.08%', '5:97.98%', '6:98.12%', '7:96.98%', '8:97.64%', '9:97.42%']

Cluster round 4 completed, aggregated models from all the clients, time past : 6900msec, loss : 0.05, accuracy 98.36%
Accuracy per label : ['0:99.39%', '1:99.38%', '2:98.84%', '3:98.61%', '4:99.08%', '5:98.09%', '6:98.23%', '7:96.98%', '8:97.64%', '9:97.22%']

Cluster round 5 completed, aggregated models from all the clients, time past : 8600msec, loss : 0.05, accuracy 98.38%
Accuracy per label : ['0:99.39%', '1:99.38%', '2:98.84%', '3:98.61%', '4:98.98%', '5:98.21%', '6:98.23%', '7:97.18%', '8:97.64%', '9:97.22%']

Before aggregation, loss : 0.05, accuracy : 98.36%
Before aggregation, accuracy per label : ['0:98.98%', '1:99.21%', '2:97.87%', '3:98.81%', '4:98.88%', '5:97.98%', '6:98.54%', '7:97.86%', '8:98.05%', '9:97.32%']
Aggregation to central server completed at central server round 250, loss : 0.05, accuracy: 98.39%, staleness : 7
Accuracy per label after aggregation : ['0:98.98%', '1:99.30%', '2:97.97%', '3:98.81%', '4:98.98%', '5:98.09%', '6:98.54%', '7:97.76%', '8:98.05%', '9:97.32%']

-----------------------------------------------------

Central server round 125 started
Model sent from central server with 100msec communication time, with loss :0.05, accuracy : 98.39%
Accuracy per label : ['0:98.98%', '1:99.30%', '2:97.97%', '3:98.81%', '4:98.98%', '5:98.09%', '6:98.54%', '7:97.76%', '8:98.05%', '9:97.32%']
The model is from round 114 from central server, staleness is 10

Cluster round 1 completed, aggregated models from all the clients, time past : 1800msec, loss : 0.05, accuracy 98.34%
Accuracy per label : ['0:98.98%', '1:99.47%', '2:98.74%', '3:98.61%', '4:99.08%', '5:98.09%', '6:98.43%', '7:96.79%', '8:97.74%', '9:97.32%']

Cluster round 2 completed, aggregated models from all the clients, time past : 3500msec, loss : 0.05, accuracy 98.40%
Accuracy per label : ['0:99.29%', '1:99.38%', '2:98.84%', '3:98.71%', '4:99.29%', '5:97.98%', '6:98.33%', '7:96.98%', '8:97.74%', '9:97.32%']

Cluster round 3 completed, aggregated models from all the clients, time past : 5200msec, loss : 0.05, accuracy 98.39%
Accuracy per label : ['0:99.29%', '1:99.38%', '2:98.84%', '3:98.71%', '4:99.29%', '5:98.09%', '6:98.12%', '7:96.98%', '8:97.64%', '9:97.42%']

Cluster round 4 completed, aggregated models from all the clients, time past : 6900msec, loss : 0.05, accuracy 98.42%
Accuracy per label : ['0:99.39%', '1:99.38%', '2:98.74%', '3:98.71%', '4:99.19%', '5:98.09%', '6:98.12%', '7:97.37%', '8:97.64%', '9:97.42%']

Cluster round 5 completed, aggregated models from all the clients, time past : 8600msec, loss : 0.05, accuracy 98.43%
Accuracy per label : ['0:99.39%', '1:99.47%', '2:98.74%', '3:98.71%', '4:98.98%', '5:98.32%', '6:98.23%', '7:97.37%', '8:97.64%', '9:97.32%']

Before aggregation, loss : 0.05, accuracy : 98.42%
Before aggregation, accuracy per label : ['0:98.98%', '1:99.38%', '2:98.06%', '3:98.91%', '4:98.88%', '5:98.09%', '6:98.33%', '7:97.96%', '8:98.05%', '9:97.42%']
Aggregation to central server completed at central server round 250, loss : 0.05, accuracy: 98.39%, staleness : 10
Accuracy per label after aggregation : ['0:98.98%', '1:99.38%', '2:98.06%', '3:98.91%', '4:98.78%', '5:98.09%', '6:98.33%', '7:97.76%', '8:98.05%', '9:97.42%']

-----------------------------------------------------

Central server round 134 started
Model sent from central server with 100msec communication time, with loss :0.05, accuracy : 98.39%
Accuracy per label : ['0:98.98%', '1:99.38%', '2:98.06%', '3:98.91%', '4:98.78%', '5:98.09%', '6:98.33%', '7:97.76%', '8:98.05%', '9:97.42%']
The model is from round 125 from central server, staleness is 8

Cluster round 1 completed, aggregated models from all the clients, time past : 1800msec, loss : 0.05, accuracy 98.44%
Accuracy per label : ['0:99.08%', '1:99.56%', '2:98.84%', '3:98.51%', '4:99.29%', '5:98.21%', '6:98.43%', '7:97.18%', '8:97.74%', '9:97.42%']

Cluster round 2 completed, aggregated models from all the clients, time past : 3500msec, loss : 0.05, accuracy 98.42%
Accuracy per label : ['0:99.08%', '1:99.47%', '2:98.84%', '3:98.71%', '4:99.19%', '5:98.09%', '6:98.23%', '7:97.18%', '8:97.95%', '9:97.32%']

Cluster round 3 completed, aggregated models from all the clients, time past : 5200msec, loss : 0.05, accuracy 98.43%
Accuracy per label : ['0:99.18%', '1:99.47%', '2:98.84%', '3:98.71%', '4:99.08%', '5:98.32%', '6:98.02%', '7:97.37%', '8:97.84%', '9:97.32%']

Cluster round 4 completed, aggregated models from all the clients, time past : 6900msec, loss : 0.05, accuracy 98.45%
Accuracy per label : ['0:99.18%', '1:99.47%', '2:98.84%', '3:98.61%', '4:99.19%', '5:98.32%', '6:98.12%', '7:97.37%', '8:97.84%', '9:97.42%']

Cluster round 5 completed, aggregated models from all the clients, time past : 8600msec, loss : 0.05, accuracy 98.48%
Accuracy per label : ['0:99.18%', '1:99.47%', '2:98.84%', '3:98.61%', '4:99.19%', '5:98.21%', '6:98.23%', '7:97.47%', '8:98.05%', '9:97.42%']

Before aggregation, loss : 0.05, accuracy : 98.40%
Before aggregation, accuracy per label : ['0:98.98%', '1:99.38%', '2:98.06%', '3:98.81%', '4:98.98%', '5:98.09%', '6:98.33%', '7:98.05%', '8:98.05%', '9:97.13%']
Aggregation to central server completed at central server round 250, loss : 0.05, accuracy: 98.42%, staleness : 8
Accuracy per label after aggregation : ['0:98.98%', '1:99.38%', '2:98.06%', '3:98.91%', '4:98.98%', '5:98.09%', '6:98.33%', '7:98.05%', '8:98.05%', '9:97.22%']

-----------------------------------------------------

Central server round 143 started
Model sent from central server with 100msec communication time, with loss :0.05, accuracy : 98.42%
Accuracy per label : ['0:98.98%', '1:99.38%', '2:98.06%', '3:98.91%', '4:98.98%', '5:98.09%', '6:98.33%', '7:98.05%', '8:98.05%', '9:97.22%']
The model is from round 134 from central server, staleness is 8

Cluster round 1 completed, aggregated models from all the clients, time past : 1800msec, loss : 0.05, accuracy 98.49%
Accuracy per label : ['0:98.98%', '1:99.74%', '2:98.84%', '3:98.61%', '4:99.29%', '5:98.21%', '6:98.54%', '7:97.28%', '8:97.84%', '9:97.42%']

Cluster round 2 completed, aggregated models from all the clients, time past : 3500msec, loss : 0.05, accuracy 98.42%
Accuracy per label : ['0:99.08%', '1:99.65%', '2:98.84%', '3:98.71%', '4:99.29%', '5:98.09%', '6:98.12%', '7:97.08%', '8:97.95%', '9:97.22%']

Cluster round 3 completed, aggregated models from all the clients, time past : 5200msec, loss : 0.05, accuracy 98.50%
Accuracy per label : ['0:99.18%', '1:99.56%', '2:98.84%', '3:98.71%', '4:99.08%', '5:98.32%', '6:98.23%', '7:97.37%', '8:97.95%', '9:97.62%']

Cluster round 4 completed, aggregated models from all the clients, time past : 6900msec, loss : 0.05, accuracy 98.51%
Accuracy per label : ['0:99.18%', '1:99.56%', '2:98.84%', '3:98.61%', '4:99.19%', '5:98.32%', '6:98.12%', '7:97.47%', '8:98.15%', '9:97.52%']

Cluster round 5 completed, aggregated models from all the clients, time past : 8600msec, loss : 0.05, accuracy 98.53%
Accuracy per label : ['0:99.18%', '1:99.56%', '2:98.84%', '3:98.61%', '4:99.29%', '5:98.32%', '6:98.23%', '7:97.57%', '8:98.25%', '9:97.32%']

Before aggregation, loss : 0.05, accuracy : 98.43%
Before aggregation, accuracy per label : ['0:98.98%', '1:99.38%', '2:98.26%', '3:98.81%', '4:98.98%', '5:98.09%', '6:98.33%', '7:98.15%', '8:97.95%', '9:97.22%']
Aggregation to central server completed at central server round 250, loss : 0.05, accuracy: 98.46%, staleness : 8
Accuracy per label after aggregation : ['0:98.98%', '1:99.38%', '2:98.26%', '3:98.91%', '4:98.98%', '5:98.09%', '6:98.33%', '7:98.15%', '8:97.95%', '9:97.42%']

-----------------------------------------------------

Central server round 151 started
Model sent from central server with 100msec communication time, with loss :0.05, accuracy : 98.46%
Accuracy per label : ['0:98.98%', '1:99.38%', '2:98.26%', '3:98.91%', '4:98.98%', '5:98.09%', '6:98.33%', '7:98.15%', '8:97.95%', '9:97.42%']
The model is from round 143 from central server, staleness is 7

Cluster round 1 completed, aggregated models from all the clients, time past : 1800msec, loss : 0.05, accuracy 98.47%
Accuracy per label : ['0:99.08%', '1:99.74%', '2:98.84%', '3:98.71%', '4:99.29%', '5:98.21%', '6:98.23%', '7:97.28%', '8:97.84%', '9:97.32%']

Cluster round 2 completed, aggregated models from all the clients, time past : 3500msec, loss : 0.05, accuracy 98.48%
Accuracy per label : ['0:99.08%', '1:99.65%', '2:98.84%', '3:98.71%', '4:99.29%', '5:98.09%', '6:98.23%', '7:97.37%', '8:98.15%', '9:97.22%']

Cluster round 3 completed, aggregated models from all the clients, time past : 5200msec, loss : 0.05, accuracy 98.55%
Accuracy per label : ['0:99.18%', '1:99.56%', '2:98.84%', '3:98.71%', '4:99.19%', '5:98.43%', '6:98.23%', '7:97.57%', '8:98.25%', '9:97.42%']

Cluster round 4 completed, aggregated models from all the clients, time past : 6900msec, loss : 0.05, accuracy 98.59%
Accuracy per label : ['0:99.18%', '1:99.56%', '2:98.84%', '3:98.71%', '4:99.29%', '5:98.43%', '6:98.23%', '7:97.67%', '8:98.36%', '9:97.52%']

Cluster round 5 completed, aggregated models from all the clients, time past : 8600msec, loss : 0.05, accuracy 98.56%
Accuracy per label : ['0:99.18%', '1:99.56%', '2:98.84%', '3:98.61%', '4:99.29%', '5:98.09%', '6:98.43%', '7:97.57%', '8:98.36%', '9:97.52%']

Before aggregation, loss : 0.05, accuracy : 98.43%
Before aggregation, accuracy per label : ['0:98.98%', '1:99.38%', '2:98.35%', '3:98.81%', '4:98.98%', '5:98.21%', '6:98.23%', '7:98.15%', '8:97.95%', '9:97.13%']
Aggregation to central server completed at central server round 250, loss : 0.05, accuracy: 98.47%, staleness : 7
Accuracy per label after aggregation : ['0:98.98%', '1:99.38%', '2:98.35%', '3:98.81%', '4:98.98%', '5:98.21%', '6:98.43%', '7:98.05%', '8:97.95%', '9:97.42%']

-----------------------------------------------------

Central server round 161 started
Model sent from central server with 100msec communication time, with loss :0.05, accuracy : 98.47%
Accuracy per label : ['0:98.98%', '1:99.38%', '2:98.35%', '3:98.81%', '4:98.98%', '5:98.21%', '6:98.43%', '7:98.05%', '8:97.95%', '9:97.42%']
The model is from round 151 from central server, staleness is 9

Cluster round 1 completed, aggregated models from all the clients, time past : 1800msec, loss : 0.05, accuracy 98.48%
Accuracy per label : ['0:99.08%', '1:99.74%', '2:98.84%', '3:98.51%', '4:99.29%', '5:98.21%', '6:98.43%', '7:97.37%', '8:97.84%', '9:97.32%']

Cluster round 2 completed, aggregated models from all the clients, time past : 3500msec, loss : 0.05, accuracy 98.53%
Accuracy per label : ['0:99.08%', '1:99.65%', '2:98.84%', '3:98.71%', '4:99.29%', '5:98.21%', '6:98.33%', '7:97.47%', '8:98.25%', '9:97.32%']

Cluster round 3 completed, aggregated models from all the clients, time past : 5200msec, loss : 0.05, accuracy 98.58%
Accuracy per label : ['0:99.18%', '1:99.56%', '2:98.84%', '3:98.71%', '4:99.19%', '5:98.43%', '6:98.33%', '7:97.67%', '8:98.36%', '9:97.42%']

Cluster round 4 completed, aggregated models from all the clients, time past : 6900msec, loss : 0.05, accuracy 98.60%
Accuracy per label : ['0:99.18%', '1:99.56%', '2:98.84%', '3:98.71%', '4:99.29%', '5:98.43%', '6:98.33%', '7:97.67%', '8:98.36%', '9:97.52%']

Cluster round 5 completed, aggregated models from all the clients, time past : 8600msec, loss : 0.05, accuracy 98.59%
Accuracy per label : ['0:99.18%', '1:99.56%', '2:98.93%', '3:98.61%', '4:99.29%', '5:98.32%', '6:98.43%', '7:97.76%', '8:98.25%', '9:97.42%']

Before aggregation, loss : 0.05, accuracy : 98.47%
Before aggregation, accuracy per label : ['0:98.98%', '1:99.38%', '2:98.35%', '3:98.61%', '4:98.98%', '5:98.21%', '6:98.54%', '7:98.15%', '8:98.05%', '9:97.32%']
Aggregation to central server completed at central server round 250, loss : 0.05, accuracy: 98.49%, staleness : 9
Accuracy per label after aggregation : ['0:98.98%', '1:99.38%', '2:98.35%', '3:98.61%', '4:98.98%', '5:98.21%', '6:98.54%', '7:98.15%', '8:98.05%', '9:97.52%']

-----------------------------------------------------

Central server round 170 started
Model sent from central server with 100msec communication time, with loss :0.05, accuracy : 98.49%
Accuracy per label : ['0:98.98%', '1:99.38%', '2:98.35%', '3:98.61%', '4:98.98%', '5:98.21%', '6:98.54%', '7:98.15%', '8:98.05%', '9:97.52%']
The model is from round 161 from central server, staleness is 8

Cluster round 1 completed, aggregated models from all the clients, time past : 1800msec, loss : 0.05, accuracy 98.51%
Accuracy per label : ['0:99.08%', '1:99.74%', '2:99.03%', '3:98.61%', '4:99.29%', '5:98.09%', '6:98.43%', '7:97.47%', '8:97.84%', '9:97.32%']

Cluster round 2 completed, aggregated models from all the clients, time past : 3500msec, loss : 0.05, accuracy 98.52%
Accuracy per label : ['0:99.08%', '1:99.56%', '2:98.84%', '3:98.61%', '4:99.39%', '5:98.32%', '6:98.33%', '7:97.47%', '8:98.25%', '9:97.22%']

Cluster round 3 completed, aggregated models from all the clients, time past : 5200msec, loss : 0.05, accuracy 98.59%
Accuracy per label : ['0:99.08%', '1:99.56%', '2:98.84%', '3:98.71%', '4:99.39%', '5:98.32%', '6:98.23%', '7:97.76%', '8:98.36%', '9:97.52%']

Cluster round 4 completed, aggregated models from all the clients, time past : 6900msec, loss : 0.05, accuracy 98.60%
Accuracy per label : ['0:99.08%', '1:99.56%', '2:98.93%', '3:98.71%', '4:99.29%', '5:98.43%', '6:98.33%', '7:97.76%', '8:98.25%', '9:97.52%']

Cluster round 5 completed, aggregated models from all the clients, time past : 8600msec, loss : 0.05, accuracy 98.59%
Accuracy per label : ['0:99.08%', '1:99.56%', '2:98.93%', '3:98.51%', '4:99.29%', '5:98.43%', '6:98.43%', '7:97.76%', '8:98.25%', '9:97.52%']

Before aggregation, loss : 0.05, accuracy : 98.54%
Before aggregation, accuracy per label : ['0:98.98%', '1:99.56%', '2:98.45%', '3:98.81%', '4:98.98%', '5:98.21%', '6:98.54%', '7:98.25%', '8:98.05%', '9:97.42%']
Aggregation to central server completed at central server round 250, loss : 0.05, accuracy: 98.56%, staleness : 8
Accuracy per label after aggregation : ['0:98.98%', '1:99.56%', '2:98.55%', '3:98.71%', '4:98.98%', '5:98.21%', '6:98.64%', '7:98.25%', '8:98.05%', '9:97.52%']

-----------------------------------------------------

Central server round 179 started
Model sent from central server with 100msec communication time, with loss :0.05, accuracy : 98.56%
Accuracy per label : ['0:98.98%', '1:99.56%', '2:98.55%', '3:98.71%', '4:98.98%', '5:98.21%', '6:98.64%', '7:98.25%', '8:98.05%', '9:97.52%']
The model is from round 170 from central server, staleness is 8

Cluster round 1 completed, aggregated models from all the clients, time past : 1800msec, loss : 0.05, accuracy 98.54%
Accuracy per label : ['0:99.08%', '1:99.82%', '2:99.03%', '3:98.71%', '4:99.29%', '5:98.21%', '6:98.43%', '7:97.47%', '8:97.95%', '9:97.22%']

Cluster round 2 completed, aggregated models from all the clients, time past : 3500msec, loss : 0.05, accuracy 98.55%
Accuracy per label : ['0:99.08%', '1:99.56%', '2:98.84%', '3:98.61%', '4:99.39%', '5:98.43%', '6:98.33%', '7:97.57%', '8:98.25%', '9:97.32%']

Cluster round 3 completed, aggregated models from all the clients, time past : 5200msec, loss : 0.05, accuracy 98.58%
Accuracy per label : ['0:99.08%', '1:99.56%', '2:98.84%', '3:98.61%', '4:99.39%', '5:98.43%', '6:98.43%', '7:97.67%', '8:98.25%', '9:97.42%']

Cluster round 4 completed, aggregated models from all the clients, time past : 6900msec, loss : 0.05, accuracy 98.60%
Accuracy per label : ['0:99.08%', '1:99.56%', '2:98.84%', '3:98.71%', '4:99.29%', '5:98.43%', '6:98.33%', '7:97.76%', '8:98.36%', '9:97.52%']

Cluster round 5 completed, aggregated models from all the clients, time past : 8600msec, loss : 0.05, accuracy 98.60%
Accuracy per label : ['0:99.08%', '1:99.56%', '2:98.84%', '3:98.61%', '4:99.29%', '5:98.65%', '6:98.33%', '7:97.76%', '8:98.36%', '9:97.42%']

Before aggregation, loss : 0.05, accuracy : 98.57%
Before aggregation, accuracy per label : ['0:98.88%', '1:99.56%', '2:98.64%', '3:98.81%', '4:98.98%', '5:98.21%', '6:98.64%', '7:98.25%', '8:98.15%', '9:97.42%']
Aggregation to central server completed at central server round 250, loss : 0.05, accuracy: 98.57%, staleness : 8
Accuracy per label after aggregation : ['0:98.88%', '1:99.56%', '2:98.74%', '3:98.71%', '4:98.98%', '5:98.21%', '6:98.54%', '7:98.25%', '8:98.15%', '9:97.52%']

-----------------------------------------------------

Central server round 188 started
Model sent from central server with 100msec communication time, with loss :0.05, accuracy : 98.57%
Accuracy per label : ['0:98.88%', '1:99.56%', '2:98.74%', '3:98.71%', '4:98.98%', '5:98.21%', '6:98.54%', '7:98.25%', '8:98.15%', '9:97.52%']
The model is from round 179 from central server, staleness is 8

Cluster round 1 completed, aggregated models from all the clients, time past : 1800msec, loss : 0.05, accuracy 98.57%
Accuracy per label : ['0:99.08%', '1:99.65%', '2:99.13%', '3:98.71%', '4:99.39%', '5:98.21%', '6:98.43%', '7:97.57%', '8:98.05%', '9:97.32%']

Cluster round 2 completed, aggregated models from all the clients, time past : 3500msec, loss : 0.05, accuracy 98.55%
Accuracy per label : ['0:99.08%', '1:99.56%', '2:98.74%', '3:98.61%', '4:99.49%', '5:98.43%', '6:98.33%', '7:97.67%', '8:98.25%', '9:97.22%']

Cluster round 3 completed, aggregated models from all the clients, time past : 5200msec, loss : 0.05, accuracy 98.59%
Accuracy per label : ['0:99.08%', '1:99.56%', '2:98.84%', '3:98.61%', '4:99.29%', '5:98.43%', '6:98.43%', '7:97.76%', '8:98.36%', '9:97.42%']

Cluster round 4 completed, aggregated models from all the clients, time past : 6900msec, loss : 0.05, accuracy 98.58%
Accuracy per label : ['0:99.08%', '1:99.56%', '2:98.84%', '3:98.61%', '4:99.19%', '5:98.65%', '6:98.33%', '7:97.76%', '8:98.36%', '9:97.32%']

Cluster round 5 completed, aggregated models from all the clients, time past : 8600msec, loss : 0.05, accuracy 98.60%
Accuracy per label : ['0:99.08%', '1:99.56%', '2:98.84%', '3:98.71%', '4:99.19%', '5:98.65%', '6:98.33%', '7:97.76%', '8:98.36%', '9:97.42%']

Before aggregation, loss : 0.05, accuracy : 98.62%
Before aggregation, accuracy per label : ['0:98.88%', '1:99.65%', '2:98.64%', '3:98.81%', '4:99.08%', '5:98.21%', '6:98.64%', '7:98.35%', '8:98.15%', '9:97.62%']
Aggregation to central server completed at central server round 250, loss : 0.05, accuracy: 98.63%, staleness : 8
Accuracy per label after aggregation : ['0:98.88%', '1:99.74%', '2:98.74%', '3:98.81%', '4:98.98%', '5:98.21%', '6:98.64%', '7:98.35%', '8:98.15%', '9:97.62%']

-----------------------------------------------------

Central server round 196 started
Model sent from central server with 100msec communication time, with loss :0.05, accuracy : 98.63%
Accuracy per label : ['0:98.88%', '1:99.74%', '2:98.74%', '3:98.81%', '4:98.98%', '5:98.21%', '6:98.64%', '7:98.35%', '8:98.15%', '9:97.62%']
The model is from round 188 from central server, staleness is 7

Cluster round 1 completed, aggregated models from all the clients, time past : 1800msec, loss : 0.05, accuracy 98.58%
Accuracy per label : ['0:98.98%', '1:99.65%', '2:99.03%', '3:98.61%', '4:99.39%', '5:98.43%', '6:98.43%', '7:97.67%', '8:98.15%', '9:97.32%']

Cluster round 2 completed, aggregated models from all the clients, time past : 3500msec, loss : 0.05, accuracy 98.61%
Accuracy per label : ['0:98.98%', '1:99.65%', '2:98.93%', '3:98.61%', '4:99.49%', '5:98.54%', '6:98.54%', '7:97.76%', '8:98.25%', '9:97.22%']

Cluster round 3 completed, aggregated models from all the clients, time past : 5200msec, loss : 0.05, accuracy 98.62%
Accuracy per label : ['0:99.08%', '1:99.56%', '2:98.93%', '3:98.61%', '4:99.39%', '5:98.54%', '6:98.54%', '7:97.76%', '8:98.36%', '9:97.32%']

Cluster round 4 completed, aggregated models from all the clients, time past : 6900msec, loss : 0.05, accuracy 98.59%
Accuracy per label : ['0:99.08%', '1:99.56%', '2:98.84%', '3:98.51%', '4:99.29%', '5:98.77%', '6:98.33%', '7:97.76%', '8:98.36%', '9:97.32%']

Cluster round 5 completed, aggregated models from all the clients, time past : 8600msec, loss : 0.05, accuracy 98.61%
Accuracy per label : ['0:99.08%', '1:99.56%', '2:98.84%', '3:98.71%', '4:99.19%', '5:98.65%', '6:98.33%', '7:97.76%', '8:98.46%', '9:97.42%']

Before aggregation, loss : 0.05, accuracy : 98.63%
Before aggregation, accuracy per label : ['0:98.88%', '1:99.74%', '2:98.74%', '3:98.81%', '4:99.08%', '5:98.21%', '6:98.54%', '7:98.35%', '8:98.25%', '9:97.52%']
Aggregation to central server completed at central server round 250, loss : 0.05, accuracy: 98.63%, staleness : 7
Accuracy per label after aggregation : ['0:98.88%', '1:99.74%', '2:98.74%', '3:98.81%', '4:98.98%', '5:98.21%', '6:98.54%', '7:98.35%', '8:98.25%', '9:97.62%']

-----------------------------------------------------

Central server round 206 started
Model sent from central server with 100msec communication time, with loss :0.05, accuracy : 98.63%
Accuracy per label : ['0:98.88%', '1:99.74%', '2:98.74%', '3:98.81%', '4:98.98%', '5:98.21%', '6:98.54%', '7:98.35%', '8:98.25%', '9:97.62%']
The model is from round 196 from central server, staleness is 9

Cluster round 1 completed, aggregated models from all the clients, time past : 1800msec, loss : 0.05, accuracy 98.60%
Accuracy per label : ['0:99.08%', '1:99.65%', '2:99.03%', '3:98.81%', '4:99.29%', '5:98.43%', '6:98.43%', '7:97.76%', '8:98.05%', '9:97.32%']

Cluster round 2 completed, aggregated models from all the clients, time past : 3500msec, loss : 0.05, accuracy 98.60%
Accuracy per label : ['0:99.08%', '1:99.65%', '2:98.84%', '3:98.61%', '4:99.49%', '5:98.54%', '6:98.33%', '7:97.86%', '8:98.25%', '9:97.22%']

Cluster round 3 completed, aggregated models from all the clients, time past : 5200msec, loss : 0.05, accuracy 98.60%
Accuracy per label : ['0:99.08%', '1:99.56%', '2:98.84%', '3:98.61%', '4:99.29%', '5:98.54%', '6:98.43%', '7:97.86%', '8:98.36%', '9:97.32%']

Cluster round 4 completed, aggregated models from all the clients, time past : 6900msec, loss : 0.05, accuracy 98.59%
Accuracy per label : ['0:99.08%', '1:99.56%', '2:98.84%', '3:98.61%', '4:99.29%', '5:98.65%', '6:98.33%', '7:97.76%', '8:98.25%', '9:97.42%']

Cluster round 5 completed, aggregated models from all the clients, time past : 8600msec, loss : 0.05, accuracy 98.60%
Accuracy per label : ['0:99.08%', '1:99.56%', '2:98.84%', '3:98.61%', '4:99.19%', '5:98.77%', '6:98.33%', '7:97.76%', '8:98.25%', '9:97.52%']

Before aggregation, loss : 0.05, accuracy : 98.62%
Before aggregation, accuracy per label : ['0:98.78%', '1:99.74%', '2:98.64%', '3:98.81%', '4:98.98%', '5:98.21%', '6:98.54%', '7:98.35%', '8:98.25%', '9:97.72%']
Aggregation to central server completed at central server round 250, loss : 0.05, accuracy: 98.63%, staleness : 9
Accuracy per label after aggregation : ['0:98.88%', '1:99.74%', '2:98.64%', '3:98.81%', '4:99.08%', '5:98.21%', '6:98.54%', '7:98.35%', '8:98.25%', '9:97.62%']

-----------------------------------------------------

Central server round 215 started
Model sent from central server with 100msec communication time, with loss :0.05, accuracy : 98.63%
Accuracy per label : ['0:98.88%', '1:99.74%', '2:98.64%', '3:98.81%', '4:99.08%', '5:98.21%', '6:98.54%', '7:98.35%', '8:98.25%', '9:97.62%']
The model is from round 206 from central server, staleness is 8

Cluster round 1 completed, aggregated models from all the clients, time past : 1800msec, loss : 0.05, accuracy 98.61%
Accuracy per label : ['0:98.98%', '1:99.65%', '2:99.03%', '3:98.81%', '4:99.29%', '5:98.43%', '6:98.43%', '7:97.76%', '8:98.15%', '9:97.42%']

Cluster round 2 completed, aggregated models from all the clients, time past : 3500msec, loss : 0.05, accuracy 98.63%
Accuracy per label : ['0:99.08%', '1:99.65%', '2:98.93%', '3:98.71%', '4:99.49%', '5:98.54%', '6:98.33%', '7:97.76%', '8:98.36%', '9:97.32%']

Cluster round 3 completed, aggregated models from all the clients, time past : 5200msec, loss : 0.05, accuracy 98.60%
Accuracy per label : ['0:98.98%', '1:99.65%', '2:98.93%', '3:98.61%', '4:99.39%', '5:98.54%', '6:98.43%', '7:97.76%', '8:98.25%', '9:97.32%']

Cluster round 4 completed, aggregated models from all the clients, time past : 6900msec, loss : 0.05, accuracy 98.58%
Accuracy per label : ['0:99.08%', '1:99.56%', '2:98.93%', '3:98.61%', '4:99.29%', '5:98.43%', '6:98.33%', '7:97.76%', '8:98.25%', '9:97.42%']

Cluster round 5 completed, aggregated models from all the clients, time past : 8600msec, loss : 0.05, accuracy 98.59%
Accuracy per label : ['0:99.08%', '1:99.56%', '2:98.84%', '3:98.61%', '4:99.19%', '5:98.54%', '6:98.33%', '7:97.76%', '8:98.36%', '9:97.52%']

Before aggregation, loss : 0.05, accuracy : 98.66%
Before aggregation, accuracy per label : ['0:98.88%', '1:99.74%', '2:98.64%', '3:98.81%', '4:99.08%', '5:98.21%', '6:98.54%', '7:98.35%', '8:98.46%', '9:97.72%']
Aggregation to central server completed at central server round 250, loss : 0.05, accuracy: 98.66%, staleness : 8
Accuracy per label after aggregation : ['0:98.88%', '1:99.74%', '2:98.74%', '3:98.81%', '4:98.98%', '5:98.21%', '6:98.64%', '7:98.35%', '8:98.46%', '9:97.62%']

-----------------------------------------------------

Central server round 224 started
Model sent from central server with 100msec communication time, with loss :0.05, accuracy : 98.66%
Accuracy per label : ['0:98.88%', '1:99.74%', '2:98.74%', '3:98.81%', '4:98.98%', '5:98.21%', '6:98.64%', '7:98.35%', '8:98.46%', '9:97.62%']
The model is from round 215 from central server, staleness is 8

Cluster round 1 completed, aggregated models from all the clients, time past : 1800msec, loss : 0.05, accuracy 98.58%
Accuracy per label : ['0:98.98%', '1:99.65%', '2:98.93%', '3:98.81%', '4:99.19%', '5:98.43%', '6:98.43%', '7:97.67%', '8:98.25%', '9:97.32%']

Cluster round 2 completed, aggregated models from all the clients, time past : 3500msec, loss : 0.05, accuracy 98.61%
Accuracy per label : ['0:98.98%', '1:99.65%', '2:98.93%', '3:98.81%', '4:99.39%', '5:98.43%', '6:98.23%', '7:97.86%', '8:98.36%', '9:97.32%']

Cluster round 3 completed, aggregated models from all the clients, time past : 5200msec, loss : 0.05, accuracy 98.60%
Accuracy per label : ['0:98.88%', '1:99.65%', '2:98.93%', '3:98.61%', '4:99.39%', '5:98.54%', '6:98.33%', '7:97.96%', '8:98.25%', '9:97.32%']

Cluster round 4 completed, aggregated models from all the clients, time past : 6900msec, loss : 0.05, accuracy 98.57%
Accuracy per label : ['0:98.88%', '1:99.56%', '2:98.93%', '3:98.61%', '4:99.29%', '5:98.54%', '6:98.23%', '7:97.86%', '8:98.25%', '9:97.42%']

Cluster round 5 completed, aggregated models from all the clients, time past : 8600msec, loss : 0.05, accuracy 98.56%
Accuracy per label : ['0:98.98%', '1:99.56%', '2:98.84%', '3:98.61%', '4:99.29%', '5:98.54%', '6:98.12%', '7:97.86%', '8:98.25%', '9:97.42%']

Before aggregation, loss : 0.05, accuracy : 98.63%
Before aggregation, accuracy per label : ['0:98.88%', '1:99.74%', '2:98.64%', '3:98.81%', '4:99.08%', '5:98.09%', '6:98.54%', '7:98.44%', '8:98.36%', '9:97.52%']
Aggregation to central server completed at central server round 250, loss : 0.04, accuracy: 98.63%, staleness : 8
Accuracy per label after aggregation : ['0:98.88%', '1:99.74%', '2:98.64%', '3:98.81%', '4:98.98%', '5:98.09%', '6:98.64%', '7:98.44%', '8:98.36%', '9:97.52%']

-----------------------------------------------------

Central server round 232 started
Model sent from central server with 100msec communication time, with loss :0.04, accuracy : 98.63%
Accuracy per label : ['0:98.88%', '1:99.74%', '2:98.64%', '3:98.81%', '4:98.98%', '5:98.09%', '6:98.64%', '7:98.44%', '8:98.36%', '9:97.52%']
The model is from round 224 from central server, staleness is 7

Cluster round 1 completed, aggregated models from all the clients, time past : 1800msec, loss : 0.05, accuracy 98.57%
Accuracy per label : ['0:98.88%', '1:99.65%', '2:98.93%', '3:98.81%', '4:99.29%', '5:98.43%', '6:98.43%', '7:97.76%', '8:98.15%', '9:97.22%']

Cluster round 2 completed, aggregated models from all the clients, time past : 3500msec, loss : 0.05, accuracy 98.62%
Accuracy per label : ['0:98.98%', '1:99.65%', '2:98.93%', '3:98.81%', '4:99.39%', '5:98.54%', '6:98.12%', '7:97.86%', '8:98.36%', '9:97.42%']

Cluster round 3 completed, aggregated models from all the clients, time past : 5200msec, loss : 0.05, accuracy 98.60%
Accuracy per label : ['0:98.88%', '1:99.65%', '2:98.93%', '3:98.61%', '4:99.39%', '5:98.54%', '6:98.23%', '7:97.96%', '8:98.25%', '9:97.42%']

Cluster round 4 completed, aggregated models from all the clients, time past : 6900msec, loss : 0.05, accuracy 98.61%
Accuracy per label : ['0:98.88%', '1:99.65%', '2:98.93%', '3:98.61%', '4:99.39%', '5:98.54%', '6:98.33%', '7:97.96%', '8:98.25%', '9:97.42%']

Cluster round 5 completed, aggregated models from all the clients, time past : 8600msec, loss : 0.05, accuracy 98.60%
Accuracy per label : ['0:98.98%', '1:99.65%', '2:98.84%', '3:98.61%', '4:99.29%', '5:98.54%', '6:98.23%', '7:97.96%', '8:98.25%', '9:97.52%']

Before aggregation, loss : 0.05, accuracy : 98.66%
Before aggregation, accuracy per label : ['0:98.78%', '1:99.74%', '2:98.74%', '3:98.81%', '4:99.08%', '5:98.09%', '6:98.54%', '7:98.44%', '8:98.46%', '9:97.72%']
Aggregation to central server completed at central server round 250, loss : 0.05, accuracy: 98.67%, staleness : 7
Accuracy per label after aggregation : ['0:98.88%', '1:99.74%', '2:98.74%', '3:98.91%', '4:99.08%', '5:98.09%', '6:98.64%', '7:98.44%', '8:98.46%', '9:97.52%']

-----------------------------------------------------

Central server round 242 started
Model sent from central server with 100msec communication time, with loss :0.05, accuracy : 98.67%
Accuracy per label : ['0:98.88%', '1:99.74%', '2:98.74%', '3:98.91%', '4:99.08%', '5:98.09%', '6:98.64%', '7:98.44%', '8:98.46%', '9:97.52%']
The model is from round 232 from central server, staleness is 9

Cluster round 1 completed, aggregated models from all the clients, time past : 1800msec, loss : 0.05, accuracy 98.63%
Accuracy per label : ['0:98.98%', '1:99.65%', '2:98.93%', '3:98.91%', '4:99.29%', '5:98.54%', '6:98.43%', '7:97.86%', '8:98.25%', '9:97.32%']

Cluster round 2 completed, aggregated models from all the clients, time past : 3500msec, loss : 0.05, accuracy 98.65%
Accuracy per label : ['0:98.98%', '1:99.65%', '2:98.93%', '3:98.81%', '4:99.39%', '5:98.54%', '6:98.33%', '7:97.96%', '8:98.36%', '9:97.42%']

Cluster round 3 completed, aggregated models from all the clients, time past : 5200msec, loss : 0.05, accuracy 98.62%
Accuracy per label : ['0:98.88%', '1:99.65%', '2:98.93%', '3:98.71%', '4:99.39%', '5:98.54%', '6:98.23%', '7:98.15%', '8:98.25%', '9:97.32%']

Cluster round 4 completed, aggregated models from all the clients, time past : 6900msec, loss : 0.05, accuracy 98.62%
Accuracy per label : ['0:98.88%', '1:99.65%', '2:98.93%', '3:98.61%', '4:99.39%', '5:98.65%', '6:98.33%', '7:98.05%', '8:98.15%', '9:97.42%']

Cluster round 5 completed, aggregated models from all the clients, time past : 8600msec, loss : 0.05, accuracy 98.60%
Accuracy per label : ['0:98.98%', '1:99.65%', '2:98.84%', '3:98.61%', '4:99.29%', '5:98.54%', '6:98.23%', '7:98.05%', '8:98.15%', '9:97.52%']

Before aggregation, loss : 0.05, accuracy : 98.65%
Before aggregation, accuracy per label : ['0:98.78%', '1:99.65%', '2:98.64%', '3:98.81%', '4:99.08%', '5:98.09%', '6:98.75%', '7:98.44%', '8:98.46%', '9:97.62%']
Aggregation to central server completed at central server round 250, loss : 0.05, accuracy: 98.68%, staleness : 9
Accuracy per label after aggregation : ['0:98.88%', '1:99.65%', '2:98.64%', '3:98.91%', '4:99.08%', '5:98.09%', '6:98.75%', '7:98.44%', '8:98.56%', '9:97.62%']

