Unique id : 0, dataset size : 1119
Communication time : 100, Computation time per batch : 100, Training time : 17700
['0:8.94%', '1:32.71%', '2:0.27%', '3:0.09%', '4:15.46%', '5:0.63%', '6:0.00%', '7:23.50%', '8:11.44%', '9:6.97%']
Divergence : jsd 0.2361, tvd 0.4194
labels from the first batch :[8, 1, 1, 0, 7, 9, 7, 9, 1, 8, 1, 1, 1, 7, 1, 4, 8, 1, 4, 4, 4, 9, 7, 1, 1, 7, 4, 4, 0, 1, 7, 7]

Unique id : 1, dataset size : 429
Communication time : 100, Computation time per batch : 100, Training time : 7200
['0:14.45%', '1:0.23%', '2:34.50%', '3:0.70%', '4:17.48%', '5:0.00%', '6:5.59%', '7:7.69%', '8:0.23%', '9:19.11%']
Divergence : jsd 0.2517, tvd 0.4609
labels from the first batch :[9, 2, 9, 4, 2, 0, 4, 9, 9, 2, 2, 9, 7, 4, 7, 0, 4, 7, 7, 2, 9, 4, 2, 9, 2, 2, 9, 0, 4, 9, 2, 9]

Unique id : 2, dataset size : 542
Communication time : 100, Computation time per batch : 100, Training time : 8700
['0:0.18%', '1:6.09%', '2:6.46%', '3:10.89%', '4:71.03%', '5:1.11%', '6:1.48%', '7:2.58%', '8:0.18%', '9:0.00%']
Divergence : jsd 0.4029, tvd 0.6196
labels from the first batch :[4, 4, 3, 4, 4, 4, 4, 4, 4, 4, 3, 4, 4, 4, 4, 4, 4, 4, 4, 4, 4, 4, 4, 4, 1, 5, 1, 3, 5, 2, 3, 4]

Unique id : 3, dataset size : 440
Communication time : 100, Computation time per batch : 100, Training time : 7200
['0:2.05%', '1:0.00%', '2:1.82%', '3:26.14%', '4:1.59%', '5:18.18%', '6:1.36%', '7:4.77%', '8:5.45%', '9:38.64%']
Divergence : jsd 0.2633, tvd 0.5379
labels from the first batch :[5, 3, 9, 3, 3, 3, 9, 9, 3, 3, 8, 9, 5, 3, 3, 9, 3, 5, 3, 3, 3, 9, 9, 3, 3, 9, 5, 9, 3, 9, 9, 3]

Unique id : 4, dataset size : 308
Communication time : 100, Computation time per batch : 100, Training time : 5200
['0:1.95%', '1:3.90%', '2:1.95%', '3:0.32%', '4:24.03%', '5:3.57%', '6:4.55%', '7:2.60%', '8:37.99%', '9:19.16%']
Divergence : jsd 0.2297, tvd 0.5177
labels from the first batch :[8, 9, 8, 8, 8, 9, 8, 8, 4, 9, 9, 8, 4, 8, 1, 1, 9, 4, 9, 4, 8, 8, 8, 6, 5, 8, 8, 4, 8, 8, 8, 4]

Unique id : 5, dataset size : 632
Communication time : 100, Computation time per batch : 100, Training time : 10200
['0:5.22%', '1:2.69%', '2:11.08%', '3:0.00%', '4:23.10%', '5:13.61%', '6:1.74%', '7:30.06%', '8:6.65%', '9:5.85%']
Divergence : jsd 0.1648, tvd 0.3870
labels from the first batch :[5, 7, 7, 4, 4, 5, 8, 4, 4, 4, 2, 5, 5, 7, 7, 4, 4, 4, 2, 2, 1, 2, 7, 2, 8, 7, 7, 7, 7, 7, 7, 7]

Unique id : 6, dataset size : 1135
Communication time : 100, Computation time per batch : 100, Training time : 18200
['0:5.99%', '1:4.76%', '2:0.09%', '3:15.95%', '4:19.56%', '5:18.50%', '6:5.55%', '7:6.26%', '8:21.23%', '9:2.11%']
Divergence : jsd 0.1321, tvd 0.3650
labels from the first batch :[8, 1, 7, 3, 0, 5, 5, 8, 3, 8, 5, 4, 0, 8, 7, 8, 8, 7, 1, 4, 6, 5, 5, 0, 8, 4, 3, 1, 8, 0, 8, 4]

Unique id : 7, dataset size : 553
Communication time : 100, Computation time per batch : 100, Training time : 9200
['0:4.88%', '1:3.80%', '2:11.93%', '3:3.98%', '4:22.97%', '5:18.26%', '6:1.63%', '7:19.71%', '8:6.69%', '9:6.15%']
Divergence : jsd 0.1017, tvd 0.3373
labels from the first batch :[4, 4, 4, 3, 4, 2, 0, 3, 4, 7, 4, 4, 8, 4, 1, 3, 4, 2, 7, 5, 4, 8, 3, 2, 5, 3, 2, 2, 7, 0, 7, 4]

Unique id : 8, dataset size : 385
Communication time : 100, Computation time per batch : 100, Training time : 6700
['0:4.68%', '1:26.23%', '2:4.16%', '3:2.34%', '4:8.31%', '5:27.01%', '6:0.26%', '7:17.40%', '8:9.35%', '9:0.26%']
Divergence : jsd 0.1818, tvd 0.3994
labels from the first batch :[8, 1, 7, 5, 5, 1, 1, 5, 5, 7, 4, 1, 5, 8, 4, 8, 7, 5, 7, 7, 2, 1, 7, 1, 1, 5, 5, 1, 7, 5, 8, 1]

Unique id : 9, dataset size : 333
Communication time : 100, Computation time per batch : 100, Training time : 5700
['0:12.31%', '1:0.30%', '2:10.81%', '3:2.10%', '4:30.93%', '5:1.20%', '6:2.70%', '7:33.33%', '8:0.30%', '9:6.01%']
Divergence : jsd 0.2412, tvd 0.4741
labels from the first batch :[7, 7, 4, 7, 2, 9, 5, 0, 7, 4, 4, 7, 7, 7, 3, 4, 4, 4, 9, 7, 7, 6, 7, 6, 4, 7, 4, 4, 7, 0, 0, 2]

Unique id : 10, dataset size : 304
Communication time : 100, Computation time per batch : 100, Training time : 5200
['0:1.97%', '1:5.59%', '2:21.05%', '3:7.57%', '4:7.57%', '5:0.99%', '6:2.96%', '7:42.11%', '8:7.57%', '9:2.63%']
Divergence : jsd 0.1768, tvd 0.4279
labels from the first batch :[1, 7, 2, 7, 7, 2, 1, 2, 7, 2, 7, 2, 6, 4, 1, 2, 1, 2, 7, 7, 7, 7, 2, 3, 2, 4, 2, 8, 2, 2, 3, 7]

Unique id : 11, dataset size : 482
Communication time : 100, Computation time per batch : 100, Training time : 8200
['0:25.31%', '1:1.24%', '2:13.49%', '3:0.41%', '4:27.59%', '5:7.26%', '6:8.30%', '7:0.41%', '8:4.36%', '9:11.62%']
Divergence : jsd 0.1839, tvd 0.3855
labels from the first batch :[4, 4, 4, 5, 0, 4, 6, 2, 6, 4, 0, 9, 5, 2, 4, 2, 0, 4, 5, 2, 9, 8, 7, 2, 5, 0, 2, 0, 0, 1, 2, 6]

Unique id : 12, dataset size : 1004
Communication time : 100, Computation time per batch : 100, Training time : 16200
['0:35.06%', '1:21.71%', '2:0.80%', '3:4.18%', '4:9.06%', '5:1.79%', '6:0.70%', '7:0.10%', '8:15.34%', '9:11.25%']
Divergence : jsd 0.2157, tvd 0.4259
labels from the first batch :[9, 0, 0, 1, 0, 1, 8, 0, 1, 8, 8, 9, 0, 1, 9, 3, 0, 8, 0, 0, 1, 3, 9, 0, 1, 0, 8, 1, 0, 3, 1, 0]

Unique id : 13, dataset size : 535
Communication time : 100, Computation time per batch : 100, Training time : 8700
['0:0.00%', '1:0.00%', '2:34.21%', '3:23.93%', '4:0.00%', '5:7.48%', '6:0.37%', '7:25.42%', '8:8.60%', '9:0.00%']
Divergence : jsd 0.3388, tvd 0.5296
labels from the first batch :[7, 8, 2, 2, 2, 3, 8, 3, 3, 3, 2, 7, 3, 7, 8, 3, 7, 3, 8, 3, 7, 3, 2, 3, 2, 3, 7, 8, 3, 3, 7, 3]

Unique id : 14, dataset size : 630
Communication time : 100, Computation time per batch : 100, Training time : 10200
['0:8.41%', '1:23.49%', '2:4.13%', '3:6.98%', '4:4.13%', '5:3.49%', '6:17.78%', '7:17.46%', '8:8.41%', '9:5.71%']
Divergence : jsd 0.0643, tvd 0.2719
labels from the first batch :[7, 4, 6, 1, 3, 1, 8, 0, 1, 7, 6, 1, 6, 1, 1, 6, 6, 6, 9, 1, 8, 8, 6, 6, 6, 6, 3, 3, 1, 7, 1, 7]

Unique id : 15, dataset size : 538
Communication time : 100, Computation time per batch : 100, Training time : 8700
['0:15.43%', '1:12.64%', '2:0.00%', '3:1.30%', '4:35.87%', '5:11.15%', '6:3.72%', '7:11.71%', '8:7.25%', '9:0.93%']
Divergence : jsd 0.1843, tvd 0.3648
labels from the first batch :[1, 7, 0, 5, 4, 5, 1, 1, 4, 4, 4, 4, 4, 4, 4, 5, 5, 4, 6, 6, 8, 4, 7, 8, 7, 5, 5, 4, 7, 8, 4, 0]

Unique id : 16, dataset size : 817
Communication time : 100, Computation time per batch : 100, Training time : 13200
['0:4.04%', '1:34.03%', '2:15.18%', '3:5.88%', '4:8.94%', '5:7.96%', '6:0.49%', '7:7.47%', '8:15.30%', '9:0.73%']
Divergence : jsd 0.1388, tvd 0.3359
labels from the first batch :[1, 1, 4, 1, 8, 7, 1, 8, 0, 1, 1, 8, 5, 3, 1, 3, 2, 1, 2, 4, 0, 6, 8, 1, 8, 7, 8, 4, 2, 8, 2, 3]

Unique id : 17, dataset size : 259
Communication time : 100, Computation time per batch : 100, Training time : 4700
['0:0.00%', '1:11.20%', '2:3.86%', '3:5.79%', '4:8.11%', '5:7.34%', '6:10.04%', '7:37.84%', '8:15.83%', '9:0.00%']
Divergence : jsd 0.1794, tvd 0.3365
labels from the first batch :[2, 1, 7, 7, 8, 8, 8, 1, 7, 8, 6, 7, 5, 2, 5, 3, 4, 6, 7, 7, 7, 7, 8, 5, 3, 6, 7, 7, 1, 7, 1, 7]

Unique id : 18, dataset size : 878
Communication time : 100, Computation time per batch : 100, Training time : 14200
['0:3.08%', '1:21.53%', '2:25.06%', '3:2.96%', '4:1.94%', '5:8.31%', '6:9.68%', '7:19.25%', '8:2.05%', '9:6.15%']
Divergence : jsd 0.1181, tvd 0.3422
labels from the first batch :[9, 7, 7, 5, 1, 9, 9, 2, 1, 9, 2, 2, 7, 1, 7, 0, 1, 0, 2, 0, 2, 5, 7, 1, 2, 2, 2, 7, 7, 1, 7, 2]

Unique id : 19, dataset size : 412
Communication time : 100, Computation time per batch : 100, Training time : 6700
['0:0.24%', '1:10.68%', '2:3.40%', '3:0.24%', '4:45.39%', '5:5.10%', '6:24.51%', '7:1.94%', '8:0.00%', '9:8.50%']
Divergence : jsd 0.2882, tvd 0.5030
labels from the first batch :[5, 4, 4, 4, 6, 4, 4, 5, 4, 9, 4, 4, 6, 4, 9, 6, 6, 4, 4, 5, 4, 4, 4, 4, 4, 4, 6, 6, 1, 6, 4, 4]

Unique id : 20, dataset size : 609
Communication time : 100, Computation time per batch : 100, Training time : 10200
['0:0.16%', '1:10.18%', '2:0.99%', '3:0.00%', '4:34.15%', '5:0.00%', '6:2.30%', '7:3.78%', '8:39.90%', '9:8.54%']
Divergence : jsd 0.3244, tvd 0.5457
labels from the first batch :[9, 4, 8, 4, 4, 4, 4, 4, 7, 7, 8, 8, 4, 4, 4, 9, 4, 6, 4, 8, 4, 4, 9, 8, 4, 4, 8, 4, 8, 8, 8, 4]

Unique id : 21, dataset size : 634
Communication time : 100, Computation time per batch : 100, Training time : 10200
['0:3.31%', '1:1.10%', '2:0.79%', '3:20.03%', '4:2.21%', '5:2.21%', '6:1.26%', '7:61.20%', '8:7.89%', '9:0.00%']
Divergence : jsd 0.3478, tvd 0.6057
labels from the first batch :[7, 7, 3, 7, 7, 7, 7, 7, 7, 3, 7, 7, 7, 7, 7, 3, 7, 3, 7, 3, 7, 7, 3, 7, 7, 7, 7, 3, 7, 7, 3, 7]

Unique id : 22, dataset size : 573
Communication time : 100, Computation time per batch : 100, Training time : 9200
['0:0.35%', '1:3.84%', '2:0.00%', '3:1.40%', '4:4.01%', '5:4.71%', '6:7.50%', '7:2.97%', '8:29.14%', '9:46.07%']
Divergence : jsd 0.2895, tvd 0.5555
labels from the first batch :[6, 1, 9, 9, 4, 9, 8, 9, 9, 9, 9, 8, 9, 4, 6, 9, 8, 9, 5, 8, 8, 6, 6, 9, 8, 8, 8, 9, 8, 9, 9, 9]

Unique id : 23, dataset size : 714
Communication time : 100, Computation time per batch : 100, Training time : 11700
['0:8.40%', '1:15.83%', '2:0.98%', '3:0.28%', '4:5.32%', '5:0.28%', '6:4.48%', '7:2.24%', '8:1.54%', '9:60.64%']
Divergence : jsd 0.3179, tvd 0.5532
labels from the first batch :[1, 9, 9, 1, 9, 9, 9, 9, 0, 9, 9, 9, 9, 1, 1, 9, 9, 0, 9, 0, 9, 9, 9, 9, 6, 9, 8, 1, 9, 9, 0, 9]

Unique id : 24, dataset size : 889
Communication time : 100, Computation time per batch : 100, Training time : 14200
['0:0.22%', '1:11.14%', '2:58.61%', '3:7.31%', '4:0.22%', '5:1.35%', '6:0.90%', '7:7.76%', '8:0.56%', '9:11.92%']
Divergence : jsd 0.3170, tvd 0.5068
labels from the first batch :[2, 2, 1, 2, 2, 2, 7, 2, 2, 2, 7, 2, 2, 1, 2, 2, 2, 1, 2, 1, 2, 1, 7, 2, 2, 2, 1, 9, 2, 7, 1, 2]

Unique id : 25, dataset size : 386
Communication time : 100, Computation time per batch : 100, Training time : 6700
['0:0.26%', '1:1.30%', '2:14.51%', '3:1.30%', '4:2.33%', '5:15.03%', '6:36.27%', '7:2.33%', '8:26.42%', '9:0.26%']
Divergence : jsd 0.2781, tvd 0.5365
labels from the first batch :[6, 6, 2, 2, 6, 2, 2, 6, 8, 3, 6, 2, 5, 1, 4, 2, 8, 6, 2, 2, 4, 8, 5, 8, 5, 6, 8, 6, 6, 5, 6, 5]

Unique id : 26, dataset size : 351
Communication time : 100, Computation time per batch : 100, Training time : 5700
['0:2.85%', '1:3.99%', '2:0.57%', '3:2.28%', '4:18.23%', '5:34.19%', '6:14.53%', '7:0.28%', '8:13.68%', '9:9.40%']
Divergence : jsd 0.1995, tvd 0.4224
labels from the first batch :[5, 6, 3, 6, 5, 4, 5, 4, 8, 4, 6, 8, 0, 4, 9, 5, 5, 3, 9, 8, 4, 5, 1, 5, 8, 9, 5, 4, 4, 5, 6, 5]

Unique id : 27, dataset size : 608
Communication time : 100, Computation time per batch : 100, Training time : 9700
['0:6.91%', '1:26.97%', '2:0.33%', '3:11.35%', '4:23.68%', '5:20.39%', '6:2.96%', '7:0.33%', '8:6.74%', '9:0.33%']
Divergence : jsd 0.2050, tvd 0.4217
labels from the first batch :[5, 5, 1, 8, 4, 3, 6, 5, 1, 1, 3, 1, 3, 1, 1, 8, 4, 5, 1, 5, 1, 5, 1, 0, 4, 4, 1, 3, 5, 1, 0, 0]

Unique id : 28, dataset size : 667
Communication time : 100, Computation time per batch : 100, Training time : 10700
['0:23.24%', '1:3.00%', '2:0.75%', '3:0.00%', '4:0.30%', '5:0.00%', '6:55.92%', '7:8.55%', '8:2.70%', '9:5.55%']
Divergence : jsd 0.3578, tvd 0.5943
labels from the first batch :[6, 2, 6, 0, 9, 7, 6, 6, 0, 0, 6, 6, 6, 0, 6, 6, 6, 6, 6, 9, 7, 6, 6, 6, 9, 9, 6, 6, 0, 0, 6, 7]

Unique id : 29, dataset size : 652
Communication time : 100, Computation time per batch : 100, Training time : 10700
['0:2.91%', '1:17.02%', '2:1.23%', '3:53.37%', '4:2.30%', '5:3.83%', '6:2.15%', '7:4.14%', '8:0.15%', '9:12.88%']
Divergence : jsd 0.2628, tvd 0.5191
labels from the first batch :[3, 3, 8, 3, 4, 9, 3, 3, 7, 4, 3, 3, 7, 3, 1, 2, 3, 1, 3, 3, 3, 1, 9, 1, 3, 3, 3, 5, 3, 1, 3, 1]

Unique id : 30, dataset size : 546
Communication time : 100, Computation time per batch : 100, Training time : 9200
['0:5.49%', '1:72.34%', '2:0.37%', '3:0.37%', '4:0.55%', '5:0.18%', '6:10.07%', '7:8.61%', '8:0.92%', '9:1.10%']
Divergence : jsd 0.4023, tvd 0.6132
labels from the first batch :[1, 1, 1, 7, 0, 1, 1, 1, 6, 0, 6, 0, 6, 7, 7, 1, 1, 1, 1, 1, 1, 1, 1, 1, 6, 0, 1, 1, 1, 1, 7, 1]

Unique id : 31, dataset size : 487
Communication time : 100, Computation time per batch : 100, Training time : 8200
['0:3.70%', '1:1.23%', '2:5.13%', '3:16.22%', '4:6.78%', '5:12.32%', '6:1.44%', '7:4.11%', '8:42.09%', '9:6.98%']
Divergence : jsd 0.1742, tvd 0.4163
labels from the first batch :[5, 8, 5, 8, 3, 8, 5, 8, 5, 5, 5, 2, 9, 8, 5, 8, 4, 5, 8, 3, 8, 0, 8, 5, 8, 4, 8, 5, 5, 8, 3, 0]

Unique id : 32, dataset size : 649
Communication time : 100, Computation time per batch : 100, Training time : 10700
['0:0.00%', '1:0.15%', '2:0.00%', '3:0.46%', '4:0.46%', '5:35.59%', '6:0.00%', '7:36.36%', '8:12.94%', '9:14.02%']
Divergence : jsd 0.3964, tvd 0.5978
labels from the first batch :[5, 7, 9, 5, 5, 4, 5, 7, 7, 7, 5, 9, 5, 7, 5, 8, 8, 5, 5, 5, 7, 8, 9, 8, 7, 5, 5, 5, 5, 7, 7, 5]

Unique id : 33, dataset size : 397
Communication time : 100, Computation time per batch : 100, Training time : 6700
['0:4.53%', '1:46.85%', '2:3.02%', '3:3.53%', '4:13.35%', '5:5.29%', '6:16.88%', '7:2.77%', '8:2.52%', '9:1.26%']
Divergence : jsd 0.1916, tvd 0.4624
labels from the first batch :[6, 8, 7, 4, 1, 1, 1, 1, 4, 1, 3, 6, 1, 1, 2, 1, 1, 4, 7, 1, 0, 6, 1, 4, 6, 3, 0, 4, 6, 6, 1, 6]

Unique id : 34, dataset size : 538
Communication time : 100, Computation time per batch : 100, Training time : 8700
['0:0.19%', '1:24.54%', '2:2.04%', '3:26.77%', '4:1.30%', '5:14.13%', '6:12.45%', '7:14.87%', '8:0.93%', '9:2.79%']
Divergence : jsd 0.1901, tvd 0.4196
labels from the first batch :[5, 3, 6, 1, 1, 7, 5, 3, 3, 1, 6, 7, 1, 3, 6, 6, 1, 3, 3, 1, 5, 6, 3, 1, 7, 3, 3, 3, 7, 6, 1, 1]

Unique id : 35, dataset size : 572
Communication time : 100, Computation time per batch : 100, Training time : 9200
['0:3.32%', '1:1.22%', '2:6.99%', '3:3.50%', '4:13.81%', '5:7.17%', '6:14.51%', '7:46.68%', '8:0.35%', '9:2.45%']
Divergence : jsd 0.2131, tvd 0.4496
labels from the first batch :[7, 2, 7, 5, 7, 7, 7, 4, 1, 6, 6, 6, 7, 6, 2, 2, 7, 7, 1, 6, 7, 6, 4, 4, 7, 7, 7, 6, 7, 7, 7, 4]

Unique id : 36, dataset size : 674
Communication time : 100, Computation time per batch : 100, Training time : 11200
['0:4.45%', '1:5.19%', '2:1.63%', '3:5.04%', '4:10.83%', '5:1.48%', '6:66.17%', '7:1.63%', '8:1.63%', '9:1.93%']
Divergence : jsd 0.3069, tvd 0.5740
labels from the first batch :[6, 9, 6, 6, 6, 4, 4, 4, 0, 6, 6, 4, 6, 6, 1, 6, 6, 0, 3, 2, 6, 6, 6, 4, 3, 6, 1, 6, 6, 6, 6, 6]

Unique id : 37, dataset size : 374
Communication time : 100, Computation time per batch : 100, Training time : 6200
['0:4.28%', '1:8.56%', '2:2.94%', '3:43.32%', '4:6.68%', '5:0.27%', '6:0.27%', '7:10.43%', '8:5.88%', '9:17.38%']
Divergence : jsd 0.1959, tvd 0.4056
labels from the first batch :[1, 1, 3, 3, 1, 8, 1, 9, 4, 3, 8, 7, 7, 9, 3, 3, 3, 3, 8, 3, 2, 9, 3, 7, 0, 3, 3, 1, 3, 3, 3, 3]

Unique id : 38, dataset size : 531
Communication time : 100, Computation time per batch : 100, Training time : 8700
['0:22.60%', '1:0.94%', '2:33.52%', '3:4.90%', '4:0.56%', '5:8.10%', '6:2.64%', '7:15.25%', '8:9.79%', '9:1.69%']
Divergence : jsd 0.1896, tvd 0.4117
labels from the first batch :[2, 2, 2, 0, 2, 8, 1, 3, 8, 0, 0, 1, 0, 0, 0, 1, 2, 2, 7, 8, 7, 5, 1, 2, 7, 2, 2, 2, 8, 8, 2, 0]

Unique id : 39, dataset size : 670
Communication time : 100, Computation time per batch : 100, Training time : 10700
['0:5.82%', '1:0.00%', '2:7.01%', '3:25.97%', '4:4.33%', '5:13.28%', '6:8.51%', '7:3.13%', '8:25.97%', '9:5.97%']
Divergence : jsd 0.1445, tvd 0.3622
labels from the first batch :[0, 3, 6, 2, 6, 8, 3, 8, 0, 3, 4, 3, 0, 8, 3, 2, 5, 9, 8, 8, 9, 8, 8, 8, 8, 8, 2, 8, 5, 3, 3, 8]

Unique id : 40, dataset size : 885
Communication time : 100, Computation time per batch : 100, Training time : 14200
['0:22.15%', '1:1.02%', '2:4.29%', '3:0.34%', '4:1.81%', '5:14.24%', '6:29.49%', '7:0.68%', '8:25.88%', '9:0.11%']
Divergence : jsd 0.2766, tvd 0.5323
labels from the first batch :[8, 8, 0, 0, 0, 5, 6, 6, 8, 8, 8, 8, 0, 6, 5, 0, 5, 6, 8, 8, 6, 8, 8, 8, 6, 8, 6, 5, 6, 6, 0, 8]

Unique id : 41, dataset size : 359
Communication time : 100, Computation time per batch : 100, Training time : 6200
['0:0.56%', '1:0.00%', '2:31.75%', '3:14.21%', '4:0.84%', '5:13.65%', '6:4.74%', '7:0.28%', '8:0.00%', '9:33.98%']
Divergence : jsd 0.3235, tvd 0.5449
labels from the first batch :[3, 3, 3, 2, 3, 2, 2, 6, 9, 2, 9, 2, 9, 4, 2, 5, 9, 9, 5, 9, 9, 2, 3, 9, 3, 3, 9, 2, 6, 9, 4, 2]

Unique id : 42, dataset size : 416
Communication time : 100, Computation time per batch : 100, Training time : 6700
['0:0.24%', '1:9.86%', '2:0.96%', '3:2.88%', '4:8.89%', '5:15.14%', '6:0.00%', '7:20.19%', '8:2.64%', '9:39.18%']
Divergence : jsd 0.2388, tvd 0.4513
labels from the first batch :[9, 9, 9, 9, 1, 9, 9, 9, 7, 7, 9, 7, 4, 5, 9, 5, 7, 1, 4, 5, 9, 5, 4, 3, 5, 5, 9, 5, 7, 7, 9, 5]

Unique id : 43, dataset size : 1158
Communication time : 100, Computation time per batch : 100, Training time : 18700
['0:24.70%', '1:1.73%', '2:19.17%', '3:7.51%', '4:17.27%', '5:23.92%', '6:0.17%', '7:0.00%', '8:0.26%', '9:5.27%']
Divergence : jsd 0.2396, tvd 0.4649
labels from the first batch :[2, 0, 0, 3, 2, 0, 3, 3, 4, 9, 0, 4, 0, 4, 4, 0, 0, 5, 2, 5, 4, 0, 0, 2, 0, 5, 9, 4, 4, 4, 4, 0]

Unique id : 44, dataset size : 375
Communication time : 100, Computation time per batch : 100, Training time : 6200
['0:2.40%', '1:0.00%', '2:8.80%', '3:55.73%', '4:29.33%', '5:1.87%', '6:0.80%', '7:0.00%', '8:0.80%', '9:0.27%']
Divergence : jsd 0.4136, tvd 0.6511
labels from the first batch :[3, 4, 3, 3, 3, 3, 3, 3, 3, 4, 3, 3, 5, 3, 3, 4, 4, 3, 3, 2, 4, 3, 3, 3, 3, 4, 4, 4, 3, 4, 4, 0]

Unique id : 45, dataset size : 287
Communication time : 100, Computation time per batch : 100, Training time : 4700
['0:12.54%', '1:25.44%', '2:1.39%', '3:0.35%', '4:0.00%', '5:1.39%', '6:1.74%', '7:4.88%', '8:0.00%', '9:52.26%']
Divergence : jsd 0.3536, tvd 0.5922
labels from the first batch :[1, 9, 0, 9, 1, 1, 7, 7, 9, 9, 9, 7, 7, 1, 7, 9, 9, 9, 0, 9, 1, 1, 0, 1, 9, 1, 9, 1, 9, 9, 9, 1]

Unique id : 46, dataset size : 519
Communication time : 100, Computation time per batch : 100, Training time : 8700
['0:0.96%', '1:23.12%', '2:4.05%', '3:54.14%', '4:3.28%', '5:4.24%', '6:0.96%', '7:2.50%', '8:4.24%', '9:2.50%']
Divergence : jsd 0.2669, tvd 0.5581
labels from the first batch :[1, 3, 3, 3, 1, 9, 3, 3, 9, 1, 1, 3, 1, 3, 1, 3, 8, 3, 1, 3, 8, 7, 3, 1, 3, 8, 8, 3, 3, 3, 3, 2]

Unique id : 47, dataset size : 943
Communication time : 100, Computation time per batch : 100, Training time : 15200
['0:4.98%', '1:8.38%', '2:5.20%', '3:10.18%', '4:25.34%', '5:10.18%', '6:26.41%', '7:0.21%', '8:7.21%', '9:1.91%']
Divergence : jsd 0.1358, tvd 0.3330
labels from the first batch :[6, 0, 2, 5, 8, 4, 4, 4, 5, 4, 4, 8, 5, 5, 4, 5, 4, 4, 6, 3, 4, 3, 9, 0, 5, 5, 1, 4, 2, 1, 4, 8]

Unique id : 48, dataset size : 936
Communication time : 100, Computation time per batch : 100, Training time : 15200
['0:0.64%', '1:4.81%', '2:5.34%', '3:29.38%', '4:2.03%', '5:12.50%', '6:33.55%', '7:7.59%', '8:0.96%', '9:3.21%']
Divergence : jsd 0.2006, tvd 0.4631
labels from the first batch :[6, 6, 6, 3, 7, 3, 6, 2, 6, 5, 6, 3, 3, 9, 1, 6, 6, 6, 2, 3, 3, 2, 6, 3, 6, 3, 3, 3, 2, 3, 3, 2]

Unique id : 49, dataset size : 919
Communication time : 100, Computation time per batch : 100, Training time : 14700
['0:10.34%', '1:0.33%', '2:35.26%', '3:11.43%', '4:0.22%', '5:7.94%', '6:0.11%', '7:9.47%', '8:5.11%', '9:19.80%']
Divergence : jsd 0.2072, tvd 0.3689
labels from the first batch :[9, 0, 9, 7, 9, 9, 9, 2, 2, 9, 2, 0, 5, 2, 7, 2, 5, 9, 0, 8, 2, 2, 2, 2, 2, 2, 2, 7, 5, 9, 9, 2]

Unique id : 50, dataset size : 410
Communication time : 100, Computation time per batch : 100, Training time : 6700
['0:4.15%', '1:3.66%', '2:2.44%', '3:0.49%', '4:3.41%', '5:8.78%', '6:13.41%', '7:48.54%', '8:4.15%', '9:10.98%']
Divergence : jsd 0.1983, tvd 0.4271
labels from the first batch :[7, 7, 6, 5, 7, 6, 7, 0, 9, 4, 6, 7, 4, 9, 7, 7, 7, 5, 7, 7, 1, 8, 5, 7, 7, 9, 2, 5, 7, 7, 2, 5]

Unique id : 51, dataset size : 302
Communication time : 100, Computation time per batch : 100, Training time : 5200
['0:0.99%', '1:6.29%', '2:0.33%', '3:9.93%', '4:15.23%', '5:0.66%', '6:1.32%', '7:0.33%', '8:25.83%', '9:39.07%']
Divergence : jsd 0.2756, tvd 0.5073
labels from the first batch :[1, 9, 9, 9, 8, 9, 9, 8, 9, 8, 9, 1, 8, 1, 3, 9, 8, 9, 4, 9, 4, 8, 8, 4, 8, 4, 8, 9, 8, 9, 8, 8]

Unique id : 52, dataset size : 217
Communication time : 100, Computation time per batch : 100, Training time : 3700
['0:4.15%', '1:6.91%', '2:0.00%', '3:28.57%', '4:4.15%', '5:1.84%', '6:2.30%', '7:5.99%', '8:35.48%', '9:10.60%']
Divergence : jsd 0.2005, tvd 0.4477
labels from the first batch :[9, 8, 8, 9, 6, 8, 8, 3, 7, 8, 3, 5, 8, 7, 5, 0, 3, 8, 8, 8, 9, 8, 0, 9, 8, 8, 8, 9, 3, 3, 8, 3]

Unique id : 53, dataset size : 1078
Communication time : 100, Computation time per batch : 100, Training time : 17200
['0:0.65%', '1:13.64%', '2:7.05%', '3:24.03%', '4:3.15%', '5:6.96%', '6:0.09%', '7:3.80%', '8:0.19%', '9:40.45%']
Divergence : jsd 0.2442, tvd 0.4674
labels from the first batch :[3, 1, 4, 3, 9, 2, 7, 2, 1, 3, 2, 9, 3, 3, 1, 4, 3, 3, 1, 0, 3, 5, 3, 9, 5, 3, 9, 1, 2, 3, 9, 9]

Unique id : 54, dataset size : 400
Communication time : 100, Computation time per batch : 100, Training time : 6700
['0:10.75%', '1:2.50%', '2:35.75%', '3:1.50%', '4:1.25%', '5:19.25%', '6:3.25%', '7:6.00%', '8:2.25%', '9:17.50%']
Divergence : jsd 0.1873, tvd 0.4450
labels from the first batch :[7, 5, 7, 2, 0, 5, 2, 5, 5, 9, 2, 8, 2, 9, 2, 9, 6, 5, 5, 5, 2, 2, 2, 9, 9, 2, 3, 9, 0, 7, 0, 2]

Unique id : 55, dataset size : 456
Communication time : 100, Computation time per batch : 100, Training time : 7700
['0:0.44%', '1:1.97%', '2:0.22%', '3:8.33%', '4:29.39%', '5:1.97%', '6:29.82%', '7:7.68%', '8:20.18%', '9:0.00%']
Divergence : jsd 0.2655, tvd 0.5003
labels from the first batch :[6, 4, 8, 8, 4, 7, 8, 8, 4, 8, 4, 6, 3, 3, 8, 6, 4, 3, 6, 4, 5, 4, 8, 8, 6, 8, 6, 2, 8, 4, 8, 8]

Unique id : 56, dataset size : 287
Communication time : 100, Computation time per batch : 100, Training time : 4700
['0:24.39%', '1:26.48%', '2:2.09%', '3:0.00%', '4:0.00%', '5:29.97%', '6:5.57%', '7:3.14%', '8:8.01%', '9:0.35%']
Divergence : jsd 0.2686, tvd 0.5069
labels from the first batch :[8, 1, 5, 1, 8, 1, 0, 7, 5, 8, 5, 5, 5, 7, 5, 5, 8, 2, 1, 0, 1, 1, 0, 1, 0, 5, 1, 2, 1, 5, 5, 5]

Unique id : 57, dataset size : 370
Communication time : 100, Computation time per batch : 100, Training time : 6200
['0:3.78%', '1:5.68%', '2:11.08%', '3:21.62%', '4:7.30%', '5:0.54%', '6:10.00%', '7:7.84%', '8:30.27%', '9:1.89%']
Divergence : jsd 0.1290, tvd 0.3321
labels from the first batch :[6, 3, 3, 1, 3, 7, 6, 4, 3, 8, 8, 8, 8, 7, 4, 2, 8, 3, 5, 1, 8, 0, 8, 8, 2, 8, 2, 3, 2, 8, 8, 6]

Unique id : 58, dataset size : 570
Communication time : 100, Computation time per batch : 100, Training time : 9200
['0:0.53%', '1:17.37%', '2:0.53%', '3:38.60%', '4:11.93%', '5:0.35%', '6:2.81%', '7:0.00%', '8:27.37%', '9:0.53%']
Divergence : jsd 0.3151, tvd 0.5432
labels from the first batch :[3, 4, 8, 3, 5, 1, 3, 3, 8, 0, 1, 8, 3, 4, 1, 1, 3, 3, 3, 3, 8, 8, 4, 3, 8, 1, 4, 8, 4, 3, 8, 8]

Unique id : 59, dataset size : 717
Communication time : 100, Computation time per batch : 100, Training time : 11700
['0:20.08%', '1:13.25%', '2:15.06%', '3:0.14%', '4:0.28%', '5:17.57%', '6:6.69%', '7:24.97%', '8:0.56%', '9:1.39%']
Divergence : jsd 0.2010, tvd 0.4042
labels from the first batch :[0, 5, 7, 7, 0, 6, 7, 7, 2, 1, 5, 7, 6, 6, 5, 5, 2, 0, 6, 7, 6, 1, 5, 0, 7, 5, 5, 7, 5, 5, 0, 7]

Unique id : 60, dataset size : 691
Communication time : 100, Computation time per batch : 100, Training time : 11200
['0:39.65%', '1:2.89%', '2:20.84%', '3:0.14%', '4:26.92%', '5:1.16%', '6:0.14%', '7:3.33%', '8:0.14%', '9:4.78%']
Divergence : jsd 0.3131, tvd 0.5787
labels from the first batch :[2, 9, 4, 0, 4, 0, 4, 4, 9, 2, 0, 2, 0, 0, 0, 2, 7, 2, 0, 0, 2, 0, 2, 0, 4, 0, 4, 2, 0, 4, 9, 6]

Unique id : 61, dataset size : 461
Communication time : 100, Computation time per batch : 100, Training time : 7700
['0:0.87%', '1:54.23%', '2:0.00%', '3:2.82%', '4:0.22%', '5:21.91%', '6:0.00%', '7:1.52%', '8:1.95%', '9:16.49%']
Divergence : jsd 0.3734, tvd 0.6244
labels from the first batch :[9, 5, 1, 1, 1, 1, 1, 1, 1, 9, 1, 5, 3, 1, 1, 5, 5, 1, 5, 1, 1, 5, 1, 1, 1, 1, 1, 1, 5, 1, 8, 9]

Unique id : 62, dataset size : 546
Communication time : 100, Computation time per batch : 100, Training time : 9200
['0:0.00%', '1:0.55%', '2:73.44%', '3:0.37%', '4:10.07%', '5:7.14%', '6:1.10%', '7:4.95%', '8:0.73%', '9:1.65%']
Divergence : jsd 0.4250, tvd 0.6385
labels from the first batch :[5, 8, 2, 2, 2, 5, 2, 2, 2, 2, 2, 2, 2, 2, 6, 5, 2, 7, 7, 4, 5, 2, 5, 2, 2, 2, 2, 2, 4, 2, 2, 2]

Unique id : 63, dataset size : 378
Communication time : 100, Computation time per batch : 100, Training time : 6200
['0:0.00%', '1:26.72%', '2:0.26%', '3:38.89%', '4:1.85%', '5:27.51%', '6:0.00%', '7:0.79%', '8:0.00%', '9:3.97%']
Divergence : jsd 0.3789, tvd 0.6263
labels from the first batch :[1, 3, 5, 1, 5, 5, 5, 3, 1, 5, 9, 4, 3, 3, 3, 3, 3, 3, 5, 3, 9, 3, 3, 3, 1, 4, 5, 1, 1, 9, 3, 3]

Unique id : 64, dataset size : 679
Communication time : 100, Computation time per batch : 100, Training time : 11200
['0:4.86%', '1:0.15%', '2:1.47%', '3:49.34%', '4:0.74%', '5:1.47%', '6:1.33%', '7:39.76%', '8:0.15%', '9:0.74%']
Divergence : jsd 0.4091, tvd 0.6844
labels from the first batch :[7, 3, 0, 7, 7, 7, 3, 7, 7, 3, 7, 7, 7, 3, 0, 7, 7, 3, 7, 3, 3, 3, 3, 2, 3, 7, 7, 3, 3, 3, 7, 3]

Unique id : 65, dataset size : 198
Communication time : 100, Computation time per batch : 100, Training time : 3700
['0:8.08%', '1:6.06%', '2:8.59%', '3:0.00%', '4:11.11%', '5:0.51%', '6:31.82%', '7:1.01%', '8:21.21%', '9:11.62%']
Divergence : jsd 0.1842, tvd 0.3649
labels from the first batch :[1, 8, 8, 6, 6, 7, 4, 9, 8, 6, 4, 8, 9, 8, 8, 6, 6, 0, 8, 0, 6, 0, 6, 6, 2, 8, 6, 8, 6, 4, 2, 0]

Unique id : 66, dataset size : 1059
Communication time : 100, Computation time per batch : 100, Training time : 17200
['0:17.94%', '1:9.92%', '2:8.12%', '3:7.74%', '4:12.65%', '5:22.47%', '6:7.65%', '7:3.97%', '8:8.69%', '9:0.85%']
Divergence : jsd 0.0780, tvd 0.2443
labels from the first batch :[8, 2, 0, 2, 5, 6, 3, 7, 2, 0, 1, 3, 4, 5, 5, 1, 5, 0, 0, 4, 0, 5, 4, 0, 0, 1, 7, 2, 5, 7, 9, 6]

Unique id : 67, dataset size : 700
Communication time : 100, Computation time per batch : 100, Training time : 11200
['0:29.29%', '1:11.29%', '2:7.71%', '3:1.00%', '4:22.43%', '5:0.00%', '6:1.00%', '7:22.00%', '8:0.00%', '9:5.29%']
Divergence : jsd 0.2322, tvd 0.4371
labels from the first batch :[7, 2, 1, 2, 4, 7, 0, 4, 7, 7, 9, 9, 0, 0, 0, 1, 1, 7, 7, 9, 7, 0, 1, 0, 7, 0, 9, 0, 7, 7, 7, 7]

Unique id : 68, dataset size : 423
Communication time : 100, Computation time per batch : 100, Training time : 7200
['0:1.42%', '1:28.37%', '2:16.78%', '3:12.77%', '4:15.60%', '5:3.55%', '6:10.40%', '7:3.78%', '8:5.20%', '9:2.13%']
Divergence : jsd 0.1111, tvd 0.3294
labels from the first batch :[1, 5, 6, 4, 1, 7, 1, 3, 4, 4, 3, 1, 5, 4, 4, 1, 1, 9, 1, 1, 4, 6, 0, 6, 3, 7, 2, 2, 2, 2, 3, 2]

Unique id : 69, dataset size : 765
Communication time : 100, Computation time per batch : 100, Training time : 12200
['0:5.75%', '1:19.87%', '2:36.08%', '3:0.13%', '4:2.48%', '5:8.89%', '6:0.65%', '7:6.01%', '8:5.23%', '9:14.90%']
Divergence : jsd 0.1809, tvd 0.3977
labels from the first batch :[0, 2, 9, 2, 8, 5, 2, 9, 8, 0, 1, 9, 7, 2, 9, 8, 5, 2, 2, 2, 2, 8, 2, 2, 2, 0, 9, 2, 2, 2, 7, 7]

Unique id : 70, dataset size : 332
Communication time : 100, Computation time per batch : 100, Training time : 5700
['0:8.43%', '1:8.43%', '2:0.60%', '3:14.16%', '4:7.23%', '5:2.11%', '6:0.30%', '7:30.72%', '8:28.01%', '9:0.00%']
Divergence : jsd 0.2197, tvd 0.4248
labels from the first batch :[7, 4, 3, 0, 6, 8, 3, 3, 7, 7, 7, 7, 8, 3, 7, 3, 0, 7, 8, 3, 7, 8, 3, 8, 8, 4, 3, 7, 7, 3, 8, 5]

Unique id : 71, dataset size : 737
Communication time : 100, Computation time per batch : 100, Training time : 12200
['0:0.41%', '1:0.54%', '2:2.44%', '3:6.11%', '4:6.51%', '5:0.00%', '6:54.14%', '7:13.70%', '8:8.41%', '9:7.73%']
Divergence : jsd 0.2754, tvd 0.4754
labels from the first batch :[2, 4, 6, 6, 6, 6, 6, 6, 8, 8, 8, 6, 9, 8, 6, 6, 7, 3, 3, 8, 7, 2, 6, 4, 6, 6, 6, 4, 6, 6, 6, 4]

Unique id : 72, dataset size : 343
Communication time : 100, Computation time per batch : 100, Training time : 5700
['0:0.29%', '1:9.33%', '2:1.75%', '3:28.28%', '4:9.91%', '5:16.03%', '6:26.53%', '7:4.37%', '8:0.29%', '9:3.21%']
Divergence : jsd 0.1952, tvd 0.4190
labels from the first batch :[2, 5, 4, 6, 3, 5, 6, 5, 5, 3, 4, 5, 1, 6, 1, 3, 4, 6, 6, 6, 3, 6, 5, 4, 4, 2, 3, 3, 6, 3, 5, 3]

Unique id : 73, dataset size : 1356
Communication time : 100, Computation time per batch : 100, Training time : 21700
['0:0.66%', '1:41.00%', '2:3.91%', '3:5.75%', '4:2.88%', '5:2.29%', '6:32.01%', '7:5.90%', '8:5.38%', '9:0.22%']
Divergence : jsd 0.2406, tvd 0.5191
labels from the first batch :[5, 1, 7, 1, 1, 1, 1, 6, 3, 6, 1, 1, 6, 6, 1, 6, 6, 6, 3, 6, 2, 6, 1, 1, 6, 1, 1, 6, 1, 1, 1, 5]

Unique id : 74, dataset size : 1157
Communication time : 100, Computation time per batch : 100, Training time : 18700
['0:22.21%', '1:30.25%', '2:0.17%', '3:12.01%', '4:4.06%', '5:2.25%', '6:8.04%', '7:0.52%', '8:2.51%', '9:17.98%']
Divergence : jsd 0.1848, tvd 0.4121
labels from the first batch :[9, 1, 1, 0, 4, 1, 1, 5, 4, 0, 0, 9, 9, 1, 9, 0, 6, 9, 0, 0, 6, 1, 9, 1, 1, 9, 1, 0, 0, 9, 0, 4]

Unique id : 75, dataset size : 845
Communication time : 100, Computation time per batch : 100, Training time : 13700
['0:26.86%', '1:4.26%', '2:2.60%', '3:0.00%', '4:0.12%', '5:1.78%', '6:5.21%', '7:2.96%', '8:41.66%', '9:14.56%']
Divergence : jsd 0.2740, tvd 0.5354
labels from the first batch :[8, 0, 8, 9, 9, 9, 0, 0, 8, 5, 8, 1, 0, 0, 6, 8, 6, 9, 8, 8, 9, 0, 8, 0, 9, 8, 1, 9, 9, 8, 8, 8]

Unique id : 76, dataset size : 546
Communication time : 100, Computation time per batch : 100, Training time : 9200
['0:19.60%', '1:37.18%', '2:0.18%', '3:6.41%', '4:13.92%', '5:0.00%', '6:0.18%', '7:2.38%', '8:10.07%', '9:10.07%']
Divergence : jsd 0.2230, tvd 0.4033
labels from the first batch :[4, 1, 8, 0, 9, 0, 4, 0, 1, 1, 4, 1, 4, 0, 1, 0, 1, 1, 4, 1, 7, 3, 4, 1, 1, 1, 4, 1, 3, 4, 3, 1]

Unique id : 77, dataset size : 1118
Communication time : 100, Computation time per batch : 100, Training time : 17700
['0:13.86%', '1:1.07%', '2:23.88%', '3:12.52%', '4:3.67%', '5:2.86%', '6:0.00%', '7:30.14%', '8:11.09%', '9:0.89%']
Divergence : jsd 0.1998, tvd 0.4129
labels from the first batch :[2, 2, 7, 7, 0, 3, 7, 7, 7, 2, 7, 5, 8, 2, 2, 8, 7, 8, 8, 8, 2, 7, 0, 2, 2, 2, 4, 2, 3, 0, 7, 8]

Unique id : 78, dataset size : 241
Communication time : 100, Computation time per batch : 100, Training time : 4200
['0:11.62%', '1:2.49%', '2:2.49%', '3:0.41%', '4:1.24%', '5:22.41%', '6:27.39%', '7:29.88%', '8:2.07%', '9:0.00%']
Divergence : jsd 0.2633, tvd 0.5207
labels from the first batch :[6, 7, 6, 6, 6, 0, 7, 0, 6, 7, 7, 5, 5, 7, 0, 0, 6, 5, 7, 5, 6, 2, 7, 6, 7, 6, 5, 5, 5, 5, 5, 7]

Unique id : 79, dataset size : 690
Communication time : 100, Computation time per batch : 100, Training time : 11200
['0:4.64%', '1:8.26%', '2:0.00%', '3:30.72%', '4:4.78%', '5:2.03%', '6:16.09%', '7:2.75%', '8:29.13%', '9:1.59%']
Divergence : jsd 0.2038, tvd 0.4611
labels from the first batch :[3, 6, 8, 8, 3, 3, 6, 1, 3, 1, 3, 8, 8, 1, 3, 8, 3, 9, 3, 6, 8, 6, 3, 8, 6, 3, 3, 0, 3, 5, 6, 6]

Unique id : 80, dataset size : 137
Communication time : 100, Computation time per batch : 100, Training time : 2700
['0:0.73%', '1:28.47%', '2:35.77%', '3:3.65%', '4:9.49%', '5:1.46%', '6:1.46%', '7:5.84%', '8:9.49%', '9:3.65%']
Divergence : jsd 0.1921, tvd 0.4307
labels from the first batch :[8, 1, 7, 9, 2, 2, 1, 1, 1, 1, 6, 4, 2, 2, 1, 2, 1, 2, 2, 7, 2, 6, 2, 3, 1, 2, 3, 8, 2, 2, 2, 2]

Unique id : 81, dataset size : 543
Communication time : 100, Computation time per batch : 100, Training time : 8700
['0:0.00%', '1:0.00%', '2:11.60%', '3:0.74%', '4:36.10%', '5:22.84%', '6:24.49%', '7:2.95%', '8:0.18%', '9:1.10%']
Divergence : jsd 0.3333, tvd 0.5646
labels from the first batch :[6, 5, 4, 4, 6, 5, 6, 2, 4, 4, 5, 4, 6, 6, 5, 4, 4, 6, 6, 6, 6, 6, 4, 6, 2, 6, 7, 6, 6, 4, 4, 4]

Unique id : 82, dataset size : 656
Communication time : 100, Computation time per batch : 100, Training time : 10700
['0:11.13%', '1:8.54%', '2:1.22%', '3:1.22%', '4:8.99%', '5:0.46%', '6:22.26%', '7:13.26%', '8:32.01%', '9:0.91%']
Divergence : jsd 0.1887, tvd 0.3873
labels from the first batch :[1, 6, 8, 8, 0, 4, 7, 3, 4, 0, 1, 4, 4, 0, 6, 0, 8, 0, 8, 7, 7, 7, 8, 2, 0, 0, 0, 8, 8, 1, 7, 8]

Unique id : 83, dataset size : 605
Communication time : 100, Computation time per batch : 100, Training time : 9700
['0:0.17%', '1:0.00%', '2:6.94%', '3:26.28%', '4:0.83%', '5:3.64%', '6:23.47%', '7:0.17%', '8:4.13%', '9:34.38%']
Divergence : jsd 0.2966, tvd 0.5414
labels from the first batch :[9, 3, 9, 6, 3, 3, 3, 3, 9, 3, 6, 6, 3, 9, 3, 3, 3, 9, 3, 6, 3, 6, 3, 2, 9, 3, 3, 9, 3, 9, 8, 2]

Unique id : 84, dataset size : 394
Communication time : 100, Computation time per batch : 100, Training time : 6700
['0:5.84%', '1:1.02%', '2:0.25%', '3:8.38%', '4:2.79%', '5:1.52%', '6:0.00%', '7:38.07%', '8:10.91%', '9:31.22%']
Divergence : jsd 0.2705, tvd 0.5009
labels from the first batch :[7, 9, 7, 4, 4, 9, 7, 9, 3, 8, 9, 9, 8, 3, 3, 7, 8, 9, 7, 9, 7, 8, 7, 8, 9, 8, 9, 8, 7, 7, 7, 4]

Unique id : 85, dataset size : 437
Communication time : 100, Computation time per batch : 100, Training time : 7200
['0:32.27%', '1:1.83%', '2:0.92%', '3:2.29%', '4:0.23%', '5:8.24%', '6:16.02%', '7:6.64%', '8:24.94%', '9:6.64%']
Divergence : jsd 0.2012, tvd 0.4374
labels from the first batch :[9, 8, 8, 7, 8, 0, 8, 6, 7, 0, 9, 6, 8, 8, 8, 8, 9, 9, 5, 9, 6, 0, 1, 0, 0, 7, 9, 0, 0, 8, 5, 8]

Unique id : 86, dataset size : 311
Communication time : 100, Computation time per batch : 100, Training time : 5200
['0:10.93%', '1:1.93%', '2:14.79%', '3:6.75%', '4:41.48%', '5:0.00%', '6:20.26%', '7:3.22%', '8:0.00%', '9:0.64%']
Divergence : jsd 0.2659, tvd 0.4806
labels from the first batch :[2, 2, 0, 4, 6, 4, 4, 0, 4, 0, 4, 2, 2, 4, 0, 4, 4, 3, 0, 7, 7, 7, 4, 3, 4, 4, 0, 4, 3, 0, 0, 4]

Unique id : 87, dataset size : 411
Communication time : 100, Computation time per batch : 100, Training time : 6700
['0:0.00%', '1:11.19%', '2:1.70%', '3:1.22%', '4:6.57%', '5:0.00%', '6:9.00%', '7:41.85%', '8:9.00%', '9:19.46%']
Divergence : jsd 0.2337, tvd 0.4096
labels from the first batch :[4, 7, 7, 9, 1, 7, 9, 6, 9, 7, 7, 4, 1, 7, 1, 7, 4, 7, 7, 7, 8, 7, 7, 7, 9, 7, 9, 1, 6, 7, 7, 1]

Unique id : 88, dataset size : 462
Communication time : 100, Computation time per batch : 100, Training time : 7700
['0:0.00%', '1:0.43%', '2:4.11%', '3:9.52%', '4:2.60%', '5:11.47%', '6:25.97%', '7:0.00%', '8:2.81%', '9:43.07%']
Divergence : jsd 0.2949, tvd 0.5171
labels from the first batch :[5, 5, 9, 6, 9, 6, 5, 9, 4, 9, 5, 6, 9, 5, 4, 5, 6, 6, 9, 4, 3, 3, 6, 9, 6, 3, 9, 6, 9, 9, 6, 3]

Unique id : 89, dataset size : 1274
Communication time : 100, Computation time per batch : 100, Training time : 20200
['0:7.93%', '1:11.46%', '2:35.16%', '3:0.08%', '4:0.00%', '5:3.38%', '6:28.57%', '7:6.28%', '8:1.41%', '9:5.73%']
Divergence : jsd 0.2287, tvd 0.4417
labels from the first batch :[2, 2, 2, 1, 2, 6, 7, 6, 2, 2, 6, 2, 6, 6, 9, 5, 6, 0, 6, 2, 7, 2, 2, 2, 0, 2, 2, 6, 2, 6, 9, 7]

Unique id : 90, dataset size : 419
Communication time : 100, Computation time per batch : 100, Training time : 7200
['0:1.91%', '1:2.63%', '2:1.67%', '3:6.68%', '4:0.72%', '5:43.20%', '6:5.73%', '7:0.00%', '8:28.64%', '9:8.83%']
Divergence : jsd 0.2808, tvd 0.5305
labels from the first batch :[3, 6, 0, 8, 5, 8, 0, 5, 5, 5, 9, 5, 8, 8, 5, 8, 3, 5, 5, 8, 3, 3, 6, 8, 6, 3, 5, 5, 5, 5, 2, 5]

Unique id : 91, dataset size : 903
Communication time : 100, Computation time per batch : 100, Training time : 14700
['0:1.44%', '1:2.66%', '2:13.95%', '3:7.53%', '4:9.97%', '5:2.21%', '6:0.11%', '7:28.90%', '8:23.59%', '9:9.63%']
Divergence : jsd 0.1653, tvd 0.3655
labels from the first batch :[8, 2, 9, 2, 7, 7, 7, 8, 4, 4, 2, 7, 8, 3, 2, 7, 1, 8, 8, 7, 8, 8, 2, 7, 7, 9, 7, 4, 8, 4, 3, 9]

Unique id : 92, dataset size : 300
Communication time : 100, Computation time per batch : 100, Training time : 5200
['0:0.00%', '1:0.33%', '2:14.00%', '3:21.33%', '4:11.67%', '5:5.33%', '6:2.67%', '7:4.00%', '8:34.00%', '9:6.67%']
Divergence : jsd 0.1976, tvd 0.4136
labels from the first batch :[8, 3, 8, 4, 4, 4, 8, 3, 8, 3, 6, 8, 4, 3, 8, 6, 2, 8, 8, 8, 2, 8, 8, 9, 5, 8, 3, 8, 3, 4, 5, 8]

Unique id : 93, dataset size : 382
Communication time : 100, Computation time per batch : 100, Training time : 6200
['0:4.97%', '1:30.10%', '2:11.26%', '3:7.33%', '4:15.45%', '5:10.73%', '6:0.79%', '7:0.79%', '8:13.87%', '9:4.71%']
Divergence : jsd 0.1235, tvd 0.3172
labels from the first batch :[0, 3, 4, 4, 1, 4, 4, 2, 2, 5, 4, 1, 4, 8, 7, 1, 8, 0, 1, 1, 2, 4, 4, 1, 1, 4, 2, 1, 1, 4, 1, 5]

Unique id : 94, dataset size : 357
Communication time : 100, Computation time per batch : 100, Training time : 6200
['0:0.84%', '1:1.40%', '2:24.09%', '3:0.00%', '4:7.00%', '5:2.24%', '6:10.36%', '7:8.68%', '8:40.90%', '9:4.48%']
Divergence : jsd 0.2367, tvd 0.4581
labels from the first batch :[0, 2, 2, 2, 8, 8, 9, 8, 8, 8, 2, 2, 8, 8, 2, 7, 2, 4, 2, 8, 2, 8, 8, 7, 9, 8, 2, 4, 4, 9, 8, 2]

Unique id : 95, dataset size : 491
Communication time : 100, Computation time per batch : 100, Training time : 8200
['0:32.18%', '1:4.68%', '2:19.14%', '3:1.83%', '4:8.96%', '5:3.46%', '6:0.20%', '7:25.05%', '8:3.46%', '9:1.02%']
Divergence : jsd 0.2053, tvd 0.4613
labels from the first batch :[2, 0, 0, 2, 2, 0, 1, 4, 4, 0, 5, 1, 2, 5, 7, 2, 7, 7, 0, 2, 4, 8, 4, 2, 7, 4, 1, 0, 7, 7, 0, 7]

Unique id : 96, dataset size : 1252
Communication time : 100, Computation time per batch : 100, Training time : 20200
['0:29.79%', '1:1.04%', '2:0.64%', '3:0.00%', '4:1.60%', '5:31.47%', '6:0.40%', '7:0.00%', '8:3.43%', '9:31.63%']
Divergence : jsd 0.3767, tvd 0.6407
labels from the first batch :[0, 9, 5, 5, 9, 0, 9, 9, 9, 5, 5, 0, 0, 0, 9, 0, 9, 9, 0, 5, 0, 0, 5, 9, 0, 5, 9, 5, 5, 9, 9, 9]

Unique id : 97, dataset size : 526
Communication time : 100, Computation time per batch : 100, Training time : 8700
['0:6.84%', '1:12.36%', '2:1.52%', '3:0.76%', '4:28.52%', '5:26.81%', '6:1.14%', '7:0.00%', '8:4.56%', '9:17.49%']
Divergence : jsd 0.2254, tvd 0.4525
labels from the first batch :[4, 4, 9, 4, 4, 4, 9, 0, 5, 1, 5, 5, 5, 9, 9, 4, 6, 0, 4, 9, 5, 5, 9, 1, 5, 4, 4, 5, 9, 8, 9, 9]

Unique id : 98, dataset size : 1222
Communication time : 100, Computation time per batch : 100, Training time : 19700
['0:50.90%', '1:4.83%', '2:3.52%', '3:4.50%', '4:2.45%', '5:12.85%', '6:4.91%', '7:1.15%', '8:3.27%', '9:11.62%']
Divergence : jsd 0.2075, tvd 0.4655
labels from the first batch :[5, 0, 0, 0, 0, 0, 0, 6, 7, 7, 5, 0, 0, 6, 0, 0, 0, 0, 5, 0, 1, 0, 0, 9, 5, 9, 0, 3, 8, 1, 5, 1]

Unique id : 99, dataset size : 793
Communication time : 100, Computation time per batch : 100, Training time : 12700
['0:7.19%', '1:9.71%', '2:9.71%', '3:38.71%', '4:2.27%', '5:20.93%', '6:0.38%', '7:1.89%', '8:6.56%', '9:2.65%']
Divergence : jsd 0.1828, tvd 0.4039
labels from the first batch :[2, 3, 0, 5, 8, 2, 0, 5, 5, 2, 9, 5, 5, 2, 3, 5, 1, 2, 1, 2, 3, 3, 5, 2, 5, 3, 3, 5, 2, 9, 2, 3]

